Starting optimization with 30 control variables...

Primal Dual Active Set Method

 Full-Space Newton Method
  iter  value          gnorm          cnorm          ecnorm         flowcnorm      flow_cfl       identity       icnorm         snorm          #linesear  iterPDAS   flagPDAS   iterGMRES  resiGMRES      flagGMRES  feasible   n_active_  n_vmult           dRdW_form         dRdW_mult         dRdX_mult         d2R_mult          
  0     3.709617e-02   2.299497e-01   
  iter  value          gnorm          cnorm          ecnorm         flowcnorm      flow_cfl       identity       icnorm         snorm          #linesear  iterPDAS   flagPDAS   iterGMRES  resiGMRES      flagGMRES  feasible   n_active_  n_vmult           dRdW_form         dRdW_mult         dRdX_mult         d2R_mult          
  1     2.479593e-02   1.882201e-01   1.495686e-03   1.495686e-03   8.527261e-09   6.230524e+09   5.287688e+00   0.000000e+00   1.829821e+01   1          1          0          132        8.083533e-11   0          YES       2          12538             18                3594              540               532               
  iter  value          gnorm          cnorm          ecnorm         flowcnorm      flow_cfl       identity       icnorm         snorm          #linesear  iterPDAS   flagPDAS   iterGMRES  resiGMRES      flagGMRES  feasible   n_active_  n_vmult           dRdW_form         dRdW_mult         dRdX_mult         d2R_mult          
  2     2.194369e-02   7.824872e-02   3.409695e-04   3.409695e-04   3.089298e-11   4.136786e+12   3.542679e+00   0.000000e+00   6.994071e+00   1          1          0          136        8.390077e-11   0          YES       2          23781             21                6869              1096              1080              
  iter  value          gnorm          cnorm          ecnorm         flowcnorm      flow_cfl       identity       icnorm         snorm          #linesear  iterPDAS   flagPDAS   iterGMRES  resiGMRES      flagGMRES  feasible   n_active_  n_vmult           dRdW_form         dRdW_mult         dRdX_mult         d2R_mult          
  3     1.918178e-02   3.198445e-02   1.682536e-04   1.682536e-04   1.856382e-10   1.684201e+12   6.122862e-01   0.000000e+00   3.908449e+00   1          1          0          134        6.125233e-11   0          YES       2          34900             24                10132             1644              1620              
  iter  value          gnorm          cnorm          ecnorm         flowcnorm      flow_cfl       identity       icnorm         snorm          #linesear  iterPDAS   flagPDAS   iterGMRES  resiGMRES      flagGMRES  feasible   n_active_  n_vmult           dRdW_form         dRdW_mult         dRdX_mult         d2R_mult          
  4     1.879499e-02   5.252164e-02   1.537618e-04   1.537618e-04   1.643802e-10   1.158277e+12   1.023005e-01   0.000000e+00   2.141719e+00   4          1          1          157        6.281879e-11   0          YES       2          47816             27                13904             2284              2252              
  iter  value          gnorm          cnorm          ecnorm         flowcnorm      flow_cfl       identity       icnorm         snorm          #linesear  iterPDAS   flagPDAS   iterGMRES  resiGMRES      flagGMRES  feasible   n_active_  n_vmult           dRdW_form         dRdW_mult         dRdX_mult         d2R_mult          
  5     1.863298e-02   3.562670e-02   1.357545e-03   1.348835e-04   1.439654e-10   1.949693e+12   2.758523e-01   1.222661e-03   8.776140e-01   4          1          1          143        8.512371e-11   0          NO        3          59654             30                17382             2868              2828              
  iter  value          gnorm          cnorm          ecnorm         flowcnorm      flow_cfl       identity       icnorm         snorm          #linesear  iterPDAS   flagPDAS   iterGMRES  resiGMRES      flagGMRES  feasible   n_active_  n_vmult           dRdW_form         dRdW_mult         dRdX_mult         d2R_mult          
  6     1.819716e-02   3.138387e-02   2.498366e-03   1.012857e-04   1.105295e-10   2.882806e+12   1.269262e-01   2.397080e-03   1.032503e+00   3          1          1          154        8.240741e-11   0          NO        4          72321             33                21073             3496              3448              
  iter  value          gnorm          cnorm          ecnorm         flowcnorm      flow_cfl       identity       icnorm         snorm          #linesear  iterPDAS   flagPDAS   iterGMRES  resiGMRES      flagGMRES  feasible   n_active_  n_vmult           dRdW_form         dRdW_mult         dRdX_mult         d2R_mult          
  7     1.796576e-02   3.444693e-02   3.843955e-03   8.759113e-05   9.757710e-11   2.975100e+12   9.849473e-02   3.756364e-03   5.734200e-01   4          1          1          161        7.696081e-11   0          NO        6          85492             36                24876             4152              4096              
  iter  value          gnorm          cnorm          ecnorm         flowcnorm      flow_cfl       identity       icnorm         snorm          #linesear  iterPDAS   flagPDAS   iterGMRES  resiGMRES      flagGMRES  feasible   n_active_  n_vmult           dRdW_form         dRdW_mult         dRdX_mult         d2R_mult          
  8     1.779270e-02   2.475483e-02   3.415387e-03   6.082222e-05   7.335703e-11   5.506787e+12   1.186591e-01   3.354565e-03   1.313718e+00   3          1          1          159        6.985323e-11   0          NO        7          98532             39                28660             4800              4736              
  iter  value          gnorm          cnorm          ecnorm         flowcnorm      flow_cfl       identity       icnorm         snorm          #linesear  iterPDAS   flagPDAS   iterGMRES  resiGMRES      flagGMRES  feasible   n_active_  n_vmult           dRdW_form         dRdW_mult         dRdX_mult         d2R_mult          
  9     1.774839e-02   2.603372e-02   3.808382e-03   5.688960e-05   6.878873e-11   5.584014e+12   6.128018e-02   3.751492e-03   5.837814e-01   5          1          1          168        7.942961e-11   0          NO        8          112221            42                32589             5484              5412              
  iter  value          gnorm          cnorm          ecnorm         flowcnorm      flow_cfl       identity       icnorm         snorm          #linesear  iterPDAS   flagPDAS   iterGMRES  resiGMRES      flagGMRES  feasible   n_active_  n_vmult           dRdW_form         dRdW_mult         dRdX_mult         d2R_mult          
  10    1.765231e-02   2.338071e-03   1.733998e-03   7.822208e-06   1.089403e-12   3.926031e+15   6.777546e-02   1.726176e-03   1.205493e+00   1          1          1          164        9.180191e-11   0          NO        7          125620            45                36452             6152              6072              
  iter  value          gnorm          cnorm          ecnorm         flowcnorm      flow_cfl       identity       icnorm         snorm          #linesear  iterPDAS   flagPDAS   iterGMRES  resiGMRES      flagGMRES  feasible   n_active_  n_vmult           dRdW_form         dRdW_mult         dRdX_mult         d2R_mult          
  11    1.762205e-02   9.341285e-03   3.207908e-03   7.394265e-06   9.997116e-13   1.070825e+15   5.466575e-04   3.200514e-03   5.828341e-01   5          1          1          211        6.913518e-11   0          NO        8          142598            48                41262             7008              6920              
  iter  value          gnorm          cnorm          ecnorm         flowcnorm      flow_cfl       identity       icnorm         snorm          #linesear  iterPDAS   flagPDAS   iterGMRES  resiGMRES      flagGMRES  feasible   n_active_  n_vmult           dRdW_form         dRdW_mult         dRdX_mult         d2R_mult          
  12    1.761677e-02   6.367972e-03   4.907674e-03   6.240047e-06   7.531874e-13   2.084951e+15   8.725961e-03   4.901434e-03   3.732176e-01   3          1          1          179        8.806396e-11   0          NO        9          157130            51                45418             7736              7640              
  iter  value          gnorm          cnorm          ecnorm         flowcnorm      flow_cfl       identity       icnorm         snorm          #linesear  iterPDAS   flagPDAS   iterGMRES  resiGMRES      flagGMRES  feasible   n_active_  n_vmult           dRdW_form         dRdW_mult         dRdX_mult         d2R_mult          
  13    1.760936e-02   4.002544e-03   3.712742e-03   4.675049e-06   5.344257e-13   4.674945e+15   4.055106e-03   3.708067e-03   2.073751e-01   3          1          1          195        8.764545e-11   0          NO        10         172871            54                49887             8528              8424              
  iter  value          gnorm          cnorm          ecnorm         flowcnorm      flow_cfl       identity       icnorm         snorm          #linesear  iterPDAS   flagPDAS   iterGMRES  resiGMRES      flagGMRES  feasible   n_active_  n_vmult           dRdW_form         dRdW_mult         dRdX_mult         d2R_mult          
  14    1.760485e-02   4.089436e-03   3.795029e-03   4.382144e-06   4.947819e-13   4.942229e+15   1.602036e-03   3.790647e-03   7.264055e-02   5          1          1          203        5.946803e-11   0          NO        12         189220            57                54516             9352              9240              
  iter  value          gnorm          cnorm          ecnorm         flowcnorm      flow_cfl       identity       icnorm         snorm          #linesear  iterPDAS   flagPDAS   iterGMRES  resiGMRES      flagGMRES  feasible   n_active_  n_vmult           dRdW_form         dRdW_mult         dRdX_mult         d2R_mult          
  15    1.759596e-02   1.398501e-02   1.394071e-02   3.303617e-06   3.703721e-13   1.930630e+15   1.672348e-03   1.393741e-02   8.549535e-02   3          1          1          209        5.528712e-11   0          NO        14         206046            60                59286             10200             10080             
  iter  value          gnorm          cnorm          ecnorm         flowcnorm      flow_cfl       identity       icnorm         snorm          #linesear  iterPDAS   flagPDAS   iterGMRES  resiGMRES      flagGMRES  feasible   n_active_  n_vmult           dRdW_form         dRdW_mult         dRdX_mult         d2R_mult          
  16    1.759985e-02   3.389690e-04   1.182205e-07   1.182205e-07   7.280169e-14   4.052272e+17   1.955804e-02   0.000000e+00   8.501375e-02   1          1          0          189        8.114085e-11   0          YES       11         221324            63                63628             10968             10840             
  iter  value          gnorm          cnorm          ecnorm         flowcnorm      flow_cfl       identity       icnorm         snorm          #linesear  iterPDAS   flagPDAS   iterGMRES  resiGMRES      flagGMRES  feasible   n_active_  n_vmult           dRdW_form         dRdW_mult         dRdX_mult         d2R_mult          
  17    1.758993e-02   4.340224e-02   4.282919e-02   6.272451e-08   7.601694e-14   3.030941e+15   1.000000e-04   4.282912e-02   4.237024e-01   5          1          1          210        6.023696e-11   0          NO        14         238191            66                68383             11820             11684             
  iter  value          gnorm          cnorm          ecnorm         flowcnorm      flow_cfl       identity       icnorm         snorm          #linesear  iterPDAS   flagPDAS   iterGMRES  resiGMRES      flagGMRES  feasible   n_active_  n_vmult           dRdW_form         dRdW_mult         dRdX_mult         d2R_mult          
  18    1.764173e-02   1.193954e-02   3.359417e-05   3.359417e-05   2.513113e-13   3.332733e+15   1.883754e-01   0.000000e+00   6.151104e-01   1          1          1          167        8.919374e-11   0          YES       12         251818            69                72306             12500             12356             
  iter  value          gnorm          cnorm          ecnorm         flowcnorm      flow_cfl       identity       icnorm         snorm          #linesear  iterPDAS   flagPDAS   iterGMRES  resiGMRES      flagGMRES  feasible   n_active_  n_vmult           dRdW_form         dRdW_mult         dRdX_mult         d2R_mult          
  19    1.758953e-02   6.034537e-04   3.191757e-05   3.191757e-05   2.877257e-13   5.759403e+16   1.425526e-02   0.000000e+00   4.958624e-01   1          1          1          187        8.975675e-11   0          YES       12         266958            72                76622             13260             13108             
  iter  value          gnorm          cnorm          ecnorm         flowcnorm      flow_cfl       identity       icnorm         snorm          #linesear  iterPDAS   flagPDAS   iterGMRES  resiGMRES      flagGMRES  feasible   n_active_  n_vmult           dRdW_form         dRdW_mult         dRdX_mult         d2R_mult          
  20    1.758744e-02   7.228825e-03   6.637097e-03   2.993150e-05   2.694813e-13   5.133383e+15   1.000000e-04   6.607165e-03   1.548559e-01   5          1          1          224        8.883995e-11   0          NO        13         284917            75                81685             14168             14008             
  iter  value          gnorm          cnorm          ecnorm         flowcnorm      flow_cfl       identity       icnorm         snorm          #linesear  iterPDAS   flagPDAS   iterGMRES  resiGMRES      flagGMRES  feasible   n_active_  n_vmult           dRdW_form         dRdW_mult         dRdX_mult         d2R_mult          
  21    1.759675e-02   6.432267e-04   5.590490e-07   5.590490e-07   9.007330e-14   1.725996e+17   5.225592e-03   0.000000e+00   1.552187e-01   1          1          1          194        6.785350e-11   0          YES       10         300589            78                86141             14956             14788             
  iter  value          gnorm          cnorm          ecnorm         flowcnorm      flow_cfl       identity       icnorm         snorm          #linesear  iterPDAS   flagPDAS   iterGMRES  resiGMRES      flagGMRES  feasible   n_active_  n_vmult           dRdW_form         dRdW_mult         dRdX_mult         d2R_mult          
  22    1.759468e-02   2.295910e-02   2.286076e-02   5.306673e-07   8.426950e-14   5.168622e+15   1.000000e-04   2.286023e-02   1.059304e-01   5          1          1          221        7.268484e-11   0          NO        13         318313            81                91137             15852             15676             
  iter  value          gnorm          cnorm          ecnorm         flowcnorm      flow_cfl       identity       icnorm         snorm          #linesear  iterPDAS   flagPDAS   iterGMRES  resiGMRES      flagGMRES  feasible   n_active_  n_vmult           dRdW_form         dRdW_mult         dRdX_mult         d2R_mult          
  23    1.759475e-02   2.589297e-03   1.694974e-06   1.694974e-06   2.161268e-13   1.786938e+16   5.271201e-02   0.000000e+00   1.831851e-01   1          1          1          175        7.311632e-11   0          YES       10         332555            84                95227             16564             16380             
  iter  value          gnorm          cnorm          ecnorm         flowcnorm      flow_cfl       identity       icnorm         snorm          #linesear  iterPDAS   flagPDAS   iterGMRES  resiGMRES      flagGMRES  feasible   n_active_  n_vmult           dRdW_form         dRdW_mult         dRdX_mult         d2R_mult          
  24    1.758893e-02   1.738545e-02   1.709929e-02   1.586154e-06   1.804701e-13   3.187195e+15   6.704460e-04   1.709770e-02   1.883953e-01   5          1          1          213        5.559220e-11   0          NO        15         349664            87                100056            17428             17236             
  iter  value          gnorm          cnorm          ecnorm         flowcnorm      flow_cfl       identity       icnorm         snorm          #linesear  iterPDAS   flagPDAS   iterGMRES  resiGMRES      flagGMRES  feasible   n_active_  n_vmult           dRdW_form         dRdW_mult         dRdX_mult         d2R_mult          
  25    1.760212e-02   6.529077e-03   2.008319e-05   2.008319e-05   9.434298e-13   1.623449e+15   3.022540e-02   0.000000e+00   4.931928e-01   1          1          1          186        8.550231e-11   0          YES       7          364721            90                104345            18184             17984             
  iter  value          gnorm          cnorm          ecnorm         flowcnorm      flow_cfl       identity       icnorm         snorm          #linesear  iterPDAS   flagPDAS   iterGMRES  resiGMRES      flagGMRES  feasible   n_active_  n_vmult           dRdW_form         dRdW_mult         dRdX_mult         d2R_mult          
  26    1.759622e-02   1.039525e-02   5.995426e-03   1.893645e-05   8.320448e-13   1.156161e+15   4.262884e-03   5.976490e-03   3.242364e-01   5          1          1          187        9.416590e-11   0          NO        10         379889            93                108689            18944             18736             
  iter  value          gnorm          cnorm          ecnorm         flowcnorm      flow_cfl       identity       icnorm         snorm          #linesear  iterPDAS   flagPDAS   iterGMRES  resiGMRES      flagGMRES  feasible   n_active_  n_vmult           dRdW_form         dRdW_mult         dRdX_mult         d2R_mult          
  27    1.760262e-02   1.970084e-03   1.774230e-03   1.155752e-05   8.687520e-13   5.842779e+15   1.080612e-02   1.762672e-03   3.223135e-01   1          1          1          188        7.332443e-11   0          NO        12         395126            96                113046            19708             19492             
  iter  value          gnorm          cnorm          ecnorm         flowcnorm      flow_cfl       identity       icnorm         snorm          #linesear  iterPDAS   flagPDAS   iterGMRES  resiGMRES      flagGMRES  feasible   n_active_  n_vmult           dRdW_form         dRdW_mult         dRdX_mult         d2R_mult          
  28    1.759746e-02   1.377913e-03   8.891941e-04   5.612078e-06   3.779164e-13   1.920359e+16   3.881231e-04   8.835820e-04   1.174677e-01   2          1          1          209        7.312591e-11   0          NO        13         411952            99                117816            20556             20332             
  iter  value          gnorm          cnorm          ecnorm         flowcnorm      flow_cfl       identity       icnorm         snorm          #linesear  iterPDAS   flagPDAS   iterGMRES  resiGMRES      flagGMRES  feasible   n_active_  n_vmult           dRdW_form         dRdW_mult         dRdX_mult         d2R_mult          
  29    1.759679e-02   1.786369e-03   1.459845e-03   4.902790e-06   3.263000e-13   1.715583e+16   1.898645e-04   1.454942e-03   2.068578e-02   4          1          1          196        8.643314e-11   0          NO        14         427769            102               122305            21352             21120             
  iter  value          gnorm          cnorm          ecnorm         flowcnorm      flow_cfl       identity       icnorm         snorm          #linesear  iterPDAS   flagPDAS   iterGMRES  resiGMRES      flagGMRES  feasible   n_active_  n_vmult           dRdW_form         dRdW_mult         dRdX_mult         d2R_mult          
  30    1.759256e-02   3.039411e-05   4.516094e-08   4.516094e-08   4.482073e-14   7.340601e+18   3.191114e-04   0.000000e+00   3.631401e-02   1          1          0          182        6.180773e-11   0          YES       12         442522            105               126514            22092             21852             
  iter  value          gnorm          cnorm          ecnorm         flowcnorm      flow_cfl       identity       icnorm         snorm          #linesear  iterPDAS   flagPDAS   iterGMRES  resiGMRES      flagGMRES  feasible   n_active_  n_vmult           dRdW_form         dRdW_mult         dRdX_mult         d2R_mult          
  31    1.759259e-02   2.076396e-05   2.437134e-08   2.437134e-08   1.898886e-14   2.536243e+19   1.000000e-04   0.000000e+00   1.929518e-02   1          1          0          173        7.143986e-11   0          YES       12         456584            108               130536            22796             22548             
  iter  value          gnorm          cnorm          ecnorm         flowcnorm      flow_cfl       identity       icnorm         snorm          #linesear  iterPDAS   flagPDAS   iterGMRES  resiGMRES      flagGMRES  feasible   n_active_  n_vmult           dRdW_form         dRdW_mult         dRdX_mult         d2R_mult          
  32    1.759199e-02   3.377037e-06   1.730287e-10   1.730287e-10   3.525626e-15   8.399008e+20   1.000000e-04   0.000000e+00   3.239273e-03   1          1          0          170        5.856931e-11   0          YES       12         470439            111               134519            23488             23232             
  iter  value          gnorm          cnorm          ecnorm         flowcnorm      flow_cfl       identity       icnorm         snorm          #linesear  iterPDAS   flagPDAS   iterGMRES  resiGMRES      flagGMRES  feasible   n_active_  n_vmult           dRdW_form         dRdW_mult         dRdX_mult         d2R_mult          
  33    1.759206e-02   1.132955e-06   1.088699e-11   1.088699e-11   1.113767e-15   7.924882e+21   1.000000e-04   0.000000e+00   6.813518e-04   1          1          0          166        8.311118e-11   0          YES       12         483976            114               138408            24164             23900             
  iter  value          gnorm          cnorm          ecnorm         flowcnorm      flow_cfl       identity       icnorm         snorm          #linesear  iterPDAS   flagPDAS   iterGMRES  resiGMRES      flagGMRES  feasible   n_active_  n_vmult           dRdW_form         dRdW_mult         dRdX_mult         d2R_mult          
  34    1.759203e-02   2.588353e-07   2.527138e-12   2.527138e-12   5.588015e-16   6.913833e+22   1.000000e-04   0.000000e+00   1.443549e-04   1          1          0          162        9.891992e-11   0          YES       12         497202            117               142210            24824             24552             
  iter  value          gnorm          cnorm          ecnorm         flowcnorm      flow_cfl       identity       icnorm         snorm          #linesear  iterPDAS   flagPDAS   iterGMRES  resiGMRES      flagGMRES  feasible   n_active_  n_vmult           dRdW_form         dRdW_mult         dRdX_mult         d2R_mult          
  35    1.759204e-02   7.218821e-08   2.996895e-12   2.996895e-12   4.005813e-16   3.458143e+23   1.000000e-04   0.000000e+00   3.779094e-05   1          1          0          158        9.049188e-11   0          YES       12         510110            120               145918            25468             25188             
Optimization Terminated with Status: Converged
The process took 453.3 seconds to run.
Total n_vmult for algorithm 510110
