Starting optimization with 20 control variables...

Primal Dual Active Set Method

 Full-Space Newton Method
  iter  value          gnorm          cnorm          ecnorm         flowcnorm      flow_cfl       identity       icnorm         snorm          #linesear  iterPDAS   flagPDAS   iterGMRES  resiGMRES      flagGMRES  feasible   n_active_  n_vmult           dRdW_form         dRdW_mult         dRdX_mult         d2R_mult          
  0     3.995257e-02   2.026138e-01   
  iter  value          gnorm          cnorm          ecnorm         flowcnorm      flow_cfl       identity       icnorm         snorm          #linesear  iterPDAS   flagPDAS   iterGMRES  resiGMRES      flagGMRES  feasible   n_active_  n_vmult           dRdW_form         dRdW_mult         dRdX_mult         d2R_mult          
  1     2.112592e-02   3.350075e-01   3.059195e-09   3.059195e-09   3.059195e-09   9.757494e+09   4.105234e+00   0.000000e+00   2.153862e+01   1          1          0          145        9.193248e-11   0          YES       1          14002             18                4330              592               584               
  iter  value          gnorm          cnorm          ecnorm         flowcnorm      flow_cfl       identity       icnorm         snorm          #linesear  iterPDAS   flagPDAS   iterGMRES  resiGMRES      flagGMRES  feasible   n_active_  n_vmult           dRdW_form         dRdW_mult         dRdX_mult         d2R_mult          
  2     2.097798e-02   1.255665e-01   2.883013e-09   2.883013e-09   2.883013e-09   2.762357e+10   1.122300e+01   0.000000e+00   1.214063e+01   1          1          1          156        6.241604e-11   0          YES       1          26891             21                8131              1228              1212              
  iter  value          gnorm          cnorm          ecnorm         flowcnorm      flow_cfl       identity       icnorm         snorm          #linesear  iterPDAS   flagPDAS   iterGMRES  resiGMRES      flagGMRES  feasible   n_active_  n_vmult           dRdW_form         dRdW_mult         dRdX_mult         d2R_mult          
  3     2.097722e-02   1.491749e-01   2.882494e-09   2.882494e-09   2.882494e-09   2.325604e+10   1.576693e+00   0.000000e+00   6.433029e+00   1          1          1          151        9.052202e-11   0          YES       2          39379             24                11811             1844              1820              
  iter  value          gnorm          cnorm          ecnorm         flowcnorm      flow_cfl       identity       icnorm         snorm          #linesear  iterPDAS   flagPDAS   iterGMRES  resiGMRES      flagGMRES  feasible   n_active_  n_vmult           dRdW_form         dRdW_mult         dRdX_mult         d2R_mult          
  4     2.148287e-02   7.093395e-02   2.885119e-10   2.885119e-10   2.885119e-10   4.886323e+11   2.225315e+00   0.000000e+00   6.159613e+00   1          1          0          149        9.704258e-11   0          YES       1          51701             27                15437             2452              2420              
  iter  value          gnorm          cnorm          ecnorm         flowcnorm      flow_cfl       identity       icnorm         snorm          #linesear  iterPDAS   flagPDAS   iterGMRES  resiGMRES      flagGMRES  feasible   n_active_  n_vmult           dRdW_form         dRdW_mult         dRdX_mult         d2R_mult          
  5     2.140821e-02   1.515399e-01   6.977415e-08   6.977415e-08   2.856569e-10   2.310086e+11   5.031625e-01   0.000000e+00   6.336585e+00   1          1          1          154        7.992371e-11   0          YES       2          64424             30                19184             3080              3040              
  iter  value          gnorm          cnorm          ecnorm         flowcnorm      flow_cfl       identity       icnorm         snorm          #linesear  iterPDAS   flagPDAS   iterGMRES  resiGMRES      flagGMRES  feasible   n_active_  n_vmult           dRdW_form         dRdW_mult         dRdX_mult         d2R_mult          
  6     2.066351e-02   4.823851e-02   2.761638e-12   2.761638e-12   2.761638e-12   7.506532e+13   2.296435e+00   0.000000e+00   5.818666e+00   1          1          0          147        8.270454e-11   0          YES       1          76601             33                22777             3680              3632              
  iter  value          gnorm          cnorm          ecnorm         flowcnorm      flow_cfl       identity       icnorm         snorm          #linesear  iterPDAS   flagPDAS   iterGMRES  resiGMRES      flagGMRES  feasible   n_active_  n_vmult           dRdW_form         dRdW_mult         dRdX_mult         d2R_mult          
  7     2.065812e-02   1.480613e-01   2.759716e-12   2.759716e-12   2.759716e-12   2.447339e+13   2.326953e-01   0.000000e+00   6.797785e+00   1          1          1          153        7.014844e-11   0          YES       2          89227             36                26483             4304              4248              
  iter  value          gnorm          cnorm          ecnorm         flowcnorm      flow_cfl       identity       icnorm         snorm          #linesear  iterPDAS   flagPDAS   iterGMRES  resiGMRES      flagGMRES  feasible   n_active_  n_vmult           dRdW_form         dRdW_mult         dRdX_mult         d2R_mult          
  8     2.024029e-02   3.135855e-02   1.428638e-05   1.428638e-05   3.368066e-13   9.468114e+14   2.192214e+00   0.000000e+00   6.762592e+00   1          1          0          147        9.722695e-11   0          YES       2          101411            39                30083             4904              4840              
  iter  value          gnorm          cnorm          ecnorm         flowcnorm      flow_cfl       identity       icnorm         snorm          #linesear  iterPDAS   flagPDAS   iterGMRES  resiGMRES      flagGMRES  feasible   n_active_  n_vmult           dRdW_form         dRdW_mult         dRdX_mult         d2R_mult          
  9     2.016191e-02   7.331747e-02   1.445970e-05   1.445970e-05   3.318504e-13   4.110080e+14   9.833586e-02   0.000000e+00   2.530998e+00   1          1          1          150        9.843232e-11   0          YES       3          113816            42                33736             5516              5444              
  iter  value          gnorm          cnorm          ecnorm         flowcnorm      flow_cfl       identity       icnorm         snorm          #linesear  iterPDAS   flagPDAS   iterGMRES  resiGMRES      flagGMRES  feasible   n_active_  n_vmult           dRdW_form         dRdW_mult         dRdX_mult         d2R_mult          
  10    1.993964e-02   2.966864e-02   2.378483e-05   2.378483e-05   2.836126e-13   1.188439e+15   5.375451e-01   0.000000e+00   1.667624e+00   1          1          1          143        8.356041e-11   0          YES       4          125689            45                37249             6100              6020              
  iter  value          gnorm          cnorm          ecnorm         flowcnorm      flow_cfl       identity       icnorm         snorm          #linesear  iterPDAS   flagPDAS   iterGMRES  resiGMRES      flagGMRES  feasible   n_active_  n_vmult           dRdW_form         dRdW_mult         dRdX_mult         d2R_mult          
  11    1.963068e-02   1.818904e-02   5.205138e-05   5.205138e-05   3.472100e-13   1.583427e+15   8.802282e-02   0.000000e+00   1.230038e+00   1          1          1          156        8.663327e-11   0          YES       5          138543            48                41015             6736              6648              
  iter  value          gnorm          cnorm          ecnorm         flowcnorm      flow_cfl       identity       icnorm         snorm          #linesear  iterPDAS   flagPDAS   iterGMRES  resiGMRES      flagGMRES  feasible   n_active_  n_vmult           dRdW_form         dRdW_mult         dRdX_mult         d2R_mult          
  12    1.963013e-02   3.402908e-02   5.201347e-05   5.201347e-05   3.469591e-13   8.469768e+14   3.308410e-02   0.000000e+00   1.562543e+00   1          1          1          176        9.140265e-11   0          YES       6          152924            51                45188             7452              7356              
  iter  value          gnorm          cnorm          ecnorm         flowcnorm      flow_cfl       identity       icnorm         snorm          #linesear  iterPDAS   flagPDAS   iterGMRES  resiGMRES      flagGMRES  feasible   n_active_  n_vmult           dRdW_form         dRdW_mult         dRdX_mult         d2R_mult          
  13    1.960466e-02   1.291564e-02   4.653360e-05   4.653360e-05   3.088235e-13   2.507111e+15   1.157978e-01   0.000000e+00   1.342105e+00   1          1          1          153        9.833879e-11   0          YES       7          165564            54                48908             8076              7972              
  iter  value          gnorm          cnorm          ecnorm         flowcnorm      flow_cfl       identity       icnorm         snorm          #linesear  iterPDAS   flagPDAS   iterGMRES  resiGMRES      flagGMRES  feasible   n_active_  n_vmult           dRdW_form         dRdW_mult         dRdX_mult         d2R_mult          
  14    1.938175e-02   2.355162e-02   3.524866e-05   3.524866e-05   3.560176e-13   1.192636e+15   1.668138e-02   0.000000e+00   1.292119e+00   1          1          1          188        9.381674e-11   0          YES       7          180857            57                53321             8840              8728              
  iter  value          gnorm          cnorm          ecnorm         flowcnorm      flow_cfl       identity       icnorm         snorm          #linesear  iterPDAS   flagPDAS   iterGMRES  resiGMRES      flagGMRES  feasible   n_active_  n_vmult           dRdW_form         dRdW_mult         dRdX_mult         d2R_mult          
  15    1.934831e-02   9.586361e-03   2.814046e-05   2.814046e-05   2.845572e-13   3.665867e+15   5.546787e-02   0.000000e+00   6.715212e-01   1          1          1          168        9.668493e-11   0          YES       8          194630            60                57334             9524              9404              
  iter  value          gnorm          cnorm          ecnorm         flowcnorm      flow_cfl       identity       icnorm         snorm          #linesear  iterPDAS   flagPDAS   iterGMRES  resiGMRES      flagGMRES  feasible   n_active_  n_vmult           dRdW_form         dRdW_mult         dRdX_mult         d2R_mult          
  16    1.932669e-02   8.740575e-03   2.157251e-05   2.157251e-05   1.869539e-13   6.119635e+15   9.189832e-03   0.000000e+00   4.462626e-01   1          1          1          193        9.887519e-11   0          YES       9          210345            63                61889             10308             10180             
  iter  value          gnorm          cnorm          ecnorm         flowcnorm      flow_cfl       identity       icnorm         snorm          #linesear  iterPDAS   flagPDAS   iterGMRES  resiGMRES      flagGMRES  feasible   n_active_  n_vmult           dRdW_form         dRdW_mult         dRdX_mult         d2R_mult          
  17    1.930094e-02   1.972938e-02   1.244730e-14   1.244730e-14   1.244730e-14   4.072035e+16   7.639766e-03   0.000000e+00   2.584770e-01   1          1          0          191        9.767286e-11   0          YES       8          225880            66                66376             11084             10948             
  iter  value          gnorm          cnorm          ecnorm         flowcnorm      flow_cfl       identity       icnorm         snorm          #linesear  iterPDAS   flagPDAS   iterGMRES  resiGMRES      flagGMRES  feasible   n_active_  n_vmult           dRdW_form         dRdW_mult         dRdX_mult         d2R_mult          
  18    1.930089e-02   9.755733e-02   1.244609e-14   1.244609e-14   1.244609e-14   8.235826e+15   3.892485e-02   0.000000e+00   5.622645e+00   1          1          1          180        9.876891e-11   0          YES       6          240544            69                70608             11816             11672             
  iter  value          gnorm          cnorm          ecnorm         flowcnorm      flow_cfl       identity       icnorm         snorm          #linesear  iterPDAS   flagPDAS   iterGMRES  resiGMRES      flagGMRES  feasible   n_active_  n_vmult           dRdW_form         dRdW_mult         dRdX_mult         d2R_mult          
  19    1.930089e-02   1.278043e-02   1.244609e-14   1.244609e-14   1.244609e-14   6.286685e+16   9.517432e-01   0.000000e+00   4.809442e+00   1          1          1          151        7.644757e-11   0          YES       9          253018            72                74274             12432             12280             
  iter  value          gnorm          cnorm          ecnorm         flowcnorm      flow_cfl       identity       icnorm         snorm          #linesear  iterPDAS   flagPDAS   iterGMRES  resiGMRES      flagGMRES  feasible   n_active_  n_vmult           dRdW_form         dRdW_mult         dRdX_mult         d2R_mult          
  20    1.930049e-02   1.395912e-03   6.607343e-10   6.607343e-10   1.178388e-14   6.079301e+17   1.633393e-02   0.000000e+00   9.071458e-01   1          1          1          184        9.069977e-11   0          YES       10         268000            75                78600             13180             13020             
  iter  value          gnorm          cnorm          ecnorm         flowcnorm      flow_cfl       identity       icnorm         snorm          #linesear  iterPDAS   flagPDAS   iterGMRES  resiGMRES      flagGMRES  feasible   n_active_  n_vmult           dRdW_form         dRdW_mult         dRdX_mult         d2R_mult          
  21    1.929977e-02   9.013590e-03   5.817926e-10   5.817926e-10   1.176451e-14   9.430362e+16   1.948569e-04   0.000000e+00   6.057039e-01   1          1          1          200        9.478358e-11   0          YES       11         284212            78                83260             13992             13824             
  iter  value          gnorm          cnorm          ecnorm         flowcnorm      flow_cfl       identity       icnorm         snorm          #linesear  iterPDAS   flagPDAS   iterGMRES  resiGMRES      flagGMRES  feasible   n_active_  n_vmult           dRdW_form         dRdW_mult         dRdX_mult         d2R_mult          
  22    1.929978e-02   1.507374e-03   1.119959e-08   1.119959e-08   9.825594e-15   6.751811e+17   8.124480e-03   0.000000e+00   5.753907e-01   1          1          1          173        9.724268e-11   0          YES       12         298365            81                87373             14696             14520             
  iter  value          gnorm          cnorm          ecnorm         flowcnorm      flow_cfl       identity       icnorm         snorm          #linesear  iterPDAS   flagPDAS   iterGMRES  resiGMRES      flagGMRES  feasible   n_active_  n_vmult           dRdW_form         dRdW_mult         dRdX_mult         d2R_mult          
  23    1.929990e-02   1.402770e-03   1.385573e-08   1.385573e-08   8.539213e-15   8.348255e+17   2.272175e-04   0.000000e+00   1.116295e-02   1          1          1          160        9.858642e-11   0          YES       12         311523            84                91219             15348             15164             
  iter  value          gnorm          cnorm          ecnorm         flowcnorm      flow_cfl       identity       icnorm         snorm          #linesear  iterPDAS   flagPDAS   iterGMRES  resiGMRES      flagGMRES  feasible   n_active_  n_vmult           dRdW_form         dRdW_mult         dRdX_mult         d2R_mult          
  24    1.930099e-02   1.472895e-06   2.623043e-07   2.623043e-07   3.428044e-16   1.980531e+22   1.967764e-04   0.000000e+00   3.447427e-02   1          1          0          156        8.114427e-11   0          YES       12         324370            87                94978             15984             15792             
Optimization Terminated with Status: Converged
The process took 576.509 seconds to run.
Total n_vmult for algorithm 324370
