Starting optimization with 10 control variables...

Primal Dual Active Set Method

 Full-Space Newton Method
  iter  value          gnorm          cnorm          ecnorm         flowcnorm      flow_cfl       identity       icnorm         snorm          #linesear  iterPDAS   flagPDAS   iterGMRES  resiGMRES      flagGMRES  feasible   n_active_  n_vmult           dRdW_form         dRdW_mult         dRdX_mult         d2R_mult          
  0     2.791026e-02   1.478358e-01   
  iter  value          gnorm          cnorm          ecnorm         flowcnorm      flow_cfl       identity       icnorm         snorm          #linesear  iterPDAS   flagPDAS   iterGMRES  resiGMRES      flagGMRES  feasible   n_active_  n_vmult           dRdW_form         dRdW_mult         dRdX_mult         d2R_mult          
  1     9.420306e-03   4.319018e-01   5.199974e-09   5.199974e-09   5.199974e-09   4.452601e+09   2.185542e+00   0.000000e+00   3.265623e+01   1          1          0          168        8.917459e-11   0          YES       1          18968             23                5308              684               676               
  iter  value          gnorm          cnorm          ecnorm         flowcnorm      flow_cfl       identity       icnorm         snorm          #linesear  iterPDAS   flagPDAS   iterGMRES  resiGMRES      flagGMRES  feasible   n_active_  n_vmult           dRdW_form         dRdW_mult         dRdX_mult         d2R_mult          
  2     9.451685e-03   1.708280e-01   5.090934e-09   5.090934e-09   5.090934e-09   1.149856e+10   1.865392e+01   0.000000e+00   1.928244e+01   1          1          1          191        9.951931e-11   0          YES       0          34852             26                9844              1460              1444              
  iter  value          gnorm          cnorm          ecnorm         flowcnorm      flow_cfl       identity       icnorm         snorm          #linesear  iterPDAS   flagPDAS   iterGMRES  resiGMRES      flagGMRES  feasible   n_active_  n_vmult           dRdW_form         dRdW_mult         dRdX_mult         d2R_mult          
  3     9.451718e-03   1.678618e-01   5.090841e-09   5.090841e-09   5.090841e-09   1.170196e+10   2.918221e+00   0.000000e+00   7.579856e+00   1          1          1          179        8.653779e-11   0          YES       1          49817             29                14133             2188              2164              
  iter  value          gnorm          cnorm          ecnorm         flowcnorm      flow_cfl       identity       icnorm         snorm          #linesear  iterPDAS   flagPDAS   iterGMRES  resiGMRES      flagGMRES  feasible   n_active_  n_vmult           dRdW_form         dRdW_mult         dRdX_mult         d2R_mult          
  4     9.451775e-03   1.196445e-01   5.090739e-09   5.090739e-09   5.090739e-09   1.641823e+10   2.817757e+00   0.000000e+00   6.067909e+00   1          1          1          166        8.805167e-11   0          YES       2          63794             32                18162             2864              2832              
  iter  value          gnorm          cnorm          ecnorm         flowcnorm      flow_cfl       identity       icnorm         snorm          #linesear  iterPDAS   flagPDAS   iterGMRES  resiGMRES      flagGMRES  feasible   n_active_  n_vmult           dRdW_form         dRdW_mult         dRdX_mult         d2R_mult          
  5     1.246658e-02   3.384216e-02   1.136004e-09   1.136004e-09   1.136004e-09   2.601130e+11   1.431482e+00   0.000000e+00   3.683988e+00   1          1          0          176        9.239408e-11   0          YES       1          78531             35                22391             3580              3540              
  iter  value          gnorm          cnorm          ecnorm         flowcnorm      flow_cfl       identity       icnorm         snorm          #linesear  iterPDAS   flagPDAS   iterGMRES  resiGMRES      flagGMRES  feasible   n_active_  n_vmult           dRdW_form         dRdW_mult         dRdX_mult         d2R_mult          
  6     1.245885e-02   3.432826e-01   1.134157e-09   1.134157e-09   1.134157e-09   2.568473e+10   1.145292e-01   0.000000e+00   2.197181e+01   1          1          1          199        9.143135e-11   0          YES       1          95016             38                27080             4388              4340              
  iter  value          gnorm          cnorm          ecnorm         flowcnorm      flow_cfl       identity       icnorm         snorm          #linesear  iterPDAS   flagPDAS   iterGMRES  resiGMRES      flagGMRES  feasible   n_active_  n_vmult           dRdW_form         dRdW_mult         dRdX_mult         d2R_mult          
  7     1.245885e-02   5.290622e-02   1.134156e-09   1.134156e-09   1.134156e-09   1.666558e+11   1.178430e+01   0.000000e+00   2.259752e+01   1          1          1          191        9.222663e-11   0          YES       1          110900            41                31616             5164              5108              
  iter  value          gnorm          cnorm          ecnorm         flowcnorm      flow_cfl       identity       icnorm         snorm          #linesear  iterPDAS   flagPDAS   iterGMRES  resiGMRES      flagGMRES  feasible   n_active_  n_vmult           dRdW_form         dRdW_mult         dRdX_mult         d2R_mult          
  8     1.245885e-02   9.846334e-02   1.134156e-09   1.134156e-09   1.134156e-09   8.954733e+10   2.799068e-01   0.000000e+00   6.485284e+00   1          1          1          167        9.588923e-11   0          YES       2          124960            44                35672             5844              5780              
  iter  value          gnorm          cnorm          ecnorm         flowcnorm      flow_cfl       identity       icnorm         snorm          #linesear  iterPDAS   flagPDAS   iterGMRES  resiGMRES      flagGMRES  feasible   n_active_  n_vmult           dRdW_form         dRdW_mult         dRdX_mult         d2R_mult          
  9     1.102657e-02   1.294239e-02   1.409566e-04   1.409566e-04   1.717221e-11   4.499447e+13   9.695029e-01   0.000000e+00   3.851927e+00   1          1          0          169        9.702214e-11   0          YES       2          139186            47                39782             6532              6460              
  iter  value          gnorm          cnorm          ecnorm         flowcnorm      flow_cfl       identity       icnorm         snorm          #linesear  iterPDAS   flagPDAS   iterGMRES  resiGMRES      flagGMRES  feasible   n_active_  n_vmult           dRdW_form         dRdW_mult         dRdX_mult         d2R_mult          
  10    1.083208e-02   1.287303e-01   1.484780e-04   1.484780e-04   1.340558e-11   5.794734e+12   1.675056e-02   0.000000e+00   6.143923e+00   1          1          1          193        8.727051e-11   0          YES       3          155215            50                44351             7316              7236              
  iter  value          gnorm          cnorm          ecnorm         flowcnorm      flow_cfl       identity       icnorm         snorm          #linesear  iterPDAS   flagPDAS   iterGMRES  resiGMRES      flagGMRES  feasible   n_active_  n_vmult           dRdW_form         dRdW_mult         dRdX_mult         d2R_mult          
  11    1.092588e-02   7.039048e-03   3.228980e-05   3.228980e-05   2.660705e-13   5.339362e+15   1.657150e+00   0.000000e+00   4.437769e+00   1          1          0          174        7.808928e-11   0          YES       3          169800            53                48540             8024              7936              
  iter  value          gnorm          cnorm          ecnorm         flowcnorm      flow_cfl       identity       icnorm         snorm          #linesear  iterPDAS   flagPDAS   iterGMRES  resiGMRES      flagGMRES  feasible   n_active_  n_vmult           dRdW_form         dRdW_mult         dRdX_mult         d2R_mult          
  12    1.088296e-02   1.102543e-01   2.894266e-05   2.894266e-05   2.571120e-13   3.527623e+14   4.954820e-03   0.000000e+00   3.687732e+00   1          1          1          185        8.588378e-11   0          YES       4          185270            56                52998             8776              8680              
  iter  value          gnorm          cnorm          ecnorm         flowcnorm      flow_cfl       identity       icnorm         snorm          #linesear  iterPDAS   flagPDAS   iterGMRES  resiGMRES      flagGMRES  feasible   n_active_  n_vmult           dRdW_form         dRdW_mult         dRdX_mult         d2R_mult          
  13    1.085294e-02   5.227100e-03   1.299555e-06   1.299555e-06   1.147756e-13   1.666823e+16   1.215601e+00   0.000000e+00   3.452451e+00   1          1          0          176        8.027205e-11   0          YES       4          199993            59                57213             9492              9388              
  iter  value          gnorm          cnorm          ecnorm         flowcnorm      flow_cfl       identity       icnorm         snorm          #linesear  iterPDAS   flagPDAS   iterGMRES  resiGMRES      flagGMRES  feasible   n_active_  n_vmult           dRdW_form         dRdW_mult         dRdX_mult         d2R_mult          
  14    1.080006e-02   3.126598e-02   2.085044e-05   2.085044e-05   1.424695e-13   2.244947e+15   2.732257e-03   0.000000e+00   2.134072e+00   1          1          1          175        8.126372e-11   0          YES       5          214675            62                61443             10204             10092             
  iter  value          gnorm          cnorm          ecnorm         flowcnorm      flow_cfl       identity       icnorm         snorm          #linesear  iterPDAS   flagPDAS   iterGMRES  resiGMRES      flagGMRES  feasible   n_active_  n_vmult           dRdW_form         dRdW_mult         dRdX_mult         d2R_mult          
  15    1.080679e-02   1.508918e-03   2.367884e-05   2.367884e-05   4.314933e-14   1.535891e+17   9.775614e-02   0.000000e+00   2.267563e+00   1          1          0          175        8.877524e-11   0          YES       5          229322            65                65638             10916             10796             
  iter  value          gnorm          cnorm          ecnorm         flowcnorm      flow_cfl       identity       icnorm         snorm          #linesear  iterPDAS   flagPDAS   iterGMRES  resiGMRES      flagGMRES  feasible   n_active_  n_vmult           dRdW_form         dRdW_mult         dRdX_mult         d2R_mult          
  16    1.079976e-02   8.725671e-03   2.003657e-05   2.003657e-05   6.421402e-14   1.784725e+16   2.276833e-04   0.000000e+00   1.123705e+00   2          1          1          166        8.682633e-11   0          YES       4          243313            68                69681             11592             11464             
  iter  value          gnorm          cnorm          ecnorm         flowcnorm      flow_cfl       identity       icnorm         snorm          #linesear  iterPDAS   flagPDAS   iterGMRES  resiGMRES      flagGMRES  feasible   n_active_  n_vmult           dRdW_form         dRdW_mult         dRdX_mult         d2R_mult          
  17    1.079222e-02   3.452883e-03   1.427475e-05   1.427475e-05   6.171577e-14   4.692692e+16   7.613734e-03   0.000000e+00   2.884243e-01   1          1          1          180        7.450416e-11   0          YES       5          258361            71                73997             12324             12188             
  iter  value          gnorm          cnorm          ecnorm         flowcnorm      flow_cfl       identity       icnorm         snorm          #linesear  iterPDAS   flagPDAS   iterGMRES  resiGMRES      flagGMRES  feasible   n_active_  n_vmult           dRdW_form         dRdW_mult         dRdX_mult         d2R_mult          
  18    1.079034e-02   3.560968e-03   1.097531e-05   1.097531e-05   5.772485e-14   4.864847e+16   1.192240e-03   0.000000e+00   1.714493e-01   1          1          1          168        9.601790e-11   0          YES       6          272497            74                78073             13008             12864             
  iter  value          gnorm          cnorm          ecnorm         flowcnorm      flow_cfl       identity       icnorm         snorm          #linesear  iterPDAS   flagPDAS   iterGMRES  resiGMRES      flagGMRES  feasible   n_active_  n_vmult           dRdW_form         dRdW_mult         dRdX_mult         d2R_mult          
  19    1.078271e-02   1.358044e-05   6.616314e-07   6.616314e-07   2.761531e-15   2.666467e+20   1.268049e-03   0.000000e+00   1.814688e-01   1          1          0          160        8.726414e-11   0          YES       6          286011            77                81975             13660             13508             
  iter  value          gnorm          cnorm          ecnorm         flowcnorm      flow_cfl       identity       icnorm         snorm          #linesear  iterPDAS   flagPDAS   iterGMRES  resiGMRES      flagGMRES  feasible   n_active_  n_vmult           dRdW_form         dRdW_mult         dRdX_mult         d2R_mult          
  20    1.078273e-02   6.288089e-07   4.482452e-09   4.482452e-09   3.420777e-16   4.648968e+22   1.844283e-08   0.000000e+00   6.864840e-03   1          1          0          144        8.083464e-11   0          YES       6          298337            80                85585             14248             14088             
Optimization Terminated with Status: Converged
The process took 686.85 seconds to run.
Total n_vmult for algorithm 298337
