Starting optimization with 10 control variables...

Primal Dual Active Set Method

 Full-Space Newton Method
  iter  value          gnorm          cnorm          ecnorm         flowcnorm      flow_cfl       identity       icnorm         snorm          #linesear  iterPDAS   flagPDAS   iterGMRES  resiGMRES      flagGMRES  feasible   n_active_  n_vmult           dRdW_form         dRdW_mult         dRdX_mult         d2R_mult          
  0     9.531779e-02   1.811535e-01   
  iter  value          gnorm          cnorm          ecnorm         flowcnorm      flow_cfl       identity       icnorm         snorm          #linesear  iterPDAS   flagPDAS   iterGMRES  resiGMRES      flagGMRES  feasible   n_active_  n_vmult           dRdW_form         dRdW_mult         dRdX_mult         d2R_mult          
  1     8.565489e-02   2.572359e+00   1.964523e-11   1.964523e-11   1.964523e-11   1.978843e+11   3.281659e+00   0.000000e+00   4.230127e+01   1          1          1          84         7.552958e-11   0          YES       2          7068              11                2032              348               340               
  iter  value          gnorm          cnorm          ecnorm         flowcnorm      flow_cfl       identity       icnorm         snorm          #linesear  iterPDAS   flagPDAS   iterGMRES  resiGMRES      flagGMRES  feasible   n_active_  n_vmult           dRdW_form         dRdW_mult         dRdX_mult         d2R_mult          
  2     8.564719e-02   2.125721e-01   1.022680e-11   1.022680e-11   1.022680e-11   4.599962e+12   6.617032e+02   0.000000e+00   4.112391e+01   1          1          1          98         5.531847e-11   0          YES       2          14907             14                4211              752               736               
  iter  value          gnorm          cnorm          ecnorm         flowcnorm      flow_cfl       identity       icnorm         snorm          #linesear  iterPDAS   flagPDAS   iterGMRES  resiGMRES      flagGMRES  feasible   n_active_  n_vmult           dRdW_form         dRdW_mult         dRdX_mult         d2R_mult          
  3     8.556338e-02   1.780330e-01   2.486943e-08   2.486943e-08   1.007908e-11   5.572865e+12   4.518688e+00   0.000000e+00   1.976906e-01   1          1          1          72         8.580080e-11   0          YES       3          20770             17                5870              1052              1028              
  iter  value          gnorm          cnorm          ecnorm         flowcnorm      flow_cfl       identity       icnorm         snorm          #linesear  iterPDAS   flagPDAS   iterGMRES  resiGMRES      flagGMRES  feasible   n_active_  n_vmult           dRdW_form         dRdW_mult         dRdX_mult         d2R_mult          
  4     8.019314e-02   1.134020e-01   1.598070e-04   1.598070e-04   4.875507e-12   1.808671e+13   3.169577e+00   0.000000e+00   1.057496e+00   1          1          1          85         8.287301e-11   0          YES       2          27614             20                7782              1404              1372              
  iter  value          gnorm          cnorm          ecnorm         flowcnorm      flow_cfl       identity       icnorm         snorm          #linesear  iterPDAS   flagPDAS   iterGMRES  resiGMRES      flagGMRES  feasible   n_active_  n_vmult           dRdW_form         dRdW_mult         dRdX_mult         d2R_mult          
  5     7.811800e-02   4.252517e-02   1.951449e-12   1.951449e-12   1.951449e-12   1.205027e+14   1.286000e+00   0.000000e+00   1.027093e+00   1          1          0          66         6.703950e-11   0          YES       2          33007             23                9307              1680              1640              
  iter  value          gnorm          cnorm          ecnorm         flowcnorm      flow_cfl       identity       icnorm         snorm          #linesear  iterPDAS   flagPDAS   iterGMRES  resiGMRES      flagGMRES  feasible   n_active_  n_vmult           dRdW_form         dRdW_mult         dRdX_mult         d2R_mult          
  6     7.741771e-02   2.558595e-02   1.417313e-12   1.417313e-12   1.417313e-12   2.757609e+14   1.808390e-01   0.000000e+00   2.220230e-01   1          1          1          67         8.470455e-11   0          YES       2          38476             26                10852             1960              1912              
  iter  value          gnorm          cnorm          ecnorm         flowcnorm      flow_cfl       identity       icnorm         snorm          #linesear  iterPDAS   flagPDAS   iterGMRES  resiGMRES      flagGMRES  feasible   n_active_  n_vmult           dRdW_form         dRdW_mult         dRdX_mult         d2R_mult          
  7     7.729858e-02   2.620236e-02   1.340497e-12   1.340497e-12   1.340497e-12   2.847042e+14   6.546410e-02   0.000000e+00   1.526336e-01   1          1          1          73         9.290603e-11   0          YES       3          44401             29                12517             2264              2208              
  iter  value          gnorm          cnorm          ecnorm         flowcnorm      flow_cfl       identity       icnorm         snorm          #linesear  iterPDAS   flagPDAS   iterGMRES  resiGMRES      flagGMRES  feasible   n_active_  n_vmult           dRdW_form         dRdW_mult         dRdX_mult         d2R_mult          
  8     7.696304e-02   1.638437e-02   9.869179e-13   9.869179e-13   9.869179e-13   6.184282e+14   6.865637e-02   0.000000e+00   1.659179e-01   1          1          1          71         9.839913e-11   0          YES       3          50181             32                14149             2560              2496              
  iter  value          gnorm          cnorm          ecnorm         flowcnorm      flow_cfl       identity       icnorm         snorm          #linesear  iterPDAS   flagPDAS   iterGMRES  resiGMRES      flagGMRES  feasible   n_active_  n_vmult           dRdW_form         dRdW_mult         dRdX_mult         d2R_mult          
  9     7.691997e-02   1.623711e-02   8.917794e-13   8.917794e-13   8.917794e-13   6.906117e+14   2.684476e-02   0.000000e+00   1.515534e-01   1          1          1          71         7.255822e-11   0          YES       4          55954             35                15774             2856              2784              
  iter  value          gnorm          cnorm          ecnorm         flowcnorm      flow_cfl       identity       icnorm         snorm          #linesear  iterPDAS   flagPDAS   iterGMRES  resiGMRES      flagGMRES  feasible   n_active_  n_vmult           dRdW_form         dRdW_mult         dRdX_mult         d2R_mult          
  10    7.680237e-02   5.076591e-03   4.007430e-13   4.007430e-13   4.007430e-13   4.915434e+15   2.636436e-02   0.000000e+00   1.314476e-01   1          1          1          70         7.540795e-11   0          YES       5          61665             38                17393             3148              3068              
  iter  value          gnorm          cnorm          ecnorm         flowcnorm      flow_cfl       identity       icnorm         snorm          #linesear  iterPDAS   flagPDAS   iterGMRES  resiGMRES      flagGMRES  feasible   n_active_  n_vmult           dRdW_form         dRdW_mult         dRdX_mult         d2R_mult          
  11    7.680154e-02   1.250212e-03   1.367505e-13   1.367505e-13   1.367505e-13   5.849078e+16   2.577177e-03   0.000000e+00   5.141489e-02   1          1          1          67         8.906070e-11   0          YES       6          67127             41                18931             3428              3340              
  iter  value          gnorm          cnorm          ecnorm         flowcnorm      flow_cfl       identity       icnorm         snorm          #linesear  iterPDAS   flagPDAS   iterGMRES  resiGMRES      flagGMRES  feasible   n_active_  n_vmult           dRdW_form         dRdW_mult         dRdX_mult         d2R_mult          
  12    7.680390e-02   1.475621e-04   2.150932e-14   2.150932e-14   1.999093e-14   3.389940e+18   1.563030e-04   0.000000e+00   8.723807e-03   1          1          1          67         6.991411e-11   0          YES       7          72617             44                20497             3708              3612              
  iter  value          gnorm          cnorm          ecnorm         flowcnorm      flow_cfl       identity       icnorm         snorm          #linesear  iterPDAS   flagPDAS   iterGMRES  resiGMRES      flagGMRES  feasible   n_active_  n_vmult           dRdW_form         dRdW_mult         dRdX_mult         d2R_mult          
  13    7.680438e-02   8.184719e-10   1.700759e-15   1.700759e-15   1.700759e-15   7.183787e+24   2.177458e-06   0.000000e+00   8.810056e-04   1          1          0          64         9.415462e-11   0          YES       7          77858             47                21982             3976              3872              
Optimization Terminated with Status: Converged
The process took 33.7328 seconds to run.
Total n_vmult for algorithm 77858
