Starting optimization with 10...

Primal Dual Active Set Method

 Reduced-Space  Quasi-Newton
  iter  value          gnorm          cnorm          ecnorm         flowcnorm      identity       icnorm         snorm          #linesear  iterPDAS   flagPDAS   iterGMRES  resiGMRES      flagGMRES  feasible   n_active_  n_vmult           dRdW_form         dRdW_mult         dRdX_mult         d2R_mult          
  0     9.531779e-02   1.783048e-01   
  iter  value          gnorm          cnorm          ecnorm         flowcnorm      identity       icnorm         snorm          #linesear  iterPDAS   flagPDAS   iterGMRES  resiGMRES      flagGMRES  feasible   n_active_  n_vmult           dRdW_form         dRdW_mult         dRdX_mult         d2R_mult          
  1     9.574906e-02   1.515143e+01   1.503531e-04   1.503531e-04   3.794957e-16   3.179258e+01   0.000000e+00   3.022616e+01   1          1          1          14         1.057226e-15   0          YES       1          2476              16                1330              118               0                 
  iter  value          gnorm          cnorm          ecnorm         flowcnorm      identity       icnorm         snorm          #linesear  iterPDAS   flagPDAS   iterGMRES  resiGMRES      flagGMRES  feasible   n_active_  n_vmult           dRdW_form         dRdW_mult         dRdX_mult         d2R_mult          
  2     9.574906e-02   3.363165e-01   1.503531e-04   1.503531e-04   3.794957e-16   2.500000e+04   0.000000e+00   3.036548e+01   1          1          1          13         1.127764e-11   0          YES       2          3911              16                1988              229               0                 
  iter  value          gnorm          cnorm          ecnorm         flowcnorm      identity       icnorm         snorm          #linesear  iterPDAS   flagPDAS   iterGMRES  resiGMRES      flagGMRES  feasible   n_active_  n_vmult           dRdW_form         dRdW_mult         dRdX_mult         d2R_mult          
  3     9.484707e-02   3.641797e-01   0.000000e+00   0.000000e+00   4.648026e-16   1.131088e+02   0.000000e+00   3.564826e+00   1          1          0          14         2.042421e-14   0          YES       2          5786              24                2884              346               0                 
  iter  value          gnorm          cnorm          ecnorm         flowcnorm      identity       icnorm         snorm          #linesear  iterPDAS   flagPDAS   iterGMRES  resiGMRES      flagGMRES  feasible   n_active_  n_vmult           dRdW_form         dRdW_mult         dRdX_mult         d2R_mult          
  4     9.406296e-02   3.181820e-01   0.000000e+00   0.000000e+00   3.644875e-16   1.326269e+02   0.000000e+00   3.073111e+00   1          1          0          15         2.097599e-14   0          YES       2          7668              32                3745              469               0                 
  iter  value          gnorm          cnorm          ecnorm         flowcnorm      identity       icnorm         snorm          #linesear  iterPDAS   flagPDAS   iterGMRES  resiGMRES      flagGMRES  feasible   n_active_  n_vmult           dRdW_form         dRdW_mult         dRdX_mult         d2R_mult          
  5     9.310725e-02   3.087229e-01   0.000000e+00   0.000000e+00   3.757917e-16   1.012398e+02   0.000000e+00   3.633505e-02   1          1          0          16         1.116678e-14   0          YES       2          9585              40                4599              598               0                 
  iter  value          gnorm          cnorm          ecnorm         flowcnorm      identity       icnorm         snorm          #linesear  iterPDAS   flagPDAS   iterGMRES  resiGMRES      flagGMRES  feasible   n_active_  n_vmult           dRdW_form         dRdW_mult         dRdX_mult         d2R_mult          
  6     9.215449e-02   2.987873e-01   0.000000e+00   0.000000e+00   3.907339e-16   9.530984e+01   0.000000e+00   1.407475e-01   1          1          0          17         1.635270e-15   0          YES       2          11537             48                5446              733               0                 
  iter  value          gnorm          cnorm          ecnorm         flowcnorm      identity       icnorm         snorm          #linesear  iterPDAS   flagPDAS   iterGMRES  resiGMRES      flagGMRES  feasible   n_active_  n_vmult           dRdW_form         dRdW_mult         dRdX_mult         d2R_mult          
  7     9.120555e-02   2.884090e-01   0.000000e+00   0.000000e+00   4.518507e-16   8.927385e+01   0.000000e+00   1.103038e-01   1          1          0          17         1.483863e-15   0          YES       2          13503             56                6307              868               0                 
  iter  value          gnorm          cnorm          ecnorm         flowcnorm      identity       icnorm         snorm          #linesear  iterPDAS   flagPDAS   iterGMRES  resiGMRES      flagGMRES  feasible   n_active_  n_vmult           dRdW_form         dRdW_mult         dRdX_mult         d2R_mult          
  8     9.026085e-02   2.775578e-01   1.387779e-17   1.387779e-17   4.559921e-16   8.317976e+01   0.000000e+00   9.972017e-02   1          1          0          17         1.402316e-15   0          YES       2          15462             64                7161              1003              0                 
  iter  value          gnorm          cnorm          ecnorm         flowcnorm      identity       icnorm         snorm          #linesear  iterPDAS   flagPDAS   iterGMRES  resiGMRES      flagGMRES  feasible   n_active_  n_vmult           dRdW_form         dRdW_mult         dRdX_mult         d2R_mult          
  9     8.932094e-02   2.683420e-01   0.000000e+00   0.000000e+00   4.254167e-16   7.703835e+01   0.000000e+00   8.912393e-02   1          1          0          17         4.366602e-15   0          YES       1          17414             72                8008              1138              0                 
  iter  value          gnorm          cnorm          ecnorm         flowcnorm      identity       icnorm         snorm          #linesear  iterPDAS   flagPDAS   iterGMRES  resiGMRES      flagGMRES  feasible   n_active_  n_vmult           dRdW_form         dRdW_mult         dRdX_mult         d2R_mult          
  10    8.841005e-02   2.546445e-01   0.000000e+00   0.000000e+00   3.735762e-16   7.200741e+01   0.000000e+00   7.970001e-02   1          1          1          16         4.833209e-15   0          YES       1          19338             80                8869              1267              0                 
  iter  value          gnorm          cnorm          ecnorm         flowcnorm      identity       icnorm         snorm          #linesear  iterPDAS   flagPDAS   iterGMRES  resiGMRES      flagGMRES  feasible   n_active_  n_vmult           dRdW_form         dRdW_mult         dRdX_mult         d2R_mult          
  11    8.748154e-02   2.422884e-01   1.387779e-17   1.387779e-17   4.056032e-16   6.484381e+01   0.000000e+00   2.944336e-02   1          1          0          16         4.684576e-15   0          YES       1          21262             88                9730              1396              0                 
  iter  value          gnorm          cnorm          ecnorm         flowcnorm      identity       icnorm         snorm          #linesear  iterPDAS   flagPDAS   iterGMRES  resiGMRES      flagGMRES  feasible   n_active_  n_vmult           dRdW_form         dRdW_mult         dRdX_mult         d2R_mult          
  12    8.655990e-02   2.293810e-01   0.000000e+00   0.000000e+00   3.669644e-16   5.870369e+01   0.000000e+00   3.089697e-02   1          1          0          16         5.817506e-16   0          YES       1          23193             96                10598             1525              0                 
  iter  value          gnorm          cnorm          ecnorm         flowcnorm      identity       icnorm         snorm          #linesear  iterPDAS   flagPDAS   iterGMRES  resiGMRES      flagGMRES  feasible   n_active_  n_vmult           dRdW_form         dRdW_mult         dRdX_mult         d2R_mult          
  13    8.564649e-02   2.158558e-01   1.387779e-17   1.387779e-17   3.849654e-16   5.261565e+01   0.000000e+00   3.240633e-02   1          1          0          16         8.082528e-16   0          YES       1          25118             103               11480             1654              0                 
  iter  value          gnorm          cnorm          ecnorm         flowcnorm      identity       icnorm         snorm          #linesear  iterPDAS   flagPDAS   iterGMRES  resiGMRES      flagGMRES  feasible   n_active_  n_vmult           dRdW_form         dRdW_mult         dRdX_mult         d2R_mult          
  14    8.474303e-02   2.016338e-01   0.000000e+00   0.000000e+00   4.404299e-16   4.659374e+01   0.000000e+00   3.413130e-02   1          1          0          16         2.244125e-15   0          YES       1          27043             110               12362             1783              0                 
  iter  value          gnorm          cnorm          ecnorm         flowcnorm      identity       icnorm         snorm          #linesear  iterPDAS   flagPDAS   iterGMRES  resiGMRES      flagGMRES  feasible   n_active_  n_vmult           dRdW_form         dRdW_mult         dRdX_mult         d2R_mult          
  15    8.385183e-02   1.866213e-01   1.387779e-17   1.387779e-17   3.662235e-16   4.065620e+01   0.000000e+00   3.612239e-02   1          1          0          16         2.435276e-16   0          YES       1          28954             117               13230             1912              0                 
  iter  value          gnorm          cnorm          ecnorm         flowcnorm      identity       icnorm         snorm          #linesear  iterPDAS   flagPDAS   iterGMRES  resiGMRES      flagGMRES  feasible   n_active_  n_vmult           dRdW_form         dRdW_mult         dRdX_mult         d2R_mult          
  16    8.297602e-02   1.707072e-01   0.000000e+00   0.000000e+00   3.605252e-16   3.482751e+01   0.000000e+00   3.844442e-02   1          1          0          16         2.751416e-15   0          YES       1          30886             124               14119             2041              0                 
  iter  value          gnorm          cnorm          ecnorm         flowcnorm      identity       icnorm         snorm          #linesear  iterPDAS   flagPDAS   iterGMRES  resiGMRES      flagGMRES  feasible   n_active_  n_vmult           dRdW_form         dRdW_mult         dRdX_mult         d2R_mult          
  17    8.211994e-02   1.537641e-01   0.000000e+00   0.000000e+00   3.961608e-16   2.914095e+01   0.000000e+00   4.118517e-02   1          1          0          16         9.642839e-16   0          YES       1          32804             131               14994             2170              0                 
  iter  value          gnorm          cnorm          ecnorm         flowcnorm      identity       icnorm         snorm          #linesear  iterPDAS   flagPDAS   iterGMRES  resiGMRES      flagGMRES  feasible   n_active_  n_vmult           dRdW_form         dRdW_mult         dRdX_mult         d2R_mult          
  18    8.128974e-02   1.356574e-01   0.000000e+00   0.000000e+00   3.397924e-16   2.364339e+01   0.000000e+00   4.444800e-02   1          1          0          16         1.803179e-16   0          YES       1          34701             138               15848             2299              0                 
  iter  value          gnorm          cnorm          ecnorm         flowcnorm      identity       icnorm         snorm          #linesear  iterPDAS   flagPDAS   iterGMRES  resiGMRES      flagGMRES  feasible   n_active_  n_vmult           dRdW_form         dRdW_mult         dRdX_mult         d2R_mult          
  19    8.070973e-02   1.218154e-01   0.000000e+00   0.000000e+00   9.895150e-15   1.840293e+01   0.000000e+00   4.652870e-02   1          1          1          16         9.260456e-16   0          YES       2          36473             144               16597             2428              0                 
  iter  value          gnorm          cnorm          ecnorm         flowcnorm      identity       icnorm         snorm          #linesear  iterPDAS   flagPDAS   iterGMRES  resiGMRES      flagGMRES  feasible   n_active_  n_vmult           dRdW_form         dRdW_mult         dRdX_mult         d2R_mult          
  20    8.000627e-02   9.748800e-02   0.000000e+00   0.000000e+00   3.707501e-16   1.483899e+01   0.000000e+00   3.991582e-02   1          1          0          18         1.319360e-16   0          YES       2          38468             151               17465             2569              0                 
  iter  value          gnorm          cnorm          ecnorm         flowcnorm      identity       icnorm         snorm          #linesear  iterPDAS   flagPDAS   iterGMRES  resiGMRES      flagGMRES  feasible   n_active_  n_vmult           dRdW_form         dRdW_mult         dRdX_mult         d2R_mult          
  21    7.932230e-02   7.542691e-02   1.387779e-17   1.387779e-17   6.355078e-15   9.503911e+00   0.000000e+00   4.372837e-02   1          1          0          18         3.558369e-16   0          YES       2          40317             157               18207             2710              0                 
  iter  value          gnorm          cnorm          ecnorm         flowcnorm      identity       icnorm         snorm          #linesear  iterPDAS   flagPDAS   iterGMRES  resiGMRES      flagGMRES  feasible   n_active_  n_vmult           dRdW_form         dRdW_mult         dRdX_mult         d2R_mult          
  22    7.872437e-02   5.347651e-02   0.000000e+00   0.000000e+00   3.197721e-15   5.689219e+00   0.000000e+00   5.875037e-02   1          1          0          18         7.389489e-15   0          YES       2          42180             163               18963             2851              0                 
  iter  value          gnorm          cnorm          ecnorm         flowcnorm      identity       icnorm         snorm          #linesear  iterPDAS   flagPDAS   iterGMRES  resiGMRES      flagGMRES  feasible   n_active_  n_vmult           dRdW_form         dRdW_mult         dRdX_mult         d2R_mult          
  23    7.820114e-02   3.564041e-02   1.387779e-17   1.387779e-17   3.508751e-15   2.859737e+00   0.000000e+00   5.713872e-02   1          1          0          18         2.443095e-14   0          YES       2          44064             169               19740             2992              0                 
  iter  value          gnorm          cnorm          ecnorm         flowcnorm      identity       icnorm         snorm          #linesear  iterPDAS   flagPDAS   iterGMRES  resiGMRES      flagGMRES  feasible   n_active_  n_vmult           dRdW_form         dRdW_mult         dRdX_mult         d2R_mult          
  24    7.767441e-02   2.659565e-02   8.604228e-16   8.604228e-16   6.890002e-15   1.270239e+00   0.000000e+00   4.828347e-02   1          1          0          18         5.210124e-14   0          YES       2          45920             175               20489             3133              0                 
  iter  value          gnorm          cnorm          ecnorm         flowcnorm      identity       icnorm         snorm          #linesear  iterPDAS   flagPDAS   iterGMRES  resiGMRES      flagGMRES  feasible   n_active_  n_vmult           dRdW_form         dRdW_mult         dRdX_mult         d2R_mult          
  25    7.757865e-02   2.578122e-02   7.632783e-16   7.632783e-16   1.441716e-15   7.073285e-01   0.000000e+00   1.537180e-02   1          1          1          18         9.010250e-14   0          YES       2          47866             182               21308             3274              0                 
  iter  value          gnorm          cnorm          ecnorm         flowcnorm      identity       icnorm         snorm          #linesear  iterPDAS   flagPDAS   iterGMRES  resiGMRES      flagGMRES  feasible   n_active_  n_vmult           dRdW_form         dRdW_mult         dRdX_mult         d2R_mult          
  26    7.757600e-02   2.589236e-02   4.482525e-15   4.482525e-15   3.798104e-16   6.646714e-01   0.000000e+00   3.535156e-02   1          1          1          19         2.585061e-11   0          YES       3          49918             188               22211             3421              0                 
  iter  value          gnorm          cnorm          ecnorm         flowcnorm      identity       icnorm         snorm          #linesear  iterPDAS   flagPDAS   iterGMRES  resiGMRES      flagGMRES  feasible   n_active_  n_vmult           dRdW_form         dRdW_mult         dRdX_mult         d2R_mult          
  27    7.733655e-02   1.816503e-02   1.387779e-17   1.387779e-17   3.287994e-16   6.704144e-01   0.000000e+00   7.269396e-02   1          1          0          21         2.522887e-17   0          YES       3          52053             195               23093             3580              0                 
  iter  value          gnorm          cnorm          ecnorm         flowcnorm      identity       icnorm         snorm          #linesear  iterPDAS   flagPDAS   iterGMRES  resiGMRES      flagGMRES  feasible   n_active_  n_vmult           dRdW_form         dRdW_mult         dRdX_mult         d2R_mult          
  28    7.729066e-02   1.995206e-02   1.387779e-17   1.387779e-17   3.941037e-15   3.299684e-01   0.000000e+00   7.006874e-02   1          1          1          21         9.301895e-18   0          YES       3          54084             201               23891             3739              0                 
  iter  value          gnorm          cnorm          ecnorm         flowcnorm      identity       icnorm         snorm          #linesear  iterPDAS   flagPDAS   iterGMRES  resiGMRES      flagGMRES  feasible   n_active_  n_vmult           dRdW_form         dRdW_mult         dRdX_mult         d2R_mult          
  29    7.708304e-02   1.507590e-02   0.000000e+00   0.000000e+00   5.421268e-15   3.980849e-01   0.000000e+00   8.217010e-02   1          1          0          22         1.548889e-17   0          YES       3          56066             207               24598             3904              0                 
  iter  value          gnorm          cnorm          ecnorm         flowcnorm      identity       icnorm         snorm          #linesear  iterPDAS   flagPDAS   iterGMRES  resiGMRES      flagGMRES  feasible   n_active_  n_vmult           dRdW_form         dRdW_mult         dRdX_mult         d2R_mult          
  30    7.692475e-02   1.496411e-02   1.387779e-17   1.387779e-17   2.693359e-15   2.272827e-01   0.000000e+00   4.780926e-02   1          1          0          22         8.165492e-18   0          YES       3          58062             213               25319             4069              0                 
  iter  value          gnorm          cnorm          ecnorm         flowcnorm      identity       icnorm         snorm          #linesear  iterPDAS   flagPDAS   iterGMRES  resiGMRES      flagGMRES  feasible   n_active_  n_vmult           dRdW_form         dRdW_mult         dRdX_mult         d2R_mult          
  31    7.691901e-02   1.355696e-02   1.387779e-17   1.387779e-17   4.472231e-16   2.239245e-01   0.000000e+00   3.744314e-02   1          1          1          22         9.090859e-18   0          YES       4          60178             218               26180             4234              0                 
  iter  value          gnorm          cnorm          ecnorm         flowcnorm      identity       icnorm         snorm          #linesear  iterPDAS   flagPDAS   iterGMRES  resiGMRES      flagGMRES  feasible   n_active_  n_vmult           dRdW_form         dRdW_mult         dRdX_mult         d2R_mult          
  32    7.684993e-02   7.195134e-03   0.000000e+00   0.000000e+00   3.644702e-16   1.837913e-01   0.000000e+00   2.648918e-02   1          1          1          23         5.116873e-18   0          YES       5          62280             223               26985             4405              0                 
  iter  value          gnorm          cnorm          ecnorm         flowcnorm      identity       icnorm         snorm          #linesear  iterPDAS   flagPDAS   iterGMRES  resiGMRES      flagGMRES  feasible   n_active_  n_vmult           dRdW_form         dRdW_mult         dRdX_mult         d2R_mult          
  33    7.682005e-02   4.482670e-03   0.000000e+00   0.000000e+00   7.300045e-15   5.176995e-02   0.000000e+00   1.548471e-02   1          1          1          24         3.955240e-18   0          YES       6          64312             228               27678             4582              0                 
  iter  value          gnorm          cnorm          ecnorm         flowcnorm      identity       icnorm         snorm          #linesear  iterPDAS   flagPDAS   iterGMRES  resiGMRES      flagGMRES  feasible   n_active_  n_vmult           dRdW_form         dRdW_mult         dRdX_mult         d2R_mult          
  34    7.680784e-02   4.769142e-03   1.387779e-17   1.387779e-17   6.534524e-16   2.009433e-02   0.000000e+00   1.270198e-02   1          1          0          25         3.231808e-18   0          YES       6          66477             233               28462             4765              0                 
  iter  value          gnorm          cnorm          ecnorm         flowcnorm      identity       icnorm         snorm          #linesear  iterPDAS   flagPDAS   iterGMRES  resiGMRES      flagGMRES  feasible   n_active_  n_vmult           dRdW_form         dRdW_mult         dRdX_mult         d2R_mult          
  35    7.680546e-02   2.026723e-03   0.000000e+00   0.000000e+00   3.857524e-16   2.274472e-02   0.000000e+00   2.580129e-02   1          1          1          25         4.101768e-18   0          YES       7          68732             239               29316             4948              0                 
  iter  value          gnorm          cnorm          ecnorm         flowcnorm      identity       icnorm         snorm          #linesear  iterPDAS   flagPDAS   iterGMRES  resiGMRES      flagGMRES  feasible   n_active_  n_vmult           dRdW_form         dRdW_mult         dRdX_mult         d2R_mult          
  36    7.680441e-02   8.076017e-04   0.000000e+00   0.000000e+00   2.037085e-15   4.107607e-03   0.000000e+00   4.676384e-03   1          1          0          26         7.325627e-19   0          YES       7          70946             244               30107             5137              0                 
  iter  value          gnorm          cnorm          ecnorm         flowcnorm      identity       icnorm         snorm          #linesear  iterPDAS   flagPDAS   iterGMRES  resiGMRES      flagGMRES  feasible   n_active_  n_vmult           dRdW_form         dRdW_mult         dRdX_mult         d2R_mult          
  37    7.680438e-02   1.869442e-07   0.000000e+00   0.000000e+00   5.798655e-16   6.522205e-04   0.000000e+00   3.403598e-03   1          1          0          26         9.082396e-19   0          YES       7          73153             249               30891             5326              0                 
Optimization Terminated with Status: Converged
The process took 112.503 seconds to run.
Total n_vmult for algorithm 73153
