Starting optimization with 160 control variables...

Primal Dual Active Set Method

 Full-Space Newton Method
  iter  value          gnorm          cnorm          ecnorm         flowcnorm      flow_cfl       identity       icnorm         snorm          #linesear  iterPDAS   flagPDAS   iterGMRES  resiGMRES      flagGMRES  feasible   n_active_  n_vmult           dRdW_form         dRdW_mult         dRdX_mult         d2R_mult          
  0     2.791026e-02   2.951782e-01   
  iter  value          gnorm          cnorm          ecnorm         flowcnorm      flow_cfl       identity       icnorm         snorm          #linesear  iterPDAS   flagPDAS   iterGMRES  resiGMRES      flagGMRES  feasible   n_active_  n_vmult           dRdW_form         dRdW_mult         dRdX_mult         d2R_mult          
  1     2.079690e-02   1.951268e-01   4.836605e-10   4.836605e-10   4.836602e-10   1.059602e+11   8.713014e+00   0.000000e+00   3.688399e+01   1          1          0          202        8.966505e-11   0          YES       1          21552             23                5988              820               812               
  iter  value          gnorm          cnorm          ecnorm         flowcnorm      flow_cfl       identity       icnorm         snorm          #linesear  iterPDAS   flagPDAS   iterGMRES  resiGMRES      flagGMRES  feasible   n_active_  n_vmult           dRdW_form         dRdW_mult         dRdX_mult         d2R_mult          
  2     2.079690e-02   1.951268e-01   4.836605e-10   4.836605e-10   4.836602e-10   1.059602e+11   3.807449e+00   0.000000e+00   1.000000e+99   5          1          1          233        9.497499e-11   0          YES       1          40420             25                11336             1764              1748              
  iter  value          gnorm          cnorm          ecnorm         flowcnorm      flow_cfl       identity       icnorm         snorm          #linesear  iterPDAS   flagPDAS   iterGMRES  resiGMRES      flagGMRES  feasible   n_active_  n_vmult           dRdW_form         dRdW_mult         dRdX_mult         d2R_mult          
  3     1.573187e-02   4.022964e-01   8.455706e-02   8.455706e-02   9.535526e-11   2.606809e+11   3.807449e+01   0.000000e+00   3.381764e+01   5          1          1          207        9.073317e-11   0          YES       2          51668             28                16164             2604              1748              
  iter  value          gnorm          cnorm          ecnorm         flowcnorm      flow_cfl       identity       icnorm         snorm          #linesear  iterPDAS   flagPDAS   iterGMRES  resiGMRES      flagGMRES  feasible   n_active_  n_vmult           dRdW_form         dRdW_mult         dRdX_mult         d2R_mult          
  4     1.748931e-02   3.659590e-01   2.674318e-10   2.674318e-10   2.674318e-10   1.021773e+11   1.618424e+01   0.000000e+00   7.028512e+01   1          1          0          218        9.889801e-11   0          YES       1          69555             31                21191             3488              2624              
  iter  value          gnorm          cnorm          ecnorm         flowcnorm      flow_cfl       identity       icnorm         snorm          #linesear  iterPDAS   flagPDAS   iterGMRES  resiGMRES      flagGMRES  feasible   n_active_  n_vmult           dRdW_form         dRdW_mult         dRdX_mult         d2R_mult          
  5     1.382637e-02   1.938085e-01   6.352386e-02   6.352386e-02   1.620385e-10   3.184264e+11   1.339260e+01   0.000000e+00   4.509288e+01   1          1          1          231        8.913951e-11   0          YES       2          88479             34                26527             4424              3552              
  iter  value          gnorm          cnorm          ecnorm         flowcnorm      flow_cfl       identity       icnorm         snorm          #linesear  iterPDAS   flagPDAS   iterGMRES  resiGMRES      flagGMRES  feasible   n_active_  n_vmult           dRdW_form         dRdW_mult         dRdX_mult         d2R_mult          
  6     1.337605e-02   1.354117e-01   2.298269e-10   2.298269e-10   2.298268e-10   3.213241e+11   3.756173e+00   0.000000e+00   2.305178e+01   1          1          0          197        8.038519e-11   0          YES       1          104805            37                31169             5224              4344              
  iter  value          gnorm          cnorm          ecnorm         flowcnorm      flow_cfl       identity       icnorm         snorm          #linesear  iterPDAS   flagPDAS   iterGMRES  resiGMRES      flagGMRES  feasible   n_active_  n_vmult           dRdW_form         dRdW_mult         dRdX_mult         d2R_mult          
  7     1.337605e-02   1.354117e-01   2.298269e-10   2.298269e-10   2.298268e-10   3.213241e+11   1.833632e+00   0.000000e+00   1.000000e+99   5          1          1          218        9.001216e-11   0          YES       1          122617            39                36301             6108              5220              
  iter  value          gnorm          cnorm          ecnorm         flowcnorm      flow_cfl       identity       icnorm         snorm          #linesear  iterPDAS   flagPDAS   iterGMRES  resiGMRES      flagGMRES  feasible   n_active_  n_vmult           dRdW_form         dRdW_mult         dRdX_mult         d2R_mult          
  8     1.020158e-02   2.676872e-01   9.220998e-02   9.220998e-02   1.055496e-10   3.539286e+11   1.833632e+01   0.000000e+00   3.610054e+01   5          1          1          204        8.069355e-11   0          YES       2          133805            42                41153             6936              5220              
  iter  value          gnorm          cnorm          ecnorm         flowcnorm      flow_cfl       identity       icnorm         snorm          #linesear  iterPDAS   flagPDAS   iterGMRES  resiGMRES      flagGMRES  feasible   n_active_  n_vmult           dRdW_form         dRdW_mult         dRdX_mult         d2R_mult          
  9     1.083874e-02   1.191335e-01   7.220642e-11   7.220642e-11   7.220601e-11   1.162500e+12   7.165641e+00   0.000000e+00   4.132765e+01   1          1          0          200        9.746590e-11   0          YES       1          150429            45                45925             7748              6024              
  iter  value          gnorm          cnorm          ecnorm         flowcnorm      flow_cfl       identity       icnorm         snorm          #linesear  iterPDAS   flagPDAS   iterGMRES  resiGMRES      flagGMRES  feasible   n_active_  n_vmult           dRdW_form         dRdW_mult         dRdX_mult         d2R_mult          
  10    1.083874e-02   1.191335e-01   7.220642e-11   7.220642e-11   7.220601e-11   1.162500e+12   1.419279e+00   0.000000e+00   1.000000e+99   5          1          1          209        8.923477e-11   0          YES       1          167543            47                50863             8596              6864              
  iter  value          gnorm          cnorm          ecnorm         flowcnorm      flow_cfl       identity       icnorm         snorm          #linesear  iterPDAS   flagPDAS   iterGMRES  resiGMRES      flagGMRES  feasible   n_active_  n_vmult           dRdW_form         dRdW_mult         dRdX_mult         d2R_mult          
  11    8.169130e-03   2.425151e-01   9.487485e-02   9.487485e-02   7.165463e-11   5.754624e+11   1.419279e+01   0.000000e+00   3.684336e+01   5          1          1          204        8.128875e-11   0          YES       2          178717            50                55701             9424              6864              
