Starting optimization with 10...

Primal Dual Active Set Method

 Reduced-Space  Quasi-Newton
  iter  value          gnorm          cnorm          ecnorm         flowcnorm      identity       icnorm         snorm          #linesear  iterPDAS   flagPDAS   iterGMRES  resiGMRES      flagGMRES  feasible   n_active_  n_vmult           dRdW_form         dRdW_mult         dRdX_mult         d2R_mult          
  0     3.995257e-02   1.572190e-01   
  iter  value          gnorm          cnorm          ecnorm         flowcnorm      identity       icnorm         snorm          #linesear  iterPDAS   flagPDAS   iterGMRES  resiGMRES      flagGMRES  feasible   n_active_  n_vmult           dRdW_form         dRdW_mult         dRdX_mult         d2R_mult          
  1     2.934448e-02   3.763189e-01   1.011493e-02   1.011493e-02   1.688267e-16   2.471782e+01   0.000000e+00   1.856674e+00   1          1          1          13         4.677097e-11   0          YES       1          9018              38                5194              112               0                 
  iter  value          gnorm          cnorm          ecnorm         flowcnorm      identity       icnorm         snorm          #linesear  iterPDAS   flagPDAS   iterGMRES  resiGMRES      flagGMRES  feasible   n_active_  n_vmult           dRdW_form         dRdW_mult         dRdX_mult         d2R_mult          
  2     2.934448e-02   5.316812e-01   1.011493e-02   1.011493e-02   1.688267e-16   1.416159e+02   0.000000e+00   4.395532e-01   1          1          1          14         4.214342e-15   0          YES       2          11909             38                7266              229               0                 
  iter  value          gnorm          cnorm          ecnorm         flowcnorm      identity       icnorm         snorm          #linesear  iterPDAS   flagPDAS   iterGMRES  resiGMRES      flagGMRES  feasible   n_active_  n_vmult           dRdW_form         dRdW_mult         dRdX_mult         d2R_mult          
  3     2.938296e-02   4.608968e-01   4.044643e-05   4.044643e-05   1.677366e-16   2.826849e+02   0.000000e+00   5.328795e-01   1          1          0          15         6.306679e-15   0          YES       2          16387             49                10003             352               0                 
  iter  value          gnorm          cnorm          ecnorm         flowcnorm      identity       icnorm         snorm          #linesear  iterPDAS   flagPDAS   iterGMRES  resiGMRES      flagGMRES  feasible   n_active_  n_vmult           dRdW_form         dRdW_mult         dRdX_mult         d2R_mult          
  4     2.885185e-02   3.249500e-01   6.410234e-05   6.410234e-05   1.198244e-16   2.124259e+02   0.000000e+00   2.864529e-01   1          1          0          16         2.339462e-14   0          YES       2          20893             60                12726             481               0                 
  iter  value          gnorm          cnorm          ecnorm         flowcnorm      identity       icnorm         snorm          #linesear  iterPDAS   flagPDAS   iterGMRES  resiGMRES      flagGMRES  feasible   n_active_  n_vmult           dRdW_form         dRdW_mult         dRdX_mult         d2R_mult          
  5     2.798481e-02   2.924353e-01   2.022594e-04   2.022594e-04   1.065267e-16   1.055925e+02   0.000000e+00   1.327962e-01   1          1          0          17         2.753194e-15   0          YES       2          25553             71                15561             616               0                 
  iter  value          gnorm          cnorm          ecnorm         flowcnorm      identity       icnorm         snorm          #linesear  iterPDAS   flagPDAS   iterGMRES  resiGMRES      flagGMRES  feasible   n_active_  n_vmult           dRdW_form         dRdW_mult         dRdX_mult         d2R_mult          
  6     2.715171e-02   2.558738e-01   2.429525e-04   2.429525e-04   1.263037e-16   8.551840e+01   0.000000e+00   9.826850e-02   1          1          0          17         5.586169e-14   0          YES       2          30206             82                18389             751               0                 
  iter  value          gnorm          cnorm          ecnorm         flowcnorm      identity       icnorm         snorm          #linesear  iterPDAS   flagPDAS   iterGMRES  resiGMRES      flagGMRES  feasible   n_active_  n_vmult           dRdW_form         dRdW_mult         dRdX_mult         d2R_mult          
  7     2.636441e-02   2.147342e-01   2.879173e-04   2.879173e-04   1.018885e-16   6.547142e+01   0.000000e+00   1.175352e-01   1          1          0          17         5.777237e-14   0          YES       2          34901             93                21259             886               0                 
  iter  value          gnorm          cnorm          ecnorm         flowcnorm      identity       icnorm         snorm          #linesear  iterPDAS   flagPDAS   iterGMRES  resiGMRES      flagGMRES  feasible   n_active_  n_vmult           dRdW_form         dRdW_mult         dRdX_mult         d2R_mult          
  8     2.563909e-02   1.698687e-01   3.287789e-04   3.287789e-04   1.004725e-16   4.611078e+01   0.000000e+00   1.377904e-01   1          1          0          17         5.163920e-13   0          YES       2          39680             104               24213             1021              0                 
  iter  value          gnorm          cnorm          ecnorm         flowcnorm      identity       icnorm         snorm          #linesear  iterPDAS   flagPDAS   iterGMRES  resiGMRES      flagGMRES  feasible   n_active_  n_vmult           dRdW_form         dRdW_mult         dRdX_mult         d2R_mult          
  9     2.498547e-02   1.253832e-01   3.438248e-04   3.438248e-04   1.154616e-16   2.885536e+01   0.000000e+00   1.568016e-01   1          1          0          17         2.539333e-12   0          YES       2          44522             115               27230             1156              0                 
  iter  value          gnorm          cnorm          ecnorm         flowcnorm      identity       icnorm         snorm          #linesear  iterPDAS   flagPDAS   iterGMRES  resiGMRES      flagGMRES  feasible   n_active_  n_vmult           dRdW_form         dRdW_mult         dRdX_mult         d2R_mult          
  10    2.437739e-02   8.923306e-02   3.125946e-04   3.125946e-04   1.108806e-16   1.572095e+01   0.000000e+00   1.651149e-01   1          1          0          17         1.249874e-11   0          YES       2          49434             126               30317             1291              0                 
  iter  value          gnorm          cnorm          ecnorm         flowcnorm      identity       icnorm         snorm          #linesear  iterPDAS   flagPDAS   iterGMRES  resiGMRES      flagGMRES  feasible   n_active_  n_vmult           dRdW_form         dRdW_mult         dRdX_mult         d2R_mult          
  11    2.377224e-02   6.418518e-02   2.869820e-04   2.869820e-04   8.141530e-15   7.962540e+00   0.000000e+00   1.539793e-01   1          1          0          17         6.718659e-11   0          YES       2          54014             136               33152             1426              0                 
  iter  value          gnorm          cnorm          ecnorm         flowcnorm      identity       icnorm         snorm          #linesear  iterPDAS   flagPDAS   iterGMRES  resiGMRES      flagGMRES  feasible   n_active_  n_vmult           dRdW_form         dRdW_mult         dRdX_mult         d2R_mult          
  12    2.320337e-02   4.569331e-02   2.669854e-04   2.669854e-04   6.129195e-15   4.119737e+00   0.000000e+00   1.203077e-01   1          1          0          18         2.934056e-16   0          YES       2          58489             146               35840             1567              0                 
  iter  value          gnorm          cnorm          ecnorm         flowcnorm      identity       icnorm         snorm          #linesear  iterPDAS   flagPDAS   iterGMRES  resiGMRES      flagGMRES  feasible   n_active_  n_vmult           dRdW_form         dRdW_mult         dRdX_mult         d2R_mult          
  13    2.263165e-02   3.776075e-02   3.242534e-04   3.242534e-04   5.348185e-15   2.087879e+00   0.000000e+00   5.395231e-02   1          1          0          18         7.944716e-14   0          YES       2          62887             156               38451             1708              0                 
  iter  value          gnorm          cnorm          ecnorm         flowcnorm      identity       icnorm         snorm          #linesear  iterPDAS   flagPDAS   iterGMRES  resiGMRES      flagGMRES  feasible   n_active_  n_vmult           dRdW_form         dRdW_mult         dRdX_mult         d2R_mult          
  14    2.248648e-02   3.279819e-02   2.490106e-04   2.490106e-04   4.838673e-15   1.425874e+00   0.000000e+00   8.394077e-02   1          1          1          18         1.782485e-13   0          YES       3          67362             166               41139             1849              0                 
  iter  value          gnorm          cnorm          ecnorm         flowcnorm      identity       icnorm         snorm          #linesear  iterPDAS   flagPDAS   iterGMRES  resiGMRES      flagGMRES  feasible   n_active_  n_vmult           dRdW_form         dRdW_mult         dRdX_mult         d2R_mult          
  15    2.221572e-02   3.549448e-02   2.837599e-04   2.837599e-04   8.903975e-15   1.075721e+00   0.000000e+00   1.529344e-01   1          1          0          20         2.403836e-17   0          YES       3          71823             176               43729             2002              0                 
  iter  value          gnorm          cnorm          ecnorm         flowcnorm      identity       icnorm         snorm          #linesear  iterPDAS   flagPDAS   iterGMRES  resiGMRES      flagGMRES  feasible   n_active_  n_vmult           dRdW_form         dRdW_mult         dRdX_mult         d2R_mult          
  16    2.197643e-02   2.368420e-02   4.531129e-05   4.531129e-05   7.785608e-15   1.259858e+00   0.000000e+00   3.944085e-02   1          1          0          20         1.495591e-16   0          YES       3          76361             186               46396             2155              0                 
  iter  value          gnorm          cnorm          ecnorm         flowcnorm      identity       icnorm         snorm          #linesear  iterPDAS   flagPDAS   iterGMRES  resiGMRES      flagGMRES  feasible   n_active_  n_vmult           dRdW_form         dRdW_mult         dRdX_mult         d2R_mult          
  17    2.181850e-02   2.132771e-02   5.485059e-05   5.485059e-05   8.223080e-15   5.609413e-01   0.000000e+00   2.777226e-02   1          1          1          20         7.402486e-17   0          YES       4          80920             196               49084             2308              0                 
  iter  value          gnorm          cnorm          ecnorm         flowcnorm      identity       icnorm         snorm          #linesear  iterPDAS   flagPDAS   iterGMRES  resiGMRES      flagGMRES  feasible   n_active_  n_vmult           dRdW_form         dRdW_mult         dRdX_mult         d2R_mult          
  18    2.160045e-02   1.591531e-02   7.725006e-05   7.725006e-05   6.799090e-15   4.548714e-01   0.000000e+00   9.208358e-02   1          1          1          21         6.921434e-17   0          YES       5          85584             206               51835             2467              0                 
  iter  value          gnorm          cnorm          ecnorm         flowcnorm      identity       icnorm         snorm          #linesear  iterPDAS   flagPDAS   iterGMRES  resiGMRES      flagGMRES  feasible   n_active_  n_vmult           dRdW_form         dRdW_mult         dRdX_mult         d2R_mult          
  19    2.151372e-02   2.265727e-02   1.034784e-04   1.034784e-04   8.362605e-15   2.532970e-01   0.000000e+00   2.005540e-01   1          1          0          22         6.069126e-17   0          YES       5          90157             216               54453             2632              0                 
  iter  value          gnorm          cnorm          ecnorm         flowcnorm      identity       icnorm         snorm          #linesear  iterPDAS   flagPDAS   iterGMRES  resiGMRES      flagGMRES  feasible   n_active_  n_vmult           dRdW_form         dRdW_mult         dRdX_mult         d2R_mult          
  20    2.148105e-02   6.018795e-03   2.096608e-05   2.096608e-05   9.992983e-15   5.133520e-01   0.000000e+00   1.817554e-02   1          1          0          22         1.066849e-16   0          YES       5          94611             226               56952             2797              0                 
  iter  value          gnorm          cnorm          ecnorm         flowcnorm      identity       icnorm         snorm          #linesear  iterPDAS   flagPDAS   iterGMRES  resiGMRES      flagGMRES  feasible   n_active_  n_vmult           dRdW_form         dRdW_mult         dRdX_mult         d2R_mult          
  21    2.145152e-02   1.411760e-02   1.561087e-05   1.561087e-05   1.249367e-16   3.622589e-02   0.000000e+00   2.489488e-02   1          1          1          22         3.755170e-17   0          YES       4          99467             237               59773             2962              0                 
  iter  value          gnorm          cnorm          ecnorm         flowcnorm      identity       icnorm         snorm          #linesear  iterPDAS   flagPDAS   iterGMRES  resiGMRES      flagGMRES  feasible   n_active_  n_vmult           dRdW_form         dRdW_mult         dRdX_mult         d2R_mult          
  22    2.143522e-02   1.227845e-02   0.000000e+00   0.000000e+00   1.040121e-16   1.993065e-01   0.000000e+00   1.958320e-02   1          1          0          21         1.222605e-16   0          YES       4          104260            248               62573             3121              0                 
  iter  value          gnorm          cnorm          ecnorm         flowcnorm      identity       icnorm         snorm          #linesear  iterPDAS   flagPDAS   iterGMRES  resiGMRES      flagGMRES  feasible   n_active_  n_vmult           dRdW_form         dRdW_mult         dRdX_mult         d2R_mult          
  23    2.143207e-02   1.314330e-02   0.000000e+00   0.000000e+00   1.089803e-16   1.507605e-01   0.000000e+00   8.892383e-03   1          1          1          21         5.137435e-18   0          YES       5          109025            259               65345             3280              0                 
  iter  value          gnorm          cnorm          ecnorm         flowcnorm      identity       icnorm         snorm          #linesear  iterPDAS   flagPDAS   iterGMRES  resiGMRES      flagGMRES  feasible   n_active_  n_vmult           dRdW_form         dRdW_mult         dRdX_mult         d2R_mult          
  24    2.141453e-02   5.585920e-03   2.308636e-05   2.308636e-05   1.121575e-16   1.727464e-01   0.000000e+00   2.786018e-02   1          1          0          22         6.366859e-17   0          YES       5          113783            270               68068             3445              0                 
  iter  value          gnorm          cnorm          ecnorm         flowcnorm      identity       icnorm         snorm          #linesear  iterPDAS   flagPDAS   iterGMRES  resiGMRES      flagGMRES  feasible   n_active_  n_vmult           dRdW_form         dRdW_mult         dRdX_mult         d2R_mult          
  25    2.140763e-02   6.269911e-03   8.410555e-06   8.410555e-06   9.616940e-15   3.120250e-02   0.000000e+00   3.015236e-02   1          1          0          22         4.959486e-17   0          YES       5          118237            280               70567             3610              0                 
  iter  value          gnorm          cnorm          ecnorm         flowcnorm      identity       icnorm         snorm          #linesear  iterPDAS   flagPDAS   iterGMRES  resiGMRES      flagGMRES  feasible   n_active_  n_vmult           dRdW_form         dRdW_mult         dRdX_mult         d2R_mult          
  26    2.140414e-02   6.175476e-03   4.445477e-06   4.445477e-06   9.200000e-15   3.931178e-02   0.000000e+00   1.188191e-02   1          1          0          22         1.033523e-17   0          YES       5          122684            290               73059             3775              0                 
  iter  value          gnorm          cnorm          ecnorm         flowcnorm      identity       icnorm         snorm          #linesear  iterPDAS   flagPDAS   iterGMRES  resiGMRES      flagGMRES  feasible   n_active_  n_vmult           dRdW_form         dRdW_mult         dRdX_mult         d2R_mult          
  27    2.140234e-02   2.972274e-03   5.273650e-06   5.273650e-06   9.024176e-15   3.813651e-02   0.000000e+00   1.177268e-02   1          1          0          22         1.011820e-16   0          YES       5          127292            300               75712             3940              0                 
  iter  value          gnorm          cnorm          ecnorm         flowcnorm      identity       icnorm         snorm          #linesear  iterPDAS   flagPDAS   iterGMRES  resiGMRES      flagGMRES  feasible   n_active_  n_vmult           dRdW_form         dRdW_mult         dRdX_mult         d2R_mult          
  28    2.140227e-02   6.419710e-04   9.561752e-07   9.561752e-07   9.001654e-15   8.834413e-03   0.000000e+00   5.539220e-03   1          1          0          22         7.452713e-17   0          YES       5          131872            310               78337             4105              0                 
  iter  value          gnorm          cnorm          ecnorm         flowcnorm      identity       icnorm         snorm          #linesear  iterPDAS   flagPDAS   iterGMRES  resiGMRES      flagGMRES  feasible   n_active_  n_vmult           dRdW_form         dRdW_mult         dRdX_mult         d2R_mult          
  29    2.140229e-02   1.041639e-04   1.039277e-08   1.039277e-08   9.014585e-15   4.121268e-04   0.000000e+00   1.001593e-03   1          1          0          22         4.616221e-19   0          YES       5          136438            320               80948             4270              0                 
  iter  value          gnorm          cnorm          ecnorm         flowcnorm      identity       icnorm         snorm          #linesear  iterPDAS   flagPDAS   iterGMRES  resiGMRES      flagGMRES  feasible   n_active_  n_vmult           dRdW_form         dRdW_mult         dRdX_mult         d2R_mult          
  30    2.140229e-02   1.149026e-05   4.967777e-10   4.967777e-10   9.016593e-15   1.085011e-05   0.000000e+00   1.779289e-04   1          1          0          22         4.816223e-19   0          YES       5          141025            330               83580             4435              0                 
  iter  value          gnorm          cnorm          ecnorm         flowcnorm      identity       icnorm         snorm          #linesear  iterPDAS   flagPDAS   iterGMRES  resiGMRES      flagGMRES  feasible   n_active_  n_vmult           dRdW_form         dRdW_mult         dRdX_mult         d2R_mult          
  31    2.140229e-02   3.893743e-07   2.082684e-11   2.082684e-11   9.018781e-15   1.320261e-07   0.000000e+00   2.069603e-05   1          1          0          22         6.096192e-21   0          YES       5          145549            340               86149             4600              0                 
Optimization Terminated with Status: Converged
The process took 338.379 seconds to run.
Total n_vmult for algorithm 145549
