Starting optimization with 40 control variables...

Primal Dual Active Set Method

 Full-Space Newton Method
  iter  value          gnorm          cnorm          ecnorm         flowcnorm      flow_cfl       identity       icnorm         snorm          #linesear  iterPDAS   flagPDAS   iterGMRES  resiGMRES      flagGMRES  feasible   n_active_  n_vmult           dRdW_form         dRdW_mult         dRdX_mult         d2R_mult          
  0     9.531779e-02   2.460514e-01   
  iter  value          gnorm          cnorm          ecnorm         flowcnorm      flow_cfl       identity       icnorm         snorm          #linesear  iterPDAS   flagPDAS   iterGMRES  resiGMRES      flagGMRES  feasible   n_active_  n_vmult           dRdW_form         dRdW_mult         dRdX_mult         d2R_mult          
  1     8.453897e-02   9.193105e-01   1.065399e-11   1.065399e-11   1.065399e-11   1.021000e+12   6.054130e+00   0.000000e+00   1.656603e+01   1          1          1          94         9.735514e-11   0          YES       1          7828              11                2232              388               380               
  iter  value          gnorm          cnorm          ecnorm         flowcnorm      flow_cfl       identity       icnorm         snorm          #linesear  iterPDAS   flagPDAS   iterGMRES  resiGMRES      flagGMRES  feasible   n_active_  n_vmult           dRdW_form         dRdW_mult         dRdX_mult         d2R_mult          
  2     8.425835e-02   2.207218e-01   3.509270e-13   3.509270e-13   7.820767e-14   5.793025e+14   8.451319e+01   0.000000e+00   1.447835e+01   1          1          0          98         8.086371e-11   0          YES       1          15660             14                4404              792               776               
  iter  value          gnorm          cnorm          ecnorm         flowcnorm      flow_cfl       identity       icnorm         snorm          #linesear  iterPDAS   flagPDAS   iterGMRES  resiGMRES      flagGMRES  feasible   n_active_  n_vmult           dRdW_form         dRdW_mult         dRdX_mult         d2R_mult          
  3     7.900788e-02   1.417510e-01   2.595273e-12   2.595273e-12   2.595273e-12   2.718258e+13   4.871813e+00   0.000000e+00   5.664779e-01   1          1          0          80         6.134167e-11   0          YES       1          22110             17                6202              1124              1100              
  iter  value          gnorm          cnorm          ecnorm         flowcnorm      flow_cfl       identity       icnorm         snorm          #linesear  iterPDAS   flagPDAS   iterGMRES  resiGMRES      flagGMRES  feasible   n_active_  n_vmult           dRdW_form         dRdW_mult         dRdX_mult         d2R_mult          
  4     7.482483e-02   8.038233e-02   2.757383e-12   2.757383e-12   2.757383e-12   4.511722e+13   2.009335e+00   0.000000e+00   5.866650e-01   1          1          0          75         7.165954e-11   0          YES       1          28187             20                7907              1436              1404              
  iter  value          gnorm          cnorm          ecnorm         flowcnorm      flow_cfl       identity       icnorm         snorm          #linesear  iterPDAS   flagPDAS   iterGMRES  resiGMRES      flagGMRES  feasible   n_active_  n_vmult           dRdW_form         dRdW_mult         dRdX_mult         d2R_mult          
  5     7.287121e-02   5.471265e-02   1.990760e-12   1.990760e-12   1.990760e-12   9.181069e+13   6.461319e-01   0.000000e+00   4.646156e-01   1          1          1          72         8.507365e-11   0          YES       1          34043             23                9559              1736              1696              
  iter  value          gnorm          cnorm          ecnorm         flowcnorm      flow_cfl       identity       icnorm         snorm          #linesear  iterPDAS   flagPDAS   iterGMRES  resiGMRES      flagGMRES  feasible   n_active_  n_vmult           dRdW_form         dRdW_mult         dRdX_mult         d2R_mult          
  6     7.236101e-02   4.532141e-02   1.785932e-12   1.785932e-12   1.785932e-12   1.235469e+14   2.993475e-01   0.000000e+00   2.634179e-01   1          1          1          74         8.522163e-11   0          YES       2          40044             26                11244             2044              1996              
  iter  value          gnorm          cnorm          ecnorm         flowcnorm      flow_cfl       identity       icnorm         snorm          #linesear  iterPDAS   flagPDAS   iterGMRES  resiGMRES      flagGMRES  feasible   n_active_  n_vmult           dRdW_form         dRdW_mult         dRdX_mult         d2R_mult          
  7     7.215938e-02   4.052085e-02   1.698630e-12   1.698630e-12   1.698630e-12   1.452857e+14   2.054030e-01   0.000000e+00   7.331303e-02   1          1          1          76         7.727931e-11   0          YES       3          46204             29                12976             2360              2304              
  iter  value          gnorm          cnorm          ecnorm         flowcnorm      flow_cfl       identity       icnorm         snorm          #linesear  iterPDAS   flagPDAS   iterGMRES  resiGMRES      flagGMRES  feasible   n_active_  n_vmult           dRdW_form         dRdW_mult         dRdX_mult         d2R_mult          
  8     7.164641e-02   3.180463e-02   1.452530e-12   1.452530e-12   1.452530e-12   2.164635e+14   1.641939e-01   0.000000e+00   1.291430e-01   1          1          1          79         7.730502e-11   0          YES       4          52599             32                14775             2688              2624              
  iter  value          gnorm          cnorm          ecnorm         flowcnorm      flow_cfl       identity       icnorm         snorm          #linesear  iterPDAS   flagPDAS   iterGMRES  resiGMRES      flagGMRES  feasible   n_active_  n_vmult           dRdW_form         dRdW_mult         dRdX_mult         d2R_mult          
  9     7.137392e-02   2.623302e-02   1.283533e-12   1.283533e-12   1.283533e-12   2.969919e+14   1.011534e-01   0.000000e+00   9.148189e-02   1          1          1          87         8.077078e-11   0          YES       5          59595             35                16727             3048              2976              
  iter  value          gnorm          cnorm          ecnorm         flowcnorm      flow_cfl       identity       icnorm         snorm          #linesear  iterPDAS   flagPDAS   iterGMRES  resiGMRES      flagGMRES  feasible   n_active_  n_vmult           dRdW_form         dRdW_mult         dRdX_mult         d2R_mult          
  10    7.135213e-02   2.633097e-02   1.269392e-12   1.269392e-12   1.269392e-12   2.991833e+14   6.881714e-02   0.000000e+00   2.730229e-02   1          1          1          95         9.693664e-11   0          YES       5          67192             38                18832             3440              3360              
  iter  value          gnorm          cnorm          ecnorm         flowcnorm      flow_cfl       identity       icnorm         snorm          #linesear  iterPDAS   flagPDAS   iterGMRES  resiGMRES      flagGMRES  feasible   n_active_  n_vmult           dRdW_form         dRdW_mult         dRdX_mult         d2R_mult          
  11    7.129979e-02   1.831069e-02   1.207288e-12   1.207288e-12   1.207288e-12   4.523600e+14   6.933199e-02   0.000000e+00   1.042996e-01   1          1          1          96         6.760945e-11   0          YES       6          74865             41                20957             3836              3748              
  iter  value          gnorm          cnorm          ecnorm         flowcnorm      flow_cfl       identity       icnorm         snorm          #linesear  iterPDAS   flagPDAS   iterGMRES  resiGMRES      flagGMRES  feasible   n_active_  n_vmult           dRdW_form         dRdW_mult         dRdX_mult         d2R_mult          
  12    7.127895e-02   1.766423e-02   1.185484e-12   1.185484e-12   1.185484e-12   4.775397e+14   3.352814e-02   0.000000e+00   3.905093e-02   1          1          1          102        5.554499e-11   0          YES       7          83008             44                23216             4256              4160              
  iter  value          gnorm          cnorm          ecnorm         flowcnorm      flow_cfl       identity       icnorm         snorm          #linesear  iterPDAS   flagPDAS   iterGMRES  resiGMRES      flagGMRES  feasible   n_active_  n_vmult           dRdW_form         dRdW_mult         dRdX_mult         d2R_mult          
  13    7.115863e-02   1.280417e-02   9.713433e-13   9.713433e-13   9.713433e-13   8.040367e+14   3.120250e-02   0.000000e+00   9.714906e-02   1          1          1          99         6.422504e-11   0          YES       8          90909             47                25401             4664              4560              
  iter  value          gnorm          cnorm          ecnorm         flowcnorm      flow_cfl       identity       icnorm         snorm          #linesear  iterPDAS   flagPDAS   iterGMRES  resiGMRES      flagGMRES  feasible   n_active_  n_vmult           dRdW_form         dRdW_mult         dRdX_mult         d2R_mult          
  14    7.111542e-02   1.064933e-02   8.873406e-13   8.873406e-13   8.873406e-13   1.058247e+15   1.639467e-02   0.000000e+00   3.907418e-02   1          1          1          113        9.646182e-11   0          YES       9          99888             50                27880             5128              5016              
  iter  value          gnorm          cnorm          ecnorm         flowcnorm      flow_cfl       identity       icnorm         snorm          #linesear  iterPDAS   flagPDAS   iterGMRES  resiGMRES      flagGMRES  feasible   n_active_  n_vmult           dRdW_form         dRdW_mult         dRdX_mult         d2R_mult          
  15    7.106058e-02   9.114510e-03   7.731028e-13   7.731028e-13   7.731028e-13   1.419154e+15   1.134083e-02   0.000000e+00   4.171507e-02   1          1          1          116        9.545064e-11   0          YES       10         109095            53                30419             5604              5484              
  iter  value          gnorm          cnorm          ecnorm         flowcnorm      flow_cfl       identity       icnorm         snorm          #linesear  iterPDAS   flagPDAS   iterGMRES  resiGMRES      flagGMRES  feasible   n_active_  n_vmult           dRdW_form         dRdW_mult         dRdX_mult         d2R_mult          
  16    7.095844e-02   5.603240e-03   5.542821e-13   5.542821e-13   5.542821e-13   3.219808e+15   8.307430e-03   0.000000e+00   8.726907e-02   1          1          1          115        7.807254e-11   0          YES       11         118233            56                32945             6076              5948              
  iter  value          gnorm          cnorm          ecnorm         flowcnorm      flow_cfl       identity       icnorm         snorm          #linesear  iterPDAS   flagPDAS   iterGMRES  resiGMRES      flagGMRES  feasible   n_active_  n_vmult           dRdW_form         dRdW_mult         dRdX_mult         d2R_mult          
  17    7.095217e-02   6.866865e-03   5.440424e-13   5.440424e-13   5.440424e-13   2.676756e+15   3.139630e-03   0.000000e+00   2.397366e-02   1          1          1          132        7.591263e-11   0          YES       12         128642            59                35790             6616              6480              
  iter  value          gnorm          cnorm          ecnorm         flowcnorm      flow_cfl       identity       icnorm         snorm          #linesear  iterPDAS   flagPDAS   iterGMRES  resiGMRES      flagGMRES  feasible   n_active_  n_vmult           dRdW_form         dRdW_mult         dRdX_mult         d2R_mult          
  18    7.092898e-02   5.134475e-03   4.833837e-13   4.833837e-13   4.833837e-13   4.029137e+15   4.715383e-03   0.000000e+00   4.161599e-02   1          1          1          121        9.987671e-11   0          YES       13         138215            62                38415             7112              6968              
  iter  value          gnorm          cnorm          ecnorm         flowcnorm      flow_cfl       identity       icnorm         snorm          #linesear  iterPDAS   flagPDAS   iterGMRES  resiGMRES      flagGMRES  feasible   n_active_  n_vmult           dRdW_form         dRdW_mult         dRdX_mult         d2R_mult          
  19    7.092621e-02   4.666669e-03   4.741568e-13   4.741568e-13   4.741568e-13   4.519298e+15   2.636283e-03   0.000000e+00   1.465788e-02   1          1          1          127        9.454241e-11   0          YES       14         148244            65                41160             7632              7480              
  iter  value          gnorm          cnorm          ecnorm         flowcnorm      flow_cfl       identity       icnorm         snorm          #linesear  iterPDAS   flagPDAS   iterGMRES  resiGMRES      flagGMRES  feasible   n_active_  n_vmult           dRdW_form         dRdW_mult         dRdX_mult         d2R_mult          
  20    7.091409e-02   4.036576e-03   4.296254e-13   4.296254e-13   4.296254e-13   5.766296e+15   2.177780e-03   0.000000e+00   2.788449e-02   1          1          1          131        7.027889e-11   0          YES       14         158570            68                43978             8168              8008              
  iter  value          gnorm          cnorm          ecnorm         flowcnorm      flow_cfl       identity       icnorm         snorm          #linesear  iterPDAS   flagPDAS   iterGMRES  resiGMRES      flagGMRES  feasible   n_active_  n_vmult           dRdW_form         dRdW_mult         dRdX_mult         d2R_mult          
  21    7.090336e-02   3.657044e-03   3.912533e-13   3.912533e-13   3.912533e-13   6.988947e+15   1.629395e-03   0.000000e+00   2.504737e-02   1          1          1          134        7.577666e-11   0          YES       14         169145            71                46877             8716              8548              
  iter  value          gnorm          cnorm          ecnorm         flowcnorm      flow_cfl       identity       icnorm         snorm          #linesear  iterPDAS   flagPDAS   iterGMRES  resiGMRES      flagGMRES  feasible   n_active_  n_vmult           dRdW_form         dRdW_mult         dRdX_mult         d2R_mult          
  22    7.089394e-02   3.316110e-03   3.588070e-13   3.588070e-13   3.588070e-13   8.404466e+15   1.337397e-03   0.000000e+00   2.503810e-02   1          1          1          137        5.495372e-11   0          YES       14         179948            74                49836             9276              9100              
  iter  value          gnorm          cnorm          ecnorm         flowcnorm      flow_cfl       identity       icnorm         snorm          #linesear  iterPDAS   flagPDAS   iterGMRES  resiGMRES      flagGMRES  feasible   n_active_  n_vmult           dRdW_form         dRdW_mult         dRdX_mult         d2R_mult          
  23    7.088755e-02   3.110466e-03   3.285410e-13   3.285410e-13   3.285410e-13   9.785545e+15   1.099659e-03   0.000000e+00   2.488027e-02   1          1          1          138        6.593251e-11   0          YES       15         190827            77                52815             9840              9656              
  iter  value          gnorm          cnorm          ecnorm         flowcnorm      flow_cfl       identity       icnorm         snorm          #linesear  iterPDAS   flagPDAS   iterGMRES  resiGMRES      flagGMRES  feasible   n_active_  n_vmult           dRdW_form         dRdW_mult         dRdX_mult         d2R_mult          
  24    7.088637e-02   2.902858e-03   3.225464e-13   3.225464e-13   3.225464e-13   1.068027e+16   9.674999e-04   0.000000e+00   9.741589e-03   1          1          1          127        7.771280e-11   0          YES       15         200856            80                55560             10360             10168             
  iter  value          gnorm          cnorm          ecnorm         flowcnorm      flow_cfl       identity       icnorm         snorm          #linesear  iterPDAS   flagPDAS   iterGMRES  resiGMRES      flagGMRES  feasible   n_active_  n_vmult           dRdW_form         dRdW_mult         dRdX_mult         d2R_mult          
  25    7.088445e-02   2.650099e-03   3.057533e-13   3.057533e-13   3.057533e-13   1.234147e+16   8.426582e-04   0.000000e+00   1.391165e-02   1          1          1          130        7.645917e-11   0          YES       16         211127            83                58379             10892             10692             
  iter  value          gnorm          cnorm          ecnorm         flowcnorm      flow_cfl       identity       icnorm         snorm          #linesear  iterPDAS   flagPDAS   iterGMRES  resiGMRES      flagGMRES  feasible   n_active_  n_vmult           dRdW_form         dRdW_mult         dRdX_mult         d2R_mult          
  26    7.088257e-02   2.517714e-03   2.897435e-13   2.897435e-13   2.897435e-13   1.370818e+16   7.023024e-04   0.000000e+00   1.118647e-02   1          1          1          131        7.170219e-11   0          YES       17         221467            86                61211             11428             11220             
  iter  value          gnorm          cnorm          ecnorm         flowcnorm      flow_cfl       identity       icnorm         snorm          #linesear  iterPDAS   flagPDAS   iterGMRES  resiGMRES      flagGMRES  feasible   n_active_  n_vmult           dRdW_form         dRdW_mult         dRdX_mult         d2R_mult          
  27    7.087995e-02   2.311856e-03   2.641636e-13   2.641636e-13   2.641636e-13   1.637443e+16   6.338884e-04   0.000000e+00   1.813829e-02   1          1          1          132        5.563827e-11   0          YES       18         231890            89                64070             11968             11752             
  iter  value          gnorm          cnorm          ecnorm         flowcnorm      flow_cfl       identity       icnorm         snorm          #linesear  iterPDAS   flagPDAS   iterGMRES  resiGMRES      flagGMRES  feasible   n_active_  n_vmult           dRdW_form         dRdW_mult         dRdX_mult         d2R_mult          
  28    7.087791e-02   2.154239e-03   2.459818e-13   2.459818e-13   2.458514e-13   1.888137e+16   5.344680e-04   0.000000e+00   1.543676e-02   1          1          1          134        4.956436e-11   0          YES       19         242458            92                66962             12516             12292             
  iter  value          gnorm          cnorm          ecnorm         flowcnorm      flow_cfl       identity       icnorm         snorm          #linesear  iterPDAS   flagPDAS   iterGMRES  resiGMRES      flagGMRES  feasible   n_active_  n_vmult           dRdW_form         dRdW_mult         dRdX_mult         d2R_mult          
  29    7.087776e-02   2.149458e-03   2.445636e-13   2.445636e-13   2.444057e-13   1.903530e+16   4.640747e-04   0.000000e+00   1.924921e-03   1          1          1          134        8.341300e-11   0          YES       20         253019            95                69847             13064             12832             
  iter  value          gnorm          cnorm          ecnorm         flowcnorm      flow_cfl       identity       icnorm         snorm          #linesear  iterPDAS   flagPDAS   iterGMRES  resiGMRES      flagGMRES  feasible   n_active_  n_vmult           dRdW_form         dRdW_mult         dRdX_mult         d2R_mult          
  30    7.087666e-02   2.025170e-03   2.293164e-13   2.293164e-13   2.277971e-13   2.167657e+16   4.620169e-04   0.000000e+00   1.208455e-02   1          1          1          134        7.946679e-11   0          YES       21         263587            98                72739             13612             13372             
  iter  value          gnorm          cnorm          ecnorm         flowcnorm      flow_cfl       identity       icnorm         snorm          #linesear  iterPDAS   flagPDAS   iterGMRES  resiGMRES      flagGMRES  feasible   n_active_  n_vmult           dRdW_form         dRdW_mult         dRdX_mult         d2R_mult          
  31    7.087554e-02   1.727466e-03   2.079548e-13   2.079548e-13   2.017573e-13   2.869203e+16   4.101312e-04   0.000000e+00   1.756145e-02   1          1          1          125        7.880853e-11   0          YES       22         273478            101               75458             14124             13876             
  iter  value          gnorm          cnorm          ecnorm         flowcnorm      flow_cfl       identity       icnorm         snorm          #linesear  iterPDAS   flagPDAS   iterGMRES  resiGMRES      flagGMRES  feasible   n_active_  n_vmult           dRdW_form         dRdW_mult         dRdX_mult         d2R_mult          
  32    7.087320e-02   8.626623e-04   3.435259e-13   3.435259e-13   9.902052e-14   1.170669e+17   2.984138e-04   0.000000e+00   6.048218e-02   1          1          1          126        7.926453e-11   0          YES       23         283438            104               78190             14640             14384             
  iter  value          gnorm          cnorm          ecnorm         flowcnorm      flow_cfl       identity       icnorm         snorm          #linesear  iterPDAS   flagPDAS   iterGMRES  resiGMRES      flagGMRES  feasible   n_active_  n_vmult           dRdW_form         dRdW_mult         dRdX_mult         d2R_mult          
  33    7.087306e-02   7.587764e-04   3.354643e-13   3.354643e-13   9.650104e-14   1.365696e+17   7.441862e-05   0.000000e+00   8.448431e-03   1          1          1          132        9.290672e-11   0          YES       23         293861            107               81049             15180             14916             
  iter  value          gnorm          cnorm          ecnorm         flowcnorm      flow_cfl       identity       icnorm         snorm          #linesear  iterPDAS   flagPDAS   iterGMRES  resiGMRES      flagGMRES  feasible   n_active_  n_vmult           dRdW_form         dRdW_mult         dRdX_mult         d2R_mult          
  34    7.087290e-02   7.025898e-04   2.525096e-13   2.525096e-13   8.842963e-14   1.609535e+17   5.757416e-05   0.000000e+00   1.702807e-02   1          1          1          114        8.255836e-11   0          YES       23         302916            110               83548             15648             15376             
  iter  value          gnorm          cnorm          ecnorm         flowcnorm      flow_cfl       identity       icnorm         snorm          #linesear  iterPDAS   flagPDAS   iterGMRES  resiGMRES      flagGMRES  feasible   n_active_  n_vmult           dRdW_form         dRdW_mult         dRdX_mult         d2R_mult          
  35    7.087357e-02   2.973403e-07   2.080752e-15   2.080752e-15   2.080752e-15   1.616314e+22   4.936325e-05   0.000000e+00   4.825579e-03   1          1          0          96         5.366581e-11   0          YES       23         310603            113               85687             16044             15764             
Optimization Terminated with Status: Converged
The process took 913.15 seconds to run.
Total n_vmult for algorithm 310603
