Starting optimization with 20 control variables...

Primal Dual Active Set Method

 Full-Space Newton Method
  iter  value          gnorm          cnorm          ecnorm         flowcnorm      flow_cfl       identity       icnorm         snorm          #linesear  iterPDAS   flagPDAS   iterGMRES  resiGMRES      flagGMRES  feasible   n_active_  n_vmult           dRdW_form         dRdW_mult         dRdX_mult         d2R_mult          
  0     9.531779e-02   2.155096e-01   
  iter  value          gnorm          cnorm          ecnorm         flowcnorm      flow_cfl       identity       icnorm         snorm          #linesear  iterPDAS   flagPDAS   iterGMRES  resiGMRES      flagGMRES  feasible   n_active_  n_vmult           dRdW_form         dRdW_mult         dRdX_mult         d2R_mult          
  1     8.331107e-02   1.591780e+00   1.957612e-11   1.957612e-11   1.957612e-11   3.209152e+11   4.644440e+00   0.000000e+00   2.704437e+01   1          1          1          93         6.393405e-11   0          YES       1          7752              11                2212              384               376               
  iter  value          gnorm          cnorm          ecnorm         flowcnorm      flow_cfl       identity       icnorm         snorm          #linesear  iterPDAS   flagPDAS   iterGMRES  resiGMRES      flagGMRES  feasible   n_active_  n_vmult           dRdW_form         dRdW_mult         dRdX_mult         d2R_mult          
  2     8.334969e-02   2.201793e-01   1.341574e-11   1.341574e-11   1.341574e-11   3.385392e+12   2.533764e+02   0.000000e+00   2.544986e+01   1          1          1          96         9.418510e-11   0          YES       1          15425             14                4337              780               764               
  iter  value          gnorm          cnorm          ecnorm         flowcnorm      flow_cfl       identity       icnorm         snorm          #linesear  iterPDAS   flagPDAS   iterGMRES  resiGMRES      flagGMRES  feasible   n_active_  n_vmult           dRdW_form         dRdW_mult         dRdX_mult         d2R_mult          
  3     7.875386e-02   1.320776e-01   2.577021e-12   2.577021e-12   2.574842e-12   2.940494e+13   4.847891e+00   0.000000e+00   5.701313e-01   1          1          0          77         9.287939e-11   0          YES       1          21661             17                6089              1100              1076              
  iter  value          gnorm          cnorm          ecnorm         flowcnorm      flow_cfl       identity       icnorm         snorm          #linesear  iterPDAS   flagPDAS   iterGMRES  resiGMRES      flagGMRES  feasible   n_active_  n_vmult           dRdW_form         dRdW_mult         dRdX_mult         d2R_mult          
  4     7.616152e-02   7.627940e-02   1.837422e-12   1.837422e-12   1.837422e-12   7.134835e+13   1.744450e+00   0.000000e+00   4.769177e-01   1          1          1          70         8.152634e-11   0          YES       2          27358             20                7694              1392              1360              
  iter  value          gnorm          cnorm          ecnorm         flowcnorm      flow_cfl       identity       icnorm         snorm          #linesear  iterPDAS   flagPDAS   iterGMRES  resiGMRES      flagGMRES  feasible   n_active_  n_vmult           dRdW_form         dRdW_mult         dRdX_mult         d2R_mult          
  5     7.459945e-02   4.126205e-02   1.621378e-12   1.621378e-12   1.621378e-12   1.494737e+14   5.818547e-01   0.000000e+00   3.102970e-01   1          1          1          70         7.347191e-11   0          YES       3          33062             23                9306              1684              1644              
  iter  value          gnorm          cnorm          ecnorm         flowcnorm      flow_cfl       identity       icnorm         snorm          #linesear  iterPDAS   flagPDAS   iterGMRES  resiGMRES      flagGMRES  feasible   n_active_  n_vmult           dRdW_form         dRdW_mult         dRdX_mult         d2R_mult          
  6     7.451912e-02   3.303676e-02   1.565282e-12   1.565282e-12   1.565282e-12   1.933793e+14   1.702557e-01   0.000000e+00   9.697047e-02   1          1          1          74         6.775968e-11   0          YES       3          39070             26                10998             1992              1944              
  iter  value          gnorm          cnorm          ecnorm         flowcnorm      flow_cfl       identity       icnorm         snorm          #linesear  iterPDAS   flagPDAS   iterGMRES  resiGMRES      flagGMRES  feasible   n_active_  n_vmult           dRdW_form         dRdW_mult         dRdX_mult         d2R_mult          
  7     7.415760e-02   2.532947e-02   1.290157e-12   1.290157e-12   1.290157e-12   3.060069e+14   1.091427e-01   0.000000e+00   1.279447e-01   1          1          1          82         9.725884e-11   0          YES       4          45686             29                12850             2332              2276              
  iter  value          gnorm          cnorm          ecnorm         flowcnorm      flow_cfl       identity       icnorm         snorm          #linesear  iterPDAS   flagPDAS   iterGMRES  resiGMRES      flagGMRES  feasible   n_active_  n_vmult           dRdW_form         dRdW_mult         dRdX_mult         d2R_mult          
  8     7.385415e-02   1.752640e-02   9.675406e-13   9.675406e-13   9.675406e-13   5.897094e+14   6.415821e-02   0.000000e+00   1.017945e-01   1          1          1          87         6.068690e-11   0          YES       4          52668             32                14788             2692              2628              
  iter  value          gnorm          cnorm          ecnorm         flowcnorm      flow_cfl       identity       icnorm         snorm          #linesear  iterPDAS   flagPDAS   iterGMRES  resiGMRES      flagGMRES  feasible   n_active_  n_vmult           dRdW_form         dRdW_mult         dRdX_mult         d2R_mult          
  9     7.384973e-02   1.131058e-02   9.565488e-13   9.565488e-13   9.565488e-13   9.242897e+14   3.071747e-02   0.000000e+00   7.648052e-02   1          1          1          96         6.048393e-11   0          YES       5          60348             35                16920             3088              3016              
  iter  value          gnorm          cnorm          ecnorm         flowcnorm      flow_cfl       identity       icnorm         snorm          #linesear  iterPDAS   flagPDAS   iterGMRES  resiGMRES      flagGMRES  feasible   n_active_  n_vmult           dRdW_form         dRdW_mult         dRdX_mult         d2R_mult          
  10    7.381501e-02   6.844184e-03   7.709985e-13   7.709985e-13   7.709985e-13   1.895068e+15   1.279292e-02   0.000000e+00   8.436632e-02   1          1          1          105        6.458153e-11   0          YES       6          68705             38                19225             3520              3440              
  iter  value          gnorm          cnorm          ecnorm         flowcnorm      flow_cfl       identity       icnorm         snorm          #linesear  iterPDAS   flagPDAS   iterGMRES  resiGMRES      flagGMRES  feasible   n_active_  n_vmult           dRdW_form         dRdW_mult         dRdX_mult         d2R_mult          
  11    7.376497e-02   3.350884e-03   4.375625e-13   4.375625e-13   4.375625e-13   6.820254e+15   4.684285e-03   0.000000e+00   8.509103e-02   1          1          1          116        6.690010e-11   0          YES       7          77898             41                21750             3996              3908              
  iter  value          gnorm          cnorm          ecnorm         flowcnorm      flow_cfl       identity       icnorm         snorm          #linesear  iterPDAS   flagPDAS   iterGMRES  resiGMRES      flagGMRES  feasible   n_active_  n_vmult           dRdW_form         dRdW_mult         dRdX_mult         d2R_mult          
  12    7.374706e-02   1.474368e-03   2.156514e-13   2.156514e-13   2.156514e-13   3.145153e+16   1.122843e-03   0.000000e+00   8.237732e-02   1          1          1          117        8.030518e-11   0          YES       8          87181             44                24309             4476              4380              
  iter  value          gnorm          cnorm          ecnorm         flowcnorm      flow_cfl       identity       icnorm         snorm          #linesear  iterPDAS   flagPDAS   iterGMRES  resiGMRES      flagGMRES  feasible   n_active_  n_vmult           dRdW_form         dRdW_mult         dRdX_mult         d2R_mult          
  13    7.374664e-02   1.647066e-03   2.121600e-13   2.121600e-13   2.121600e-13   2.861709e+16   2.173760e-04   0.000000e+00   7.814297e-03   1          1          1          110        8.930914e-11   0          YES       8          95925             47                26721             4928              4824              
  iter  value          gnorm          cnorm          ecnorm         flowcnorm      flow_cfl       identity       icnorm         snorm          #linesear  iterPDAS   flagPDAS   iterGMRES  resiGMRES      flagGMRES  feasible   n_active_  n_vmult           dRdW_form         dRdW_mult         dRdX_mult         d2R_mult          
  14    7.374600e-02   1.244409e-03   1.823549e-13   1.823549e-13   1.823549e-13   4.406761e+16   2.712827e-04   0.000000e+00   6.323706e-03   1          1          1          98         7.520843e-11   0          YES       8          103750            50                28886             5332              5220              
  iter  value          gnorm          cnorm          ecnorm         flowcnorm      flow_cfl       identity       icnorm         snorm          #linesear  iterPDAS   flagPDAS   iterGMRES  resiGMRES      flagGMRES  feasible   n_active_  n_vmult           dRdW_form         dRdW_mult         dRdX_mult         d2R_mult          
  15    7.374652e-02   2.537570e-06   1.893432e-14   1.893432e-14   3.337428e-15   1.180783e+21   1.548553e-04   0.000000e+00   2.145854e-02   1          1          0          92         6.328819e-11   0          YES       8          111119            53                30931             5712              5592              
Optimization Terminated with Status: Converged
The process took 137.908 seconds to run.
Total n_vmult for algorithm 111119
