Starting optimization with 10 control variables...

Primal Dual Active Set Method

 Full-Space Newton Method
  iter  value          gnorm          cnorm          ecnorm         flowcnorm      flow_cfl       identity       icnorm         snorm          #linesear  iterPDAS   flagPDAS   iterGMRES  resiGMRES      flagGMRES  feasible   n_active_  n_vmult           dRdW_form         dRdW_mult         dRdX_mult         d2R_mult          
  0     3.995257e-02   1.458427e-01   
  iter  value          gnorm          cnorm          ecnorm         flowcnorm      flow_cfl       identity       icnorm         snorm          #linesear  iterPDAS   flagPDAS   iterGMRES  resiGMRES      flagGMRES  feasible   n_active_  n_vmult           dRdW_form         dRdW_mult         dRdX_mult         d2R_mult          
  1     1.919045e-02   2.902864e-01   4.542687e-09   4.542687e-09   4.542687e-09   7.583340e+09   2.127010e+00   0.000000e+00   2.183496e+01   1          1          0          133        8.356973e-11   0          YES       1          13090             18                4090              544               536               
  iter  value          gnorm          cnorm          ecnorm         flowcnorm      flow_cfl       identity       icnorm         snorm          #linesear  iterPDAS   flagPDAS   iterGMRES  resiGMRES      flagGMRES  feasible   n_active_  n_vmult           dRdW_form         dRdW_mult         dRdX_mult         d2R_mult          
  2     1.930453e-02   1.091895e-01   4.163644e-09   4.163644e-09   4.163644e-09   2.199609e+10   8.426617e+00   0.000000e+00   1.146222e+01   1          1          1          142        7.619553e-11   0          YES       1          24901             21                7597              1124              1108              
  iter  value          gnorm          cnorm          ecnorm         flowcnorm      flow_cfl       identity       icnorm         snorm          #linesear  iterPDAS   flagPDAS   iterGMRES  resiGMRES      flagGMRES  feasible   n_active_  n_vmult           dRdW_form         dRdW_mult         dRdX_mult         d2R_mult          
  3     1.930435e-02   1.264852e-01   4.162322e-09   4.162322e-09   4.162322e-09   1.899436e+10   1.192235e+00   0.000000e+00   3.498083e+00   1          1          1          143        8.027565e-11   0          YES       2          36774             24                11110             1708              1684              
  iter  value          gnorm          cnorm          ecnorm         flowcnorm      flow_cfl       identity       icnorm         snorm          #linesear  iterPDAS   flagPDAS   iterGMRES  resiGMRES      flagGMRES  feasible   n_active_  n_vmult           dRdW_form         dRdW_mult         dRdX_mult         d2R_mult          
  4     2.272964e-02   4.627822e-02   7.779896e-10   7.779896e-10   7.779896e-10   2.777471e+11   1.599851e+00   0.000000e+00   6.179114e+00   1          1          0          138        6.303107e-11   0          YES       1          48274             27                14530             2272              2240              
  iter  value          gnorm          cnorm          ecnorm         flowcnorm      flow_cfl       identity       icnorm         snorm          #linesear  iterPDAS   flagPDAS   iterGMRES  resiGMRES      flagGMRES  feasible   n_active_  n_vmult           dRdW_form         dRdW_mult         dRdX_mult         d2R_mult          
  5     2.264740e-02   1.132762e-01   1.139635e-07   1.139635e-07   7.692706e-10   1.147578e+11   2.141673e-01   0.000000e+00   5.639278e+00   1          1          1          144        9.497567e-11   0          YES       2          60244             30                18084             2860              2820              
  iter  value          gnorm          cnorm          ecnorm         flowcnorm      flow_cfl       identity       icnorm         snorm          #linesear  iterPDAS   flagPDAS   iterGMRES  resiGMRES      flagGMRES  feasible   n_active_  n_vmult           dRdW_form         dRdW_mult         dRdX_mult         d2R_mult          
  6     2.252784e-02   4.350704e-02   6.622596e-10   6.622596e-10   6.622596e-10   3.470661e+11   1.283150e+00   0.000000e+00   4.931880e+00   1          1          1          134        8.796447e-11   0          YES       3          71475             33                21459             3408              3360              
  iter  value          gnorm          cnorm          ecnorm         flowcnorm      flow_cfl       identity       icnorm         snorm          #linesear  iterPDAS   flagPDAS   iterGMRES  resiGMRES      flagGMRES  feasible   n_active_  n_vmult           dRdW_form         dRdW_mult         dRdX_mult         d2R_mult          
  7     2.176915e-02   4.523722e-02   3.298987e-10   3.298987e-10   3.298987e-10   6.700751e+11   1.892862e-01   0.000000e+00   2.182255e+00   1          1          1          132        8.808487e-11   0          YES       3          82526             36                24766             3948              3892              
  iter  value          gnorm          cnorm          ecnorm         flowcnorm      flow_cfl       identity       icnorm         snorm          #linesear  iterPDAS   flagPDAS   iterGMRES  resiGMRES      flagGMRES  feasible   n_active_  n_vmult           dRdW_form         dRdW_mult         dRdX_mult         d2R_mult          
  8     2.176785e-02   7.653458e-02   3.297465e-10   3.297465e-10   3.297465e-10   3.962434e+11   2.046406e-01   0.000000e+00   7.080578e+00   1          1          1          141        7.903057e-11   0          YES       3          94282             39                28274             4524              4460              
  iter  value          gnorm          cnorm          ecnorm         flowcnorm      flow_cfl       identity       icnorm         snorm          #linesear  iterPDAS   flagPDAS   iterGMRES  resiGMRES      flagGMRES  feasible   n_active_  n_vmult           dRdW_form         dRdW_mult         dRdX_mult         d2R_mult          
  9     2.176785e-02   2.997509e-02   3.297465e-10   3.297465e-10   3.297465e-10   1.011718e+12   5.857541e-01   0.000000e+00   4.358631e+00   1          1          1          134        7.698085e-11   0          YES       4          105506            42                31642             5072              5000              
  iter  value          gnorm          cnorm          ecnorm         flowcnorm      flow_cfl       identity       icnorm         snorm          #linesear  iterPDAS   flagPDAS   iterGMRES  resiGMRES      flagGMRES  feasible   n_active_  n_vmult           dRdW_form         dRdW_mult         dRdX_mult         d2R_mult          
  10    2.166595e-02   3.095126e-02   3.026679e-10   3.026679e-10   3.026679e-10   1.067469e+12   8.985060e-02   0.000000e+00   1.189781e+00   1          1          1          137        7.272237e-11   0          YES       5          116951            45                35063             5632              5552              
  iter  value          gnorm          cnorm          ecnorm         flowcnorm      flow_cfl       identity       icnorm         snorm          #linesear  iterPDAS   flagPDAS   iterGMRES  resiGMRES      flagGMRES  feasible   n_active_  n_vmult           dRdW_form         dRdW_mult         dRdX_mult         d2R_mult          
  11    2.137327e-02   2.978422e-02   1.814986e-12   1.814986e-12   1.814715e-12   1.850143e+14   9.579803e-02   0.000000e+00   3.612507e+00   1          1          1          138        9.206115e-11   0          YES       3          128451            48                38483             6196              6108              
  iter  value          gnorm          cnorm          ecnorm         flowcnorm      flow_cfl       identity       icnorm         snorm          #linesear  iterPDAS   flagPDAS   iterGMRES  resiGMRES      flagGMRES  feasible   n_active_  n_vmult           dRdW_form         dRdW_mult         dRdX_mult         d2R_mult          
  12    2.137327e-02   9.147279e-02   1.814986e-12   1.814986e-12   1.814715e-12   6.024203e+13   8.870996e-02   0.000000e+00   6.317268e+00   1          1          1          146        8.699563e-11   0          YES       2          140545            51                42049             6792              6696              
  iter  value          gnorm          cnorm          ecnorm         flowcnorm      flow_cfl       identity       icnorm         snorm          #linesear  iterPDAS   flagPDAS   iterGMRES  resiGMRES      flagGMRES  feasible   n_active_  n_vmult           dRdW_form         dRdW_mult         dRdX_mult         d2R_mult          
  13    2.137327e-02   1.221328e-01   1.814986e-12   1.814986e-12   1.814715e-12   4.511898e+13   8.367272e-01   0.000000e+00   5.259077e+00   1          1          1          143        8.732604e-11   0          YES       4          152404            54                45548             7376              7272              
  iter  value          gnorm          cnorm          ecnorm         flowcnorm      flow_cfl       identity       icnorm         snorm          #linesear  iterPDAS   flagPDAS   iterGMRES  resiGMRES      flagGMRES  feasible   n_active_  n_vmult           dRdW_form         dRdW_mult         dRdX_mult         d2R_mult          
  14    2.137282e-02   1.251928e-01   1.814606e-12   1.814606e-12   1.814334e-12   4.402541e+13   1.491642e+00   0.000000e+00   3.028478e+00   1          1          1          144        9.067758e-11   0          YES       3          164346            57                49074             7964              7852              
  iter  value          gnorm          cnorm          ecnorm         flowcnorm      flow_cfl       identity       icnorm         snorm          #linesear  iterPDAS   flagPDAS   iterGMRES  resiGMRES      flagGMRES  feasible   n_active_  n_vmult           dRdW_form         dRdW_mult         dRdX_mult         d2R_mult          
  15    2.137282e-02   5.541073e-02   1.814606e-12   1.814606e-12   1.814334e-12   9.946926e+13   1.567324e+00   0.000000e+00   6.568586e+00   1          1          1          133        7.378394e-11   0          YES       5          175452            60                52380             8508              8388              
  iter  value          gnorm          cnorm          ecnorm         flowcnorm      flow_cfl       identity       icnorm         snorm          #linesear  iterPDAS   flagPDAS   iterGMRES  resiGMRES      flagGMRES  feasible   n_active_  n_vmult           dRdW_form         dRdW_mult         dRdX_mult         d2R_mult          
  16    2.137820e-02   5.060277e-03   6.118626e-08   6.118626e-08   1.504526e-12   1.313488e+15   3.070348e-01   0.000000e+00   4.279333e+00   1          1          1          136        7.278072e-11   0          YES       5          186793            63                55753             9064              8936              
  iter  value          gnorm          cnorm          ecnorm         flowcnorm      flow_cfl       identity       icnorm         snorm          #linesear  iterPDAS   flagPDAS   iterGMRES  resiGMRES      flagGMRES  feasible   n_active_  n_vmult           dRdW_form         dRdW_mult         dRdX_mult         d2R_mult          
  17    2.139757e-02   2.260483e-04   1.781485e-05   1.781485e-05   7.324372e-14   6.039880e+17   2.560641e-03   0.000000e+00   1.030347e+00   1          1          0          127        9.622317e-11   0          YES       5          197443            66                58939             9584              9448              
  iter  value          gnorm          cnorm          ecnorm         flowcnorm      flow_cfl       identity       icnorm         snorm          #linesear  iterPDAS   flagPDAS   iterGMRES  resiGMRES      flagGMRES  feasible   n_active_  n_vmult           dRdW_form         dRdW_mult         dRdX_mult         d2R_mult          
  18    2.140243e-02   3.917411e-07   2.282151e-08   2.282151e-08   1.383683e-15   1.844863e+22   5.109785e-06   0.000000e+00   2.692261e-02   1          1          0          119        8.241469e-11   0          YES       5          207506            69                61986             10072             9928              
Optimization Terminated with Status: Converged
The process took 163.506 seconds to run.
Total n_vmult for algorithm 207506
