Starting optimization with 40...

Newton-Krylov using GMRES with Limited-Memory BFGS preconditioning
Line Search: Backtracking satisfying Null Curvature Condition
-------------------------------------------------------------------------------------------------------------
Newton-Krylov status output definitions

  iter     - Number of iterates (steps taken) 
  value    - Objective function value 
  gnorm    - Norm of the gradient
  snorm    - Norm of the step (update to optimization vector)
  #fval    - Cumulative number of times the objective function was evaluated
  #grad    - Number of times the gradient was computed
  iterCG   - Number of Krylov iterations used to compute search direction
  flagCG   - Krylov solver flag
-------------------------------------------------------------------------------------------------------------
  iter  value          gnorm          snorm          #fval     #grad     iterCG    flagCG    ls_#fval  ls_#grad  n_vmult           dRdW_form         dRdW_mult         dRdX_mult         d2R_mult          
  0     7.740932e-03   2.232448e-01   
  1     1.445944e-04   3.902958e-02   4.132017e-01   2         2         29        0         1         0         75620             11                72366             62                120               
  2     2.624798e-07   8.065875e-04   3.337863e-01   3         3         26        0         1         0         143060            17                137585            117               228               
  3     5.128015e-08   6.484779e-06   3.023178e-02   4         4         24        0         1         0         205602            22                198170            168               328               
  4     8.701220e-11   1.530655e-07   4.068508e-02   5         5         30        0         1         0         276175            26                266714            231               452               
  5     5.630123e-13   1.876289e-09   5.676634e-03   6         6         32        0         1         0         324742            29                313348            298               584               
Optimization Terminated with Status: Converged
The process took 7932.94 seconds to run.
Total n_vmult for algorithm 324742
