Starting optimization with 40...

Quasi-Newton Method with Limited-Memory BFGS
Line Search: Backtracking satisfying Null Curvature Condition
-------------------------------------------------------------------------------------------------------------
Quasi-Newton Method status output definitions

  iter     - Number of iterates (steps taken) 
  value    - Objective function value 
  gnorm    - Norm of the gradient
  snorm    - Norm of the step (update to optimization vector)
  #fval    - Cumulative number of times the objective function was evaluated
  #grad    - Number of times the gradient was computed
-------------------------------------------------------------------------------------------------------------
  iter  value          gnorm          snorm          #fval     #grad     ls_#fval  ls_#grad  n_vmult           dRdW_form         dRdW_mult         dRdX_mult         d2R_mult          
  0     7.192494e-03   2.031613e-01   
  1     4.224818e-03   2.015245e-01   5.079032e-02   4         2         3         0         25436             32                22862             2                 0                 
  2     1.928964e-03   8.083205e-02   1.684859e-02   5         3         1         0         27247             36                24346             3                 0                 
  3     9.785815e-04   5.945065e-02   2.006135e-02   6         4         1         0         29320             41                26012             4                 0                 
  4     4.276402e-04   4.908703e-02   1.699672e-02   7         5         1         0         31788             47                27993             5                 0                 
  5     3.300011e-04   7.516260e-02   2.824792e-02   8         6         1         0         33798             52                29596             6                 0                 
  6     6.344546e-05   2.717403e-02   9.808791e-03   9         7         1         0         35630             56                31101             7                 0                 
  7     2.180660e-05   6.350380e-03   4.189582e-03   10        8         1         0         38025             61                33089             8                 0                 
  8     1.685296e-05   5.000250e-03   9.829108e-04   11        9         1         0         40172             65                34909             9                 0                 
  9     5.973811e-06   4.349479e-03   3.729362e-03   12        10        1         0         42637             70                36967             10                0                 
  10    1.829701e-06   2.610915e-03   2.500123e-03   13        11        1         0         44707             74                38710             11                0                 
  11    5.931362e-07   1.851136e-03   2.037924e-03   14        12        1         0         46791             78                40467             12                0                 
  12    1.552967e-07   5.253708e-04   4.613373e-04   15        13        1         0         49057             82                42406             13                0                 
  13    1.023816e-07   2.756874e-04   1.928013e-04   16        14        1         0         51309             86                44331             14                0                 
  14    7.546802e-08   1.816759e-04   1.912035e-04   17        15        1         0         53152             89                45927             15                0                 
  15    5.639173e-08   2.342485e-04   1.878363e-04   18        16        1         0         55418             93                47866             16                0                 
  16    3.349072e-08   2.074638e-04   2.831813e-04   19        17        1         0         57705             97                49826             17                0                 
  17    1.512509e-08   1.685551e-04   3.483359e-04   20        18        1         0         59992             101               51786             18                0                 
  18    1.199614e-08   1.932801e-04   1.718265e-04   21        19        1         0         61842             104               53389             19                0                 
  19    8.938015e-09   5.536865e-05   5.261870e-05   22        20        1         0         63769             107               55069             20                0                 
  20    8.289749e-09   3.964479e-05   2.259439e-05   23        21        1         0         65731             110               56784             21                0                 
  21    7.177900e-09   3.493812e-05   5.932058e-05   24        22        1         0         67630             113               58436             22                0                 
  22    6.302154e-09   3.225686e-05   5.957922e-05   25        23        1         0         69522             116               60081             23                0                 
  23    4.960671e-09   4.369453e-05   1.269031e-04   26        24        1         0         71879             120               62111             24                0                 
  24    3.893887e-09   4.999487e-05   1.672448e-04   27        25        1         0         74292             124               64197             25                0                 
  25    3.055376e-09   2.894322e-05   4.294775e-05   28        26        1         0         76677             128               66255             26                0                 
  26    2.632675e-09   2.456696e-05   4.422603e-05   29        27        1         0         78632             131               67963             27                0                 
  27    2.442874e-09   2.039970e-05   2.949561e-05   30        28        1         0         80601             134               69685             28                0                 
  28    2.239744e-09   1.878834e-05   2.931771e-05   31        29        1         0         82570             137               71407             29                0                 
  29    1.842395e-09   1.856133e-05   7.662565e-05   32        30        1         0         84553             140               73143             30                0                 
  30    1.593491e-09   1.950065e-05   5.494238e-05   33        31        1         0         86980             144               75243             31                0                 
  31    1.381623e-09   1.334820e-05   5.286260e-05   34        32        1         0         88942             147               76958             32                0                 
  32    1.194252e-09   1.268039e-05   4.661692e-05   35        33        1         0         90925             150               78694             33                0                 
  33    9.448512e-10   1.564477e-05   8.009305e-05   36        34        1         0         92873             153               80395             34                0                 
  34    7.180850e-10   1.925249e-05   1.022874e-04   37        35        1         0         94856             156               82131             35                0                 
  35    5.183160e-10   1.131998e-05   4.930086e-05   38        36        1         0         96853             159               83881             36                0                 
  36    4.058573e-10   6.201062e-06   3.889765e-05   39        37        1         0         98899             162               85680             37                0                 
  37    3.798881e-10   4.761377e-06   1.155085e-05   40        38        1         0         100959            165               87493             38                0                 
  38    3.466185e-10   5.638098e-06   1.616998e-05   41        39        1         0         103019            168               89306             39                0                 
  39    2.811815e-10   8.383468e-06   3.965803e-05   42        40        1         0         105009            171               91049             40                0                 
  40    2.324971e-10   8.247576e-06   4.356598e-05   43        41        1         0         106999            174               92792             41                0                 
  41    2.182670e-10   7.350218e-06   3.844061e-05   44        42        1         0         109003            177               94549             42                0                 
  42    1.977541e-10   2.293988e-06   1.646043e-05   45        43        1         0         111077            180               96376             43                0                 
  43    1.921443e-10   2.384158e-06   4.696855e-06   46        44        1         0         113151            183               98203             44                0                 
  44    1.766585e-10   4.421848e-06   1.139598e-05   47        45        1         0         115204            186               100009            45                0                 
  45    1.486281e-10   6.884237e-06   2.560518e-05   48        46        1         0         117271            189               101829            46                0                 
  46    1.041546e-10   7.445621e-06   5.380870e-05   49        47        1         0         119303            192               103614            47                0                 
  47    5.326705e-11   5.909727e-06   7.270978e-05   50        48        1         0         121835            196               105819            48                0                 
  48    3.574802e-11   2.822557e-06   4.542264e-05   51        49        1         0         123965            199               107702            49                0                 
  49    3.153262e-11   2.446504e-06   8.390821e-06   52        50        1         0         126462            203               109872            50                0                 
  50    2.692906e-11   3.018815e-06   1.028531e-05   53        51        1         0         128739            206               111902            51                0                 
  51    2.087394e-11   2.772155e-06   1.715075e-05   54        52        1         0         130855            209               113771            52                0                 
  52    1.636853e-11   1.279508e-06   1.751200e-05   55        53        1         0         132957            212               115626            53                0                 
  53    1.507322e-11   4.182825e-07   7.968023e-06   56        54        1         0         135164            215               117586            54                0                 
  54    1.473488e-11   6.326038e-07   2.007493e-06   57        55        1         0         137427            218               119602            55                0                 
  55    1.414841e-11   1.127703e-06   3.388440e-06   58        56        1         0         139578            221               121506            56                0                 
  56    1.303803e-11   1.700743e-06   6.312454e-06   59        57        1         0         141764            224               123445            57                0                 
  57    1.046146e-11   2.349333e-06   1.568783e-05   60        58        1         0         144111            227               125545            58                0                 
  58    6.847960e-12   2.316308e-06   2.473148e-05   61        59        1         0         146500            230               127687            59                0                 
  59    6.154722e-12   2.299850e-06   8.312185e-06   64        60        3         0         150042            237               130662            60                0                 
  60    3.847270e-12   1.027725e-06   1.659029e-05   65        61        1         0         152333            240               132706            61                0                 
  61    3.370482e-12   1.781547e-07   2.853727e-06   66        62        1         0         154673            243               134799            62                0                 
  62    3.331588e-12   7.975763e-08   1.859823e-06   67        63        1         0         157034            246               136913            63                0                 
Optimization Terminated with Status: Converged
The process took 2236.74 seconds to run.
Total n_vmult for algorithm 157034
