Starting optimization with 60...

Newton-Krylov using GMRES with Limited-Memory BFGS preconditioning
Line Search: Backtracking satisfying Null Curvature Condition
-------------------------------------------------------------------------------------------------------------
Newton-Krylov status output definitions

  iter     - Number of iterates (steps taken) 
  value    - Objective function value 
  gnorm    - Norm of the gradient
  snorm    - Norm of the step (update to optimization vector)
  #fval    - Cumulative number of times the objective function was evaluated
  #grad    - Number of times the gradient was computed
  iterCG   - Number of Krylov iterations used to compute search direction
  flagCG   - Krylov solver flag
-------------------------------------------------------------------------------------------------------------
  iter  value          gnorm          snorm          #fval     #grad     iterCG    flagCG    ls_#fval  ls_#grad  n_vmult           dRdW_form         dRdW_mult         dRdX_mult         d2R_mult          
  0     7.428760e-03   1.864416e-01   
  1     1.816700e-04   3.901634e-02   1.201444e+00   2         2         37        0         1         0         55895             7                 53725             78                152               
  2     6.464786e-07   1.149761e-03   9.299168e-01   3         3         31        0         1         0         104644            12                100723            143               280               
  3     5.201223e-08   1.513426e-05   1.744024e-01   4         4         26        0         1         0         145102            16                139720            198               388               
  4     1.019344e-10   9.012174e-07   8.818929e-02   5         5         37        0         1         0         182340            20                175035            275               540               
  5     1.060918e-11   6.526008e-09   5.192066e-03   6         6         39        0         1         0         189853            23                180621            356               700               
Optimization Terminated with Status: Converged
The process took 1826.84 seconds to run.
Total n_vmult for algorithm 189853
