Starting optimization with 84...

Primal Dual Active Set Method

 Reduced-Space  Quasi-Newton
  iter  value          gnorm          cnorm          ecnorm         flowcnorm      identity       icnorm         snorm          #fval      #grad      #linesear  iterPDAS   flagPDAS   iterGMRES  flagGMRES  feasible   
  0     1.392543e-02   2.738229e-01   
  iter  value          gnorm          cnorm          ecnorm         flowcnorm      identity       icnorm         snorm          #fval      #grad      #linesear  iterPDAS   flagPDAS   iterGMRES  flagGMRES  feasible   
  1     1.123197e-03   1.688261e+00   2.230676e-05   2.230676e-05   2.926190e-16   2.500000e+00   0.000000e+00   1.412271e+00   2          2          1          1          1          8          0          YES       
  iter  value          gnorm          cnorm          ecnorm         flowcnorm      identity       icnorm         snorm          #fval      #grad      #linesear  iterPDAS   flagPDAS   iterGMRES  flagGMRES  feasible   
  2     3.737215e-04   4.143610e-02   1.643184e-05   1.643184e-05   2.615542e-16   2.500000e+00   0.000000e+00   1.141373e+00   3          3          1          1          1          8          0          YES       
  iter  value          gnorm          cnorm          ecnorm         flowcnorm      identity       icnorm         snorm          #fval      #grad      #linesear  iterPDAS   flagPDAS   iterGMRES  flagGMRES  feasible   
  3     2.185598e-05   4.901501e-02   0.000000e+00   0.000000e+00   2.708969e-16   4.143610e-01   0.000000e+00   5.468180e-01   4          4          1          1          0          12         0          YES       
  iter  value          gnorm          cnorm          ecnorm         flowcnorm      identity       icnorm         snorm          #fval      #grad      #linesear  iterPDAS   flagPDAS   iterGMRES  flagGMRES  feasible   
  4     1.383041e-06   3.180950e-02   0.000000e+00   0.000000e+00   2.859302e-16   4.901501e-01   0.000000e+00   5.660091e-01   5          5          1          1          1          12         0          YES       
  iter  value          gnorm          cnorm          ecnorm         flowcnorm      identity       icnorm         snorm          #fval      #grad      #linesear  iterPDAS   flagPDAS   iterGMRES  flagGMRES  feasible   
  5     3.476227e-08   4.003431e-04   7.255068e-09   7.255068e-09   2.838181e-16   3.180950e-01   0.000000e+00   6.121434e-02   6          6          1          1          1          11         0          YES       
  iter  value          gnorm          cnorm          ecnorm         flowcnorm      identity       icnorm         snorm          #fval      #grad      #linesear  iterPDAS   flagPDAS   iterGMRES  flagGMRES  feasible   
  6     2.287872e-12   1.149576e-05   1.387779e-17   1.387779e-17   2.609041e-16   4.003431e-03   0.000000e+00   2.151888e-03   7          7          1          1          0          13         0          YES       
  iter  value          gnorm          cnorm          ecnorm         flowcnorm      identity       icnorm         snorm          #fval      #grad      #linesear  iterPDAS   flagPDAS   iterGMRES  flagGMRES  feasible   
  7     2.396610e-18   6.988330e-07   0.000000e+00   0.000000e+00   3.034088e-16   1.149576e-04   0.000000e+00   1.218886e-04   8          8          1          1          1          13         0          YES       
Optimization Terminated with Status: Converged
The process took 464.61 seconds to run.
Total n_vmult for algorithm 21195
