Starting optimization with 24...

Primal Dual Active Set Method

 Reduced-Space  Quasi-Newton
  iter  value          gnorm          cnorm          ecnorm         flowcnorm      identity       icnorm         snorm          #fval      #grad      #linesear  iterPDAS   flagPDAS   iterGMRES  flagGMRES  feasible   
  0     1.392543e-02   2.388710e-01   
  iter  value          gnorm          cnorm          ecnorm         flowcnorm      identity       icnorm         snorm          #fval      #grad      #linesear  iterPDAS   flagPDAS   iterGMRES  flagGMRES  feasible   
  1     2.245598e-03   3.850324e+00   1.342434e-03   1.342434e-03   2.737582e-16   2.388710e+00   0.000000e+00   1.424614e+00   2          2          1          1          1          8          0          YES       
  iter  value          gnorm          cnorm          ecnorm         flowcnorm      identity       icnorm         snorm          #fval      #grad      #linesear  iterPDAS   flagPDAS   iterGMRES  flagGMRES  feasible   
  2     2.442733e-03   3.362519e-01   5.516016e-04   5.516016e-04   3.052468e-16   2.500000e+00   0.000000e+00   2.077602e+00   3          3          2          1          1          11         0          YES       
  iter  value          gnorm          cnorm          ecnorm         flowcnorm      identity       icnorm         snorm          #fval      #grad      #linesear  iterPDAS   flagPDAS   iterGMRES  flagGMRES  feasible   
  3     7.836980e-04   7.032084e-01   2.349390e-04   2.349390e-04   2.692003e-16   2.500000e+00   0.000000e+00   3.646630e+00   4          4          1          1          0          12         0          YES       
  iter  value          gnorm          cnorm          ecnorm         flowcnorm      identity       icnorm         snorm          #fval      #grad      #linesear  iterPDAS   flagPDAS   iterGMRES  flagGMRES  feasible   
  4     1.793892e-04   6.557384e-01   8.451137e-05   8.451137e-05   2.865841e-16   2.500000e+00   0.000000e+00   4.798185e+00   5          5          1          1          1          13         0          YES       
  iter  value          gnorm          cnorm          ecnorm         flowcnorm      identity       icnorm         snorm          #fval      #grad      #linesear  iterPDAS   flagPDAS   iterGMRES  flagGMRES  feasible   
  5     1.655834e-05   2.117078e-02   2.939963e-05   2.939963e-05   3.044765e-16   2.500000e+00   0.000000e+00   1.264141e+00   6          6          1          1          1          13         0          YES       
  iter  value          gnorm          cnorm          ecnorm         flowcnorm      identity       icnorm         snorm          #fval      #grad      #linesear  iterPDAS   flagPDAS   iterGMRES  flagGMRES  feasible   
  6     2.261361e-09   3.610119e-03   4.962801e-06   4.962801e-06   2.644925e-16   2.117078e-01   0.000000e+00   5.185975e-02   7          7          1          1          1          15         0          YES       
  iter  value          gnorm          cnorm          ecnorm         flowcnorm      identity       icnorm         snorm          #fval      #grad      #linesear  iterPDAS   flagPDAS   iterGMRES  flagGMRES  feasible   
  7     7.145183e-15   4.656013e-05   6.319186e-10   6.319186e-10   2.900706e-16   3.610119e-02   0.000000e+00   2.376670e-03   8          8          1          1          0          13         0          YES       
  iter  value          gnorm          cnorm          ecnorm         flowcnorm      identity       icnorm         snorm          #fval      #grad      #linesear  iterPDAS   flagPDAS   iterGMRES  flagGMRES  feasible   
  8     4.700838e-19   8.112203e-08   0.000000e+00   0.000000e+00   2.685853e-16   4.656013e-04   0.000000e+00   1.851368e-05   9          9          1          1          0          12         0          YES       
Optimization Terminated with Status: Converged
The process took 566.096 seconds to run.
Total n_vmult for algorithm 25690
