Starting optimization with 100...
Optimizing FFD points to obtain target Gaussian bump...

Quasi-Newton Method with Limited-Memory BFGS
Line Search: Backtracking satisfying Null Curvature Condition
  iter  value          gnorm          snorm          #fval     #grad     ls_#fval  ls_#grad  n_vmult   dRdW_form         dRdW_mult         dRdX_mult         d2R_mult          
  0     1.460802e-03   6.163059e-03   
  1     1.457007e-03   6.154322e-03   6.163059e-04   2         2         1         0         487850    58                448642            1032              1988              
  2     1.202229e-03   5.545370e-03   4.362721e-02   3         3         1         0         491622    64                450487            1033              1988              
  3     9.921012e-04   5.000723e-03   4.003452e-02   4         4         1         0         495403    70                452341            1034              1988              
  4     8.172889e-04   4.508496e-03   3.706367e-02   5         5         1         0         499184    76                454195            1035              1988              
  5     6.723314e-04   4.064023e-03   3.419612e-02   6         6         1         0         502965    82                456049            1036              1988              
  6     5.524195e-04   3.663011e-03   3.146834e-02   7         7         1         0         506770    88                457927            1037              1988              
  7     4.534169e-04   3.301169e-03   2.888587e-02   8         8         1         0         509643    93                459193            1038              1988              
  8     3.718073e-04   2.974869e-03   2.646991e-02   9         9         1         0         512519    98                460462            1039              1988              
  9     3.046250e-04   2.680435e-03   2.421138e-02   10        10        1         0         515401    103               461737            1040              1988              
  10    2.493816e-04   2.414960e-03   2.212707e-02   11        11        1         0         518292    108               463021            1041              1988              
  11    2.039953e-04   2.175255e-03   2.019658e-02   12        12        1         0         521189    113               464311            1042              1988              
  12    1.667270e-04   1.959053e-03   1.844355e-02   13        13        1         0         524101    118               465616            1043              1988              
  13    1.361248e-04   1.763391e-03   1.683874e-02   14        14        1         0         527022    123               466930            1044              1988              
  14    1.109819e-04   1.586551e-03   1.541809e-02   15        15        1         0         529952    128               468253            1045              1988              
  15    9.031463e-05   1.425750e-03   1.411838e-02   16        16        1         0         532891    133               469585            1046              1988              
  16    7.336232e-05   1.280341e-03   1.293158e-02   17        17        1         0         535836    138               470923            1047              1988              
  17    5.955197e-05   1.148827e-03   1.173196e-02   18        18        1         0         538793    143               472273            1048              1988              
  18    4.839200e-05   1.031442e-03   1.056925e-02   19        19        1         0         541759    148               473632            1049              1988              
  19    3.940553e-05   9.265198e-04   9.465547e-03   20        20        1         0         544734    153               475000            1050              1988              
  20    3.215884e-05   8.330239e-04   8.500801e-03   21        21        1         0         547724    158               476383            1051              1988              
  21    2.629880e-05   7.492149e-04   7.646577e-03   22        22        1         0         550729    163               477781            1052              1988              
  22    2.154880e-05   6.741075e-04   6.902243e-03   23        23        1         0         553740    168               479185            1053              1988              
  23    1.769290e-05   6.065607e-04   6.236600e-03   24        24        1         0         556757    173               480595            1054              1988              
  24    1.456025e-05   5.458457e-04   5.644614e-03   25        25        1         0         559783    178               482014            1055              1988              
  25    1.201423e-05   4.911803e-04   5.110695e-03   26        26        1         0         562815    183               483439            1056              1988              
  26    9.944632e-06   4.419856e-04   4.631505e-03   27        27        1         0         565853    188               484870            1057              1988              
  27    8.262207e-06   3.976785e-04   4.198934e-03   28        28        1         0         568897    193               486307            1058              1988              
  28    6.894420e-06   3.577799e-04   3.810022e-03   29        29        1         0         571941    198               487744            1059              1988              
  29    5.782225e-06   3.218332e-04   3.460354e-03   30        30        1         0         575000    203               489196            1060              1988              
  30    4.877451e-06   2.894279e-04   3.147456e-03   31        31        1         0         578062    208               490651            1061              1988              
  31    4.140696e-06   2.601882e-04   2.869956e-03   32        32        1         0         581133    213               492115            1062              1988              
  32    3.539676e-06   2.337352e-04   2.626221e-03   33        33        1         0         584198    218               493573            1063              1988              
  33    3.048229e-06   2.097515e-04   2.415090e-03   34        34        1         0         587278    223               495046            1064              1988              
  34    2.646200e-06   1.879483e-04   2.225304e-03   35        35        1         0         590349    228               496510            1065              1988              
  35    2.319176e-06   1.682501e-04   2.041227e-03   36        36        1         0         593438    233               497992            1066              1988              
  36    2.055686e-06   1.505988e-04   1.854820e-03   37        37        1         0         596524    238               499471            1067              1988              
  37    1.844277e-06   1.348892e-04   1.681255e-03   38        38        1         0         599625    243               500965            1068              1988              
  38    1.674153e-06   1.208720e-04   1.531059e-03   39        39        1         0         602723    248               502456            1069              1988              
  39    1.536509e-06   1.083277e-04   1.405597e-03   40        40        1         0         605836    253               503962            1070              1988              
  40    1.424600e-06   9.705426e-05   1.300035e-03   41        41        1         0         608949    258               505468            1071              1988              
  41    1.333257e-06   8.690252e-05   1.210759e-03   42        42        1         0         612068    263               506980            1072              1988              
  42    1.258455e-06   7.774033e-05   1.134642e-03   43        43        1         0         615190    268               508495            1073              1988              
  43    1.197006e-06   6.946160e-05   1.069904e-03   44        44        1         0         618321    273               510019            1074              1988              
  44    1.146363e-06   6.196943e-05   1.015069e-03   45        45        1         0         621452    278               511543            1075              1988              
  45    1.104471e-06   5.518114e-05   9.691925e-04   46        46        1         0         624589    283               513073            1076              1988              
  46    1.069672e-06   4.902083e-05   9.314559e-04   47        47        1         0         627732    288               514609            1077              1988              
  47    1.040621e-06   4.342197e-05   9.012858e-04   48        48        1         0         630884    293               516154            1078              1988              
  48    1.016228e-06   3.832387e-05   8.782192e-04   49        49        1         0         634036    298               517699            1079              1988              
  49    9.956044e-07   3.367298e-05   8.619642e-04   50        50        1         0         637191    303               519247            1080              1988              
  50    9.780301e-07   2.942123e-05   8.523618e-04   51        51        1         0         640355    308               520804            1081              1988              
  51    9.629159e-07   2.552696e-05   8.494207e-04   52        52        1         0         643525    313               522367            1082              1988              
  52    9.497800e-07   2.195464e-05   8.533144e-04   53        53        1         0         646704    318               523939            1083              1988              
  53    9.382270e-07   1.867659e-05   8.644065e-04   54        54        1         0         649886    323               525514            1084              1988              
  54    9.279300e-07   1.567531e-05   8.832623e-04   55        55        1         0         653068    328               527089            1085              1988              
  55    9.186172e-07   1.294949e-05   9.106720e-04   56        56        1         0         656253    333               528667            1086              1988              
  56    9.100596e-07   1.052589e-05   9.476683e-04   57        57        1         0         659441    338               530248            1087              1988              
  57    9.020622e-07   8.483969e-06   9.955495e-04   58        58        1         0         662629    343               531829            1088              1988              
Optimization Terminated with Status: Converged
 Done target optimization...
 Resetting problem to initial conditions and target previous FFD points 
 and aim for machine precision functional value....
The process took 747.674 seconds to run.
********************************************************
Biros and Ghattas Full-space method...with P4A preconditioner
Using 16100 design variables: 16000 simulation variables and 100 control variables.
Line Search: Backtracking satisfying Null Curvature Condition
********************************************************
Iteration         Func. val.        ||Lagr. grad.||   ||Constraint||    ||Search dir||    search_ctl_norm   search_sim_norm   search_adj_norm   n_kkt_iter        n_linesearches    n_grad            n_vmult           dRdW_form         dRdW_mult         dRdX_mult         d2R_mult          
1                 6.58463e-06       0.00506414        0.0185286         11.0866           8.0139            4.67124           6.07196           534               1                 0                 50350             2                 5824              2146              4276              
2                 8.37806e-07       0.000240764       0.000453363       3.33849           3.18817           0.38735           0.911593          350               1                 0                 82970             3                 9333              3555              7080              
3                 8.71055e-10       4.64506e-05       7.09311e-05       4.93092           4.92257           0.140037          0.250411          410               1                 0                 121110            4                 13442             5204              10364             
4                 1.62475e-12       6.51564e-08       3.07607e-08       0.145563          0.14375           0.00506875        0.0223314         438               1                 0                 161826            5                 17831             6965              13872             
5                 4.3813e-13        3.05372e-11       1.33126e-10       0.156838          0.156838          0.000225638       0.000136359       520               1                 0                 210086            6                 23040             9054              18036             
Optimization Terminated with Status: Converged
The process took 895.74 seconds to run.
Total n_vmult for algorithm 210086
