Starting optimization with 20...
Optimizing FFD points to obtain target Gaussian bump...

Quasi-Newton Method with Limited-Memory BFGS
Line Search: Backtracking satisfying Null Curvature Condition
  iter  value          gnorm          snorm          #fval     #grad     ls_#fval  ls_#grad  n_vmult   dRdW_form         dRdW_mult         dRdX_mult         d2R_mult          
  0     1.460201e-03   8.745775e-03   
  1     1.452567e-03   8.713000e-03   8.745775e-04   2         2         1         0         129042    47                19492             4956              9836              
  2     1.255158e-03   7.851069e-03   2.408548e-02   3         3         1         0         131845    53                21208             4957              9836              
  3     1.086603e-03   7.070007e-03   2.332232e-02   4         4         1         0         134648    59                22924             4958              9836              
  4     9.422130e-04   6.358528e-03   2.280786e-02   5         5         1         0         137451    65                24640             4959              9836              
  5     8.191236e-04   5.712394e-03   2.228801e-02   6         6         1         0         140257    71                26359             4960              9836              
  6     7.145409e-04   5.126698e-03   2.176050e-02   7         7         1         0         143063    77                28078             4961              9836              
  7     6.258969e-04   4.596462e-03   2.122487e-02   8         8         1         0         145878    83                29806             4962              9836              
  8     5.508915e-04   4.116853e-03   2.068475e-02   9         9         1         0         148717    89                31558             4963              9836              
  9     4.874984e-04   3.683289e-03   2.014614e-02   10        10        1         0         151580    95                33334             4964              9836              
  10    4.339530e-04   3.291496e-03   1.961587e-02   11        11        1         0         154419    101               35086             4965              9836              
  11    3.887319e-04   2.937531e-03   1.910067e-02   12        12        1         0         157261    107               36841             4966              9836              
  12    3.505287e-04   2.617781e-03   1.860675e-02   13        13        1         0         159311    112               37984             4967              9836              
  13    3.182286e-04   2.328951e-03   1.813975e-02   14        14        1         0         161349    117               39115             4968              9836              
  14    2.908841e-04   2.068046e-03   1.770495e-02   15        15        1         0         163387    122               40246             4969              9836              
  15    2.676923e-04   1.832348e-03   1.730745e-02   16        16        1         0         165431    127               41383             4970              9836              
  16    2.479745e-04   1.619394e-03   1.695235e-02   17        17        1         0         167478    132               42523             4971              9836              
  17    2.311584e-04   1.426958e-03   1.664485e-02   18        18        1         0         169525    137               43663             4972              9836              
  18    2.167620e-04   1.253035e-03   1.639033e-02   19        19        1         0         171596    142               44827             4973              9836              
  19    2.043806e-04   1.095832e-03   1.619431e-02   20        20        1         0         173676    147               46000             4974              9836              
  20    1.936743e-04   9.537579e-04   1.606244e-02   21        21        1         0         175756    152               47173             4975              9836              
  21    1.843584e-04   8.254284e-04   1.600047e-02   22        22        1         0         177836    157               48346             4976              9836              
  22    1.761948e-04   7.096692e-04   1.601414e-02   23        23        1         0         179922    162               49525             4977              9836              
  23    1.689844e-04   6.055362e-04   1.610918e-02   24        24        1         0         182008    167               50704             4978              9836              
  24    1.625607e-04   5.123475e-04   1.629128e-02   25        25        1         0         184094    172               51883             4979              9836              
  25    1.567848e-04   4.297409e-04   1.656582e-02   26        26        1         0         186174    177               53056             4980              9836              
  26    1.515407e-04   3.577627e-04   1.693800e-02   27        27        1         0         188266    182               54241             4981              9836              
  27    1.467315e-04   2.969825e-04   1.741262e-02   28        28        1         0         190355    187               55423             4982              9836              
  28    1.422761e-04   2.485676e-04   1.799417e-02   29        29        1         0         192435    192               56596             4983              9836              
  29    1.381064e-04   2.140662e-04   1.868732e-02   30        30        1         0         194524    197               57778             4984              9836              
  30    1.341646e-04   1.944623e-04   1.949816e-02   31        31        1         0         196613    202               58960             4985              9836              
  31    1.304005e-04   1.886422e-04   2.043762e-02   32        32        1         0         198702    207               60142             4986              9836              
  32    1.267683e-04   1.928938e-04   2.152909e-02   33        33        1         0         200791    212               61324             4987              9836              
  33    1.232214e-04   2.023736e-04   2.282584e-02   34        34        1         0         202883    217               62509             4988              9836              
  34    1.197041e-04   2.128127e-04   2.445129e-02   35        35        1         0         204984    222               63703             4989              9836              
  35    1.161345e-04   2.211262e-04   2.669489e-02   36        36        1         0         207088    227               64900             4990              9836              
  36    1.123722e-04   2.255211e-04   3.024318e-02   37        37        1         0         209192    232               66097             4991              9836              
  37    1.081758e-04   2.250004e-04   3.654977e-02   38        38        1         0         211290    237               67288             4992              9836              
  38    1.035578e-04   3.157719e-04   5.456430e-02   39        39        1         0         213367    242               68458             4993              9836              
  39    9.965340e-05   3.024962e-04   4.015387e-02   40        40        1         0         215471    247               69655             4994              9836              
  40    9.579506e-05   2.864511e-04   4.275030e-02   41        41        1         0         217575    252               70852             4995              9836              
  41    9.164311e-05   2.706256e-04   5.054943e-02   42        42        1         0         219688    257               72058             4996              9836              
  42    8.637668e-05   2.533034e-04   7.436119e-02   43        43        1         0         221777    262               73240             4997              9836              
  43    8.283432e-05   2.347393e-04   5.293459e-02   44        44        1         0         223917    267               74473             4998              9836              
  44    7.979116e-05   2.146050e-04   4.993516e-02   45        45        1         0         226048    272               75697             4999              9836              
  45    7.654373e-05   2.076720e-04   5.768588e-02   46        46        1         0         228194    277               76936             5000              9836              
  46    7.352309e-05   1.813596e-04   5.873125e-02   47        47        1         0         230307    282               78142             5001              9836              
  47    7.124388e-05   1.664217e-04   4.863784e-02   48        48        1         0         232450    287               79378             5002              9836              
  48    6.902194e-05   1.588416e-04   5.247256e-02   49        49        1         0         234539    292               80560             5003              9836              
  49    6.701088e-05   1.375712e-04   5.048352e-02   50        50        1         0         236661    297               81775             5004              9836              
  50    6.556771e-05   1.267589e-04   3.985973e-02   51        51        1         0         238804    302               83011             5005              9836              
  51    6.426196e-05   1.129192e-04   3.759758e-02   52        52        1         0         240938    307               84238             5006              9836              
  52    6.307948e-05   1.036455e-04   3.676314e-02   53        53        1         0         243087    312               85480             5007              9836              
  53    6.200471e-05   9.152823e-05   3.496470e-02   54        54        1         0         245251    317               86737             5008              9836              
  54    6.102825e-05   8.320168e-05   3.433145e-02   55        55        1         0         247445    322               88024             5009              9836              
  55    6.013576e-05   7.253803e-05   3.307186e-02   56        56        1         0         249615    327               89287             5010              9836              
  56    5.931150e-05   6.483385e-05   3.300575e-02   57        57        1         0         251809    332               90574             5011              9836              
  57    5.853287e-05   5.605637e-05   3.338471e-02   58        58        1         0         253955    337               91813             5012              9836              
  58    5.773260e-05   4.722704e-05   3.713176e-02   59        59        1         0         256116    342               93067             5013              9836              
  59    5.704676e-05   4.056857e-05   3.476190e-02   60        60        1         0         258256    347               94300             5014              9836              
  60    5.644187e-05   3.444762e-05   3.273991e-02   61        61        1         0         260417    352               95554             5015              9836              
  61    5.587968e-05   3.043197e-05   3.245948e-02   62        62        1         0         262590    357               96820             5016              9836              
  62    5.531521e-05   2.782973e-05   3.411622e-02   63        63        1         0         264724    362               98047             5017              9836              
  63    5.472791e-05   2.703295e-05   3.729903e-02   64        64        1         0         266894    367               99310             5018              9836              
  64    5.410714e-05   2.876119e-05   4.101497e-02   65        65        1         0         269106    372               100615            5019              9836              
  65    5.343913e-05   3.187781e-05   4.600488e-02   66        66        1         0         271273    377               101875            5020              9836              
  66    5.271714e-05   3.667922e-05   5.150290e-02   67        67        1         0         273446    382               103141            5021              9836              
  67    5.192274e-05   4.358226e-05   5.862419e-02   68        68        1         0         275616    387               104404            5022              9836              
  68    5.105415e-05   4.779453e-05   6.653484e-02   69        69        1         0         277765    392               105646            5023              9836              
  69    5.002143e-05   7.100431e-05   8.349900e-02   70        70        1         0         279917    397               106891            5024              9836              
  70    4.919265e-05   7.931754e-05   6.977308e-02   71        71        1         0         282096    402               108163            5025              9836              
  71    4.822606e-05   8.321276e-05   8.213204e-02   72        72        1         0         284227    407               109387            5026              9836              
  72    4.712280e-05   9.524001e-05   9.504526e-02   73        73        1         0         286391    412               110644            5027              9836              
  73    4.591314e-05   9.864167e-05   1.058911e-01   74        74        1         0         288534    417               111880            5028              9836              
  74    4.458637e-05   1.115457e-04   1.175094e-01   75        75        1         0         290674    422               113113            5029              9836              
  75    4.318864e-05   1.134025e-04   1.265323e-01   76        76        1         0         292817    427               114349            5030              9836              
  76    4.171087e-05   1.234681e-04   1.345593e-01   77        77        1         0         294957    432               115582            5031              9836              
  77    4.022038e-05   1.232832e-04   1.396655e-01   78        78        1         0         297097    437               116815            5032              9836              
  78    3.872864e-05   1.234771e-04   1.396391e-01   79        79        1         0         299228    442               118039            5033              9836              
  79    3.725898e-05   1.220540e-04   1.424677e-01   80        80        1         0         301374    447               119278            5034              9836              
  80    3.587627e-05   1.136824e-04   1.361471e-01   81        81        1         0         303517    452               120514            5035              9836              
  81    3.463048e-05   1.108835e-04   1.275332e-01   82        82        1         0         305681    457               121771            5036              9836              
  82    3.349259e-05   1.031775e-04   1.185934e-01   83        83        1         0         307824    462               123007            5037              9836              
  83    3.247289e-05   9.704216e-05   1.095877e-01   84        84        1         0         310003    467               124279            5038              9836              
  84    3.158996e-05   9.238651e-05   9.781276e-02   85        85        1         0         312176    472               125545            5039              9836              
  85    3.080260e-05   8.349157e-05   8.911905e-02   86        86        1         0         314355    477               126817            5040              9836              
  86    3.012765e-05   7.834615e-05   7.997414e-02   87        87        1         0         316579    482               128134            5041              9836              
  87    2.955708e-05   7.086858e-05   6.970977e-02   88        88        1         0         318770    487               129418            5042              9836              
  88    2.907364e-05   6.592553e-05   6.169879e-02   89        89        1         0         320985    492               130726            5043              9836              
  89    2.866800e-05   5.962587e-05   5.392179e-02   90        90        1         0         323224    497               132058            5044              9836              
  90    2.832821e-05   5.466440e-05   4.723123e-02   91        91        1         0         325451    502               133378            5045              9836              
  91    2.804594e-05   4.951709e-05   4.121599e-02   92        92        1         0         327699    507               134719            5046              9836              
  92    2.781135e-05   4.493191e-05   3.593425e-02   93        93        1         0         329908    512               136021            5047              9836              
  93    2.761701e-05   4.056630e-05   3.144185e-02   94        94        1         0         332144    517               137350            5048              9836              
  94    2.745592e-05   3.655537e-05   2.747983e-02   95        95        1         0         334398    522               138697            5049              9836              
  95    2.732235e-05   3.283536e-05   2.416569e-02   96        96        1         0         336658    527               140050            5050              9836              
  96    2.721140e-05   2.940733e-05   2.128105e-02   97        97        1         0         338924    532               141409            5051              9836              
  97    2.711902e-05   2.624696e-05   1.886428e-02   98        98        1         0         341196    537               142774            5052              9836              
  98    2.704185e-05   2.333789e-05   1.678542e-02   99        99        1         0         343468    542               144139            5053              9836              
  99    2.697712e-05   2.065836e-05   1.503858e-02   100       100       1         0         345749    547               145513            5054              9836              
  100   2.692255e-05   1.819120e-05   1.355202e-02   101       101       1         0         348027    552               146884            5055              9836              
  101   2.687626e-05   1.591669e-05   1.230706e-02   102       102       1         0         350311    557               148261            5056              9836              
  102   2.683669e-05   1.381880e-05   1.126324e-02   103       103       1         0         352592    562               149635            5057              9836              
  103   2.680257e-05   1.188172e-05   1.040254e-02   104       104       1         0         354882    567               151018            5058              9836              
  104   2.677283e-05   1.009327e-05   9.701482e-03   105       105       1         0         357175    572               152404            5059              9836              
  105   2.674661e-05   8.445103e-06   9.146950e-03   106       106       1         0         359471    577               153793            5060              9836              
Optimization Terminated with Status: Converged
 Done target optimization...
 Resetting problem to initial conditions and target previous FFD points 
 and aim for machine precision functional value....
The process took 346.746 seconds to run.
Starting optimization with 20...

Quasi-Newton Method with Limited-Memory BFGS
Line Search: Backtracking satisfying Null Curvature Condition
-------------------------------------------------------------------------------------------------------------
Quasi-Newton Method status output definitions

  iter     - Number of iterates (steps taken) 
  value    - Objective function value 
  gnorm    - Norm of the gradient
  snorm    - Norm of the step (update to optimization vector)
  #fval    - Cumulative number of times the objective function was evaluated
  #grad    - Number of times the gradient was computed
-------------------------------------------------------------------------------------------------------------
  iter  value          gnorm          snorm          #fval     #grad     ls_#fval  ls_#grad  n_vmult   dRdW_form         dRdW_mult         dRdX_mult         d2R_mult          
  0     1.433091e-03   8.747121e-03   
  1     1.358011e-03   8.420204e-03   8.747121e-03   2         2         1         0         2681      6                 1587              2                 0                 
  2     3.058868e-04   1.298028e-03   2.336744e-01   3         3         1         0         5145      12                2964              3                 0                 
  3     2.562921e-04   9.344499e-04   5.041936e-02   4         4         1         0         7912      18                4644              4                 0                 
  4     2.002331e-04   7.917231e-04   9.452273e-02   5         5         1         0         10511     24                6156              5                 0                 
  5     1.598410e-04   5.902091e-04   1.050327e-01   6         6         1         0         13257     30                7815              6                 0                 
  6     1.322111e-04   6.065655e-04   1.488668e-01   7         7         1         0         15991     36                9462              7                 0                 
  7     1.160524e-04   3.330248e-04   8.265317e-02   8         8         1         0         18746     42                11130             8                 0                 
  8     1.070306e-04   3.044181e-04   4.429199e-02   9         9         1         0         21591     48                12888             9                 0                 
  9     8.704118e-05   3.191201e-04   1.617221e-01   10        10        1         0         24340     54                14550             10                0                 
  10    8.213312e-05   3.303478e-04   7.930171e-02   12        11        2         0         29186     65                17409             11                0                 
  11    7.749998e-05   1.490230e-04   5.093227e-02   13        12        1         0         32064     71                19200             12                0                 
  12    7.511022e-05   1.217384e-04   3.393249e-02   14        13        1         0         34144     76                20373             13                0                 
  13    7.190782e-05   2.014749e-04   5.362109e-02   15        14        1         0         36233     81                21555             14                0                 
  14    6.440034e-05   3.476985e-04   1.418134e-01   16        15        1         0         38301     86                22716             15                0                 
  15    5.142361e-05   4.495847e-04   2.793037e-01   17        16        1         0         41173     92                24501             16                0                 
  16    3.747278e-05   3.241430e-04   3.446765e-01   18        17        1         0         43982     98                26223             17                0                 
  17    3.308901e-05   1.441700e-04   1.395506e-01   19        18        1         0         46800     104               27954             18                0                 
  18    3.197504e-05   2.578680e-05   1.799019e-02   20        19        1         0         48874     109               29121             19                0                 
  19    3.185996e-05   3.000852e-05   2.118850e-02   21        20        1         0         51026     114               30366             20                0                 
  20    3.162299e-05   4.207618e-05   2.492421e-02   22        21        1         0         53172     119               31605             21                0                 
  21    3.077118e-05   7.499688e-05   6.781618e-02   23        22        1         0         55291     124               32817             22                0                 
  22    2.878863e-05   1.253956e-04   1.521001e-01   24        23        1         0         57383     129               34002             23                0                 
  23    2.429507e-05   1.874520e-04   3.720855e-01   25        24        1         0         59460     134               35172             24                0                 
  24    1.675402e-05   2.614913e-04   7.427809e-01   26        25        1         0         61519     139               36324             25                0                 
  25    8.542698e-06   2.002596e-04   9.356962e-01   27        26        1         0         64355     145               38073             26                0                 
  26    3.555150e-06   8.288371e-05   5.187398e-01   28        27        1         0         67215     151               39846             27                0                 
  27    2.117362e-06   3.688667e-05   1.140267e-01   29        28        1         0         69295     156               41019             28                0                 
  28    1.673467e-06   3.933944e-05   5.220797e-02   30        29        1         0         71426     161               42243             29                0                 
  29    7.427484e-07   3.903001e-05   5.188411e-02   31        30        1         0         73542     166               43452             30                0                 
  30    5.451865e-07   6.059011e-05   8.384210e-02   33        31        2         0         77926     176               46029             31                0                 
  31    1.311924e-07   1.403541e-05   6.049730e-02   34        32        1         0         80063     181               47259             32                0                 
  32    9.935688e-08   3.338880e-06   3.636094e-02   35        33        1         0         82254     186               48543             33                0                 
  33    9.617880e-08   1.625173e-06   1.304404e-02   36        34        1         0         84502     191               49884             34                0                 
  34    9.475393e-08   1.732544e-06   2.561480e-03   37        35        1         0         86810     196               51285             35                0                 
  35    8.154875e-08   4.148112e-06   1.883240e-02   38        36        1         0         89067     201               52635             36                0                 
  36    6.855851e-08   5.011073e-06   1.715986e-02   39        37        1         0         91306     206               53967             37                0                 
  37    5.730772e-08   3.898670e-06   2.088152e-02   40        38        1         0         93551     211               55305             38                0                 
  38    5.546394e-08   1.829807e-06   9.576084e-03   41        39        1         0         95826     216               56673             39                0                 
  39    5.528992e-08   2.197149e-07   2.116564e-03   42        40        1         0         98185     221               58125             40                0                 
  40    5.527930e-08   1.970044e-07   6.125796e-04   43        41        1         0         100568    226               59601             41                0                 
  41    5.526546e-08   2.183985e-07   2.080879e-04   44        42        1         0         103014    231               61140             42                0                 
  42    5.504316e-08   6.079459e-07   2.505397e-03   45        43        1         0         105337    236               62556             43                0                 
  43    5.461742e-08   1.125727e-06   4.326140e-03   46        44        1         0         107666    241               63978             44                0                 
  44    5.337454e-08   2.074839e-06   1.269979e-02   47        45        1         0         109974    246               65379             45                0                 
  45    5.042546e-08   3.426161e-06   3.123954e-02   48        46        1         0         112267    251               66765             46                0                 
  46    4.353169e-08   5.198762e-06   7.646673e-02   49        47        1         0         114563    256               68154             47                0                 
  47    3.057064e-08   6.585402e-06   1.531377e-01   50        48        1         0         116829    261               69513             48                0                 
  48    1.419007e-08   5.853713e-06   2.114934e-01   51        49        1         0         119095    266               70872             49                0                 
  49    4.351244e-09   3.335820e-06   1.359947e-01   52        50        1         0         121322    271               72192             50                0                 
  50    2.388969e-09   1.657448e-06   2.196994e-02   53        51        1         0         123555    276               73518             51                0                 
  51    1.595544e-09   2.317992e-07   2.533288e-02   54        52        1         0         125821    281               74877             52                0                 
  52    1.550642e-09   7.492451e-08   1.096077e-02   55        53        1         0         128180    286               76329             53                0                 
  53    1.543306e-09   8.283800e-08   1.639197e-03   56        54        1         0         129867    290               77289             54                0                 
  54    1.479071e-09   2.127311e-07   9.218983e-03   57        55        1         0         132235    295               78750             55                0                 
  55    1.366760e-09   3.739472e-07   9.245896e-03   58        56        1         0         134585    300               80193             56                0                 
  56    1.086849e-09   6.042196e-07   1.308270e-02   59        57        1         0         136893    305               81594             57                0                 
  57    6.446700e-10   7.087941e-07   1.346327e-02   60        58        1         0         139234    310               83028             58                0                 
  58    2.081783e-10   8.748543e-07   2.327652e-02   61        59        1         0         141563    315               84450             59                0                 
  59    3.355282e-11   2.635530e-07   2.301906e-02   62        60        1         0         143934    320               85914             60                0                 
  60    6.915586e-12   3.426847e-08   8.050192e-03   63        61        1         0         146284    325               87357             61                0                 
  61    5.354242e-12   1.834127e-09   1.652938e-03   64        62        1         0         148697    330               88863             62                0                 
  62    5.350773e-12   7.741576e-10   8.577724e-05   65        63        1         0         150462    334               89901             63                0                 
Optimization Terminated with Status: Converged
The process took 207.427 seconds to run.
Total n_vmult for algorithm 150462
