Starting optimization with 60...
Optimizing FFD points to obtain target Gaussian bump...

Quasi-Newton Method with Limited-Memory BFGS
Line Search: Backtracking satisfying Null Curvature Condition
  iter  value          gnorm          snorm          #fval     #grad     ls_#fval  ls_#grad  n_vmult   dRdW_form         dRdW_mult         dRdX_mult         d2R_mult          
  0     1.460802e-03   6.829650e-03   
  1     1.456142e-03   6.816993e-03   6.829650e-04   2         2         1         0         399056    58                363702            844               1612              
  2     1.214745e-03   6.143220e-03   3.746437e-02   3         3         1         0         402846    64                365565            845               1612              
  3     1.012301e-03   5.537461e-03   3.527377e-02   4         4         1         0         406639    70                367431            846               1612              
  4     8.414144e-04   4.987893e-03   3.354646e-02   5         5         1         0         410426    76                369291            847               1612              
  5     6.979778e-04   4.490652e-03   3.178442e-02   6         6         1         0         414213    82                371151            848               1612              
  6     5.781062e-04   4.041527e-03   3.000363e-02   7         7         1         0         418009    88                373020            849               1612              
  7     4.782763e-04   3.636299e-03   2.822512e-02   8         8         1         0         421832    94                374916            850               1612              
  8     3.953686e-04   3.270921e-03   2.647292e-02   9         9         1         0         424708    99                376185            851               1612              
  9     3.266691e-04   2.941599e-03   2.476870e-02   10        10        1         0         427596    104               377466            852               1612              
  10    2.698465e-04   2.644839e-03   2.312973e-02   11        11        1         0         430487    109               378750            853               1612              
  11    2.229175e-04   2.377451e-03   2.156841e-02   12        12        1         0         433384    114               380040            854               1612              
  12    1.842067e-04   2.136543e-03   2.009272e-02   13        13        1         0         436290    119               381339            855               1612              
  13    1.523066e-04   1.919499e-03   1.870695e-02   14        14        1         0         439202    124               382644            856               1612              
  14    1.260401e-04   1.723960e-03   1.741252e-02   15        15        1         0         442123    129               383958            857               1612              
  15    1.044255e-04   1.547798e-03   1.620876e-02   16        16        1         0         445059    134               385287            858               1612              
  16    8.664709e-05   1.389095e-03   1.509345e-02   17        17        1         0         448007    139               386628            859               1612              
  17    7.202828e-05   1.246120e-03   1.406334e-02   18        18        1         0         450961    144               387975            860               1612              
  18    6.000911e-05   1.117316e-03   1.311451e-02   19        19        1         0         453921    149               389328            861               1612              
  19    5.012698e-05   1.001275e-03   1.224264e-02   20        20        1         0         456890    154               390690            862               1612              
  20    4.200030e-05   8.967322e-04   1.144321e-02   21        21        1         0         459871    159               392064            863               1612              
  21    3.531472e-05   8.025438e-04   1.071166e-02   22        22        1         0         462864    164               393450            864               1612              
  22    2.981158e-05   7.176801e-04   1.004352e-02   23        23        1         0         465869    169               394848            865               1612              
  23    2.527828e-05   6.412126e-04   9.434424e-03   24        24        1         0         468883    174               396255            866               1612              
  24    2.154021e-05   5.723043e-04   8.880256e-03   25        25        1         0         471906    179               397671            867               1612              
  25    1.845407e-05   5.102012e-04   8.377122e-03   26        26        1         0         474935    184               399093            868               1612              
  26    1.590238e-05   4.542238e-04   7.921402e-03   27        27        1         0         477967    189               400518            869               1612              
  27    1.378879e-05   4.037606e-04   7.509760e-03   28        28        1         0         481002    194               401946            870               1612              
  28    1.203439e-05   3.582610e-04   7.139153e-03   29        29        1         0         484043    199               403380            871               1612              
  29    1.057455e-05   3.172301e-04   6.806839e-03   30        30        1         0         487090    204               404820            872               1612              
  30    9.356333e-06   2.802235e-04   6.510371e-03   31        31        1         0         490137    209               406260            873               1612              
  31    8.336388e-06   2.468427e-04   6.247600e-03   32        32        1         0         493187    214               407703            874               1612              
  32    7.479225e-06   2.167314e-04   6.016673e-03   33        33        1         0         496237    219               409146            875               1612              
  33    6.755774e-06   1.895724e-04   5.816028e-03   34        34        1         0         499287    224               410589            876               1612              
  34    6.142220e-06   1.650846e-04   5.644389e-03   35        35        1         0         502298    229               411993            877               1612              
  35    5.619041e-06   1.430212e-04   5.500767e-03   36        36        1         0         505336    234               413424            878               1612              
  36    5.170225e-06   1.231689e-04   5.384451e-03   37        37        1         0         508374    239               414855            879               1612              
  37    4.782626e-06   1.053474e-04   5.295006e-03   38        38        1         0         511388    244               416262            880               1612              
  38    4.445438e-06   8.941161e-05   5.232267e-03   39        39        1         0         514453    249               417720            881               1612              
  39    4.149766e-06   7.525471e-05   5.196335e-03   40        40        1         0         517521    254               419181            882               1612              
  40    3.888271e-06   6.281528e-05   5.187573e-03   41        41        1         0         520595    259               420648            883               1612              
  41    3.654887e-06   5.208728e-05   5.206611e-03   42        42        1         0         523648    264               422094            884               1612              
  42    3.444580e-06   4.313149e-05   5.254372e-03   43        43        1         0         526728    269               423567            885               1612              
  43    3.253157e-06   3.607603e-05   5.332130e-03   44        44        1         0         529781    274               425013            886               1612              
  44    3.077100e-06   3.107157e-05   5.441675e-03   45        45        1         0         532867    279               426492            887               1612              
  45    2.913427e-06   2.815628e-05   5.585655e-03   46        46        1         0         535953    284               427971            888               1612              
  46    2.759562e-06   2.707724e-05   5.768320e-03   47        47        1         0         539039    289               429450            889               1612              
  47    2.613201e-06   2.727140e-05   5.997334e-03   48        48        1         0         542125    294               430929            890               1612              
  48    2.472040e-06   2.811553e-05   6.297679e-03   49        49        1         0         545202    299               432399            891               1612              
  49    2.324869e-06   3.588083e-05   7.710471e-03   50        50        1         0         548279    304               433869            892               1612              
  50    2.196843e-06   3.531568e-05   6.862065e-03   51        51        1         0         551362    309               435345            893               1612              
  51    2.094648e-06   3.574708e-05   6.018077e-03   52        52        1         0         554478    314               436854            894               1612              
  52    1.985320e-06   3.378836e-05   6.634663e-03   53        53        1         0         557582    319               438351            895               1612              
  53    1.875617e-06   3.344080e-05   7.427732e-03   54        54        1         0         560689    324               439851            896               1612              
  54    1.766219e-06   3.582128e-05   8.944874e-03   55        55        1         0         563796    329               441351            897               1612              
  55    1.677536e-06   3.349002e-05   7.071646e-03   56        56        1         0         566906    334               442854            898               1612              
  56    1.590364e-06   3.772743e-05   8.493373e-03   57        57        1         0         570007    339               444348            899               1612              
  57    1.522745e-06   3.438457e-05   6.452668e-03   58        58        1         0         573129    344               445863            900               1612              
  58    1.469059e-06   3.187362e-05   5.655984e-03   59        59        1         0         576269    349               447396            901               1612              
  59    1.419194e-06   2.889956e-05   5.572996e-03   60        60        1         0         579385    354               448905            902               1612              
  60    1.372694e-06   2.635540e-05   5.841310e-03   61        61        1         0         582558    359               450471            903               1612              
  61    1.325266e-06   2.345029e-05   6.625772e-03   62        62        1         0         585668    364               451974            904               1612              
  62    1.290624e-06   2.070060e-05   5.277003e-03   63        63        1         0         588811    369               453510            905               1612              
  63    1.264471e-06   1.864077e-05   4.484031e-03   64        64        1         0         591975    374               455067            906               1612              
  64    1.241023e-06   1.652626e-05   4.292987e-03   65        65        1         0         595094    379               456579            907               1612              
  65    1.219884e-06   1.447516e-05   4.330431e-03   66        66        1         0         598285    384               458163            908               1612              
  66    1.202293e-06   1.275562e-05   3.966416e-03   67        67        1         0         601428    389               459699            909               1612              
  67    1.187127e-06   1.103160e-05   3.696367e-03   68        68        1         0         604595    394               461259            910               1612              
  68    1.174339e-06   9.601299e-06   3.486974e-03   69        69        1         0         607780    399               462837            911               1612              
Optimization Terminated with Status: Converged
 Done target optimization...
 Resetting problem to initial conditions and target previous FFD points 
 and aim for machine precision functional value....
The process took 861.819 seconds to run.
********************************************************
Biros and Ghattas Full-space method...with P4A preconditioner
Using 16060 design variables: 16000 simulation variables and 60 control variables.
Line Search: Backtracking satisfying Null Curvature Condition
********************************************************
Iteration         Func. val.        ||Lagr. grad.||   ||Constraint||    ||Search dir||    search_ctl_norm   search_sim_norm   search_adj_norm   n_kkt_iter        n_linesearches    n_grad            n_vmult           dRdW_form         dRdW_mult         dRdX_mult         d2R_mult          
1                 6.79873e-06       0.00500846        0.0184774         22.5883           21.2444           4.67859           6.08433           459               1                 0                 43450             2                 5074              1846              3676              
2                 7.10022e-07       0.000229817       0.00046676        9.16839           9.11447           0.391566          0.912422          304               1                 0                 71838             3                 8123              3071              6112              
3                 6.25019e-10       4.04906e-05       5.75069e-05       12.0623           12.0589           0.132558          0.249882          356               1                 0                 105010            4                 11692             4504              8964              
4                 4.88192e-14       4.17254e-08       2.02683e-08       0.0995553         0.0981185         0.00408028        0.0163514         373               1                 0                 139746            5                 15431             6005              11952             
5                 4.2338e-14        8.78158e-12       4.63866e-12       0.0101286         0.0101284         3.13381e-05       3.97336e-05       395               1                 0                 176506            6                 19390             7594              15116             
Optimization Terminated with Status: Converged
The process took 883.306 seconds to run.
Total n_vmult for algorithm 176506
