Starting optimization with 40...
Optimizing FFD points to obtain target Gaussian bump...

Quasi-Newton Method with Limited-Memory BFGS
Line Search: Backtracking satisfying Null Curvature Condition
  iter  value          gnorm          snorm          #fval     #grad     ls_#fval  ls_#grad  n_vmult   dRdW_form         dRdW_mult         dRdX_mult         d2R_mult          
  0     1.446428e-03   7.331623e-03   
  1     1.441059e-03   7.314634e-03   7.331623e-04   2         2         1         0         135192    35                121388            800               772               
  2     1.217252e-03   6.591384e-03   3.245899e-02   3         3         1         0         136912    41                122621            801               772               
  3     1.027427e-03   5.937952e-03   3.110680e-02   4         4         1         0         138638    47                123860            802               772               
  4     8.657045e-04   5.343532e-03   3.011529e-02   5         5         1         0         140367    53                125102            803               772               
  5     7.287593e-04   4.804629e-03   2.907258e-02   6         6         1         0         142108    59                126356            804               772               
  6     6.133285e-04   4.317116e-03   2.797945e-02   7         7         1         0         143852    65                127613            805               772               
  7     5.163820e-04   3.876721e-03   2.684799e-02   8         8         1         0         145602    71                128876            806               772               
  8     4.351878e-04   3.479255e-03   2.569689e-02   9         9         1         0         147352    77                130139            807               772               
  9     3.673331e-04   3.120737e-03   2.454586e-02   10        10        1         0         149111    83                131411            808               772               
  10    3.107180e-04   2.797458e-03   2.341265e-02   11        11        1         0         150873    89                132686            809               772               
  11    2.635357e-04   2.506008e-03   2.231185e-02   12        12        1         0         152638    95                133964            810               772               
  12    2.242440e-04   2.243276e-03   2.125467e-02   13        13        1         0         154406    101               135245            811               772               
  13    1.915357e-04   2.006433e-03   2.024925e-02   14        14        1         0         156177    107               136529            812               772               
  14    1.643082e-04   1.792922e-03   1.930120e-02   15        15        1         0         157951    113               137816            813               772               
  15    1.416356e-04   1.600426e-03   1.841409e-02   16        16        1         0         159737    119               139115            814               772               
  16    1.227426e-04   1.426858e-03   1.758993e-02   17        17        1         0         161523    125               140414            815               772               
  17    1.069822e-04   1.270332e-03   1.682961e-02   18        18        1         0         163306    131               141710            816               772               
  18    9.381570e-05   1.129148e-03   1.613317e-02   19        19        1         0         165098    137               143015            817               772               
  19    8.279546e-05   1.001779e-03   1.550009e-02   20        20        1         0         166902    143               144332            818               772               
  20    7.355010e-05   8.868479e-04   1.492949e-02   21        21        1         0         168712    149               145655            819               772               
  21    6.577198e-05   7.831211e-04   1.442028e-02   22        22        1         0         170531    155               146987            820               772               
  22    5.920659e-05   6.894933e-04   1.397135e-02   23        23        1         0         172356    161               148325            821               772               
  23    5.364349e-05   6.049785e-04   1.358167e-02   24        24        1         0         174190    167               149672            822               772               
  24    4.890881e-05   5.287011e-04   1.325042e-02   25        25        1         0         176042    173               151037            823               772               
  25    4.485893e-05   4.598890e-04   1.297711e-02   26        26        1         0         177915    179               152423            824               772               
  26    4.137517e-05   3.978694e-04   1.276166e-02   27        27        1         0         179797    185               153818            825               772               
  27    3.835942e-05   3.420665e-04   1.260455e-02   28        28        1         0         181688    191               155222            826               772               
  28    3.573049e-05   2.920035e-04   1.250693e-02   29        29        1         0         183579    197               156626            827               772               
  29    3.342106e-05   2.473100e-04   1.247073e-02   30        30        1         0         185467    203               158027            828               772               
  30    3.137517e-05   2.077368e-04   1.249889e-02   31        31        1         0         187343    209               159416            829               772               
  31    2.954613e-05   1.731822e-04   1.259552e-02   32        32        1         0         189252    215               160838            830               772               
  32    2.789473e-05   1.437285e-04   1.276632e-02   33        33        1         0         191170    221               162269            831               772               
  33    2.638786e-05   1.196753e-04   1.301900e-02   34        34        1         0         193094    227               163706            832               772               
  34    2.499712e-05   1.015107e-04   1.336432e-02   35        35        1         0         195030    233               165155            833               772               
  35    2.369756e-05   8.969481e-05   1.382094e-02   36        36        1         0         196933    239               166571            834               772               
  36    2.246119e-05   8.468092e-05   1.450681e-02   37        37        1         0         198848    245               167999            835               772               
  37    2.114274e-05   9.448226e-05   1.755496e-02   38        38        1         0         200826    251               169490            836               772               
  38    1.995671e-05   9.373160e-05   1.698525e-02   39        39        1         0         202774    257               170951            837               772               
  39    1.904925e-05   1.017325e-04   1.453911e-02   40        40        1         0         204102    262               171872            838               772               
  40    1.814107e-05   1.049967e-04   1.529164e-02   41        41        1         0         205427    267               172790            839               772               
  41    1.721834e-05   1.119114e-04   1.690250e-02   42        42        1         0         206761    272               173717            840               772               
  42    1.623602e-05   1.239083e-04   1.993161e-02   43        43        1         0         208718    278               175187            841               772               
  43    1.529499e-05   1.240428e-04   1.996169e-02   44        44        1         0         210061    283               176123            842               772               
  44    1.452583e-05   1.281611e-04   1.794753e-02   45        45        1         0         211425    288               177080            843               772               
  45    1.358139e-05   1.231471e-04   2.203831e-02   46        46        1         0         212759    293               178007            844               772               
  46    1.285218e-05   1.222137e-04   1.915271e-02   47        47        1         0         214144    298               178985            845               772               
  47    1.201151e-05   1.201016e-04   2.334385e-02   48        48        1         0         216098    304               180452            846               772               
  48    1.127929e-05   1.163240e-04   2.137969e-02   49        49        1         0         217459    309               181406            847               772               
  49    1.046249e-05   1.063209e-04   2.325298e-02   50        50        1         0         218814    314               182354            848               772               
  50    9.618578e-06   9.748723e-05   2.700958e-02   51        51        1         0         220214    319               183347            849               772               
  51    8.830905e-06   8.802957e-05   2.865854e-02   52        52        1         0         221545    324               184271            850               772               
  52    8.100533e-06   7.550017e-05   2.814563e-02   53        53        1         0         222957    329               185276            851               772               
  53    7.558021e-06   6.764025e-05   2.376536e-02   54        54        1         0         224318    334               186230            852               772               
  54    7.022525e-06   5.517722e-05   2.616143e-02   55        55        1         0         225661    339               187166            853               772               
  55    6.604309e-06   4.680539e-05   2.227808e-02   56        56        1         0         227034    344               188132            854               772               
  56    6.261173e-06   3.954379e-05   2.033752e-02   57        57        1         0         228425    349               189116            855               772               
  57    5.946250e-06   3.277392e-05   2.013054e-02   58        58        1         0         229825    354               190109            856               772               
  58    5.653511e-06   2.730977e-05   2.062099e-02   59        59        1         0         231204    359               191081            857               772               
  59    5.358338e-06   2.172578e-05   2.283767e-02   60        60        1         0         232601    364               192071            858               772               
  60    5.101754e-06   1.760758e-05   2.161381e-02   61        61        1         0         233971    369               193034            859               772               
  61    4.891336e-06   1.630705e-05   1.952399e-02   62        62        1         0         235383    374               194039            860               772               
  62    4.697521e-06   1.567083e-05   1.905578e-02   63        63        1         0         236783    379               195032            861               772               
  63    4.514653e-06   1.685586e-05   1.947695e-02   64        64        1         0         238192    384               196034            862               772               
  64    4.333190e-06   1.807448e-05   2.055349e-02   65        65        1         0         239610    389               197045            863               772               
  65    4.146151e-06   1.969953e-05   2.309733e-02   66        66        1         0         240974    394               198002            864               772               
  66    3.999373e-06   2.117963e-05   1.976484e-02   67        67        1         0         242404    399               199025            865               772               
  67    3.874094e-06   2.189121e-05   1.772340e-02   68        68        1         0         243816    404               200030            866               772               
  68    3.754295e-06   2.333477e-05   1.822847e-02   69        69        1         0         245267    409               201074            867               772               
  69    3.644393e-06   2.287892e-05   1.771709e-02   70        70        1         0         246664    414               202064            868               772               
  70    3.533326e-06   2.518428e-05   1.941282e-02   71        71        1         0         248097    419               203090            869               772               
  71    3.453395e-06   2.442008e-05   1.478151e-02   72        72        1         0         249548    424               204134            870               772               
  72    3.380264e-06   2.420460e-05   1.365924e-02   73        73        1         0         251005    429               205184            871               772               
  73    3.306193e-06   2.266198e-05   1.438611e-02   74        74        1         0         252432    434               206204            872               772               
  74    3.237399e-06   2.166502e-05   1.402707e-02   75        75        1         0         253859    439               207224            873               772               
  75    3.161204e-06   2.034372e-05   1.657537e-02   76        76        1         0         255247    444               208205            874               772               
  76    3.100872e-06   1.838378e-05   1.375079e-02   77        77        1         0         256674    449               209225            875               772               
  77    3.049877e-06   1.726917e-05   1.218349e-02   78        78        1         0         258110    454               210254            876               772               
  78    2.997522e-06   1.514682e-05   1.263957e-02   79        79        1         0         259591    459               211328            877               772               
  79    2.946020e-06   1.368663e-05   1.308147e-02   80        80        1         0         260997    464               212327            878               772               
  80    2.894918e-06   1.182793e-05   1.327311e-02   81        81        1         0         262478    469               213401            879               772               
  81    2.843096e-06   1.026099e-05   1.409170e-02   82        82        1         0         263905    474               214421            880               772               
  82    2.790880e-06   8.761328e-06   1.462970e-02   83        83        1         0         265377    479               215486            881               772               
Optimization Terminated with Status: Converged
 Done target optimization...
 Resetting problem to initial conditions and target previous FFD points 
 and aim for machine precision functional value....
The process took 62.0341 seconds to run.
********************************************************
Biros and Ghattas Full-space method...with P2A preconditioner
Using 4040 design variables: 4000 simulation variables and 40 control variables.
Line Search: Backtracking satisfying Null Curvature Condition
********************************************************
Iteration         Func. val.        ||Lagr. grad.||   ||Constraint||    ||Search dir||    search_ctl_norm   search_sim_norm   search_adj_norm   n_kkt_iter        n_linesearches    n_grad            n_vmult           dRdW_form         dRdW_mult         dRdX_mult         d2R_mult          
1                 9.71295e-06       0.00332943        0.0236999         5.88922           4.51598           2.43544           2.89093           335               1                 0                 21374             2                 2356              1350              1344              
2                 8.69255e-08       8.34651e-05       0.000381148       4.85628           4.83939           0.227247          0.334837          260               1                 0                 37674             3                 3925              2399              2388              
3                 5.03646e-11       2.24946e-06       3.51122e-06       0.730263          0.727677          0.0245072         0.0562935         299               1                 0                 56392             4                 5728              3604              3588              
4                 5.63371e-14       1.34486e-09       1.35023e-09       0.190873          0.190863          0.000590142       0.00185144        309               1                 0                 75730             5                 7591              4849              4828              
5                 1.7815e-13        9.1474e-12        3.58708e-10       0.0232854         0.0232854         1.65185e-05       2.64511e-06       293               1                 0                 94076             6                 9358              6030              6004              
Optimization Terminated with Status: Converged
The process took 27.1401 seconds to run.
Total n_vmult for algorithm 94076
