Starting optimization with 40...
Optimizing FFD points to obtain target Gaussian bump...

Quasi-Newton Method with Limited-Memory BFGS
Line Search: Backtracking satisfying Null Curvature Condition
  iter  value          gnorm          snorm          #fval     #grad     ls_#fval  ls_#grad  n_vmult   dRdW_form         dRdW_mult         dRdX_mult         d2R_mult          
  0     1.446428e-03   7.331623e-03   
  1     1.441059e-03   7.314634e-03   7.331623e-04   2         2         1         0         138404    466               100557            81                0                 
  2     1.217252e-03   6.591384e-03   3.245899e-02   3         3         1         0         140124    472               101790            82                0                 
  3     1.027427e-03   5.937952e-03   3.110680e-02   4         4         1         0         141850    478               103029            83                0                 
  4     8.657045e-04   5.343532e-03   3.011529e-02   5         5         1         0         143579    484               104271            84                0                 
  5     7.287593e-04   4.804629e-03   2.907258e-02   6         6         1         0         145320    490               105525            85                0                 
  6     6.133285e-04   4.317116e-03   2.797945e-02   7         7         1         0         147064    496               106782            86                0                 
  7     5.163820e-04   3.876721e-03   2.684799e-02   8         8         1         0         148814    502               108045            87                0                 
  8     4.351878e-04   3.479255e-03   2.569689e-02   9         9         1         0         150564    508               109308            88                0                 
  9     3.673331e-04   3.120737e-03   2.454586e-02   10        10        1         0         152323    514               110580            89                0                 
  10    3.107180e-04   2.797458e-03   2.341265e-02   11        11        1         0         154085    520               111855            90                0                 
  11    2.635357e-04   2.506008e-03   2.231185e-02   12        12        1         0         155850    526               113133            91                0                 
  12    2.242440e-04   2.243276e-03   2.125467e-02   13        13        1         0         157618    532               114414            92                0                 
  13    1.915357e-04   2.006433e-03   2.024925e-02   14        14        1         0         159389    538               115698            93                0                 
  14    1.643082e-04   1.792922e-03   1.930120e-02   15        15        1         0         161163    544               116985            94                0                 
  15    1.416356e-04   1.600426e-03   1.841409e-02   16        16        1         0         162949    550               118284            95                0                 
  16    1.227426e-04   1.426858e-03   1.758993e-02   17        17        1         0         164735    556               119583            96                0                 
  17    1.069822e-04   1.270332e-03   1.682961e-02   18        18        1         0         166518    562               120879            97                0                 
  18    9.381570e-05   1.129148e-03   1.613317e-02   19        19        1         0         168310    568               122184            98                0                 
  19    8.279546e-05   1.001779e-03   1.550009e-02   20        20        1         0         170114    574               123501            99                0                 
  20    7.355010e-05   8.868479e-04   1.492949e-02   21        21        1         0         171924    580               124824            100               0                 
  21    6.577198e-05   7.831211e-04   1.442028e-02   22        22        1         0         173743    586               126156            101               0                 
  22    5.920659e-05   6.894933e-04   1.397135e-02   23        23        1         0         175568    592               127494            102               0                 
  23    5.364349e-05   6.049785e-04   1.358167e-02   24        24        1         0         177402    598               128841            103               0                 
  24    4.890881e-05   5.287011e-04   1.325042e-02   25        25        1         0         179254    604               130206            104               0                 
  25    4.485893e-05   4.598890e-04   1.297711e-02   26        26        1         0         181127    610               131592            105               0                 
  26    4.137517e-05   3.978694e-04   1.276166e-02   27        27        1         0         183009    616               132987            106               0                 
  27    3.835942e-05   3.420665e-04   1.260455e-02   28        28        1         0         184900    622               134391            107               0                 
  28    3.573049e-05   2.920035e-04   1.250693e-02   29        29        1         0         186791    628               135795            108               0                 
  29    3.342106e-05   2.473100e-04   1.247073e-02   30        30        1         0         188679    634               137196            109               0                 
  30    3.137517e-05   2.077368e-04   1.249889e-02   31        31        1         0         190555    640               138585            110               0                 
  31    2.954613e-05   1.731822e-04   1.259552e-02   32        32        1         0         192464    646               140007            111               0                 
  32    2.789473e-05   1.437285e-04   1.276632e-02   33        33        1         0         194382    652               141438            112               0                 
  33    2.638786e-05   1.196753e-04   1.301900e-02   34        34        1         0         196306    658               142875            113               0                 
  34    2.499712e-05   1.015107e-04   1.336432e-02   35        35        1         0         198242    664               144324            114               0                 
  35    2.369756e-05   8.969481e-05   1.382094e-02   36        36        1         0         200145    670               145740            115               0                 
  36    2.246119e-05   8.468092e-05   1.450681e-02   37        37        1         0         202060    676               147168            116               0                 
  37    2.114274e-05   9.448226e-05   1.755496e-02   38        38        1         0         204038    682               148659            117               0                 
  38    1.995671e-05   9.373160e-05   1.698525e-02   39        39        1         0         205986    688               150120            118               0                 
  39    1.904925e-05   1.017325e-04   1.453911e-02   40        40        1         0         207314    693               151041            119               0                 
  40    1.814107e-05   1.049967e-04   1.529164e-02   41        41        1         0         208639    698               151959            120               0                 
  41    1.721834e-05   1.119114e-04   1.690250e-02   42        42        1         0         209973    703               152886            121               0                 
  42    1.623602e-05   1.239083e-04   1.993161e-02   43        43        1         0         211930    709               154356            122               0                 
  43    1.529499e-05   1.240428e-04   1.996169e-02   44        44        1         0         213273    714               155292            123               0                 
  44    1.452583e-05   1.281611e-04   1.794753e-02   45        45        1         0         214637    719               156249            124               0                 
  45    1.358139e-05   1.231471e-04   2.203831e-02   46        46        1         0         215971    724               157176            125               0                 
  46    1.285218e-05   1.222137e-04   1.915271e-02   47        47        1         0         217356    729               158154            126               0                 
  47    1.201151e-05   1.201016e-04   2.334385e-02   48        48        1         0         219310    735               159621            127               0                 
  48    1.127929e-05   1.163240e-04   2.137969e-02   49        49        1         0         220671    740               160575            128               0                 
  49    1.046249e-05   1.063209e-04   2.325298e-02   50        50        1         0         222026    745               161523            129               0                 
  50    9.618578e-06   9.748723e-05   2.700958e-02   51        51        1         0         223426    750               162516            130               0                 
  51    8.830905e-06   8.802957e-05   2.865854e-02   52        52        1         0         224757    755               163440            131               0                 
  52    8.100533e-06   7.550017e-05   2.814563e-02   53        53        1         0         226169    760               164445            132               0                 
  53    7.558021e-06   6.764025e-05   2.376536e-02   54        54        1         0         227530    765               165399            133               0                 
  54    7.022525e-06   5.517722e-05   2.616143e-02   55        55        1         0         228873    770               166335            134               0                 
  55    6.604309e-06   4.680539e-05   2.227808e-02   56        56        1         0         230246    775               167301            135               0                 
  56    6.261173e-06   3.954379e-05   2.033752e-02   57        57        1         0         231637    780               168285            136               0                 
  57    5.946250e-06   3.277392e-05   2.013054e-02   58        58        1         0         233037    785               169278            137               0                 
  58    5.653511e-06   2.730977e-05   2.062099e-02   59        59        1         0         234416    790               170250            138               0                 
  59    5.358338e-06   2.172578e-05   2.283767e-02   60        60        1         0         235813    795               171240            139               0                 
  60    5.101754e-06   1.760758e-05   2.161381e-02   61        61        1         0         237183    800               172203            140               0                 
  61    4.891336e-06   1.630705e-05   1.952399e-02   62        62        1         0         238595    805               173208            141               0                 
  62    4.697521e-06   1.567083e-05   1.905578e-02   63        63        1         0         239995    810               174201            142               0                 
  63    4.514653e-06   1.685586e-05   1.947695e-02   64        64        1         0         241404    815               175203            143               0                 
  64    4.333190e-06   1.807448e-05   2.055349e-02   65        65        1         0         242822    820               176214            144               0                 
  65    4.146151e-06   1.969953e-05   2.309733e-02   66        66        1         0         244186    825               177171            145               0                 
  66    3.999373e-06   2.117963e-05   1.976484e-02   67        67        1         0         245616    830               178194            146               0                 
  67    3.874094e-06   2.189121e-05   1.772340e-02   68        68        1         0         247028    835               179199            147               0                 
  68    3.754295e-06   2.333477e-05   1.822847e-02   69        69        1         0         248479    840               180243            148               0                 
  69    3.644393e-06   2.287892e-05   1.771709e-02   70        70        1         0         249876    845               181233            149               0                 
  70    3.533326e-06   2.518428e-05   1.941282e-02   71        71        1         0         251309    850               182259            150               0                 
  71    3.453395e-06   2.442008e-05   1.478151e-02   72        72        1         0         252760    855               183303            151               0                 
  72    3.380264e-06   2.420460e-05   1.365924e-02   73        73        1         0         254217    860               184353            152               0                 
  73    3.306193e-06   2.266198e-05   1.438611e-02   74        74        1         0         255644    865               185373            153               0                 
  74    3.237399e-06   2.166502e-05   1.402707e-02   75        75        1         0         257071    870               186393            154               0                 
  75    3.161204e-06   2.034372e-05   1.657537e-02   76        76        1         0         258459    875               187374            155               0                 
  76    3.100872e-06   1.838378e-05   1.375079e-02   77        77        1         0         259886    880               188394            156               0                 
  77    3.049877e-06   1.726917e-05   1.218349e-02   78        78        1         0         261322    885               189423            157               0                 
  78    2.997522e-06   1.514682e-05   1.263957e-02   79        79        1         0         262803    890               190497            158               0                 
  79    2.946020e-06   1.368663e-05   1.308147e-02   80        80        1         0         264209    895               191496            159               0                 
  80    2.894918e-06   1.182793e-05   1.327311e-02   81        81        1         0         265690    900               192570            160               0                 
  81    2.843096e-06   1.026099e-05   1.409170e-02   82        82        1         0         267117    905               193590            161               0                 
  82    2.790880e-06   8.761328e-06   1.462970e-02   83        83        1         0         268589    910               194655            162               0                 
Optimization Terminated with Status: Converged
 Done target optimization...
 Resetting problem to initial conditions and target previous FFD points 
 and aim for machine precision functional value....
The process took 63.2273 seconds to run.
Starting optimization with 40...

Newton-Krylov using GMRES with Limited-Memory BFGS preconditioning
Line Search: Backtracking satisfying Null Curvature Condition
-------------------------------------------------------------------------------------------------------------
Newton-Krylov status output definitions

  iter     - Number of iterates (steps taken) 
  value    - Objective function value 
  gnorm    - Norm of the gradient
  snorm    - Norm of the step (update to optimization vector)
  #fval    - Cumulative number of times the objective function was evaluated
  #grad    - Number of times the gradient was computed
  iterCG   - Number of Krylov iterations used to compute search direction
  flagCG   - Krylov solver flag
-------------------------------------------------------------------------------------------------------------
  iter  value          gnorm          snorm          #fval     #grad     iterCG    flagCG    ls_#fval  ls_#grad  n_vmult   dRdW_form         dRdW_mult         dRdX_mult         d2R_mult          
  0     1.441041e-03   7.323468e-03   
  1     1.566606e-05   7.180547e-04   4.580508e+00   2         2         24        0         1         0         19764     8                 18060             52                100               
  2     2.305580e-08   8.526199e-06   4.294515e+00   3         3         23        0         1         0         37222     14                34023             101               196               
  3     8.734659e-13   9.622616e-08   3.119375e-01   4         4         26        0         1         0         55968     19                51228             156               304               
  4     5.681442e-16   2.544883e-12   7.334881e-03   5         5         27        0         1         0         75194     24                68871             213               416               
Optimization Terminated with Status: Converged
The process took 21.4979 seconds to run.
Total n_vmult for algorithm 75194
