Starting optimization with 20...
Optimizing FFD points to obtain target Gaussian bump...

Quasi-Newton Method with Limited-Memory BFGS
Line Search: Backtracking satisfying Null Curvature Condition
  iter  value          gnorm          snorm          #fval     #grad     ls_#fval  ls_#grad  n_vmult   dRdW_form         dRdW_mult         dRdX_mult         d2R_mult          
  0     1.446428e-03   8.617416e-03   
  1     1.439015e-03   8.585692e-03   8.617416e-04   2         2         1         0         115449    36                17137             4680              9284              
  2     1.243746e-03   7.736076e-03   2.418500e-02   3         3         1         0         117172    42                18373             4681              9284              
  3     1.076880e-03   6.965577e-03   2.345293e-02   4         4         1         0         118898    48                19612             4682              9284              
  4     9.338980e-04   6.263551e-03   2.296077e-02   5         5         1         0         120630    54                20857             4683              9284              
  5     8.120047e-04   5.625984e-03   2.245672e-02   6         6         1         0         122368    60                22108             4684              9284              
  6     7.084560e-04   5.048133e-03   2.193658e-02   7         7         1         0         124112    66                23365             4685              9284              
  7     6.207142e-04   4.525112e-03   2.140126e-02   8         8         1         0         125862    72                24628             4686              9284              
  8     5.464983e-04   4.052133e-03   2.085670e-02   9         9         1         0         127624    78                25903             4687              9284              
  9     4.837952e-04   3.624648e-03   2.031090e-02   10        10        1         0         129395    84                27187             4688              9284              
  10    4.308515e-04   3.238415e-03   1.977210e-02   11        11        1         0         131169    90                28474             4689              9284              
  11    3.861533e-04   2.889524e-03   1.924801e-02   12        12        1         0         132955    96                29773             4690              9284              
  12    3.484030e-04   2.574397e-03   1.874545e-02   13        13        1         0         134744    102               31075             4691              9284              
  13    3.164935e-04   2.289775e-03   1.827069e-02   14        14        1         0         136536    108               32380             4692              9284              
  14    2.894839e-04   2.032691e-03   1.782952e-02   15        15        1         0         138328    114               33685             4693              9284              
  15    2.665774e-04   1.800454e-03   1.742751e-02   16        16        1         0         140141    120               35011             4694              9284              
  16    2.471008e-04   1.590627e-03   1.707017e-02   17        17        1         0         141951    126               36334             4695              9284              
  17    2.304868e-04   1.401006e-03   1.676286e-02   18        18        1         0         143746    132               37642             4696              9284              
  18    2.162583e-04   1.229614e-03   1.651090e-02   19        19        1         0         145547    138               38956             4697              9284              
  19    2.040150e-04   1.074684e-03   1.631944e-02   20        20        1         0         147348    144               40270             4698              9284              
  20    1.934219e-04   9.346607e-04   1.619346e-02   21        21        1         0         149155    150               41590             4699              9284              
  21    1.841986e-04   8.081979e-04   1.613774e-02   22        22        1         0         150962    156               42910             4700              9284              
  22    1.761112e-04   6.941654e-04   1.615682e-02   23        23        1         0         152775    162               44236             4701              9284              
  23    1.689648e-04   5.916673e-04   1.625508e-02   24        24        1         0         154591    168               45565             4702              9284              
  24    1.625966e-04   5.000739e-04   1.643667e-02   25        25        1         0         156407    174               46894             4703              9284              
  25    1.568712e-04   4.190747e-04   1.670562e-02   26        26        1         0         158217    180               48217             4704              9284              
  26    1.516756e-04   3.487606e-04   1.706592e-02   27        27        1         0         160030    186               49543             4705              9284              
  27    1.469151e-04   2.897217e-04   1.752178e-02   28        28        1         0         161849    192               50875             4706              9284              
  28    1.425105e-04   2.430822e-04   1.807824e-02   29        29        1         0         163671    198               52210             4707              9284              
  29    1.383944e-04   2.102194e-04   1.874227e-02   30        30        1         0         165505    204               53557             4708              9284              
  30    1.345085e-04   1.917931e-04   1.952566e-02   31        31        1         0         167372    210               54937             4709              9284              
  31    1.308004e-04   1.863790e-04   2.045044e-02   32        32        1         0         169284    216               56362             4710              9284              
  32    1.272192e-04   1.902421e-04   2.156082e-02   33        33        1         0         171196    222               57787             4711              9284              
  33    1.237095e-04   1.988264e-04   2.294586e-02   34        34        1         0         173039    228               59143             4712              9284              
  34    1.202013e-04   2.082831e-04   2.478943e-02   35        35        1         0         174918    234               60535             4713              9284              
  35    1.165925e-04   2.160961e-04   2.747236e-02   36        36        1         0         176830    240               61960             4714              9284              
  36    1.127239e-04   2.205108e-04   3.176476e-02   37        37        1         0         178742    246               63385             4715              9284              
  37    1.082597e-04   2.879775e-04   4.623593e-02   38        38        1         0         180621    252               64777             4716              9284              
  38    1.046738e-04   2.811684e-04   3.502263e-02   39        39        1         0         182530    258               66199             4717              9284              
  39    1.011580e-04   2.754696e-04   3.678744e-02   40        40        1         0         184475    264               67657             4718              9284              
  40    9.649794e-05   2.654731e-04   5.689023e-02   41        41        1         0         186321    270               69016             4719              9284              
  41    9.298658e-05   2.548274e-04   4.425464e-02   42        42        1         0         188260    276               70468             4720              9284              
  42    8.973749e-05   2.455336e-04   4.383392e-02   43        43        1         0         190205    282               71926             4721              9284              
  43    8.625020e-05   2.269115e-04   4.987952e-02   44        44        1         0         192120    288               73354             4722              9284              
  44    8.220995e-05   2.314764e-04   6.385745e-02   45        45        1         0         194056    294               74803             4723              9284              
  45    7.885986e-05   2.088817e-04   5.716775e-02   46        46        1         0         195974    300               76234             4724              9284              
  46    7.622410e-05   1.977449e-04   4.914017e-02   47        47        1         0         197955    306               77728             4725              9284              
  47    7.335110e-05   1.910631e-04   6.127677e-02   48        48        1         0         199846    312               79132             4726              9284              
  48    7.126322e-05   1.742410e-04   4.598905e-02   49        49        1         0         201830    318               80629             4727              9284              
  49    6.959230e-05   1.621493e-04   3.962439e-02   50        50        1         0         203805    324               82117             4728              9284              
  50    6.804104e-05   1.482275e-04   3.846137e-02   51        51        1         0         205792    330               83617             4729              9284              
  51    6.661059e-05   1.362466e-04   3.802857e-02   52        52        1         0         207776    336               85114             4730              9284              
  52    6.524033e-05   1.217877e-04   3.921780e-02   53        53        1         0         209736    342               86587             4731              9284              
  53    6.396968e-05   1.079379e-04   3.920921e-02   54        54        1         0         211723    348               88087             4732              9284              
  54    6.297850e-05   9.629453e-05   3.343216e-02   55        55        1         0         213042    353               88999             4733              9284              
  55    6.211908e-05   8.527619e-05   3.088185e-02   56        56        1         0         214388    358               89938             4734              9284              
  56    6.134513e-05   7.527644e-05   2.991894e-02   57        57        1         0         215722    363               90865             4735              9284              
  57    6.063021e-05   6.552960e-05   2.943302e-02   58        58        1         0         217074    368               91810             4736              9284              
  58    5.995859e-05   5.653006e-05   2.961042e-02   59        59        1         0         218423    373               92752             4737              9284              
  59    5.931916e-05   4.805914e-05   3.002613e-02   60        60        1         0         219772    378               93694             4738              9284              
  60    5.870093e-05   4.044832e-05   3.094336e-02   61        61        1         0         221115    383               94630             4739              9284              
  61    5.809503e-05   3.407498e-05   3.218767e-02   62        62        1         0         222458    388               95566             4740              9284              
  62    5.749164e-05   2.948824e-05   3.393767e-02   63        63        1         0         223801    393               96502             4741              9284              
  63    5.688240e-05   2.762467e-05   3.614197e-02   64        64        1         0         225138    398               97432             4742              9284              
  64    5.625777e-05   2.898479e-05   3.890973e-02   65        65        1         0         226475    403               98362             4743              9284              
  65    5.560944e-05   3.291250e-05   4.227425e-02   66        66        1         0         227818    408               99298             4744              9284              
  66    5.492736e-05   3.937291e-05   4.628566e-02   67        67        1         0         229152    413               100225            4745              9284              
  67    5.420352e-05   4.605690e-05   5.104688e-02   68        68        1         0         230498    418               101164            4746              9284              
  68    5.342563e-05   5.552507e-05   5.659097e-02   69        69        1         0         231835    423               102094            4747              9284              
  69    5.258827e-05   6.250930e-05   6.302336e-02   70        70        1         0         233127    428               102979            4748              9284              
  70    5.166981e-05   7.641451e-05   7.091432e-02   71        71        1         0         234479    433               103924            4749              9284              
  71    5.070583e-05   8.410209e-05   7.692776e-02   72        72        1         0         235798    438               104836            4750              9284              
  72    4.967807e-05   9.562107e-05   8.347197e-02   73        73        1         0         237132    443               105763            4751              9284              
  73    4.855806e-05   1.010112e-04   9.297200e-02   74        74        1         0         239134    449               107278            4752              9284              
  74    4.729616e-05   1.232483e-04   1.078920e-01   75        75        1         0         241121    455               108778            4753              9284              
  75    4.614740e-05   1.304294e-04   1.009371e-01   76        76        1         0         242446    460               109696            4754              9284              
  76    4.489478e-05   1.330752e-04   1.095568e-01   77        77        1         0         243792    465               110635            4755              9284              
  77    4.346817e-05   1.485244e-04   1.270885e-01   78        78        1         0         245132    470               111568            4756              9284              
  78    4.208529e-05   1.493609e-04   1.246559e-01   79        79        1         0         246496    475               112525            4757              9284              
  79    4.060190e-05   1.534675e-04   1.279141e-01   80        80        1         0         247824    480               113446            4758              9284              
  80    3.905010e-05   1.536533e-04   1.368590e-01   81        81        1         0         249212    485               114427            4759              9284              
  81    3.759819e-05   1.410624e-04   1.310272e-01   82        82        1         0         250540    490               115348            4760              9284              
  82    3.631701e-05   1.351226e-04   1.191974e-01   83        83        1         0         251931    495               116332            4761              9284              
  83    3.516162e-05   1.277550e-04   1.089995e-01   84        84        1         0         253343    500               117337            4762              9284              
  84    3.410963e-05   1.242829e-04   1.021152e-01   85        85        1         0         254764    505               118351            4763              9284              
  85    3.314957e-05   1.092999e-04   9.670605e-02   86        86        1         0         256143    510               119323            4764              9284              
  86    3.237407e-05   1.026901e-04   8.111554e-02   87        87        1         0         257528    515               120301            4765              9284              
  87    3.172289e-05   9.435812e-05   7.025440e-02   88        88        1         0         258952    520               121318            4766              9284              
  88    3.116824e-05   8.741381e-05   6.171083e-02   89        89        1         0         260349    525               122308            4767              9284              
  89    3.070081e-05   8.001505e-05   5.400315e-02   90        90        1         0         261782    530               123334            4768              9284              
  90    3.030897e-05   7.331098e-05   4.698285e-02   91        91        1         0         263209    535               124354            4769              9284              
  91    2.998216e-05   6.675336e-05   4.091700e-02   92        92        1         0         264639    540               125377            4770              9284              
  92    2.971050e-05   6.067733e-05   3.554631e-02   93        93        1         0         266069    545               126400            4771              9284              
  93    2.948526e-05   5.494547e-05   3.094132e-02   94        94        1         0         267496    550               127420            4772              9284              
  94    2.929880e-05   4.963168e-05   2.694568e-02   95        95        1         0         268926    555               128443            4773              9284              
  95    2.914455e-05   4.469500e-05   2.353091e-02   96        96        1         0         270356    560               129466            4774              9284              
  96    2.901694e-05   4.013658e-05   2.060133e-02   97        97        1         0         271795    565               130498            4775              9284              
  97    2.891128e-05   3.593102e-05   1.810353e-02   98        98        1         0         273234    570               131530            4776              9284              
  98    2.882366e-05   3.206039e-05   1.597143e-02   99        99        1         0         274676    575               132565            4777              9284              
  99    2.875082e-05   2.850013e-05   1.415795e-02   100       100       1         0         276121    580               133603            4778              9284              
  100   2.869006e-05   2.522742e-05   1.261707e-02   101       101       1         0         277569    585               134644            4779              9284              
  101   2.863916e-05   2.221852e-05   1.131151e-02   102       102       1         0         279020    590               135688            4780              9284              
  102   2.859628e-05   1.945104e-05   1.020846e-02   103       103       1         0         280471    595               136732            4781              9284              
  103   2.855992e-05   1.690355e-05   9.281224e-03   104       104       1         0         281925    600               137779            4782              9284              
  104   2.852884e-05   1.455669e-05   8.507243e-03   105       105       1         0         283382    605               138829            4783              9284              
  105   2.850203e-05   1.239369e-05   7.868290e-03   106       106       1         0         284839    610               139879            4784              9284              
  106   2.847865e-05   1.040199e-05   7.349621e-03   107       107       1         0         286302    615               140935            4785              9284              
  107   2.845800e-05   8.575899e-06   6.939751e-03   108       108       1         0         287765    620               141991            4786              9284              
Optimization Terminated with Status: Converged
 Done target optimization...
 Resetting problem to initial conditions and target previous FFD points 
 and aim for machine precision functional value....
The process took 77.8766 seconds to run.
Starting optimization with 20...

Quasi-Newton Method with Limited-Memory BFGS
Line Search: Backtracking satisfying Null Curvature Condition
-------------------------------------------------------------------------------------------------------------
Quasi-Newton Method status output definitions

  iter     - Number of iterates (steps taken) 
  value    - Objective function value 
  gnorm    - Norm of the gradient
  snorm    - Norm of the step (update to optimization vector)
  #fval    - Cumulative number of times the objective function was evaluated
  #grad    - Number of times the gradient was computed
-------------------------------------------------------------------------------------------------------------
  iter  value          gnorm          snorm          #fval     #grad     ls_#fval  ls_#grad  n_vmult   dRdW_form         dRdW_mult         dRdX_mult         d2R_mult          
  0     1.416969e-03   8.616656e-03   
  1     1.344087e-03   8.300250e-03   8.616656e-03   2         2         1         0         2206      7                 1632              2                 0                 
  2     3.042472e-04   1.277076e-03   2.346874e-01   3         3         1         0         4372      14                3231              3                 0                 
  3     2.552405e-04   9.332295e-04   5.035484e-02   4         4         1         0         6062      20                4434              4                 0                 
  4     1.979017e-04   7.850304e-04   9.763582e-02   5         5         1         0         7761      26                5646              5                 0                 
  5     1.576918e-04   5.752753e-04   1.049009e-01   6         6         1         0         9481      32                6879              6                 0                 
  6     1.301508e-04   5.976933e-04   1.498226e-01   7         7         1         0         11204     38                8115              7                 0                 
  7     1.142744e-04   3.767276e-04   9.064177e-02   8         8         1         0         12957     44                9381              8                 0                 
  8     1.048105e-04   3.128347e-04   4.165329e-02   9         9         1         0         14812     50                10749             9                 0                 
  9     8.603052e-05   2.872517e-04   1.576970e-01   10        10        1         0         16550     56                12000             10                0                 
  10    8.531908e-05   5.203860e-04   1.265353e-01   11        11        1         0         18249     62                13212             11                0                 
  11    7.819327e-05   1.557703e-04   3.066526e-02   12        12        1         0         19969     68                14445             12                0                 
  12    7.639207e-05   1.184361e-04   1.621046e-02   13        13        1         0         21869     74                15858             13                0                 
  13    7.178241e-05   2.329935e-04   6.561807e-02   14        14        1         0         23736     80                17238             14                0                 
  14    6.431284e-05   3.835424e-04   1.297171e-01   15        15        1         0         25561     86                18576             15                0                 
  15    5.009900e-05   4.864824e-04   2.884292e-01   16        16        1         0         27392     92                19920             16                0                 
  16    3.705299e-05   3.246515e-04   3.079544e-01   17        17        1         0         29199     98                21240             17                0                 
  17    3.454904e-05   1.816545e-04   1.319168e-01   18        18        1         0         30985     104               22539             18                0                 
  18    3.298228e-05   3.582470e-05   2.779520e-02   19        19        1         0         32840     110               23907             19                0                 
  19    3.284886e-05   2.787101e-05   1.577947e-02   20        20        1         0         34153     115               24813             20                0                 
  20    3.270949e-05   4.237263e-05   1.376318e-02   21        21        1         0         35472     120               25725             21                0                 
  21    3.233010e-05   7.817751e-05   2.884057e-02   22        22        1         0         37390     126               27156             22                0                 
  22    3.141205e-05   1.351506e-04   6.592966e-02   23        23        1         0         39305     132               28584             23                0                 
  23    2.920753e-05   2.160294e-04   1.658702e-01   24        24        1         0         41217     138               30009             24                0                 
  24    2.463179e-05   2.997075e-04   3.716085e-01   25        25        1         0         43168     144               31473             25                0                 
  25    1.718440e-05   3.236574e-04   6.585692e-01   26        26        1         0         45086     150               32904             26                0                 
  26    1.169160e-05   3.747683e-04   1.178005e+00   27        27        1         0         46866     156               34197             27                0                 
  27    6.094584e-06   3.500791e-04   5.115049e-01   28        28        1         0         48598     162               35442             28                0                 
  28    1.558985e-06   1.423833e-04   3.303061e-01   29        29        1         0         50471     168               36828             29                0                 
  29    5.283311e-07   2.101000e-05   5.899815e-02   30        30        1         0         52395     174               38265             30                0                 
  30    4.580394e-07   8.553354e-06   5.470115e-02   31        31        1         0         54385     180               39768             31                0                 
  31    4.446243e-07   7.360080e-06   2.034169e-02   32        32        1         0         55785     185               40761             32                0                 
  32    4.115832e-07   6.151118e-06   2.530071e-02   33        33        1         0         57176     190               41745             33                0                 
  33    3.396084e-07   1.119058e-05   3.539565e-02   34        34        1         0         58558     195               42720             34                0                 
  34    2.526724e-07   2.092355e-05   4.198193e-02   35        35        1         0         59931     200               43686             35                0                 
  35    1.687670e-07   1.466402e-05   3.794971e-02   36        36        1         0         61343     205               44691             36                0                 
  36    9.187898e-08   1.077577e-05   4.743753e-02   37        37        1         0         62662     210               45603             37                0                 
  37    6.575540e-08   9.595884e-06   2.037638e-02   38        38        1         0         63987     215               46521             38                0                 
  38    6.119426e-08   6.555604e-07   7.070740e-03   39        39        1         0         65372     220               47499             39                0                 
  39    6.106469e-08   2.446150e-07   1.787538e-03   40        40        1         0         66865     225               48585             40                0                 
  40    6.103053e-08   2.048533e-07   2.338371e-04   41        41        1         0         68388     230               49701             41                0                 
  41    6.069183e-08   1.005623e-06   2.478220e-03   42        42        1         0         69857     235               50763             42                0                 
  42    6.012112e-08   1.981821e-06   4.618398e-03   43        43        1         0         71344     240               51843             43                0                 
  43    5.837255e-08   3.837330e-06   1.526215e-02   44        44        1         0         72783     245               52875             44                0                 
  44    5.438610e-08   6.330779e-06   3.693738e-02   45        45        1         0         74210     250               53895             45                0                 
  45    4.544183e-08   9.324545e-06   8.774629e-02   46        46        1         0         75658     255               54936             46                0                 
  46    3.042833e-08   1.083593e-05   1.586402e-01   47        47        1         0         77121     260               55992             47                0                 
  47    1.497212e-08   8.149221e-06   1.785720e-01   48        48        1         0         78581     265               57045             48                0                 
  48    8.002167e-09   2.812375e-06   7.522564e-02   49        49        1         0         80008     270               58065             49                0                 
  49    6.904853e-09   3.285453e-07   1.323542e-02   50        50        1         0         81429     275               59079             50                0                 
  50    6.846611e-09   1.713663e-07   1.238675e-02   51        51        1         0         82940     280               60183             51                0                 
  51    6.830018e-09   1.730259e-07   2.543332e-03   52        52        1         0         84523     285               61359             52                0                 
  52    6.503853e-09   1.159494e-06   1.463046e-02   53        53        1         0         86001     290               62430             53                0                 
  53    5.850228e-09   1.276058e-06   1.556055e-02   54        54        1         0         87485     295               63507             54                0                 
  54    3.494234e-09   1.910286e-06   3.241308e-02   55        55        1         0         88966     300               64581             55                0                 
  55    1.428394e-09   1.456728e-06   4.205433e-02   56        56        1         0         90438     305               65646             56                0                 
  56    2.643260e-10   4.575672e-07   5.483104e-02   57        57        1         0         91940     310               66741             57                0                 
  57    1.677810e-11   2.914568e-07   3.359645e-02   58        58        1         0         93436     315               67830             58                0                 
  58    1.000586e-11   2.508799e-07   3.062981e-03   59        59        1         0         94971     320               68958             59                0                 
  59    7.485771e-12   1.107760e-08   4.421521e-04   60        60        1         0         96521     325               70101             60                0                 
  60    7.465831e-12   1.752404e-09   1.268624e-04   61        61        1         0         98185     330               71358             61                0                 
  61    7.465159e-12   4.792640e-10   1.391632e-05   62        62        1         0         99918     335               72684             62                0                 
Optimization Terminated with Status: Converged
The process took 42.7894 seconds to run.
Total n_vmult for algorithm 99918
