Starting optimization with 100...
Optimizing FFD points to obtain target Gaussian bump...

Quasi-Newton Method with Limited-Memory BFGS
Line Search: Backtracking satisfying Null Curvature Condition
  iter  value          gnorm          snorm          #fval     #grad     ls_#fval  ls_#grad  n_vmult   dRdW_form         dRdW_mult         dRdX_mult         d2R_mult          
  0     1.460201e-03   6.160113e-03   
  1     1.456409e-03   6.151386e-03   6.160113e-04   2         2         1         0         150158    47                20206             8692              8664              
  2     1.201686e-03   5.542712e-03   4.364043e-02   3         3         1         0         152865    53                21826             8693              8664              
  3     9.916050e-04   4.998243e-03   4.004585e-02   4         4         1         0         155587    59                23461             8694              8664              
  4     8.168373e-04   4.506230e-03   3.707607e-02   5         5         1         0         158306    65                25093             8695              8664              
  5     6.719206e-04   4.061868e-03   3.420563e-02   6         6         1         0         161055    71                26755             8696              8664              
  6     5.520407e-04   3.661019e-03   3.148229e-02   7         7         1         0         163816    77                28429             8697              8664              
  7     4.530564e-04   3.299156e-03   2.890007e-02   8         8         1         0         166610    83                30136             8698              8664              
  8     3.714417e-04   2.972881e-03   2.649949e-02   9         9         1         0         169440    89                31879             8699              8664              
  9     3.042168e-04   2.678060e-03   2.425526e-02   10        10        1         0         172297    95                33649             8700              8664              
  10    2.488671e-04   2.412101e-03   2.222253e-02   11        11        1         0         174317    100               34762             8701              8664              
  11    2.032754e-04   2.170866e-03   2.035727e-02   12        12        1         0         176328    105               35866             8702              8664              
  12    1.656734e-04   1.952550e-03   1.873539e-02   13        13        1         0         178360    110               36991             8703              8664              
  13    1.346571e-04   1.753219e-03   1.722082e-02   14        14        1         0         180392    115               38116             8704              8664              
  14    1.092170e-04   1.573335e-03   1.577947e-02   15        15        1         0         182433    120               39250             8705              8664              
  15    8.858592e-05   1.411282e-03   1.423289e-02   16        16        1         0         184486    125               40396             8706              8664              
  16    7.198078e-05   1.267519e-03   1.276412e-02   17        17        1         0         186554    130               41557             8707              8664              
  17    5.861190e-05   1.139142e-03   1.141918e-02   18        18        1         0         188625    135               42721             8708              8664              
  18    4.780831e-05   1.024701e-03   1.027232e-02   19        19        1         0         190684    140               43873             8709              8664              
  19    3.904988e-05   9.219529e-04   9.257471e-03   20        20        1         0         192767    145               45049             8710              8664              
  20    3.193519e-05   8.297815e-04   8.370023e-03   21        21        1         0         194835    150               46210             8711              8664              
  21    2.615004e-05   7.468093e-04   7.570622e-03   22        22        1         0         196930    155               47398             8712              8664              
  22    2.144404e-05   6.721948e-04   6.856377e-03   23        23        1         0         199028    160               48589             8713              8664              
  23    1.761560e-05   6.049848e-04   6.209024e-03   24        24        1         0         201138    165               49792             8714              8664              
  24    1.450132e-05   5.444941e-04   5.626366e-03   25        25        1         0         203251    170               50998             8715              8664              
  25    1.196826e-05   4.900001e-04   5.098465e-03   26        26        1         0         205373    175               52213             8716              8664              
  26    9.908061e-06   4.409344e-04   4.623416e-03   27        27        1         0         207495    180               53428             8717              8664              
  27    8.231930e-06   3.967032e-04   4.196110e-03   28        28        1         0         209626    185               54652             8718              8664              
  28    6.866179e-06   3.567942e-04   3.820681e-03   29        29        1         0         211757    190               55876             8719              8664              
  29    5.747256e-06   3.205275e-04   3.507959e-03   30        30        1         0         213897    195               57109             8720              8664              
  30    4.818615e-06   2.871405e-04   3.282424e-03   31        31        1         0         216028    200               58333             8721              8664              
  31    4.046023e-06   2.560833e-04   3.076330e-03   32        32        1         0         218174    205               59572             8722              8664              
  32    3.430744e-06   2.284648e-04   2.748554e-03   33        33        1         0         220329    210               60820             8723              8664              
  33    2.952032e-06   2.045142e-04   2.399592e-03   34        34        1         0         222493    215               62077             8724              8664              
  34    2.573223e-06   1.834718e-04   2.133208e-03   35        35        1         0         224669    220               63346             8725              8664              
  35    2.268904e-06   1.647259e-04   1.927785e-03   36        36        1         0         226848    225               64618             8726              8664              
  36    2.022519e-06   1.479195e-04   1.759044e-03   37        37        1         0         229036    230               65899             8727              8664              
  37    1.822254e-06   1.328009e-04   1.614743e-03   38        38        1         0         231233    235               67189             8728              8664              
  38    1.659103e-06   1.191808e-04   1.489233e-03   39        39        1         0         233436    240               68485             8729              8664              
  39    1.525959e-06   1.068980e-04   1.379406e-03   40        40        1         0         235645    245               69787             8730              8664              
  40    1.417126e-06   9.581363e-05   1.283332e-03   41        41        1         0         237860    250               71095             8731              8664              
  41    1.328008e-06   8.580366e-05   1.199584e-03   42        42        1         0         240084    255               72412             8732              8664              
  42    1.254882e-06   7.675725e-05   1.127005e-03   43        43        1         0         242308    260               73729             8733              8664              
  43    1.194731e-06   6.857454e-05   1.064614e-03   44        44        1         0         244523    265               75037             8734              8664              
  44    1.145106e-06   6.116559e-05   1.011552e-03   45        45        1         0         246705    270               76312             8735              8664              
  45    1.104021e-06   5.444930e-05   9.670809e-04   46        46        1         0         248938    275               77638             8736              8664              
  46    1.069862e-06   4.835250e-05   9.305667e-04   47        47        1         0         251180    280               78973             8737              8664              
  47    1.041318e-06   4.280929e-05   9.014943e-04   48        48        1         0         253431    285               80317             8738              8664              
  48    1.017326e-06   3.776040e-05   8.794663e-04   49        49        1         0         255685    290               81664             8739              8664              
  49    9.970179e-07   3.315280e-05   8.642181e-04   50        50        1         0         257945    295               83017             8740              8664              
  50    9.796891e-07   2.893941e-05   8.556261e-04   51        51        1         0         260208    300               84373             8741              8664              
  51    9.647634e-07   2.507923e-05   8.537237e-04   52        52        1         0         262474    305               85732             8742              8664              
  52    9.517692e-07   2.153776e-05   8.587152e-04   53        53        1         0         264743    310               87094             8743              8664              
  53    9.403192e-07   1.828849e-05   8.709934e-04   54        54        1         0         267015    315               88459             8744              8664              
  54    9.300928e-07   1.531583e-05   8.911570e-04   55        55        1         0         269287    320               89824             8745              8664              
  55    9.208231e-07   1.262163e-05   9.200318e-04   56        56        1         0         271559    325               91189             8746              8664              
  56    9.122850e-07   1.023856e-05   9.586898e-04   57        57        1         0         273828    330               92551             8747              8664              
  57    9.042858e-07   8.257030e-06   1.008470e-03   58        58        1         0         276094    335               93910             8748              8664              
Optimization Terminated with Status: Converged
 Done target optimization...
 Resetting problem to initial conditions and target previous FFD points 
 and aim for machine precision functional value....
The process took 329.651 seconds to run.
********************************************************
Biros and Ghattas Full-space method...with P4 preconditioner
Using 9100 design variables: 9000 simulation variables and 100 control variables.
Line Search: Backtracking satisfying Null Curvature Condition
********************************************************
Iteration         Func. val.        ||Lagr. grad.||   ||Constraint||    ||Search dir||    search_ctl_norm   search_sim_norm   search_adj_norm   n_kkt_iter        n_linesearches    n_grad            n_vmult           dRdW_form         dRdW_mult         dRdX_mult         d2R_mult          
1                 6.60795e-06       0.00532761        0.0223464         9.51446           7.5419            3.51699           4.61253           53                1                 0                 88326             2                 83522             222               428               
2                 6.59665e-07       0.000217055       0.000515485       3.2547            3.17416           0.287289          0.659719          41                1                 0                 156526            3                 148089            395               760               
3                 6.62706e-10       3.38123e-05       4.76077e-05       4.34099           4.33615           0.0869162         0.185441          47                1                 0                 234434            4                 221872            592               1140              
4                 8.17836e-13       8.86144e-08       4.3751e-08        0.0730744         0.071448          0.00359673        0.0149032         53                1                 0                 320841            5                 303662            813               1568              
5                 1.47375e-12       4.5821e-11        1.22641e-10       0.0963986         0.0963986         0.000106663       3.01667e-05       54                1                 0                 409282            6                 387404            1038              2004              
Optimization Terminated with Status: Converged
The process took 777.145 seconds to run.
Total n_vmult for algorithm 409282
