Starting optimization with 80...
Optimizing FFD points to obtain target Gaussian bump...

Quasi-Newton Method with Limited-Memory BFGS
Line Search: Backtracking satisfying Null Curvature Condition
  iter  value          gnorm          snorm          #fval     #grad     ls_#fval  ls_#grad  n_vmult   dRdW_form         dRdW_mult         dRdX_mult         d2R_mult          
  0     1.460201e-03   6.441823e-03   
  1     1.456055e-03   6.431623e-03   6.441823e-04   2         2         1         0         200556    450               118968            84                0                 
  2     1.205894e-03   5.795598e-03   4.106167e-02   3         3         1         0         203269    456               120594            85                0                 
  3     9.981046e-04   5.225492e-03   3.809554e-02   4         4         1         0         206000    462               122238            86                0                 
  4     8.242244e-04   4.709527e-03   3.566257e-02   5         5         1         0         208740    468               123891            87                0                 
  5     6.793937e-04   4.243343e-03   3.324564e-02   6         6         1         0         211495    474               125559            88                0                 
  6     5.591793e-04   3.822695e-03   3.088314e-02   7         7         1         0         214277    480               127254            89                0                 
  7     4.596712e-04   3.443285e-03   2.859273e-02   8         8         1         0         217083    486               128973            90                0                 
  8     3.774841e-04   3.101267e-03   2.640219e-02   9         9         1         0         219910    492               130713            91                0                 
  9     3.097263e-04   2.792930e-03   2.432081e-02   10        10        1         0         222755    498               132471            92                0                 
  10    2.539498e-04   2.515061e-03   2.236401e-02   11        11        1         0         225624    504               134253            93                0                 
  11    2.080967e-04   2.264581e-03   2.053049e-02   12        12        1         0         227638    509               135360            94                0                 
  12    1.704454e-04   2.038884e-03   1.882702e-02   13        13        1         0         229667    514               136482            95                0                 
  13    1.395608e-04   1.835433e-03   1.724505e-02   14        14        1         0         231699    519               137607            96                0                 
  14    1.142502e-04   1.652148e-03   1.578756e-02   15        15        1         0         233728    524               138729            97                0                 
  15    9.352479e-05   1.486917e-03   1.444152e-02   16        16        1         0         235763    529               139857            98                0                 
  16    7.656622e-05   1.338103e-03   1.320980e-02   17        17        1         0         237807    534               140994            99                0                 
  17    6.269849e-05   1.203915e-03   1.207611e-02   18        18        1         0         239854    539               142134            100               0                 
  18    5.136388e-05   1.083095e-03   1.104609e-02   19        19        1         0         241910    544               143283            101               0                 
  19    4.210280e-05   9.740674e-04   1.010031e-02   20        20        1         0         243969    549               144435            102               0                 
  20    3.453677e-05   8.759118e-04   9.249861e-03   21        21        1         0         246058    554               145617            103               0                 
  21    2.835454e-05   7.871653e-04   8.471172e-03   22        22        1         0         248138    559               146790            104               0                 
  22    2.330092e-05   7.072230e-04   7.781206e-03   23        23        1         0         250239    564               147984            105               0                 
  23    1.916863e-05   6.347078e-04   7.146200e-03   24        24        1         0         252337    569               149175            106               0                 
  24    1.579244e-05   5.694055e-04   6.577804e-03   25        25        1         0         254453    574               150384            107               0                 
  25    1.304214e-05   5.102521e-04   6.028179e-03   26        26        1         0         256563    579               151587            108               0                 
  26    1.081155e-05   4.573432e-04   5.514462e-03   27        27        1         0         258682    584               152799            109               0                 
  27    9.008305e-06   4.098015e-04   5.021386e-03   28        28        1         0         260801    589               154011            110               0                 
  28    7.550955e-06   3.674299e-04   4.582167e-03   29        29        1         0         262929    594               155232            111               0                 
  29    6.371187e-06   3.293977e-04   4.186694e-03   30        30        1         0         265057    599               156453            112               0                 
  30    5.413871e-06   2.953768e-04   3.842577e-03   31        31        1         0         267200    604               157689            113               0                 
  31    4.635422e-06   2.647737e-04   3.535478e-03   32        32        1         0         269334    609               158916            114               0                 
  32    4.001287e-06   2.373060e-04   3.264847e-03   33        33        1         0         271486    614               160161            115               0                 
  33    3.483925e-06   2.125615e-04   3.022045e-03   34        34        1         0         273620    619               161388            116               0                 
  34    3.061170e-06   1.903042e-04   2.806728e-03   35        35        1         0         275793    624               162654            117               0                 
  35    2.714994e-06   1.702109e-04   2.615466e-03   36        36        1         0         277960    629               163914            118               0                 
  36    2.430473e-06   1.520556e-04   2.451761e-03   37        37        1         0         280154    634               165201            119               0                 
  37    2.195008e-06   1.354973e-04   2.319058e-03   38        38        1         0         282354    639               166494            120               0                 
  38    1.998718e-06   1.203049e-04   2.214354e-03   39        39        1         0         284554    644               167787            121               0                 
  39    1.836618e-06   1.064255e-04   2.093831e-03   40        40        1         0         286760    649               169086            122               0                 
  40    1.706142e-06   9.412437e-05   1.931292e-03   41        41        1         0         288969    654               170388            123               0                 
  41    1.601622e-06   8.330553e-05   1.774967e-03   42        42        1         0         291181    659               171693            124               0                 
  42    1.516776e-06   7.371984e-05   1.654286e-03   43        43        1         0         293402    664               173007            125               0                 
  43    1.447014e-06   6.514912e-05   1.562365e-03   44        44        1         0         295623    669               174321            126               0                 
  44    1.389134e-06   5.744915e-05   1.489272e-03   45        45        1         0         297850    674               175641            127               0                 
  45    1.340784e-06   5.051298e-05   1.429203e-03   46        46        1         0         300077    679               176961            128               0                 
  46    1.300158e-06   4.425583e-05   1.379045e-03   47        47        1         0         302307    684               178284            129               0                 
  47    1.265824e-06   3.860967e-05   1.337271e-03   48        48        1         0         304528    689               179598            130               0                 
  48    1.236635e-06   3.351345e-05   1.302989e-03   49        49        1         0         306749    694               180912            131               0                 
  49    1.211657e-06   2.891906e-05   1.275785e-03   50        50        1         0         308970    699               182226            132               0                 
  50    1.190130e-06   2.478139e-05   1.255430e-03   51        51        1         0         311197    704               183546            133               0                 
  51    1.171431e-06   2.106916e-05   1.241926e-03   52        52        1         0         313433    709               184875            134               0                 
  52    1.155047e-06   1.775303e-05   1.235419e-03   53        53        1         0         315669    714               186204            135               0                 
  53    1.140555e-06   1.482257e-05   1.236284e-03   54        54        1         0         317920    719               187548            136               0                 
  54    1.127599e-06   1.227014e-05   1.245309e-03   55        55        1         0         320183    724               188904            137               0                 
  55    1.115876e-06   1.012052e-05   1.264189e-03   56        56        1         0         322443    729               190257            138               0                 
  56    1.105104e-06   8.404584e-06   1.297777e-03   57        57        1         0         324718    734               191625            139               0                 
Optimization Terminated with Status: Converged
 Done target optimization...
 Resetting problem to initial conditions and target previous FFD points 
 and aim for machine precision functional value....
The process took 313 seconds to run.
Starting optimization with 80...

Newton-Krylov using GMRES with Limited-Memory BFGS preconditioning
Line Search: Backtracking satisfying Null Curvature Condition
-------------------------------------------------------------------------------------------------------------
Newton-Krylov status output definitions

  iter     - Number of iterates (steps taken) 
  value    - Objective function value 
  gnorm    - Norm of the gradient
  snorm    - Norm of the step (update to optimization vector)
  #fval    - Cumulative number of times the objective function was evaluated
  #grad    - Number of times the gradient was computed
  iterCG   - Number of Krylov iterations used to compute search direction
  flagCG   - Krylov solver flag
-------------------------------------------------------------------------------------------------------------
  iter  value          gnorm          snorm          #fval     #grad     iterCG    flagCG    ls_#fval  ls_#grad  n_vmult   dRdW_form         dRdW_mult         dRdX_mult         d2R_mult          
  0     1.456137e-03   6.436058e-03   
  1     1.774550e-05   6.423039e-04   1.969705e+01   2         2         37        0         1         0         35339     8                 32289             78                152               
  2     4.916682e-09   1.052535e-05   1.926989e+01   3         3         33        0         1         0         64365     14                58800             147               288               
  3     9.341650e-14   2.960132e-09   4.018954e-01   4         4         36        0         1         0         95002     19                86976             222               436               
  4     1.529038e-19   1.411636e-13   2.321979e-02   5         5         41        0         1         0         128021    23                117504            307               604               
Optimization Terminated with Status: Converged
The process took 339.673 seconds to run.
Total n_vmult for algorithm 128021
