Starting optimization with 60...
Optimizing FFD points to obtain target Gaussian bump...

Quasi-Newton Method with Limited-Memory BFGS
Line Search: Backtracking satisfying Null Curvature Condition
  iter  value          gnorm          snorm          #fval     #grad     ls_#fval  ls_#grad  n_vmult   dRdW_form         dRdW_mult         dRdX_mult         d2R_mult          
  0     1.460201e-03   6.826447e-03   
  1     1.455545e-03   6.813803e-03   6.826447e-04   2         2         1         0         333798    47                309118            816               1556              
  2     1.214223e-03   6.140337e-03   3.747184e-02   3         3         1         0         336544    53                310777            817               1556              
  3     1.011843e-03   5.534821e-03   3.528034e-02   4         4         1         0         339299    59                312445            818               1556              
  4     8.410135e-04   4.985491e-03   3.355362e-02   5         5         1         0         342069    65                314128            819               1556              
  5     6.976284e-04   4.488463e-03   3.179094e-02   6         6         1         0         344857    71                315829            820               1556              
  6     5.778031e-04   4.039537e-03   3.000962e-02   7         7         1         0         347663    77                317548            821               1556              
  7     4.780149e-04   3.634492e-03   2.823021e-02   8         8         1         0         350484    83                319282            822               1556              
  8     3.951444e-04   3.269282e-03   2.647718e-02   9         9         1         0         353314    89                321025            823               1556              
  9     3.264777e-04   2.940114e-03   2.477208e-02   10        10        1         0         356156    95                322780            824               1556              
  10    2.696839e-04   2.643495e-03   2.313234e-02   11        11        1         0         359010    101               324547            825               1556              
  11    2.227799e-04   2.376235e-03   2.157032e-02   12        12        1         0         361018    106               325648            826               1556              
  12    1.840906e-04   2.135444e-03   2.009403e-02   13        13        1         0         363035    111               326758            827               1556              
  13    1.522091e-04   1.918508e-03   1.870774e-02   14        14        1         0         365064    116               327880            828               1556              
  14    1.259583e-04   1.723066e-03   1.741289e-02   15        15        1         0         367105    121               329014            829               1556              
  15    1.043572e-04   1.546992e-03   1.620879e-02   16        16        1         0         369158    126               330160            830               1556              
  16    8.659007e-05   1.388368e-03   1.509322e-02   17        17        1         0         371223    131               331318            831               1556              
  17    7.198075e-05   1.245465e-03   1.406293e-02   18        18        1         0         373291    136               332479            832               1556              
  18    5.996953e-05   1.116726e-03   1.311398e-02   19        19        1         0         375368    141               333649            833               1556              
  19    5.009403e-05   1.000744e-03   1.224204e-02   20        20        1         0         377448    146               334822            834               1556              
  20    4.197286e-05   8.962534e-04   1.144258e-02   21        21        1         0         379534    151               336001            835               1556              
  21    3.529187e-05   8.021125e-04   1.071102e-02   22        22        1         0         381623    156               337183            836               1556              
  22    2.979255e-05   7.172917e-04   1.004285e-02   23        23        1         0         383721    161               338374            837               1556              
  23    2.526244e-05   6.408630e-04   9.433729e-03   24        24        1         0         385819    166               339565            838               1556              
  24    2.152704e-05   5.719902e-04   8.879500e-03   25        25        1         0         387926    171               340765            839               1556              
  25    1.844317e-05   5.099196e-04   8.376266e-03   26        26        1         0         390036    176               341968            840               1556              
  26    1.589339e-05   4.539723e-04   7.920402e-03   27        27        1         0         392152    181               343177            841               1556              
  27    1.378145e-05   4.035370e-04   7.508571e-03   28        28        1         0         394271    186               344389            842               1556              
  28    1.202848e-05   3.580634e-04   7.137741e-03   29        29        1         0         396390    191               345601            843               1556              
  29    1.056987e-05   3.170568e-04   6.805177e-03   30        30        1         0         398515    196               346819            844               1556              
  30    9.352730e-06   2.800729e-04   6.508454e-03   31        31        1         0         400643    201               348040            845               1556              
  31    8.333725e-06   2.467131e-04   6.245443e-03   32        32        1         0         402780    206               349270            846               1556              
  32    7.477380e-06   2.166214e-04   6.014321e-03   33        33        1         0         404917    211               350500            847               1556              
  33    6.754637e-06   1.894799e-04   5.813555e-03   34        34        1         0         407063    216               351739            848               1556              
  34    6.141686e-06   1.650077e-04   5.641907e-03   35        35        1         0         409215    221               352984            849               1556              
  35    5.619011e-06   1.429574e-04   5.498420e-03   36        36        1         0         411376    226               354238            850               1556              
  36    5.170602e-06   1.231158e-04   5.382425e-03   37        37        1         0         413537    231               355492            851               1556              
  37    4.783314e-06   1.053019e-04   5.293518e-03   38        38        1         0         415680    236               356728            852               1556              
  38    4.446343e-06   8.937155e-05   5.231575e-03   39        39        1         0         417823    241               357964            853               1556              
  39    4.150795e-06   7.521559e-05   5.196723e-03   40        40        1         0         419966    246               359200            854               1556              
  40    3.889331e-06   6.277842e-05   5.189413e-03   41        41        1         0         422121    251               360448            855               1556              
  41    3.655864e-06   5.204337e-05   5.210817e-03   42        42        1         0         424279    256               361699            856               1556              
  42    3.445204e-06   4.310251e-05   5.266566e-03   43        43        1         0         426440    261               362953            857               1556              
  43    3.251562e-06   3.610086e-05   5.409378e-03   44        44        1         0         428628    266               364234            858               1556              
  44    3.059167e-06   3.177269e-05   6.054354e-03   45        45        1         0         430822    271               365521            859               1556              
  45    2.877921e-06   2.789712e-05   6.305316e-03   46        46        1         0         432962    276               366754            860               1556              
  46    2.740602e-06   2.824686e-05   5.376766e-03   47        47        1         0         435156    281               368041            861               1556              
  47    2.617219e-06   2.937601e-05   5.252520e-03   48        48        1         0         437350    286               369328            862               1556              
  48    2.498889e-06   3.130920e-05   5.467292e-03   49        49        1         0         439541    291               370612            863               1556              
  49    2.381904e-06   3.295106e-05   5.784284e-03   50        50        1         0         441786    296               371950            864               1556              
  50    2.262653e-06   3.610147e-05   6.498517e-03   51        51        1         0         443962    301               373219            865               1556              
  51    2.125910e-06   3.651948e-05   8.055640e-03   52        52        1         0         446183    306               374533            866               1556              
  52    2.031632e-06   3.767175e-05   6.219938e-03   53        53        1         0         448398    311               375841            867               1556              
  53    1.946801e-06   3.789719e-05   5.961858e-03   54        54        1         0         450610    316               377146            868               1556              
  54    1.866652e-06   3.762999e-05   6.000409e-03   55        55        1         0         452834    321               378463            869               1556              
  55    1.789578e-06   3.687169e-05   6.109446e-03   56        56        1         0         455040    326               379762            870               1556              
  56    1.713725e-06   3.541571e-05   6.369819e-03   57        57        1         0         457282    331               381097            871               1556              
  57    1.635352e-06   3.417296e-05   7.290052e-03   58        58        1         0         459521    336               382429            872               1556              
  58    1.561569e-06   3.156716e-05   7.336920e-03   59        59        1         0         461772    341               383773            873               1556              
  59    1.507408e-06   2.968376e-05   5.933681e-03   60        60        1         0         464014    346               385108            874               1556              
  60    1.458287e-06   2.754874e-05   5.710598e-03   61        61        1         0         466292    351               386479            875               1556              
  61    1.413082e-06   2.537870e-05   5.648732e-03   62        62        1         0         468543    356               387823            876               1556              
  62    1.367898e-06   2.319402e-05   6.220795e-03   63        63        1         0         470755    361               389128            877               1556              
  63    1.327310e-06   2.045922e-05   6.012194e-03   64        64        1         0         472988    366               390454            878               1556              
  64    1.297860e-06   1.848054e-05   4.807465e-03   65        65        1         0         475284    371               391843            879               1556              
  65    1.272253e-06   1.659854e-05   4.457209e-03   66        66        1         0         477580    376               393232            880               1556              
  66    1.249189e-06   1.478056e-05   4.316477e-03   67        67        1         0         479861    381               394606            881               1556              
  67    1.227953e-06   1.318471e-05   4.290293e-03   68        68        1         0         482133    386               395971            882               1556              
  68    1.207527e-06   1.128885e-05   4.504035e-03   69        69        1         0         484411    391               397342            883               1556              
  69    1.191080e-06   9.793642e-06   3.934031e-03   70        70        1         0         486671    396               398695            884               1556              
Optimization Terminated with Status: Converged
 Done target optimization...
 Resetting problem to initial conditions and target previous FFD points 
 and aim for machine precision functional value....
The process took 240.778 seconds to run.
********************************************************
Biros and Ghattas Full-space method...with P4A preconditioner
Using 9060 design variables: 9000 simulation variables and 60 control variables.
Line Search: Backtracking satisfying Null Curvature Condition
********************************************************
Iteration         Func. val.        ||Lagr. grad.||   ||Constraint||    ||Search dir||    search_ctl_norm   search_sim_norm   search_adj_norm   n_kkt_iter        n_linesearches    n_grad            n_vmult           dRdW_form         dRdW_mult         dRdX_mult         d2R_mult          
1                 6.83066e-06       0.00526664        0.0223699         19.3126           18.4171           3.52431           4.62262           430               1                 0                 40430             2                 4712              1730              3444              
2                 5.50558e-07       0.00021081        0.000532304       8.36499           8.33382           0.291218          0.660084          274               1                 0                 65918             3                 7461              2835              5640              
3                 3.14369e-10       2.88348e-05       3.75767e-05       10.0137           10.0117           0.0801892         0.183085          323               1                 0                 95914             4                 10700             4136              8228              
4                 2.06472e-13       2.37052e-08       1.03547e-08       0.101434          0.100993          0.00209813        0.00921445        352               1                 0                 128578            5                 14229             5553              11048             
5                 3.61346e-14       5.73162e-12       6.03755e-12       0.0162007         0.0162006         4.87715e-05       9.97739e-06       380               1                 0                 163818            6                 18038             7082              14092             
Optimization Terminated with Status: Converged
The process took 190.247 seconds to run.
Total n_vmult for algorithm 163818
