Starting optimization with 40...
Optimizing FFD points to obtain target Gaussian bump...

Quasi-Newton Method with Limited-Memory BFGS
Line Search: Backtracking satisfying Null Curvature Condition
  iter  value          gnorm          snorm          #fval     #grad     ls_#fval  ls_#grad  n_vmult   dRdW_form         dRdW_mult         dRdX_mult         d2R_mult          
  0     1.460201e-03   7.437042e-03   
  1     1.454677e-03   7.419454e-03   7.437042e-04   2         2         1         0         159963    47                22861             6300              12524             
  2     1.229206e-03   6.686226e-03   3.222978e-02   3         3         1         0         162721    53                24532             6301              12524             
  3     1.038176e-03   6.024536e-03   3.082216e-02   4         4         1         0         165488    59                26212             6302              12524             
  4     8.753824e-04   5.422619e-03   2.981558e-02   5         5         1         0         168261    65                27898             6303              12524             
  5     7.374359e-04   4.876816e-03   2.877725e-02   6         6         1         0         171049    71                29599             6304              12524             
  6     6.210556e-04   4.382924e-03   2.770169e-02   7         7         1         0         173861    77                31324             6305              12524             
  7     5.232121e-04   3.936632e-03   2.659550e-02   8         8         1         0         176688    83                33064             6306              12524             
  8     4.411801e-04   3.533723e-03   2.547330e-02   9         9         1         0         179524    89                34813             6307              12524             
  9     3.725532e-04   3.170194e-03   2.435197e-02   10        10        1         0         182384    95                36586             6308              12524             
  10    3.152355e-04   2.842313e-03   2.324745e-02   11        11        1         0         185256    101               38371             6309              12524             
  11    2.674214e-04   2.546647e-03   2.217331e-02   12        12        1         0         187267    106               39475             6310              12524             
  12    2.275675e-04   2.280057e-03   2.114018e-02   13        13        1         0         189287    111               40588             6311              12524             
  13    1.943634e-04   2.039694e-03   2.015598e-02   14        14        1         0         191307    116               41701             6312              12524             
  14    1.667023e-04   1.822973e-03   1.922623e-02   15        15        1         0         193330    121               42817             6313              12524             
  15    1.436529e-04   1.627559e-03   1.835453e-02   16        16        1         0         195377    126               43957             6314              12524             
  16    1.244347e-04   1.451339e-03   1.754300e-02   17        17        1         0         197427    131               45100             6315              12524             
  17    1.083952e-04   1.292410e-03   1.679269e-02   18        18        1         0         199477    136               46243             6316              12524             
  18    9.499035e-05   1.149053e-03   1.610386e-02   19        19        1         0         201527    141               47386             6317              12524             
  19    8.376732e-05   1.019720e-03   1.547626e-02   20        20        1         0         203577    146               48529             6318              12524             
  20    7.435005e-05   9.030163e-04   1.490928e-02   21        21        1         0         205633    151               49678             6319              12524             
  21    6.642659e-05   7.976908e-04   1.440219e-02   22        22        1         0         207689    156               50827             6320              12524             
  22    5.973848e-05   7.026207e-04   1.395421e-02   23        23        1         0         209745    161               51976             6321              12524             
  23    5.407185e-05   6.168028e-04   1.356461e-02   24        24        1         0         211798    166               53122             6322              12524             
  24    4.924979e-05   5.393450e-04   1.323287e-02   25        25        1         0         213848    171               54265             6323              12524             
  25    4.512604e-05   4.694596e-04   1.295871e-02   26        26        1         0         215904    176               55414             6324              12524             
  26    4.157970e-05   4.064587e-04   1.274220e-02   27        27        1         0         217969    181               56572             6325              12524             
  27    3.851079e-05   3.497522e-04   1.258385e-02   28        28        1         0         220037    186               57733             6326              12524             
  28    3.583659e-05   2.988495e-04   1.248470e-02   29        29        1         0         222108    191               58897             6327              12524             
  29    3.348854e-05   2.533666e-04   1.244641e-02   30        30        1         0         224203    196               60085             6328              12524             
  30    3.140972e-05   2.130399e-04   1.247144e-02   31        31        1         0         226313    201               61288             6329              12524             
  31    2.955270e-05   1.777505e-04   1.256319e-02   32        32        1         0         228420    206               62488             6330              12524             
  32    2.787781e-05   1.475595e-04   1.272631e-02   33        33        1         0         230527    211               63688             6331              12524             
  33    2.635162e-05   1.227417e-04   1.296715e-02   34        34        1         0         232649    216               64903             6332              12524             
  34    2.494565e-05   1.037641e-04   1.329449e-02   35        35        1         0         234774    221               66121             6333              12524             
  35    2.363531e-05   9.108193e-05   1.372078e-02   36        36        1         0         236878    226               67318             6334              12524             
  36    2.239876e-05   8.465233e-05   1.426422e-02   37        37        1         0         238985    231               68518             6335              12524             
  37    2.121596e-05   8.347122e-05   1.495226e-02   38        38        1         0         241101    236               69727             6336              12524             
  38    2.006752e-05   8.574563e-05   1.582738e-02   39        39        1         0         243229    241               70948             6337              12524             
  39    1.893347e-05   8.957773e-05   1.695635e-02   40        40        1         0         245351    246               72163             6338              12524             
  40    1.779186e-05   9.345865e-05   1.844375e-02   41        41        1         0         247482    251               73387             6339              12524             
  41    1.661780e-05   9.632582e-05   2.046675e-02   42        42        1         0         249619    256               74617             6340              12524             
  42    1.535717e-05   1.472244e-04   2.959620e-02   43        43        1         0         251741    261               75832             6341              12524             
  43    1.438019e-05   1.416187e-04   2.014323e-02   44        44        1         0         253833    266               77017             6342              12524             
  44    1.348821e-05   1.354453e-04   1.969895e-02   45        45        1         0         255979    271               78256             6343              12524             
  45    1.259582e-05   1.287426e-04   2.120851e-02   46        46        1         0         258128    276               79498             6344              12524             
  46    1.158569e-05   1.351949e-04   2.945236e-02   47        47        1         0         260238    281               80701             6345              12524             
  47    1.086542e-05   1.258707e-04   2.060484e-02   48        48        1         0         262390    286               81946             6346              12524             
  48    1.025782e-05   1.177287e-04   1.877109e-02   49        49        1         0         264533    291               83182             6347              12524             
  49    9.680102e-06   1.088361e-04   1.907708e-02   50        50        1         0         266721    296               84463             6348              12524             
  50    9.104870e-06   1.010329e-04   2.087515e-02   51        51        1         0         268906    301               85741             6349              12524             
  51    8.521827e-06   8.920109e-05   2.291413e-02   52        52        1         0         271055    306               86983             6350              12524             
  52    8.109992e-06   8.145246e-05   1.793356e-02   53        53        1         0         273240    311               88261             6351              12524             
  53    7.753375e-06   7.333057e-05   1.663504e-02   54        54        1         0         275443    316               89557             6352              12524             
  54    7.422012e-06   6.670988e-05   1.664156e-02   55        55        1         0         277631    321               90838             6353              12524             
  55    7.090576e-06   5.766878e-05   1.817522e-02   56        56        1         0         279864    326               92164             6354              12524             
  56    6.801030e-06   5.052325e-05   1.707095e-02   57        57        1         0         282058    331               93451             6355              12524             
  57    6.559300e-06   4.451167e-05   1.549207e-02   58        58        1         0         284258    336               94744             6356              12524             
  58    6.326986e-06   3.807658e-05   1.588329e-02   59        59        1         0         286506    341               96085             6357              12524             
  59    6.108368e-06   3.297275e-05   1.604753e-02   60        60        1         0         288691    346               97363             6358              12524             
  60    5.908724e-06   2.798705e-05   1.569853e-02   61        61        1         0         290918    351               98683             6359              12524             
  61    5.725211e-06   2.443968e-05   1.523568e-02   62        62        1         0         293121    356               99979             6360              12524             
  62    5.548588e-06   2.188176e-05   1.544349e-02   63        63        1         0         295336    361               101287            6361              12524             
  63    5.370767e-06   2.046165e-05   1.623643e-02   64        64        1         0         297575    366               102619            6362              12524             
  64    5.184668e-06   2.067746e-05   1.795571e-02   65        65        1         0         299763    371               103900            6363              12524             
  65    4.984238e-06   2.212659e-05   2.052692e-02   66        66        1         0         301978    376               105208            6364              12524             
  66    4.814418e-06   2.399862e-05   1.835175e-02   67        67        1         0         304187    381               106510            6365              12524             
  67    4.652152e-06   2.660645e-05   1.812010e-02   68        68        1         0         306405    386               107821            6366              12524             
  68    4.484170e-06   2.869736e-05   1.913225e-02   69        69        1         0         308611    391               109120            6367              12524             
  69    4.307454e-06   3.143785e-05   2.062525e-02   70        70        1         0         310874    396               110476            6368              12524             
  70    4.117027e-06   3.294383e-05   2.296363e-02   71        71        1         0         313029    401               111724            6369              12524             
  71    3.898504e-06   3.524141e-05   2.822167e-02   72        72        1         0         315220    406               113008            6370              12524             
  72    3.732344e-06   3.648940e-05   2.258086e-02   73        73        1         0         317483    411               114364            6371              12524             
  73    3.582600e-06   3.625749e-05   2.092883e-02   74        74        1         0         319740    416               115714            6372              12524             
  74    3.431164e-06   3.738421e-05   2.196830e-02   75        75        1         0         322000    421               117067            6373              12524             
  75    3.292626e-06   3.560520e-05   2.101208e-02   76        76        1         0         324224    426               118384            6374              12524             
  76    3.160966e-06   3.543642e-05   2.105466e-02   77        77        1         0         326496    431               119749            6375              12524             
  77    3.055602e-06   3.372964e-05   1.757827e-02   78        78        1         0         328717    436               121063            6376              12524             
  78    2.967365e-06   3.220470e-05   1.506461e-02   79        79        1         0         330992    441               122431            6377              12524             
  79    2.886525e-06   3.027540e-05   1.414007e-02   80        80        1         0         333261    446               123793            6378              12524             
  80    2.813638e-06   2.818972e-05   1.311197e-02   81        81        1         0         335536    451               125161            6379              12524             
  81    2.748895e-06   2.597357e-05   1.210815e-02   82        82        1         0         337760    456               126478            6380              12524             
  82    2.691208e-06   2.377486e-05   1.121418e-02   83        83        1         0         340059    461               127870            6381              12524             
  83    2.639652e-06   2.148220e-05   1.051435e-02   84        84        1         0         342322    466               129226            6382              12524             
  84    2.593465e-06   1.926483e-05   9.912276e-03   85        85        1         0         344606    471               130603            6383              12524             
  85    2.551761e-06   1.702240e-05   9.482800e-03   86        86        1         0         346875    476               131965            6384              12524             
  86    2.514129e-06   1.484866e-05   9.094454e-03   87        87        1         0         349162    481               133345            6385              12524             
  87    2.480782e-06   1.278139e-05   8.578524e-03   88        88        1         0         351467    486               134743            6386              12524             
  88    2.451041e-06   1.084172e-05   8.133754e-03   89        89        1         0         353763    491               136132            6387              12524             
  89    2.423879e-06   9.037850e-06   7.881721e-03   90        90        1         0         356092    496               137554            6388              12524             
Optimization Terminated with Status: Converged
 Done target optimization...
 Resetting problem to initial conditions and target previous FFD points 
 and aim for machine precision functional value....
The process took 304.785 seconds to run.
Starting optimization with 40...

Quasi-Newton Method with Limited-Memory BFGS
Line Search: Backtracking satisfying Null Curvature Condition
-------------------------------------------------------------------------------------------------------------
Quasi-Newton Method status output definitions

  iter     - Number of iterates (steps taken) 
  value    - Objective function value 
  gnorm    - Norm of the gradient
  snorm    - Norm of the step (update to optimization vector)
  #fval    - Cumulative number of times the objective function was evaluated
  #grad    - Number of times the gradient was computed
-------------------------------------------------------------------------------------------------------------
  iter  value          gnorm          snorm          #fval     #grad     ls_#fval  ls_#grad  n_vmult   dRdW_form         dRdW_mult         dRdX_mult         d2R_mult          
  0     1.455208e-03   7.428953e-03   
  1     1.400670e-03   7.253720e-03   7.428953e-03   2         2         1         0         2678      6                 1584              2                 0                 
  2     1.687026e-04   1.047904e-03   3.161002e-01   3         3         1         0         5787      13                3426              3                 0                 
  3     1.208764e-04   6.533820e-04   6.337307e-02   4         4         1         0         8548      19                5100              4                 0                 
  4     8.303310e-05   5.399201e-04   8.859586e-02   5         5         1         0         11231     25                6696              5                 0                 
  5     5.509182e-05   3.716104e-04   1.013823e-01   6         6         1         0         14013     31                8391              6                 0                 
  6     3.727755e-05   3.481973e-04   1.215671e-01   7         7         1         0         16741     37                10032             7                 0                 
  7     3.102833e-05   2.426378e-04   6.421025e-02   9         8         2         0         21596     48                12900             8                 0                 
  8     2.709351e-05   1.699918e-04   3.416307e-02   10        9         1         0         24480     54                14697             9                 0                 
  9     2.237897e-05   1.579194e-04   5.743430e-02   11        10        1         0         27316     60                16446             10                0                 
  10    1.849555e-05   2.584459e-04   8.478140e-02   12        11        1         0         30257     66                18300             11                0                 
  11    1.527092e-05   1.357937e-04   7.520822e-02   13        12        1         0         33057     72                20013             12                0                 
  12    1.393417e-05   7.997724e-05   1.543775e-02   14        13        1         0         35170     77                21219             13                0                 
  13    1.265771e-05   7.943342e-05   2.730804e-02   15        14        1         0         37310     82                22452             14                0                 
  14    1.104905e-05   1.031172e-04   4.303453e-02   16        15        1         0         39459     87                23694             15                0                 
  15    7.355688e-06   1.268315e-04   1.268305e-01   17        16        1         0         41566     92                24894             16                0                 
  16    6.495194e-06   1.596876e-04   6.718878e-02   19        17        2         0         45899     102               27420             17                0                 
  17    4.892817e-06   5.541497e-05   6.118742e-02   20        18        1         0         47991     107               28605             18                0                 
  18    4.576697e-06   2.226357e-05   1.293477e-02   21        19        1         0         50107     112               29814             19                0                 
  19    4.443337e-06   2.676742e-05   8.381894e-03   22        20        1         0         52340     117               31140             20                0                 
  20    4.182542e-06   4.412879e-05   1.943666e-02   23        21        1         0         54513     122               32406             21                0                 
  21    3.510987e-06   7.519554e-05   5.871217e-02   24        22        1         0         56662     127               33648             22                0                 
  22    2.313893e-06   9.914285e-05   1.221767e-01   25        23        1         0         58769     132               34848             23                0                 
  23    8.776524e-07   8.238442e-05   1.740786e-01   26        24        1         0         60912     137               36084             24                0                 
  24    7.915179e-07   8.117960e-05   1.983094e-02   30        25        4         0         68848     156               40593             25                0                 
  25    2.319841e-07   2.831935e-05   7.500862e-02   31        26        1         0         70955     161               41793             26                0                 
  26    1.557898e-07   4.675285e-06   7.950954e-03   32        27        1         0         73143     166               43074             27                0                 
  27    1.510565e-07   2.158372e-06   8.284429e-03   33        28        1         0         75403     171               44427             28                0                 
  28    1.494177e-07   2.050591e-06   2.183998e-03   34        29        1         0         77678     176               45795             29                0                 
  29    1.452258e-07   4.178007e-06   5.162347e-03   35        30        1         0         79983     181               47193             30                0                 
  30    1.420533e-07   3.683846e-06   4.237503e-03   36        31        1         0         82249     186               48552             31                0                 
  31    1.396183e-07   2.827200e-06   3.349665e-03   37        32        1         0         84602     191               49998             32                0                 
  32    1.338701e-07   3.611064e-06   9.763516e-03   38        33        1         0         86934     196               51423             33                0                 
  33    1.296560e-07   4.824496e-06   7.208483e-03   39        34        1         0         89152     201               52734             34                0                 
  34    1.237455e-07   5.036806e-06   7.159944e-03   40        35        1         0         91451     206               54126             35                0                 
  35    8.760830e-08   6.788614e-06   4.773775e-02   41        36        1         0         93663     211               55431             36                0                 
  36    5.752334e-08   1.769376e-05   6.788034e-02   42        37        1         0         95827     216               56688             37                0                 
  37    3.662328e-08   6.829156e-06   2.068508e-02   43        38        1         0         98030     221               57984             38                0                 
  38    2.994541e-08   2.276985e-06   8.467009e-03   44        39        1         0         100263    226               59310             39                0                 
  39    2.788673e-08   2.337637e-06   1.889811e-03   45        40        1         0         102577    231               60717             40                0                 
  40    1.957733e-08   3.314771e-06   1.050964e-02   46        41        1         0         104840    236               62073             41                0                 
  41    1.900897e-08   1.334885e-05   2.451201e-02   47        42        1         0         107037    241               63363             42                0                 
  42    5.190713e-09   3.772954e-06   4.153456e-03   48        43        1         0         109261    246               64680             43                0                 
  43    1.707303e-09   1.604055e-06   5.807620e-03   49        44        1         0         111515    251               66027             44                0                 
  44    4.677816e-10   5.879545e-07   6.795826e-03   50        45        1         0         113823    256               67428             45                0                 
  45    4.260320e-10   1.011683e-07   8.933298e-04   51        46        1         0         116176    261               68874             46                0                 
  46    4.239626e-10   6.346262e-08   4.952899e-05   52        47        1         0         118607    266               70398             47                0                 
  47    4.224449e-10   9.964895e-08   4.065613e-05   53        48        1         0         121038    271               71922             48                0                 
  48    4.172990e-10   2.097301e-07   1.498536e-04   54        49        1         0         123400    276               73377             49                0                 
  49    4.063451e-10   3.561340e-07   3.452669e-04   55        50        1         0         125768    281               74838             50                0                 
  50    3.822734e-10   5.239242e-07   8.228103e-04   56        51        1         0         128157    286               76320             51                0                 
  51    3.459882e-10   5.665992e-07   1.372357e-03   57        52        1         0         130585    291               77841             52                0                 
  52    3.101424e-10   3.240201e-07   1.394059e-03   58        53        1         0         132992    296               79341             53                0                 
  53    2.989569e-10   5.529046e-08   5.193747e-04   59        54        1         0         135429    301               80871             54                0                 
  54    2.975820e-10   4.803567e-08   1.220266e-04   60        55        1         0         137806    306               82341             55                0                 
  55    2.969212e-10   7.428828e-08   9.872687e-05   61        56        1         0         140249    311               83877             56                0                 
  56    2.958575e-10   1.034705e-07   1.019415e-04   62        57        1         0         142695    316               85416             57                0                 
  57    2.920670e-10   1.728843e-07   3.036689e-04   63        58        1         0         145096    321               86910             58                0                 
  58    2.833466e-10   2.719945e-07   6.976584e-04   64        59        1         0         147506    326               88413             59                0                 
  59    2.611384e-10   4.219993e-07   1.890389e-03   65        60        1         0         149901    331               89901             60                0                 
  60    2.131881e-10   5.919404e-07   4.407011e-03   66        61        1         0         152266    336               91359             61                0                 
  61    1.307112e-10   6.717569e-07   8.342866e-03   67        62        1         0         154628    341               92814             62                0                 
  62    4.528432e-11   4.939291e-07   9.730315e-03   68        63        1         0         156990    346               94269             63                0                 
  63    1.023930e-11   2.173564e-07   4.388379e-03   69        64        1         0         159355    351               95727             64                0                 
  64    1.422397e-12   2.411814e-08   7.343228e-04   70        65        1         0         161714    356               97179             65                0                 
  65    9.029963e-13   3.442739e-09   8.474164e-04   71        66        1         0         163431    360               98169             66                0                 
  66    8.855514e-13   1.852193e-09   1.707130e-04   72        67        1         0         165172    364               99183             67                0                 
  67    8.759380e-13   1.981485e-09   3.967922e-05   73        68        1         0         166943    368               100227            68                0                 
  68    7.964376e-13   4.781155e-09   2.325698e-04   74        69        1         0         168687    372               101244            69                0                 
  69    6.616534e-13   8.543558e-09   2.119263e-04   75        70        1         0         170413    376               102243            70                0                 
  70    4.099383e-13   1.001122e-08   3.268894e-04   76        71        1         0         172151    380               103254            71                0                 
  71    3.668226e-13   2.158432e-08   4.719247e-04   77        72        1         0         173829    384               104205            72                0                 
  72    1.686346e-13   6.426721e-09   9.766794e-05   78        73        1         0         175528    388               105177            73                0                 
  73    1.396601e-13   1.746662e-09   1.574744e-04   79        74        1         0         177284    392               106206            74                0                 
  74    1.360032e-13   3.739897e-10   8.973611e-05   80        75        1         0         179043    396               107238            75                0                 
Optimization Terminated with Status: Converged
The process took 251.997 seconds to run.
Total n_vmult for algorithm 179043
