Starting optimization with 40...
Optimizing FFD points to obtain target Gaussian bump...

Quasi-Newton Method with Limited-Memory BFGS
Line Search: Backtracking satisfying Null Curvature Condition
  iter  value          gnorm          snorm          #fval     #grad     ls_#fval  ls_#grad  n_vmult   dRdW_form         dRdW_mult         dRdX_mult         d2R_mult          
  0     1.460201e-03   7.437042e-03   
  1     1.454677e-03   7.419454e-03   7.437042e-04   2         2         1         0         193220    437               114021            77                0                 
  2     1.229206e-03   6.686226e-03   3.222978e-02   3         3         1         0         195978    443               115692            78                0                 
  3     1.038176e-03   6.024536e-03   3.082216e-02   4         4         1         0         198745    449               117372            79                0                 
  4     8.753824e-04   5.422619e-03   2.981558e-02   5         5         1         0         201518    455               119058            80                0                 
  5     7.374359e-04   4.876816e-03   2.877725e-02   6         6         1         0         204306    461               120759            81                0                 
  6     6.210556e-04   4.382924e-03   2.770169e-02   7         7         1         0         207118    467               122484            82                0                 
  7     5.232121e-04   3.936632e-03   2.659550e-02   8         8         1         0         209945    473               124224            83                0                 
  8     4.411801e-04   3.533723e-03   2.547330e-02   9         9         1         0         212781    479               125973            84                0                 
  9     3.725532e-04   3.170194e-03   2.435197e-02   10        10        1         0         215641    485               127746            85                0                 
  10    3.152355e-04   2.842313e-03   2.324745e-02   11        11        1         0         218513    491               129531            86                0                 
  11    2.674214e-04   2.546647e-03   2.217331e-02   12        12        1         0         220524    496               130635            87                0                 
  12    2.275675e-04   2.280057e-03   2.114018e-02   13        13        1         0         222544    501               131748            88                0                 
  13    1.943634e-04   2.039694e-03   2.015598e-02   14        14        1         0         224564    506               132861            89                0                 
  14    1.667023e-04   1.822973e-03   1.922623e-02   15        15        1         0         226587    511               133977            90                0                 
  15    1.436529e-04   1.627559e-03   1.835453e-02   16        16        1         0         228634    516               135117            91                0                 
  16    1.244347e-04   1.451339e-03   1.754300e-02   17        17        1         0         230684    521               136260            92                0                 
  17    1.083952e-04   1.292410e-03   1.679269e-02   18        18        1         0         232734    526               137403            93                0                 
  18    9.499035e-05   1.149053e-03   1.610386e-02   19        19        1         0         234784    531               138546            94                0                 
  19    8.376732e-05   1.019720e-03   1.547626e-02   20        20        1         0         236834    536               139689            95                0                 
  20    7.435005e-05   9.030163e-04   1.490928e-02   21        21        1         0         238890    541               140838            96                0                 
  21    6.642659e-05   7.976908e-04   1.440219e-02   22        22        1         0         240946    546               141987            97                0                 
  22    5.973848e-05   7.026207e-04   1.395421e-02   23        23        1         0         243002    551               143136            98                0                 
  23    5.407185e-05   6.168028e-04   1.356461e-02   24        24        1         0         245055    556               144282            99                0                 
  24    4.924979e-05   5.393450e-04   1.323287e-02   25        25        1         0         247105    561               145425            100               0                 
  25    4.512604e-05   4.694596e-04   1.295871e-02   26        26        1         0         249161    566               146574            101               0                 
  26    4.157970e-05   4.064587e-04   1.274220e-02   27        27        1         0         251226    571               147732            102               0                 
  27    3.851079e-05   3.497522e-04   1.258385e-02   28        28        1         0         253294    576               148893            103               0                 
  28    3.583659e-05   2.988495e-04   1.248470e-02   29        29        1         0         255365    581               150057            104               0                 
  29    3.348854e-05   2.533666e-04   1.244641e-02   30        30        1         0         257460    586               151245            105               0                 
  30    3.140972e-05   2.130399e-04   1.247144e-02   31        31        1         0         259570    591               152448            106               0                 
  31    2.955270e-05   1.777505e-04   1.256319e-02   32        32        1         0         261677    596               153648            107               0                 
  32    2.787781e-05   1.475595e-04   1.272631e-02   33        33        1         0         263784    601               154848            108               0                 
  33    2.635162e-05   1.227417e-04   1.296715e-02   34        34        1         0         265906    606               156063            109               0                 
  34    2.494565e-05   1.037641e-04   1.329449e-02   35        35        1         0         268031    611               157281            110               0                 
  35    2.363531e-05   9.108193e-05   1.372078e-02   36        36        1         0         270135    616               158478            111               0                 
  36    2.239876e-05   8.465233e-05   1.426422e-02   37        37        1         0         272242    621               159678            112               0                 
  37    2.121596e-05   8.347122e-05   1.495226e-02   38        38        1         0         274358    626               160887            113               0                 
  38    2.006752e-05   8.574563e-05   1.582738e-02   39        39        1         0         276486    631               162108            114               0                 
  39    1.893347e-05   8.957773e-05   1.695635e-02   40        40        1         0         278608    636               163323            115               0                 
  40    1.779186e-05   9.345865e-05   1.844375e-02   41        41        1         0         280739    641               164547            116               0                 
  41    1.661780e-05   9.632582e-05   2.046675e-02   42        42        1         0         282876    646               165777            117               0                 
  42    1.535717e-05   1.472244e-04   2.959620e-02   43        43        1         0         284998    651               166992            118               0                 
  43    1.438019e-05   1.416187e-04   2.014323e-02   44        44        1         0         287090    656               168177            119               0                 
  44    1.348821e-05   1.354453e-04   1.969895e-02   45        45        1         0         289236    661               169416            120               0                 
  45    1.259582e-05   1.287426e-04   2.120851e-02   46        46        1         0         291385    666               170658            121               0                 
  46    1.158569e-05   1.351949e-04   2.945236e-02   47        47        1         0         293495    671               171861            122               0                 
  47    1.086542e-05   1.258707e-04   2.060484e-02   48        48        1         0         295647    676               173106            123               0                 
  48    1.025782e-05   1.177287e-04   1.877109e-02   49        49        1         0         297790    681               174342            124               0                 
  49    9.680102e-06   1.088361e-04   1.907708e-02   50        50        1         0         299978    686               175623            125               0                 
  50    9.104870e-06   1.010329e-04   2.087515e-02   51        51        1         0         302163    691               176901            126               0                 
  51    8.521827e-06   8.920109e-05   2.291413e-02   52        52        1         0         304312    696               178143            127               0                 
  52    8.109992e-06   8.145246e-05   1.793356e-02   53        53        1         0         306497    701               179421            128               0                 
  53    7.753375e-06   7.333057e-05   1.663504e-02   54        54        1         0         308700    706               180717            129               0                 
  54    7.422012e-06   6.670988e-05   1.664156e-02   55        55        1         0         310888    711               181998            130               0                 
  55    7.090576e-06   5.766878e-05   1.817522e-02   56        56        1         0         313121    716               183324            131               0                 
  56    6.801030e-06   5.052325e-05   1.707095e-02   57        57        1         0         315315    721               184611            132               0                 
  57    6.559300e-06   4.451167e-05   1.549207e-02   58        58        1         0         317515    726               185904            133               0                 
  58    6.326986e-06   3.807658e-05   1.588329e-02   59        59        1         0         319763    731               187245            134               0                 
  59    6.108368e-06   3.297275e-05   1.604753e-02   60        60        1         0         321948    736               188523            135               0                 
  60    5.908724e-06   2.798705e-05   1.569853e-02   61        61        1         0         324175    741               189843            136               0                 
  61    5.725211e-06   2.443968e-05   1.523568e-02   62        62        1         0         326378    746               191139            137               0                 
  62    5.548588e-06   2.188176e-05   1.544349e-02   63        63        1         0         328593    751               192447            138               0                 
  63    5.370767e-06   2.046165e-05   1.623643e-02   64        64        1         0         330832    756               193779            139               0                 
  64    5.184668e-06   2.067746e-05   1.795571e-02   65        65        1         0         333020    761               195060            140               0                 
  65    4.984238e-06   2.212659e-05   2.052692e-02   66        66        1         0         335235    766               196368            141               0                 
  66    4.814418e-06   2.399862e-05   1.835175e-02   67        67        1         0         337444    771               197670            142               0                 
  67    4.652152e-06   2.660645e-05   1.812010e-02   68        68        1         0         339662    776               198981            143               0                 
  68    4.484170e-06   2.869736e-05   1.913225e-02   69        69        1         0         341868    781               200280            144               0                 
  69    4.307454e-06   3.143785e-05   2.062525e-02   70        70        1         0         344131    786               201636            145               0                 
  70    4.117027e-06   3.294383e-05   2.296363e-02   71        71        1         0         346286    791               202884            146               0                 
  71    3.898504e-06   3.524141e-05   2.822167e-02   72        72        1         0         348477    796               204168            147               0                 
  72    3.732344e-06   3.648940e-05   2.258086e-02   73        73        1         0         350740    801               205524            148               0                 
  73    3.582600e-06   3.625749e-05   2.092883e-02   74        74        1         0         352997    806               206874            149               0                 
  74    3.431164e-06   3.738421e-05   2.196830e-02   75        75        1         0         355257    811               208227            150               0                 
  75    3.292626e-06   3.560520e-05   2.101208e-02   76        76        1         0         357481    816               209544            151               0                 
  76    3.160966e-06   3.543642e-05   2.105466e-02   77        77        1         0         359753    821               210909            152               0                 
  77    3.055602e-06   3.372964e-05   1.757827e-02   78        78        1         0         361974    826               212223            153               0                 
  78    2.967365e-06   3.220470e-05   1.506461e-02   79        79        1         0         364249    831               213591            154               0                 
  79    2.886525e-06   3.027540e-05   1.414007e-02   80        80        1         0         366518    836               214953            155               0                 
  80    2.813638e-06   2.818972e-05   1.311197e-02   81        81        1         0         368793    841               216321            156               0                 
  81    2.748895e-06   2.597357e-05   1.210815e-02   82        82        1         0         371017    846               217638            157               0                 
  82    2.691208e-06   2.377486e-05   1.121418e-02   83        83        1         0         373316    851               219030            158               0                 
  83    2.639652e-06   2.148220e-05   1.051435e-02   84        84        1         0         375579    856               220386            159               0                 
  84    2.593465e-06   1.926483e-05   9.912276e-03   85        85        1         0         377863    861               221763            160               0                 
  85    2.551761e-06   1.702240e-05   9.482800e-03   86        86        1         0         380132    866               223125            161               0                 
  86    2.514129e-06   1.484866e-05   9.094454e-03   87        87        1         0         382419    871               224505            162               0                 
  87    2.480782e-06   1.278139e-05   8.578524e-03   88        88        1         0         384724    876               225903            163               0                 
  88    2.451041e-06   1.084172e-05   8.133754e-03   89        89        1         0         387020    881               227292            164               0                 
  89    2.423879e-06   9.037850e-06   7.881721e-03   90        90        1         0         389349    886               228714            165               0                 
Optimization Terminated with Status: Converged
 Done target optimization...
 Resetting problem to initial conditions and target previous FFD points 
 and aim for machine precision functional value....
The process took 304.762 seconds to run.
Starting optimization with 40...

Newton-Krylov using GMRES with Limited-Memory BFGS preconditioning
Line Search: Backtracking satisfying Null Curvature Condition
-------------------------------------------------------------------------------------------------------------
Newton-Krylov status output definitions

  iter     - Number of iterates (steps taken) 
  value    - Objective function value 
  gnorm    - Norm of the gradient
  snorm    - Norm of the step (update to optimization vector)
  #fval    - Cumulative number of times the objective function was evaluated
  #grad    - Number of times the gradient was computed
  iterCG   - Number of Krylov iterations used to compute search direction
  flagCG   - Krylov solver flag
-------------------------------------------------------------------------------------------------------------
  iter  value          gnorm          snorm          #fval     #grad     iterCG    flagCG    ls_#fval  ls_#grad  n_vmult   dRdW_form         dRdW_mult         dRdX_mult         d2R_mult          
  0     1.455208e-03   7.428953e-03   
  1     1.722933e-05   7.908779e-04   2.340320e+01   2         2         25        0         1         0         25343     8                 22797             54                104               
  2     4.528735e-09   1.226017e-05   2.254449e+01   3         3         23        0         1         0         46635     14                41994             103               200               
  3     1.208934e-14   3.033758e-09   8.357265e-01   4         4         25        0         1         0         68803     19                62163             156               304               
  4     1.965772e-19   1.322006e-13   1.336579e-02   5         5         28        0         1         0         92114     23                83529             215               420               
Optimization Terminated with Status: Converged
The process took 209.944 seconds to run.
Total n_vmult for algorithm 92114
