Starting optimization with 80...
Optimizing FFD points to obtain target Gaussian bump...

Quasi-Newton Method with Limited-Memory BFGS
Line Search: Backtracking satisfying Null Curvature Condition
  iter  value          gnorm          snorm          #fval     #grad     ls_#fval  ls_#grad  n_vmult   dRdW_form         dRdW_mult         dRdX_mult         d2R_mult          
  0     1.460201e-03   6.441823e-03   
  1     1.456055e-03   6.431623e-03   6.441823e-04   2         2         1         0         387516    47                359966            956               1836              
  2     1.205894e-03   5.795598e-03   4.106167e-02   3         3         1         0         390229    53                361592            957               1836              
  3     9.981046e-04   5.225492e-03   3.809554e-02   4         4         1         0         392960    59                363236            958               1836              
  4     8.242244e-04   4.709527e-03   3.566257e-02   5         5         1         0         395700    65                364889            959               1836              
  5     6.793937e-04   4.243343e-03   3.324564e-02   6         6         1         0         398455    71                366557            960               1836              
  6     5.591793e-04   3.822695e-03   3.088314e-02   7         7         1         0         401237    77                368252            961               1836              
  7     4.596712e-04   3.443285e-03   2.859273e-02   8         8         1         0         404043    83                369971            962               1836              
  8     3.774841e-04   3.101267e-03   2.640219e-02   9         9         1         0         406870    89                371711            963               1836              
  9     3.097263e-04   2.792930e-03   2.432081e-02   10        10        1         0         409715    95                373469            964               1836              
  10    2.539498e-04   2.515061e-03   2.236401e-02   11        11        1         0         412584    101               375251            965               1836              
  11    2.080967e-04   2.264581e-03   2.053049e-02   12        12        1         0         414598    106               376358            966               1836              
  12    1.704454e-04   2.038884e-03   1.882702e-02   13        13        1         0         416627    111               377480            967               1836              
  13    1.395608e-04   1.835433e-03   1.724505e-02   14        14        1         0         418659    116               378605            968               1836              
  14    1.142502e-04   1.652148e-03   1.578756e-02   15        15        1         0         420688    121               379727            969               1836              
  15    9.352479e-05   1.486917e-03   1.444152e-02   16        16        1         0         422723    126               380855            970               1836              
  16    7.656622e-05   1.338103e-03   1.320980e-02   17        17        1         0         424767    131               381992            971               1836              
  17    6.269849e-05   1.203915e-03   1.207611e-02   18        18        1         0         426814    136               383132            972               1836              
  18    5.136388e-05   1.083095e-03   1.104609e-02   19        19        1         0         428870    141               384281            973               1836              
  19    4.210280e-05   9.740674e-04   1.010031e-02   20        20        1         0         430929    146               385433            974               1836              
  20    3.453677e-05   8.759118e-04   9.249861e-03   21        21        1         0         433018    151               386615            975               1836              
  21    2.835454e-05   7.871653e-04   8.471172e-03   22        22        1         0         435098    156               387788            976               1836              
  22    2.330092e-05   7.072230e-04   7.781206e-03   23        23        1         0         437199    161               388982            977               1836              
  23    1.916863e-05   6.347078e-04   7.146200e-03   24        24        1         0         439297    166               390173            978               1836              
  24    1.579244e-05   5.694055e-04   6.577804e-03   25        25        1         0         441413    171               391382            979               1836              
  25    1.304214e-05   5.102521e-04   6.028179e-03   26        26        1         0         443523    176               392585            980               1836              
  26    1.081155e-05   4.573432e-04   5.514462e-03   27        27        1         0         445642    181               393797            981               1836              
  27    9.008305e-06   4.098015e-04   5.021386e-03   28        28        1         0         447761    186               395009            982               1836              
  28    7.550955e-06   3.674299e-04   4.582167e-03   29        29        1         0         449889    191               396230            983               1836              
  29    6.371187e-06   3.293977e-04   4.186694e-03   30        30        1         0         452017    196               397451            984               1836              
  30    5.413871e-06   2.953768e-04   3.842577e-03   31        31        1         0         454160    201               398687            985               1836              
  31    4.635422e-06   2.647737e-04   3.535478e-03   32        32        1         0         456294    206               399914            986               1836              
  32    4.001287e-06   2.373060e-04   3.264847e-03   33        33        1         0         458446    211               401159            987               1836              
  33    3.483925e-06   2.125615e-04   3.022045e-03   34        34        1         0         460580    216               402386            988               1836              
  34    3.061170e-06   1.903042e-04   2.806728e-03   35        35        1         0         462753    221               403652            989               1836              
  35    2.714994e-06   1.702109e-04   2.615466e-03   36        36        1         0         464920    226               404912            990               1836              
  36    2.430473e-06   1.520556e-04   2.451761e-03   37        37        1         0         467114    231               406199            991               1836              
  37    2.195008e-06   1.354973e-04   2.319058e-03   38        38        1         0         469314    236               407492            992               1836              
  38    1.998718e-06   1.203049e-04   2.214354e-03   39        39        1         0         471514    241               408785            993               1836              
  39    1.836618e-06   1.064255e-04   2.093831e-03   40        40        1         0         473720    246               410084            994               1836              
  40    1.706142e-06   9.412437e-05   1.931292e-03   41        41        1         0         475929    251               411386            995               1836              
  41    1.601622e-06   8.330553e-05   1.774967e-03   42        42        1         0         478141    256               412691            996               1836              
  42    1.516776e-06   7.371984e-05   1.654286e-03   43        43        1         0         480362    261               414005            997               1836              
  43    1.447014e-06   6.514912e-05   1.562365e-03   44        44        1         0         482583    266               415319            998               1836              
  44    1.389134e-06   5.744915e-05   1.489272e-03   45        45        1         0         484810    271               416639            999               1836              
  45    1.340784e-06   5.051298e-05   1.429203e-03   46        46        1         0         487037    276               417959            1000              1836              
  46    1.300158e-06   4.425583e-05   1.379045e-03   47        47        1         0         489267    281               419282            1001              1836              
  47    1.265824e-06   3.860967e-05   1.337271e-03   48        48        1         0         491488    286               420596            1002              1836              
  48    1.236635e-06   3.351345e-05   1.302989e-03   49        49        1         0         493709    291               421910            1003              1836              
  49    1.211657e-06   2.891906e-05   1.275785e-03   50        50        1         0         495930    296               423224            1004              1836              
  50    1.190130e-06   2.478139e-05   1.255430e-03   51        51        1         0         498157    301               424544            1005              1836              
  51    1.171431e-06   2.106916e-05   1.241926e-03   52        52        1         0         500393    306               425873            1006              1836              
  52    1.155047e-06   1.775303e-05   1.235419e-03   53        53        1         0         502629    311               427202            1007              1836              
  53    1.140555e-06   1.482257e-05   1.236284e-03   54        54        1         0         504880    316               428546            1008              1836              
  54    1.127599e-06   1.227014e-05   1.245309e-03   55        55        1         0         507143    321               429902            1009              1836              
  55    1.115876e-06   1.012052e-05   1.264189e-03   56        56        1         0         509403    326               431255            1010              1836              
  56    1.105104e-06   8.404584e-06   1.297777e-03   57        57        1         0         511678    331               432623            1011              1836              
Optimization Terminated with Status: Converged
 Done target optimization...
 Resetting problem to initial conditions and target previous FFD points 
 and aim for machine precision functional value....
The process took 314.413 seconds to run.
********************************************************
Biros and Ghattas Full-space method...with P4A preconditioner
Using 9080 design variables: 9000 simulation variables and 80 control variables.
Line Search: Backtracking satisfying Null Curvature Condition
********************************************************
Iteration         Func. val.        ||Lagr. grad.||   ||Constraint||    ||Search dir||    search_ctl_norm   search_sim_norm   search_adj_norm   n_kkt_iter        n_linesearches    n_grad            n_vmult           dRdW_form         dRdW_mult         dRdX_mult         d2R_mult          
1                 6.60592e-06       0.00528689        0.0222523         16.6777           15.6364           3.51585           4.61393           485               1                 0                 45490             2                 5262              1950              3884              
2                 6.15887e-07       0.0002162         0.000516787       7.46363           7.42879           0.287512          0.660504          299               1                 0                 73278             3                 8261              3155              6280              
3                 4.89391e-10       3.24596e-05       4.39199e-05       8.25811           8.25553           0.0838804         0.188871          366               1                 0                 107230            4                 11930             4628              9212              
4                 3.45021e-13       5.06948e-08       2.72537e-08       0.115785          0.115067          0.0029339         0.0125308         395               1                 0                 143850            5                 15889             6217              12376             
5                 2.94365e-14       6.06542e-12       9.73871e-12       0.0329615         0.0329614         7.59456e-05       1.16085e-05       410               1                 0                 181850            6                 19998             7866              15660             
Optimization Terminated with Status: Converged
The process took 291.93 seconds to run.
Total n_vmult for algorithm 181850
