Starting optimization with 80...
Optimizing FFD points to obtain target Gaussian bump...

Quasi-Newton Method with Limited-Memory BFGS
Line Search: Backtracking satisfying Null Curvature Condition
  iter  value          gnorm          snorm          #fval     #grad     ls_#fval  ls_#grad  n_vmult   dRdW_form         dRdW_mult         dRdX_mult         d2R_mult          
  0     1.460802e-03   6.444868e-03   
  1     1.456652e-03   6.434657e-03   6.444868e-04   2         2         1         0         270028    58                236264            1100              1072              
  2     1.206427e-03   5.798343e-03   4.105102e-02   3         3         1         0         273791    64                238100            1101              1072              
  3     9.985836e-04   5.228032e-03   3.808637e-02   4         4         1         0         277581    70                239963            1102              1072              
  4     8.246509e-04   4.711837e-03   3.565320e-02   5         5         1         0         281365    76                241820            1103              1072              
  5     6.797695e-04   4.245473e-03   3.323897e-02   6         6         1         0         285149    82                243677            1104              1072              
  6     5.595073e-04   3.824624e-03   3.087674e-02   7         7         1         0         288960    88                245561            1105              1072              
  7     4.599551e-04   3.445059e-03   2.858887e-02   8         8         1         0         291830    93                246824            1106              1072              
  8     3.777282e-04   3.102866e-03   2.639841e-02   9         9         1         0         294706    98                248093            1107              1072              
  9     3.099350e-04   2.794403e-03   2.431923e-02   10        10        1         0         297591    103               249371            1108              1072              
  10    2.541276e-04   2.516384e-03   2.236203e-02   11        11        1         0         300479    108               250652            1109              1072              
  11    2.082478e-04   2.265806e-03   2.053038e-02   12        12        1         0         303370    113               251936            1110              1072              
  12    1.705738e-04   2.039982e-03   1.882585e-02   13        13        1         0         306276    118               253235            1111              1072              
  13    1.396702e-04   1.836465e-03   1.724551e-02   14        14        1         0         309191    123               254543            1112              1072              
  14    1.143441e-04   1.653074e-03   1.578601e-02   15        15        1         0         312112    128               255857            1113              1072              
  15    9.360639e-05   1.487818e-03   1.444128e-02   16        16        1         0         315045    133               257183            1114              1072              
  16    7.663878e-05   1.338924e-03   1.320587e-02   17        17        1         0         317984    138               258515            1115              1072              
  17    6.276536e-05   1.204774e-03   1.207255e-02   18        18        1         0         320935    143               259859            1116              1072              
  18    5.142879e-05   1.083925e-03   1.103530e-02   19        19        1         0         323895    148               261212            1117              1072              
  19    4.217019e-05   9.750583e-04   1.008679e-02   20        20        1         0         326864    153               262574            1118              1072              
  20    3.461223e-05   8.770024e-04   9.221197e-03   21        21        1         0         329845    158               263948            1119              1072              
  21    2.844501e-05   7.886796e-04   8.431561e-03   22        22        1         0         332844    163               265340            1120              1072              
  22    2.341431e-05   7.091397e-04   7.712652e-03   23        23        1         0         335852    168               266741            1121              1072              
  23    1.931181e-05   6.375015e-04   7.058041e-03   24        24        1         0         338869    173               268151            1122              1072              
  24    1.596691e-05   5.729960e-04   6.463265e-03   25        25        1         0         341892    178               269567            1123              1072              
  25    1.324009e-05   5.149011e-04   5.922457e-03   26        26        1         0         344924    183               270992            1124              1072              
  26    1.101728e-05   4.625969e-04   5.431997e-03   27        27        1         0         347959    188               272420            1125              1072              
  27    9.205309e-06   4.154891e-04   4.986516e-03   28        28        1         0         350997    193               273851            1126              1072              
  28    7.728115e-06   3.730816e-04   4.583281e-03   29        29        1         0         354041    198               275288            1127              1072              
  29    6.523640e-06   3.348812e-04   4.217316e-03   30        30        1         0         357091    203               276731            1128              1072              
  30    5.541271e-06   3.004956e-04   3.886832e-03   31        31        1         0         360153    208               278186            1129              1072              
  31    4.739742e-06   2.695089e-04   3.587119e-03   32        32        1         0         363218    213               279644            1130              1072              
  32    4.085416e-06   2.416172e-04   3.317459e-03   33        33        1         0         366286    218               281105            1131              1072              
  33    3.550870e-06   2.164594e-04   3.073295e-03   34        34        1         0         369357    223               282569            1132              1072              
  34    3.113752e-06   1.938081e-04   2.855182e-03   35        35        1         0         372434    228               284039            1133              1072              
  35    2.755835e-06   1.733347e-04   2.658542e-03   36        36        1         0         375514    233               285512            1134              1072              
  36    2.462301e-06   1.548813e-04   2.484851e-03   37        37        1         0         378603    238               286994            1135              1072              
  37    2.221186e-06   1.381466e-04   2.328037e-03   38        38        1         0         381695    243               288479            1136              1072              
  38    2.023012e-06   1.230577e-04   2.187137e-03   39        39        1         0         384793    248               289970            1137              1072              
  39    1.860340e-06   1.093875e-04   2.052807e-03   40        40        1         0         387891    253               291461            1138              1072              
  40    1.727157e-06   9.713677e-05   1.924907e-03   41        41        1         0         390992    258               292955            1139              1072              
  41    1.618253e-06   8.612077e-05   1.803324e-03   42        42        1         0         394102    263               294458            1140              1072              
  42    1.529030e-06   7.628339e-05   1.694684e-03   43        43        1         0         397212    268               295961            1141              1072              
  43    1.455619e-06   6.744282e-05   1.599920e-03   44        44        1         0         400328    273               297470            1142              1072              
  44    1.394892e-06   5.951798e-05   1.519436e-03   45        45        1         0         403441    278               298976            1143              1072              
  45    1.344380e-06   5.237588e-05   1.450979e-03   46        46        1         0         406563    283               300491            1144              1072              
  46    1.302128e-06   4.595050e-05   1.393175e-03   47        47        1         0         409682    288               302003            1145              1072              
  47    1.266584e-06   4.015000e-05   1.344518e-03   48        48        1         0         412807    293               303521            1146              1072              
  48    1.236504e-06   3.492359e-05   1.304182e-03   49        49        1         0         415926    298               305033            1147              1072              
  49    1.210880e-06   3.020567e-05   1.271533e-03   50        50        1         0         419030    303               306530            1148              1072              
  50    1.188899e-06   2.595876e-05   1.246237e-03   51        51        1         0         422119    308               308012            1149              1072              
  51    1.169895e-06   2.213662e-05   1.228180e-03   52        52        1         0         425238    313               309524            1150              1072              
  52    1.153323e-06   1.871652e-05   1.217380e-03   53        53        1         0         428360    318               311039            1151              1072              
  53    1.138733e-06   1.567178e-05   1.214155e-03   54        54        1         0         431479    323               312551            1152              1072              
  54    1.125755e-06   1.300144e-05   1.219027e-03   55        55        1         0         434613    328               314078            1153              1072              
  55    1.114068e-06   1.070870e-05   1.233729e-03   56        56        1         0         437747    333               315605            1154              1072              
  56    1.103366e-06   8.835062e-06   1.265094e-03   57        57        1         0         440884    338               317135            1155              1072              
Optimization Terminated with Status: Converged
 Done target optimization...
 Resetting problem to initial conditions and target previous FFD points 
 and aim for machine precision functional value....
The process took 713.252 seconds to run.
********************************************************
Biros and Ghattas Full-space method...with P2A preconditioner
Using 16080 design variables: 16000 simulation variables and 80 control variables.
Line Search: Backtracking satisfying Null Curvature Condition
********************************************************
Iteration         Func. val.        ||Lagr. grad.||   ||Constraint||    ||Search dir||    search_ctl_norm   search_sim_norm   search_adj_norm   n_kkt_iter        n_linesearches    n_grad            n_vmult           dRdW_form         dRdW_mult         dRdX_mult         d2R_mult          
1                 6.65324e-06       0.0050226         0.0184323         16.2828           14.368            4.66973           6.07318           516               1                 0                 33211             2                 3577              2074              2068              
2                 7.93066e-07       0.000236934       0.000454337       6.14821           6.06769           0.391289          0.911352          337               1                 0                 54525             3                 5608              3431              3420              
3                 7.47769e-10       4.45594e-05       6.56453e-05       8.3799            8.37496           0.136884          0.253033          404               1                 0                 79993             4                 8041              5056              5040              
4                 3.24834e-12       5.33422e-08       2.50334e-08       0.189898          0.188868          0.00455981        0.0192175         416               1                 0                 106205            5                 10546             6729              6708              
5                 1.31233e-13       8.31709e-11       3.19322e-10       0.158281          0.158281          0.000280417       0.000243664       474               1                 0                 136013            6                 13399             8634              8608              
Optimization Terminated with Status: Converged
The process took 818.023 seconds to run.
Total n_vmult for algorithm 136013
