Starting optimization with 80...
Optimizing FFD points to obtain target Gaussian bump...

Quasi-Newton Method with Limited-Memory BFGS
Line Search: Backtracking satisfying Null Curvature Condition
  iter  value          gnorm          snorm          #fval     #grad     ls_#fval  ls_#grad  n_vmult   dRdW_form         dRdW_mult         dRdX_mult         d2R_mult          
  0     1.446428e-03   6.352675e-03   
  1     1.442395e-03   6.342829e-03   6.352675e-04   2         2         1         0         253066    34                235119            763               1464              
  2     1.191432e-03   5.717949e-03   4.204580e-02   3         3         1         0         254804    40                236370            764               1464              
  3     9.740029e-04   5.115264e-03   4.121919e-02   4         4         1         0         256569    46                237648            765               1464              
  4     7.764006e-04   4.534733e-03   4.258083e-02   5         5         1         0         258322    52                238914            766               1464              
  5     6.262825e-04   4.030262e-03   3.592075e-02   6         6         1         0         260084    58                240189            767               1464              
  6     5.112535e-04   3.618289e-03   3.107409e-02   7         7         1         0         261846    64                241464            768               1464              
  7     4.188594e-04   3.251374e-03   2.790200e-02   8         8         1         0         263611    70                242742            769               1464              
  8     3.433679e-04   2.926763e-03   2.559520e-02   9         9         1         0         265376    76                244020            770               1464              
  9     2.814076e-04   2.633594e-03   2.350574e-02   10        10        1         0         267147    82                245304            771               1464              
  10    2.304010e-04   2.369968e-03   2.169987e-02   11        11        1         0         268915    88                246585            772               1464              
  11    1.878596e-04   2.129007e-03   2.041112e-02   12        12        1         0         270701    94                247884            773               1464              
  12    1.505632e-04   1.895391e-03   2.039786e-02   13        13        1         0         272490    100               249186            774               1464              
  13    1.195251e-04   1.676527e-03   1.894604e-02   14        14        1         0         274276    106               250485            775               1464              
  14    9.662819e-05   1.498093e-03   1.571869e-02   15        15        1         0         276074    112               251796            776               1464              
  15    7.878799e-05   1.344141e-03   1.372613e-02   16        16        1         0         277878    118               253113            777               1464              
  16    6.445109e-05   1.207833e-03   1.236994e-02   17        17        1         0         279700    124               254448            778               1464              
  17    5.281757e-05   1.085754e-03   1.124946e-02   18        18        1         0         281528    130               255789            779               1464              
  18    4.334366e-05   9.761826e-04   1.027804e-02   19        19        1         0         283356    136               257130            780               1464              
  19    3.561878e-05   8.775923e-04   9.404336e-03   20        20        1         0         285202    142               258489            781               1464              
  20    2.931723e-05   7.888960e-04   8.617096e-03   21        21        1         0         287069    148               259869            782               1464              
  21    2.417638e-05   7.090316e-04   7.900567e-03   22        22        1         0         288921    154               261234            783               1464              
  22    1.998250e-05   6.371468e-04   7.250426e-03   23        23        1         0         290788    160               262614            784               1464              
  23    1.656136e-05   5.724168e-04   6.658207e-03   24        24        1         0         292682    166               264021            785               1464              
  24    1.377063e-05   5.141485e-04   6.120296e-03   25        25        1         0         294585    172               265437            786               1464              
  25    1.149409e-05   4.616831e-04   5.630770e-03   26        26        1         0         296491    178               266856            787               1464              
  26    9.636850e-06   4.144544e-04   5.186245e-03   27        27        1         0         298409    184               268287            788               1464              
  27    8.121446e-06   3.719317e-04   4.782143e-03   28        28        1         0         300336    190               269727            789               1464              
  28    6.884677e-06   3.336532e-04   4.415383e-03   29        29        1         0         302269    196               271173            790               1464              
  29    5.874994e-06   2.991897e-04   4.082296e-03   30        30        1         0         303576    201               272073            791               1464              
  30    5.050365e-06   2.681651e-04   3.780168e-03   31        31        1         0         304889    206               272979            792               1464              
  31    4.376534e-06   2.402322e-04   3.506016e-03   32        32        1         0         306211    211               273894            793               1464              
  32    3.825585e-06   2.150850e-04   3.257511e-03   33        33        1         0         307539    216               274815            794               1464              
  33    3.374776e-06   1.924422e-04   3.032219e-03   34        34        1         0         308873    221               275742            795               1464              
  34    3.005581e-06   1.720554e-04   2.828176e-03   35        35        1         0         310210    226               276672            796               1464              
  35    2.702915e-06   1.536966e-04   2.643403e-03   36        36        1         0         311550    231               277605            797               1464              
  36    2.454491e-06   1.371641e-04   2.476273e-03   37        37        1         0         312893    236               278541            798               1464              
  37    2.250303e-06   1.222734e-04   2.325187e-03   38        38        1         0         314230    241               279471            799               1464              
  38    2.082203e-06   1.088610e-04   2.188818e-03   39        39        1         0         315576    246               280410            800               1464              
  39    1.943554e-06   9.677735e-05   2.065890e-03   40        40        1         0         316928    251               281355            801               1464              
  40    1.828952e-06   8.589022e-05   1.955347e-03   41        41        1         0         318289    256               282309            802               1464              
  41    1.733992e-06   7.607874e-05   1.856190e-03   42        42        1         0         319662    261               283275            803               1464              
  42    1.655086e-06   6.723609e-05   1.767603e-03   43        43        1         0         321038    266               284244            804               1464              
  43    1.589308e-06   5.926485e-05   1.688830e-03   44        44        1         0         322417    271               285216            805               1464              
  44    1.534272e-06   5.207933e-05   1.619274e-03   45        45        1         0         323820    276               286212            806               1464              
  45    1.488032e-06   4.560149e-05   1.558400e-03   46        46        1         0         325241    281               287226            807               1464              
  46    1.448997e-06   3.976352e-05   1.505817e-03   47        47        1         0         326668    286               288246            808               1464              
  47    1.415869e-06   3.450389e-05   1.461197e-03   48        48        1         0         328104    291               289275            809               1464              
  48    1.387584e-06   2.977068e-05   1.424349e-03   49        49        1         0         329507    296               290271            810               1464              
  49    1.363272e-06   2.551740e-05   1.395155e-03   50        50        1         0         330925    301               291282            811               1464              
  50    1.342217e-06   2.170796e-05   1.373640e-03   51        51        1         0         332325    306               292275            812               1464              
  51    1.323832e-06   1.831175e-05   1.359914e-03   52        52        1         0         333737    311               293280            813               1464              
  52    1.307631e-06   1.531226e-05   1.354271e-03   53        53        1         0         335176    316               294312            814               1464              
  53    1.293211e-06   1.270035e-05   1.357178e-03   54        54        1         0         336627    321               295356            815               1464              
  54    1.280234e-06   1.049155e-05   1.369575e-03   55        55        1         0         338084    326               296406            816               1464              
  55    1.268406e-06   8.713420e-06   1.393625e-03   56        56        1         0         339544    331               297459            817               1464              
Optimization Terminated with Status: Converged
 Done target optimization...
 Resetting problem to initial conditions and target previous FFD points 
 and aim for machine precision functional value....
The process took 44.9131 seconds to run.
********************************************************
Biros and Ghattas Full-space method...with P4A preconditioner
Using 4080 design variables: 4000 simulation variables and 80 control variables.
Line Search: Backtracking satisfying Null Curvature Condition
********************************************************
Iteration         Func. val.        ||Lagr. grad.||   ||Constraint||    ||Search dir||    search_ctl_norm   search_sim_norm   search_adj_norm   n_kkt_iter        n_linesearches    n_grad            n_vmult           dRdW_form         dRdW_mult         dRdX_mult         d2R_mult          
1                 7.59749e-06       0.00332285        0.0239627         13.0079           12.4472           2.43471           2.88882           400               1                 0                 37404             2                 4346              1610              3204              
2                 8.68802e-08       6.38596e-05       0.000353801       11.2426           11.2359           0.188095          0.339069          273               1                 0                 62700             3                 7085              2711              5392              
3                 1.98846e-11       1.76242e-06       6.3217e-06        1.24863           1.24776           0.0224714         0.0408806         379               1                 0                 97748             4                 10884             4236              8428              
4                 6.16041e-14       2.09792e-10       7.73193e-10       0.068528          0.0685215         0.00032609        0.00088504        355               1                 0                 130588            5                 14443             5665              11272             
Optimization Terminated with Status: Converged
The process took 33.6621 seconds to run.
Total n_vmult for algorithm 130588
