Starting optimization with 20...
Optimizing FFD points to obtain target Gaussian bump...

Quasi-Newton Method with Limited-Memory BFGS
Line Search: Backtracking satisfying Null Curvature Condition
  iter  value          gnorm          snorm          #fval     #grad     ls_#fval  ls_#grad  n_vmult   dRdW_form         dRdW_mult         dRdX_mult         d2R_mult          
  0     1.460201e-03   8.745775e-03   
  1     1.452567e-03   8.713000e-03   8.745775e-04   2         2         1         0         164630    375               96675             65                0                 
  2     1.255158e-03   7.851069e-03   2.408548e-02   3         3         1         0         167433    381               98391             66                0                 
  3     1.086603e-03   7.070007e-03   2.332232e-02   4         4         1         0         170236    387               100107            67                0                 
  4     9.422130e-04   6.358528e-03   2.280786e-02   5         5         1         0         173039    393               101823            68                0                 
  5     8.191236e-04   5.712394e-03   2.228801e-02   6         6         1         0         175845    399               103542            69                0                 
  6     7.145409e-04   5.126698e-03   2.176050e-02   7         7         1         0         178651    405               105261            70                0                 
  7     6.258969e-04   4.596462e-03   2.122487e-02   8         8         1         0         181466    411               106989            71                0                 
  8     5.508915e-04   4.116853e-03   2.068475e-02   9         9         1         0         184305    417               108741            72                0                 
  9     4.874984e-04   3.683289e-03   2.014614e-02   10        10        1         0         187168    423               110517            73                0                 
  10    4.339530e-04   3.291496e-03   1.961587e-02   11        11        1         0         190007    429               112269            74                0                 
  11    3.887319e-04   2.937531e-03   1.910067e-02   12        12        1         0         192849    435               114024            75                0                 
  12    3.505287e-04   2.617781e-03   1.860675e-02   13        13        1         0         194899    440               115167            76                0                 
  13    3.182286e-04   2.328951e-03   1.813975e-02   14        14        1         0         196937    445               116298            77                0                 
  14    2.908841e-04   2.068046e-03   1.770495e-02   15        15        1         0         198975    450               117429            78                0                 
  15    2.676923e-04   1.832348e-03   1.730745e-02   16        16        1         0         201019    455               118566            79                0                 
  16    2.479745e-04   1.619394e-03   1.695235e-02   17        17        1         0         203066    460               119706            80                0                 
  17    2.311584e-04   1.426958e-03   1.664485e-02   18        18        1         0         205113    465               120846            81                0                 
  18    2.167620e-04   1.253035e-03   1.639033e-02   19        19        1         0         207184    470               122010            82                0                 
  19    2.043806e-04   1.095832e-03   1.619431e-02   20        20        1         0         209264    475               123183            83                0                 
  20    1.936743e-04   9.537579e-04   1.606244e-02   21        21        1         0         211344    480               124356            84                0                 
  21    1.843584e-04   8.254284e-04   1.600047e-02   22        22        1         0         213424    485               125529            85                0                 
  22    1.761948e-04   7.096692e-04   1.601414e-02   23        23        1         0         215510    490               126708            86                0                 
  23    1.689844e-04   6.055362e-04   1.610918e-02   24        24        1         0         217596    495               127887            87                0                 
  24    1.625607e-04   5.123475e-04   1.629128e-02   25        25        1         0         219682    500               129066            88                0                 
  25    1.567848e-04   4.297409e-04   1.656582e-02   26        26        1         0         221762    505               130239            89                0                 
  26    1.515407e-04   3.577627e-04   1.693800e-02   27        27        1         0         223854    510               131424            90                0                 
  27    1.467315e-04   2.969825e-04   1.741262e-02   28        28        1         0         225943    515               132606            91                0                 
  28    1.422761e-04   2.485676e-04   1.799417e-02   29        29        1         0         228023    520               133779            92                0                 
  29    1.381064e-04   2.140662e-04   1.868732e-02   30        30        1         0         230112    525               134961            93                0                 
  30    1.341646e-04   1.944623e-04   1.949816e-02   31        31        1         0         232201    530               136143            94                0                 
  31    1.304005e-04   1.886422e-04   2.043762e-02   32        32        1         0         234290    535               137325            95                0                 
  32    1.267683e-04   1.928938e-04   2.152909e-02   33        33        1         0         236379    540               138507            96                0                 
  33    1.232214e-04   2.023736e-04   2.282584e-02   34        34        1         0         238471    545               139692            97                0                 
  34    1.197041e-04   2.128127e-04   2.445129e-02   35        35        1         0         240572    550               140886            98                0                 
  35    1.161345e-04   2.211262e-04   2.669489e-02   36        36        1         0         242676    555               142083            99                0                 
  36    1.123722e-04   2.255211e-04   3.024318e-02   37        37        1         0         244780    560               143280            100               0                 
  37    1.081758e-04   2.250004e-04   3.654977e-02   38        38        1         0         246878    565               144471            101               0                 
  38    1.035578e-04   3.157719e-04   5.456430e-02   39        39        1         0         248955    570               145641            102               0                 
  39    9.965340e-05   3.024962e-04   4.015387e-02   40        40        1         0         251059    575               146838            103               0                 
  40    9.579506e-05   2.864511e-04   4.275030e-02   41        41        1         0         253163    580               148035            104               0                 
  41    9.164311e-05   2.706256e-04   5.054943e-02   42        42        1         0         255276    585               149241            105               0                 
  42    8.637668e-05   2.533034e-04   7.436119e-02   43        43        1         0         257365    590               150423            106               0                 
  43    8.283432e-05   2.347393e-04   5.293459e-02   44        44        1         0         259505    595               151656            107               0                 
  44    7.979116e-05   2.146050e-04   4.993516e-02   45        45        1         0         261636    600               152880            108               0                 
  45    7.654373e-05   2.076720e-04   5.768588e-02   46        46        1         0         263782    605               154119            109               0                 
  46    7.352309e-05   1.813596e-04   5.873125e-02   47        47        1         0         265895    610               155325            110               0                 
  47    7.124388e-05   1.664217e-04   4.863784e-02   48        48        1         0         268038    615               156561            111               0                 
  48    6.902194e-05   1.588416e-04   5.247256e-02   49        49        1         0         270127    620               157743            112               0                 
  49    6.701088e-05   1.375712e-04   5.048352e-02   50        50        1         0         272249    625               158958            113               0                 
  50    6.556771e-05   1.267589e-04   3.985973e-02   51        51        1         0         274392    630               160194            114               0                 
  51    6.426196e-05   1.129192e-04   3.759758e-02   52        52        1         0         276526    635               161421            115               0                 
  52    6.307948e-05   1.036455e-04   3.676314e-02   53        53        1         0         278675    640               162663            116               0                 
  53    6.200471e-05   9.152823e-05   3.496470e-02   54        54        1         0         280839    645               163920            117               0                 
  54    6.102825e-05   8.320168e-05   3.433145e-02   55        55        1         0         283033    650               165207            118               0                 
  55    6.013576e-05   7.253803e-05   3.307186e-02   56        56        1         0         285203    655               166470            119               0                 
  56    5.931150e-05   6.483385e-05   3.300575e-02   57        57        1         0         287397    660               167757            120               0                 
  57    5.853287e-05   5.605637e-05   3.338471e-02   58        58        1         0         289543    665               168996            121               0                 
  58    5.773260e-05   4.722704e-05   3.713176e-02   59        59        1         0         291704    670               170250            122               0                 
  59    5.704676e-05   4.056857e-05   3.476190e-02   60        60        1         0         293844    675               171483            123               0                 
  60    5.644187e-05   3.444762e-05   3.273991e-02   61        61        1         0         296005    680               172737            124               0                 
  61    5.587968e-05   3.043197e-05   3.245948e-02   62        62        1         0         298178    685               174003            125               0                 
  62    5.531521e-05   2.782973e-05   3.411622e-02   63        63        1         0         300312    690               175230            126               0                 
  63    5.472791e-05   2.703295e-05   3.729903e-02   64        64        1         0         302482    695               176493            127               0                 
  64    5.410714e-05   2.876119e-05   4.101497e-02   65        65        1         0         304694    700               177798            128               0                 
  65    5.343913e-05   3.187781e-05   4.600488e-02   66        66        1         0         306861    705               179058            129               0                 
  66    5.271714e-05   3.667922e-05   5.150290e-02   67        67        1         0         309034    710               180324            130               0                 
  67    5.192274e-05   4.358226e-05   5.862419e-02   68        68        1         0         311204    715               181587            131               0                 
  68    5.105415e-05   4.779453e-05   6.653484e-02   69        69        1         0         313353    720               182829            132               0                 
  69    5.002143e-05   7.100431e-05   8.349900e-02   70        70        1         0         315505    725               184074            133               0                 
  70    4.919265e-05   7.931754e-05   6.977308e-02   71        71        1         0         317684    730               185346            134               0                 
  71    4.822606e-05   8.321276e-05   8.213204e-02   72        72        1         0         319815    735               186570            135               0                 
  72    4.712280e-05   9.524001e-05   9.504526e-02   73        73        1         0         321979    740               187827            136               0                 
  73    4.591314e-05   9.864167e-05   1.058911e-01   74        74        1         0         324122    745               189063            137               0                 
  74    4.458637e-05   1.115457e-04   1.175094e-01   75        75        1         0         326262    750               190296            138               0                 
  75    4.318864e-05   1.134025e-04   1.265323e-01   76        76        1         0         328405    755               191532            139               0                 
  76    4.171087e-05   1.234681e-04   1.345593e-01   77        77        1         0         330545    760               192765            140               0                 
  77    4.022038e-05   1.232832e-04   1.396655e-01   78        78        1         0         332685    765               193998            141               0                 
  78    3.872864e-05   1.234771e-04   1.396391e-01   79        79        1         0         334816    770               195222            142               0                 
  79    3.725898e-05   1.220540e-04   1.424677e-01   80        80        1         0         336962    775               196461            143               0                 
  80    3.587627e-05   1.136824e-04   1.361471e-01   81        81        1         0         339105    780               197697            144               0                 
  81    3.463048e-05   1.108835e-04   1.275332e-01   82        82        1         0         341269    785               198954            145               0                 
  82    3.349259e-05   1.031775e-04   1.185934e-01   83        83        1         0         343412    790               200190            146               0                 
  83    3.247289e-05   9.704216e-05   1.095877e-01   84        84        1         0         345591    795               201462            147               0                 
  84    3.158996e-05   9.238651e-05   9.781276e-02   85        85        1         0         347764    800               202728            148               0                 
  85    3.080260e-05   8.349157e-05   8.911905e-02   86        86        1         0         349943    805               204000            149               0                 
  86    3.012765e-05   7.834615e-05   7.997414e-02   87        87        1         0         352167    810               205317            150               0                 
  87    2.955708e-05   7.086858e-05   6.970977e-02   88        88        1         0         354358    815               206601            151               0                 
  88    2.907364e-05   6.592553e-05   6.169879e-02   89        89        1         0         356573    820               207909            152               0                 
  89    2.866800e-05   5.962587e-05   5.392179e-02   90        90        1         0         358812    825               209241            153               0                 
  90    2.832821e-05   5.466440e-05   4.723123e-02   91        91        1         0         361039    830               210561            154               0                 
  91    2.804594e-05   4.951709e-05   4.121599e-02   92        92        1         0         363287    835               211902            155               0                 
  92    2.781135e-05   4.493191e-05   3.593425e-02   93        93        1         0         365496    840               213204            156               0                 
  93    2.761701e-05   4.056630e-05   3.144185e-02   94        94        1         0         367732    845               214533            157               0                 
  94    2.745592e-05   3.655537e-05   2.747983e-02   95        95        1         0         369986    850               215880            158               0                 
  95    2.732235e-05   3.283536e-05   2.416569e-02   96        96        1         0         372246    855               217233            159               0                 
  96    2.721140e-05   2.940733e-05   2.128105e-02   97        97        1         0         374512    860               218592            160               0                 
  97    2.711902e-05   2.624696e-05   1.886428e-02   98        98        1         0         376784    865               219957            161               0                 
  98    2.704185e-05   2.333789e-05   1.678542e-02   99        99        1         0         379056    870               221322            162               0                 
  99    2.697712e-05   2.065836e-05   1.503858e-02   100       100       1         0         381337    875               222696            163               0                 
  100   2.692255e-05   1.819120e-05   1.355202e-02   101       101       1         0         383615    880               224067            164               0                 
  101   2.687626e-05   1.591669e-05   1.230706e-02   102       102       1         0         385899    885               225444            165               0                 
  102   2.683669e-05   1.381880e-05   1.126324e-02   103       103       1         0         388180    890               226818            166               0                 
  103   2.680257e-05   1.188172e-05   1.040254e-02   104       104       1         0         390470    895               228201            167               0                 
  104   2.677283e-05   1.009327e-05   9.701482e-03   105       105       1         0         392763    900               229587            168               0                 
  105   2.674661e-05   8.445103e-06   9.146950e-03   106       106       1         0         395059    905               230976            169               0                 
Optimization Terminated with Status: Converged
 Done target optimization...
 Resetting problem to initial conditions and target previous FFD points 
 and aim for machine precision functional value....
The process took 347.409 seconds to run.
Starting optimization with 20...

Newton-Krylov using GMRES with Limited-Memory BFGS preconditioning
Line Search: Backtracking satisfying Null Curvature Condition
-------------------------------------------------------------------------------------------------------------
Newton-Krylov status output definitions

  iter     - Number of iterates (steps taken) 
  value    - Objective function value 
  gnorm    - Norm of the gradient
  snorm    - Norm of the step (update to optimization vector)
  #fval    - Cumulative number of times the objective function was evaluated
  #grad    - Number of times the gradient was computed
  iterCG   - Number of Krylov iterations used to compute search direction
  flagCG   - Krylov solver flag
-------------------------------------------------------------------------------------------------------------
  iter  value          gnorm          snorm          #fval     #grad     iterCG    flagCG    ls_#fval  ls_#grad  n_vmult   dRdW_form         dRdW_mult         dRdX_mult         d2R_mult          
  0     1.433091e-03   8.747121e-03   
  1     1.720416e-05   9.636010e-04   4.370078e+00   2         2         16        0         1         0         17873     8                 15705             36                68                
  2     4.339854e-09   1.467321e-05   2.548342e+00   3         3         16        0         1         0         33729     14                29760             71                136               
  3     2.144500e-13   3.646106e-09   2.504808e-01   4         4         17        0         1         0         49795     19                44163             108               208               
  4     1.260752e-17   6.996289e-13   1.591771e-01   5         5         18        0         1         0         66029     23                58872             147               284               
Optimization Terminated with Status: Converged
The process took 196.194 seconds to run.
Total n_vmult for algorithm 66029
