Starting optimization with 80...
Optimizing FFD points to obtain target Gaussian bump...

Quasi-Newton Method with Limited-Memory BFGS
Line Search: Backtracking satisfying Null Curvature Condition
  iter  value          gnorm          snorm          #fval     #grad     ls_#fval  ls_#grad  n_vmult   dRdW_form         dRdW_mult         dRdX_mult         d2R_mult          
  0     1.460802e-03   6.444868e-03   
  1     1.456652e-03   6.434657e-03   6.444868e-04   2         2         1         0         220759    58                31409             8356              16636             
  2     1.206427e-03   5.798343e-03   4.105102e-02   3         3         1         0         224522    64                33245             8357              16636             
  3     9.985836e-04   5.228032e-03   3.808637e-02   4         4         1         0         228312    70                35108             8358              16636             
  4     8.246509e-04   4.711837e-03   3.565320e-02   5         5         1         0         232096    76                36965             8359              16636             
  5     6.797695e-04   4.245473e-03   3.323897e-02   6         6         1         0         235880    82                38822             8360              16636             
  6     5.595073e-04   3.824624e-03   3.087674e-02   7         7         1         0         239691    88                40706             8361              16636             
  7     4.599551e-04   3.445059e-03   2.858887e-02   8         8         1         0         242561    93                41969             8362              16636             
  8     3.777282e-04   3.102866e-03   2.639841e-02   9         9         1         0         245437    98                43238             8363              16636             
  9     3.099350e-04   2.794403e-03   2.431923e-02   10        10        1         0         248322    103               44516             8364              16636             
  10    2.541276e-04   2.516384e-03   2.236203e-02   11        11        1         0         251210    108               45797             8365              16636             
  11    2.082478e-04   2.265806e-03   2.053038e-02   12        12        1         0         254101    113               47081             8366              16636             
  12    1.705738e-04   2.039982e-03   1.882585e-02   13        13        1         0         257007    118               48380             8367              16636             
  13    1.396702e-04   1.836465e-03   1.724551e-02   14        14        1         0         259922    123               49688             8368              16636             
  14    1.143441e-04   1.653074e-03   1.578601e-02   15        15        1         0         262843    128               51002             8369              16636             
  15    9.360639e-05   1.487818e-03   1.444128e-02   16        16        1         0         265776    133               52328             8370              16636             
  16    7.663878e-05   1.338924e-03   1.320587e-02   17        17        1         0         268715    138               53660             8371              16636             
  17    6.276536e-05   1.204774e-03   1.207255e-02   18        18        1         0         271666    143               55004             8372              16636             
  18    5.142879e-05   1.083925e-03   1.103530e-02   19        19        1         0         274626    148               56357             8373              16636             
  19    4.217019e-05   9.750583e-04   1.008679e-02   20        20        1         0         277595    153               57719             8374              16636             
  20    3.461223e-05   8.770024e-04   9.221197e-03   21        21        1         0         280576    158               59093             8375              16636             
  21    2.844501e-05   7.886796e-04   8.431561e-03   22        22        1         0         283575    163               60485             8376              16636             
  22    2.341431e-05   7.091397e-04   7.712652e-03   23        23        1         0         286583    168               61886             8377              16636             
  23    1.931181e-05   6.375015e-04   7.058041e-03   24        24        1         0         289600    173               63296             8378              16636             
  24    1.596691e-05   5.729960e-04   6.463265e-03   25        25        1         0         292623    178               64712             8379              16636             
  25    1.324009e-05   5.149011e-04   5.922457e-03   26        26        1         0         295655    183               66137             8380              16636             
  26    1.101728e-05   4.625969e-04   5.431997e-03   27        27        1         0         298690    188               67565             8381              16636             
  27    9.205309e-06   4.154891e-04   4.986516e-03   28        28        1         0         301728    193               68996             8382              16636             
  28    7.728115e-06   3.730816e-04   4.583281e-03   29        29        1         0         304772    198               70433             8383              16636             
  29    6.523640e-06   3.348812e-04   4.217316e-03   30        30        1         0         307822    203               71876             8384              16636             
  30    5.541271e-06   3.004956e-04   3.886832e-03   31        31        1         0         310884    208               73331             8385              16636             
  31    4.739742e-06   2.695089e-04   3.587119e-03   32        32        1         0         313949    213               74789             8386              16636             
  32    4.085416e-06   2.416172e-04   3.317459e-03   33        33        1         0         317017    218               76250             8387              16636             
  33    3.550870e-06   2.164594e-04   3.073295e-03   34        34        1         0         320088    223               77714             8388              16636             
  34    3.113752e-06   1.938081e-04   2.855182e-03   35        35        1         0         323165    228               79184             8389              16636             
  35    2.755835e-06   1.733347e-04   2.658542e-03   36        36        1         0         326245    233               80657             8390              16636             
  36    2.462301e-06   1.548813e-04   2.484851e-03   37        37        1         0         329334    238               82139             8391              16636             
  37    2.221186e-06   1.381466e-04   2.328037e-03   38        38        1         0         332426    243               83624             8392              16636             
  38    2.023012e-06   1.230577e-04   2.187137e-03   39        39        1         0         335524    248               85115             8393              16636             
  39    1.860340e-06   1.093875e-04   2.052807e-03   40        40        1         0         338622    253               86606             8394              16636             
  40    1.727157e-06   9.713677e-05   1.924907e-03   41        41        1         0         341723    258               88100             8395              16636             
  41    1.618253e-06   8.612077e-05   1.803324e-03   42        42        1         0         344833    263               89603             8396              16636             
  42    1.529030e-06   7.628339e-05   1.694684e-03   43        43        1         0         347943    268               91106             8397              16636             
  43    1.455619e-06   6.744282e-05   1.599920e-03   44        44        1         0         351059    273               92615             8398              16636             
  44    1.394892e-06   5.951798e-05   1.519436e-03   45        45        1         0         354172    278               94121             8399              16636             
  45    1.344380e-06   5.237588e-05   1.450979e-03   46        46        1         0         357294    283               95636             8400              16636             
  46    1.302128e-06   4.595050e-05   1.393175e-03   47        47        1         0         360413    288               97148             8401              16636             
  47    1.266584e-06   4.015000e-05   1.344518e-03   48        48        1         0         363538    293               98666             8402              16636             
  48    1.236504e-06   3.492359e-05   1.304182e-03   49        49        1         0         366657    298               100178            8403              16636             
  49    1.210880e-06   3.020567e-05   1.271533e-03   50        50        1         0         369761    303               101675            8404              16636             
  50    1.188899e-06   2.595876e-05   1.246237e-03   51        51        1         0         372850    308               103157            8405              16636             
  51    1.169895e-06   2.213662e-05   1.228180e-03   52        52        1         0         375969    313               104669            8406              16636             
  52    1.153323e-06   1.871652e-05   1.217380e-03   53        53        1         0         379091    318               106184            8407              16636             
  53    1.138733e-06   1.567178e-05   1.214155e-03   54        54        1         0         382210    323               107696            8408              16636             
  54    1.125755e-06   1.300144e-05   1.219027e-03   55        55        1         0         385344    328               109223            8409              16636             
  55    1.114068e-06   1.070870e-05   1.233729e-03   56        56        1         0         388478    333               110750            8410              16636             
  56    1.103366e-06   8.835062e-06   1.265094e-03   57        57        1         0         391615    338               112280            8411              16636             
Optimization Terminated with Status: Converged
 Done target optimization...
 Resetting problem to initial conditions and target previous FFD points 
 and aim for machine precision functional value....
The process took 715.027 seconds to run.
Starting optimization with 80...

Quasi-Newton Method with Limited-Memory BFGS
Line Search: Backtracking satisfying Null Curvature Condition
-------------------------------------------------------------------------------------------------------------
Quasi-Newton Method status output definitions

  iter     - Number of iterates (steps taken) 
  value    - Objective function value 
  gnorm    - Norm of the gradient
  snorm    - Norm of the step (update to optimization vector)
  #fval    - Cumulative number of times the objective function was evaluated
  #grad    - Number of times the gradient was computed
-------------------------------------------------------------------------------------------------------------
  iter  value          gnorm          snorm          #fval     #grad     ls_#fval  ls_#grad  n_vmult   dRdW_form         dRdW_mult         dRdX_mult         d2R_mult          
  0     1.456334e-03   6.438229e-03   
  1     1.415212e-03   6.336411e-03   6.438229e-03   2         2         1         0         3782      6                 1848              2                 0                 
  2     4.124736e-05   7.302250e-04   4.050310e-01   3         3         1         0         7829      13                3648              3                 0                 
  3     1.488567e-05   2.740403e-04   5.808935e-02   4         4         1         0         11586     19                5478              4                 0                 
  4     8.045355e-06   2.072945e-04   3.669901e-02   5         5         1         0         14483     24                6768              5                 0                 
  5     4.832875e-06   3.100761e-04   5.217525e-02   6         6         1         0         17386     29                8064              6                 0                 
  6     2.299228e-06   1.065565e-04   2.157179e-02   7         7         1         0         20304     34                9375              7                 0                 
  7     1.753281e-06   7.618450e-05   7.078447e-03   8         8         1         0         23297     39                10761             8                 0                 
  8     9.303995e-07   5.672334e-05   1.844227e-02   9         9         1         0         26293     44                12150             9                 0                 
  9     4.527260e-07   3.913616e-05   1.879624e-02   10        10        1         0         29295     49                13545             10                0                 
  10    3.619733e-07   6.843531e-05   1.042828e-02   12        11        2         0         34399     58                15762             11                0                 
  11    2.152738e-07   2.556424e-05   7.411684e-03   13        12        1         0         37446     63                17202             12                0                 
  12    1.593372e-07   1.917828e-05   4.270768e-03   14        13        1         0         40514     68                18663             13                0                 
  13    9.845611e-08   1.631602e-05   6.955524e-03   15        14        1         0         43609     73                20151             14                0                 
  14    4.799179e-08   1.120520e-05   7.199005e-03   16        15        1         0         46704     78                21639             15                0                 
  15    2.163512e-08   6.476227e-06   7.782803e-03   17        16        1         0         49820     83                23148             16                0                 
  16    1.541814e-08   6.427516e-06   3.060695e-03   18        17        1         0         52939     88                24660             17                0                 
  17    1.159187e-08   4.710952e-06   1.252006e-03   19        18        1         0         56115     93                26229             18                0                 
  18    7.538535e-09   4.475720e-06   1.789891e-03   20        19        1         0         59276     98                27783             19                0                 
  19    2.342049e-09   2.765245e-06   4.725367e-03   21        20        1         0         62479     103               29379             20                0                 
  20    2.123023e-09   2.366138e-06   5.932048e-04   24        21        3         0         70216     116               32949             21                0                 
  21    1.825892e-09   5.363524e-07   4.774987e-04   25        22        1         0         73446     121               34572             22                0                 
  22    1.796712e-09   3.264160e-07   1.368841e-04   26        23        1         0         76748     126               36267             23                0                 
  23    1.774356e-09   3.843445e-07   1.013127e-04   27        24        1         0         79133     130               37365             24                0                 
  24    1.678334e-09   7.418652e-07   4.761798e-04   28        25        1         0         82462     135               39087             25                0                 
  25    1.501196e-09   1.163997e-06   1.003311e-03   29        26        1         0         85767     140               40785             26                0                 
  26    1.162389e-09   1.487076e-06   2.145715e-03   30        27        1         0         88089     144               41820             27                0                 
  27    7.821420e-10   2.029478e-06   3.820268e-03   31        28        1         0         91304     149               43428             28                0                 
  28    4.569755e-10   1.301714e-06   3.797704e-03   32        29        1         0         94489     154               45006             29                0                 
  29    2.747406e-10   5.079441e-07   1.062397e-03   33        30        1         0         97764     159               46674             30                0                 
  30    2.325643e-10   1.854788e-07   3.024053e-04   34        31        1         0         101072    164               48375             31                0                 
  31    2.229723e-10   1.972148e-07   1.045451e-04   35        32        1         0         103409    168               49425             32                0                 
  32    2.003733e-10   2.690100e-07   3.934178e-04   36        33        1         0         105716    172               50445             33                0                 
  33    1.938123e-10   2.356347e-07   1.549345e-04   38        34        2         0         110632    180               52794             34                0                 
  34    1.885972e-10   1.231352e-07   7.934820e-05   39        35        1         0         113044    184               53919             35                0                 
  35    1.851409e-10   8.461201e-08   7.140679e-05   40        36        1         0         115420    188               55008             36                0                 
  36    1.826285e-10   1.266853e-07   6.252078e-05   41        37        1         0         117838    192               56139             37                0                 
  37    1.755244e-10   2.264821e-07   2.014165e-04   42        38        1         0         120211    196               57225             38                0                 
  38    1.648139e-10   2.913141e-07   3.341482e-04   43        39        1         0         122590    200               58317             39                0                 
  39    1.459010e-10   2.867062e-07   6.281321e-04   44        40        1         0         124948    204               59388             40                0                 
  40    1.070663e-10   2.710443e-07   1.312364e-03   45        41        1         0         127270    208               60423             41                0                 
  41    7.020738e-11   3.968968e-07   3.048419e-03   46        42        1         0         130500    213               62046             42                0                 
  42    3.670560e-11   1.309279e-07   4.805460e-04   47        43        1         0         133724    218               63663             43                0                 
  43    2.985137e-11   8.822817e-08   3.093102e-04   48        44        1         0         136082    222               64734             44                0                 
  44    2.815309e-11   1.225327e-07   1.763694e-04   49        45        1         0         138428    226               65793             45                0                 
  45    2.590245e-11   5.793470e-08   1.334904e-04   50        46        1         0         140837    230               66915             46                0                 
  46    2.337105e-11   7.571981e-08   1.805912e-04   51        47        1         0         143207    234               67998             47                0                 
  47    1.873100e-11   1.340639e-07   3.401616e-04   52        48        1         0         145553    238               69057             48                0                 
  48    1.419598e-11   1.279442e-07   3.301295e-04   53        49        1         0         147938    242               70155             49                0                 
  49    1.202779e-11   7.041017e-08   1.679774e-04   54        50        1         0         150287    246               71217             50                0                 
  50    1.142164e-11   1.959092e-08   3.095470e-05   55        51        1         0         152675    250               72318             51                0                 
  51    1.134284e-11   1.293233e-08   2.913096e-05   56        52        1         0         155126    254               73482             52                0                 
  52    1.128227e-11   1.588719e-08   2.077423e-05   57        53        1         0         157592    258               74661             53                0                 
  53    1.117470e-11   2.351637e-08   2.352195e-05   58        54        1         0         160049    262               75831             54                0                 
  54    1.087760e-11   3.756826e-08   6.346677e-05   59        55        1         0         162476    266               76971             55                0                 
  55    1.041059e-11   4.674552e-08   1.137455e-04   60        56        1         0         164852    270               78060             56                0                 
  56    1.022588e-11   7.369574e-08   1.901631e-04   61        57        1         0         167246    274               79167             57                0                 
  57    9.687669e-12   2.645274e-08   4.606109e-05   62        58        1         0         169661    278               80295             58                0                 
  58    9.529625e-12   1.160797e-08   3.749900e-05   63        59        1         0         172118    282               81465             59                0                 
  59    9.442289e-12   1.514348e-08   3.365793e-05   64        60        1         0         174584    286               82644             60                0                 
  60    9.321905e-12   2.552177e-08   4.059322e-05   65        61        1         0         177041    290               83814             61                0                 
  61    8.979372e-12   4.749152e-08   1.084215e-04   66        62        1         0         179477    294               84963             62                0                 
  62    8.207029e-12   7.791309e-08   2.422362e-04   67        63        1         0         181904    298               86103             63                0                 
  63    6.519245e-12   1.127600e-07   5.440692e-04   68        64        1         0         184313    302               87225             64                0                 
  64    3.858919e-12   1.237794e-07   9.121182e-04   69        65        1         0         186713    306               88338             65                0                 
  65    1.334731e-12   7.234966e-08   9.208213e-04   70        66        1         0         189131    310               89469             66                0                 
  66    6.857847e-13   3.696464e-08   2.509404e-04   71        67        1         0         191480    314               90531             67                0                 
  67    4.968560e-13   5.742724e-09   8.869998e-05   72        68        1         0         193940    318               91704             68                0                 
  68    4.875170e-13   1.649348e-09   6.526891e-05   73        69        1         0         196466    322               92943             69                0                 
  69    4.862117e-13   1.657266e-09   1.383149e-05   74        70        1         0         199016    326               94206             70                0                 
  70    4.814054e-13   3.857241e-09   2.081396e-05   75        71        1         0         201539    330               95442             71                0                 
  71    4.704117e-13   6.746951e-09   3.015747e-05   76        72        1         0         204044    334               96660             72                0                 
  72    4.495398e-13   8.748729e-09   3.617475e-05   77        73        1         0         206522    338               97851             73                0                 
  73    4.256452e-13   9.676726e-09   4.767407e-05   78        74        1         0         208979    342               99021             74                0                 
  74    4.256151e-13   1.230204e-08   4.247014e-05   79        75        1         0         211439    346               100194            75                0                 
  75    4.108480e-13   1.686585e-09   3.630635e-05   80        76        1         0         213932    350               101400            76                0                 
  76    4.098867e-13   7.876929e-10   1.687628e-05   81        77        1         0         216491    354               102672            77                0                 
Optimization Terminated with Status: Converged
The process took 840.506 seconds to run.
Total n_vmult for algorithm 216491
