Starting optimization with 80...
Optimizing FFD points to obtain target Gaussian bump...

Quasi-Newton Method with Limited-Memory BFGS
Line Search: Backtracking satisfying Null Curvature Condition
  iter  value          gnorm          snorm          #fval     #grad     ls_#fval  ls_#grad  n_vmult   dRdW_form         dRdW_mult         dRdX_mult         d2R_mult          
  0     1.460802e-03   6.444868e-03   
  1     1.456652e-03   6.434657e-03   6.444868e-04   2         2         1         0         162789    58                23521             8636              8608              
  2     1.206427e-03   5.798343e-03   4.105102e-02   3         3         1         0         166552    64                25357             8637              8608              
  3     9.985836e-04   5.228032e-03   3.808637e-02   4         4         1         0         170342    70                27220             8638              8608              
  4     8.246509e-04   4.711837e-03   3.565320e-02   5         5         1         0         174126    76                29077             8639              8608              
  5     6.797695e-04   4.245473e-03   3.323897e-02   6         6         1         0         177910    82                30934             8640              8608              
  6     5.595073e-04   3.824624e-03   3.087674e-02   7         7         1         0         181721    88                32818             8641              8608              
  7     4.599551e-04   3.445059e-03   2.858887e-02   8         8         1         0         184591    93                34081             8642              8608              
  8     3.777282e-04   3.102866e-03   2.639841e-02   9         9         1         0         187467    98                35350             8643              8608              
  9     3.099350e-04   2.794403e-03   2.431923e-02   10        10        1         0         190352    103               36628             8644              8608              
  10    2.541276e-04   2.516384e-03   2.236203e-02   11        11        1         0         193240    108               37909             8645              8608              
  11    2.082478e-04   2.265806e-03   2.053038e-02   12        12        1         0         196131    113               39193             8646              8608              
  12    1.705738e-04   2.039982e-03   1.882585e-02   13        13        1         0         199037    118               40492             8647              8608              
  13    1.396702e-04   1.836465e-03   1.724551e-02   14        14        1         0         201952    123               41800             8648              8608              
  14    1.143441e-04   1.653074e-03   1.578601e-02   15        15        1         0         204873    128               43114             8649              8608              
  15    9.360639e-05   1.487818e-03   1.444128e-02   16        16        1         0         207806    133               44440             8650              8608              
  16    7.663878e-05   1.338924e-03   1.320587e-02   17        17        1         0         210745    138               45772             8651              8608              
  17    6.276536e-05   1.204774e-03   1.207255e-02   18        18        1         0         213696    143               47116             8652              8608              
  18    5.142879e-05   1.083925e-03   1.103530e-02   19        19        1         0         216656    148               48469             8653              8608              
  19    4.217019e-05   9.750583e-04   1.008679e-02   20        20        1         0         219625    153               49831             8654              8608              
  20    3.461223e-05   8.770024e-04   9.221197e-03   21        21        1         0         222606    158               51205             8655              8608              
  21    2.844501e-05   7.886796e-04   8.431561e-03   22        22        1         0         225605    163               52597             8656              8608              
  22    2.341431e-05   7.091397e-04   7.712652e-03   23        23        1         0         228613    168               53998             8657              8608              
  23    1.931181e-05   6.375015e-04   7.058041e-03   24        24        1         0         231630    173               55408             8658              8608              
  24    1.596691e-05   5.729960e-04   6.463265e-03   25        25        1         0         234653    178               56824             8659              8608              
  25    1.324009e-05   5.149011e-04   5.922457e-03   26        26        1         0         237685    183               58249             8660              8608              
  26    1.101728e-05   4.625969e-04   5.431997e-03   27        27        1         0         240720    188               59677             8661              8608              
  27    9.205309e-06   4.154891e-04   4.986516e-03   28        28        1         0         243758    193               61108             8662              8608              
  28    7.728115e-06   3.730816e-04   4.583281e-03   29        29        1         0         246802    198               62545             8663              8608              
  29    6.523640e-06   3.348812e-04   4.217316e-03   30        30        1         0         249852    203               63988             8664              8608              
  30    5.541271e-06   3.004956e-04   3.886832e-03   31        31        1         0         252914    208               65443             8665              8608              
  31    4.739742e-06   2.695089e-04   3.587119e-03   32        32        1         0         255979    213               66901             8666              8608              
  32    4.085416e-06   2.416172e-04   3.317459e-03   33        33        1         0         259047    218               68362             8667              8608              
  33    3.550870e-06   2.164594e-04   3.073295e-03   34        34        1         0         262118    223               69826             8668              8608              
  34    3.113752e-06   1.938081e-04   2.855182e-03   35        35        1         0         265195    228               71296             8669              8608              
  35    2.755835e-06   1.733347e-04   2.658542e-03   36        36        1         0         268275    233               72769             8670              8608              
  36    2.462301e-06   1.548813e-04   2.484851e-03   37        37        1         0         271364    238               74251             8671              8608              
  37    2.221186e-06   1.381466e-04   2.328037e-03   38        38        1         0         274456    243               75736             8672              8608              
  38    2.023012e-06   1.230577e-04   2.187137e-03   39        39        1         0         277554    248               77227             8673              8608              
  39    1.860340e-06   1.093875e-04   2.052807e-03   40        40        1         0         280652    253               78718             8674              8608              
  40    1.727157e-06   9.713677e-05   1.924907e-03   41        41        1         0         283753    258               80212             8675              8608              
  41    1.618253e-06   8.612077e-05   1.803324e-03   42        42        1         0         286863    263               81715             8676              8608              
  42    1.529030e-06   7.628339e-05   1.694684e-03   43        43        1         0         289973    268               83218             8677              8608              
  43    1.455619e-06   6.744282e-05   1.599920e-03   44        44        1         0         293089    273               84727             8678              8608              
  44    1.394892e-06   5.951798e-05   1.519436e-03   45        45        1         0         296202    278               86233             8679              8608              
  45    1.344380e-06   5.237588e-05   1.450979e-03   46        46        1         0         299324    283               87748             8680              8608              
  46    1.302128e-06   4.595050e-05   1.393175e-03   47        47        1         0         302443    288               89260             8681              8608              
  47    1.266584e-06   4.015000e-05   1.344518e-03   48        48        1         0         305568    293               90778             8682              8608              
  48    1.236504e-06   3.492359e-05   1.304182e-03   49        49        1         0         308687    298               92290             8683              8608              
  49    1.210880e-06   3.020567e-05   1.271533e-03   50        50        1         0         311791    303               93787             8684              8608              
  50    1.188899e-06   2.595876e-05   1.246237e-03   51        51        1         0         314880    308               95269             8685              8608              
  51    1.169895e-06   2.213662e-05   1.228180e-03   52        52        1         0         317999    313               96781             8686              8608              
  52    1.153323e-06   1.871652e-05   1.217380e-03   53        53        1         0         321121    318               98296             8687              8608              
  53    1.138733e-06   1.567178e-05   1.214155e-03   54        54        1         0         324240    323               99808             8688              8608              
  54    1.125755e-06   1.300144e-05   1.219027e-03   55        55        1         0         327374    328               101335            8689              8608              
  55    1.114068e-06   1.070870e-05   1.233729e-03   56        56        1         0         330508    333               102862            8690              8608              
  56    1.103366e-06   8.835062e-06   1.265094e-03   57        57        1         0         333645    338               104392            8691              8608              
Optimization Terminated with Status: Converged
 Done target optimization...
 Resetting problem to initial conditions and target previous FFD points 
 and aim for machine precision functional value....
The process took 713.977 seconds to run.
********************************************************
Biros and Ghattas Full-space method...with P4 preconditioner
Using 16080 design variables: 16000 simulation variables and 80 control variables.
Line Search: Backtracking satisfying Null Curvature Condition
********************************************************
Iteration         Func. val.        ||Lagr. grad.||   ||Constraint||    ||Search dir||    search_ctl_norm   search_sim_norm   search_adj_norm   n_kkt_iter        n_linesearches    n_grad            n_vmult           dRdW_form         dRdW_mult         dRdX_mult         d2R_mult          
1                 6.81038e-06       0.00503644        0.0184289         13.8009           11.4788           4.67054           6.07348           48                1                 0                 91885             2                 87211             202               388               
2                 7.96639e-07       0.000238621       0.000455585       5.82806           5.74212           0.401789          0.912629          39                1                 0                 165583            3                 157300            367               704               
3                 7.89494e-10       4.43836e-05       6.61319e-05       5.86856           5.86163           0.137536          0.249937          44                1                 0                 248608            4                 236306            552               1060              
4                 1.95638e-12       5.73454e-08       2.77545e-08       0.166876          0.165493          0.0047787         0.0208968         45                1                 0                 331909            5                 315506            741               1424              
5                 1.10035e-12       2.36605e-11       2.39826e-10       0.0626545         0.0626543         0.000159305       4.1727e-05        50                1                 0                 423766            6                 402852            950               1828              
Optimization Terminated with Status: Converged
The process took 2307.59 seconds to run.
Total n_vmult for algorithm 423766
