Starting optimization with 100...
Optimizing FFD points to obtain target Gaussian bump...

Quasi-Newton Method with Limited-Memory BFGS
Line Search: Backtracking satisfying Null Curvature Condition
  iter  value          gnorm          snorm          #fval     #grad     ls_#fval  ls_#grad  n_vmult   dRdW_form         dRdW_mult         dRdX_mult         d2R_mult          
  0     1.460802e-03   6.163059e-03   
  1     1.457007e-03   6.154322e-03   6.163059e-04   2         2         1         0         287456    58                252628            1176              1148              
  2     1.202229e-03   5.545370e-03   4.362721e-02   3         3         1         0         291228    64                254473            1177              1148              
  3     9.921012e-04   5.000723e-03   4.003452e-02   4         4         1         0         295009    70                256327            1178              1148              
  4     8.172889e-04   4.508496e-03   3.706367e-02   5         5         1         0         298790    76                258181            1179              1148              
  5     6.723314e-04   4.064023e-03   3.419612e-02   6         6         1         0         302571    82                260035            1180              1148              
  6     5.524195e-04   3.663011e-03   3.146834e-02   7         7         1         0         306376    88                261913            1181              1148              
  7     4.534169e-04   3.301169e-03   2.888587e-02   8         8         1         0         309249    93                263179            1182              1148              
  8     3.718073e-04   2.974869e-03   2.646991e-02   9         9         1         0         312125    98                264448            1183              1148              
  9     3.046250e-04   2.680435e-03   2.421138e-02   10        10        1         0         315007    103               265723            1184              1148              
  10    2.493816e-04   2.414960e-03   2.212707e-02   11        11        1         0         317898    108               267007            1185              1148              
  11    2.039953e-04   2.175255e-03   2.019658e-02   12        12        1         0         320795    113               268297            1186              1148              
  12    1.667270e-04   1.959053e-03   1.844355e-02   13        13        1         0         323707    118               269602            1187              1148              
  13    1.361248e-04   1.763391e-03   1.683874e-02   14        14        1         0         326628    123               270916            1188              1148              
  14    1.109819e-04   1.586551e-03   1.541809e-02   15        15        1         0         329558    128               272239            1189              1148              
  15    9.031463e-05   1.425750e-03   1.411838e-02   16        16        1         0         332497    133               273571            1190              1148              
  16    7.336232e-05   1.280341e-03   1.293158e-02   17        17        1         0         335442    138               274909            1191              1148              
  17    5.955197e-05   1.148827e-03   1.173196e-02   18        18        1         0         338399    143               276259            1192              1148              
  18    4.839200e-05   1.031442e-03   1.056925e-02   19        19        1         0         341365    148               277618            1193              1148              
  19    3.940553e-05   9.265198e-04   9.465547e-03   20        20        1         0         344340    153               278986            1194              1148              
  20    3.215884e-05   8.330239e-04   8.500801e-03   21        21        1         0         347330    158               280369            1195              1148              
  21    2.629880e-05   7.492149e-04   7.646577e-03   22        22        1         0         350335    163               281767            1196              1148              
  22    2.154880e-05   6.741075e-04   6.902243e-03   23        23        1         0         353346    168               283171            1197              1148              
  23    1.769290e-05   6.065607e-04   6.236600e-03   24        24        1         0         356363    173               284581            1198              1148              
  24    1.456025e-05   5.458457e-04   5.644614e-03   25        25        1         0         359389    178               286000            1199              1148              
  25    1.201423e-05   4.911803e-04   5.110695e-03   26        26        1         0         362421    183               287425            1200              1148              
  26    9.944632e-06   4.419856e-04   4.631505e-03   27        27        1         0         365459    188               288856            1201              1148              
  27    8.262207e-06   3.976785e-04   4.198934e-03   28        28        1         0         368503    193               290293            1202              1148              
  28    6.894420e-06   3.577799e-04   3.810022e-03   29        29        1         0         371547    198               291730            1203              1148              
  29    5.782225e-06   3.218332e-04   3.460354e-03   30        30        1         0         374606    203               293182            1204              1148              
  30    4.877451e-06   2.894279e-04   3.147456e-03   31        31        1         0         377668    208               294637            1205              1148              
  31    4.140696e-06   2.601882e-04   2.869956e-03   32        32        1         0         380739    213               296101            1206              1148              
  32    3.539676e-06   2.337352e-04   2.626221e-03   33        33        1         0         383804    218               297559            1207              1148              
  33    3.048229e-06   2.097515e-04   2.415090e-03   34        34        1         0         386884    223               299032            1208              1148              
  34    2.646200e-06   1.879483e-04   2.225304e-03   35        35        1         0         389955    228               300496            1209              1148              
  35    2.319176e-06   1.682501e-04   2.041227e-03   36        36        1         0         393044    233               301978            1210              1148              
  36    2.055686e-06   1.505988e-04   1.854820e-03   37        37        1         0         396130    238               303457            1211              1148              
  37    1.844277e-06   1.348892e-04   1.681255e-03   38        38        1         0         399231    243               304951            1212              1148              
  38    1.674153e-06   1.208720e-04   1.531059e-03   39        39        1         0         402329    248               306442            1213              1148              
  39    1.536509e-06   1.083277e-04   1.405597e-03   40        40        1         0         405442    253               307948            1214              1148              
  40    1.424600e-06   9.705426e-05   1.300035e-03   41        41        1         0         408555    258               309454            1215              1148              
  41    1.333257e-06   8.690252e-05   1.210759e-03   42        42        1         0         411674    263               310966            1216              1148              
  42    1.258455e-06   7.774033e-05   1.134642e-03   43        43        1         0         414796    268               312481            1217              1148              
  43    1.197006e-06   6.946160e-05   1.069904e-03   44        44        1         0         417927    273               314005            1218              1148              
  44    1.146363e-06   6.196943e-05   1.015069e-03   45        45        1         0         421058    278               315529            1219              1148              
  45    1.104471e-06   5.518114e-05   9.691925e-04   46        46        1         0         424195    283               317059            1220              1148              
  46    1.069672e-06   4.902083e-05   9.314559e-04   47        47        1         0         427338    288               318595            1221              1148              
  47    1.040621e-06   4.342197e-05   9.012858e-04   48        48        1         0         430490    293               320140            1222              1148              
  48    1.016228e-06   3.832387e-05   8.782192e-04   49        49        1         0         433642    298               321685            1223              1148              
  49    9.956044e-07   3.367298e-05   8.619642e-04   50        50        1         0         436797    303               323233            1224              1148              
  50    9.780301e-07   2.942123e-05   8.523618e-04   51        51        1         0         439961    308               324790            1225              1148              
  51    9.629159e-07   2.552696e-05   8.494207e-04   52        52        1         0         443131    313               326353            1226              1148              
  52    9.497800e-07   2.195464e-05   8.533144e-04   53        53        1         0         446310    318               327925            1227              1148              
  53    9.382270e-07   1.867659e-05   8.644065e-04   54        54        1         0         449492    323               329500            1228              1148              
  54    9.279300e-07   1.567531e-05   8.832623e-04   55        55        1         0         452674    328               331075            1229              1148              
  55    9.186172e-07   1.294949e-05   9.106720e-04   56        56        1         0         455859    333               332653            1230              1148              
  56    9.100596e-07   1.052589e-05   9.476683e-04   57        57        1         0         459047    338               334234            1231              1148              
  57    9.020622e-07   8.483969e-06   9.955495e-04   58        58        1         0         462235    343               335815            1232              1148              
Optimization Terminated with Status: Converged
 Done target optimization...
 Resetting problem to initial conditions and target previous FFD points 
 and aim for machine precision functional value....
The process took 747.915 seconds to run.
********************************************************
Biros and Ghattas Full-space method...with P2A preconditioner
Using 16100 design variables: 16000 simulation variables and 100 control variables.
Line Search: Backtracking satisfying Null Curvature Condition
********************************************************
Iteration         Func. val.        ||Lagr. grad.||   ||Constraint||    ||Search dir||    search_ctl_norm   search_sim_norm   search_adj_norm   n_kkt_iter        n_linesearches    n_grad            n_vmult           dRdW_form         dRdW_mult         dRdX_mult         d2R_mult          
1                 6.58398e-06       0.00506066        0.018529          10.9151           7.77503           4.67123           6.07187           546               1                 0                 35074             2                 3760              2194              2188              
2                 8.3584e-07        0.000240569       0.000453319       3.22474           3.06893           0.387315          0.911377          363               1                 0                 58000             3                 5947              3655              3644              
3                 8.57347e-10       4.65291e-05       7.07447e-05       4.79629           4.78768           0.139781          0.251061          427               1                 0                 84894             4                 8518              5372              5356              
4                 1.14154e-12       6.41283e-08       2.98377e-08       0.129773          0.127811          0.00500795        0.0219165         456               1                 0                 113586            5                 11263             7205              7184              
5                 5.77113e-13       1.71857e-11       1.65084e-10       0.146106          0.146106          0.000237516       9.42921e-05       521               1                 0                 146308            6                 14398             9298              9272              
Optimization Terminated with Status: Converged
The process took 839.869 seconds to run.
Total n_vmult for algorithm 146308
