Starting optimization with 160...
Optimizing FFD points to obtain target Gaussian bump...

Quasi-Newton Method with Limited-Memory BFGS
Line Search: Backtracking satisfying Null Curvature Condition
  iter  value          gnorm          snorm          #fval     #grad     ls_#fval  ls_#grad  n_vmult   dRdW_form         dRdW_mult         dRdX_mult         d2R_mult          
  0     1.460201e-03   5.582141e-03   
  1     1.457087e-03   5.575705e-03   5.582141e-04   2         2         1         0         165549    47                21709             9684              9656              
  2     1.200545e-03   5.023230e-03   4.844381e-02   3         3         1         0         168274    53                23347             9685              9656              
  3     9.899020e-04   4.529232e-03   4.418292e-02   4         4         1         0         170996    59                24982             9686              9656              
  4     8.152019e-04   4.083115e-03   4.072779e-02   5         5         1         0         173700    65                26599             9687              9656              
  5     6.703734e-04   3.679503e-03   3.755386e-02   6         6         1         0         176440    71                28252             9688              9656              
  6     5.500333e-04   3.313934e-03   3.481775e-02   7         7         1         0         179183    77                29908             9689              9656              
  7     4.490199e-04   2.977391e-03   3.274704e-02   8         8         1         0         181977    83                31615             9690              9656              
  8     3.628507e-04   2.663037e-03   3.150396e-02   9         9         1         0         184813    89                33364             9691              9656              
  9     2.917468e-04   2.374407e-03   2.899466e-02   10        10        1         0         187691    95                35155             9692              9656              
  10    2.361703e-04   2.126561e-03   2.529774e-02   11        11        1         0         189711    100               36268             9693              9656              
  11    1.922083e-04   1.910021e-03   2.229056e-02   12        12        1         0         191743    105               37393             9694              9656              
  12    1.567590e-04   1.718293e-03   2.004209e-02   13        13        1         0         193766    110               38509             9695              9656              
  13    1.279176e-04   1.546444e-03   1.816319e-02   14        14        1         0         195816    115               39652             9696              9656              
  14    1.043445e-04   1.391946e-03   1.655527e-02   15        15        1         0         197863    120               40792             9697              9656              
  15    8.492535e-05   1.251783e-03   1.525980e-02   16        16        1         0         199925    125               41947             9698              9656              
  16    6.844626e-05   1.120517e-03   1.465349e-02   17        17        1         0         201987    130               43102             9699              9656              
  17    5.425683e-05   9.938588e-04   1.418568e-02   18        18        1         0         204049    135               44257             9700              9656              
  18    4.339344e-05   8.854009e-04   1.210748e-02   19        19        1         0         206123    140               45424             9701              9656              
  19    3.512395e-05   7.939586e-04   1.030483e-02   20        20        1         0         208203    145               46597             9702              9656              
  20    2.856006e-05   7.134679e-04   9.122940e-03   21        21        1         0         210295    150               47782             9703              9656              
  21    2.326669e-05   6.417337e-04   8.208805e-03   22        22        1         0         212387    155               48967             9704              9656              
  22    1.897382e-05   5.773345e-04   7.424721e-03   23        23        1         0         214491    160               50164             9705              9656              
  23    1.548514e-05   5.194647e-04   6.733376e-03   24        24        1         0         216586    165               51352             9706              9656              
  24    1.264796e-05   4.673689e-04   6.111625e-03   25        25        1         0         218687    170               52546             9707              9656              
  25    1.034017e-05   4.204815e-04   5.551989e-03   26        26        1         0         220788    175               53740             9708              9656              
  26    8.462954e-06   3.782550e-04   5.046039e-03   27        27        1         0         222892    180               54937             9709              9656              
  27    6.936038e-06   3.402346e-04   4.589600e-03   28        28        1         0         225014    185               56152             9710              9656              
  28    5.694084e-06   3.059911e-04   4.177470e-03   29        29        1         0         227148    190               57379             9711              9656              
  29    4.683894e-06   2.751530e-04   3.806108e-03   30        30        1         0         229294    195               58618             9712              9656              
  30    3.862157e-06   2.473763e-04   3.471574e-03   31        31        1         0         231443    200               59860             9713              9656              
  31    3.193623e-06   2.223579e-04   3.170750e-03   32        32        1         0         233595    205               61105             9714              9656              
  32    2.649609e-06   1.998203e-04   2.900461e-03   33        33        1         0         235756    210               62359             9715              9656              
  33    2.206786e-06   1.795164e-04   2.658014e-03   34        34        1         0         237923    215               63619             9716              9656              
  34    1.846186e-06   1.612218e-04   2.440802e-03   35        35        1         0         240096    220               64885             9717              9656              
  35    1.552387e-06   1.447354e-04   2.246535e-03   36        36        1         0         242275    225               66157             9718              9656              
  36    1.312859e-06   1.298754e-04   2.073063e-03   37        37        1         0         244457    230               67432             9719              9656              
  37    1.117421e-06   1.164786e-04   1.918464e-03   38        38        1         0         246645    235               68713             9720              9656              
  38    9.578016e-07   1.043973e-04   1.780962e-03   39        39        1         0         248839    240               70000             9721              9656              
  39    8.272840e-07   9.349893e-05   1.658961e-03   40        40        1         0         251039    245               71293             9722              9656              
  40    7.204124e-07   8.366387e-05   1.551002e-03   41        41        1         0         253242    250               72589             9723              9656              
  41    6.327569e-07   7.478442e-05   1.455775e-03   42        42        1         0         255448    255               73888             9724              9656              
  42    5.607200e-07   6.676347e-05   1.372097e-03   43        43        1         0         257663    260               75196             9725              9656              
  43    5.013805e-07   5.951368e-05   1.298916e-03   44        44        1         0         259884    265               76510             9726              9656              
  44    4.523660e-07   5.295631e-05   1.235301e-03   45        45        1         0         262105    270               77824             9727              9656              
  45    4.117495e-07   4.702059e-05   1.180437e-03   46        46        1         0         264338    275               79150             9728              9656              
  46    3.779655e-07   4.164286e-05   1.133631e-03   47        47        1         0         266574    280               80479             9729              9656              
  47    3.497418e-07   3.676604e-05   1.094301e-03   48        48        1         0         268813    285               81811             9730              9656              
  48    3.260438e-07   3.233902e-05   1.061982e-03   49        49        1         0         271052    290               83143             9731              9656              
  49    3.060297e-07   2.831635e-05   1.036326e-03   50        50        1         0         273297    295               84481             9732              9656              
  50    2.890139e-07   2.465790e-05   1.017101e-03   51        51        1         0         275545    300               85822             9733              9656              
  51    2.744375e-07   2.132883e-05   1.004195e-03   52        52        1         0         277796    305               87166             9734              9656              
  52    2.618435e-07   1.829978e-05   9.976157e-04   53        53        1         0         280047    310               88510             9735              9656              
  53    2.508581e-07   1.554758e-05   9.974953e-04   54        54        1         0         282298    315               89854             9736              9656              
  54    2.411742e-07   1.305669e-05   1.004091e-03   55        55        1         0         284552    320               91201             9737              9656              
  55    2.325382e-07   1.082229e-05   1.017786e-03   56        56        1         0         286812    325               92554             9738              9656              
  56    2.247403e-07   8.855919e-06   1.039091e-03   57        57        1         0         289090    330               93925             9739              9656              
Optimization Terminated with Status: Converged
 Done target optimization...
 Resetting problem to initial conditions and target previous FFD points 
 and aim for machine precision functional value....
The process took 226.175 seconds to run.
Starting optimization with 160...

Newton-Krylov using GMRES with Limited-Memory BFGS preconditioning
Line Search: Backtracking satisfying Null Curvature Condition
-------------------------------------------------------------------------------------------------------------
Newton-Krylov status output definitions

  iter     - Number of iterates (steps taken) 
  value    - Objective function value 
  gnorm    - Norm of the gradient
  snorm    - Norm of the step (update to optimization vector)
  #fval    - Cumulative number of times the objective function was evaluated
  #grad    - Number of times the gradient was computed
  iterCG   - Number of Krylov iterations used to compute search direction
  flagCG   - Krylov solver flag
-------------------------------------------------------------------------------------------------------------
  iter  value          gnorm          snorm          #fval     #grad     iterCG    flagCG    ls_#fval  ls_#grad  n_vmult   dRdW_form         dRdW_mult         dRdX_mult         d2R_mult          
  0     1.455314e-03   5.573163e-03   
  1     1.764009e-05   5.141623e-04   1.814701e+00   2         2         47        0         1         0         43403     8                 39933             98                192               
  2     5.015543e-09   8.709531e-06   1.656465e+00   3         3         47        0         1         0         83661     14                77088             195               384               
  3     2.018337e-14   2.757851e-09   1.085964e-01   4         4         51        0         1         0         126178    19                116514            300               592               
  4     2.615574e-19   7.742255e-14   1.253812e-02   5         5         57        0         1         0         172520    23                159693            417               824               
Optimization Terminated with Status: Converged
The process took 307.353 seconds to run.
Total n_vmult for algorithm 172520
