Starting optimization with 100...
Optimizing FFD points to obtain target Gaussian bump...

Quasi-Newton Method with Limited-Memory BFGS
Line Search: Backtracking satisfying Null Curvature Condition
  iter  value          gnorm          snorm          #fval     #grad     ls_#fval  ls_#grad  n_vmult   dRdW_form         dRdW_mult         dRdX_mult         d2R_mult          
  0     1.460201e-03   6.160113e-03   
  1     1.456409e-03   6.151386e-03   6.160113e-04   2         2         1         0         182013    411               107466            81                0                 
  2     1.201686e-03   5.542712e-03   4.364043e-02   3         3         1         0         184720    417               109086            82                0                 
  3     9.916050e-04   4.998243e-03   4.004585e-02   4         4         1         0         187442    423               110721            83                0                 
  4     8.168373e-04   4.506230e-03   3.707607e-02   5         5         1         0         190161    429               112353            84                0                 
  5     6.719206e-04   4.061868e-03   3.420563e-02   6         6         1         0         192910    435               114015            85                0                 
  6     5.520407e-04   3.661019e-03   3.148229e-02   7         7         1         0         195671    441               115689            86                0                 
  7     4.530564e-04   3.299156e-03   2.890007e-02   8         8         1         0         198465    447               117396            87                0                 
  8     3.714417e-04   2.972881e-03   2.649949e-02   9         9         1         0         201295    453               119139            88                0                 
  9     3.042168e-04   2.678060e-03   2.425526e-02   10        10        1         0         204152    459               120909            89                0                 
  10    2.488671e-04   2.412101e-03   2.222253e-02   11        11        1         0         206172    464               122022            90                0                 
  11    2.032754e-04   2.170866e-03   2.035727e-02   12        12        1         0         208183    469               123126            91                0                 
  12    1.656734e-04   1.952550e-03   1.873539e-02   13        13        1         0         210215    474               124251            92                0                 
  13    1.346571e-04   1.753219e-03   1.722082e-02   14        14        1         0         212247    479               125376            93                0                 
  14    1.092170e-04   1.573335e-03   1.577947e-02   15        15        1         0         214288    484               126510            94                0                 
  15    8.858592e-05   1.411282e-03   1.423289e-02   16        16        1         0         216341    489               127656            95                0                 
  16    7.198078e-05   1.267519e-03   1.276412e-02   17        17        1         0         218409    494               128817            96                0                 
  17    5.861190e-05   1.139142e-03   1.141918e-02   18        18        1         0         220480    499               129981            97                0                 
  18    4.780831e-05   1.024701e-03   1.027232e-02   19        19        1         0         222539    504               131133            98                0                 
  19    3.904988e-05   9.219529e-04   9.257471e-03   20        20        1         0         224622    509               132309            99                0                 
  20    3.193519e-05   8.297815e-04   8.370023e-03   21        21        1         0         226690    514               133470            100               0                 
  21    2.615004e-05   7.468093e-04   7.570622e-03   22        22        1         0         228785    519               134658            101               0                 
  22    2.144404e-05   6.721948e-04   6.856377e-03   23        23        1         0         230883    524               135849            102               0                 
  23    1.761560e-05   6.049848e-04   6.209024e-03   24        24        1         0         232993    529               137052            103               0                 
  24    1.450132e-05   5.444941e-04   5.626366e-03   25        25        1         0         235106    534               138258            104               0                 
  25    1.196826e-05   4.900001e-04   5.098465e-03   26        26        1         0         237228    539               139473            105               0                 
  26    9.908061e-06   4.409344e-04   4.623416e-03   27        27        1         0         239350    544               140688            106               0                 
  27    8.231930e-06   3.967032e-04   4.196110e-03   28        28        1         0         241481    549               141912            107               0                 
  28    6.866179e-06   3.567942e-04   3.820681e-03   29        29        1         0         243612    554               143136            108               0                 
  29    5.747256e-06   3.205275e-04   3.507959e-03   30        30        1         0         245752    559               144369            109               0                 
  30    4.818615e-06   2.871405e-04   3.282424e-03   31        31        1         0         247883    564               145593            110               0                 
  31    4.046023e-06   2.560833e-04   3.076330e-03   32        32        1         0         250029    569               146832            111               0                 
  32    3.430744e-06   2.284648e-04   2.748554e-03   33        33        1         0         252184    574               148080            112               0                 
  33    2.952032e-06   2.045142e-04   2.399592e-03   34        34        1         0         254348    579               149337            113               0                 
  34    2.573223e-06   1.834718e-04   2.133208e-03   35        35        1         0         256524    584               150606            114               0                 
  35    2.268904e-06   1.647259e-04   1.927785e-03   36        36        1         0         258703    589               151878            115               0                 
  36    2.022519e-06   1.479195e-04   1.759044e-03   37        37        1         0         260891    594               153159            116               0                 
  37    1.822254e-06   1.328009e-04   1.614743e-03   38        38        1         0         263088    599               154449            117               0                 
  38    1.659103e-06   1.191808e-04   1.489233e-03   39        39        1         0         265291    604               155745            118               0                 
  39    1.525959e-06   1.068980e-04   1.379406e-03   40        40        1         0         267500    609               157047            119               0                 
  40    1.417126e-06   9.581363e-05   1.283332e-03   41        41        1         0         269715    614               158355            120               0                 
  41    1.328008e-06   8.580366e-05   1.199584e-03   42        42        1         0         271939    619               159672            121               0                 
  42    1.254882e-06   7.675725e-05   1.127005e-03   43        43        1         0         274163    624               160989            122               0                 
  43    1.194731e-06   6.857454e-05   1.064614e-03   44        44        1         0         276378    629               162297            123               0                 
  44    1.145106e-06   6.116559e-05   1.011552e-03   45        45        1         0         278560    634               163572            124               0                 
  45    1.104021e-06   5.444930e-05   9.670809e-04   46        46        1         0         280793    639               164898            125               0                 
  46    1.069862e-06   4.835250e-05   9.305667e-04   47        47        1         0         283035    644               166233            126               0                 
  47    1.041318e-06   4.280929e-05   9.014943e-04   48        48        1         0         285286    649               167577            127               0                 
  48    1.017326e-06   3.776040e-05   8.794663e-04   49        49        1         0         287540    654               168924            128               0                 
  49    9.970179e-07   3.315280e-05   8.642181e-04   50        50        1         0         289800    659               170277            129               0                 
  50    9.796891e-07   2.893941e-05   8.556261e-04   51        51        1         0         292063    664               171633            130               0                 
  51    9.647634e-07   2.507923e-05   8.537237e-04   52        52        1         0         294329    669               172992            131               0                 
  52    9.517692e-07   2.153776e-05   8.587152e-04   53        53        1         0         296598    674               174354            132               0                 
  53    9.403192e-07   1.828849e-05   8.709934e-04   54        54        1         0         298870    679               175719            133               0                 
  54    9.300928e-07   1.531583e-05   8.911570e-04   55        55        1         0         301142    684               177084            134               0                 
  55    9.208231e-07   1.262163e-05   9.200318e-04   56        56        1         0         303414    689               178449            135               0                 
  56    9.122850e-07   1.023856e-05   9.586898e-04   57        57        1         0         305683    694               179811            136               0                 
  57    9.042858e-07   8.257030e-06   1.008470e-03   58        58        1         0         307949    699               181170            137               0                 
Optimization Terminated with Status: Converged
 Done target optimization...
 Resetting problem to initial conditions and target previous FFD points 
 and aim for machine precision functional value....
The process took 323.032 seconds to run.
Starting optimization with 100...

Newton-Krylov using GMRES with Limited-Memory BFGS preconditioning
Line Search: Backtracking satisfying Null Curvature Condition
-------------------------------------------------------------------------------------------------------------
Newton-Krylov status output definitions

  iter     - Number of iterates (steps taken) 
  value    - Objective function value 
  gnorm    - Norm of the gradient
  snorm    - Norm of the step (update to optimization vector)
  #fval    - Cumulative number of times the objective function was evaluated
  #grad    - Number of times the gradient was computed
  iterCG   - Number of Krylov iterations used to compute search direction
  flagCG   - Krylov solver flag
-------------------------------------------------------------------------------------------------------------
  iter  value          gnorm          snorm          #fval     #grad     iterCG    flagCG    ls_#fval  ls_#grad  n_vmult   dRdW_form         dRdW_mult         dRdX_mult         d2R_mult          
  0     1.456094e-03   6.153204e-03   
  1     1.778832e-05   5.989278e-04   1.309361e+01   2         2         40        0         1         0         37706     8                 34530             84                164               
  2     5.019646e-09   9.961180e-06   1.273201e+01   3         3         37        0         1         0         69858     14                63999             161               316               
  3     2.174665e-15   3.000531e-09   3.529692e-01   4         4         41        0         1         0         104293    19                95763             246               484               
  4     1.761500e-19   1.078255e-13   6.397788e-03   5         5         45        0         1         0         141098    23                129909            339               668               
Optimization Terminated with Status: Converged
The process took 370.116 seconds to run.
Total n_vmult for algorithm 141098
