Starting optimization with 100...
Optimizing FFD points to obtain target Gaussian bump...

Quasi-Newton Method with Limited-Memory BFGS
Line Search: Backtracking satisfying Null Curvature Condition
  iter  value          gnorm          snorm          #fval     #grad     ls_#fval  ls_#grad  n_vmult   dRdW_form         dRdW_mult         dRdX_mult         d2R_mult          
  0     1.460201e-03   6.160113e-03   
  1     1.456409e-03   6.151386e-03   6.160113e-04   2         2         1         0         423468    47                394196            1040              2004              
  2     1.201686e-03   5.542712e-03   4.364043e-02   3         3         1         0         426175    53                395816            1041              2004              
  3     9.916050e-04   4.998243e-03   4.004585e-02   4         4         1         0         428897    59                397451            1042              2004              
  4     8.168373e-04   4.506230e-03   3.707607e-02   5         5         1         0         431616    65                399083            1043              2004              
  5     6.719206e-04   4.061868e-03   3.420563e-02   6         6         1         0         434365    71                400745            1044              2004              
  6     5.520407e-04   3.661019e-03   3.148229e-02   7         7         1         0         437126    77                402419            1045              2004              
  7     4.530564e-04   3.299156e-03   2.890007e-02   8         8         1         0         439920    83                404126            1046              2004              
  8     3.714417e-04   2.972881e-03   2.649949e-02   9         9         1         0         442750    89                405869            1047              2004              
  9     3.042168e-04   2.678060e-03   2.425526e-02   10        10        1         0         445607    95                407639            1048              2004              
  10    2.488671e-04   2.412101e-03   2.222253e-02   11        11        1         0         447627    100               408752            1049              2004              
  11    2.032754e-04   2.170866e-03   2.035727e-02   12        12        1         0         449638    105               409856            1050              2004              
  12    1.656734e-04   1.952550e-03   1.873539e-02   13        13        1         0         451670    110               410981            1051              2004              
  13    1.346571e-04   1.753219e-03   1.722082e-02   14        14        1         0         453702    115               412106            1052              2004              
  14    1.092170e-04   1.573335e-03   1.577947e-02   15        15        1         0         455743    120               413240            1053              2004              
  15    8.858592e-05   1.411282e-03   1.423289e-02   16        16        1         0         457796    125               414386            1054              2004              
  16    7.198078e-05   1.267519e-03   1.276412e-02   17        17        1         0         459864    130               415547            1055              2004              
  17    5.861190e-05   1.139142e-03   1.141918e-02   18        18        1         0         461935    135               416711            1056              2004              
  18    4.780831e-05   1.024701e-03   1.027232e-02   19        19        1         0         463994    140               417863            1057              2004              
  19    3.904988e-05   9.219529e-04   9.257471e-03   20        20        1         0         466077    145               419039            1058              2004              
  20    3.193519e-05   8.297815e-04   8.370023e-03   21        21        1         0         468145    150               420200            1059              2004              
  21    2.615004e-05   7.468093e-04   7.570622e-03   22        22        1         0         470240    155               421388            1060              2004              
  22    2.144404e-05   6.721948e-04   6.856377e-03   23        23        1         0         472338    160               422579            1061              2004              
  23    1.761560e-05   6.049848e-04   6.209024e-03   24        24        1         0         474448    165               423782            1062              2004              
  24    1.450132e-05   5.444941e-04   5.626366e-03   25        25        1         0         476561    170               424988            1063              2004              
  25    1.196826e-05   4.900001e-04   5.098465e-03   26        26        1         0         478683    175               426203            1064              2004              
  26    9.908061e-06   4.409344e-04   4.623416e-03   27        27        1         0         480805    180               427418            1065              2004              
  27    8.231930e-06   3.967032e-04   4.196110e-03   28        28        1         0         482936    185               428642            1066              2004              
  28    6.866179e-06   3.567942e-04   3.820681e-03   29        29        1         0         485067    190               429866            1067              2004              
  29    5.747256e-06   3.205275e-04   3.507959e-03   30        30        1         0         487207    195               431099            1068              2004              
  30    4.818615e-06   2.871405e-04   3.282424e-03   31        31        1         0         489338    200               432323            1069              2004              
  31    4.046023e-06   2.560833e-04   3.076330e-03   32        32        1         0         491484    205               433562            1070              2004              
  32    3.430744e-06   2.284648e-04   2.748554e-03   33        33        1         0         493639    210               434810            1071              2004              
  33    2.952032e-06   2.045142e-04   2.399592e-03   34        34        1         0         495803    215               436067            1072              2004              
  34    2.573223e-06   1.834718e-04   2.133208e-03   35        35        1         0         497979    220               437336            1073              2004              
  35    2.268904e-06   1.647259e-04   1.927785e-03   36        36        1         0         500158    225               438608            1074              2004              
  36    2.022519e-06   1.479195e-04   1.759044e-03   37        37        1         0         502346    230               439889            1075              2004              
  37    1.822254e-06   1.328009e-04   1.614743e-03   38        38        1         0         504543    235               441179            1076              2004              
  38    1.659103e-06   1.191808e-04   1.489233e-03   39        39        1         0         506746    240               442475            1077              2004              
  39    1.525959e-06   1.068980e-04   1.379406e-03   40        40        1         0         508955    245               443777            1078              2004              
  40    1.417126e-06   9.581363e-05   1.283332e-03   41        41        1         0         511170    250               445085            1079              2004              
  41    1.328008e-06   8.580366e-05   1.199584e-03   42        42        1         0         513394    255               446402            1080              2004              
  42    1.254882e-06   7.675725e-05   1.127005e-03   43        43        1         0         515618    260               447719            1081              2004              
  43    1.194731e-06   6.857454e-05   1.064614e-03   44        44        1         0         517833    265               449027            1082              2004              
  44    1.145106e-06   6.116559e-05   1.011552e-03   45        45        1         0         520015    270               450302            1083              2004              
  45    1.104021e-06   5.444930e-05   9.670809e-04   46        46        1         0         522248    275               451628            1084              2004              
  46    1.069862e-06   4.835250e-05   9.305667e-04   47        47        1         0         524490    280               452963            1085              2004              
  47    1.041318e-06   4.280929e-05   9.014943e-04   48        48        1         0         526741    285               454307            1086              2004              
  48    1.017326e-06   3.776040e-05   8.794663e-04   49        49        1         0         528995    290               455654            1087              2004              
  49    9.970179e-07   3.315280e-05   8.642181e-04   50        50        1         0         531255    295               457007            1088              2004              
  50    9.796891e-07   2.893941e-05   8.556261e-04   51        51        1         0         533518    300               458363            1089              2004              
  51    9.647634e-07   2.507923e-05   8.537237e-04   52        52        1         0         535784    305               459722            1090              2004              
  52    9.517692e-07   2.153776e-05   8.587152e-04   53        53        1         0         538053    310               461084            1091              2004              
  53    9.403192e-07   1.828849e-05   8.709934e-04   54        54        1         0         540325    315               462449            1092              2004              
  54    9.300928e-07   1.531583e-05   8.911570e-04   55        55        1         0         542597    320               463814            1093              2004              
  55    9.208231e-07   1.262163e-05   9.200318e-04   56        56        1         0         544869    325               465179            1094              2004              
  56    9.122850e-07   1.023856e-05   9.586898e-04   57        57        1         0         547138    330               466541            1095              2004              
  57    9.042858e-07   8.257030e-06   1.008470e-03   58        58        1         0         549404    335               467900            1096              2004              
Optimization Terminated with Status: Converged
 Done target optimization...
 Resetting problem to initial conditions and target previous FFD points 
 and aim for machine precision functional value....
The process took 317.76 seconds to run.
********************************************************
Biros and Ghattas Full-space method...with P4A preconditioner
Using 9100 design variables: 9000 simulation variables and 100 control variables.
Line Search: Backtracking satisfying Null Curvature Condition
********************************************************
Iteration         Func. val.        ||Lagr. grad.||   ||Constraint||    ||Search dir||    search_ctl_norm   search_sim_norm   search_adj_norm   n_kkt_iter        n_linesearches    n_grad            n_vmult           dRdW_form         dRdW_mult         dRdX_mult         d2R_mult          
1                 6.6022e-06        0.0053271         0.0223464         9.07984           6.98563           3.51696           4.61254           496               1                 0                 46502             2                 5372              1994              3972              
2                 6.44335e-07       0.000218473       0.000515201       3.36962           3.29166           0.287369          0.660812          318               1                 0                 76038             3                 8561              3275              6520              
3                 6.41527e-10       3.40203e-05       4.68371e-05       3.73476           3.72906           0.0860899         0.187472          385               1                 0                 111738            4                 12420             4824              9604              
4                 1.27448e-12       8.64233e-08       4.23993e-08       0.0877825         0.0864836         0.0035337         0.0146242         411               1                 0                 149830            5                 16539             6477              12896             
5                 3.72062e-13       1.01295e-11       5.94352e-11       0.0878388         0.0878387         0.000147368       1.89529e-05       461               1                 0                 192522            6                 21158             8330              16588             
Optimization Terminated with Status: Converged
The process took 299.928 seconds to run.
Total n_vmult for algorithm 192522
