Starting optimization with 20...
Optimizing FFD points to obtain target Gaussian bump...

Quasi-Newton Method with Limited-Memory BFGS
Line Search: Backtracking satisfying Null Curvature Condition
  iter  value          gnorm          snorm          #fval     #grad     ls_#fval  ls_#grad  n_vmult   dRdW_form         dRdW_mult         dRdX_mult         d2R_mult          
  0     1.460802e-03   8.749957e-03   
  1     1.453161e-03   8.717155e-03   8.749957e-04   2         2         1         0         114633    58                18877             5528              5500              
  2     1.255654e-03   7.854818e-03   2.408510e-02   3         3         1         0         118483    64                20800             5529              5500              
  3     1.087020e-03   7.073396e-03   2.332103e-02   4         4         1         0         122342    70                22732             5530              5500              
  4     9.425620e-04   6.361593e-03   2.280633e-02   5         5         1         0         126192    76                24655             5531              5500              
  5     8.194160e-04   5.715171e-03   2.228605e-02   6         6         1         0         130048    82                26584             5532              5500              
  6     7.147857e-04   5.129216e-03   2.175817e-02   7         7         1         0         133913    88                28522             5533              5500              
  7     6.261009e-04   4.598742e-03   2.122241e-02   8         8         1         0         137787    94                30469             5534              5500              
  8     5.510603e-04   4.118912e-03   2.068238e-02   9         9         1         0         141637    100               32392             5535              5500              
  9     4.876368e-04   3.685145e-03   2.014399e-02   10        10        1         0         144564    105               33712             5536              5500              
  10    4.340653e-04   3.293166e-03   1.961398e-02   11        11        1         0         147497    110               35038             5537              5500              
  11    3.888219e-04   2.939032e-03   1.909900e-02   12        12        1         0         150439    115               36373             5538              5500              
  12    3.505999e-04   2.619129e-03   1.860519e-02   13        13        1         0         153387    120               37714             5539              5500              
  13    3.182840e-04   2.330165e-03   1.813813e-02   14        14        1         0         156338    125               39058             5540              5500              
  14    2.909267e-04   2.069142e-03   1.770302e-02   15        15        1         0         159298    130               40411             5541              5500              
  15    2.677248e-04   1.833345e-03   1.730487e-02   16        16        1         0         162261    135               41767             5542              5500              
  16    2.479996e-04   1.620308e-03   1.694871e-02   17        17        1         0         165236    140               43135             5543              5500              
  17    2.311786e-04   1.427808e-03   1.663969e-02   18        18        1         0         168214    145               44506             5544              5500              
  18    2.167799e-04   1.253839e-03   1.638317e-02   19        19        1         0         171198    150               45883             5545              5500              
  19    2.043981e-04   1.096606e-03   1.618474e-02   20        20        1         0         174182    155               47260             5546              5500              
  20    1.936933e-04   9.545153e-04   1.605018e-02   21        21        1         0         177166    160               48637             5547              5500              
  21    1.843805e-04   8.261785e-04   1.598544e-02   22        22        1         0         180156    165               50020             5548              5500              
  22    1.762210e-04   7.104150e-04   1.599657e-02   23        23        1         0         183158    170               51415             5549              5500              
  23    1.690151e-04   6.062726e-04   1.608969e-02   24        24        1         0         186166    175               52816             5550              5500              
  24    1.625959e-04   5.130598e-04   1.627089e-02   25        25        1         0         189174    180               54217             5551              5500              
  25    1.568240e-04   4.304042e-04   1.654611e-02   26        26        1         0         192188    185               55624             5552              5500              
  26    1.515827e-04   3.583424e-04   1.692104e-02   27        27        1         0         195196    190               57025             5553              5500              
  27    1.467746e-04   2.974392e-04   1.740102e-02   28        28        1         0         198168    195               58390             5554              5500              
  28    1.423182e-04   2.488708e-04   1.799092e-02   29        29        1         0         201128    200               59743             5555              5500              
  29    1.381448e-04   2.142215e-04   1.869552e-02   30        30        1         0         204085    205               61093             5556              5500              
  30    1.341966e-04   1.945449e-04   1.952050e-02   31        31        1         0         207042    210               62443             5557              5500              
  31    1.304236e-04   1.887971e-04   2.047534e-02   32        32        1         0         210008    215               63802             5558              5500              
  32    1.267805e-04   1.932829e-04   2.158012e-02   33        33        1         0         212977    220               65164             5559              5500              
  33    1.232224e-04   2.031182e-04   2.288135e-02   34        34        1         0         215967    225               66547             5560              5500              
  34    1.196961e-04   2.139675e-04   2.448916e-02   35        35        1         0         218951    230               67924             5561              5500              
  35    1.161250e-04   2.226571e-04   2.666807e-02   36        36        1         0         221974    235               69340             5562              5500              
  36    1.123760e-04   2.272504e-04   3.006501e-02   37        37        1         0         224955    240               70714             5563              5500              
  37    1.082115e-04   2.265519e-04   3.613824e-02   38        38        1         0         227945    245               72097             5564              5500              
  38    1.036211e-04   3.138905e-04   5.393656e-02   39        39        1         0         230863    250               73408             5565              5500              
  39    9.974748e-05   3.007060e-04   3.970336e-02   40        40        1         0         233892    255               74830             5566              5500              
  40    9.591246e-05   2.849684e-04   4.234836e-02   41        41        1         0         236921    260               76252             5567              5500              
  41    9.178601e-05   2.650519e-04   4.989653e-02   42        42        1         0         239938    265               77662             5568              5500              
  42    8.735764e-05   2.709556e-04   6.083632e-02   43        43        1         0         242901    270               79018             5569              5500              
  43    8.308910e-05   2.446693e-04   6.213161e-02   44        44        1         0         245933    275               80443             5570              5500              
  44    7.975529e-05   2.237885e-04   5.479135e-02   45        45        1         0         248941    280               81844             5571              5500              
  45    7.640490e-05   2.098171e-04   5.958230e-02   46        46        1         0         251919    285               83215             5572              5500              
  46    7.356278e-05   1.838242e-04   5.553424e-02   47        47        1         0         254933    290               84622             5573              5500              
  47    7.130084e-05   1.698515e-04   4.826335e-02   48        48        1         0         257977    295               86059             5574              5500              
  48    6.921396e-05   1.543211e-04   4.812894e-02   49        49        1         0         260961    300               87436             5575              5500              
  49    6.698082e-05   1.338109e-04   5.576698e-02   50        50        1         0         263978    305               88846             5576              5500              
  50    6.537348e-05   1.221160e-04   4.446722e-02   51        51        1         0         267013    310               90274             5577              5500              
  51    6.401406e-05   1.079456e-04   3.993983e-02   52        52        1         0         270054    315               91708             5578              5500              
  52    6.283550e-05   9.866376e-05   3.739574e-02   53        53        1         0         273101    320               93148             5579              5500              
  53    6.178096e-05   8.724009e-05   3.517426e-02   54        54        1         0         276154    325               94594             5580              5500              
  54    6.082798e-05   7.937788e-05   3.421932e-02   55        55        1         0         279207    330               96040             5581              5500              
  55    5.995383e-05   6.939891e-05   3.298250e-02   56        56        1         0         282260    335               97486             5582              5500              
  56    5.914594e-05   6.225240e-05   3.288740e-02   57        57        1         0         285313    340               98932             5583              5500              
  57    5.839023e-05   5.403478e-05   3.250782e-02   58        58        1         0         288366    345               100378            5584              5500              
  58    5.765379e-05   4.705064e-05   3.423048e-02   59        59        1         0         291443    350               101848            5585              5500              
  59    5.690633e-05   4.097819e-05   3.790726e-02   60        60        1         0         294484    355               103282            5586              5500              
  60    5.623347e-05   3.431979e-05   3.649116e-02   61        61        1         0         297555    360               104746            5587              5500              
  61    5.567851e-05   3.066954e-05   3.257634e-02   62        62        1         0         300611    365               106195            5588              5500              
  62    5.512449e-05   2.847818e-05   3.384775e-02   63        63        1         0         303682    370               107659            5589              5500              
  63    5.453768e-05   2.795394e-05   3.770091e-02   64        64        1         0         306708    375               109078            5590              5500              
  64    5.392753e-05   2.875808e-05   4.103323e-02   65        65        1         0         309773    380               110536            5591              5500              
  65    5.325320e-05   3.678939e-05   4.722793e-02   66        66        1         0         312814    385               111970            5592              5500              
  66    5.259885e-05   4.213170e-05   4.804728e-02   67        67        1         0         315849    390               113398            5593              5500              
  67    5.189391e-05   4.643938e-05   5.317085e-02   68        68        1         0         318920    395               114862            5594              5500              
  68    5.108837e-05   5.479047e-05   6.196138e-02   69        69        1         0         321946    400               116281            5595              5500              
  69    5.018318e-05   5.891582e-05   7.157429e-02   70        70        1         0         324993    405               117721            5596              5500              
  70    4.915365e-05   7.401380e-05   8.314022e-02   71        71        1         0         328076    410               119197            5597              5500              
  71    4.806931e-05   7.994446e-05   9.045003e-02   72        72        1         0         331132    415               120646            5598              5500              
  72    4.690107e-05   8.674339e-05   9.863153e-02   73        73        1         0         334164    420               122071            5599              5500              
  73    4.560191e-05   9.095488e-05   1.119434e-01   74        74        1         0         337169    425               123469            5600              5500              
  74    4.418620e-05   9.831927e-05   1.245643e-01   75        75        1         0         340207    430               124900            5601              5500              
  75    4.275360e-05   1.009788e-04   1.301520e-01   76        76        1         0         343248    435               126334            5602              5500              
  76    4.130549e-05   1.050414e-04   1.340685e-01   77        77        1         0         346268    440               127747            5603              5500              
  77    3.985595e-05   1.065414e-04   1.379800e-01   78        78        1         0         349306    445               129178            5604              5500              
  78    3.843550e-05   1.047813e-04   1.382095e-01   79        79        1         0         352350    450               130615            5605              5500              
  79    3.705982e-05   1.065619e-04   1.380649e-01   80        80        1         0         355391    455               132049            5606              5500              
  80    3.576297e-05   9.979878e-05   1.335891e-01   81        81        1         0         358444    460               133495            5607              5500              
  81    3.459373e-05   9.920621e-05   1.243010e-01   82        82        1         0         361515    465               134959            5608              5500              
  82    3.350150e-05   8.791741e-05   1.178829e-01   83        83        1         0         364553    470               136390            5609              5500              
  83    3.255267e-05   8.463645e-05   1.059756e-01   84        84        1         0         367651    475               137881            5610              5500              
  84    3.170199e-05   7.793377e-05   9.536706e-02   85        85        1         0         370695    480               139318            5611              5500              
  85    3.092965e-05   7.439371e-05   8.935307e-02   86        86        1         0         373790    485               140806            5612              5500              
  86    3.023956e-05   6.561934e-05   8.238181e-02   87        87        1         0         376840    490               142249            5613              5500              
  87    2.967159e-05   6.148620e-05   7.084859e-02   88        88        1         0         379932    495               143734            5614              5500              
  88    2.918956e-05   5.492339e-05   6.194536e-02   89        89        1         0         383018    500               145213            5615              5500              
  89    2.877312e-05   5.136999e-05   5.584361e-02   90        90        1         0         386107    505               146695            5616              5500              
  90    2.842110e-05   4.442968e-05   4.913697e-02   91        91        1         0         389190    510               148171            5617              5500              
  91    2.813635e-05   4.119452e-05   4.163837e-02   92        92        1         0         392303    515               149677            5618              5500              
  92    2.789894e-05   3.591788e-05   3.606870e-02   93        93        1         0         395389    520               151156            5619              5500              
  93    2.769866e-05   3.317837e-05   3.192456e-02   94        94        1         0         398502    525               152662            5620              5500              
  94    2.753063e-05   2.856988e-05   2.801793e-02   95        95        1         0         401600    530               154153            5621              5500              
  95    2.739051e-05   2.606237e-05   2.469220e-02   96        96        1         0         404725    535               155671            5622              5500              
  96    2.727406e-05   2.269042e-05   2.160634e-02   97        97        1         0         407838    540               157177            5623              5500              
  97    2.717611e-05   2.046550e-05   1.926934e-02   98        98        1         0         410975    545               158707            5624              5500              
  98    2.709356e-05   1.778197e-05   1.720402e-02   99        99        1         0         414094    550               160219            5625              5500              
  99    2.702332e-05   1.582102e-05   1.558656e-02   100       100       1         0         417243    555               161761            5626              5500              
  100   2.696317e-05   1.363270e-05   1.421119e-02   101       101       1         0         420365    560               163276            5627              5500              
  101   2.691105e-05   1.190545e-05   1.315920e-02   102       102       1         0         423526    565               164830            5628              5500              
  102   2.686544e-05   1.009461e-05   1.230190e-02   103       103       1         0         426648    570               166345            5629              5500              
  103   2.682493e-05   8.583208e-06   1.169865e-02   104       104       1         0         429821    575               167911            5630              5500              
Optimization Terminated with Status: Converged
 Done target optimization...
 Resetting problem to initial conditions and target previous FFD points 
 and aim for machine precision functional value....
The process took 1249.87 seconds to run.
********************************************************
Biros and Ghattas Full-space method...with P4 preconditioner
Using 16020 design variables: 16000 simulation variables and 20 control variables.
Line Search: Backtracking satisfying Null Curvature Condition
********************************************************
Iteration         Func. val.        ||Lagr. grad.||   ||Constraint||    ||Search dir||    search_ctl_norm   search_sim_norm   search_adj_norm   n_kkt_iter        n_linesearches    n_grad            n_vmult           dRdW_form         dRdW_mult         dRdX_mult         d2R_mult          
1                 7.1726e-06        0.00418098        0.0156454         8.42141           3.55348           4.57783           6.11036           22                1                 0                 43375             2                 40833             98                180               
2                 2.36231e-07       0.000207967       0.000395044       1.24613           0.814452          0.370094          0.867489          20                1                 0                 81718             3                 77125             187               344               
3                 2.84125e-10       2.75784e-05       1.78202e-05       1.19945           1.16385           0.088318          0.276289          22                1                 0                 123799            4                 116991            284               524               
4                 3.31603e-13       2.03089e-08       1.01427e-08       0.0732025         0.0723981         0.00267344        0.0104871         22                1                 0                 166042            5                 157019            381               704               
5                 2.40122e-14       1.24081e-12       7.94844e-12       0.0407788         0.0407787         7.96347e-05       1.72848e-05       24                1                 0                 211732            6                 200330            486               900               
Optimization Terminated with Status: Converged
The process took 1498.82 seconds to run.
Total n_vmult for algorithm 211732
