Starting optimization with 80...
Optimizing FFD points to obtain target Gaussian bump...

Quasi-Newton Method with Limited-Memory BFGS
Line Search: Backtracking satisfying Null Curvature Condition
  iter  value          gnorm          snorm          #fval     #grad     ls_#fval  ls_#grad  n_vmult   dRdW_form         dRdW_mult         dRdX_mult         d2R_mult          
  0     1.446428e-03   6.352675e-03   
  1     1.442395e-03   6.342829e-03   6.352675e-04   2         2         1         0         137565    448               101172            79                0                 
  2     1.191432e-03   5.717949e-03   4.204580e-02   3         3         1         0         139303    454               102423            80                0                 
  3     9.740029e-04   5.115264e-03   4.121919e-02   4         4         1         0         141068    460               103701            81                0                 
  4     7.764006e-04   4.534733e-03   4.258083e-02   5         5         1         0         142821    466               104967            82                0                 
  5     6.262825e-04   4.030262e-03   3.592075e-02   6         6         1         0         144583    472               106242            83                0                 
  6     5.112535e-04   3.618289e-03   3.107409e-02   7         7         1         0         146345    478               107517            84                0                 
  7     4.188594e-04   3.251374e-03   2.790200e-02   8         8         1         0         148110    484               108795            85                0                 
  8     3.433679e-04   2.926763e-03   2.559520e-02   9         9         1         0         149875    490               110073            86                0                 
  9     2.814076e-04   2.633594e-03   2.350574e-02   10        10        1         0         151646    496               111357            87                0                 
  10    2.304010e-04   2.369968e-03   2.169987e-02   11        11        1         0         153414    502               112638            88                0                 
  11    1.878596e-04   2.129007e-03   2.041112e-02   12        12        1         0         155200    508               113937            89                0                 
  12    1.505632e-04   1.895391e-03   2.039786e-02   13        13        1         0         156989    514               115239            90                0                 
  13    1.195251e-04   1.676527e-03   1.894604e-02   14        14        1         0         158775    520               116538            91                0                 
  14    9.662819e-05   1.498093e-03   1.571869e-02   15        15        1         0         160573    526               117849            92                0                 
  15    7.878799e-05   1.344141e-03   1.372613e-02   16        16        1         0         162377    532               119166            93                0                 
  16    6.445109e-05   1.207833e-03   1.236994e-02   17        17        1         0         164199    538               120501            94                0                 
  17    5.281757e-05   1.085754e-03   1.124946e-02   18        18        1         0         166027    544               121842            95                0                 
  18    4.334366e-05   9.761826e-04   1.027804e-02   19        19        1         0         167855    550               123183            96                0                 
  19    3.561878e-05   8.775923e-04   9.404336e-03   20        20        1         0         169701    556               124542            97                0                 
  20    2.931723e-05   7.888960e-04   8.617096e-03   21        21        1         0         171568    562               125922            98                0                 
  21    2.417638e-05   7.090316e-04   7.900567e-03   22        22        1         0         173420    568               127287            99                0                 
  22    1.998250e-05   6.371468e-04   7.250426e-03   23        23        1         0         175287    574               128667            100               0                 
  23    1.656136e-05   5.724168e-04   6.658207e-03   24        24        1         0         177181    580               130074            101               0                 
  24    1.377063e-05   5.141485e-04   6.120296e-03   25        25        1         0         179084    586               131490            102               0                 
  25    1.149409e-05   4.616831e-04   5.630770e-03   26        26        1         0         180990    592               132909            103               0                 
  26    9.636850e-06   4.144544e-04   5.186245e-03   27        27        1         0         182908    598               134340            104               0                 
  27    8.121446e-06   3.719317e-04   4.782143e-03   28        28        1         0         184835    604               135780            105               0                 
  28    6.884677e-06   3.336532e-04   4.415383e-03   29        29        1         0         186768    610               137226            106               0                 
  29    5.874994e-06   2.991897e-04   4.082296e-03   30        30        1         0         188075    615               138126            107               0                 
  30    5.050365e-06   2.681651e-04   3.780168e-03   31        31        1         0         189388    620               139032            108               0                 
  31    4.376534e-06   2.402322e-04   3.506016e-03   32        32        1         0         190710    625               139947            109               0                 
  32    3.825585e-06   2.150850e-04   3.257511e-03   33        33        1         0         192038    630               140868            110               0                 
  33    3.374776e-06   1.924422e-04   3.032219e-03   34        34        1         0         193372    635               141795            111               0                 
  34    3.005581e-06   1.720554e-04   2.828176e-03   35        35        1         0         194709    640               142725            112               0                 
  35    2.702915e-06   1.536966e-04   2.643403e-03   36        36        1         0         196049    645               143658            113               0                 
  36    2.454491e-06   1.371641e-04   2.476273e-03   37        37        1         0         197392    650               144594            114               0                 
  37    2.250303e-06   1.222734e-04   2.325187e-03   38        38        1         0         198729    655               145524            115               0                 
  38    2.082203e-06   1.088610e-04   2.188818e-03   39        39        1         0         200075    660               146463            116               0                 
  39    1.943554e-06   9.677735e-05   2.065890e-03   40        40        1         0         201427    665               147408            117               0                 
  40    1.828952e-06   8.589022e-05   1.955347e-03   41        41        1         0         202788    670               148362            118               0                 
  41    1.733992e-06   7.607874e-05   1.856190e-03   42        42        1         0         204161    675               149328            119               0                 
  42    1.655086e-06   6.723609e-05   1.767603e-03   43        43        1         0         205537    680               150297            120               0                 
  43    1.589308e-06   5.926485e-05   1.688830e-03   44        44        1         0         206916    685               151269            121               0                 
  44    1.534272e-06   5.207933e-05   1.619274e-03   45        45        1         0         208319    690               152265            122               0                 
  45    1.488032e-06   4.560149e-05   1.558400e-03   46        46        1         0         209740    695               153279            123               0                 
  46    1.448997e-06   3.976352e-05   1.505817e-03   47        47        1         0         211167    700               154299            124               0                 
  47    1.415869e-06   3.450389e-05   1.461197e-03   48        48        1         0         212603    705               155328            125               0                 
  48    1.387584e-06   2.977068e-05   1.424349e-03   49        49        1         0         214006    710               156324            126               0                 
  49    1.363272e-06   2.551740e-05   1.395155e-03   50        50        1         0         215424    715               157335            127               0                 
  50    1.342217e-06   2.170796e-05   1.373640e-03   51        51        1         0         216824    720               158328            128               0                 
  51    1.323832e-06   1.831175e-05   1.359914e-03   52        52        1         0         218236    725               159333            129               0                 
  52    1.307631e-06   1.531226e-05   1.354271e-03   53        53        1         0         219675    730               160365            130               0                 
  53    1.293211e-06   1.270035e-05   1.357178e-03   54        54        1         0         221126    735               161409            131               0                 
  54    1.280234e-06   1.049155e-05   1.369575e-03   55        55        1         0         222583    740               162459            132               0                 
  55    1.268406e-06   8.713420e-06   1.393625e-03   56        56        1         0         224043    745               163512            133               0                 
Optimization Terminated with Status: Converged
 Done target optimization...
 Resetting problem to initial conditions and target previous FFD points 
 and aim for machine precision functional value....
The process took 45.077 seconds to run.
Starting optimization with 80...

Newton-Krylov using GMRES with Limited-Memory BFGS preconditioning
Line Search: Backtracking satisfying Null Curvature Condition
-------------------------------------------------------------------------------------------------------------
Newton-Krylov status output definitions

  iter     - Number of iterates (steps taken) 
  value    - Objective function value 
  gnorm    - Norm of the gradient
  snorm    - Norm of the step (update to optimization vector)
  #fval    - Cumulative number of times the objective function was evaluated
  #grad    - Number of times the gradient was computed
  iterCG   - Number of Krylov iterations used to compute search direction
  flagCG   - Krylov solver flag
-------------------------------------------------------------------------------------------------------------
  iter  value          gnorm          snorm          #fval     #grad     iterCG    flagCG    ls_#fval  ls_#grad  n_vmult   dRdW_form         dRdW_mult         dRdX_mult         d2R_mult          
  0     1.441763e-03   6.345661e-03   
  1     1.497933e-05   5.795517e-04   1.263113e+01   2         2         34        0         1         0         26601     8                 24477             72                140               
  2     3.304918e-09   8.389586e-06   1.249123e+01   3         3         33        0         1         0         50281     14                46242             141               276               
  3     2.074967e-14   3.252046e-09   1.291408e-01   4         4         35        0         1         0         74790     19                68832             214               420               
  4     1.123038e-19   7.830452e-13   1.206833e-02   5         5         40        0         1         0         102006    23                93999             297               584               
Optimization Terminated with Status: Converged
The process took 24.3394 seconds to run.
Total n_vmult for algorithm 102006
