Starting optimization with 160...
Optimizing FFD points to obtain target Gaussian bump...

Quasi-Newton Method with Limited-Memory BFGS
Line Search: Backtracking satisfying Null Curvature Condition
  iter  value          gnorm          snorm          #fval     #grad     ls_#fval  ls_#grad  n_vmult   dRdW_form         dRdW_mult         dRdX_mult         d2R_mult          
  0     1.446428e-03   5.506672e-03   
  1     1.443397e-03   5.500381e-03   5.506672e-04   2         2         1         0         114788    34                15307             6923              6900              
  2     1.170749e-03   5.289409e-03   5.689378e-02   3         3         1         0         116565    40                16597             6924              6900              
  3     9.059617e-04   4.418003e-03   5.623595e-02   4         4         1         0         118309    46                17854             6925              6900              
  4     7.370127e-04   4.033559e-03   4.214987e-02   5         5         1         0         120080    52                19138             6926              6900              
  5     6.015183e-04   3.556450e-03   3.669601e-02   6         6         1         0         121851    58                20422             6927              6900              
  6     4.922886e-04   3.222818e-03   3.361214e-02   7         7         1         0         123610    64                21694             6928              6900              
  7     4.030053e-04   2.886848e-03   3.043061e-02   8         8         1         0         125390    70                22987             6929              6900              
  8     3.261188e-04   2.590039e-03   2.992121e-02   9         9         1         0         127173    76                24283             6930              6900              
  9     2.529687e-04   2.273917e-03   3.225446e-02   10        10        1         0         128947    82                25570             6931              6900              
  10    2.008931e-04   2.008923e-03   2.553384e-02   11        11        1         0         130742    88                26878             6932              6900              
  11    1.623198e-04   1.798683e-03   2.147311e-02   12        12        1         0         132564    94                28213             6933              6900              
  12    1.304981e-04   1.607236e-03   2.000095e-02   13        13        1         0         134362    100               29524             6934              6900              
  13    1.043642e-04   1.426747e-03   1.840773e-02   14        14        1         0         136190    106               30865             6935              6900              
  14    8.411247e-05   1.277652e-03   1.603295e-02   15        15        1         0         137994    112               32182             6936              6900              
  15    6.822935e-05   1.143674e-03   1.404126e-02   16        16        1         0         139789    118               33490             6937              6900              
  16    5.552009e-05   1.028883e-03   1.259973e-02   17        17        1         0         141605    124               34819             6938              6900              
  17    4.525178e-05   9.237227e-04   1.135368e-02   18        18        1         0         143454    130               36181             6939              6900              
  18    3.691257e-05   8.316942e-04   1.032928e-02   19        19        1         0         145306    136               37546             6940              6900              
  19    3.012626e-05   7.471047e-04   9.375808e-03   20        20        1         0         147164    142               38917             6941              6900              
  20    2.459685e-05   6.725873e-04   8.557963e-03   21        21        1         0         149034    148               40300             6942              6900              
  21    2.008946e-05   6.039520e-04   7.786940e-03   22        22        1         0         150919    154               41698             6943              6900              
  22    1.641335e-05   5.433907e-04   7.121475e-03   23        23        1         0         152804    160               43096             6944              6900              
  23    1.341602e-05   4.874608e-04   6.490466e-03   24        24        1         0         154698    166               44503             6945              6900              
  24    1.097441e-05   4.381293e-04   5.935813e-03   25        25        1         0         156604    172               45922             6946              6900              
  25    8.990468e-06   3.927108e-04   5.399926e-03   26        26        1         0         158525    178               47356             6947              6900              
  26    7.382159e-06   3.527007e-04   4.917888e-03   27        27        1         0         160449    184               48793             6948              6900              
  27    6.080960e-06   3.161972e-04   4.462520e-03   28        28        1         0         162382    190               50239             6949              6900              
  28    5.028062e-06   2.839276e-04   4.060425e-03   29        29        1         0         164321    196               51691             6950              6900              
  29    4.175553e-06   2.546711e-04   3.696210e-03   30        30        1         0         165616    201               52579             6951              6900              
  30    3.484197e-06   2.286187e-04   3.376548e-03   31        31        1         0         166917    206               53473             6952              6900              
  31    2.922798e-06   2.050863e-04   3.092060e-03   32        32        1         0         168221    211               54370             6953              6900              
  32    2.466229e-06   1.839889e-04   2.840228e-03   33        33        1         0         169528    216               55270             6954              6900              
  33    2.094447e-06   1.649858e-04   2.617627e-03   34        34        1         0         170841    221               56176             6955              6900              
  34    1.791287e-06   1.478586e-04   2.419044e-03   35        35        1         0         172160    226               57088             6956              6900              
  35    1.543763e-06   1.324673e-04   2.244359e-03   36        36        1         0         173482    231               58003             6957              6900              
  36    1.341367e-06   1.185367e-04   2.088002e-03   37        37        1         0         174813    236               58927             6958              6900              
  37    1.175618e-06   1.060408e-04   1.951093e-03   38        38        1         0         176147    241               59854             6959              6900              
  38    1.039636e-06   9.469049e-05   1.828689e-03   39        39        1         0         177484    246               60784             6960              6900              
  39    9.278567e-07   8.452226e-05   1.722023e-03   40        40        1         0         178824    251               61717             6961              6900              
  40    8.357574e-07   7.525674e-05   1.627230e-03   41        41        1         0         180170    256               62656             6962              6900              
  41    7.596742e-07   6.696231e-05   1.545126e-03   42        42        1         0         181522    261               63601             6963              6900              
  42    6.966265e-07   5.938179e-05   1.473087e-03   43        43        1         0         182877    266               64549             6964              6900              
  43    6.441971e-07   5.259674e-05   1.411332e-03   44        44        1         0         184241    271               65506             6965              6900              
  44    6.004167e-07   4.637843e-05   1.358446e-03   45        45        1         0         185611    276               66469             6966              6900              
  45    5.636869e-07   4.081076e-05   1.314091e-03   46        46        1         0         186990    281               67441             6967              6900              
  46    5.327029e-07   3.569538e-05   1.277903e-03   47        47        1         0         188366    286               68410             6968              6900              
  47    5.064049e-07   3.111354e-05   1.249142e-03   48        48        1         0         189745    291               69382             6969              6900              
  48    4.839253e-07   2.689684e-05   1.228273e-03   49        49        1         0         191124    296               70354             6970              6900              
  49    4.645580e-07   2.312358e-05   1.214356e-03   50        50        1         0         192509    301               71332             6971              6900              
  50    4.477228e-07   1.965501e-05   1.208470e-03   51        51        1         0         193897    306               72313             6972              6900              
  51    4.329461e-07   1.657084e-05   1.209663e-03   52        52        1         0         195291    311               73300             6973              6900              
  52    4.198357e-07   1.376708e-05   1.219454e-03   53        53        1         0         196694    316               74296             6974              6900              
  53    4.080705e-07   1.133788e-05   1.237016e-03   54        54        1         0         198103    321               75298             6975              6900              
  54    3.973807e-07   9.239661e-06   1.264222e-03   55        55        1         0         199515    326               76303             6976              6900              
Optimization Terminated with Status: Converged
 Done target optimization...
 Resetting problem to initial conditions and target previous FFD points 
 and aim for machine precision functional value....
The process took 45.0023 seconds to run.
Starting optimization with 160...

Newton-Krylov using GMRES with Limited-Memory BFGS preconditioning
Line Search: Backtracking satisfying Null Curvature Condition
-------------------------------------------------------------------------------------------------------------
Newton-Krylov status output definitions

  iter     - Number of iterates (steps taken) 
  value    - Objective function value 
  gnorm    - Norm of the gradient
  snorm    - Norm of the step (update to optimization vector)
  #fval    - Cumulative number of times the objective function was evaluated
  #grad    - Number of times the gradient was computed
  iterCG   - Number of Krylov iterations used to compute search direction
  flagCG   - Krylov solver flag
-------------------------------------------------------------------------------------------------------------
  iter  value          gnorm          snorm          #fval     #grad     iterCG    flagCG    ls_#fval  ls_#grad  n_vmult   dRdW_form         dRdW_mult         dRdX_mult         d2R_mult          
  0     1.441526e-03   5.497357e-03   
  1     1.501844e-05   4.544818e-04   1.692036e+00   2         2         45        0         1         0         34041     8                 31455             94                184               
  2     3.474835e-09   7.051760e-06   1.555077e+00   3         3         45        0         1         0         65650     14                60645             187               368               
  3     1.323892e-14   4.004857e-09   1.219596e-01   4         4         49        0         1         0         99558     19                92046             288               568               
  4     6.452686e-19   6.888627e-13   1.115723e-02   5         5         54        0         1         0         135870    23                125721            399               788               
Optimization Terminated with Status: Converged
The process took 26.091 seconds to run.
Total n_vmult for algorithm 135870
