Starting optimization with 60...
Optimizing FFD points to obtain target Gaussian bump...

Quasi-Newton Method with Limited-Memory BFGS
Line Search: Backtracking satisfying Null Curvature Condition
  iter  value          gnorm          snorm          #fval     #grad     ls_#fval  ls_#grad  n_vmult   dRdW_form         dRdW_mult         dRdX_mult         d2R_mult          
  0     1.446428e-03   6.731072e-03   
  1     1.441901e-03   6.718871e-03   6.731072e-04   2         2         1         0         82130     53                73473             215               416               
  2     1.201468e-03   6.054477e-03   3.791659e-02   3         3         1         0         83856     59                74712             216               416               
  3     9.993861e-04   5.453000e-03   3.579424e-02   4         4         1         0         85591     65                75960             217               416               
  4     8.281939e-04   4.908146e-03   3.434197e-02   5         5         1         0         87329     71                77211             218               416               
  5     6.829229e-04   4.403145e-03   3.297916e-02   6         6         1         0         89088     77                78483             219               416               
  6     5.593318e-04   3.943093e-03   3.202218e-02   7         7         1         0         90853     83                79761             220               416               
  7     4.561892e-04   3.516279e-03   3.016065e-02   8         8         1         0         92627     89                81048             221               416               
  8     3.731358e-04   3.145751e-03   2.753616e-02   9         9         1         0         94398     95                82332             222               416               
  9     3.066485e-04   2.818278e-03   2.486981e-02   10        10        1         0         96184     101               83631             223               416               
  10    2.526963e-04   2.530195e-03   2.285272e-02   11        11        1         0         97964     107               84924             224               416               
  11    2.085747e-04   2.271534e-03   2.111422e-02   12        12        1         0         99741     113               86214             225               416               
  12    1.723539e-04   2.040283e-03   1.961893e-02   13        13        1         0         101521    119               87507             226               416               
  13    1.425788e-04   1.831848e-03   1.824276e-02   14        14        1         0         103307    125               88806             227               416               
  14    1.180920e-04   1.644617e-03   1.699174e-02   15        15        1         0         105102    131               90114             228               416               
  15    9.795398e-05   1.475810e-03   1.583013e-02   16        16        1         0         106903    137               91428             229               416               
  16    8.139321e-05   1.323950e-03   1.476427e-02   17        17        1         0         108701    143               92739             230               416               
  17    6.777331e-05   1.187021e-03   1.378013e-02   18        18        1         0         110514    149               94065             231               416               
  18    5.656606e-05   1.063728e-03   1.288583e-02   19        19        1         0         112336    155               95400             232               416               
  19    4.732419e-05   9.522204e-04   1.209089e-02   20        20        1         0         114161    161               96738             233               416               
  20    3.964162e-05   8.509114e-04   1.147515e-02   21        21        1         0         115983    167               98073             234               416               
  21    3.311968e-05   7.561353e-04   1.116093e-02   22        22        1         0         117823    173               99426             235               416               
  22    2.760376e-05   6.675779e-04   1.078512e-02   23        23        1         0         119675    179               100791            236               416               
  23    2.326064e-05   5.902409e-04   9.701809e-03   24        24        1         0         121533    185               102162            237               416               
  24    1.986331e-05   5.240192e-04   8.692953e-03   25        25        1         0         123421    191               103563            238               416               
  25    1.712396e-05   4.656170e-04   8.030897e-03   26        26        1         0         125315    197               104970            239               416               
  26    1.487611e-05   4.135383e-04   7.556663e-03   27        27        1         0         127221    203               106389            240               416               
  27    1.301512e-05   3.667361e-04   7.177709e-03   28        28        1         0         129136    209               107817            241               416               
  28    1.146587e-05   3.246192e-04   6.858767e-03   29        29        1         0         131063    215               109257            242               416               
  29    1.017056e-05   2.866405e-04   6.583434e-03   30        30        1         0         132999    221               110706            243               416               
  30    9.083118e-06   2.523963e-04   6.344477e-03   31        31        1         0         134315    226               111615            244               416               
  31    8.166319e-06   2.215006e-04   6.137642e-03   32        32        1         0         135637    231               112530            245               416               
  32    7.389822e-06   1.936390e-04   5.960565e-03   33        33        1         0         136974    236               113460            246               416               
  33    6.728818e-06   1.685199e-04   5.811603e-03   34        34        1         0         138314    241               114393            247               416               
  34    6.162977e-06   1.458995e-04   5.689749e-03   35        35        1         0         139657    246               115329            248               416               
  35    5.675611e-06   1.255613e-04   5.594345e-03   36        36        1         0         141000    251               116265            249               416               
  36    5.253002e-06   1.073284e-04   5.525108e-03   37        37        1         0         142346    256               117204            250               416               
  37    4.883856e-06   9.105768e-05   5.482021e-03   38        38        1         0         143683    261               118134            251               416               
  38    4.558856e-06   7.664576e-05   5.465418e-03   39        39        1         0         145035    266               119079            252               416               
  39    4.270302e-06   6.403795e-05   5.475882e-03   40        40        1         0         146396    271               120033            253               416               
  40    4.011797e-06   5.322713e-05   5.514630e-03   41        41        1         0         147766    276               120996            254               416               
  41    3.777994e-06   4.428045e-05   5.583707e-03   42        42        1         0         149136    281               121959            255               416               
  42    3.564282e-06   3.730194e-05   5.689716e-03   43        43        1         0         150509    286               122925            256               416               
  43    3.366248e-06   3.247667e-05   5.855710e-03   44        44        1         0         151900    291               123909            257               416               
  44    3.178498e-06   2.994194e-05   6.158112e-03   45        45        1         0         153297    296               124899            258               416               
  45    3.002617e-06   2.881731e-05   6.383757e-03   46        46        1         0         154694    301               125889            259               416               
  46    2.849717e-06   2.962757e-05   6.147101e-03   47        47        1         0         156109    306               126897            260               416               
  47    2.713566e-06   3.112041e-05   6.008712e-03   48        48        1         0         157515    311               127896            261               416               
  48    2.585487e-06   3.325900e-05   6.189014e-03   49        49        1         0         158939    316               128913            262               416               
  49    2.467376e-06   3.470164e-05   6.236549e-03   50        50        1         0         160354    321               129921            263               416               
  50    2.363629e-06   3.635382e-05   5.978155e-03   51        51        1         0         161754    326               130914            264               416               
  51    2.269016e-06   3.723471e-05   5.863298e-03   52        52        1         0         163148    331               131901            265               416               
  52    2.180600e-06   3.784287e-05   5.864589e-03   53        53        1         0         164545    336               132891            266               416               
  53    2.095861e-06   3.780607e-05   5.964006e-03   54        54        1         0         165948    341               133887            267               416               
  54    2.014543e-06   3.729860e-05   6.081218e-03   55        55        1         0         167351    346               134883            268               416               
  55    1.936535e-06   3.641096e-05   6.198564e-03   56        56        1         0         168733    351               135858            269               416               
  56    1.859739e-06   3.496709e-05   6.592078e-03   57        57        1         0         170088    356               136806            270               416               
  57    1.779091e-06   3.313747e-05   7.543768e-03   58        58        1         0         171464    361               137775            271               416               
  58    1.717351e-06   3.109001e-05   6.320240e-03   59        59        1         0         172876    366               138780            272               416               
  59    1.666660e-06   2.933351e-05   5.633000e-03   60        60        1         0         174240    371               139737            273               416               
  60    1.614242e-06   2.704384e-05   6.401177e-03   61        61        1         0         175664    376               140754            274               416               
  61    1.573229e-06   2.472813e-05   5.372205e-03   62        62        1         0         177049    381               141732            275               416               
  62    1.541106e-06   2.288746e-05   4.560155e-03   63        63        1         0         178455    386               142731            276               416               
  63    1.511616e-06   2.089974e-05   4.393334e-03   64        64        1         0         179897    391               143766            277               416               
  64    1.484724e-06   1.899157e-05   4.287592e-03   65        65        1         0         181288    396               144750            278               416               
  65    1.460122e-06   1.708313e-05   4.173905e-03   66        66        1         0         182730    401               145785            279               416               
  66    1.437006e-06   1.519344e-05   4.213199e-03   67        67        1         0         184148    406               146796            280               416               
  67    1.414860e-06   1.329918e-05   4.367091e-03   68        68        1         0         185587    411               147828            281               416               
  68    1.395594e-06   1.145463e-05   4.104515e-03   69        69        1         0         187047    416               148881            282               416               
  69    1.379413e-06   9.970477e-06   3.725010e-03   70        70        1         0         188486    421               149913            283               416               
Optimization Terminated with Status: Converged
 Done target optimization...
 Resetting problem to initial conditions and target previous FFD points 
 and aim for machine precision functional value....
The process took 54.823 seconds to run.
********************************************************
Biros and Ghattas Full-space method...with P2 preconditioner
Using 4060 design variables: 4000 simulation variables and 60 control variables.
Line Search: Backtracking satisfying Null Curvature Condition
********************************************************
Iteration         Func. val.        ||Lagr. grad.||   ||Constraint||    ||Search dir||    search_ctl_norm   search_sim_norm   search_adj_norm   n_kkt_iter        n_linesearches    n_grad            n_vmult           dRdW_form         dRdW_mult         dRdX_mult         d2R_mult          
1                 8.09794e-06       0.00334288        0.0241478         12.1627           11.5582           2.44191           2.89431           48                1                 0                 33895             2                 30949             202               196               
2                 7.00901e-08       6.68563e-05       0.000365495       11.0624           11.0555           0.19546           0.338025          37                1                 0                 59039             3                 53850             359               348               
3                 2.30165e-11       1.32706e-06       4.63197e-06       0.643606          0.642224          0.0208751         0.036617          46                1                 0                 90459             4                 82523             552               536               
4                 1.30739e-13       3.37843e-10       7.25229e-10       0.106055          0.106049          0.000387715       0.000990106       48                1                 0                 122610            5                 111815            753               732               
Optimization Terminated with Status: Converged
The process took 25.0802 seconds to run.
Total n_vmult for algorithm 122610
