Starting optimization with 100...
Optimizing FFD points to obtain target Gaussian bump...

Quasi-Newton Method with Limited-Memory BFGS
Line Search: Backtracking satisfying Null Curvature Condition
  iter  value          gnorm          snorm          #fval     #grad     ls_#fval  ls_#grad  n_vmult   dRdW_form         dRdW_mult         dRdX_mult         d2R_mult          
  0     1.460802e-03   6.163059e-03   
  1     1.457007e-03   6.154322e-03   6.163059e-04   2         2         1         0         254884    424               118623            83                0                 
  2     1.202229e-03   5.545370e-03   4.362721e-02   3         3         1         0         258656    430               120468            84                0                 
  3     9.921012e-04   5.000723e-03   4.003452e-02   4         4         1         0         262437    436               122322            85                0                 
  4     8.172889e-04   4.508496e-03   3.706367e-02   5         5         1         0         266218    442               124176            86                0                 
  5     6.723314e-04   4.064023e-03   3.419612e-02   6         6         1         0         269999    448               126030            87                0                 
  6     5.524195e-04   3.663011e-03   3.146834e-02   7         7         1         0         273804    454               127908            88                0                 
  7     4.534169e-04   3.301169e-03   2.888587e-02   8         8         1         0         276677    459               129174            89                0                 
  8     3.718073e-04   2.974869e-03   2.646991e-02   9         9         1         0         279553    464               130443            90                0                 
  9     3.046250e-04   2.680435e-03   2.421138e-02   10        10        1         0         282435    469               131718            91                0                 
  10    2.493816e-04   2.414960e-03   2.212707e-02   11        11        1         0         285326    474               133002            92                0                 
  11    2.039953e-04   2.175255e-03   2.019658e-02   12        12        1         0         288223    479               134292            93                0                 
  12    1.667270e-04   1.959053e-03   1.844355e-02   13        13        1         0         291135    484               135597            94                0                 
  13    1.361248e-04   1.763391e-03   1.683874e-02   14        14        1         0         294056    489               136911            95                0                 
  14    1.109819e-04   1.586551e-03   1.541809e-02   15        15        1         0         296986    494               138234            96                0                 
  15    9.031463e-05   1.425750e-03   1.411838e-02   16        16        1         0         299925    499               139566            97                0                 
  16    7.336232e-05   1.280341e-03   1.293158e-02   17        17        1         0         302870    504               140904            98                0                 
  17    5.955197e-05   1.148827e-03   1.173196e-02   18        18        1         0         305827    509               142254            99                0                 
  18    4.839200e-05   1.031442e-03   1.056925e-02   19        19        1         0         308793    514               143613            100               0                 
  19    3.940553e-05   9.265198e-04   9.465547e-03   20        20        1         0         311768    519               144981            101               0                 
  20    3.215884e-05   8.330239e-04   8.500801e-03   21        21        1         0         314758    524               146364            102               0                 
  21    2.629880e-05   7.492149e-04   7.646577e-03   22        22        1         0         317763    529               147762            103               0                 
  22    2.154880e-05   6.741075e-04   6.902243e-03   23        23        1         0         320774    534               149166            104               0                 
  23    1.769290e-05   6.065607e-04   6.236600e-03   24        24        1         0         323791    539               150576            105               0                 
  24    1.456025e-05   5.458457e-04   5.644614e-03   25        25        1         0         326817    544               151995            106               0                 
  25    1.201423e-05   4.911803e-04   5.110695e-03   26        26        1         0         329849    549               153420            107               0                 
  26    9.944632e-06   4.419856e-04   4.631505e-03   27        27        1         0         332887    554               154851            108               0                 
  27    8.262207e-06   3.976785e-04   4.198934e-03   28        28        1         0         335931    559               156288            109               0                 
  28    6.894420e-06   3.577799e-04   3.810022e-03   29        29        1         0         338975    564               157725            110               0                 
  29    5.782225e-06   3.218332e-04   3.460354e-03   30        30        1         0         342034    569               159177            111               0                 
  30    4.877451e-06   2.894279e-04   3.147456e-03   31        31        1         0         345096    574               160632            112               0                 
  31    4.140696e-06   2.601882e-04   2.869956e-03   32        32        1         0         348167    579               162096            113               0                 
  32    3.539676e-06   2.337352e-04   2.626221e-03   33        33        1         0         351232    584               163554            114               0                 
  33    3.048229e-06   2.097515e-04   2.415090e-03   34        34        1         0         354312    589               165027            115               0                 
  34    2.646200e-06   1.879483e-04   2.225304e-03   35        35        1         0         357383    594               166491            116               0                 
  35    2.319176e-06   1.682501e-04   2.041227e-03   36        36        1         0         360472    599               167973            117               0                 
  36    2.055686e-06   1.505988e-04   1.854820e-03   37        37        1         0         363558    604               169452            118               0                 
  37    1.844277e-06   1.348892e-04   1.681255e-03   38        38        1         0         366659    609               170946            119               0                 
  38    1.674153e-06   1.208720e-04   1.531059e-03   39        39        1         0         369757    614               172437            120               0                 
  39    1.536509e-06   1.083277e-04   1.405597e-03   40        40        1         0         372870    619               173943            121               0                 
  40    1.424600e-06   9.705426e-05   1.300035e-03   41        41        1         0         375983    624               175449            122               0                 
  41    1.333257e-06   8.690252e-05   1.210759e-03   42        42        1         0         379102    629               176961            123               0                 
  42    1.258455e-06   7.774033e-05   1.134642e-03   43        43        1         0         382224    634               178476            124               0                 
  43    1.197006e-06   6.946160e-05   1.069904e-03   44        44        1         0         385355    639               180000            125               0                 
  44    1.146363e-06   6.196943e-05   1.015069e-03   45        45        1         0         388486    644               181524            126               0                 
  45    1.104471e-06   5.518114e-05   9.691925e-04   46        46        1         0         391623    649               183054            127               0                 
  46    1.069672e-06   4.902083e-05   9.314559e-04   47        47        1         0         394766    654               184590            128               0                 
  47    1.040621e-06   4.342197e-05   9.012858e-04   48        48        1         0         397918    659               186135            129               0                 
  48    1.016228e-06   3.832387e-05   8.782192e-04   49        49        1         0         401070    664               187680            130               0                 
  49    9.956044e-07   3.367298e-05   8.619642e-04   50        50        1         0         404225    669               189228            131               0                 
  50    9.780301e-07   2.942123e-05   8.523618e-04   51        51        1         0         407389    674               190785            132               0                 
  51    9.629159e-07   2.552696e-05   8.494207e-04   52        52        1         0         410559    679               192348            133               0                 
  52    9.497800e-07   2.195464e-05   8.533144e-04   53        53        1         0         413738    684               193920            134               0                 
  53    9.382270e-07   1.867659e-05   8.644065e-04   54        54        1         0         416920    689               195495            135               0                 
  54    9.279300e-07   1.567531e-05   8.832623e-04   55        55        1         0         420102    694               197070            136               0                 
  55    9.186172e-07   1.294949e-05   9.106720e-04   56        56        1         0         423287    699               198648            137               0                 
  56    9.100596e-07   1.052589e-05   9.476683e-04   57        57        1         0         426475    704               200229            138               0                 
  57    9.020622e-07   8.483969e-06   9.955495e-04   58        58        1         0         429663    709               201810            139               0                 
Optimization Terminated with Status: Converged
 Done target optimization...
 Resetting problem to initial conditions and target previous FFD points 
 and aim for machine precision functional value....
The process took 744.912 seconds to run.
Starting optimization with 100...

Newton-Krylov using GMRES with Limited-Memory BFGS preconditioning
Line Search: Backtracking satisfying Null Curvature Condition
-------------------------------------------------------------------------------------------------------------
Newton-Krylov status output definitions

  iter     - Number of iterates (steps taken) 
  value    - Objective function value 
  gnorm    - Norm of the gradient
  snorm    - Norm of the step (update to optimization vector)
  #fval    - Cumulative number of times the objective function was evaluated
  #grad    - Number of times the gradient was computed
  iterCG   - Number of Krylov iterations used to compute search direction
  flagCG   - Krylov solver flag
-------------------------------------------------------------------------------------------------------------
  iter  value          gnorm          snorm          #fval     #grad     iterCG    flagCG    ls_#fval  ls_#grad  n_vmult   dRdW_form         dRdW_mult         dRdX_mult         d2R_mult          
  0     1.456508e-03   6.155758e-03   
  1     1.785901e-05   6.003441e-04   8.057390e+00   2         2         40        0         1         0         43917     8                 39621             84                164               
  2     5.177044e-09   1.003852e-05   7.864126e+00   3         3         36        0         1         0         80026     14                72249             159               312               
  3     3.689588e-14   3.275411e-09   1.785896e-01   4         4         39        0         1         0         117948    19                106884            240               472               
  4     1.446608e-19   1.399155e-13   1.334447e-02   5         5         46        0         1         0         160740    23                146415            335               660               
Optimization Terminated with Status: Converged
The process took 1225.92 seconds to run.
Total n_vmult for algorithm 160740
