Starting optimization with 100...
Optimizing FFD points to obtain target Gaussian bump...

Quasi-Newton Method with Limited-Memory BFGS
Line Search: Backtracking satisfying Null Curvature Condition
  iter  value          gnorm          snorm          #fval     #grad     ls_#fval  ls_#grad  n_vmult   dRdW_form         dRdW_mult         dRdX_mult         d2R_mult          
  0     1.460802e-03   6.163059e-03   
  1     1.457007e-03   6.154322e-03   6.163059e-04   2         2         1         0         236859    58                33159             9056              18036             
  2     1.202229e-03   5.545370e-03   4.362721e-02   3         3         1         0         240631    64                35004             9057              18036             
  3     9.921012e-04   5.000723e-03   4.003452e-02   4         4         1         0         244412    70                36858             9058              18036             
  4     8.172889e-04   4.508496e-03   3.706367e-02   5         5         1         0         248193    76                38712             9059              18036             
  5     6.723314e-04   4.064023e-03   3.419612e-02   6         6         1         0         251974    82                40566             9060              18036             
  6     5.524195e-04   3.663011e-03   3.146834e-02   7         7         1         0         255779    88                42444             9061              18036             
  7     4.534169e-04   3.301169e-03   2.888587e-02   8         8         1         0         258652    93                43710             9062              18036             
  8     3.718073e-04   2.974869e-03   2.646991e-02   9         9         1         0         261528    98                44979             9063              18036             
  9     3.046250e-04   2.680435e-03   2.421138e-02   10        10        1         0         264410    103               46254             9064              18036             
  10    2.493816e-04   2.414960e-03   2.212707e-02   11        11        1         0         267301    108               47538             9065              18036             
  11    2.039953e-04   2.175255e-03   2.019658e-02   12        12        1         0         270198    113               48828             9066              18036             
  12    1.667270e-04   1.959053e-03   1.844355e-02   13        13        1         0         273110    118               50133             9067              18036             
  13    1.361248e-04   1.763391e-03   1.683874e-02   14        14        1         0         276031    123               51447             9068              18036             
  14    1.109819e-04   1.586551e-03   1.541809e-02   15        15        1         0         278961    128               52770             9069              18036             
  15    9.031463e-05   1.425750e-03   1.411838e-02   16        16        1         0         281900    133               54102             9070              18036             
  16    7.336232e-05   1.280341e-03   1.293158e-02   17        17        1         0         284845    138               55440             9071              18036             
  17    5.955197e-05   1.148827e-03   1.173196e-02   18        18        1         0         287802    143               56790             9072              18036             
  18    4.839200e-05   1.031442e-03   1.056925e-02   19        19        1         0         290768    148               58149             9073              18036             
  19    3.940553e-05   9.265198e-04   9.465547e-03   20        20        1         0         293743    153               59517             9074              18036             
  20    3.215884e-05   8.330239e-04   8.500801e-03   21        21        1         0         296733    158               60900             9075              18036             
  21    2.629880e-05   7.492149e-04   7.646577e-03   22        22        1         0         299738    163               62298             9076              18036             
  22    2.154880e-05   6.741075e-04   6.902243e-03   23        23        1         0         302749    168               63702             9077              18036             
  23    1.769290e-05   6.065607e-04   6.236600e-03   24        24        1         0         305766    173               65112             9078              18036             
  24    1.456025e-05   5.458457e-04   5.644614e-03   25        25        1         0         308792    178               66531             9079              18036             
  25    1.201423e-05   4.911803e-04   5.110695e-03   26        26        1         0         311824    183               67956             9080              18036             
  26    9.944632e-06   4.419856e-04   4.631505e-03   27        27        1         0         314862    188               69387             9081              18036             
  27    8.262207e-06   3.976785e-04   4.198934e-03   28        28        1         0         317906    193               70824             9082              18036             
  28    6.894420e-06   3.577799e-04   3.810022e-03   29        29        1         0         320950    198               72261             9083              18036             
  29    5.782225e-06   3.218332e-04   3.460354e-03   30        30        1         0         324009    203               73713             9084              18036             
  30    4.877451e-06   2.894279e-04   3.147456e-03   31        31        1         0         327071    208               75168             9085              18036             
  31    4.140696e-06   2.601882e-04   2.869956e-03   32        32        1         0         330142    213               76632             9086              18036             
  32    3.539676e-06   2.337352e-04   2.626221e-03   33        33        1         0         333207    218               78090             9087              18036             
  33    3.048229e-06   2.097515e-04   2.415090e-03   34        34        1         0         336287    223               79563             9088              18036             
  34    2.646200e-06   1.879483e-04   2.225304e-03   35        35        1         0         339358    228               81027             9089              18036             
  35    2.319176e-06   1.682501e-04   2.041227e-03   36        36        1         0         342447    233               82509             9090              18036             
  36    2.055686e-06   1.505988e-04   1.854820e-03   37        37        1         0         345533    238               83988             9091              18036             
  37    1.844277e-06   1.348892e-04   1.681255e-03   38        38        1         0         348634    243               85482             9092              18036             
  38    1.674153e-06   1.208720e-04   1.531059e-03   39        39        1         0         351732    248               86973             9093              18036             
  39    1.536509e-06   1.083277e-04   1.405597e-03   40        40        1         0         354845    253               88479             9094              18036             
  40    1.424600e-06   9.705426e-05   1.300035e-03   41        41        1         0         357958    258               89985             9095              18036             
  41    1.333257e-06   8.690252e-05   1.210759e-03   42        42        1         0         361077    263               91497             9096              18036             
  42    1.258455e-06   7.774033e-05   1.134642e-03   43        43        1         0         364199    268               93012             9097              18036             
  43    1.197006e-06   6.946160e-05   1.069904e-03   44        44        1         0         367330    273               94536             9098              18036             
  44    1.146363e-06   6.196943e-05   1.015069e-03   45        45        1         0         370461    278               96060             9099              18036             
  45    1.104471e-06   5.518114e-05   9.691925e-04   46        46        1         0         373598    283               97590             9100              18036             
  46    1.069672e-06   4.902083e-05   9.314559e-04   47        47        1         0         376741    288               99126             9101              18036             
  47    1.040621e-06   4.342197e-05   9.012858e-04   48        48        1         0         379893    293               100671            9102              18036             
  48    1.016228e-06   3.832387e-05   8.782192e-04   49        49        1         0         383045    298               102216            9103              18036             
  49    9.956044e-07   3.367298e-05   8.619642e-04   50        50        1         0         386200    303               103764            9104              18036             
  50    9.780301e-07   2.942123e-05   8.523618e-04   51        51        1         0         389364    308               105321            9105              18036             
  51    9.629159e-07   2.552696e-05   8.494207e-04   52        52        1         0         392534    313               106884            9106              18036             
  52    9.497800e-07   2.195464e-05   8.533144e-04   53        53        1         0         395713    318               108456            9107              18036             
  53    9.382270e-07   1.867659e-05   8.644065e-04   54        54        1         0         398895    323               110031            9108              18036             
  54    9.279300e-07   1.567531e-05   8.832623e-04   55        55        1         0         402077    328               111606            9109              18036             
  55    9.186172e-07   1.294949e-05   9.106720e-04   56        56        1         0         405262    333               113184            9110              18036             
  56    9.100596e-07   1.052589e-05   9.476683e-04   57        57        1         0         408450    338               114765            9111              18036             
  57    9.020622e-07   8.483969e-06   9.955495e-04   58        58        1         0         411638    343               116346            9112              18036             
Optimization Terminated with Status: Converged
 Done target optimization...
 Resetting problem to initial conditions and target previous FFD points 
 and aim for machine precision functional value....
The process took 747.65 seconds to run.
Starting optimization with 100...

Quasi-Newton Method with Limited-Memory BFGS
Line Search: Backtracking satisfying Null Curvature Condition
-------------------------------------------------------------------------------------------------------------
Quasi-Newton Method status output definitions

  iter     - Number of iterates (steps taken) 
  value    - Objective function value 
  gnorm    - Norm of the gradient
  snorm    - Norm of the step (update to optimization vector)
  #fval    - Cumulative number of times the objective function was evaluated
  #grad    - Number of times the gradient was computed
-------------------------------------------------------------------------------------------------------------
  iter  value          gnorm          snorm          #fval     #grad     ls_#fval  ls_#grad  n_vmult   dRdW_form         dRdW_mult         dRdX_mult         d2R_mult          
  0     1.456508e-03   6.155758e-03   
  1     1.418883e-03   6.068636e-03   6.155758e-03   2         2         1         0         3785      6                 1851              2                 0                 
  2     2.283547e-05   6.339324e-04   4.309313e-01   3         3         1         0         7781      13                3600              3                 0                 
  3     3.728264e-06   1.651973e-04   5.244057e-02   4         4         1         0         11544     19                5436              4                 0                 
  4     2.096595e-06   1.626013e-04   1.996650e-02   5         5         1         0         14501     24                6786              5                 0                 
  5     1.057551e-06   8.648258e-05   1.388953e-02   6         6         1         0         17518     29                8196              6                 0                 
  6     4.914223e-07   4.829245e-05   1.256079e-02   7         7         1         0         20565     34                9636              7                 0                 
  7     2.335228e-07   2.691249e-05   9.958644e-03   8         8         1         0         23630     39                11094             8                 0                 
  8     1.331028e-07   4.110634e-05   9.542698e-03   9         9         1         0         26650     44                12507             9                 0                 
  9     9.396159e-08   2.935261e-05   7.043366e-03   10        10        1         0         29667     49                13917             10                0                 
  10    6.809186e-08   1.024399e-05   2.468325e-03   11        11        1         0         32771     54                15414             11                0                 
  11    5.987534e-08   8.215586e-06   1.161934e-03   12        12        1         0         35950     59                16986             12                0                 
  12    4.823901e-08   8.927210e-06   2.413748e-03   13        13        1         0         39138     64                18567             13                0                 
  13    3.619992e-08   6.512555e-06   3.437317e-03   14        14        1         0         42278     69                20100             14                0                 
  14    2.668624e-08   3.934161e-06   3.957064e-03   15        15        1         0         45394     74                21609             15                0                 
  15    2.067418e-08   3.464893e-06   4.004200e-03   16        16        1         0         48564     79                23172             16                0                 
  16    1.690943e-08   5.524660e-06   4.123833e-03   17        17        1         0         51737     84                24738             17                0                 
  17    1.327177e-08   4.899290e-06   2.832583e-03   18        18        1         0         54883     89                26277             18                0                 
  18    8.490586e-09   3.533461e-06   3.966874e-03   19        19        1         0         58086     94                27873             19                0                 
  19    5.656891e-09   4.192711e-06   4.928240e-03   20        20        1         0         61196     99                29376             20                0                 
  20    4.970778e-09   3.209931e-06   1.447712e-03   21        21        1         0         64378     104               30951             21                0                 
  21    4.465081e-09   9.060947e-07   8.515681e-04   22        22        1         0         67650     109               32616             22                0                 
  22    4.383007e-09   7.206649e-07   1.488237e-04   23        23        1         0         70014     113               33693             23                0                 
  23    4.107327e-09   1.078465e-06   5.792070e-04   24        24        1         0         73298     118               35370             24                0                 
  24    3.579337e-09   1.778239e-06   1.302753e-03   25        25        1         0         76573     123               37038             25                0                 
  25    2.618588e-09   2.169844e-06   2.941234e-03   26        26        1         0         79803     128               38661             26                0                 
  26    1.952141e-09   3.426971e-06   4.174493e-03   27        27        1         0         83003     133               40254             27                0                 
  27    1.132514e-09   1.034592e-06   1.833061e-03   28        28        1         0         86281     138               41925             28                0                 
  28    9.128497e-10   5.384550e-07   5.241680e-04   29        29        1         0         89559     143               43596             29                0                 
  29    7.956526e-10   6.491677e-07   4.739981e-04   30        30        1         0         91890     147               44640             30                0                 
  30    6.407849e-10   6.754269e-07   8.294209e-04   31        31        1         0         94209     151               45672             31                0                 
  31    5.863227e-10   8.644747e-07   6.215622e-04   33        32        2         0         99853     160               48429             32                0                 
  32    5.111922e-10   2.883485e-07   5.162385e-04   34        33        1         0         103131    165               50100             33                0                 
  33    4.979604e-10   1.550457e-07   9.833628e-05   35        34        1         0         105513    169               51195             34                0                 
  34    4.885603e-10   1.906072e-07   1.040446e-04   36        35        1         0         107901    173               52296             35                0                 
  35    4.729554e-10   3.028069e-07   1.834155e-04   37        36        1         0         110289    177               53397             36                0                 
  36    4.288432e-10   5.222897e-07   5.998785e-04   38        37        1         0         112647    181               54468             37                0                 
  37    3.533276e-10   7.055978e-07   1.150905e-03   39        38        1         0         114999    185               55533             38                0                 
  38    2.393448e-10   8.101984e-07   2.164731e-03   40        39        1         0         117342    189               56589             39                0                 
  39    1.420425e-10   6.202009e-07   2.545987e-03   41        40        1         0         120575    194               58215             40                0                 
  40    8.331005e-11   2.064517e-07   2.516077e-04   42        41        1         0         123850    199               59883             41                0                 
  41    6.203727e-11   1.961037e-07   2.064792e-04   43        42        1         0         126205    203               60951             42                0                 
  42    5.529831e-11   1.749551e-07   1.014009e-04   44        43        1         0         128596    207               62055             43                0                 
  43    4.532058e-11   9.076140e-08   3.576478e-04   45        44        1         0         130954    211               63126             44                0                 
  44    4.441591e-11   8.901066e-08   8.655256e-05   46        45        1         0         133345    215               64230             45                0                 
  45    4.384928e-11   4.998518e-08   1.262212e-05   47        46        1         0         135754    219               65352             46                0                 
  46    4.312429e-11   4.483599e-08   3.068814e-05   48        47        1         0         138181    223               66492             47                0                 
  47    4.208783e-11   6.005869e-08   6.719204e-05   49        48        1         0         140572    227               67596             48                0                 
  48    4.104397e-11   5.164800e-08   8.635829e-05   50        49        1         0         142984    231               68721             49                0                 
  49    3.978705e-11   6.538707e-08   1.345359e-04   51        50        1         0         145375    235               69825             50                0                 
  50    3.785669e-11   6.391417e-08   1.635611e-04   52        51        1         0         147787    239               70950             51                0                 
  51    3.357443e-11   1.307191e-07   3.668613e-04   53        52        1         0         150181    243               72057             52                0                 
  52    2.515063e-11   2.254128e-07   7.943543e-04   54        53        1         0         152590    247               73179             53                0                 
  53    1.389496e-11   2.583499e-07   1.201435e-03   55        54        1         0         154936    251               74238             54                0                 
  54    1.128800e-11   2.571567e-07   6.452795e-04   57        55        2         0         159789    259               76524             55                0                 
  55    4.296877e-12   1.160202e-07   5.206410e-04   58        56        1         0         162147    263               77595             56                0                 
  56    2.915227e-12   2.988900e-08   5.161835e-05   59        57        1         0         164529    267               78690             57                0                 
  57    2.799779e-12   8.862595e-09   6.235166e-05   60        58        1         0         166977    271               79851             58                0                 
  58    2.777760e-12   1.052667e-08   2.045988e-05   61        59        1         0         169452    275               81039             59                0                 
  59    2.716197e-12   1.863480e-08   3.452158e-05   62        60        1         0         171906    279               82206             60                0                 
  60    2.600672e-12   2.802726e-08   3.523267e-05   63        61        1         0         174345    283               83358             61                0                 
  61    2.424482e-12   2.981935e-08   4.507152e-05   64        62        1         0         176784    287               84510             62                0                 
  62    2.262741e-12   1.535403e-08   9.420599e-05   65        63        1         0         179178    291               85617             63                0                 
  63    2.210653e-12   6.656708e-09   3.952333e-05   66        64        1         0         181626    295               86778             64                0                 
  64    2.189210e-12   8.120730e-09   2.170967e-05   67        65        1         0         184113    299               87978             65                0                 
  65    2.164439e-12   1.326642e-08   2.395186e-05   68        66        1         0         186582    303               89160             66                0                 
  66    2.128401e-12   1.795435e-08   2.675478e-05   69        67        1         0         189069    307               90360             67                0                 
  67    2.036380e-12   2.375158e-08   6.544589e-05   70        68        1         0         191553    311               91557             68                0                 
  68    1.912445e-12   2.266102e-08   9.505352e-05   71        69        1         0         194022    315               92739             69                0                 
  69    1.887251e-12   2.690103e-08   4.049827e-05   74        70        3         0         199596    325               95106             70                0                 
  70    1.778097e-12   1.270211e-08   7.994016e-05   75        71        1         0         202035    329               96258             71                0                 
  71    1.721954e-12   6.384533e-09   4.610801e-05   76        72        1         0         204501    333               97437             72                0                 
  72    1.677768e-12   1.285236e-08   3.479416e-05   77        73        1         0         206970    337               98619             73                0                 
  73    1.606031e-12   2.164161e-08   4.959506e-05   78        74        1         0         209424    341               99786             74                0                 
  74    1.423014e-12   3.486353e-08   1.321255e-04   79        75        1         0         211845    345               100920            75                0                 
  75    1.061407e-12   4.697689e-08   2.930979e-04   80        76        1         0         214275    349               102063            76                0                 
  76    5.413413e-13   4.541684e-08   4.925970e-04   81        77        1         0         216681    353               103182            77                0                 
  77    5.129451e-13   4.711575e-08   3.361259e-04   83        78        2         0         220677    360               104931            78                0                 
  78    1.301905e-13   1.444641e-08   1.646408e-04   84        79        1         0         223104    364               106071            79                0                 
  79    9.102101e-14   3.707233e-09   2.993269e-05   85        80        1         0         225600    368               107280            80                0                 
  80    8.693764e-14   7.096641e-10   2.201714e-05   86        81        1         0         228111    372               108504            81                0                 
Optimization Terminated with Status: Converged
The process took 887.785 seconds to run.
Total n_vmult for algorithm 228111
