Starting optimization with 640...
Optimizing FFD points to obtain target Gaussian bump...

Quasi-Newton Method with Limited-Memory BFGS
Line Search: Backtracking satisfying Null Curvature Condition
  iter  value          gnorm          snorm          #fval     #grad     ls_#fval  ls_#grad  n_vmult   dRdW_form         dRdW_mult         dRdX_mult         d2R_mult          
  0     1.460201e-03   3.788353e-03   
  1     1.458766e-03   3.785737e-03   3.788353e-04   2         2         1         0         229185    47                27889             13788             13760             
  2     1.232870e-03   3.634304e-03   6.650895e-02   3         3         1         0         231973    53                29590             13789             13760             
  3     9.366307e-04   2.898658e-03   9.726000e-02   4         4         1         0         234662    59                31192             13790             13760             
  4     7.791983e-04   2.556168e-03   6.012822e-02   5         5         1         0         237489    65                32932             13791             13760             
  5     6.507774e-04   2.323354e-03   5.736360e-02   6         6         1         0         240220    71                34576             13792             13760             
  6     5.352338e-04   2.085017e-03   5.939985e-02   7         7         1         0         242999    77                36268             13793             13760             
  7     4.181727e-04   1.753700e-03   6.680396e-02   8         8         1         0         245856    83                38038             13794             13760             
  8     3.396589e-04   1.559014e-03   5.220895e-02   9         9         1         0         248677    89                39772             13795             13760             
  9     2.789616e-04   1.416803e-03   4.647676e-02   10        10        1         0         250703    94                40891             13796             13760             
  10    2.127434e-04   1.237327e-03   5.800748e-02   11        11        1         0         252759    99                42040             13797             13760             
  11    1.727468e-04   1.070692e-03   3.940708e-02   12        12        1         0         254797    104               43171             13798             13760             
  12    1.428621e-04   9.797640e-04   3.404579e-02   13        13        1         0         256856    109               44323             13799             13760             
  13    1.171389e-04   8.404076e-04   3.285747e-02   14        14        1         0         258939    114               45499             13800             13760             
  14    9.565859e-05   7.635108e-04   3.134367e-02   15        15        1         0         261010    119               46663             13801             13760             
  15    7.813602e-05   6.639875e-04   2.881057e-02   16        16        1         0         263102    124               47848             13802             13760             
  16    6.342341e-05   5.984356e-04   2.743930e-02   17        17        1         0         265191    129               49030             13803             13760             
  17    5.108737e-05   5.288785e-04   2.648811e-02   18        18        1         0         267298    134               50230             13804             13760             
  18    4.013177e-05   4.574668e-04   2.613629e-02   19        19        1         0         269402    139               51427             13805             13760             
  19    3.192087e-05   4.088358e-04   2.285297e-02   20        20        1         0         271512    144               52630             13806             13760             
  20    2.540669e-05   3.556674e-04   2.033514e-02   21        21        1         0         273625    149               53836             13807             13760             
  21    2.043765e-05   3.151778e-04   1.769476e-02   22        22        1         0         275747    154               55051             13808             13760             
  22    1.646842e-05   2.827674e-04   1.614909e-02   23        23        1         0         277875    159               56272             13809             13760             
  23    1.309736e-05   2.452686e-04   1.549306e-02   24        24        1         0         280018    164               57508             13810             13760             
  24    1.052801e-05   2.204668e-04   1.334080e-02   25        25        1         0         282173    169               58756             13811             13760             
  25    8.509897e-06   1.941479e-04   1.186305e-02   26        26        1         0         284346    174               60022             13812             13760             
  26    6.863693e-06   1.740011e-04   1.083738e-02   27        27        1         0         286528    179               61297             13813             13760             
  27    5.527967e-06   1.536597e-04   9.986473e-03   28        28        1         0         288722    184               62584             13814             13760             
  28    4.431537e-06   1.365649e-04   9.186945e-03   29        29        1         0         290931    189               63886             13815             13760             
  29    3.540025e-06   1.209927e-04   8.550662e-03   30        30        1         0         293143    194               65191             13816             13760             
  30    2.823033e-06   1.065841e-04   7.712319e-03   31        31        1         0         295352    199               66493             13817             13760             
  31    2.275806e-06   9.508328e-05   6.683665e-03   32        32        1         0         297531    204               67765             13818             13760             
  32    1.845740e-06   8.459622e-05   5.913729e-03   33        33        1         0         299710    209               69037             13819             13760             
  33    1.498245e-06   7.563047e-05   5.371856e-03   34        34        1         0         301886    214               70306             13820             13760             
  34    1.211291e-06   6.727165e-05   5.032431e-03   35        35        1         0         304065    219               71578             13821             13760             
  35    9.669732e-07   5.952657e-05   4.837113e-03   36        36        1         0         306256    224               72862             13822             13760             
  36    7.718687e-07   5.237489e-05   4.378061e-03   37        37        1         0         308450    229               74149             13823             13760             
  37    6.295821e-07   4.691573e-05   3.595476e-03   38        38        1         0         310650    234               75442             13824             13760             
  38    5.184654e-07   4.151360e-05   3.141547e-03   39        39        1         0         312865    239               76750             13825             13760             
  39    4.285559e-07   3.766591e-05   2.859421e-03   40        40        1         0         315077    244               78055             13826             13760             
  40    3.555016e-07   3.306331e-05   2.585796e-03   41        41        1         0         317310    249               79381             13827             13760             
  41    2.972149e-07   2.977271e-05   2.316561e-03   42        42        1         0         319537    254               80701             13828             13760             
  42    2.505416e-07   2.645737e-05   2.073269e-03   43        43        1         0         321776    259               82033             13829             13760             
  43    2.128861e-07   2.373065e-05   1.871688e-03   44        44        1         0         324018    264               83368             13830             13760             
  44    1.827036e-07   2.120751e-05   1.677932e-03   45        45        1         0         326269    269               84712             13831             13760             
  45    1.583363e-07   1.901461e-05   1.514627e-03   46        46        1         0         328523    274               86059             13832             13760             
  46    1.387037e-07   1.702512e-05   1.364258e-03   47        47        1         0         330780    279               87409             13833             13760             
  47    1.228418e-07   1.526250e-05   1.231921e-03   48        48        1         0         333040    284               88762             13834             13760             
  48    1.100022e-07   1.367909e-05   1.115799e-03   49        49        1         0         335312    289               90127             13835             13760             
  49    9.950758e-08   1.223153e-05   1.021059e-03   50        50        1         0         337587    294               91495             13836             13760             
  50    9.061516e-08   1.092904e-05   9.836840e-04   51        51        1         0         339856    299               92857             13837             13760             
  51    8.274350e-08   9.589768e-06   9.800152e-04   52        52        1         0         342143    304               94237             13838             13760             
Optimization Terminated with Status: Converged
 Done target optimization...
 Resetting problem to initial conditions and target previous FFD points 
 and aim for machine precision functional value....
The process took 332.831 seconds to run.
Starting optimization with 640...

Newton-Krylov using GMRES with Limited-Memory BFGS preconditioning
Line Search: Backtracking satisfying Null Curvature Condition
-------------------------------------------------------------------------------------------------------------
Newton-Krylov status output definitions

  iter     - Number of iterates (steps taken) 
  value    - Objective function value 
  gnorm    - Norm of the gradient
  snorm    - Norm of the step (update to optimization vector)
  #fval    - Cumulative number of times the objective function was evaluated
  #grad    - Number of times the gradient was computed
  iterCG   - Number of Krylov iterations used to compute search direction
  flagCG   - Krylov solver flag
-------------------------------------------------------------------------------------------------------------
  iter  value          gnorm          snorm          #fval     #grad     iterCG    flagCG    ls_#fval  ls_#grad  n_vmult   dRdW_form         dRdW_mult         dRdX_mult         d2R_mult          
  0     1.450518e-03   3.778256e-03   
  1     1.737206e-05   3.377208e-04   9.055609e-01   2         2         81        0         1         0         71354     8                 66456             166               328               
  2     4.927804e-09   6.555644e-06   3.137831e-01   3         3         85        0         1         0         141426    14                131829            339               672               
  3     3.401173e-14   5.622082e-09   7.978877e-02   4         4         92        0         1         0         215947    19                201537            526               1044              
  4     2.899104e-18   4.175182e-13   1.866690e-02   5         5         101       0         1         0         296360    23                276939            731               1452              
Optimization Terminated with Status: Converged
The process took 431.355 seconds to run.
Total n_vmult for algorithm 296360
