Starting optimization with 640...
Optimizing FFD points to obtain target Gaussian bump...

Quasi-Newton Method with Limited-Memory BFGS
Line Search: Backtracking satisfying Null Curvature Condition
  iter  value          gnorm          snorm          #fval     #grad     ls_#fval  ls_#grad  n_vmult   dRdW_form         dRdW_mult         dRdX_mult         d2R_mult          
  0     1.446428e-03   3.737475e-03   
  1     1.445031e-03   3.734793e-03   3.737475e-04   2         2         1         0         189348    35                22552             11728             11700             
  2     1.206903e-03   7.246435e-03   8.616010e-02   3         3         1         0         191125    41                23842             11729             11700             
  3     1.021498e-03   5.874314e-03   5.673037e-02   4         4         1         0         192881    47                25111             11730             11700             
  4     8.923335e-04   5.611920e-03   4.730556e-02   5         5         1         0         194634    53                26377             11731             11700             
  5     7.591716e-04   4.728216e-03   5.256848e-02   6         6         1         0         196417    59                27673             11732             11700             
  6     6.405896e-04   4.338482e-03   5.389781e-02   7         7         1         0         198182    65                28951             11733             11700             
  7     5.387939e-04   3.839036e-03   5.156954e-02   8         8         1         0         199989    71                30271             11734             11700             
  8     4.518076e-04   3.448561e-03   4.968202e-02   9         9         1         0         201751    77                31546             11735             11700             
  9     3.781691e-04   3.082566e-03   4.695699e-02   10        10        1         0         203546    83                32854             11736             11700             
  10    3.153530e-04   2.760831e-03   4.512625e-02   11        11        1         0         205305    89                34126             11737             11700             
  11    2.614500e-04   2.456771e-03   4.317907e-02   12        12        1         0         207115    95                35449             11738             11700             
  12    2.159524e-04   2.187108e-03   4.119027e-02   13        13        1         0         208907    101               36754             11739             11700             
  13    1.784764e-04   1.947499e-03   3.800328e-02   14        14        1         0         210744    107               38104             11740             11700             
  14    1.451541e-04   1.723799e-03   3.846008e-02   15        15        1         0         212569    113               39442             11741             11700             
  15    1.170355e-04   1.500230e-03   3.617515e-02   16        16        1         0         214412    119               40798             11742             11700             
  16    9.703164e-05   1.337173e-03   2.934697e-02   17        17        1         0         216255    125               42154             11743             11700             
  17    8.094440e-05   1.187801e-03   2.630688e-02   18        18        1         0         218083    131               43495             11744             11700             
  18    6.762081e-05   1.060428e-03   2.443739e-02   19        19        1         0         219929    137               44854             11745             11700             
  19    5.650479e-05   9.414907e-04   2.272296e-02   20        20        1         0         221784    143               46222             11746             11700             
  20    4.717569e-05   8.393062e-04   2.135719e-02   21        21        1         0         223657    149               47608             11747             11700             
  21    3.930988e-05   7.428681e-04   2.010912e-02   22        22        1         0         225536    155               49000             11748             11700             
  22    3.257225e-05   6.586109e-04   1.934129e-02   23        23        1         0         227427    161               50404             11749             11700             
  23    2.664603e-05   5.766412e-04   1.917944e-02   24        24        1         0         229327    167               51817             11750             11700             
  24    2.171436e-05   5.009365e-04   1.788356e-02   25        25        1         0         231224    173               53227             11751             11700             
  25    1.793642e-05   4.414320e-04   1.550515e-02   26        26        1         0         233127    179               54643             11752             11700             
  26    1.488036e-05   3.858349e-04   1.403123e-02   27        27        1         0         235036    185               56065             11753             11700             
  27    1.234765e-05   3.409349e-04   1.305190e-02   28        28        1         0         236954    191               57496             11754             11700             
  28    1.021608e-05   2.958019e-04   1.232557e-02   29        29        1         0         238884    197               58939             11755             11700             
  29    8.424857e-06   2.597212e-04   1.159145e-02   30        30        1         0         240826    203               60394             11756             11700             
  30    6.942475e-06   2.247874e-04   1.083379e-02   31        31        1         0         242777    209               61858             11757             11700             
  31    5.730914e-06   1.957769e-04   9.867608e-03   32        32        1         0         244734    215               63328             11758             11700             
  32    4.751465e-06   1.709158e-04   8.991696e-03   33        33        1         0         246703    221               64810             11759             11700             
  33    3.945453e-06   1.481260e-04   8.242902e-03   34        34        1         0         248678    227               66298             11760             11700             
  34    3.283015e-06   1.294831e-04   7.598339e-03   35        35        1         0         250650    233               67783             11761             11700             
  35    2.736996e-06   1.119827e-04   6.988966e-03   36        36        1         0         251963    238               68689             11762             11700             
  36    2.286964e-06   9.781958e-05   6.441658e-03   37        37        1         0         253282    243               69601             11763             11700             
  37    1.915222e-06   8.468891e-05   5.943803e-03   38        38        1         0         254601    248               70513             11764             11700             
  38    1.607513e-06   7.400309e-05   5.492442e-03   39        39        1         0         255929    253               71434             11765             11700             
  39    1.352384e-06   6.420340e-05   5.094451e-03   40        40        1         0         257257    258               72355             11766             11700             
  40    1.139725e-06   5.611933e-05   4.742246e-03   41        41        1         0         258588    263               73279             11767             11700             
  41    9.570741e-07   4.880067e-05   4.613709e-03   42        42        1         0         259931    268               74215             11768             11700             
  42    7.891413e-07   4.129463e-05   4.768064e-03   43        43        1         0         261277    273               75154             11769             11700             
  43    6.659944e-07   3.534530e-05   3.957755e-03   44        44        1         0         262623    278               76093             11770             11700             
  44    5.745541e-07   3.083424e-05   3.333951e-03   45        45        1         0         263984    283               77047             11771             11700             
  45    5.010919e-07   2.694366e-05   2.988302e-03   46        46        1         0         265345    288               78001             11772             11700             
  46    4.409452e-07   2.363092e-05   2.760222e-03   47        47        1         0         266727    293               78976             11773             11700             
  47    3.920412e-07   2.076031e-05   2.504673e-03   48        48        1         0         268088    298               79930             11774             11700             
  48    3.526881e-07   1.817979e-05   2.271166e-03   49        49        1         0         269482    303               80917             11775             11700             
  49    3.209592e-07   1.616869e-05   2.050411e-03   50        50        1         0         270855    308               81883             11776             11700             
  50    2.946504e-07   1.408498e-05   1.920992e-03   51        51        1         0         272297    313               82918             11777             11700             
  51    2.733856e-07   1.239123e-05   1.733842e-03   52        52        1         0         273679    318               83893             11778             11700             
  52    2.567195e-07   1.102282e-05   1.549097e-03   53        53        1         0         275121    323               84928             11779             11700             
  53    2.437255e-07   9.656540e-06   1.339913e-03   54        54        1         0         276524    328               85924             11780             11700             
Optimization Terminated with Status: Converged
 Done target optimization...
 Resetting problem to initial conditions and target previous FFD points 
 and aim for machine precision functional value....
The process took 97.7185 seconds to run.
Starting optimization with 640...

Newton-Krylov using GMRES with Limited-Memory BFGS preconditioning
Line Search: Backtracking satisfying Null Curvature Condition
-------------------------------------------------------------------------------------------------------------
Newton-Krylov status output definitions

  iter     - Number of iterates (steps taken) 
  value    - Objective function value 
  gnorm    - Norm of the gradient
  snorm    - Norm of the step (update to optimization vector)
  #fval    - Cumulative number of times the objective function was evaluated
  #grad    - Number of times the gradient was computed
  iterCG   - Number of Krylov iterations used to compute search direction
  flagCG   - Krylov solver flag
-------------------------------------------------------------------------------------------------------------
  iter  value          gnorm          snorm          #fval     #grad     iterCG    flagCG    ls_#fval  ls_#grad  n_vmult   dRdW_form         dRdW_mult         dRdX_mult         d2R_mult          
  0     1.440485e-03   3.731747e-03   
  1     1.512047e-05   2.833527e-04   5.858433e+00   2         2         80        0         1         0         57933     8                 53877             164               324               
  2     4.523063e-09   7.850229e-06   6.164515e+00   3         3         83        0         1         0         114262    14                106191            333               660               
  3     2.046966e-13   3.541287e-08   1.156527e+00   4         4         85        0         1         0         170610    19                158520            506               1004              
  4     2.555416e-16   4.223152e-12   1.171967e-01   5         5         88        0         1         0         227757    23                211602            685               1360              
Optimization Terminated with Status: Converged
The process took 38.4683 seconds to run.
Total n_vmult for algorithm 227757
