Starting optimization with 40...
Optimizing FFD points to obtain target Gaussian bump...

Quasi-Newton Method with Limited-Memory BFGS
Line Search: Backtracking satisfying Null Curvature Condition
  iter  value          gnorm          snorm          #fval     #grad     ls_#fval  ls_#grad  n_vmult   dRdW_form         dRdW_mult         dRdX_mult         d2R_mult          
  0     1.460201e-03   7.437042e-03   
  1     1.454677e-03   7.419454e-03   7.437042e-04   2         2         1         0         80206     64                65655             149               284               
  2     1.229206e-03   6.686226e-03   3.222978e-02   3         3         1         0         82964     70                67326             150               284               
  3     1.038176e-03   6.024536e-03   3.082216e-02   4         4         1         0         85731     76                69006             151               284               
  4     8.753824e-04   5.422619e-03   2.981558e-02   5         5         1         0         88504     82                70692             152               284               
  5     7.374359e-04   4.876816e-03   2.877725e-02   6         6         1         0         91292     88                72393             153               284               
  6     6.210556e-04   4.382924e-03   2.770169e-02   7         7         1         0         94104     94                74118             154               284               
  7     5.232121e-04   3.936632e-03   2.659550e-02   8         8         1         0         96931     100               75858             155               284               
  8     4.411801e-04   3.533723e-03   2.547330e-02   9         9         1         0         99767     106               77607             156               284               
  9     3.725532e-04   3.170194e-03   2.435197e-02   10        10        1         0         102627    112               79380             157               284               
  10    3.152355e-04   2.842313e-03   2.324745e-02   11        11        1         0         105499    118               81165             158               284               
  11    2.674214e-04   2.546647e-03   2.217331e-02   12        12        1         0         107510    123               82269             159               284               
  12    2.275675e-04   2.280057e-03   2.114018e-02   13        13        1         0         109530    128               83382             160               284               
  13    1.943634e-04   2.039694e-03   2.015598e-02   14        14        1         0         111550    133               84495             161               284               
  14    1.667023e-04   1.822973e-03   1.922623e-02   15        15        1         0         113573    138               85611             162               284               
  15    1.436529e-04   1.627559e-03   1.835453e-02   16        16        1         0         115620    143               86751             163               284               
  16    1.244347e-04   1.451339e-03   1.754300e-02   17        17        1         0         117670    148               87894             164               284               
  17    1.083952e-04   1.292410e-03   1.679269e-02   18        18        1         0         119720    153               89037             165               284               
  18    9.499035e-05   1.149053e-03   1.610386e-02   19        19        1         0         121770    158               90180             166               284               
  19    8.376732e-05   1.019720e-03   1.547626e-02   20        20        1         0         123820    163               91323             167               284               
  20    7.435005e-05   9.030163e-04   1.490928e-02   21        21        1         0         125876    168               92472             168               284               
  21    6.642659e-05   7.976908e-04   1.440219e-02   22        22        1         0         127932    173               93621             169               284               
  22    5.973848e-05   7.026207e-04   1.395421e-02   23        23        1         0         129988    178               94770             170               284               
  23    5.407185e-05   6.168028e-04   1.356461e-02   24        24        1         0         132041    183               95916             171               284               
  24    4.924979e-05   5.393450e-04   1.323287e-02   25        25        1         0         134091    188               97059             172               284               
  25    4.512604e-05   4.694596e-04   1.295871e-02   26        26        1         0         136147    193               98208             173               284               
  26    4.157970e-05   4.064587e-04   1.274220e-02   27        27        1         0         138212    198               99366             174               284               
  27    3.851079e-05   3.497522e-04   1.258385e-02   28        28        1         0         140280    203               100527            175               284               
  28    3.583659e-05   2.988495e-04   1.248470e-02   29        29        1         0         142351    208               101691            176               284               
  29    3.348854e-05   2.533666e-04   1.244641e-02   30        30        1         0         144446    213               102879            177               284               
  30    3.140972e-05   2.130399e-04   1.247144e-02   31        31        1         0         146556    218               104082            178               284               
  31    2.955270e-05   1.777505e-04   1.256319e-02   32        32        1         0         148663    223               105282            179               284               
  32    2.787781e-05   1.475595e-04   1.272631e-02   33        33        1         0         150770    228               106482            180               284               
  33    2.635162e-05   1.227417e-04   1.296715e-02   34        34        1         0         152892    233               107697            181               284               
  34    2.494565e-05   1.037641e-04   1.329449e-02   35        35        1         0         155017    238               108915            182               284               
  35    2.363531e-05   9.108193e-05   1.372078e-02   36        36        1         0         157121    243               110112            183               284               
  36    2.239876e-05   8.465233e-05   1.426422e-02   37        37        1         0         159228    248               111312            184               284               
  37    2.121596e-05   8.347122e-05   1.495226e-02   38        38        1         0         161344    253               112521            185               284               
  38    2.006752e-05   8.574563e-05   1.582738e-02   39        39        1         0         163472    258               113742            186               284               
  39    1.893347e-05   8.957773e-05   1.695635e-02   40        40        1         0         165594    263               114957            187               284               
  40    1.779186e-05   9.345865e-05   1.844375e-02   41        41        1         0         167725    268               116181            188               284               
  41    1.661780e-05   9.632582e-05   2.046675e-02   42        42        1         0         169862    273               117411            189               284               
  42    1.535717e-05   1.472244e-04   2.959620e-02   43        43        1         0         171984    278               118626            190               284               
  43    1.438019e-05   1.416187e-04   2.014323e-02   44        44        1         0         174076    283               119811            191               284               
  44    1.348821e-05   1.354453e-04   1.969895e-02   45        45        1         0         176222    288               121050            192               284               
  45    1.259582e-05   1.287426e-04   2.120851e-02   46        46        1         0         178371    293               122292            193               284               
  46    1.158569e-05   1.351949e-04   2.945236e-02   47        47        1         0         180481    298               123495            194               284               
  47    1.086542e-05   1.258707e-04   2.060484e-02   48        48        1         0         182633    303               124740            195               284               
  48    1.025782e-05   1.177287e-04   1.877109e-02   49        49        1         0         184776    308               125976            196               284               
  49    9.680102e-06   1.088361e-04   1.907708e-02   50        50        1         0         186964    313               127257            197               284               
  50    9.104870e-06   1.010329e-04   2.087515e-02   51        51        1         0         189149    318               128535            198               284               
  51    8.521827e-06   8.920109e-05   2.291413e-02   52        52        1         0         191298    323               129777            199               284               
  52    8.109992e-06   8.145246e-05   1.793356e-02   53        53        1         0         193483    328               131055            200               284               
  53    7.753375e-06   7.333057e-05   1.663504e-02   54        54        1         0         195686    333               132351            201               284               
  54    7.422012e-06   6.670988e-05   1.664156e-02   55        55        1         0         197874    338               133632            202               284               
  55    7.090576e-06   5.766878e-05   1.817522e-02   56        56        1         0         200107    343               134958            203               284               
  56    6.801030e-06   5.052325e-05   1.707095e-02   57        57        1         0         202301    348               136245            204               284               
  57    6.559300e-06   4.451167e-05   1.549207e-02   58        58        1         0         204501    353               137538            205               284               
  58    6.326986e-06   3.807658e-05   1.588329e-02   59        59        1         0         206749    358               138879            206               284               
  59    6.108368e-06   3.297275e-05   1.604753e-02   60        60        1         0         208934    363               140157            207               284               
  60    5.908724e-06   2.798705e-05   1.569853e-02   61        61        1         0         211161    368               141477            208               284               
  61    5.725211e-06   2.443968e-05   1.523568e-02   62        62        1         0         213364    373               142773            209               284               
  62    5.548588e-06   2.188176e-05   1.544349e-02   63        63        1         0         215579    378               144081            210               284               
  63    5.370767e-06   2.046165e-05   1.623643e-02   64        64        1         0         217818    383               145413            211               284               
  64    5.184668e-06   2.067746e-05   1.795571e-02   65        65        1         0         220006    388               146694            212               284               
  65    4.984238e-06   2.212659e-05   2.052692e-02   66        66        1         0         222221    393               148002            213               284               
  66    4.814418e-06   2.399862e-05   1.835175e-02   67        67        1         0         224430    398               149304            214               284               
  67    4.652152e-06   2.660645e-05   1.812010e-02   68        68        1         0         226648    403               150615            215               284               
  68    4.484170e-06   2.869736e-05   1.913225e-02   69        69        1         0         228854    408               151914            216               284               
  69    4.307454e-06   3.143785e-05   2.062525e-02   70        70        1         0         231117    413               153270            217               284               
  70    4.117027e-06   3.294383e-05   2.296363e-02   71        71        1         0         233272    418               154518            218               284               
  71    3.898504e-06   3.524141e-05   2.822167e-02   72        72        1         0         235463    423               155802            219               284               
  72    3.732344e-06   3.648940e-05   2.258086e-02   73        73        1         0         237726    428               157158            220               284               
  73    3.582600e-06   3.625749e-05   2.092883e-02   74        74        1         0         239983    433               158508            221               284               
  74    3.431164e-06   3.738421e-05   2.196830e-02   75        75        1         0         242243    438               159861            222               284               
  75    3.292626e-06   3.560520e-05   2.101208e-02   76        76        1         0         244467    443               161178            223               284               
  76    3.160966e-06   3.543642e-05   2.105466e-02   77        77        1         0         246739    448               162543            224               284               
  77    3.055602e-06   3.372964e-05   1.757827e-02   78        78        1         0         248960    453               163857            225               284               
  78    2.967365e-06   3.220470e-05   1.506461e-02   79        79        1         0         251235    458               165225            226               284               
  79    2.886525e-06   3.027540e-05   1.414007e-02   80        80        1         0         253504    463               166587            227               284               
  80    2.813638e-06   2.818972e-05   1.311197e-02   81        81        1         0         255779    468               167955            228               284               
  81    2.748895e-06   2.597357e-05   1.210815e-02   82        82        1         0         258003    473               169272            229               284               
  82    2.691208e-06   2.377486e-05   1.121418e-02   83        83        1         0         260302    478               170664            230               284               
  83    2.639652e-06   2.148220e-05   1.051435e-02   84        84        1         0         262565    483               172020            231               284               
  84    2.593465e-06   1.926483e-05   9.912276e-03   85        85        1         0         264849    488               173397            232               284               
  85    2.551761e-06   1.702240e-05   9.482800e-03   86        86        1         0         267118    493               174759            233               284               
  86    2.514129e-06   1.484866e-05   9.094454e-03   87        87        1         0         269405    498               176139            234               284               
  87    2.480782e-06   1.278139e-05   8.578524e-03   88        88        1         0         271710    503               177537            235               284               
  88    2.451041e-06   1.084172e-05   8.133754e-03   89        89        1         0         274006    508               178926            236               284               
  89    2.423879e-06   9.037850e-06   7.881721e-03   90        90        1         0         276335    513               180348            237               284               
Optimization Terminated with Status: Converged
 Done target optimization...
 Resetting problem to initial conditions and target previous FFD points 
 and aim for machine precision functional value....
The process took 318.976 seconds to run.
********************************************************
Biros and Ghattas Full-space method...with P2 preconditioner
Using 9040 design variables: 9000 simulation variables and 40 control variables.
Line Search: Backtracking satisfying Null Curvature Condition
********************************************************
Iteration         Func. val.        ||Lagr. grad.||   ||Constraint||    ||Search dir||    search_ctl_norm   search_sim_norm   search_adj_norm   n_kkt_iter        n_linesearches    n_grad            n_vmult           dRdW_form         dRdW_mult         dRdX_mult         d2R_mult          
1                 7.52714e-06       0.00513496        0.0219279         7.39605           4.58929           3.5119            4.6159            36                1                 0                 30930             2                 28456             154               148               
2                 3.44124e-07       0.000177431       0.000534738       2.52537           2.42706           0.296451          0.631644          30                1                 0                 55477             3                 51052             283               272               
3                 1.6343e-10        1.93473e-05       2.32382e-05       2.1022            2.09505           0.0679401         0.159336          36                1                 0                 84875             4                 78163             436               420               
4                 1.59843e-14       9.59749e-09       4.46325e-09       0.107124          0.1069            0.0014936         0.00675831        38                1                 0                 115856            5                 106745            597               576               
5                 4.54653e-15       4.23832e-13       1.38621e-11       0.00953445        0.00953444        1.31804e-05       5.14411e-06       41                1                 0                 149072            6                 137394            770               744               
Optimization Terminated with Status: Converged
The process took 310.041 seconds to run.
Total n_vmult for algorithm 149072
