Starting optimization with 100...
Optimizing FFD points to obtain target Gaussian bump...

Quasi-Newton Method with Limited-Memory BFGS
Line Search: Backtracking satisfying Null Curvature Condition
  iter  value          gnorm          snorm          #fval     #grad     ls_#fval  ls_#grad  n_vmult   dRdW_form         dRdW_mult         dRdX_mult         d2R_mult          
  0     1.446428e-03   6.075515e-03   
  1     1.442739e-03   6.067075e-03   6.075515e-04   2         2         1         0         108951    52                98610             299               584               
  2     1.184243e-03   5.482658e-03   4.572498e-02   3         3         1         0         110689    58                99861             300               584               
  3     9.318772e-04   4.805199e-03   5.130556e-02   4         4         1         0         112463    64                101148            301               584               
  4     7.456481e-04   4.260754e-03   4.129987e-02   5         5         1         0         114210    70                102408            302               584               
  5     6.108985e-04   3.836491e-03   3.361079e-02   6         6         1         0         115963    76                103674            303               584               
  6     5.008289e-04   3.454320e-03   3.052694e-02   7         7         1         0         117716    82                104940            304               584               
  7     4.103079e-04   3.112247e-03   2.800413e-02   8         8         1         0         119460    88                106197            305               584               
  8     3.352347e-04   2.800737e-03   2.596978e-02   9         9         1         0         121222    94                107472            306               584               
  9     2.690852e-04   2.503215e-03   2.624989e-02   10        10        1         0         123002    100               108765            307               584               
  10    2.108973e-04   2.200025e-03   2.551043e-02   11        11        1         0         124770    106               110046            308               584               
  11    1.696943e-04   1.966066e-03   2.029419e-02   12        12        1         0         126547    112               111336            309               584               
  12    1.379291e-04   1.764897e-03   1.741956e-02   13        13        1         0         128336    118               112638            310               584               
  13    1.124160e-04   1.587707e-03   1.559467e-02   14        14        1         0         130122    124               113937            311               584               
  14    9.172995e-05   1.428496e-03   1.405495e-02   15        15        1         0         131920    130               115248            312               584               
  15    7.489728e-05   1.285993e-03   1.273177e-02   16        16        1         0         133721    136               116562            313               584               
  16    6.118539e-05   1.157494e-03   1.153185e-02   17        17        1         0         135525    142               117879            314               584               
  17    5.001205e-05   1.042079e-03   1.045948e-02   18        18        1         0         137344    148               119211            315               584               
  18    4.090854e-05   9.379853e-04   9.479786e-03   19        19        1         0         139181    154               120561            316               584               
  19    3.349322e-05   8.443887e-04   8.596915e-03   20        20        1         0         141024    160               121917            317               584               
  20    2.745504e-05   7.599933e-04   7.791296e-03   21        21        1         0         142867    166               123273            318               584               
  21    2.253981e-05   6.840773e-04   7.064052e-03   22        22        1         0         144716    172               124635            319               584               
  22    1.853998e-05   6.156415e-04   6.401971e-03   23        23        1         0         146595    178               126027            320               584               
  23    1.528598e-05   5.540702e-04   5.804429e-03   24        24        1         0         148483    184               127428            321               584               
  24    1.263940e-05   4.985759e-04   5.261683e-03   25        25        1         0         150377    190               128835            322               584               
  25    1.048730e-05   4.486431e-04   4.772317e-03   26        26        1         0         152247    196               130218            323               584               
  26    8.737592e-06   4.036434e-04   4.328816e-03   27        27        1         0         154156    202               131640            324               584               
  27    7.315188e-06   3.631500e-04   3.929496e-03   28        28        1         0         156074    208               133071            325               584               
  28    6.158941e-06   3.266584e-04   3.568422e-03   29        29        1         0         157998    214               134508            326               584               
  29    5.219049e-06   2.938178e-04   3.243909e-03   30        30        1         0         159302    219               135405            327               584               
  30    4.454986e-06   2.642212e-04   2.951211e-03   31        31        1         0         160609    224               136305            328               584               
  31    3.833775e-06   2.375815e-04   2.688764e-03   32        32        1         0         161922    229               137211            329               584               
  32    3.328603e-06   2.135697e-04   2.452752e-03   33        33        1         0         163238    234               138120            330               584               
  33    2.917668e-06   1.919517e-04   2.241782e-03   34        34        1         0         164560    239               139035            331               584               
  34    2.583252e-06   1.724606e-04   2.052774e-03   35        35        1         0         165888    244               139956            332               584               
  35    2.310959e-06   1.549063e-04   1.884517e-03   36        36        1         0         167216    249               140877            333               584               
  36    2.089095e-06   1.390716e-04   1.734521e-03   37        37        1         0         168547    254               141801            334               584               
  37    1.908163e-06   1.248023e-04   1.601744e-03   38        38        1         0         169881    259               142728            335               584               
  38    1.760452e-06   1.119217e-04   1.484178e-03   39        39        1         0         171221    264               143661            336               584               
  39    1.639702e-06   1.003048e-04   1.380925e-03   40        40        1         0         172564    269               144597            337               584               
  40    1.540831e-06   8.980710e-05   1.290376e-03   41        41        1         0         173907    274               145533            338               584               
  41    1.459713e-06   8.032772e-05   1.211762e-03   42        42        1         0         175256    279               146475            339               584               
  42    1.393001e-06   7.174837e-05   1.143813e-03   43        43        1         0         176611    284               147423            340               584               
  43    1.337977e-06   6.398754e-05   1.085883e-03   44        44        1         0         177966    289               148371            341               584               
  44    1.292436e-06   5.694817e-05   1.037010e-03   45        45        1         0         179324    294               149322            342               584               
  45    1.254585e-06   5.056473e-05   9.966870e-04   46        46        1         0         180685    299               150276            343               584               
  46    1.222971e-06   4.475748e-05   9.642523e-04   47        47        1         0         182052    304               151236            344               584               
  47    1.196411e-06   3.947425e-05   9.393744e-04   48        48        1         0         183422    309               152199            345               584               
  48    1.173942e-06   3.464984e-05   9.217080e-04   49        49        1         0         184798    314               153168            346               584               
  49    1.154782e-06   3.024400e-05   9.111517e-04   50        50        1         0         186177    319               154140            347               584               
  50    1.138292e-06   2.620483e-05   9.077109e-04   51        51        1         0         187562    324               155118            348               584               
  51    1.123948e-06   2.250463e-05   9.115847e-04   52        52        1         0         188950    329               156099            349               584               
  52    1.111322e-06   1.910707e-05   9.231766e-04   53        53        1         0         190344    334               157086            350               584               
  53    1.100056e-06   1.600373e-05   9.430714e-04   54        54        1         0         191741    339               158076            351               584               
  54    1.089857e-06   1.318779e-05   9.721286e-04   55        55        1         0         193141    344               159069            352               584               
  55    1.080476e-06   1.070025e-05   1.011416e-03   56        56        1         0         194541    349               160062            353               584               
  56    1.071699e-06   8.625682e-06   1.062308e-03   57        57        1         0         195947    354               161061            354               584               
Optimization Terminated with Status: Converged
 Done target optimization...
 Resetting problem to initial conditions and target previous FFD points 
 and aim for machine precision functional value....
The process took 47.1841 seconds to run.
********************************************************
Biros and Ghattas Full-space method...with P2 preconditioner
Using 4100 design variables: 4000 simulation variables and 100 control variables.
Line Search: Backtracking satisfying Null Curvature Condition
********************************************************
Iteration         Func. val.        ||Lagr. grad.||   ||Constraint||    ||Search dir||    search_ctl_norm   search_sim_norm   search_adj_norm   n_kkt_iter        n_linesearches    n_grad            n_vmult           dRdW_form         dRdW_mult         dRdX_mult         d2R_mult          
1                 7.63098e-06       0.00333294        0.0240365         9.11895           8.29957           2.43594           2.88766           60                1                 0                 42184             2                 38566             250               244               
2                 1.05031e-07       6.42477e-05       0.000351353       6.89847           6.88747           0.188516          0.340778          44                1                 0                 72090             3                 65837             435               424               
3                 2.92949e-11       2.21941e-06       7.81669e-06       1.40982           1.40894           0.0246799         0.043278          61                1                 0                 113764            4                 103924            688               672               
4                 3.6595e-14        3.36323e-10       1.10259e-09       0.142143          0.142139          0.000411504       0.000947064       60                1                 0                 153232            5                 139861            937               916               
Optimization Terminated with Status: Converged
The process took 28.7269 seconds to run.
Total n_vmult for algorithm 153232
