Starting optimization with 100...
Optimizing FFD points to obtain target Gaussian bump...

Quasi-Newton Method with Limited-Memory BFGS
Line Search: Backtracking satisfying Null Curvature Condition
  iter  value          gnorm          snorm          #fval     #grad     ls_#fval  ls_#grad  n_vmult   dRdW_form         dRdW_mult         dRdX_mult         d2R_mult          
  0     1.460201e-03   6.160113e-03   
  1     1.456409e-03   6.151386e-03   6.160113e-04   2         2         1         0         244682    47                220010            1172              1144              
  2     1.201686e-03   5.542712e-03   4.364043e-02   3         3         1         0         247389    53                221630            1173              1144              
  3     9.916050e-04   4.998243e-03   4.004585e-02   4         4         1         0         250111    59                223265            1174              1144              
  4     8.168373e-04   4.506230e-03   3.707607e-02   5         5         1         0         252830    65                224897            1175              1144              
  5     6.719206e-04   4.061868e-03   3.420563e-02   6         6         1         0         255579    71                226559            1176              1144              
  6     5.520407e-04   3.661019e-03   3.148229e-02   7         7         1         0         258340    77                228233            1177              1144              
  7     4.530564e-04   3.299156e-03   2.890007e-02   8         8         1         0         261134    83                229940            1178              1144              
  8     3.714417e-04   2.972881e-03   2.649949e-02   9         9         1         0         263964    89                231683            1179              1144              
  9     3.042168e-04   2.678060e-03   2.425526e-02   10        10        1         0         266821    95                233453            1180              1144              
  10    2.488671e-04   2.412101e-03   2.222253e-02   11        11        1         0         268841    100               234566            1181              1144              
  11    2.032754e-04   2.170866e-03   2.035727e-02   12        12        1         0         270852    105               235670            1182              1144              
  12    1.656734e-04   1.952550e-03   1.873539e-02   13        13        1         0         272884    110               236795            1183              1144              
  13    1.346571e-04   1.753219e-03   1.722082e-02   14        14        1         0         274916    115               237920            1184              1144              
  14    1.092170e-04   1.573335e-03   1.577947e-02   15        15        1         0         276957    120               239054            1185              1144              
  15    8.858592e-05   1.411282e-03   1.423289e-02   16        16        1         0         279010    125               240200            1186              1144              
  16    7.198078e-05   1.267519e-03   1.276412e-02   17        17        1         0         281078    130               241361            1187              1144              
  17    5.861190e-05   1.139142e-03   1.141918e-02   18        18        1         0         283149    135               242525            1188              1144              
  18    4.780831e-05   1.024701e-03   1.027232e-02   19        19        1         0         285208    140               243677            1189              1144              
  19    3.904988e-05   9.219529e-04   9.257471e-03   20        20        1         0         287291    145               244853            1190              1144              
  20    3.193519e-05   8.297815e-04   8.370023e-03   21        21        1         0         289359    150               246014            1191              1144              
  21    2.615004e-05   7.468093e-04   7.570622e-03   22        22        1         0         291454    155               247202            1192              1144              
  22    2.144404e-05   6.721948e-04   6.856377e-03   23        23        1         0         293552    160               248393            1193              1144              
  23    1.761560e-05   6.049848e-04   6.209024e-03   24        24        1         0         295662    165               249596            1194              1144              
  24    1.450132e-05   5.444941e-04   5.626366e-03   25        25        1         0         297775    170               250802            1195              1144              
  25    1.196826e-05   4.900001e-04   5.098465e-03   26        26        1         0         299897    175               252017            1196              1144              
  26    9.908061e-06   4.409344e-04   4.623416e-03   27        27        1         0         302019    180               253232            1197              1144              
  27    8.231930e-06   3.967032e-04   4.196110e-03   28        28        1         0         304150    185               254456            1198              1144              
  28    6.866179e-06   3.567942e-04   3.820681e-03   29        29        1         0         306281    190               255680            1199              1144              
  29    5.747256e-06   3.205275e-04   3.507959e-03   30        30        1         0         308421    195               256913            1200              1144              
  30    4.818615e-06   2.871405e-04   3.282424e-03   31        31        1         0         310552    200               258137            1201              1144              
  31    4.046023e-06   2.560833e-04   3.076330e-03   32        32        1         0         312698    205               259376            1202              1144              
  32    3.430744e-06   2.284648e-04   2.748554e-03   33        33        1         0         314853    210               260624            1203              1144              
  33    2.952032e-06   2.045142e-04   2.399592e-03   34        34        1         0         317017    215               261881            1204              1144              
  34    2.573223e-06   1.834718e-04   2.133208e-03   35        35        1         0         319193    220               263150            1205              1144              
  35    2.268904e-06   1.647259e-04   1.927785e-03   36        36        1         0         321372    225               264422            1206              1144              
  36    2.022519e-06   1.479195e-04   1.759044e-03   37        37        1         0         323560    230               265703            1207              1144              
  37    1.822254e-06   1.328009e-04   1.614743e-03   38        38        1         0         325757    235               266993            1208              1144              
  38    1.659103e-06   1.191808e-04   1.489233e-03   39        39        1         0         327960    240               268289            1209              1144              
  39    1.525959e-06   1.068980e-04   1.379406e-03   40        40        1         0         330169    245               269591            1210              1144              
  40    1.417126e-06   9.581363e-05   1.283332e-03   41        41        1         0         332384    250               270899            1211              1144              
  41    1.328008e-06   8.580366e-05   1.199584e-03   42        42        1         0         334608    255               272216            1212              1144              
  42    1.254882e-06   7.675725e-05   1.127005e-03   43        43        1         0         336832    260               273533            1213              1144              
  43    1.194731e-06   6.857454e-05   1.064614e-03   44        44        1         0         339047    265               274841            1214              1144              
  44    1.145106e-06   6.116559e-05   1.011552e-03   45        45        1         0         341229    270               276116            1215              1144              
  45    1.104021e-06   5.444930e-05   9.670809e-04   46        46        1         0         343462    275               277442            1216              1144              
  46    1.069862e-06   4.835250e-05   9.305667e-04   47        47        1         0         345704    280               278777            1217              1144              
  47    1.041318e-06   4.280929e-05   9.014943e-04   48        48        1         0         347955    285               280121            1218              1144              
  48    1.017326e-06   3.776040e-05   8.794663e-04   49        49        1         0         350209    290               281468            1219              1144              
  49    9.970179e-07   3.315280e-05   8.642181e-04   50        50        1         0         352469    295               282821            1220              1144              
  50    9.796891e-07   2.893941e-05   8.556261e-04   51        51        1         0         354732    300               284177            1221              1144              
  51    9.647634e-07   2.507923e-05   8.537237e-04   52        52        1         0         356998    305               285536            1222              1144              
  52    9.517692e-07   2.153776e-05   8.587152e-04   53        53        1         0         359267    310               286898            1223              1144              
  53    9.403192e-07   1.828849e-05   8.709934e-04   54        54        1         0         361539    315               288263            1224              1144              
  54    9.300928e-07   1.531583e-05   8.911570e-04   55        55        1         0         363811    320               289628            1225              1144              
  55    9.208231e-07   1.262163e-05   9.200318e-04   56        56        1         0         366083    325               290993            1226              1144              
  56    9.122850e-07   1.023856e-05   9.586898e-04   57        57        1         0         368352    330               292355            1227              1144              
  57    9.042858e-07   8.257030e-06   1.008470e-03   58        58        1         0         370618    335               293714            1228              1144              
Optimization Terminated with Status: Converged
 Done target optimization...
 Resetting problem to initial conditions and target previous FFD points 
 and aim for machine precision functional value....
The process took 322.278 seconds to run.
********************************************************
Biros and Ghattas Full-space method...with P2A preconditioner
Using 9100 design variables: 9000 simulation variables and 100 control variables.
Line Search: Backtracking satisfying Null Curvature Condition
********************************************************
Iteration         Func. val.        ||Lagr. grad.||   ||Constraint||    ||Search dir||    search_ctl_norm   search_sim_norm   search_adj_norm   n_kkt_iter        n_linesearches    n_grad            n_vmult           dRdW_form         dRdW_mult         dRdX_mult         d2R_mult          
1                 6.602e-06         0.00532714        0.0223464         9.09616           7.00683           3.51696           4.61254           509               1                 0                 32428             2                 3466              2046              2040              
2                 6.4459e-07        0.000218454       0.000515232       3.34945           3.27103           0.287368          0.66078           331               1                 0                 53230             3                 5461              3379              3368              
3                 6.50291e-10       3.40064e-05       4.68559e-05       3.77637           3.77074           0.0861384         0.187298          402               1                 0                 78434             4                 7882              4996              4980              
4                 1.5295e-12        8.80953e-08       4.35789e-08       0.0873948         0.0860694         0.0035642         0.0147377         428               1                 0                 105250            5                 10459             6717              6696              
5                 2.99814e-13       9.91111e-12       6.54848e-11       0.0907905         0.0907904         0.000149313       2.01449e-05       491               1                 0                 135972            6                 13414             8690              8664              
Optimization Terminated with Status: Converged
The process took 289.137 seconds to run.
Total n_vmult for algorithm 135972
