Starting optimization with 80...
Optimizing FFD points to obtain target Gaussian bump...

Quasi-Newton Method with Limited-Memory BFGS
Line Search: Backtracking satisfying Null Curvature Condition
  iter  value          gnorm          snorm          #fval     #grad     ls_#fval  ls_#grad  n_vmult   dRdW_form         dRdW_mult         dRdX_mult         d2R_mult          
  0     1.460802e-03   6.444868e-03   
  1     1.456652e-03   6.434657e-03   6.444868e-04   2         2         1         0         155614    75                126105            267               520               
  2     1.206427e-03   5.798343e-03   4.105102e-02   3         3         1         0         159377    81                127941            268               520               
  3     9.985836e-04   5.228032e-03   3.808637e-02   4         4         1         0         163167    87                129804            269               520               
  4     8.246509e-04   4.711837e-03   3.565320e-02   5         5         1         0         166951    93                131661            270               520               
  5     6.797695e-04   4.245473e-03   3.323897e-02   6         6         1         0         170735    99                133518            271               520               
  6     5.595073e-04   3.824624e-03   3.087674e-02   7         7         1         0         174546    105               135402            272               520               
  7     4.599551e-04   3.445059e-03   2.858887e-02   8         8         1         0         177416    110               136665            273               520               
  8     3.777282e-04   3.102866e-03   2.639841e-02   9         9         1         0         180292    115               137934            274               520               
  9     3.099350e-04   2.794403e-03   2.431923e-02   10        10        1         0         183177    120               139212            275               520               
  10    2.541276e-04   2.516384e-03   2.236203e-02   11        11        1         0         186065    125               140493            276               520               
  11    2.082478e-04   2.265806e-03   2.053038e-02   12        12        1         0         188956    130               141777            277               520               
  12    1.705738e-04   2.039982e-03   1.882585e-02   13        13        1         0         191862    135               143076            278               520               
  13    1.396702e-04   1.836465e-03   1.724551e-02   14        14        1         0         194777    140               144384            279               520               
  14    1.143441e-04   1.653074e-03   1.578601e-02   15        15        1         0         197698    145               145698            280               520               
  15    9.360639e-05   1.487818e-03   1.444128e-02   16        16        1         0         200631    150               147024            281               520               
  16    7.663878e-05   1.338924e-03   1.320587e-02   17        17        1         0         203570    155               148356            282               520               
  17    6.276536e-05   1.204774e-03   1.207255e-02   18        18        1         0         206521    160               149700            283               520               
  18    5.142879e-05   1.083925e-03   1.103530e-02   19        19        1         0         209481    165               151053            284               520               
  19    4.217019e-05   9.750583e-04   1.008679e-02   20        20        1         0         212450    170               152415            285               520               
  20    3.461223e-05   8.770024e-04   9.221197e-03   21        21        1         0         215431    175               153789            286               520               
  21    2.844501e-05   7.886796e-04   8.431561e-03   22        22        1         0         218430    180               155181            287               520               
  22    2.341431e-05   7.091397e-04   7.712652e-03   23        23        1         0         221438    185               156582            288               520               
  23    1.931181e-05   6.375015e-04   7.058041e-03   24        24        1         0         224455    190               157992            289               520               
  24    1.596691e-05   5.729960e-04   6.463265e-03   25        25        1         0         227478    195               159408            290               520               
  25    1.324009e-05   5.149011e-04   5.922457e-03   26        26        1         0         230510    200               160833            291               520               
  26    1.101728e-05   4.625969e-04   5.431997e-03   27        27        1         0         233545    205               162261            292               520               
  27    9.205309e-06   4.154891e-04   4.986516e-03   28        28        1         0         236583    210               163692            293               520               
  28    7.728115e-06   3.730816e-04   4.583281e-03   29        29        1         0         239627    215               165129            294               520               
  29    6.523640e-06   3.348812e-04   4.217316e-03   30        30        1         0         242677    220               166572            295               520               
  30    5.541271e-06   3.004956e-04   3.886832e-03   31        31        1         0         245739    225               168027            296               520               
  31    4.739742e-06   2.695089e-04   3.587119e-03   32        32        1         0         248804    230               169485            297               520               
  32    4.085416e-06   2.416172e-04   3.317459e-03   33        33        1         0         251872    235               170946            298               520               
  33    3.550870e-06   2.164594e-04   3.073295e-03   34        34        1         0         254943    240               172410            299               520               
  34    3.113752e-06   1.938081e-04   2.855182e-03   35        35        1         0         258020    245               173880            300               520               
  35    2.755835e-06   1.733347e-04   2.658542e-03   36        36        1         0         261100    250               175353            301               520               
  36    2.462301e-06   1.548813e-04   2.484851e-03   37        37        1         0         264189    255               176835            302               520               
  37    2.221186e-06   1.381466e-04   2.328037e-03   38        38        1         0         267281    260               178320            303               520               
  38    2.023012e-06   1.230577e-04   2.187137e-03   39        39        1         0         270379    265               179811            304               520               
  39    1.860340e-06   1.093875e-04   2.052807e-03   40        40        1         0         273477    270               181302            305               520               
  40    1.727157e-06   9.713677e-05   1.924907e-03   41        41        1         0         276578    275               182796            306               520               
  41    1.618253e-06   8.612077e-05   1.803324e-03   42        42        1         0         279688    280               184299            307               520               
  42    1.529030e-06   7.628339e-05   1.694684e-03   43        43        1         0         282798    285               185802            308               520               
  43    1.455619e-06   6.744282e-05   1.599920e-03   44        44        1         0         285914    290               187311            309               520               
  44    1.394892e-06   5.951798e-05   1.519436e-03   45        45        1         0         289027    295               188817            310               520               
  45    1.344380e-06   5.237588e-05   1.450979e-03   46        46        1         0         292149    300               190332            311               520               
  46    1.302128e-06   4.595050e-05   1.393175e-03   47        47        1         0         295268    305               191844            312               520               
  47    1.266584e-06   4.015000e-05   1.344518e-03   48        48        1         0         298393    310               193362            313               520               
  48    1.236504e-06   3.492359e-05   1.304182e-03   49        49        1         0         301512    315               194874            314               520               
  49    1.210880e-06   3.020567e-05   1.271533e-03   50        50        1         0         304616    320               196371            315               520               
  50    1.188899e-06   2.595876e-05   1.246237e-03   51        51        1         0         307705    325               197853            316               520               
  51    1.169895e-06   2.213662e-05   1.228180e-03   52        52        1         0         310824    330               199365            317               520               
  52    1.153323e-06   1.871652e-05   1.217380e-03   53        53        1         0         313946    335               200880            318               520               
  53    1.138733e-06   1.567178e-05   1.214155e-03   54        54        1         0         317065    340               202392            319               520               
  54    1.125755e-06   1.300144e-05   1.219027e-03   55        55        1         0         320199    345               203919            320               520               
  55    1.114068e-06   1.070870e-05   1.233729e-03   56        56        1         0         323333    350               205446            321               520               
  56    1.103366e-06   8.835062e-06   1.265094e-03   57        57        1         0         326470    355               206976            322               520               
Optimization Terminated with Status: Converged
 Done target optimization...
 Resetting problem to initial conditions and target previous FFD points 
 and aim for machine precision functional value....
The process took 714.307 seconds to run.
********************************************************
Biros and Ghattas Full-space method...with P2 preconditioner
Using 16080 design variables: 16000 simulation variables and 80 control variables.
Line Search: Backtracking satisfying Null Curvature Condition
********************************************************
Iteration         Func. val.        ||Lagr. grad.||   ||Constraint||    ||Search dir||    search_ctl_norm   search_sim_norm   search_adj_norm   n_kkt_iter        n_linesearches    n_grad            n_vmult           dRdW_form         dRdW_mult         dRdX_mult         d2R_mult          
1                 6.65466e-06       0.00502246        0.0184323         16.1993           14.2733           4.66973           6.07318           59                1                 0                 56937             2                 52895             246               240               
2                 7.94575e-07       0.000236677       0.000454437       6.00145           5.91897           0.391321          0.911091          42                1                 0                 95532             3                 88727             423               412               
3                 7.51349e-10       4.44923e-05       6.5714e-05        8.45994           8.45506           0.137009          0.25264           50                1                 0                 141413            4                 131397            632               616               
4                 3.12289e-12       5.35818e-08       2.55217e-08       0.209177          0.208233          0.00457381        0.019318          52                1                 0                 188778            5                 175439            849               828               
5                 2.00692e-13       8.95023e-11       3.84514e-10       0.154968          0.154967          0.000279523       0.000255716       60                1                 0                 243252            6                 226142            1098              1072              
Optimization Terminated with Status: Converged
The process took 1620.3 seconds to run.
Total n_vmult for algorithm 243252
