Starting optimization with 40...
Optimizing FFD points to obtain target Gaussian bump...

Quasi-Newton Method with Limited-Memory BFGS
Line Search: Backtracking satisfying Null Curvature Condition
  iter  value          gnorm          snorm          #fval     #grad     ls_#fval  ls_#grad  n_vmult   dRdW_form         dRdW_mult         dRdX_mult         d2R_mult          
  0     1.446428e-03   7.331623e-03   
  1     1.441059e-03   7.314634e-03   7.331623e-04   2         2         1         0         61394     53                54081             151               288               
  2     1.217252e-03   6.591384e-03   3.245899e-02   3         3         1         0         63114     59                55314             152               288               
  3     1.027427e-03   5.937952e-03   3.110680e-02   4         4         1         0         64840     65                56553             153               288               
  4     8.657045e-04   5.343532e-03   3.011529e-02   5         5         1         0         66569     71                57795             154               288               
  5     7.287593e-04   4.804629e-03   2.907258e-02   6         6         1         0         68310     77                59049             155               288               
  6     6.133285e-04   4.317116e-03   2.797945e-02   7         7         1         0         70054     83                60306             156               288               
  7     5.163820e-04   3.876721e-03   2.684799e-02   8         8         1         0         71804     89                61569             157               288               
  8     4.351878e-04   3.479255e-03   2.569689e-02   9         9         1         0         73554     95                62832             158               288               
  9     3.673331e-04   3.120737e-03   2.454586e-02   10        10        1         0         75313     101               64104             159               288               
  10    3.107180e-04   2.797458e-03   2.341265e-02   11        11        1         0         77075     107               65379             160               288               
  11    2.635357e-04   2.506008e-03   2.231185e-02   12        12        1         0         78840     113               66657             161               288               
  12    2.242440e-04   2.243276e-03   2.125467e-02   13        13        1         0         80608     119               67938             162               288               
  13    1.915357e-04   2.006433e-03   2.024925e-02   14        14        1         0         82379     125               69222             163               288               
  14    1.643082e-04   1.792922e-03   1.930120e-02   15        15        1         0         84153     131               70509             164               288               
  15    1.416356e-04   1.600426e-03   1.841409e-02   16        16        1         0         85939     137               71808             165               288               
  16    1.227426e-04   1.426858e-03   1.758993e-02   17        17        1         0         87725     143               73107             166               288               
  17    1.069822e-04   1.270332e-03   1.682961e-02   18        18        1         0         89508     149               74403             167               288               
  18    9.381570e-05   1.129148e-03   1.613317e-02   19        19        1         0         91300     155               75708             168               288               
  19    8.279546e-05   1.001779e-03   1.550009e-02   20        20        1         0         93104     161               77025             169               288               
  20    7.355010e-05   8.868479e-04   1.492949e-02   21        21        1         0         94914     167               78348             170               288               
  21    6.577198e-05   7.831211e-04   1.442028e-02   22        22        1         0         96733     173               79680             171               288               
  22    5.920659e-05   6.894933e-04   1.397135e-02   23        23        1         0         98558     179               81018             172               288               
  23    5.364349e-05   6.049785e-04   1.358167e-02   24        24        1         0         100392    185               82365             173               288               
  24    4.890881e-05   5.287011e-04   1.325042e-02   25        25        1         0         102244    191               83730             174               288               
  25    4.485893e-05   4.598890e-04   1.297711e-02   26        26        1         0         104117    197               85116             175               288               
  26    4.137517e-05   3.978694e-04   1.276166e-02   27        27        1         0         105999    203               86511             176               288               
  27    3.835942e-05   3.420665e-04   1.260455e-02   28        28        1         0         107890    209               87915             177               288               
  28    3.573049e-05   2.920035e-04   1.250693e-02   29        29        1         0         109781    215               89319             178               288               
  29    3.342106e-05   2.473100e-04   1.247073e-02   30        30        1         0         111669    221               90720             179               288               
  30    3.137517e-05   2.077368e-04   1.249889e-02   31        31        1         0         113545    227               92109             180               288               
  31    2.954613e-05   1.731822e-04   1.259552e-02   32        32        1         0         115454    233               93531             181               288               
  32    2.789473e-05   1.437285e-04   1.276632e-02   33        33        1         0         117372    239               94962             182               288               
  33    2.638786e-05   1.196753e-04   1.301900e-02   34        34        1         0         119296    245               96399             183               288               
  34    2.499712e-05   1.015107e-04   1.336432e-02   35        35        1         0         121232    251               97848             184               288               
  35    2.369756e-05   8.969481e-05   1.382094e-02   36        36        1         0         123135    257               99264             185               288               
  36    2.246119e-05   8.468092e-05   1.450681e-02   37        37        1         0         125050    263               100692            186               288               
  37    2.114274e-05   9.448226e-05   1.755496e-02   38        38        1         0         127028    269               102183            187               288               
  38    1.995671e-05   9.373160e-05   1.698525e-02   39        39        1         0         128976    275               103644            188               288               
  39    1.904925e-05   1.017325e-04   1.453911e-02   40        40        1         0         130304    280               104565            189               288               
  40    1.814107e-05   1.049967e-04   1.529164e-02   41        41        1         0         131629    285               105483            190               288               
  41    1.721834e-05   1.119114e-04   1.690250e-02   42        42        1         0         132963    290               106410            191               288               
  42    1.623602e-05   1.239083e-04   1.993161e-02   43        43        1         0         134920    296               107880            192               288               
  43    1.529499e-05   1.240428e-04   1.996169e-02   44        44        1         0         136263    301               108816            193               288               
  44    1.452583e-05   1.281611e-04   1.794753e-02   45        45        1         0         137627    306               109773            194               288               
  45    1.358139e-05   1.231471e-04   2.203831e-02   46        46        1         0         138961    311               110700            195               288               
  46    1.285218e-05   1.222137e-04   1.915271e-02   47        47        1         0         140346    316               111678            196               288               
  47    1.201151e-05   1.201016e-04   2.334385e-02   48        48        1         0         142300    322               113145            197               288               
  48    1.127929e-05   1.163240e-04   2.137969e-02   49        49        1         0         143661    327               114099            198               288               
  49    1.046249e-05   1.063209e-04   2.325298e-02   50        50        1         0         145016    332               115047            199               288               
  50    9.618578e-06   9.748723e-05   2.700958e-02   51        51        1         0         146416    337               116040            200               288               
  51    8.830905e-06   8.802957e-05   2.865854e-02   52        52        1         0         147747    342               116964            201               288               
  52    8.100533e-06   7.550017e-05   2.814563e-02   53        53        1         0         149159    347               117969            202               288               
  53    7.558021e-06   6.764025e-05   2.376536e-02   54        54        1         0         150520    352               118923            203               288               
  54    7.022525e-06   5.517722e-05   2.616143e-02   55        55        1         0         151863    357               119859            204               288               
  55    6.604309e-06   4.680539e-05   2.227808e-02   56        56        1         0         153236    362               120825            205               288               
  56    6.261173e-06   3.954379e-05   2.033752e-02   57        57        1         0         154627    367               121809            206               288               
  57    5.946250e-06   3.277392e-05   2.013054e-02   58        58        1         0         156027    372               122802            207               288               
  58    5.653511e-06   2.730977e-05   2.062099e-02   59        59        1         0         157406    377               123774            208               288               
  59    5.358338e-06   2.172578e-05   2.283767e-02   60        60        1         0         158803    382               124764            209               288               
  60    5.101754e-06   1.760758e-05   2.161381e-02   61        61        1         0         160173    387               125727            210               288               
  61    4.891336e-06   1.630705e-05   1.952399e-02   62        62        1         0         161585    392               126732            211               288               
  62    4.697521e-06   1.567083e-05   1.905578e-02   63        63        1         0         162985    397               127725            212               288               
  63    4.514653e-06   1.685586e-05   1.947695e-02   64        64        1         0         164394    402               128727            213               288               
  64    4.333190e-06   1.807448e-05   2.055349e-02   65        65        1         0         165812    407               129738            214               288               
  65    4.146151e-06   1.969953e-05   2.309733e-02   66        66        1         0         167176    412               130695            215               288               
  66    3.999373e-06   2.117963e-05   1.976484e-02   67        67        1         0         168606    417               131718            216               288               
  67    3.874094e-06   2.189121e-05   1.772340e-02   68        68        1         0         170018    422               132723            217               288               
  68    3.754295e-06   2.333477e-05   1.822847e-02   69        69        1         0         171469    427               133767            218               288               
  69    3.644393e-06   2.287892e-05   1.771709e-02   70        70        1         0         172866    432               134757            219               288               
  70    3.533326e-06   2.518428e-05   1.941282e-02   71        71        1         0         174299    437               135783            220               288               
  71    3.453395e-06   2.442008e-05   1.478151e-02   72        72        1         0         175750    442               136827            221               288               
  72    3.380264e-06   2.420460e-05   1.365924e-02   73        73        1         0         177207    447               137877            222               288               
  73    3.306193e-06   2.266198e-05   1.438611e-02   74        74        1         0         178634    452               138897            223               288               
  74    3.237399e-06   2.166502e-05   1.402707e-02   75        75        1         0         180061    457               139917            224               288               
  75    3.161204e-06   2.034372e-05   1.657537e-02   76        76        1         0         181449    462               140898            225               288               
  76    3.100872e-06   1.838378e-05   1.375079e-02   77        77        1         0         182876    467               141918            226               288               
  77    3.049877e-06   1.726917e-05   1.218349e-02   78        78        1         0         184312    472               142947            227               288               
  78    2.997522e-06   1.514682e-05   1.263957e-02   79        79        1         0         185793    477               144021            228               288               
  79    2.946020e-06   1.368663e-05   1.308147e-02   80        80        1         0         187199    482               145020            229               288               
  80    2.894918e-06   1.182793e-05   1.327311e-02   81        81        1         0         188680    487               146094            230               288               
  81    2.843096e-06   1.026099e-05   1.409170e-02   82        82        1         0         190107    492               147114            231               288               
  82    2.790880e-06   8.761328e-06   1.462970e-02   83        83        1         0         191579    497               148179            232               288               
Optimization Terminated with Status: Converged
 Done target optimization...
 Resetting problem to initial conditions and target previous FFD points 
 and aim for machine precision functional value....
The process took 62.0874 seconds to run.
********************************************************
Biros and Ghattas Full-space method...with P2 preconditioner
Using 4040 design variables: 4000 simulation variables and 40 control variables.
Line Search: Backtracking satisfying Null Curvature Condition
********************************************************
Iteration         Func. val.        ||Lagr. grad.||   ||Constraint||    ||Search dir||    search_ctl_norm   search_sim_norm   search_adj_norm   n_kkt_iter        n_linesearches    n_grad            n_vmult           dRdW_form         dRdW_mult         dRdX_mult         d2R_mult          
1                 9.7063e-06        0.00332944        0.0236996         5.93884           4.58051           2.43543           2.89093           40                1                 0                 28505             2                 26007             170               164               
2                 8.85789e-08       8.4162e-05        0.000381235       4.59511           4.57725           0.227152          0.335061          31                1                 0                 49581             3                 45176             303               292               
3                 4.53367e-11       2.33671e-06       3.39793e-06       0.578736          0.575309          0.0247843         0.057795          38                1                 0                 75563             4                 68859             464               448               
4                 1.90898e-14       1.15542e-09       1.11388e-09       0.169608          0.169596          0.000568304       0.00192355        40                1                 0                 102273            5                 93158             633               612               
5                 1.00018e-13       6.03291e-12       4.01007e-10       0.027668          0.027668          2.12798e-05       3.3733e-06        39                1                 0                 128262            6                 116792            798               772               
Optimization Terminated with Status: Converged
The process took 27.4982 seconds to run.
Total n_vmult for algorithm 128262
