Starting optimization with 60...
Optimizing FFD points to obtain target Gaussian bump...

Quasi-Newton Method with Limited-Memory BFGS
Line Search: Backtracking satisfying Null Curvature Condition
  iter  value          gnorm          snorm          #fval     #grad     ls_#fval  ls_#grad  n_vmult   dRdW_form         dRdW_mult         dRdX_mult         d2R_mult          
  0     1.460802e-03   6.829650e-03   
  1     1.456142e-03   6.816993e-03   6.829650e-04   2         2         1         0         237646    58                205898            956               928               
  2     1.214745e-03   6.143220e-03   3.746437e-02   3         3         1         0         241436    64                207761            957               928               
  3     1.012301e-03   5.537461e-03   3.527377e-02   4         4         1         0         245229    70                209627            958               928               
  4     8.414144e-04   4.987893e-03   3.354646e-02   5         5         1         0         249016    76                211487            959               928               
  5     6.979778e-04   4.490652e-03   3.178442e-02   6         6         1         0         252803    82                213347            960               928               
  6     5.781062e-04   4.041527e-03   3.000363e-02   7         7         1         0         256599    88                215216            961               928               
  7     4.782763e-04   3.636299e-03   2.822512e-02   8         8         1         0         260422    94                217112            962               928               
  8     3.953686e-04   3.270921e-03   2.647292e-02   9         9         1         0         263298    99                218381            963               928               
  9     3.266691e-04   2.941599e-03   2.476870e-02   10        10        1         0         266186    104               219662            964               928               
  10    2.698465e-04   2.644839e-03   2.312973e-02   11        11        1         0         269077    109               220946            965               928               
  11    2.229175e-04   2.377451e-03   2.156841e-02   12        12        1         0         271974    114               222236            966               928               
  12    1.842067e-04   2.136543e-03   2.009272e-02   13        13        1         0         274880    119               223535            967               928               
  13    1.523066e-04   1.919499e-03   1.870695e-02   14        14        1         0         277792    124               224840            968               928               
  14    1.260401e-04   1.723960e-03   1.741252e-02   15        15        1         0         280713    129               226154            969               928               
  15    1.044255e-04   1.547798e-03   1.620876e-02   16        16        1         0         283649    134               227483            970               928               
  16    8.664709e-05   1.389095e-03   1.509345e-02   17        17        1         0         286597    139               228824            971               928               
  17    7.202828e-05   1.246120e-03   1.406334e-02   18        18        1         0         289551    144               230171            972               928               
  18    6.000911e-05   1.117316e-03   1.311451e-02   19        19        1         0         292511    149               231524            973               928               
  19    5.012698e-05   1.001275e-03   1.224264e-02   20        20        1         0         295480    154               232886            974               928               
  20    4.200030e-05   8.967322e-04   1.144321e-02   21        21        1         0         298461    159               234260            975               928               
  21    3.531472e-05   8.025438e-04   1.071166e-02   22        22        1         0         301454    164               235646            976               928               
  22    2.981158e-05   7.176801e-04   1.004352e-02   23        23        1         0         304459    169               237044            977               928               
  23    2.527828e-05   6.412126e-04   9.434424e-03   24        24        1         0         307473    174               238451            978               928               
  24    2.154021e-05   5.723043e-04   8.880256e-03   25        25        1         0         310496    179               239867            979               928               
  25    1.845407e-05   5.102012e-04   8.377122e-03   26        26        1         0         313525    184               241289            980               928               
  26    1.590238e-05   4.542238e-04   7.921402e-03   27        27        1         0         316557    189               242714            981               928               
  27    1.378879e-05   4.037606e-04   7.509760e-03   28        28        1         0         319592    194               244142            982               928               
  28    1.203439e-05   3.582610e-04   7.139153e-03   29        29        1         0         322633    199               245576            983               928               
  29    1.057455e-05   3.172301e-04   6.806839e-03   30        30        1         0         325680    204               247016            984               928               
  30    9.356333e-06   2.802235e-04   6.510371e-03   31        31        1         0         328727    209               248456            985               928               
  31    8.336388e-06   2.468427e-04   6.247600e-03   32        32        1         0         331777    214               249899            986               928               
  32    7.479225e-06   2.167314e-04   6.016673e-03   33        33        1         0         334827    219               251342            987               928               
  33    6.755774e-06   1.895724e-04   5.816028e-03   34        34        1         0         337877    224               252785            988               928               
  34    6.142220e-06   1.650846e-04   5.644389e-03   35        35        1         0         340888    229               254189            989               928               
  35    5.619041e-06   1.430212e-04   5.500767e-03   36        36        1         0         343926    234               255620            990               928               
  36    5.170225e-06   1.231689e-04   5.384451e-03   37        37        1         0         346964    239               257051            991               928               
  37    4.782626e-06   1.053474e-04   5.295006e-03   38        38        1         0         349978    244               258458            992               928               
  38    4.445438e-06   8.941161e-05   5.232267e-03   39        39        1         0         353043    249               259916            993               928               
  39    4.149766e-06   7.525471e-05   5.196335e-03   40        40        1         0         356111    254               261377            994               928               
  40    3.888271e-06   6.281528e-05   5.187573e-03   41        41        1         0         359185    259               262844            995               928               
  41    3.654887e-06   5.208728e-05   5.206611e-03   42        42        1         0         362238    264               264290            996               928               
  42    3.444580e-06   4.313149e-05   5.254372e-03   43        43        1         0         365318    269               265763            997               928               
  43    3.253157e-06   3.607603e-05   5.332130e-03   44        44        1         0         368371    274               267209            998               928               
  44    3.077100e-06   3.107157e-05   5.441675e-03   45        45        1         0         371457    279               268688            999               928               
  45    2.913427e-06   2.815628e-05   5.585655e-03   46        46        1         0         374543    284               270167            1000              928               
  46    2.759562e-06   2.707724e-05   5.768320e-03   47        47        1         0         377629    289               271646            1001              928               
  47    2.613201e-06   2.727140e-05   5.997334e-03   48        48        1         0         380715    294               273125            1002              928               
  48    2.472040e-06   2.811553e-05   6.297679e-03   49        49        1         0         383792    299               274595            1003              928               
  49    2.324869e-06   3.588083e-05   7.710471e-03   50        50        1         0         386869    304               276065            1004              928               
  50    2.196843e-06   3.531568e-05   6.862065e-03   51        51        1         0         389952    309               277541            1005              928               
  51    2.094648e-06   3.574708e-05   6.018077e-03   52        52        1         0         393068    314               279050            1006              928               
  52    1.985320e-06   3.378836e-05   6.634663e-03   53        53        1         0         396172    319               280547            1007              928               
  53    1.875617e-06   3.344080e-05   7.427732e-03   54        54        1         0         399279    324               282047            1008              928               
  54    1.766219e-06   3.582128e-05   8.944874e-03   55        55        1         0         402386    329               283547            1009              928               
  55    1.677536e-06   3.349002e-05   7.071646e-03   56        56        1         0         405496    334               285050            1010              928               
  56    1.590364e-06   3.772743e-05   8.493373e-03   57        57        1         0         408597    339               286544            1011              928               
  57    1.522745e-06   3.438457e-05   6.452668e-03   58        58        1         0         411719    344               288059            1012              928               
  58    1.469059e-06   3.187362e-05   5.655984e-03   59        59        1         0         414859    349               289592            1013              928               
  59    1.419194e-06   2.889956e-05   5.572996e-03   60        60        1         0         417975    354               291101            1014              928               
  60    1.372694e-06   2.635540e-05   5.841310e-03   61        61        1         0         421148    359               292667            1015              928               
  61    1.325266e-06   2.345029e-05   6.625772e-03   62        62        1         0         424258    364               294170            1016              928               
  62    1.290624e-06   2.070060e-05   5.277003e-03   63        63        1         0         427401    369               295706            1017              928               
  63    1.264471e-06   1.864077e-05   4.484031e-03   64        64        1         0         430565    374               297263            1018              928               
  64    1.241023e-06   1.652626e-05   4.292987e-03   65        65        1         0         433684    379               298775            1019              928               
  65    1.219884e-06   1.447516e-05   4.330431e-03   66        66        1         0         436875    384               300359            1020              928               
  66    1.202293e-06   1.275562e-05   3.966416e-03   67        67        1         0         440018    389               301895            1021              928               
  67    1.187127e-06   1.103160e-05   3.696367e-03   68        68        1         0         443185    394               303455            1022              928               
  68    1.174339e-06   9.601299e-06   3.486974e-03   69        69        1         0         446370    399               305033            1023              928               
Optimization Terminated with Status: Converged
 Done target optimization...
 Resetting problem to initial conditions and target previous FFD points 
 and aim for machine precision functional value....
The process took 866.341 seconds to run.
********************************************************
Biros and Ghattas Full-space method...with P2A preconditioner
Using 16060 design variables: 16000 simulation variables and 60 control variables.
Line Search: Backtracking satisfying Null Curvature Condition
********************************************************
Iteration         Func. val.        ||Lagr. grad.||   ||Constraint||    ||Search dir||    search_ctl_norm   search_sim_norm   search_adj_norm   n_kkt_iter        n_linesearches    n_grad            n_vmult           dRdW_form         dRdW_mult         dRdX_mult         d2R_mult          
1                 6.79886e-06       0.00500889        0.0184774         22.6813           21.3433           4.6786            6.08434           470               1                 0                 30362             2                 3304              1890              1884              
2                 7.10486e-07       0.000229904       0.000466751       9.20881           9.15512           0.391575          0.91252           316               1                 0                 50374             3                 5209              3163              3152              
3                 6.27151e-10       4.05049e-05       5.75449e-05       12.1234           12.1201           0.132594          0.249876          371               1                 0                 73796             4                 7444              4656              4640              
4                 1.18347e-13       4.18801e-08       2.03322e-08       0.0915192         0.0899424         0.00408645        0.0164145         387               1                 0                 98210             5                 9775              6213              6192              
5                 4.20634e-14       9.88485e-12       7.62859e-12       0.0162356         0.0162354         5.23999e-05       5.9482e-05        408               1                 0                 123926            6                 12232             7854              7828              
Optimization Terminated with Status: Converged
The process took 824.491 seconds to run.
Total n_vmult for algorithm 123926
