Starting optimization with 60...
Optimizing FFD points to obtain target Gaussian bump...

Quasi-Newton Method with Limited-Memory BFGS
Line Search: Backtracking satisfying Null Curvature Condition
  iter  value          gnorm          snorm          #fval     #grad     ls_#fval  ls_#grad  n_vmult   dRdW_form         dRdW_mult         dRdX_mult         d2R_mult          
  0     1.446428e-03   6.731072e-03   
  1     1.441901e-03   6.718871e-03   6.731072e-04   2         2         1         0         145659    475               107043            88                0                 
  2     1.201468e-03   6.054477e-03   3.791659e-02   3         3         1         0         147385    481               108282            89                0                 
  3     9.993861e-04   5.453000e-03   3.579424e-02   4         4         1         0         149120    487               109530            90                0                 
  4     8.281939e-04   4.908146e-03   3.434197e-02   5         5         1         0         150858    493               110781            91                0                 
  5     6.829229e-04   4.403145e-03   3.297916e-02   6         6         1         0         152617    499               112053            92                0                 
  6     5.593318e-04   3.943093e-03   3.202218e-02   7         7         1         0         154382    505               113331            93                0                 
  7     4.561892e-04   3.516279e-03   3.016065e-02   8         8         1         0         156156    511               114618            94                0                 
  8     3.731358e-04   3.145751e-03   2.753616e-02   9         9         1         0         157927    517               115902            95                0                 
  9     3.066485e-04   2.818278e-03   2.486981e-02   10        10        1         0         159713    523               117201            96                0                 
  10    2.526963e-04   2.530195e-03   2.285272e-02   11        11        1         0         161493    529               118494            97                0                 
  11    2.085747e-04   2.271534e-03   2.111422e-02   12        12        1         0         163270    535               119784            98                0                 
  12    1.723539e-04   2.040283e-03   1.961893e-02   13        13        1         0         165050    541               121077            99                0                 
  13    1.425788e-04   1.831848e-03   1.824276e-02   14        14        1         0         166836    547               122376            100               0                 
  14    1.180920e-04   1.644617e-03   1.699174e-02   15        15        1         0         168631    553               123684            101               0                 
  15    9.795398e-05   1.475810e-03   1.583013e-02   16        16        1         0         170432    559               124998            102               0                 
  16    8.139321e-05   1.323950e-03   1.476427e-02   17        17        1         0         172230    565               126309            103               0                 
  17    6.777331e-05   1.187021e-03   1.378013e-02   18        18        1         0         174043    571               127635            104               0                 
  18    5.656606e-05   1.063728e-03   1.288583e-02   19        19        1         0         175865    577               128970            105               0                 
  19    4.732419e-05   9.522204e-04   1.209089e-02   20        20        1         0         177690    583               130308            106               0                 
  20    3.964162e-05   8.509114e-04   1.147515e-02   21        21        1         0         179512    589               131643            107               0                 
  21    3.311968e-05   7.561353e-04   1.116093e-02   22        22        1         0         181352    595               132996            108               0                 
  22    2.760376e-05   6.675779e-04   1.078512e-02   23        23        1         0         183204    601               134361            109               0                 
  23    2.326064e-05   5.902409e-04   9.701809e-03   24        24        1         0         185062    607               135732            110               0                 
  24    1.986331e-05   5.240192e-04   8.692953e-03   25        25        1         0         186950    613               137133            111               0                 
  25    1.712396e-05   4.656170e-04   8.030897e-03   26        26        1         0         188844    619               138540            112               0                 
  26    1.487611e-05   4.135383e-04   7.556663e-03   27        27        1         0         190750    625               139959            113               0                 
  27    1.301512e-05   3.667361e-04   7.177709e-03   28        28        1         0         192665    631               141387            114               0                 
  28    1.146587e-05   3.246192e-04   6.858767e-03   29        29        1         0         194592    637               142827            115               0                 
  29    1.017056e-05   2.866405e-04   6.583434e-03   30        30        1         0         196528    643               144276            116               0                 
  30    9.083118e-06   2.523963e-04   6.344477e-03   31        31        1         0         197844    648               145185            117               0                 
  31    8.166319e-06   2.215006e-04   6.137642e-03   32        32        1         0         199166    653               146100            118               0                 
  32    7.389822e-06   1.936390e-04   5.960565e-03   33        33        1         0         200503    658               147030            119               0                 
  33    6.728818e-06   1.685199e-04   5.811603e-03   34        34        1         0         201843    663               147963            120               0                 
  34    6.162977e-06   1.458995e-04   5.689749e-03   35        35        1         0         203186    668               148899            121               0                 
  35    5.675611e-06   1.255613e-04   5.594345e-03   36        36        1         0         204529    673               149835            122               0                 
  36    5.253002e-06   1.073284e-04   5.525108e-03   37        37        1         0         205875    678               150774            123               0                 
  37    4.883856e-06   9.105768e-05   5.482021e-03   38        38        1         0         207212    683               151704            124               0                 
  38    4.558856e-06   7.664576e-05   5.465418e-03   39        39        1         0         208564    688               152649            125               0                 
  39    4.270302e-06   6.403795e-05   5.475882e-03   40        40        1         0         209925    693               153603            126               0                 
  40    4.011797e-06   5.322713e-05   5.514630e-03   41        41        1         0         211295    698               154566            127               0                 
  41    3.777994e-06   4.428045e-05   5.583707e-03   42        42        1         0         212665    703               155529            128               0                 
  42    3.564282e-06   3.730194e-05   5.689716e-03   43        43        1         0         214038    708               156495            129               0                 
  43    3.366248e-06   3.247667e-05   5.855710e-03   44        44        1         0         215429    713               157479            130               0                 
  44    3.178498e-06   2.994194e-05   6.158112e-03   45        45        1         0         216826    718               158469            131               0                 
  45    3.002617e-06   2.881731e-05   6.383757e-03   46        46        1         0         218223    723               159459            132               0                 
  46    2.849717e-06   2.962757e-05   6.147101e-03   47        47        1         0         219638    728               160467            133               0                 
  47    2.713566e-06   3.112041e-05   6.008712e-03   48        48        1         0         221044    733               161466            134               0                 
  48    2.585487e-06   3.325900e-05   6.189014e-03   49        49        1         0         222468    738               162483            135               0                 
  49    2.467376e-06   3.470164e-05   6.236549e-03   50        50        1         0         223883    743               163491            136               0                 
  50    2.363629e-06   3.635382e-05   5.978155e-03   51        51        1         0         225283    748               164484            137               0                 
  51    2.269016e-06   3.723471e-05   5.863298e-03   52        52        1         0         226677    753               165471            138               0                 
  52    2.180600e-06   3.784287e-05   5.864589e-03   53        53        1         0         228074    758               166461            139               0                 
  53    2.095861e-06   3.780607e-05   5.964006e-03   54        54        1         0         229477    763               167457            140               0                 
  54    2.014543e-06   3.729860e-05   6.081218e-03   55        55        1         0         230880    768               168453            141               0                 
  55    1.936535e-06   3.641096e-05   6.198564e-03   56        56        1         0         232262    773               169428            142               0                 
  56    1.859739e-06   3.496709e-05   6.592078e-03   57        57        1         0         233617    778               170376            143               0                 
  57    1.779091e-06   3.313747e-05   7.543768e-03   58        58        1         0         234993    783               171345            144               0                 
  58    1.717351e-06   3.109001e-05   6.320240e-03   59        59        1         0         236405    788               172350            145               0                 
  59    1.666660e-06   2.933351e-05   5.633000e-03   60        60        1         0         237769    793               173307            146               0                 
  60    1.614242e-06   2.704384e-05   6.401177e-03   61        61        1         0         239193    798               174324            147               0                 
  61    1.573229e-06   2.472813e-05   5.372205e-03   62        62        1         0         240578    803               175302            148               0                 
  62    1.541106e-06   2.288746e-05   4.560155e-03   63        63        1         0         241984    808               176301            149               0                 
  63    1.511616e-06   2.089974e-05   4.393334e-03   64        64        1         0         243426    813               177336            150               0                 
  64    1.484724e-06   1.899157e-05   4.287592e-03   65        65        1         0         244817    818               178320            151               0                 
  65    1.460122e-06   1.708313e-05   4.173905e-03   66        66        1         0         246259    823               179355            152               0                 
  66    1.437006e-06   1.519344e-05   4.213199e-03   67        67        1         0         247677    828               180366            153               0                 
  67    1.414860e-06   1.329918e-05   4.367091e-03   68        68        1         0         249116    833               181398            154               0                 
  68    1.395594e-06   1.145463e-05   4.104515e-03   69        69        1         0         250576    838               182451            155               0                 
  69    1.379413e-06   9.970477e-06   3.725010e-03   70        70        1         0         252015    843               183483            156               0                 
Optimization Terminated with Status: Converged
 Done target optimization...
 Resetting problem to initial conditions and target previous FFD points 
 and aim for machine precision functional value....
The process took 57.9938 seconds to run.
Starting optimization with 60...

Newton-Krylov using GMRES with Limited-Memory BFGS preconditioning
Line Search: Backtracking satisfying Null Curvature Condition
-------------------------------------------------------------------------------------------------------------
Newton-Krylov status output definitions

  iter     - Number of iterates (steps taken) 
  value    - Objective function value 
  gnorm    - Norm of the gradient
  snorm    - Norm of the step (update to optimization vector)
  #fval    - Cumulative number of times the objective function was evaluated
  #grad    - Number of times the gradient was computed
  iterCG   - Number of Krylov iterations used to compute search direction
  flagCG   - Krylov solver flag
-------------------------------------------------------------------------------------------------------------
  iter  value          gnorm          snorm          #fval     #grad     iterCG    flagCG    ls_#fval  ls_#grad  n_vmult   dRdW_form         dRdW_mult         dRdX_mult         d2R_mult          
  0     1.448668e-03   6.736517e-03   
  1     1.508947e-05   6.383466e-04   1.778280e+01   2         2         31        0         1         0         24654     8                 22656             66                128               
  2     5.466276e-09   8.750541e-06   1.778241e+01   3         3         31        0         1         0         46933     14                43104             131               256               
  3     1.649395e-14   1.373967e-08   7.879541e-01   4         4         32        0         1         0         69456     19                63834             198               388               
  4     2.645976e-18   8.934351e-12   1.146574e-02   5         5         34        0         1         0         92556     23                85137             269               528               
Optimization Terminated with Status: Converged
The process took 24.1822 seconds to run.
Total n_vmult for algorithm 92556
