Starting optimization with 320...
Optimizing FFD points to obtain target Gaussian bump...

Quasi-Newton Method with Limited-Memory BFGS
Line Search: Backtracking satisfying Null Curvature Condition
  iter  value          gnorm          snorm          #fval     #grad     ls_#fval  ls_#grad  n_vmult   dRdW_form         dRdW_mult         dRdX_mult         d2R_mult          
  0     1.460201e-03   4.701824e-03   
  1     1.457991e-03   4.697630e-03   4.701824e-04   2         2         1         0         181610    47                23266             10720             10692             
  2     1.213224e-03   4.231601e-03   5.573408e-02   3         3         1         0         184398    53                24967             10721             10692             
  3     1.003866e-03   3.808942e-03   5.428432e-02   4         4         1         0         187063    59                26545             10722             10692             
  4     8.240031e-04   3.435915e-03   5.376091e-02   5         5         1         0         189794    65                28189             10723             10692             
  5     6.328146e-04   2.980027e-03   6.575699e-02   6         6         1         0         192510    71                29818             10724             10692             
  6     5.086838e-04   2.636860e-03   4.736505e-02   7         7         1         0         195253    77                31474             10725             10692             
  7     4.169301e-04   2.373871e-03   3.996315e-02   8         8         1         0         198065    83                33199             10726             10692             
  8     3.417247e-04   2.132689e-03   3.669726e-02   9         9         1         0         200925    89                34972             10727             10692             
  9     2.796499e-04   1.920620e-03   3.413014e-02   10        10        1         0         203800    95                36760             10728             10692             
  10    2.262102e-04   1.724108e-03   3.365120e-02   11        11        1         0         205823    100               37876             10729             10692             
  11    1.744631e-04   1.499338e-03   3.637734e-02   12        12        1         0         208710    106               39676             10730             10692             
  12    1.390488e-04   1.330450e-03   2.814395e-02   13        13        1         0         210739    111               40798             10731             10692             
  13    1.124281e-04   1.191678e-03   2.392831e-02   14        14        1         0         212798    116               41950             10732             10692             
  14    9.050238e-05   1.064164e-03   2.220427e-02   15        15        1         0         214848    121               43093             10733             10692             
  15    7.225277e-05   9.476168e-04   2.087450e-02   16        16        1         0         216931    126               44269             10734             10692             
  16    5.779580e-05   8.437071e-04   1.852949e-02   17        17        1         0         219023    131               45454             10735             10692             
  17    4.657973e-05   7.551898e-04   1.614251e-02   18        18        1         0         221115    136               46639             10736             10692             
  18    3.770815e-05   6.772994e-04   1.428042e-02   19        19        1         0         223216    141               47833             10737             10692             
  19    3.057598e-05   6.083664e-04   1.284693e-02   20        20        1         0         225314    146               49024             10738             10692             
  20    2.478388e-05   5.463937e-04   1.167106e-02   21        21        1         0         227424    151               50227             10739             10692             
  21    2.000862e-05   4.898882e-04   1.080810e-02   22        22        1         0         229519    156               51415             10740             10692             
  22    1.597454e-05   4.368749e-04   1.030722e-02   23        23        1         0         231644    161               52633             10741             10692             
  23    1.267472e-05   3.880333e-04   9.445655e-03   24        24        1         0         233775    166               53857             10742             10692             
  24    1.015124e-05   3.465100e-04   8.096358e-03   25        25        1         0         235906    171               55081             10743             10692             
  25    8.190164e-06   3.105716e-04   7.032970e-03   26        26        1         0         238046    176               56314             10744             10692             
  26    6.627870e-06   2.787856e-04   6.256361e-03   27        27        1         0         240189    181               57550             10745             10692             
  27    5.369547e-06   2.504199e-04   5.623289e-03   28        28        1         0         242338    186               58792             10746             10692             
  28    4.351938e-06   2.248890e-04   5.071342e-03   29        29        1         0         244493    191               60040             10747             10692             
  29    3.528645e-06   2.020395e-04   4.577344e-03   30        30        1         0         246648    196               61288             10748             10692             
  30    2.863231e-06   1.814419e-04   4.122679e-03   31        31        1         0         248809    201               62542             10749             10692             
  31    2.325949e-06   1.630563e-04   3.711822e-03   32        32        1         0         250970    206               63796             10750             10692             
  32    1.892274e-06   1.464985e-04   3.336324e-03   33        33        1         0         253140    211               65059             10751             10692             
  33    1.542105e-06   1.317203e-04   3.001776e-03   34        34        1         0         255316    216               66328             10752             10692             
  34    1.259196e-06   1.184043e-04   2.699057e-03   35        35        1         0         257495    221               67600             10753             10692             
  35    1.030465e-06   1.065006e-04   2.430148e-03   36        36        1         0         259683    226               68881             10754             10692             
  36    8.454300e-07   9.576565e-05   2.187092e-03   37        37        1         0         261877    231               70168             10755             10692             
  37    6.956665e-07   8.615519e-05   1.970630e-03   38        38        1         0         264074    236               71458             10756             10692             
  38    5.744068e-07   7.748238e-05   1.774814e-03   39        39        1         0         266274    241               72751             10757             10692             
  39    4.761961e-07   6.971078e-05   1.600017e-03   40        40        1         0         268477    246               74047             10758             10692             
  40    3.966364e-07   6.269326e-05   1.441822e-03   41        41        1         0         270686    251               75349             10759             10692             
  41    3.321742e-07   5.640167e-05   1.300443e-03   42        42        1         0         272901    256               76657             10760             10692             
  42    2.799385e-07   5.071706e-05   1.172476e-03   43        43        1         0         275122    261               77971             10761             10692             
  43    2.376069e-07   4.561926e-05   1.058034e-03   44        44        1         0         277346    266               79288             10762             10692             
  44    2.033019e-07   4.101080e-05   9.543858e-04   45        45        1         0         279579    271               80614             10763             10692             
  45    1.755043e-07   3.687809e-05   8.615339e-04   46        46        1         0         281812    276               81940             10764             10692             
  46    1.529859e-07   3.314208e-05   7.772724e-04   47        47        1         0         284054    281               83275             10765             10692             
  47    1.347511e-07   2.979290e-05   7.015393e-04   48        48        1         0         286299    286               84613             10766             10692             
  48    1.199928e-07   2.676821e-05   6.327006e-04   49        49        1         0         288550    291               85957             10767             10692             
  49    1.080540e-07   2.405796e-05   5.707350e-04   50        50        1         0         290807    296               87307             10768             10692             
  50    9.839981e-08   2.161419e-05   5.145735e-04   51        51        1         0         293067    301               88660             10769             10692             
  51    9.059401e-08   1.942427e-05   4.641623e-04   52        52        1         0         295336    306               90022             10770             10692             
  52    8.428238e-08   1.745214e-05   4.187584e-04   53        53        1         0         297608    311               91387             10771             10692             
  53    7.917731e-08   1.568329e-05   3.781495e-04   54        54        1         0         299901    316               92773             10772             10692             
  54    7.504649e-08   1.409134e-05   3.417525e-04   55        55        1         0         302194    321               94159             10773             10692             
  55    7.170224e-08   1.266172e-05   3.092493e-04   56        56        1         0         304511    326               95569             10774             10692             
  56    6.899331e-08   1.137534e-05   2.801901e-04   57        57        1         0         306825    331               96976             10775             10692             
  57    6.679767e-08   1.021881e-05   2.542522e-04   58        58        1         0         309151    336               98395             10776             10692             
  58    6.501695e-08   9.178112e-06   2.311015e-04   59        59        1         0         311483    341               99820             10777             10692             
Optimization Terminated with Status: Converged
 Done target optimization...
 Resetting problem to initial conditions and target previous FFD points 
 and aim for machine precision functional value....
The process took 278.204 seconds to run.
Starting optimization with 320...

Newton-Krylov using GMRES with Limited-Memory BFGS preconditioning
Line Search: Backtracking satisfying Null Curvature Condition
-------------------------------------------------------------------------------------------------------------
Newton-Krylov status output definitions

  iter     - Number of iterates (steps taken) 
  value    - Objective function value 
  gnorm    - Norm of the gradient
  snorm    - Norm of the step (update to optimization vector)
  #fval    - Cumulative number of times the objective function was evaluated
  #grad    - Number of times the gradient was computed
  iterCG   - Number of Krylov iterations used to compute search direction
  flagCG   - Krylov solver flag
-------------------------------------------------------------------------------------------------------------
  iter  value          gnorm          snorm          #fval     #grad     iterCG    flagCG    ls_#fval  ls_#grad  n_vmult   dRdW_form         dRdW_mult         dRdX_mult         d2R_mult          
  0     1.453363e-03   4.690591e-03   
  1     1.746974e-05   4.123394e-04   6.377441e-01   2         2         55        0         1         0         49718     8                 45912             114               224               
  2     4.944514e-09   7.215363e-06   1.241616e-01   3         3         59        0         1         0         99729     14                92316             235               464               
  3     2.356875e-15   2.709442e-09   1.637207e-02   4         4         65        0         1         0         153772    19                142680            368               728               
  4     8.728506e-20   7.005787e-14   1.272587e-03   5         5         74        0         1         0         213680    23                198711            519               1028              
Optimization Terminated with Status: Converged
The process took 363.06 seconds to run.
Total n_vmult for algorithm 213680
