Starting optimization with 20...
Optimizing FFD points to obtain target Gaussian bump...

Quasi-Newton Method with Limited-Memory BFGS
Line Search: Backtracking satisfying Null Curvature Condition
  iter  value          gnorm          snorm          #fval     #grad     ls_#fval  ls_#grad  n_vmult   dRdW_form         dRdW_mult         dRdX_mult         d2R_mult          
  0     1.446428e-03   8.617416e-03   
  1     1.439015e-03   8.585692e-03   8.617416e-04   2         2         1         0         107507    365               77859             64                0                 
  2     1.243746e-03   7.736076e-03   2.418500e-02   3         3         1         0         109230    371               79095             65                0                 
  3     1.076880e-03   6.965577e-03   2.345293e-02   4         4         1         0         110956    377               80334             66                0                 
  4     9.338980e-04   6.263551e-03   2.296077e-02   5         5         1         0         112688    383               81579             67                0                 
  5     8.120047e-04   5.625984e-03   2.245672e-02   6         6         1         0         114426    389               82830             68                0                 
  6     7.084560e-04   5.048133e-03   2.193658e-02   7         7         1         0         116170    395               84087             69                0                 
  7     6.207142e-04   4.525112e-03   2.140126e-02   8         8         1         0         117920    401               85350             70                0                 
  8     5.464983e-04   4.052133e-03   2.085670e-02   9         9         1         0         119682    407               86625             71                0                 
  9     4.837952e-04   3.624648e-03   2.031090e-02   10        10        1         0         121453    413               87909             72                0                 
  10    4.308515e-04   3.238415e-03   1.977210e-02   11        11        1         0         123227    419               89196             73                0                 
  11    3.861533e-04   2.889524e-03   1.924801e-02   12        12        1         0         125013    425               90495             74                0                 
  12    3.484030e-04   2.574397e-03   1.874545e-02   13        13        1         0         126802    431               91797             75                0                 
  13    3.164935e-04   2.289775e-03   1.827069e-02   14        14        1         0         128594    437               93102             76                0                 
  14    2.894839e-04   2.032691e-03   1.782952e-02   15        15        1         0         130386    443               94407             77                0                 
  15    2.665774e-04   1.800454e-03   1.742751e-02   16        16        1         0         132199    449               95733             78                0                 
  16    2.471008e-04   1.590627e-03   1.707017e-02   17        17        1         0         134009    455               97056             79                0                 
  17    2.304868e-04   1.401006e-03   1.676286e-02   18        18        1         0         135804    461               98364             80                0                 
  18    2.162583e-04   1.229614e-03   1.651090e-02   19        19        1         0         137605    467               99678             81                0                 
  19    2.040150e-04   1.074684e-03   1.631944e-02   20        20        1         0         139406    473               100992            82                0                 
  20    1.934219e-04   9.346607e-04   1.619346e-02   21        21        1         0         141213    479               102312            83                0                 
  21    1.841986e-04   8.081979e-04   1.613774e-02   22        22        1         0         143020    485               103632            84                0                 
  22    1.761112e-04   6.941654e-04   1.615682e-02   23        23        1         0         144833    491               104958            85                0                 
  23    1.689648e-04   5.916673e-04   1.625508e-02   24        24        1         0         146649    497               106287            86                0                 
  24    1.625966e-04   5.000739e-04   1.643667e-02   25        25        1         0         148465    503               107616            87                0                 
  25    1.568712e-04   4.190747e-04   1.670562e-02   26        26        1         0         150275    509               108939            88                0                 
  26    1.516756e-04   3.487606e-04   1.706592e-02   27        27        1         0         152088    515               110265            89                0                 
  27    1.469151e-04   2.897217e-04   1.752178e-02   28        28        1         0         153907    521               111597            90                0                 
  28    1.425105e-04   2.430822e-04   1.807824e-02   29        29        1         0         155729    527               112932            91                0                 
  29    1.383944e-04   2.102194e-04   1.874227e-02   30        30        1         0         157563    533               114279            92                0                 
  30    1.345085e-04   1.917931e-04   1.952566e-02   31        31        1         0         159430    539               115659            93                0                 
  31    1.308004e-04   1.863790e-04   2.045044e-02   32        32        1         0         161342    545               117084            94                0                 
  32    1.272192e-04   1.902421e-04   2.156082e-02   33        33        1         0         163254    551               118509            95                0                 
  33    1.237095e-04   1.988264e-04   2.294586e-02   34        34        1         0         165097    557               119865            96                0                 
  34    1.202013e-04   2.082831e-04   2.478943e-02   35        35        1         0         166976    563               121257            97                0                 
  35    1.165925e-04   2.160961e-04   2.747236e-02   36        36        1         0         168888    569               122682            98                0                 
  36    1.127239e-04   2.205108e-04   3.176476e-02   37        37        1         0         170800    575               124107            99                0                 
  37    1.082597e-04   2.879775e-04   4.623593e-02   38        38        1         0         172679    581               125499            100               0                 
  38    1.046738e-04   2.811684e-04   3.502263e-02   39        39        1         0         174588    587               126921            101               0                 
  39    1.011580e-04   2.754696e-04   3.678744e-02   40        40        1         0         176533    593               128379            102               0                 
  40    9.649794e-05   2.654731e-04   5.689023e-02   41        41        1         0         178379    599               129738            103               0                 
  41    9.298658e-05   2.548274e-04   4.425464e-02   42        42        1         0         180318    605               131190            104               0                 
  42    8.973749e-05   2.455336e-04   4.383392e-02   43        43        1         0         182263    611               132648            105               0                 
  43    8.625020e-05   2.269115e-04   4.987952e-02   44        44        1         0         184178    617               134076            106               0                 
  44    8.220995e-05   2.314764e-04   6.385745e-02   45        45        1         0         186114    623               135525            107               0                 
  45    7.885986e-05   2.088817e-04   5.716775e-02   46        46        1         0         188032    629               136956            108               0                 
  46    7.622410e-05   1.977449e-04   4.914017e-02   47        47        1         0         190013    635               138450            109               0                 
  47    7.335110e-05   1.910631e-04   6.127677e-02   48        48        1         0         191904    641               139854            110               0                 
  48    7.126322e-05   1.742410e-04   4.598905e-02   49        49        1         0         193888    647               141351            111               0                 
  49    6.959230e-05   1.621493e-04   3.962439e-02   50        50        1         0         195863    653               142839            112               0                 
  50    6.804104e-05   1.482275e-04   3.846137e-02   51        51        1         0         197850    659               144339            113               0                 
  51    6.661059e-05   1.362466e-04   3.802857e-02   52        52        1         0         199834    665               145836            114               0                 
  52    6.524033e-05   1.217877e-04   3.921780e-02   53        53        1         0         201794    671               147309            115               0                 
  53    6.396968e-05   1.079379e-04   3.920921e-02   54        54        1         0         203781    677               148809            116               0                 
  54    6.297850e-05   9.629453e-05   3.343216e-02   55        55        1         0         205100    682               149721            117               0                 
  55    6.211908e-05   8.527619e-05   3.088185e-02   56        56        1         0         206446    687               150660            118               0                 
  56    6.134513e-05   7.527644e-05   2.991894e-02   57        57        1         0         207780    692               151587            119               0                 
  57    6.063021e-05   6.552960e-05   2.943302e-02   58        58        1         0         209132    697               152532            120               0                 
  58    5.995859e-05   5.653006e-05   2.961042e-02   59        59        1         0         210481    702               153474            121               0                 
  59    5.931916e-05   4.805914e-05   3.002613e-02   60        60        1         0         211830    707               154416            122               0                 
  60    5.870093e-05   4.044832e-05   3.094336e-02   61        61        1         0         213173    712               155352            123               0                 
  61    5.809503e-05   3.407498e-05   3.218767e-02   62        62        1         0         214516    717               156288            124               0                 
  62    5.749164e-05   2.948824e-05   3.393767e-02   63        63        1         0         215859    722               157224            125               0                 
  63    5.688240e-05   2.762467e-05   3.614197e-02   64        64        1         0         217196    727               158154            126               0                 
  64    5.625777e-05   2.898479e-05   3.890973e-02   65        65        1         0         218533    732               159084            127               0                 
  65    5.560944e-05   3.291250e-05   4.227425e-02   66        66        1         0         219876    737               160020            128               0                 
  66    5.492736e-05   3.937291e-05   4.628566e-02   67        67        1         0         221210    742               160947            129               0                 
  67    5.420352e-05   4.605690e-05   5.104688e-02   68        68        1         0         222556    747               161886            130               0                 
  68    5.342563e-05   5.552507e-05   5.659097e-02   69        69        1         0         223893    752               162816            131               0                 
  69    5.258827e-05   6.250930e-05   6.302336e-02   70        70        1         0         225185    757               163701            132               0                 
  70    5.166981e-05   7.641451e-05   7.091432e-02   71        71        1         0         226537    762               164646            133               0                 
  71    5.070583e-05   8.410209e-05   7.692776e-02   72        72        1         0         227856    767               165558            134               0                 
  72    4.967807e-05   9.562107e-05   8.347197e-02   73        73        1         0         229190    772               166485            135               0                 
  73    4.855806e-05   1.010112e-04   9.297200e-02   74        74        1         0         231192    778               168000            136               0                 
  74    4.729616e-05   1.232483e-04   1.078920e-01   75        75        1         0         233179    784               169500            137               0                 
  75    4.614740e-05   1.304294e-04   1.009371e-01   76        76        1         0         234504    789               170418            138               0                 
  76    4.489478e-05   1.330752e-04   1.095568e-01   77        77        1         0         235850    794               171357            139               0                 
  77    4.346817e-05   1.485244e-04   1.270885e-01   78        78        1         0         237190    799               172290            140               0                 
  78    4.208529e-05   1.493609e-04   1.246559e-01   79        79        1         0         238554    804               173247            141               0                 
  79    4.060190e-05   1.534675e-04   1.279141e-01   80        80        1         0         239882    809               174168            142               0                 
  80    3.905010e-05   1.536533e-04   1.368590e-01   81        81        1         0         241270    814               175149            143               0                 
  81    3.759819e-05   1.410624e-04   1.310272e-01   82        82        1         0         242598    819               176070            144               0                 
  82    3.631701e-05   1.351226e-04   1.191974e-01   83        83        1         0         243989    824               177054            145               0                 
  83    3.516162e-05   1.277550e-04   1.089995e-01   84        84        1         0         245401    829               178059            146               0                 
  84    3.410963e-05   1.242829e-04   1.021152e-01   85        85        1         0         246822    834               179073            147               0                 
  85    3.314957e-05   1.092999e-04   9.670605e-02   86        86        1         0         248201    839               180045            148               0                 
  86    3.237407e-05   1.026901e-04   8.111554e-02   87        87        1         0         249586    844               181023            149               0                 
  87    3.172289e-05   9.435812e-05   7.025440e-02   88        88        1         0         251010    849               182040            150               0                 
  88    3.116824e-05   8.741381e-05   6.171083e-02   89        89        1         0         252407    854               183030            151               0                 
  89    3.070081e-05   8.001505e-05   5.400315e-02   90        90        1         0         253840    859               184056            152               0                 
  90    3.030897e-05   7.331098e-05   4.698285e-02   91        91        1         0         255267    864               185076            153               0                 
  91    2.998216e-05   6.675336e-05   4.091700e-02   92        92        1         0         256697    869               186099            154               0                 
  92    2.971050e-05   6.067733e-05   3.554631e-02   93        93        1         0         258127    874               187122            155               0                 
  93    2.948526e-05   5.494547e-05   3.094132e-02   94        94        1         0         259554    879               188142            156               0                 
  94    2.929880e-05   4.963168e-05   2.694568e-02   95        95        1         0         260984    884               189165            157               0                 
  95    2.914455e-05   4.469500e-05   2.353091e-02   96        96        1         0         262414    889               190188            158               0                 
  96    2.901694e-05   4.013658e-05   2.060133e-02   97        97        1         0         263853    894               191220            159               0                 
  97    2.891128e-05   3.593102e-05   1.810353e-02   98        98        1         0         265292    899               192252            160               0                 
  98    2.882366e-05   3.206039e-05   1.597143e-02   99        99        1         0         266734    904               193287            161               0                 
  99    2.875082e-05   2.850013e-05   1.415795e-02   100       100       1         0         268179    909               194325            162               0                 
  100   2.869006e-05   2.522742e-05   1.261707e-02   101       101       1         0         269627    914               195366            163               0                 
  101   2.863916e-05   2.221852e-05   1.131151e-02   102       102       1         0         271078    919               196410            164               0                 
  102   2.859628e-05   1.945104e-05   1.020846e-02   103       103       1         0         272529    924               197454            165               0                 
  103   2.855992e-05   1.690355e-05   9.281224e-03   104       104       1         0         273983    929               198501            166               0                 
  104   2.852884e-05   1.455669e-05   8.507243e-03   105       105       1         0         275440    934               199551            167               0                 
  105   2.850203e-05   1.239369e-05   7.868290e-03   106       106       1         0         276897    939               200601            168               0                 
  106   2.847865e-05   1.040199e-05   7.349621e-03   107       107       1         0         278360    944               201657            169               0                 
  107   2.845800e-05   8.575899e-06   6.939751e-03   108       108       1         0         279823    949               202713            170               0                 
Optimization Terminated with Status: Converged
 Done target optimization...
 Resetting problem to initial conditions and target previous FFD points 
 and aim for machine precision functional value....
The process took 78.9648 seconds to run.
Starting optimization with 20...

Newton-Krylov using GMRES with Limited-Memory BFGS preconditioning
Line Search: Backtracking satisfying Null Curvature Condition
-------------------------------------------------------------------------------------------------------------
Newton-Krylov status output definitions

  iter     - Number of iterates (steps taken) 
  value    - Objective function value 
  gnorm    - Norm of the gradient
  snorm    - Norm of the step (update to optimization vector)
  #fval    - Cumulative number of times the objective function was evaluated
  #grad    - Number of times the gradient was computed
  iterCG   - Number of Krylov iterations used to compute search direction
  flagCG   - Krylov solver flag
-------------------------------------------------------------------------------------------------------------
  iter  value          gnorm          snorm          #fval     #grad     iterCG    flagCG    ls_#fval  ls_#grad  n_vmult   dRdW_form         dRdW_mult         dRdX_mult         d2R_mult          
  0     1.416969e-03   8.616656e-03   
  1     1.516271e-05   8.904983e-04   7.193821e+00   2         2         16        0         1         0         14280     8                 12912             36                68                
  2     4.021627e-09   1.135566e-05   6.402837e+00   3         3         16        0         1         0         27001     14                24432             71                136               
  3     7.338703e-15   3.737448e-09   3.895464e-01   4         4         17        0         1         0         39933     19                36201             108               208               
  4     2.823088e-23   7.784215e-13   2.459708e-02   5         5         19        0         1         0         54464     24                49485             149               288               
Optimization Terminated with Status: Converged
The process took 18.2452 seconds to run.
Total n_vmult for algorithm 54464
