Starting optimization with 100...
Optimizing FFD points to obtain target Gaussian bump...

Quasi-Newton Method with Limited-Memory BFGS
Line Search: Backtracking satisfying Null Curvature Condition
  iter  value          gnorm          snorm          #fval     #grad     ls_#fval  ls_#grad  n_vmult   dRdW_form         dRdW_mult         dRdX_mult         d2R_mult          
  0     1.460802e-03   6.163059e-03   
  1     1.457007e-03   6.154322e-03   6.163059e-04   2         2         1         0         176083    75                145608            313               612               
  2     1.202229e-03   5.545370e-03   4.362721e-02   3         3         1         0         179855    81                147453            314               612               
  3     9.921012e-04   5.000723e-03   4.003452e-02   4         4         1         0         183636    87                149307            315               612               
  4     8.172889e-04   4.508496e-03   3.706367e-02   5         5         1         0         187417    93                151161            316               612               
  5     6.723314e-04   4.064023e-03   3.419612e-02   6         6         1         0         191198    99                153015            317               612               
  6     5.524195e-04   3.663011e-03   3.146834e-02   7         7         1         0         195003    105               154893            318               612               
  7     4.534169e-04   3.301169e-03   2.888587e-02   8         8         1         0         197876    110               156159            319               612               
  8     3.718073e-04   2.974869e-03   2.646991e-02   9         9         1         0         200752    115               157428            320               612               
  9     3.046250e-04   2.680435e-03   2.421138e-02   10        10        1         0         203634    120               158703            321               612               
  10    2.493816e-04   2.414960e-03   2.212707e-02   11        11        1         0         206525    125               159987            322               612               
  11    2.039953e-04   2.175255e-03   2.019658e-02   12        12        1         0         209422    130               161277            323               612               
  12    1.667270e-04   1.959053e-03   1.844355e-02   13        13        1         0         212334    135               162582            324               612               
  13    1.361248e-04   1.763391e-03   1.683874e-02   14        14        1         0         215255    140               163896            325               612               
  14    1.109819e-04   1.586551e-03   1.541809e-02   15        15        1         0         218185    145               165219            326               612               
  15    9.031463e-05   1.425750e-03   1.411838e-02   16        16        1         0         221124    150               166551            327               612               
  16    7.336232e-05   1.280341e-03   1.293158e-02   17        17        1         0         224069    155               167889            328               612               
  17    5.955197e-05   1.148827e-03   1.173196e-02   18        18        1         0         227026    160               169239            329               612               
  18    4.839200e-05   1.031442e-03   1.056925e-02   19        19        1         0         229992    165               170598            330               612               
  19    3.940553e-05   9.265198e-04   9.465547e-03   20        20        1         0         232967    170               171966            331               612               
  20    3.215884e-05   8.330239e-04   8.500801e-03   21        21        1         0         235957    175               173349            332               612               
  21    2.629880e-05   7.492149e-04   7.646577e-03   22        22        1         0         238962    180               174747            333               612               
  22    2.154880e-05   6.741075e-04   6.902243e-03   23        23        1         0         241973    185               176151            334               612               
  23    1.769290e-05   6.065607e-04   6.236600e-03   24        24        1         0         244990    190               177561            335               612               
  24    1.456025e-05   5.458457e-04   5.644614e-03   25        25        1         0         248016    195               178980            336               612               
  25    1.201423e-05   4.911803e-04   5.110695e-03   26        26        1         0         251048    200               180405            337               612               
  26    9.944632e-06   4.419856e-04   4.631505e-03   27        27        1         0         254086    205               181836            338               612               
  27    8.262207e-06   3.976785e-04   4.198934e-03   28        28        1         0         257130    210               183273            339               612               
  28    6.894420e-06   3.577799e-04   3.810022e-03   29        29        1         0         260174    215               184710            340               612               
  29    5.782225e-06   3.218332e-04   3.460354e-03   30        30        1         0         263233    220               186162            341               612               
  30    4.877451e-06   2.894279e-04   3.147456e-03   31        31        1         0         266295    225               187617            342               612               
  31    4.140696e-06   2.601882e-04   2.869956e-03   32        32        1         0         269366    230               189081            343               612               
  32    3.539676e-06   2.337352e-04   2.626221e-03   33        33        1         0         272431    235               190539            344               612               
  33    3.048229e-06   2.097515e-04   2.415090e-03   34        34        1         0         275511    240               192012            345               612               
  34    2.646200e-06   1.879483e-04   2.225304e-03   35        35        1         0         278582    245               193476            346               612               
  35    2.319176e-06   1.682501e-04   2.041227e-03   36        36        1         0         281671    250               194958            347               612               
  36    2.055686e-06   1.505988e-04   1.854820e-03   37        37        1         0         284757    255               196437            348               612               
  37    1.844277e-06   1.348892e-04   1.681255e-03   38        38        1         0         287858    260               197931            349               612               
  38    1.674153e-06   1.208720e-04   1.531059e-03   39        39        1         0         290956    265               199422            350               612               
  39    1.536509e-06   1.083277e-04   1.405597e-03   40        40        1         0         294069    270               200928            351               612               
  40    1.424600e-06   9.705426e-05   1.300035e-03   41        41        1         0         297182    275               202434            352               612               
  41    1.333257e-06   8.690252e-05   1.210759e-03   42        42        1         0         300301    280               203946            353               612               
  42    1.258455e-06   7.774033e-05   1.134642e-03   43        43        1         0         303423    285               205461            354               612               
  43    1.197006e-06   6.946160e-05   1.069904e-03   44        44        1         0         306554    290               206985            355               612               
  44    1.146363e-06   6.196943e-05   1.015069e-03   45        45        1         0         309685    295               208509            356               612               
  45    1.104471e-06   5.518114e-05   9.691925e-04   46        46        1         0         312822    300               210039            357               612               
  46    1.069672e-06   4.902083e-05   9.314559e-04   47        47        1         0         315965    305               211575            358               612               
  47    1.040621e-06   4.342197e-05   9.012858e-04   48        48        1         0         319117    310               213120            359               612               
  48    1.016228e-06   3.832387e-05   8.782192e-04   49        49        1         0         322269    315               214665            360               612               
  49    9.956044e-07   3.367298e-05   8.619642e-04   50        50        1         0         325424    320               216213            361               612               
  50    9.780301e-07   2.942123e-05   8.523618e-04   51        51        1         0         328588    325               217770            362               612               
  51    9.629159e-07   2.552696e-05   8.494207e-04   52        52        1         0         331758    330               219333            363               612               
  52    9.497800e-07   2.195464e-05   8.533144e-04   53        53        1         0         334937    335               220905            364               612               
  53    9.382270e-07   1.867659e-05   8.644065e-04   54        54        1         0         338119    340               222480            365               612               
  54    9.279300e-07   1.567531e-05   8.832623e-04   55        55        1         0         341301    345               224055            366               612               
  55    9.186172e-07   1.294949e-05   9.106720e-04   56        56        1         0         344486    350               225633            367               612               
  56    9.100596e-07   1.052589e-05   9.476683e-04   57        57        1         0         347674    355               227214            368               612               
  57    9.020622e-07   8.483969e-06   9.955495e-04   58        58        1         0         350862    360               228795            369               612               
Optimization Terminated with Status: Converged
 Done target optimization...
 Resetting problem to initial conditions and target previous FFD points 
 and aim for machine precision functional value....
The process took 739.971 seconds to run.
********************************************************
Biros and Ghattas Full-space method...with P2 preconditioner
Using 16100 design variables: 16000 simulation variables and 100 control variables.
Line Search: Backtracking satisfying Null Curvature Condition
********************************************************
Iteration         Func. val.        ||Lagr. grad.||   ||Constraint||    ||Search dir||    search_ctl_norm   search_sim_norm   search_adj_norm   n_kkt_iter        n_linesearches    n_grad            n_vmult           dRdW_form         dRdW_mult         dRdX_mult         d2R_mult          
1                 6.61259e-06       0.0050069         0.0185352         8.90527           4.54196           4.67131           6.07069           60                1                 0                 57805             2                 53707             250               244               
2                 8.02239e-07       0.00023911        0.000453085       2.3275            2.10708           0.388417          0.90918           46                1                 0                 99962             3                 92877             443               432               
3                 7.17786e-10       4.78776e-05       6.68424e-05       2.49465           2.47714           0.136221          0.261773          55                1                 0                 150534            4                 139958            672               656               
4                 1.4238e-12        5.12804e-08       2.25876e-08       0.139997          0.139015          0.00448206        0.0159366         57                1                 0                 202449            5                 188270            909               888               
5                 9.48685e-13       2.44192e-11       1.65901e-10       0.0764288         0.0764285         0.000217392       2.27695e-05       64                1                 0                 260683            6                 242509            1174              1148              
Optimization Terminated with Status: Converged
The process took 1668.67 seconds to run.
Total n_vmult for algorithm 260683
