Starting optimization with 60...
Optimizing FFD points to obtain target Gaussian bump...

Quasi-Newton Method with Limited-Memory BFGS
Line Search: Backtracking satisfying Null Curvature Condition
  iter  value          gnorm          snorm          #fval     #grad     ls_#fval  ls_#grad  n_vmult   dRdW_form         dRdW_mult         dRdX_mult         d2R_mult          
  0     1.460201e-03   6.826447e-03   
  1     1.455545e-03   6.813803e-03   6.826447e-04   2         2         1         0         232461    525               137289            96                0                 
  2     1.214223e-03   6.140337e-03   3.747184e-02   3         3         1         0         235207    531               138948            97                0                 
  3     1.011843e-03   5.534821e-03   3.528034e-02   4         4         1         0         237962    537               140616            98                0                 
  4     8.410135e-04   4.985491e-03   3.355362e-02   5         5         1         0         240732    543               142299            99                0                 
  5     6.976284e-04   4.488463e-03   3.179094e-02   6         6         1         0         243520    549               144000            100               0                 
  6     5.778031e-04   4.039537e-03   3.000962e-02   7         7         1         0         246326    555               145719            101               0                 
  7     4.780149e-04   3.634492e-03   2.823021e-02   8         8         1         0         249147    561               147453            102               0                 
  8     3.951444e-04   3.269282e-03   2.647718e-02   9         9         1         0         251977    567               149196            103               0                 
  9     3.264777e-04   2.940114e-03   2.477208e-02   10        10        1         0         254819    573               150951            104               0                 
  10    2.696839e-04   2.643495e-03   2.313234e-02   11        11        1         0         257673    579               152718            105               0                 
  11    2.227799e-04   2.376235e-03   2.157032e-02   12        12        1         0         259681    584               153819            106               0                 
  12    1.840906e-04   2.135444e-03   2.009403e-02   13        13        1         0         261698    589               154929            107               0                 
  13    1.522091e-04   1.918508e-03   1.870774e-02   14        14        1         0         263727    594               156051            108               0                 
  14    1.259583e-04   1.723066e-03   1.741289e-02   15        15        1         0         265768    599               157185            109               0                 
  15    1.043572e-04   1.546992e-03   1.620879e-02   16        16        1         0         267821    604               158331            110               0                 
  16    8.659007e-05   1.388368e-03   1.509322e-02   17        17        1         0         269886    609               159489            111               0                 
  17    7.198075e-05   1.245465e-03   1.406293e-02   18        18        1         0         271954    614               160650            112               0                 
  18    5.996953e-05   1.116726e-03   1.311398e-02   19        19        1         0         274031    619               161820            113               0                 
  19    5.009403e-05   1.000744e-03   1.224204e-02   20        20        1         0         276111    624               162993            114               0                 
  20    4.197286e-05   8.962534e-04   1.144258e-02   21        21        1         0         278197    629               164172            115               0                 
  21    3.529187e-05   8.021125e-04   1.071102e-02   22        22        1         0         280286    634               165354            116               0                 
  22    2.979255e-05   7.172917e-04   1.004285e-02   23        23        1         0         282384    639               166545            117               0                 
  23    2.526244e-05   6.408630e-04   9.433729e-03   24        24        1         0         284482    644               167736            118               0                 
  24    2.152704e-05   5.719902e-04   8.879500e-03   25        25        1         0         286589    649               168936            119               0                 
  25    1.844317e-05   5.099196e-04   8.376266e-03   26        26        1         0         288699    654               170139            120               0                 
  26    1.589339e-05   4.539723e-04   7.920402e-03   27        27        1         0         290815    659               171348            121               0                 
  27    1.378145e-05   4.035370e-04   7.508571e-03   28        28        1         0         292934    664               172560            122               0                 
  28    1.202848e-05   3.580634e-04   7.137741e-03   29        29        1         0         295053    669               173772            123               0                 
  29    1.056987e-05   3.170568e-04   6.805177e-03   30        30        1         0         297178    674               174990            124               0                 
  30    9.352730e-06   2.800729e-04   6.508454e-03   31        31        1         0         299306    679               176211            125               0                 
  31    8.333725e-06   2.467131e-04   6.245443e-03   32        32        1         0         301443    684               177441            126               0                 
  32    7.477380e-06   2.166214e-04   6.014321e-03   33        33        1         0         303580    689               178671            127               0                 
  33    6.754637e-06   1.894799e-04   5.813555e-03   34        34        1         0         305726    694               179910            128               0                 
  34    6.141686e-06   1.650077e-04   5.641907e-03   35        35        1         0         307878    699               181155            129               0                 
  35    5.619011e-06   1.429574e-04   5.498420e-03   36        36        1         0         310039    704               182409            130               0                 
  36    5.170602e-06   1.231158e-04   5.382425e-03   37        37        1         0         312200    709               183663            131               0                 
  37    4.783314e-06   1.053019e-04   5.293518e-03   38        38        1         0         314343    714               184899            132               0                 
  38    4.446343e-06   8.937155e-05   5.231575e-03   39        39        1         0         316486    719               186135            133               0                 
  39    4.150795e-06   7.521559e-05   5.196723e-03   40        40        1         0         318629    724               187371            134               0                 
  40    3.889331e-06   6.277842e-05   5.189413e-03   41        41        1         0         320784    729               188619            135               0                 
  41    3.655864e-06   5.204337e-05   5.210817e-03   42        42        1         0         322942    734               189870            136               0                 
  42    3.445204e-06   4.310251e-05   5.266566e-03   43        43        1         0         325103    739               191124            137               0                 
  43    3.251562e-06   3.610086e-05   5.409378e-03   44        44        1         0         327291    744               192405            138               0                 
  44    3.059167e-06   3.177269e-05   6.054354e-03   45        45        1         0         329485    749               193692            139               0                 
  45    2.877921e-06   2.789712e-05   6.305316e-03   46        46        1         0         331625    754               194925            140               0                 
  46    2.740602e-06   2.824686e-05   5.376766e-03   47        47        1         0         333819    759               196212            141               0                 
  47    2.617219e-06   2.937601e-05   5.252520e-03   48        48        1         0         336013    764               197499            142               0                 
  48    2.498889e-06   3.130920e-05   5.467292e-03   49        49        1         0         338204    769               198783            143               0                 
  49    2.381904e-06   3.295106e-05   5.784284e-03   50        50        1         0         340449    774               200121            144               0                 
  50    2.262653e-06   3.610147e-05   6.498517e-03   51        51        1         0         342625    779               201390            145               0                 
  51    2.125910e-06   3.651948e-05   8.055640e-03   52        52        1         0         344846    784               202704            146               0                 
  52    2.031632e-06   3.767175e-05   6.219938e-03   53        53        1         0         347061    789               204012            147               0                 
  53    1.946801e-06   3.789719e-05   5.961858e-03   54        54        1         0         349273    794               205317            148               0                 
  54    1.866652e-06   3.762999e-05   6.000409e-03   55        55        1         0         351497    799               206634            149               0                 
  55    1.789578e-06   3.687169e-05   6.109446e-03   56        56        1         0         353703    804               207933            150               0                 
  56    1.713725e-06   3.541571e-05   6.369819e-03   57        57        1         0         355945    809               209268            151               0                 
  57    1.635352e-06   3.417296e-05   7.290052e-03   58        58        1         0         358184    814               210600            152               0                 
  58    1.561569e-06   3.156716e-05   7.336920e-03   59        59        1         0         360435    819               211944            153               0                 
  59    1.507408e-06   2.968376e-05   5.933681e-03   60        60        1         0         362677    824               213279            154               0                 
  60    1.458287e-06   2.754874e-05   5.710598e-03   61        61        1         0         364955    829               214650            155               0                 
  61    1.413082e-06   2.537870e-05   5.648732e-03   62        62        1         0         367206    834               215994            156               0                 
  62    1.367898e-06   2.319402e-05   6.220795e-03   63        63        1         0         369418    839               217299            157               0                 
  63    1.327310e-06   2.045922e-05   6.012194e-03   64        64        1         0         371651    844               218625            158               0                 
  64    1.297860e-06   1.848054e-05   4.807465e-03   65        65        1         0         373947    849               220014            159               0                 
  65    1.272253e-06   1.659854e-05   4.457209e-03   66        66        1         0         376243    854               221403            160               0                 
  66    1.249189e-06   1.478056e-05   4.316477e-03   67        67        1         0         378524    859               222777            161               0                 
  67    1.227953e-06   1.318471e-05   4.290293e-03   68        68        1         0         380796    864               224142            162               0                 
  68    1.207527e-06   1.128885e-05   4.504035e-03   69        69        1         0         383074    869               225513            163               0                 
  69    1.191080e-06   9.793642e-06   3.934031e-03   70        70        1         0         385334    874               226866            164               0                 
Optimization Terminated with Status: Converged
 Done target optimization...
 Resetting problem to initial conditions and target previous FFD points 
 and aim for machine precision functional value....
The process took 238.975 seconds to run.
Starting optimization with 60...

Newton-Krylov using GMRES with Limited-Memory BFGS preconditioning
Line Search: Backtracking satisfying Null Curvature Condition
-------------------------------------------------------------------------------------------------------------
Newton-Krylov status output definitions

  iter     - Number of iterates (steps taken) 
  value    - Objective function value 
  gnorm    - Norm of the gradient
  snorm    - Norm of the step (update to optimization vector)
  #fval    - Cumulative number of times the objective function was evaluated
  #grad    - Number of times the gradient was computed
  iterCG   - Number of Krylov iterations used to compute search direction
  flagCG   - Krylov solver flag
-------------------------------------------------------------------------------------------------------------
  iter  value          gnorm          snorm          #fval     #grad     iterCG    flagCG    ls_#fval  ls_#grad  n_vmult   dRdW_form         dRdW_mult         dRdX_mult         d2R_mult          
  0     1.462804e-03   6.832808e-03   
  1     1.767517e-05   7.038214e-04   1.868792e+01   2         2         31        0         1         0         30278     8                 27480             66                128               
  2     4.776958e-09   1.129824e-05   1.839120e+01   3         3         28        0         1         0         55416     14                50313             125               244               
  3     1.111128e-14   2.938805e-09   2.832768e-01   4         4         31        0         1         0         82219     19                74865             190               372               
  4     2.497835e-20   1.046367e-13   1.059536e-02   5         5         36        0         1         0         112040    23                102405            265               520               
Optimization Terminated with Status: Converged
The process took 235.935 seconds to run.
Total n_vmult for algorithm 112040
