Starting optimization with 80...
Optimizing FFD points to obtain target Gaussian bump...

Quasi-Newton Method with Limited-Memory BFGS
Line Search: Backtracking satisfying Null Curvature Condition
  iter  value          gnorm          snorm          #fval     #grad     ls_#fval  ls_#grad  n_vmult   dRdW_form         dRdW_mult         dRdX_mult         d2R_mult          
  0     1.460802e-03   6.444868e-03   
  1     1.456652e-03   6.434657e-03   6.444868e-04   2         2         1         0         243267    406               112794            79                0                 
  2     1.206427e-03   5.798343e-03   4.105102e-02   3         3         1         0         247030    412               114630            80                0                 
  3     9.985836e-04   5.228032e-03   3.808637e-02   4         4         1         0         250820    418               116493            81                0                 
  4     8.246509e-04   4.711837e-03   3.565320e-02   5         5         1         0         254604    424               118350            82                0                 
  5     6.797695e-04   4.245473e-03   3.323897e-02   6         6         1         0         258388    430               120207            83                0                 
  6     5.595073e-04   3.824624e-03   3.087674e-02   7         7         1         0         262199    436               122091            84                0                 
  7     4.599551e-04   3.445059e-03   2.858887e-02   8         8         1         0         265069    441               123354            85                0                 
  8     3.777282e-04   3.102866e-03   2.639841e-02   9         9         1         0         267945    446               124623            86                0                 
  9     3.099350e-04   2.794403e-03   2.431923e-02   10        10        1         0         270830    451               125901            87                0                 
  10    2.541276e-04   2.516384e-03   2.236203e-02   11        11        1         0         273718    456               127182            88                0                 
  11    2.082478e-04   2.265806e-03   2.053038e-02   12        12        1         0         276609    461               128466            89                0                 
  12    1.705738e-04   2.039982e-03   1.882585e-02   13        13        1         0         279515    466               129765            90                0                 
  13    1.396702e-04   1.836465e-03   1.724551e-02   14        14        1         0         282430    471               131073            91                0                 
  14    1.143441e-04   1.653074e-03   1.578601e-02   15        15        1         0         285351    476               132387            92                0                 
  15    9.360639e-05   1.487818e-03   1.444128e-02   16        16        1         0         288284    481               133713            93                0                 
  16    7.663878e-05   1.338924e-03   1.320587e-02   17        17        1         0         291223    486               135045            94                0                 
  17    6.276536e-05   1.204774e-03   1.207255e-02   18        18        1         0         294174    491               136389            95                0                 
  18    5.142879e-05   1.083925e-03   1.103530e-02   19        19        1         0         297134    496               137742            96                0                 
  19    4.217019e-05   9.750583e-04   1.008679e-02   20        20        1         0         300103    501               139104            97                0                 
  20    3.461223e-05   8.770024e-04   9.221197e-03   21        21        1         0         303084    506               140478            98                0                 
  21    2.844501e-05   7.886796e-04   8.431561e-03   22        22        1         0         306083    511               141870            99                0                 
  22    2.341431e-05   7.091397e-04   7.712652e-03   23        23        1         0         309091    516               143271            100               0                 
  23    1.931181e-05   6.375015e-04   7.058041e-03   24        24        1         0         312108    521               144681            101               0                 
  24    1.596691e-05   5.729960e-04   6.463265e-03   25        25        1         0         315131    526               146097            102               0                 
  25    1.324009e-05   5.149011e-04   5.922457e-03   26        26        1         0         318163    531               147522            103               0                 
  26    1.101728e-05   4.625969e-04   5.431997e-03   27        27        1         0         321198    536               148950            104               0                 
  27    9.205309e-06   4.154891e-04   4.986516e-03   28        28        1         0         324236    541               150381            105               0                 
  28    7.728115e-06   3.730816e-04   4.583281e-03   29        29        1         0         327280    546               151818            106               0                 
  29    6.523640e-06   3.348812e-04   4.217316e-03   30        30        1         0         330330    551               153261            107               0                 
  30    5.541271e-06   3.004956e-04   3.886832e-03   31        31        1         0         333392    556               154716            108               0                 
  31    4.739742e-06   2.695089e-04   3.587119e-03   32        32        1         0         336457    561               156174            109               0                 
  32    4.085416e-06   2.416172e-04   3.317459e-03   33        33        1         0         339525    566               157635            110               0                 
  33    3.550870e-06   2.164594e-04   3.073295e-03   34        34        1         0         342596    571               159099            111               0                 
  34    3.113752e-06   1.938081e-04   2.855182e-03   35        35        1         0         345673    576               160569            112               0                 
  35    2.755835e-06   1.733347e-04   2.658542e-03   36        36        1         0         348753    581               162042            113               0                 
  36    2.462301e-06   1.548813e-04   2.484851e-03   37        37        1         0         351842    586               163524            114               0                 
  37    2.221186e-06   1.381466e-04   2.328037e-03   38        38        1         0         354934    591               165009            115               0                 
  38    2.023012e-06   1.230577e-04   2.187137e-03   39        39        1         0         358032    596               166500            116               0                 
  39    1.860340e-06   1.093875e-04   2.052807e-03   40        40        1         0         361130    601               167991            117               0                 
  40    1.727157e-06   9.713677e-05   1.924907e-03   41        41        1         0         364231    606               169485            118               0                 
  41    1.618253e-06   8.612077e-05   1.803324e-03   42        42        1         0         367341    611               170988            119               0                 
  42    1.529030e-06   7.628339e-05   1.694684e-03   43        43        1         0         370451    616               172491            120               0                 
  43    1.455619e-06   6.744282e-05   1.599920e-03   44        44        1         0         373567    621               174000            121               0                 
  44    1.394892e-06   5.951798e-05   1.519436e-03   45        45        1         0         376680    626               175506            122               0                 
  45    1.344380e-06   5.237588e-05   1.450979e-03   46        46        1         0         379802    631               177021            123               0                 
  46    1.302128e-06   4.595050e-05   1.393175e-03   47        47        1         0         382921    636               178533            124               0                 
  47    1.266584e-06   4.015000e-05   1.344518e-03   48        48        1         0         386046    641               180051            125               0                 
  48    1.236504e-06   3.492359e-05   1.304182e-03   49        49        1         0         389165    646               181563            126               0                 
  49    1.210880e-06   3.020567e-05   1.271533e-03   50        50        1         0         392269    651               183060            127               0                 
  50    1.188899e-06   2.595876e-05   1.246237e-03   51        51        1         0         395358    656               184542            128               0                 
  51    1.169895e-06   2.213662e-05   1.228180e-03   52        52        1         0         398477    661               186054            129               0                 
  52    1.153323e-06   1.871652e-05   1.217380e-03   53        53        1         0         401599    666               187569            130               0                 
  53    1.138733e-06   1.567178e-05   1.214155e-03   54        54        1         0         404718    671               189081            131               0                 
  54    1.125755e-06   1.300144e-05   1.219027e-03   55        55        1         0         407852    676               190608            132               0                 
  55    1.114068e-06   1.070870e-05   1.233729e-03   56        56        1         0         410986    681               192135            133               0                 
  56    1.103366e-06   8.835062e-06   1.265094e-03   57        57        1         0         414123    686               193665            134               0                 
Optimization Terminated with Status: Converged
 Done target optimization...
 Resetting problem to initial conditions and target previous FFD points 
 and aim for machine precision functional value....
The process took 714.907 seconds to run.
Starting optimization with 80...

Newton-Krylov using GMRES with Limited-Memory BFGS preconditioning
Line Search: Backtracking satisfying Null Curvature Condition
-------------------------------------------------------------------------------------------------------------
Newton-Krylov status output definitions

  iter     - Number of iterates (steps taken) 
  value    - Objective function value 
  gnorm    - Norm of the gradient
  snorm    - Norm of the step (update to optimization vector)
  #fval    - Cumulative number of times the objective function was evaluated
  #grad    - Number of times the gradient was computed
  iterCG   - Number of Krylov iterations used to compute search direction
  flagCG   - Krylov solver flag
-------------------------------------------------------------------------------------------------------------
  iter  value          gnorm          snorm          #fval     #grad     iterCG    flagCG    ls_#fval  ls_#grad  n_vmult   dRdW_form         dRdW_mult         dRdX_mult         d2R_mult          
  0     1.456334e-03   6.438229e-03   
  1     1.784516e-05   6.436091e-04   1.490074e+01   2         2         36        0         1         0         40158     8                 36030             76                148               
  2     5.901293e-09   1.057068e-05   1.450762e+01   3         3         35        0         1         0         75295     14                67728             149               292               
  3     1.557136e-14   5.375212e-09   4.500811e-01   4         4         37        0         1         0         111261    19                100491            226               444               
  4     1.192878e-18   1.480009e-13   2.228054e-02   5         5         41        0         1         0         149310    23                135489            311               612               
Optimization Terminated with Status: Converged
The process took 1131.5 seconds to run.
Total n_vmult for algorithm 149310
