Starting optimization with 60...
Optimizing FFD points to obtain target Gaussian bump...

Quasi-Newton Method with Limited-Memory BFGS
Line Search: Backtracking satisfying Null Curvature Condition
  iter  value          gnorm          snorm          #fval     #grad     ls_#fval  ls_#grad  n_vmult   dRdW_form         dRdW_mult         dRdX_mult         d2R_mult          
  0     1.460201e-03   6.826447e-03   
  1     1.455545e-03   6.813803e-03   6.826447e-04   2         2         1         0         129627    47                18211             7368              7340              
  2     1.214223e-03   6.140337e-03   3.747184e-02   3         3         1         0         132373    53                19870             7369              7340              
  3     1.011843e-03   5.534821e-03   3.528034e-02   4         4         1         0         135128    59                21538             7370              7340              
  4     8.410135e-04   4.985491e-03   3.355362e-02   5         5         1         0         137898    65                23221             7371              7340              
  5     6.976284e-04   4.488463e-03   3.179094e-02   6         6         1         0         140686    71                24922             7372              7340              
  6     5.778031e-04   4.039537e-03   3.000962e-02   7         7         1         0         143492    77                26641             7373              7340              
  7     4.780149e-04   3.634492e-03   2.823021e-02   8         8         1         0         146313    83                28375             7374              7340              
  8     3.951444e-04   3.269282e-03   2.647718e-02   9         9         1         0         149143    89                30118             7375              7340              
  9     3.264777e-04   2.940114e-03   2.477208e-02   10        10        1         0         151985    95                31873             7376              7340              
  10    2.696839e-04   2.643495e-03   2.313234e-02   11        11        1         0         154839    101               33640             7377              7340              
  11    2.227799e-04   2.376235e-03   2.157032e-02   12        12        1         0         156847    106               34741             7378              7340              
  12    1.840906e-04   2.135444e-03   2.009403e-02   13        13        1         0         158864    111               35851             7379              7340              
  13    1.522091e-04   1.918508e-03   1.870774e-02   14        14        1         0         160893    116               36973             7380              7340              
  14    1.259583e-04   1.723066e-03   1.741289e-02   15        15        1         0         162934    121               38107             7381              7340              
  15    1.043572e-04   1.546992e-03   1.620879e-02   16        16        1         0         164987    126               39253             7382              7340              
  16    8.659007e-05   1.388368e-03   1.509322e-02   17        17        1         0         167052    131               40411             7383              7340              
  17    7.198075e-05   1.245465e-03   1.406293e-02   18        18        1         0         169120    136               41572             7384              7340              
  18    5.996953e-05   1.116726e-03   1.311398e-02   19        19        1         0         171197    141               42742             7385              7340              
  19    5.009403e-05   1.000744e-03   1.224204e-02   20        20        1         0         173277    146               43915             7386              7340              
  20    4.197286e-05   8.962534e-04   1.144258e-02   21        21        1         0         175363    151               45094             7387              7340              
  21    3.529187e-05   8.021125e-04   1.071102e-02   22        22        1         0         177452    156               46276             7388              7340              
  22    2.979255e-05   7.172917e-04   1.004285e-02   23        23        1         0         179550    161               47467             7389              7340              
  23    2.526244e-05   6.408630e-04   9.433729e-03   24        24        1         0         181648    166               48658             7390              7340              
  24    2.152704e-05   5.719902e-04   8.879500e-03   25        25        1         0         183755    171               49858             7391              7340              
  25    1.844317e-05   5.099196e-04   8.376266e-03   26        26        1         0         185865    176               51061             7392              7340              
  26    1.589339e-05   4.539723e-04   7.920402e-03   27        27        1         0         187981    181               52270             7393              7340              
  27    1.378145e-05   4.035370e-04   7.508571e-03   28        28        1         0         190100    186               53482             7394              7340              
  28    1.202848e-05   3.580634e-04   7.137741e-03   29        29        1         0         192219    191               54694             7395              7340              
  29    1.056987e-05   3.170568e-04   6.805177e-03   30        30        1         0         194344    196               55912             7396              7340              
  30    9.352730e-06   2.800729e-04   6.508454e-03   31        31        1         0         196472    201               57133             7397              7340              
  31    8.333725e-06   2.467131e-04   6.245443e-03   32        32        1         0         198609    206               58363             7398              7340              
  32    7.477380e-06   2.166214e-04   6.014321e-03   33        33        1         0         200746    211               59593             7399              7340              
  33    6.754637e-06   1.894799e-04   5.813555e-03   34        34        1         0         202892    216               60832             7400              7340              
  34    6.141686e-06   1.650077e-04   5.641907e-03   35        35        1         0         205044    221               62077             7401              7340              
  35    5.619011e-06   1.429574e-04   5.498420e-03   36        36        1         0         207205    226               63331             7402              7340              
  36    5.170602e-06   1.231158e-04   5.382425e-03   37        37        1         0         209366    231               64585             7403              7340              
  37    4.783314e-06   1.053019e-04   5.293518e-03   38        38        1         0         211509    236               65821             7404              7340              
  38    4.446343e-06   8.937155e-05   5.231575e-03   39        39        1         0         213652    241               67057             7405              7340              
  39    4.150795e-06   7.521559e-05   5.196723e-03   40        40        1         0         215795    246               68293             7406              7340              
  40    3.889331e-06   6.277842e-05   5.189413e-03   41        41        1         0         217950    251               69541             7407              7340              
  41    3.655864e-06   5.204337e-05   5.210817e-03   42        42        1         0         220108    256               70792             7408              7340              
  42    3.445204e-06   4.310251e-05   5.266566e-03   43        43        1         0         222269    261               72046             7409              7340              
  43    3.251562e-06   3.610086e-05   5.409378e-03   44        44        1         0         224457    266               73327             7410              7340              
  44    3.059167e-06   3.177269e-05   6.054354e-03   45        45        1         0         226651    271               74614             7411              7340              
  45    2.877921e-06   2.789712e-05   6.305316e-03   46        46        1         0         228791    276               75847             7412              7340              
  46    2.740602e-06   2.824686e-05   5.376766e-03   47        47        1         0         230985    281               77134             7413              7340              
  47    2.617219e-06   2.937601e-05   5.252520e-03   48        48        1         0         233179    286               78421             7414              7340              
  48    2.498889e-06   3.130920e-05   5.467292e-03   49        49        1         0         235370    291               79705             7415              7340              
  49    2.381904e-06   3.295106e-05   5.784284e-03   50        50        1         0         237615    296               81043             7416              7340              
  50    2.262653e-06   3.610147e-05   6.498517e-03   51        51        1         0         239791    301               82312             7417              7340              
  51    2.125910e-06   3.651948e-05   8.055640e-03   52        52        1         0         242012    306               83626             7418              7340              
  52    2.031632e-06   3.767175e-05   6.219938e-03   53        53        1         0         244227    311               84934             7419              7340              
  53    1.946801e-06   3.789719e-05   5.961858e-03   54        54        1         0         246439    316               86239             7420              7340              
  54    1.866652e-06   3.762999e-05   6.000409e-03   55        55        1         0         248663    321               87556             7421              7340              
  55    1.789578e-06   3.687169e-05   6.109446e-03   56        56        1         0         250869    326               88855             7422              7340              
  56    1.713725e-06   3.541571e-05   6.369819e-03   57        57        1         0         253111    331               90190             7423              7340              
  57    1.635352e-06   3.417296e-05   7.290052e-03   58        58        1         0         255350    336               91522             7424              7340              
  58    1.561569e-06   3.156716e-05   7.336920e-03   59        59        1         0         257601    341               92866             7425              7340              
  59    1.507408e-06   2.968376e-05   5.933681e-03   60        60        1         0         259843    346               94201             7426              7340              
  60    1.458287e-06   2.754874e-05   5.710598e-03   61        61        1         0         262121    351               95572             7427              7340              
  61    1.413082e-06   2.537870e-05   5.648732e-03   62        62        1         0         264372    356               96916             7428              7340              
  62    1.367898e-06   2.319402e-05   6.220795e-03   63        63        1         0         266584    361               98221             7429              7340              
  63    1.327310e-06   2.045922e-05   6.012194e-03   64        64        1         0         268817    366               99547             7430              7340              
  64    1.297860e-06   1.848054e-05   4.807465e-03   65        65        1         0         271113    371               100936            7431              7340              
  65    1.272253e-06   1.659854e-05   4.457209e-03   66        66        1         0         273409    376               102325            7432              7340              
  66    1.249189e-06   1.478056e-05   4.316477e-03   67        67        1         0         275690    381               103699            7433              7340              
  67    1.227953e-06   1.318471e-05   4.290293e-03   68        68        1         0         277962    386               105064            7434              7340              
  68    1.207527e-06   1.128885e-05   4.504035e-03   69        69        1         0         280240    391               106435            7435              7340              
  69    1.191080e-06   9.793642e-06   3.934031e-03   70        70        1         0         282500    396               107788            7436              7340              
Optimization Terminated with Status: Converged
 Done target optimization...
 Resetting problem to initial conditions and target previous FFD points 
 and aim for machine precision functional value....
The process took 247.188 seconds to run.
********************************************************
Biros and Ghattas Full-space method...with P4 preconditioner
Using 9060 design variables: 9000 simulation variables and 60 control variables.
Line Search: Backtracking satisfying Null Curvature Condition
********************************************************
Iteration         Func. val.        ||Lagr. grad.||   ||Constraint||    ||Search dir||    search_ctl_norm   search_sim_norm   search_adj_norm   n_kkt_iter        n_linesearches    n_grad            n_vmult           dRdW_form         dRdW_mult         dRdX_mult         d2R_mult          
1                 6.92314e-06       0.00516793        0.0223801         10.6098           8.87651           3.52435           4.62107           40                1                 0                 66978             2                 63240             170               324               
2                 5.15399e-07       0.000200695       0.000534869       4.00446           3.94057           0.290879          0.650372          32                1                 0                 120253            3                 113620            307               584               
3                 2.28367e-10       2.85255e-05       3.38053e-05       4.95345           4.94912           0.0774014         0.192147          37                1                 0                 181724            4                 171786            464               884               
4                 2.10421e-13       1.3577e-08        7.04485e-09       0.056506          0.0561849         0.00175719        0.0057525         40                1                 0                 248346            5                 234857            633               1208              
5                 9.1385e-15        1.10669e-12       5.37219e-12       0.0235846         0.0235845         5.39318e-05       1.15182e-05       43                1                 0                 319621            6                 302335            814               1556              
Optimization Terminated with Status: Converged
The process took 467.449 seconds to run.
Total n_vmult for algorithm 319621
