Starting optimization with 60...
Optimizing FFD points to obtain target Gaussian bump...

Quasi-Newton Method with Limited-Memory BFGS
Line Search: Backtracking satisfying Null Curvature Condition
  iter  value          gnorm          snorm          #fval     #grad     ls_#fval  ls_#grad  n_vmult   dRdW_form         dRdW_mult         dRdX_mult         d2R_mult          
  0     1.460802e-03   6.829650e-03   
  1     1.456142e-03   6.816993e-03   6.829650e-04   2         2         1         0         135214    75                106671            221               428               
  2     1.214745e-03   6.143220e-03   3.746437e-02   3         3         1         0         139004    81                108534            222               428               
  3     1.012301e-03   5.537461e-03   3.527377e-02   4         4         1         0         142797    87                110400            223               428               
  4     8.414144e-04   4.987893e-03   3.354646e-02   5         5         1         0         146584    93                112260            224               428               
  5     6.979778e-04   4.490652e-03   3.178442e-02   6         6         1         0         150371    99                114120            225               428               
  6     5.781062e-04   4.041527e-03   3.000363e-02   7         7         1         0         154167    105               115989            226               428               
  7     4.782763e-04   3.636299e-03   2.822512e-02   8         8         1         0         157990    111               117885            227               428               
  8     3.953686e-04   3.270921e-03   2.647292e-02   9         9         1         0         160866    116               119154            228               428               
  9     3.266691e-04   2.941599e-03   2.476870e-02   10        10        1         0         163754    121               120435            229               428               
  10    2.698465e-04   2.644839e-03   2.312973e-02   11        11        1         0         166645    126               121719            230               428               
  11    2.229175e-04   2.377451e-03   2.156841e-02   12        12        1         0         169542    131               123009            231               428               
  12    1.842067e-04   2.136543e-03   2.009272e-02   13        13        1         0         172448    136               124308            232               428               
  13    1.523066e-04   1.919499e-03   1.870695e-02   14        14        1         0         175360    141               125613            233               428               
  14    1.260401e-04   1.723960e-03   1.741252e-02   15        15        1         0         178281    146               126927            234               428               
  15    1.044255e-04   1.547798e-03   1.620876e-02   16        16        1         0         181217    151               128256            235               428               
  16    8.664709e-05   1.389095e-03   1.509345e-02   17        17        1         0         184165    156               129597            236               428               
  17    7.202828e-05   1.246120e-03   1.406334e-02   18        18        1         0         187119    161               130944            237               428               
  18    6.000911e-05   1.117316e-03   1.311451e-02   19        19        1         0         190079    166               132297            238               428               
  19    5.012698e-05   1.001275e-03   1.224264e-02   20        20        1         0         193048    171               133659            239               428               
  20    4.200030e-05   8.967322e-04   1.144321e-02   21        21        1         0         196029    176               135033            240               428               
  21    3.531472e-05   8.025438e-04   1.071166e-02   22        22        1         0         199022    181               136419            241               428               
  22    2.981158e-05   7.176801e-04   1.004352e-02   23        23        1         0         202027    186               137817            242               428               
  23    2.527828e-05   6.412126e-04   9.434424e-03   24        24        1         0         205041    191               139224            243               428               
  24    2.154021e-05   5.723043e-04   8.880256e-03   25        25        1         0         208064    196               140640            244               428               
  25    1.845407e-05   5.102012e-04   8.377122e-03   26        26        1         0         211093    201               142062            245               428               
  26    1.590238e-05   4.542238e-04   7.921402e-03   27        27        1         0         214125    206               143487            246               428               
  27    1.378879e-05   4.037606e-04   7.509760e-03   28        28        1         0         217160    211               144915            247               428               
  28    1.203439e-05   3.582610e-04   7.139153e-03   29        29        1         0         220201    216               146349            248               428               
  29    1.057455e-05   3.172301e-04   6.806839e-03   30        30        1         0         223248    221               147789            249               428               
  30    9.356333e-06   2.802235e-04   6.510371e-03   31        31        1         0         226295    226               149229            250               428               
  31    8.336388e-06   2.468427e-04   6.247600e-03   32        32        1         0         229345    231               150672            251               428               
  32    7.479225e-06   2.167314e-04   6.016673e-03   33        33        1         0         232395    236               152115            252               428               
  33    6.755774e-06   1.895724e-04   5.816028e-03   34        34        1         0         235445    241               153558            253               428               
  34    6.142220e-06   1.650846e-04   5.644389e-03   35        35        1         0         238456    246               154962            254               428               
  35    5.619041e-06   1.430212e-04   5.500767e-03   36        36        1         0         241494    251               156393            255               428               
  36    5.170225e-06   1.231689e-04   5.384451e-03   37        37        1         0         244532    256               157824            256               428               
  37    4.782626e-06   1.053474e-04   5.295006e-03   38        38        1         0         247546    261               159231            257               428               
  38    4.445438e-06   8.941161e-05   5.232267e-03   39        39        1         0         250611    266               160689            258               428               
  39    4.149766e-06   7.525471e-05   5.196335e-03   40        40        1         0         253679    271               162150            259               428               
  40    3.888271e-06   6.281528e-05   5.187573e-03   41        41        1         0         256753    276               163617            260               428               
  41    3.654887e-06   5.208728e-05   5.206611e-03   42        42        1         0         259806    281               165063            261               428               
  42    3.444580e-06   4.313149e-05   5.254372e-03   43        43        1         0         262886    286               166536            262               428               
  43    3.253157e-06   3.607603e-05   5.332130e-03   44        44        1         0         265939    291               167982            263               428               
  44    3.077100e-06   3.107157e-05   5.441675e-03   45        45        1         0         269025    296               169461            264               428               
  45    2.913427e-06   2.815628e-05   5.585655e-03   46        46        1         0         272111    301               170940            265               428               
  46    2.759562e-06   2.707724e-05   5.768320e-03   47        47        1         0         275197    306               172419            266               428               
  47    2.613201e-06   2.727140e-05   5.997334e-03   48        48        1         0         278283    311               173898            267               428               
  48    2.472040e-06   2.811553e-05   6.297679e-03   49        49        1         0         281360    316               175368            268               428               
  49    2.324869e-06   3.588083e-05   7.710471e-03   50        50        1         0         284437    321               176838            269               428               
  50    2.196843e-06   3.531568e-05   6.862065e-03   51        51        1         0         287520    326               178314            270               428               
  51    2.094648e-06   3.574708e-05   6.018077e-03   52        52        1         0         290636    331               179823            271               428               
  52    1.985320e-06   3.378836e-05   6.634663e-03   53        53        1         0         293740    336               181320            272               428               
  53    1.875617e-06   3.344080e-05   7.427732e-03   54        54        1         0         296847    341               182820            273               428               
  54    1.766219e-06   3.582128e-05   8.944874e-03   55        55        1         0         299954    346               184320            274               428               
  55    1.677536e-06   3.349002e-05   7.071646e-03   56        56        1         0         303064    351               185823            275               428               
  56    1.590364e-06   3.772743e-05   8.493373e-03   57        57        1         0         306165    356               187317            276               428               
  57    1.522745e-06   3.438457e-05   6.452668e-03   58        58        1         0         309287    361               188832            277               428               
  58    1.469059e-06   3.187362e-05   5.655984e-03   59        59        1         0         312427    366               190365            278               428               
  59    1.419194e-06   2.889956e-05   5.572996e-03   60        60        1         0         315543    371               191874            279               428               
  60    1.372694e-06   2.635540e-05   5.841310e-03   61        61        1         0         318716    376               193440            280               428               
  61    1.325266e-06   2.345029e-05   6.625772e-03   62        62        1         0         321826    381               194943            281               428               
  62    1.290624e-06   2.070060e-05   5.277003e-03   63        63        1         0         324969    386               196479            282               428               
  63    1.264471e-06   1.864077e-05   4.484031e-03   64        64        1         0         328133    391               198036            283               428               
  64    1.241023e-06   1.652626e-05   4.292987e-03   65        65        1         0         331252    396               199548            284               428               
  65    1.219884e-06   1.447516e-05   4.330431e-03   66        66        1         0         334443    401               201132            285               428               
  66    1.202293e-06   1.275562e-05   3.966416e-03   67        67        1         0         337586    406               202668            286               428               
  67    1.187127e-06   1.103160e-05   3.696367e-03   68        68        1         0         340753    411               204228            287               428               
  68    1.174339e-06   9.601299e-06   3.486974e-03   69        69        1         0         343938    416               205806            288               428               
Optimization Terminated with Status: Converged
 Done target optimization...
 Resetting problem to initial conditions and target previous FFD points 
 and aim for machine precision functional value....
The process took 848.123 seconds to run.
********************************************************
Biros and Ghattas Full-space method...with P2 preconditioner
Using 16060 design variables: 16000 simulation variables and 60 control variables.
Line Search: Backtracking satisfying Null Curvature Condition
********************************************************
Iteration         Func. val.        ||Lagr. grad.||   ||Constraint||    ||Search dir||    search_ctl_norm   search_sim_norm   search_adj_norm   n_kkt_iter        n_linesearches    n_grad            n_vmult           dRdW_form         dRdW_mult         dRdX_mult         d2R_mult          
1                 6.90454e-06       0.00491736        0.0184727         11.2825           8.27139           4.67828           6.08211           47                1                 0                 45906             2                 42536             198               192               
2                 6.33907e-07       0.000225262       0.000467853       4.16206           4.04351           0.390902          0.905521          37                1                 0                 80023             3                 74170             355               344               
3                 5.67608e-10       4.08194e-05       5.09305e-05       4.23625           4.22639           0.125952          0.259962          44                1                 0                 120537            4                 111809            540               524               
4                 1.74449e-12       3.48451e-08       1.67832e-08       0.0691213         0.0678            0.00381307        0.0128985         47                1                 0                 163586            5                 151815            737               716               
5                 2.35059e-13       2.93249e-11       2.18695e-10       0.0949776         0.0949773         0.00020773        0.000136489       52                1                 0                 210855            6                 195761            954               928               
Optimization Terminated with Status: Converged
The process took 1538.22 seconds to run.
Total n_vmult for algorithm 210855
