Starting optimization with 160...
Optimizing FFD points to obtain target Gaussian bump...

Quasi-Newton Method with Limited-Memory BFGS
Line Search: Backtracking satisfying Null Curvature Condition
  iter  value          gnorm          snorm          #fval     #grad     ls_#fval  ls_#grad  n_vmult   dRdW_form         dRdW_mult         dRdX_mult         d2R_mult          
  0     1.446428e-03   5.506672e-03   
  1     1.443397e-03   5.500381e-03   5.506672e-04   2         2         1         0         6942      29                4608              2                 0                 
  2     1.170749e-03   5.289409e-03   5.689378e-02   3         3         1         0         8719      35                5898              3                 0                 
  3     9.059617e-04   4.418003e-03   5.623595e-02   4         4         1         0         10463     41                7155              4                 0                 
  4     7.370127e-04   4.033559e-03   4.214987e-02   5         5         1         0         12234     47                8439              5                 0                 
  5     6.015183e-04   3.556450e-03   3.669601e-02   6         6         1         0         14005     53                9723              6                 0                 
  6     4.922886e-04   3.222818e-03   3.361214e-02   7         7         1         0         15764     59                10995             7                 0                 
  7     4.030053e-04   2.886848e-03   3.043061e-02   8         8         1         0         17544     65                12288             8                 0                 
  8     3.261188e-04   2.590039e-03   2.992121e-02   9         9         1         0         19327     71                13584             9                 0                 
  9     2.529687e-04   2.273917e-03   3.225446e-02   10        10        1         0         21101     77                14871             10                0                 
  10    2.008931e-04   2.008923e-03   2.553384e-02   11        11        1         0         22896     83                16179             11                0                 
  11    1.623198e-04   1.798683e-03   2.147311e-02   12        12        1         0         24718     89                17514             12                0                 
  12    1.304981e-04   1.607236e-03   2.000095e-02   13        13        1         0         26516     95                18825             13                0                 
  13    1.043642e-04   1.426747e-03   1.840773e-02   14        14        1         0         28344     101               20166             14                0                 
  14    8.411247e-05   1.277652e-03   1.603295e-02   15        15        1         0         30148     107               21483             15                0                 
  15    6.822935e-05   1.143674e-03   1.404126e-02   16        16        1         0         31943     113               22791             16                0                 
  16    5.552009e-05   1.028883e-03   1.259973e-02   17        17        1         0         33759     119               24120             17                0                 
  17    4.525178e-05   9.237227e-04   1.135368e-02   18        18        1         0         35608     125               25482             18                0                 
  18    3.691257e-05   8.316942e-04   1.032928e-02   19        19        1         0         37460     131               26847             19                0                 
  19    3.012626e-05   7.471047e-04   9.375808e-03   20        20        1         0         39318     137               28218             20                0                 
  20    2.459685e-05   6.725873e-04   8.557963e-03   21        21        1         0         41188     143               29601             21                0                 
  21    2.008946e-05   6.039520e-04   7.786940e-03   22        22        1         0         43073     149               30999             22                0                 
  22    1.641335e-05   5.433907e-04   7.121475e-03   23        23        1         0         44958     155               32397             23                0                 
  23    1.341602e-05   4.874608e-04   6.490466e-03   24        24        1         0         46852     161               33804             24                0                 
  24    1.097441e-05   4.381293e-04   5.935813e-03   25        25        1         0         48758     167               35223             25                0                 
  25    8.990468e-06   3.927108e-04   5.399926e-03   26        26        1         0         50679     173               36657             26                0                 
  26    7.382159e-06   3.527007e-04   4.917888e-03   27        27        1         0         52603     179               38094             27                0                 
  27    6.080960e-06   3.161972e-04   4.462520e-03   28        28        1         0         54536     185               39540             28                0                 
  28    5.028062e-06   2.839276e-04   4.060425e-03   29        29        1         0         56475     191               40992             29                0                 
  29    4.175553e-06   2.546711e-04   3.696210e-03   30        30        1         0         57770     196               41880             30                0                 
  30    3.484197e-06   2.286187e-04   3.376548e-03   31        31        1         0         59071     201               42774             31                0                 
  31    2.922798e-06   2.050863e-04   3.092060e-03   32        32        1         0         60375     206               43671             32                0                 
  32    2.466229e-06   1.839889e-04   2.840228e-03   33        33        1         0         61682     211               44571             33                0                 
  33    2.094447e-06   1.649858e-04   2.617627e-03   34        34        1         0         62995     216               45477             34                0                 
  34    1.791287e-06   1.478586e-04   2.419044e-03   35        35        1         0         64314     221               46389             35                0                 
  35    1.543763e-06   1.324673e-04   2.244359e-03   36        36        1         0         65636     226               47304             36                0                 
  36    1.341367e-06   1.185367e-04   2.088002e-03   37        37        1         0         66967     231               48228             37                0                 
  37    1.175618e-06   1.060408e-04   1.951093e-03   38        38        1         0         68301     236               49155             38                0                 
  38    1.039636e-06   9.469049e-05   1.828689e-03   39        39        1         0         69638     241               50085             39                0                 
  39    9.278567e-07   8.452226e-05   1.722023e-03   40        40        1         0         70978     246               51018             40                0                 
  40    8.357574e-07   7.525674e-05   1.627230e-03   41        41        1         0         72324     251               51957             41                0                 
  41    7.596742e-07   6.696231e-05   1.545126e-03   42        42        1         0         73676     256               52902             42                0                 
  42    6.966265e-07   5.938179e-05   1.473087e-03   43        43        1         0         75031     261               53850             43                0                 
  43    6.441971e-07   5.259674e-05   1.411332e-03   44        44        1         0         76395     266               54807             44                0                 
  44    6.004167e-07   4.637843e-05   1.358446e-03   45        45        1         0         77765     271               55770             45                0                 
  45    5.636869e-07   4.081076e-05   1.314091e-03   46        46        1         0         79144     276               56742             46                0                 
  46    5.327029e-07   3.569538e-05   1.277903e-03   47        47        1         0         80520     281               57711             47                0                 
  47    5.064049e-07   3.111354e-05   1.249142e-03   48        48        1         0         81899     286               58683             48                0                 
  48    4.839253e-07   2.689684e-05   1.228273e-03   49        49        1         0         83278     291               59655             49                0                 
  49    4.645580e-07   2.312358e-05   1.214356e-03   50        50        1         0         84663     296               60633             50                0                 
  50    4.477228e-07   1.965501e-05   1.208470e-03   51        51        1         0         86051     301               61614             51                0                 
  51    4.329461e-07   1.657084e-05   1.209663e-03   52        52        1         0         87445     306               62601             52                0                 
  52    4.198357e-07   1.376708e-05   1.219454e-03   53        53        1         0         88848     311               63597             53                0                 
  53    4.080705e-07   1.133788e-05   1.237016e-03   54        54        1         0         90257     316               64599             54                0                 
  54    3.973807e-07   9.239661e-06   1.264222e-03   55        55        1         0         91669     321               65604             55                0                 
Optimization Terminated with Status: Converged
 Done target optimization...
 Resetting problem to initial conditions and target previous FFD points 
 and aim for machine precision functional value....
The process took 43.7747 seconds to run.
********************************************************
Biros and Ghattas Full-space method...with P2A preconditioner
Using 4160 design variables: 4000 simulation variables and 160 control variables.
Line Search: Backtracking satisfying Null Curvature Condition
********************************************************
Iteration         Func. val.        ||Lagr. grad.||   ||Constraint||    ||Search dir||    search_ctl_norm   search_sim_norm   search_adj_norm   n_kkt_iter        n_linesearches    n_grad            n_vmult           dRdW_form         dRdW_mult         dRdX_mult         d2R_mult          
1                 7.51015e-06       0.00340388        0.0239558         4.13769           1.69046           2.43542           2.88645           475               1                 0                 30054             2                 3196              1910              1904              
2                 1.13487e-07       6.46662e-05       0.000342781       1.32191           1.26299           0.187058          0.342525          334               1                 0                 50942             3                 5209              3255              3244              
3                 3.10568e-11       2.22964e-06       8.22194e-06       0.641181          0.63934           0.025962          0.0410243         494               1                 0                 81750             4                 8182              5240              5224              
4                 7.4481e-13        5.17586e-10       9.18501e-10       0.26217           0.262168          0.000454835       0.0010898         418               1                 0                 107846            5                 10699             6921              6900              
Optimization Terminated with Status: Converged
The process took 41.9274 seconds to run.
Total n_vmult for algorithm 107846
