Starting optimization with 60...
Optimizing FFD points to obtain target Gaussian bump...

Quasi-Newton Method with Limited-Memory BFGS
Line Search: Backtracking satisfying Null Curvature Condition
  iter  value          gnorm          snorm          #fval     #grad     ls_#fval  ls_#grad  n_vmult   dRdW_form         dRdW_mult         dRdX_mult         d2R_mult          
  0     1.460802e-03   6.829650e-03   
  1     1.456142e-03   6.816993e-03   6.829650e-04   2         2         1         0         150717    58                22369             7856              7828              
  2     1.214745e-03   6.143220e-03   3.746437e-02   3         3         1         0         154507    64                24232             7857              7828              
  3     1.012301e-03   5.537461e-03   3.527377e-02   4         4         1         0         158300    70                26098             7858              7828              
  4     8.414144e-04   4.987893e-03   3.354646e-02   5         5         1         0         162087    76                27958             7859              7828              
  5     6.979778e-04   4.490652e-03   3.178442e-02   6         6         1         0         165874    82                29818             7860              7828              
  6     5.781062e-04   4.041527e-03   3.000363e-02   7         7         1         0         169670    88                31687             7861              7828              
  7     4.782763e-04   3.636299e-03   2.822512e-02   8         8         1         0         173493    94                33583             7862              7828              
  8     3.953686e-04   3.270921e-03   2.647292e-02   9         9         1         0         176369    99                34852             7863              7828              
  9     3.266691e-04   2.941599e-03   2.476870e-02   10        10        1         0         179257    104               36133             7864              7828              
  10    2.698465e-04   2.644839e-03   2.312973e-02   11        11        1         0         182148    109               37417             7865              7828              
  11    2.229175e-04   2.377451e-03   2.156841e-02   12        12        1         0         185045    114               38707             7866              7828              
  12    1.842067e-04   2.136543e-03   2.009272e-02   13        13        1         0         187951    119               40006             7867              7828              
  13    1.523066e-04   1.919499e-03   1.870695e-02   14        14        1         0         190863    124               41311             7868              7828              
  14    1.260401e-04   1.723960e-03   1.741252e-02   15        15        1         0         193784    129               42625             7869              7828              
  15    1.044255e-04   1.547798e-03   1.620876e-02   16        16        1         0         196720    134               43954             7870              7828              
  16    8.664709e-05   1.389095e-03   1.509345e-02   17        17        1         0         199668    139               45295             7871              7828              
  17    7.202828e-05   1.246120e-03   1.406334e-02   18        18        1         0         202622    144               46642             7872              7828              
  18    6.000911e-05   1.117316e-03   1.311451e-02   19        19        1         0         205582    149               47995             7873              7828              
  19    5.012698e-05   1.001275e-03   1.224264e-02   20        20        1         0         208551    154               49357             7874              7828              
  20    4.200030e-05   8.967322e-04   1.144321e-02   21        21        1         0         211532    159               50731             7875              7828              
  21    3.531472e-05   8.025438e-04   1.071166e-02   22        22        1         0         214525    164               52117             7876              7828              
  22    2.981158e-05   7.176801e-04   1.004352e-02   23        23        1         0         217530    169               53515             7877              7828              
  23    2.527828e-05   6.412126e-04   9.434424e-03   24        24        1         0         220544    174               54922             7878              7828              
  24    2.154021e-05   5.723043e-04   8.880256e-03   25        25        1         0         223567    179               56338             7879              7828              
  25    1.845407e-05   5.102012e-04   8.377122e-03   26        26        1         0         226596    184               57760             7880              7828              
  26    1.590238e-05   4.542238e-04   7.921402e-03   27        27        1         0         229628    189               59185             7881              7828              
  27    1.378879e-05   4.037606e-04   7.509760e-03   28        28        1         0         232663    194               60613             7882              7828              
  28    1.203439e-05   3.582610e-04   7.139153e-03   29        29        1         0         235704    199               62047             7883              7828              
  29    1.057455e-05   3.172301e-04   6.806839e-03   30        30        1         0         238751    204               63487             7884              7828              
  30    9.356333e-06   2.802235e-04   6.510371e-03   31        31        1         0         241798    209               64927             7885              7828              
  31    8.336388e-06   2.468427e-04   6.247600e-03   32        32        1         0         244848    214               66370             7886              7828              
  32    7.479225e-06   2.167314e-04   6.016673e-03   33        33        1         0         247898    219               67813             7887              7828              
  33    6.755774e-06   1.895724e-04   5.816028e-03   34        34        1         0         250948    224               69256             7888              7828              
  34    6.142220e-06   1.650846e-04   5.644389e-03   35        35        1         0         253959    229               70660             7889              7828              
  35    5.619041e-06   1.430212e-04   5.500767e-03   36        36        1         0         256997    234               72091             7890              7828              
  36    5.170225e-06   1.231689e-04   5.384451e-03   37        37        1         0         260035    239               73522             7891              7828              
  37    4.782626e-06   1.053474e-04   5.295006e-03   38        38        1         0         263049    244               74929             7892              7828              
  38    4.445438e-06   8.941161e-05   5.232267e-03   39        39        1         0         266114    249               76387             7893              7828              
  39    4.149766e-06   7.525471e-05   5.196335e-03   40        40        1         0         269182    254               77848             7894              7828              
  40    3.888271e-06   6.281528e-05   5.187573e-03   41        41        1         0         272256    259               79315             7895              7828              
  41    3.654887e-06   5.208728e-05   5.206611e-03   42        42        1         0         275309    264               80761             7896              7828              
  42    3.444580e-06   4.313149e-05   5.254372e-03   43        43        1         0         278389    269               82234             7897              7828              
  43    3.253157e-06   3.607603e-05   5.332130e-03   44        44        1         0         281442    274               83680             7898              7828              
  44    3.077100e-06   3.107157e-05   5.441675e-03   45        45        1         0         284528    279               85159             7899              7828              
  45    2.913427e-06   2.815628e-05   5.585655e-03   46        46        1         0         287614    284               86638             7900              7828              
  46    2.759562e-06   2.707724e-05   5.768320e-03   47        47        1         0         290700    289               88117             7901              7828              
  47    2.613201e-06   2.727140e-05   5.997334e-03   48        48        1         0         293786    294               89596             7902              7828              
  48    2.472040e-06   2.811553e-05   6.297679e-03   49        49        1         0         296863    299               91066             7903              7828              
  49    2.324869e-06   3.588083e-05   7.710471e-03   50        50        1         0         299940    304               92536             7904              7828              
  50    2.196843e-06   3.531568e-05   6.862065e-03   51        51        1         0         303023    309               94012             7905              7828              
  51    2.094648e-06   3.574708e-05   6.018077e-03   52        52        1         0         306139    314               95521             7906              7828              
  52    1.985320e-06   3.378836e-05   6.634663e-03   53        53        1         0         309243    319               97018             7907              7828              
  53    1.875617e-06   3.344080e-05   7.427732e-03   54        54        1         0         312350    324               98518             7908              7828              
  54    1.766219e-06   3.582128e-05   8.944874e-03   55        55        1         0         315457    329               100018            7909              7828              
  55    1.677536e-06   3.349002e-05   7.071646e-03   56        56        1         0         318567    334               101521            7910              7828              
  56    1.590364e-06   3.772743e-05   8.493373e-03   57        57        1         0         321668    339               103015            7911              7828              
  57    1.522745e-06   3.438457e-05   6.452668e-03   58        58        1         0         324790    344               104530            7912              7828              
  58    1.469059e-06   3.187362e-05   5.655984e-03   59        59        1         0         327930    349               106063            7913              7828              
  59    1.419194e-06   2.889956e-05   5.572996e-03   60        60        1         0         331046    354               107572            7914              7828              
  60    1.372694e-06   2.635540e-05   5.841310e-03   61        61        1         0         334219    359               109138            7915              7828              
  61    1.325266e-06   2.345029e-05   6.625772e-03   62        62        1         0         337329    364               110641            7916              7828              
  62    1.290624e-06   2.070060e-05   5.277003e-03   63        63        1         0         340472    369               112177            7917              7828              
  63    1.264471e-06   1.864077e-05   4.484031e-03   64        64        1         0         343636    374               113734            7918              7828              
  64    1.241023e-06   1.652626e-05   4.292987e-03   65        65        1         0         346755    379               115246            7919              7828              
  65    1.219884e-06   1.447516e-05   4.330431e-03   66        66        1         0         349946    384               116830            7920              7828              
  66    1.202293e-06   1.275562e-05   3.966416e-03   67        67        1         0         353089    389               118366            7921              7828              
  67    1.187127e-06   1.103160e-05   3.696367e-03   68        68        1         0         356256    394               119926            7922              7828              
  68    1.174339e-06   9.601299e-06   3.486974e-03   69        69        1         0         359441    399               121504            7923              7828              
Optimization Terminated with Status: Converged
 Done target optimization...
 Resetting problem to initial conditions and target previous FFD points 
 and aim for machine precision functional value....
The process took 876.309 seconds to run.
********************************************************
Biros and Ghattas Full-space method...with P4 preconditioner
Using 16060 design variables: 16000 simulation variables and 60 control variables.
Line Search: Backtracking satisfying Null Curvature Condition
********************************************************
Iteration         Func. val.        ||Lagr. grad.||   ||Constraint||    ||Search dir||    search_ctl_norm   search_sim_norm   search_adj_norm   n_kkt_iter        n_linesearches    n_grad            n_vmult           dRdW_form         dRdW_mult         dRdX_mult         d2R_mult          
1                 6.90454e-06       0.00491736        0.0184727         11.2824           8.27134           4.67828           6.08211           40                1                 0                 77146             2                 73128             170               324               
2                 6.32955e-07       0.000225505       0.000467801       4.19751           4.07995           0.39091           0.905734          34                1                 0                 141586            3                 134369            315               600               
3                 5.67486e-10       4.08674e-05       5.08865e-05       4.19581           4.18584           0.125861          0.260216          38                1                 0                 213400            4                 202656            476               908               
4                 1.78426e-12       3.48478e-08       1.67635e-08       0.0680568         0.0667153         0.00381012        0.0128953         42                1                 0                 290521            5                 275922            653               1248              
5                 2.32013e-13       2.94221e-11       2.43388e-10       0.0983979         0.0983976         0.000212333       0.000132325       45                1                 0                 372265            6                 353565            842               1612              
Optimization Terminated with Status: Converged
The process took 2115.03 seconds to run.
Total n_vmult for algorithm 372265
