Starting optimization with 80...
Optimizing FFD points to obtain target Gaussian bump...

Quasi-Newton Method with Limited-Memory BFGS
Line Search: Backtracking satisfying Null Curvature Condition
  iter  value          gnorm          snorm          #fval     #grad     ls_#fval  ls_#grad  n_vmult   dRdW_form         dRdW_mult         dRdX_mult         d2R_mult          
  0     1.460201e-03   6.441823e-03   
  1     1.456055e-03   6.431623e-03   6.441823e-04   2         2         1         0         141806    47                19414             8152              8124              
  2     1.205894e-03   5.795598e-03   4.106167e-02   3         3         1         0         144519    53                21040             8153              8124              
  3     9.981046e-04   5.225492e-03   3.809554e-02   4         4         1         0         147250    59                22684             8154              8124              
  4     8.242244e-04   4.709527e-03   3.566257e-02   5         5         1         0         149990    65                24337             8155              8124              
  5     6.793937e-04   4.243343e-03   3.324564e-02   6         6         1         0         152745    71                26005             8156              8124              
  6     5.591793e-04   3.822695e-03   3.088314e-02   7         7         1         0         155527    77                27700             8157              8124              
  7     4.596712e-04   3.443285e-03   2.859273e-02   8         8         1         0         158333    83                29419             8158              8124              
  8     3.774841e-04   3.101267e-03   2.640219e-02   9         9         1         0         161160    89                31159             8159              8124              
  9     3.097263e-04   2.792930e-03   2.432081e-02   10        10        1         0         164005    95                32917             8160              8124              
  10    2.539498e-04   2.515061e-03   2.236401e-02   11        11        1         0         166874    101               34699             8161              8124              
  11    2.080967e-04   2.264581e-03   2.053049e-02   12        12        1         0         168888    106               35806             8162              8124              
  12    1.704454e-04   2.038884e-03   1.882702e-02   13        13        1         0         170917    111               36928             8163              8124              
  13    1.395608e-04   1.835433e-03   1.724505e-02   14        14        1         0         172949    116               38053             8164              8124              
  14    1.142502e-04   1.652148e-03   1.578756e-02   15        15        1         0         174978    121               39175             8165              8124              
  15    9.352479e-05   1.486917e-03   1.444152e-02   16        16        1         0         177013    126               40303             8166              8124              
  16    7.656622e-05   1.338103e-03   1.320980e-02   17        17        1         0         179057    131               41440             8167              8124              
  17    6.269849e-05   1.203915e-03   1.207611e-02   18        18        1         0         181104    136               42580             8168              8124              
  18    5.136388e-05   1.083095e-03   1.104609e-02   19        19        1         0         183160    141               43729             8169              8124              
  19    4.210280e-05   9.740674e-04   1.010031e-02   20        20        1         0         185219    146               44881             8170              8124              
  20    3.453677e-05   8.759118e-04   9.249861e-03   21        21        1         0         187308    151               46063             8171              8124              
  21    2.835454e-05   7.871653e-04   8.471172e-03   22        22        1         0         189388    156               47236             8172              8124              
  22    2.330092e-05   7.072230e-04   7.781206e-03   23        23        1         0         191489    161               48430             8173              8124              
  23    1.916863e-05   6.347078e-04   7.146200e-03   24        24        1         0         193587    166               49621             8174              8124              
  24    1.579244e-05   5.694055e-04   6.577804e-03   25        25        1         0         195703    171               50830             8175              8124              
  25    1.304214e-05   5.102521e-04   6.028179e-03   26        26        1         0         197813    176               52033             8176              8124              
  26    1.081155e-05   4.573432e-04   5.514462e-03   27        27        1         0         199932    181               53245             8177              8124              
  27    9.008305e-06   4.098015e-04   5.021386e-03   28        28        1         0         202051    186               54457             8178              8124              
  28    7.550955e-06   3.674299e-04   4.582167e-03   29        29        1         0         204179    191               55678             8179              8124              
  29    6.371187e-06   3.293977e-04   4.186694e-03   30        30        1         0         206307    196               56899             8180              8124              
  30    5.413871e-06   2.953768e-04   3.842577e-03   31        31        1         0         208450    201               58135             8181              8124              
  31    4.635422e-06   2.647737e-04   3.535478e-03   32        32        1         0         210584    206               59362             8182              8124              
  32    4.001287e-06   2.373060e-04   3.264847e-03   33        33        1         0         212736    211               60607             8183              8124              
  33    3.483925e-06   2.125615e-04   3.022045e-03   34        34        1         0         214870    216               61834             8184              8124              
  34    3.061170e-06   1.903042e-04   2.806728e-03   35        35        1         0         217043    221               63100             8185              8124              
  35    2.714994e-06   1.702109e-04   2.615466e-03   36        36        1         0         219210    226               64360             8186              8124              
  36    2.430473e-06   1.520556e-04   2.451761e-03   37        37        1         0         221404    231               65647             8187              8124              
  37    2.195008e-06   1.354973e-04   2.319058e-03   38        38        1         0         223604    236               66940             8188              8124              
  38    1.998718e-06   1.203049e-04   2.214354e-03   39        39        1         0         225804    241               68233             8189              8124              
  39    1.836618e-06   1.064255e-04   2.093831e-03   40        40        1         0         228010    246               69532             8190              8124              
  40    1.706142e-06   9.412437e-05   1.931292e-03   41        41        1         0         230219    251               70834             8191              8124              
  41    1.601622e-06   8.330553e-05   1.774967e-03   42        42        1         0         232431    256               72139             8192              8124              
  42    1.516776e-06   7.371984e-05   1.654286e-03   43        43        1         0         234652    261               73453             8193              8124              
  43    1.447014e-06   6.514912e-05   1.562365e-03   44        44        1         0         236873    266               74767             8194              8124              
  44    1.389134e-06   5.744915e-05   1.489272e-03   45        45        1         0         239100    271               76087             8195              8124              
  45    1.340784e-06   5.051298e-05   1.429203e-03   46        46        1         0         241327    276               77407             8196              8124              
  46    1.300158e-06   4.425583e-05   1.379045e-03   47        47        1         0         243557    281               78730             8197              8124              
  47    1.265824e-06   3.860967e-05   1.337271e-03   48        48        1         0         245778    286               80044             8198              8124              
  48    1.236635e-06   3.351345e-05   1.302989e-03   49        49        1         0         247999    291               81358             8199              8124              
  49    1.211657e-06   2.891906e-05   1.275785e-03   50        50        1         0         250220    296               82672             8200              8124              
  50    1.190130e-06   2.478139e-05   1.255430e-03   51        51        1         0         252447    301               83992             8201              8124              
  51    1.171431e-06   2.106916e-05   1.241926e-03   52        52        1         0         254683    306               85321             8202              8124              
  52    1.155047e-06   1.775303e-05   1.235419e-03   53        53        1         0         256919    311               86650             8203              8124              
  53    1.140555e-06   1.482257e-05   1.236284e-03   54        54        1         0         259170    316               87994             8204              8124              
  54    1.127599e-06   1.227014e-05   1.245309e-03   55        55        1         0         261433    321               89350             8205              8124              
  55    1.115876e-06   1.012052e-05   1.264189e-03   56        56        1         0         263693    326               90703             8206              8124              
  56    1.105104e-06   8.404584e-06   1.297777e-03   57        57        1         0         265968    331               92071             8207              8124              
Optimization Terminated with Status: Converged
 Done target optimization...
 Resetting problem to initial conditions and target previous FFD points 
 and aim for machine precision functional value....
The process took 235.851 seconds to run.
********************************************************
Biros and Ghattas Full-space method...with P4 preconditioner
Using 9080 design variables: 9000 simulation variables and 80 control variables.
Line Search: Backtracking satisfying Null Curvature Condition
********************************************************
Iteration         Func. val.        ||Lagr. grad.||   ||Constraint||    ||Search dir||    search_ctl_norm   search_sim_norm   search_adj_norm   n_kkt_iter        n_linesearches    n_grad            n_vmult           dRdW_form         dRdW_mult         dRdX_mult         d2R_mult          
1                 6.74297e-06       0.00523046        0.0222471         7.08376           4.06668           3.51573           4.61319           46                1                 0                 76761             2                 72531             194               372               
2                 5.49519e-07       0.000213168       0.000523152       2.65756           2.55884           0.289689          0.656556          39                1                 0                 141532            3                 133833            359               688               
3                 3.88414e-10       3.17589e-05       3.85747e-05       1.61082           1.59718           0.0797955         0.193343          44                1                 0                 214649            4                 203071            544               1044              
4                 2.8638e-13        3.65318e-08       1.78611e-08       0.0857421         0.0850585         0.00251345        0.0105092         47                1                 0                 291069            5                 275366            741               1424              
5                 2.12431e-12       4.6831e-11        2.27678e-10       0.146986          0.146985          0.00021639        5.23267e-05       51                1                 0                 373312            6                 353156            954               1836              
Optimization Terminated with Status: Converged
The process took 699.125 seconds to run.
Total n_vmult for algorithm 373312
