Starting optimization with 100...
Optimizing FFD points to obtain target Gaussian bump...

Quasi-Newton Method with Limited-Memory BFGS
Line Search: Backtracking satisfying Null Curvature Condition
  iter  value          gnorm          snorm          #fval     #grad     ls_#fval  ls_#grad  n_vmult   dRdW_form         dRdW_mult         dRdX_mult         d2R_mult          
  0     1.446428e-03   6.075515e-03   
  1     1.442739e-03   6.067075e-03   6.075515e-04   2         2         1         0         160177    34                144472            939               916               
  2     1.184243e-03   5.482658e-03   4.572498e-02   3         3         1         0         161915    40                145723            940               916               
  3     9.318772e-04   4.805199e-03   5.130556e-02   4         4         1         0         163689    46                147010            941               916               
  4     7.456481e-04   4.260754e-03   4.129987e-02   5         5         1         0         165436    52                148270            942               916               
  5     6.108985e-04   3.836491e-03   3.361079e-02   6         6         1         0         167189    58                149536            943               916               
  6     5.008289e-04   3.454320e-03   3.052694e-02   7         7         1         0         168942    64                150802            944               916               
  7     4.103079e-04   3.112247e-03   2.800413e-02   8         8         1         0         170686    70                152059            945               916               
  8     3.352347e-04   2.800737e-03   2.596978e-02   9         9         1         0         172448    76                153334            946               916               
  9     2.690852e-04   2.503215e-03   2.624989e-02   10        10        1         0         174228    82                154627            947               916               
  10    2.108973e-04   2.200025e-03   2.551043e-02   11        11        1         0         175996    88                155908            948               916               
  11    1.696943e-04   1.966066e-03   2.029419e-02   12        12        1         0         177773    94                157198            949               916               
  12    1.379291e-04   1.764897e-03   1.741956e-02   13        13        1         0         179562    100               158500            950               916               
  13    1.124160e-04   1.587707e-03   1.559467e-02   14        14        1         0         181348    106               159799            951               916               
  14    9.172995e-05   1.428496e-03   1.405495e-02   15        15        1         0         183146    112               161110            952               916               
  15    7.489728e-05   1.285993e-03   1.273177e-02   16        16        1         0         184947    118               162424            953               916               
  16    6.118539e-05   1.157494e-03   1.153185e-02   17        17        1         0         186751    124               163741            954               916               
  17    5.001205e-05   1.042079e-03   1.045948e-02   18        18        1         0         188570    130               165073            955               916               
  18    4.090854e-05   9.379853e-04   9.479786e-03   19        19        1         0         190407    136               166423            956               916               
  19    3.349322e-05   8.443887e-04   8.596915e-03   20        20        1         0         192250    142               167779            957               916               
  20    2.745504e-05   7.599933e-04   7.791296e-03   21        21        1         0         194093    148               169135            958               916               
  21    2.253981e-05   6.840773e-04   7.064052e-03   22        22        1         0         195942    154               170497            959               916               
  22    1.853998e-05   6.156415e-04   6.401971e-03   23        23        1         0         197821    160               171889            960               916               
  23    1.528598e-05   5.540702e-04   5.804429e-03   24        24        1         0         199709    166               173290            961               916               
  24    1.263940e-05   4.985759e-04   5.261683e-03   25        25        1         0         201603    172               174697            962               916               
  25    1.048730e-05   4.486431e-04   4.772317e-03   26        26        1         0         203473    178               176080            963               916               
  26    8.737592e-06   4.036434e-04   4.328816e-03   27        27        1         0         205382    184               177502            964               916               
  27    7.315188e-06   3.631500e-04   3.929496e-03   28        28        1         0         207300    190               178933            965               916               
  28    6.158941e-06   3.266584e-04   3.568422e-03   29        29        1         0         209224    196               180370            966               916               
  29    5.219049e-06   2.938178e-04   3.243909e-03   30        30        1         0         210528    201               181267            967               916               
  30    4.454986e-06   2.642212e-04   2.951211e-03   31        31        1         0         211835    206               182167            968               916               
  31    3.833775e-06   2.375815e-04   2.688764e-03   32        32        1         0         213148    211               183073            969               916               
  32    3.328603e-06   2.135697e-04   2.452752e-03   33        33        1         0         214464    216               183982            970               916               
  33    2.917668e-06   1.919517e-04   2.241782e-03   34        34        1         0         215786    221               184897            971               916               
  34    2.583252e-06   1.724606e-04   2.052774e-03   35        35        1         0         217114    226               185818            972               916               
  35    2.310959e-06   1.549063e-04   1.884517e-03   36        36        1         0         218442    231               186739            973               916               
  36    2.089095e-06   1.390716e-04   1.734521e-03   37        37        1         0         219773    236               187663            974               916               
  37    1.908163e-06   1.248023e-04   1.601744e-03   38        38        1         0         221107    241               188590            975               916               
  38    1.760452e-06   1.119217e-04   1.484178e-03   39        39        1         0         222447    246               189523            976               916               
  39    1.639702e-06   1.003048e-04   1.380925e-03   40        40        1         0         223790    251               190459            977               916               
  40    1.540831e-06   8.980710e-05   1.290376e-03   41        41        1         0         225133    256               191395            978               916               
  41    1.459713e-06   8.032772e-05   1.211762e-03   42        42        1         0         226482    261               192337            979               916               
  42    1.393001e-06   7.174837e-05   1.143813e-03   43        43        1         0         227837    266               193285            980               916               
  43    1.337977e-06   6.398754e-05   1.085883e-03   44        44        1         0         229192    271               194233            981               916               
  44    1.292436e-06   5.694817e-05   1.037010e-03   45        45        1         0         230550    276               195184            982               916               
  45    1.254585e-06   5.056473e-05   9.966870e-04   46        46        1         0         231911    281               196138            983               916               
  46    1.222971e-06   4.475748e-05   9.642523e-04   47        47        1         0         233278    286               197098            984               916               
  47    1.196411e-06   3.947425e-05   9.393744e-04   48        48        1         0         234648    291               198061            985               916               
  48    1.173942e-06   3.464984e-05   9.217080e-04   49        49        1         0         236024    296               199030            986               916               
  49    1.154782e-06   3.024400e-05   9.111517e-04   50        50        1         0         237403    301               200002            987               916               
  50    1.138292e-06   2.620483e-05   9.077109e-04   51        51        1         0         238788    306               200980            988               916               
  51    1.123948e-06   2.250463e-05   9.115847e-04   52        52        1         0         240176    311               201961            989               916               
  52    1.111322e-06   1.910707e-05   9.231766e-04   53        53        1         0         241570    316               202948            990               916               
  53    1.100056e-06   1.600373e-05   9.430714e-04   54        54        1         0         242967    321               203938            991               916               
  54    1.089857e-06   1.318779e-05   9.721286e-04   55        55        1         0         244367    326               204931            992               916               
  55    1.080476e-06   1.070025e-05   1.011416e-03   56        56        1         0         245767    331               205924            993               916               
  56    1.071699e-06   8.625682e-06   1.062308e-03   57        57        1         0         247173    336               206923            994               916               
Optimization Terminated with Status: Converged
 Done target optimization...
 Resetting problem to initial conditions and target previous FFD points 
 and aim for machine precision functional value....
The process took 46.9286 seconds to run.
********************************************************
Biros and Ghattas Full-space method...with P2A preconditioner
Using 4100 design variables: 4000 simulation variables and 100 control variables.
Line Search: Backtracking satisfying Null Curvature Condition
********************************************************
Iteration         Func. val.        ||Lagr. grad.||   ||Constraint||    ||Search dir||    search_ctl_norm   search_sim_norm   search_adj_norm   n_kkt_iter        n_linesearches    n_grad            n_vmult           dRdW_form         dRdW_mult         dRdX_mult         d2R_mult          
1                 7.59415e-06       0.00333296        0.0240326         9.44085           8.65204           2.43587           2.88765           451               1                 0                 28566             2                 3052              1814              1808              
2                 1.04632e-07       6.41575e-05       0.000351233       7.27832           7.2679            0.187991          0.340811          301               1                 0                 47408             3                 4867              3027              3016              
3                 3.48604e-11       2.23632e-06       7.76747e-06       1.3207            1.31975           0.0245876         0.0435217         419               1                 0                 73566             4                 7390              4712              4696              
4                 7.81604e-14       3.73782e-10       6.04169e-10       0.194775          0.194772          0.000461842       0.000934814       381               1                 0                 97368             5                 9685              6245              6224              
Optimization Terminated with Status: Converged
The process took 37.1732 seconds to run.
Total n_vmult for algorithm 97368
