Starting optimization with 100...
Optimizing FFD points to obtain target Gaussian bump...

Quasi-Newton Method with Limited-Memory BFGS
Line Search: Backtracking satisfying Null Curvature Condition
  iter  value          gnorm          snorm          #fval     #grad     ls_#fval  ls_#grad  n_vmult   dRdW_form         dRdW_mult         dRdX_mult         d2R_mult          
  0     1.460802e-03   6.163059e-03   
  1     1.457007e-03   6.154322e-03   6.163059e-04   2         2         1         0         173081    58                24517             9300              9272              
  2     1.202229e-03   5.545370e-03   4.362721e-02   3         3         1         0         176853    64                26362             9301              9272              
  3     9.921012e-04   5.000723e-03   4.003452e-02   4         4         1         0         180634    70                28216             9302              9272              
  4     8.172889e-04   4.508496e-03   3.706367e-02   5         5         1         0         184415    76                30070             9303              9272              
  5     6.723314e-04   4.064023e-03   3.419612e-02   6         6         1         0         188196    82                31924             9304              9272              
  6     5.524195e-04   3.663011e-03   3.146834e-02   7         7         1         0         192001    88                33802             9305              9272              
  7     4.534169e-04   3.301169e-03   2.888587e-02   8         8         1         0         194874    93                35068             9306              9272              
  8     3.718073e-04   2.974869e-03   2.646991e-02   9         9         1         0         197750    98                36337             9307              9272              
  9     3.046250e-04   2.680435e-03   2.421138e-02   10        10        1         0         200632    103               37612             9308              9272              
  10    2.493816e-04   2.414960e-03   2.212707e-02   11        11        1         0         203523    108               38896             9309              9272              
  11    2.039953e-04   2.175255e-03   2.019658e-02   12        12        1         0         206420    113               40186             9310              9272              
  12    1.667270e-04   1.959053e-03   1.844355e-02   13        13        1         0         209332    118               41491             9311              9272              
  13    1.361248e-04   1.763391e-03   1.683874e-02   14        14        1         0         212253    123               42805             9312              9272              
  14    1.109819e-04   1.586551e-03   1.541809e-02   15        15        1         0         215183    128               44128             9313              9272              
  15    9.031463e-05   1.425750e-03   1.411838e-02   16        16        1         0         218122    133               45460             9314              9272              
  16    7.336232e-05   1.280341e-03   1.293158e-02   17        17        1         0         221067    138               46798             9315              9272              
  17    5.955197e-05   1.148827e-03   1.173196e-02   18        18        1         0         224024    143               48148             9316              9272              
  18    4.839200e-05   1.031442e-03   1.056925e-02   19        19        1         0         226990    148               49507             9317              9272              
  19    3.940553e-05   9.265198e-04   9.465547e-03   20        20        1         0         229965    153               50875             9318              9272              
  20    3.215884e-05   8.330239e-04   8.500801e-03   21        21        1         0         232955    158               52258             9319              9272              
  21    2.629880e-05   7.492149e-04   7.646577e-03   22        22        1         0         235960    163               53656             9320              9272              
  22    2.154880e-05   6.741075e-04   6.902243e-03   23        23        1         0         238971    168               55060             9321              9272              
  23    1.769290e-05   6.065607e-04   6.236600e-03   24        24        1         0         241988    173               56470             9322              9272              
  24    1.456025e-05   5.458457e-04   5.644614e-03   25        25        1         0         245014    178               57889             9323              9272              
  25    1.201423e-05   4.911803e-04   5.110695e-03   26        26        1         0         248046    183               59314             9324              9272              
  26    9.944632e-06   4.419856e-04   4.631505e-03   27        27        1         0         251084    188               60745             9325              9272              
  27    8.262207e-06   3.976785e-04   4.198934e-03   28        28        1         0         254128    193               62182             9326              9272              
  28    6.894420e-06   3.577799e-04   3.810022e-03   29        29        1         0         257172    198               63619             9327              9272              
  29    5.782225e-06   3.218332e-04   3.460354e-03   30        30        1         0         260231    203               65071             9328              9272              
  30    4.877451e-06   2.894279e-04   3.147456e-03   31        31        1         0         263293    208               66526             9329              9272              
  31    4.140696e-06   2.601882e-04   2.869956e-03   32        32        1         0         266364    213               67990             9330              9272              
  32    3.539676e-06   2.337352e-04   2.626221e-03   33        33        1         0         269429    218               69448             9331              9272              
  33    3.048229e-06   2.097515e-04   2.415090e-03   34        34        1         0         272509    223               70921             9332              9272              
  34    2.646200e-06   1.879483e-04   2.225304e-03   35        35        1         0         275580    228               72385             9333              9272              
  35    2.319176e-06   1.682501e-04   2.041227e-03   36        36        1         0         278669    233               73867             9334              9272              
  36    2.055686e-06   1.505988e-04   1.854820e-03   37        37        1         0         281755    238               75346             9335              9272              
  37    1.844277e-06   1.348892e-04   1.681255e-03   38        38        1         0         284856    243               76840             9336              9272              
  38    1.674153e-06   1.208720e-04   1.531059e-03   39        39        1         0         287954    248               78331             9337              9272              
  39    1.536509e-06   1.083277e-04   1.405597e-03   40        40        1         0         291067    253               79837             9338              9272              
  40    1.424600e-06   9.705426e-05   1.300035e-03   41        41        1         0         294180    258               81343             9339              9272              
  41    1.333257e-06   8.690252e-05   1.210759e-03   42        42        1         0         297299    263               82855             9340              9272              
  42    1.258455e-06   7.774033e-05   1.134642e-03   43        43        1         0         300421    268               84370             9341              9272              
  43    1.197006e-06   6.946160e-05   1.069904e-03   44        44        1         0         303552    273               85894             9342              9272              
  44    1.146363e-06   6.196943e-05   1.015069e-03   45        45        1         0         306683    278               87418             9343              9272              
  45    1.104471e-06   5.518114e-05   9.691925e-04   46        46        1         0         309820    283               88948             9344              9272              
  46    1.069672e-06   4.902083e-05   9.314559e-04   47        47        1         0         312963    288               90484             9345              9272              
  47    1.040621e-06   4.342197e-05   9.012858e-04   48        48        1         0         316115    293               92029             9346              9272              
  48    1.016228e-06   3.832387e-05   8.782192e-04   49        49        1         0         319267    298               93574             9347              9272              
  49    9.956044e-07   3.367298e-05   8.619642e-04   50        50        1         0         322422    303               95122             9348              9272              
  50    9.780301e-07   2.942123e-05   8.523618e-04   51        51        1         0         325586    308               96679             9349              9272              
  51    9.629159e-07   2.552696e-05   8.494207e-04   52        52        1         0         328756    313               98242             9350              9272              
  52    9.497800e-07   2.195464e-05   8.533144e-04   53        53        1         0         331935    318               99814             9351              9272              
  53    9.382270e-07   1.867659e-05   8.644065e-04   54        54        1         0         335117    323               101389            9352              9272              
  54    9.279300e-07   1.567531e-05   8.832623e-04   55        55        1         0         338299    328               102964            9353              9272              
  55    9.186172e-07   1.294949e-05   9.106720e-04   56        56        1         0         341484    333               104542            9354              9272              
  56    9.100596e-07   1.052589e-05   9.476683e-04   57        57        1         0         344672    338               106123            9355              9272              
  57    9.020622e-07   8.483969e-06   9.955495e-04   58        58        1         0         347860    343               107704            9356              9272              
Optimization Terminated with Status: Converged
 Done target optimization...
 Resetting problem to initial conditions and target previous FFD points 
 and aim for machine precision functional value....
The process took 747.187 seconds to run.
********************************************************
Biros and Ghattas Full-space method...with P4 preconditioner
Using 16100 design variables: 16000 simulation variables and 100 control variables.
Line Search: Backtracking satisfying Null Curvature Condition
********************************************************
Iteration         Func. val.        ||Lagr. grad.||   ||Constraint||    ||Search dir||    search_ctl_norm   search_sim_norm   search_adj_norm   n_kkt_iter        n_linesearches    n_grad            n_vmult           dRdW_form         dRdW_mult         dRdX_mult         d2R_mult          
1                 6.61989e-06       0.00504732        0.0185316         10.8386           7.66742           4.67145           6.07146           53                1                 0                 101113            2                 96029             222               428               
2                 8.43857e-07       0.000238377       0.000453049       2.85908           2.68253           0.389055          0.909395          41                1                 0                 178789            3                 169932            395               760               
3                 7.91119e-10       4.66435e-05       7.08309e-05       5.05907           5.05083           0.139633          0.252598          47                1                 0                 267238            4                 254116            592               1140              
4                 2.41245e-12       5.88143e-08       2.65283e-08       0.112057          0.11013           0.00475586        0.020138          51                1                 0                 361414            5                 343699            805               1552              
5                 2.37304e-12       4.9225e-11        1.66733e-10       0.165495          0.165494          0.000298922       0.000161123       54                1                 0                 461077            6                 438523            1030              1988              
Optimization Terminated with Status: Converged
The process took 2429.19 seconds to run.
Total n_vmult for algorithm 461077
