run.
Starting optimization with 20...

Newton-Krylov using GMRES with Limited-Memory BFGS preconditioning
Line Search: Backtracking satisfying Null Curvature Condition
-------------------------------------------------------------------------------------------------------------
Newton-Krylov status output definitions

  iter     - Number of iterates (steps taken) 
  value    - Objective function value 
  gnorm    - Norm of the gradient
  snorm    - Norm of the step (update to optimization vector)
  #fval    - Cumulative number of times the objective function was evaluated
  #grad    - Number of times the gradient was computed
  iterCG   - Number of Krylov iterations used to compute search direction
  flagCG   - Krylov solver flag
-------------------------------------------------------------------------------------------------------------
  iter  value          gnorm          snorm          #fval     #grad     iterCG    flagCG    ls_#fval  ls_#grad  n_vmult   
  0     1.434277e-03   8.753880e-03   
  1     1.726973e-05   9.647430e-04   4.465591e+00   2         2         16        0         1         0         17861     
  2     4.376528e-09   1.470091e-05   2.752959e+00   3         3         16        0         1         0         33681     
  3     2.053000e-13   3.646678e-09   2.583145e-01   4         4         17        0         1         0         49762     
  4     1.264196e-17   7.021306e-13   1.557236e-01   5         5         18        0         1         0         65945     
Optimization Terminated with Status: Converged
The process took 168.195 seconds to run.
Total n_vmult for algorithm 65945
