run.
Starting optimization with 60...

Quasi-Newton Method with Limited-Memory BFGS
Line Search: Backtracking satisfying Null Curvature Condition
-------------------------------------------------------------------------------------------------------------
Quasi-Newton Method status output definitions

  iter     - Number of iterates (steps taken) 
  value    - Objective function value 
  gnorm    - Norm of the gradient
  snorm    - Norm of the step (update to optimization vector)
  #fval    - Cumulative number of times the objective function was evaluated
  #grad    - Number of times the gradient was computed
-------------------------------------------------------------------------------------------------------------
  iter  value          gnorm          snorm          #fval     #grad     ls_#fval  ls_#grad  n_vmult   
  0     1.458941e-03   6.825363e-03   
  1     1.412787e-03   6.699213e-03   6.825363e-03   2         2         1         0         2681      
  2     8.467136e-05   8.694027e-04   3.693341e-01   3         3         1         0         5820      
  3     4.741816e-05   4.414843e-04   6.362259e-02   4         4         1         0         8509      
  4     2.870366e-05   3.469183e-04   6.283020e-02   5         5         1         0         11267     
  5     1.601404e-05   3.284309e-04   7.786068e-02   6         6         1         0         14079     
  6     1.160346e-05   2.256801e-04   4.295767e-02   8         7         2         0         19000     
  7     8.951714e-06   1.419573e-04   2.299848e-02   9         8         1         0         21071     
  8     6.441721e-06   1.235202e-04   3.440600e-02   10        9         1         0         23067     
  9     4.535542e-06   9.757001e-05   3.544304e-02   11        10        1         0         25138     
  10    2.717656e-06   1.026601e-04   5.276399e-02   12        11        1         0         27233     
  11    2.576280e-06   1.603349e-04   3.199573e-02   14        12        2         0         31407     
  12    1.957221e-06   4.534852e-05   8.704231e-03   15        13        1         0         33472     
  13    1.804315e-06   4.212065e-05   5.538047e-03   16        14        1         0         35663     
  14    1.417766e-06   5.169952e-05   1.773653e-02   17        15        1         0         37875     
  15    8.928005e-07   4.899504e-05   3.133740e-02   18        16        1         0         40039     
  16    6.080490e-07   5.383746e-05   3.616794e-02   19        17        1         0         42161     
  17    4.608951e-07   3.309682e-05   1.842027e-02   20        18        1         0         44268     
  18    3.767263e-07   1.908211e-05   6.541684e-03   21        19        1         0         46531     
  19    2.692745e-07   2.027905e-05   9.998374e-03   22        20        1         0         48716     
  20    1.350896e-07   2.647267e-05   2.159742e-02   23        21        1         0         50937     
  21    4.359650e-08   1.620214e-05   2.541207e-02   24        22        1         0         53131     
  22    3.479346e-08   1.434166e-05   8.180439e-03   26        23        2         0         56873     
  23    2.430932e-08   2.316091e-06   2.385896e-03   27        24        1         0         59109     
  24    2.375849e-08   1.410741e-06   7.253225e-04   28        25        1         0         61477     
  25    2.333429e-08   1.743578e-06   5.205768e-04   29        26        1         0         63797     
  26    2.181354e-08   3.389370e-06   1.806463e-03   30        27        1         0         66123     
  27    1.877134e-08   5.534197e-06   3.942270e-03   31        28        1         0         68452     
  28    1.298257e-08   7.216904e-06   8.452094e-03   32        29        1         0         70775     
  29    5.448053e-09   6.533847e-06   1.252623e-02   33        30        1         0         73059     
  30    4.603143e-09   6.013436e-06   3.950123e-03   36        31        3         0         78565     
  31    8.472304e-10   2.277664e-06   6.192710e-03   37        32        1         0         80867     
  32    2.351045e-10   5.856265e-07   9.513864e-04   38        33        1         0         83175     
  33    1.799805e-10   2.092173e-07   7.027911e-04   39        34        1         0         85564     
  34    1.725385e-10   1.842973e-07   1.547816e-04   40        35        1         0         88004     
  35    1.602776e-10   1.945237e-07   1.748615e-04   41        36        1         0         89682     
  36    1.373522e-10   2.292777e-07   3.530631e-04   42        37        1         0         92089     
  37    1.315858e-10   1.836968e-07   1.797075e-04   44        38        2         0         96197     
  38    1.275321e-10   7.063817e-08   1.673352e-04   45        39        1         0         98637     
  39    1.263174e-10   5.285153e-08   9.654540e-05   46        40        1         0         100315    
  40    1.251500e-10   5.639267e-08   5.666037e-05   47        41        1         0         101972    
  41    1.220322e-10   7.898899e-08   1.331894e-04   48        42        1         0         103668    
  42    1.178633e-10   1.173161e-07   2.154676e-04   49        43        1         0         106123    
  43    1.132932e-10   1.721204e-07   4.203020e-04   50        44        1         0         108575    
  44    1.085689e-10   9.335675e-08   1.506501e-04   51        45        1         0         111024    
  45    1.056418e-10   5.375210e-08   1.411667e-04   52        46        1         0         113434    
  46    1.045915e-10   4.201711e-08   6.814379e-05   53        47        1         0         115124    
  47    1.027443e-10   6.419064e-08   1.529414e-04   54        48        1         0         117606    
  48    1.000880e-10   1.104666e-07   2.294995e-04   55        49        1         0         119269    
  49    9.404981e-11   1.794315e-07   5.077564e-04   56        50        1         0         121739    
  50    8.145562e-11   2.432019e-07   1.075176e-03   57        51        1         0         124119    
  51    6.691405e-11   2.515386e-07   1.613492e-03   58        52        1         0         126469    
  52    5.783046e-11   1.183765e-07   8.458805e-04   59        53        1         0         128873    
  53    5.520022e-11   3.508673e-08   2.036322e-04   60        54        1         0         131313    
  54    5.469932e-11   2.746878e-08   1.523658e-04   61        55        1         0         132991    
  55    5.430910e-11   3.575269e-08   5.131207e-05   62        56        1         0         134714    
  56    5.194553e-11   8.281234e-08   1.919710e-04   63        57        1         0         136401    
  57    4.764838e-11   1.361435e-07   3.322369e-04   64        58        1         0         138109    
  58    3.848127e-11   1.888186e-07   9.159048e-04   65        59        1         0         139766    
  59    2.730349e-11   1.919357e-07   1.552282e-03   66        60        1         0         142188    
  60    2.632937e-11   3.674477e-07   1.744599e-03   67        61        1         0         144589    
  61    1.905276e-11   6.421610e-08   2.364022e-04   68        62        1         0         147020    
  62    1.831487e-11   2.199283e-08   1.408211e-04   69        63        1         0         148680    
  63    1.816670e-11   1.540131e-08   7.023428e-05   70        64        1         0         150385    
  64    1.803545e-11   2.026758e-08   3.684334e-05   71        65        1         0         152114    
  65    1.741061e-11   5.131730e-08   1.422997e-04   72        66        1         0         153795    
  66    1.625953e-11   8.879804e-08   2.290162e-04   73        67        1         0         155479    
  67    1.357480e-11   1.354829e-07   5.173757e-04   74        68        1         0         157127    
  68    9.627244e-12   1.487398e-07   7.902369e-04   75        69        1         0         158814    
  69    6.004970e-12   8.844180e-08   7.630265e-04   76        70        1         0         160522    
  70    5.234270e-12   3.926774e-08   2.375654e-04   77        71        1         0         162968    
  71    4.938616e-12   6.050561e-09   1.056585e-04   78        72        1         0         165381    
  72    4.920105e-12   3.345704e-09   5.092932e-05   79        73        1         0         167086    
  73    4.913787e-12   4.164959e-09   1.348348e-05   80        74        1         0         168854    
  74    4.868407e-12   9.559894e-09   6.232955e-05   81        75        1         0         170601    
  75    4.782408e-12   1.630153e-08   7.795104e-05   82        76        1         0         172348    
  76    4.565927e-12   2.580469e-08   1.590111e-04   83        77        1         0         174089    
  77    4.190869e-12   3.331750e-08   2.799311e-04   84        78        1         0         175815    
  78    3.902955e-12   4.327323e-08   4.386640e-04   85        79        1         0         177526    
  79    3.573164e-12   1.702323e-08   1.970083e-04   86        80        1         0         180026    
  80    3.476188e-12   5.949488e-09   1.358200e-04   87        81        1         0         181719    
  81    3.464631e-12   2.237978e-09   4.454210e-05   88        82        1         0         183478    
  82    3.461275e-12   2.584230e-09   9.563411e-06   89        83        1         0         185276    
  83    3.448070e-12   6.367563e-09   2.568299e-05   90        84        1         0         187050    
  84    3.421149e-12   1.195998e-08   3.766062e-05   91        85        1         0         188818    
  85    3.345020e-12   2.193752e-08   9.167842e-05   92        86        1         0         190574    
  86    3.162387e-12   3.632773e-08   2.129490e-04   93        87        1         0         192321    
  87    2.737422e-12   5.508909e-08   5.084778e-04   94        88        1         0         194050    
  88    1.937611e-12   6.969784e-08   1.017432e-03   95        89        1         0         195725    
  89    9.290408e-13   6.160624e-08   1.411938e-03   96        90        1         0         197430    
  90    3.096622e-13   2.867386e-08   9.236474e-04   97        91        1         0         199147    
  91    1.724987e-13   4.965639e-09   1.302499e-04   98        92        1         0         200888    
  92    1.630915e-13   3.485860e-10   1.276976e-04   99        93        1         0         202656    
Optimization Terminated with Status: Converged
The process took 306.854 seconds to run.
Total n_vmult for algorithm 202656
