run.
Starting optimization with 60...

Newton-Krylov using GMRES with Limited-Memory BFGS preconditioning
Line Search: Backtracking satisfying Null Curvature Condition
-------------------------------------------------------------------------------------------------------------
Newton-Krylov status output definitions

  iter     - Number of iterates (steps taken) 
  value    - Objective function value 
  gnorm    - Norm of the gradient
  snorm    - Norm of the step (update to optimization vector)
  #fval    - Cumulative number of times the objective function was evaluated
  #grad    - Number of times the gradient was computed
  iterCG   - Number of Krylov iterations used to compute search direction
  flagCG   - Krylov solver flag
-------------------------------------------------------------------------------------------------------------
  iter  value          gnorm          snorm          #fval     #grad     iterCG    flagCG    ls_#fval  ls_#grad  n_vmult   
  0     1.458941e-03   6.825363e-03   
  1     1.760514e-05   7.025451e-04   1.589961e+01   2         2         31        0         1         0         30278     
  2     4.727225e-09   1.123886e-05   1.575409e+01   3         3         29        0         1         0         56181     
  3     1.921450e-15   2.925740e-09   1.427388e-01   4         4         32        0         1         0         83650     
  4     1.540989e-20   8.879121e-14   6.799959e-03   5         5         36        0         1         0         113510    
Optimization Terminated with Status: Converged
The process took 220.651 seconds to run.
Total n_vmult for algorithm 113510
