run.
Starting optimization with 40...

Newton-Krylov using GMRES with Limited-Memory BFGS preconditioning
Line Search: Backtracking satisfying Null Curvature Condition
-------------------------------------------------------------------------------------------------------------
Newton-Krylov status output definitions

  iter     - Number of iterates (steps taken) 
  value    - Objective function value 
  gnorm    - Norm of the gradient
  snorm    - Norm of the step (update to optimization vector)
  #fval    - Cumulative number of times the objective function was evaluated
  #grad    - Number of times the gradient was computed
  iterCG   - Number of Krylov iterations used to compute search direction
  flagCG   - Krylov solver flag
-------------------------------------------------------------------------------------------------------------
  iter  value          gnorm          snorm          #fval     #grad     iterCG    flagCG    ls_#fval  ls_#grad  n_vmult   
  0     1.443391e-03   7.332693e-03   
  1     1.604583e-05   7.189556e-04   4.518362e+00   2         2         24        0         1         0         19767     
  2     2.851457e-08   9.159047e-06   4.295467e+00   3         3         23        0         1         0         37204     
  3     1.474200e-12   1.188136e-07   2.908092e-01   4         4         26        0         1         0         55926     
  4     8.082001e-16   4.592325e-12   6.380800e-03   5         5         26        0         1         0         74450     
Optimization Terminated with Status: Converged
The process took 18.9312 seconds to run.
Total n_vmult for algorithm 74450
