run.
Starting optimization with 100...

Newton-Krylov using GMRES with Limited-Memory BFGS preconditioning
Line Search: Backtracking satisfying Null Curvature Condition
-------------------------------------------------------------------------------------------------------------
Newton-Krylov status output definitions

  iter     - Number of iterates (steps taken) 
  value    - Objective function value 
  gnorm    - Norm of the gradient
  snorm    - Norm of the step (update to optimization vector)
  #fval    - Cumulative number of times the objective function was evaluated
  #grad    - Number of times the gradient was computed
  iterCG   - Number of Krylov iterations used to compute search direction
  flagCG   - Krylov solver flag
-------------------------------------------------------------------------------------------------------------
  iter  value          gnorm          snorm          #fval     #grad     iterCG    flagCG    ls_#fval  ls_#grad  n_vmult   
  0     1.459354e-03   6.158633e-03   
  1     1.775231e-05   5.986519e-04   6.662066e+00   2         2         39        0         1         0         36845     
  2     5.113950e-09   9.976388e-06   6.504757e+00   3         3         38        0         1         0         69780     
  3     3.954282e-14   3.555433e-09   1.452092e-01   4         4         41        0         1         0         104416    
  4     1.682097e-19   1.336437e-13   1.326459e-02   5         5         46        0         1         0         142070    
Optimization Terminated with Status: Converged
The process took 245.868 seconds to run.
Total n_vmult for algorithm 142070
