run.
Starting optimization with 20...

Newton-Krylov using GMRES with Limited-Memory BFGS preconditioning
Line Search: Backtracking satisfying Null Curvature Condition
-------------------------------------------------------------------------------------------------------------
Newton-Krylov status output definitions

  iter     - Number of iterates (steps taken) 
  value    - Objective function value 
  gnorm    - Norm of the gradient
  snorm    - Norm of the step (update to optimization vector)
  #fval    - Cumulative number of times the objective function was evaluated
  #grad    - Number of times the gradient was computed
  iterCG   - Number of Krylov iterations used to compute search direction
  flagCG   - Krylov solver flag
-------------------------------------------------------------------------------------------------------------
  iter  value          gnorm          snorm          #fval     #grad     iterCG    flagCG    ls_#fval  ls_#grad  n_vmult   
  0     1.434825e-03   8.760010e-03   
  1     1.727225e-05   9.674936e-04   3.507777e+00   2         2         15        0         1         0         20073     
  2     4.390984e-09   1.486530e-05   5.000088e-01   3         3         15        0         1         0         37729     
  3     6.150233e-15   3.858826e-09   1.553910e-01   4         4         17        0         1         0         56613     
  4     1.281017e-18   5.896967e-14   2.455881e-02   5         5         18        0         1         0         75069     
Optimization Terminated with Status: Converged
The process took 844.619 seconds to run.
Total n_vmult for algorithm 75069
