run.
Starting optimization with 100...

Newton-Krylov using GMRES with Limited-Memory BFGS preconditioning
Line Search: Backtracking satisfying Null Curvature Condition
-------------------------------------------------------------------------------------------------------------
Newton-Krylov status output definitions

  iter     - Number of iterates (steps taken) 
  value    - Objective function value 
  gnorm    - Norm of the gradient
  snorm    - Norm of the step (update to optimization vector)
  #fval    - Cumulative number of times the objective function was evaluated
  #grad    - Number of times the gradient was computed
  iterCG   - Number of Krylov iterations used to compute search direction
  flagCG   - Krylov solver flag
-------------------------------------------------------------------------------------------------------------
  iter  value          gnorm          snorm          #fval     #grad     iterCG    flagCG    ls_#fval  ls_#grad  n_vmult   
  0     1.458381e-03   6.158177e-03   
  1     1.780305e-05   5.993410e-04   7.595856e+00   2         2         40        0         1         0         43905     
  2     5.250889e-09   1.001609e-05   7.425961e+00   3         3         36        0         1         0         80050     
  3     4.194317e-14   3.515307e-09   1.589795e-01   4         4         40        0         1         0         118788    
  4     2.147178e-19   1.293636e-13   1.437435e-02   5         5         46        0         1         0         161586    
Optimization Terminated with Status: Converged
The process took 1168.15 seconds to run.
Total n_vmult for algorithm 161586
