run.
Starting optimization with 320...

Newton-Krylov using GMRES with Limited-Memory BFGS preconditioning
Line Search: Backtracking satisfying Null Curvature Condition
-------------------------------------------------------------------------------------------------------------
Newton-Krylov status output definitions

  iter     - Number of iterates (steps taken) 
  value    - Objective function value 
  gnorm    - Norm of the gradient
  snorm    - Norm of the step (update to optimization vector)
  #fval    - Cumulative number of times the objective function was evaluated
  #grad    - Number of times the gradient was computed
  iterCG   - Number of Krylov iterations used to compute search direction
  flagCG   - Krylov solver flag
-------------------------------------------------------------------------------------------------------------
  iter  value          gnorm          snorm          #fval     #grad     iterCG    flagCG    ls_#fval  ls_#grad  n_vmult   
  0     1.445176e-03   4.635103e-03   
  1     1.503602e-05   3.568237e-04   6.591990e-01   2         2         55        0         1         0         40791     
  2     3.479698e-09   6.080767e-06   1.897614e-01   3         3         59        0         1         0         82120     
  3     1.650790e-14   5.686176e-09   6.107763e-02   4         4         64        0         1         0         126000    
  4     2.482709e-18   4.927303e-13   1.920385e-02   5         5         71        0         1         0         173121    
Optimization Terminated with Status: Converged
The process took 29.7539 seconds to run.
Total n_vmult for algorithm 173121
