Startirun.
Starting optimization with 160...

Newton-Krylov using GMRES with Limited-Memory BFGS preconditioning
Line Search: Backtracking satisfying Null Curvature Condition
-------------------------------------------------------------------------------------------------------------
Newton-Krylov status output definitions

  iter     - Number of iterates (steps taken) 
  value    - Objective function value 
  gnorm    - Norm of the gradient
  snorm    - Norm of the step (update to optimization vector)
  #fval    - Cumulative number of times the objective function was evaluated
  #grad    - Number of times the gradient was computed
  iterCG   - Number of Krylov iterations used to compute search direction
  flagCG   - Krylov solver flag
-------------------------------------------------------------------------------------------------------------
  iter  value          gnorm          snorm          #fval     #grad     iterCG    flagCG    ls_#fval  ls_#grad  n_vmult   
  0     1.459757e-03   5.582363e-03   
  1     1.785308e-05   5.170214e-04   2.002909e+00   2         2         48        0         1         0         51378     
  2     6.855140e-09   1.061283e-05   1.899750e+00   3         3         48        0         1         0         98326     
  3     4.224220e-14   6.948239e-09   1.489744e-01   4         4         52        0         1         0         147507    
  4     2.900809e-19   2.091879e-13   1.649509e-02   5         5         58        0         1         0         200328    
Optimization Terminated with Status: Converged
The process took 1499.65 seconds to run.
Total n_vmult for algorithm 200328
