run.
Starting optimization with 160...

Newton-Krylov using GMRES with Limited-Memory BFGS preconditioning
Line Search: Backtracking satisfying Null Curvature Condition
-------------------------------------------------------------------------------------------------------------
Newton-Krylov status output definitions

  iter     - Number of iterates (steps taken) 
  value    - Objective function value 
  gnorm    - Norm of the gradient
  snorm    - Norm of the step (update to optimization vector)
  #fval    - Cumulative number of times the objective function was evaluated
  #grad    - Number of times the gradient was computed
  iterCG   - Number of Krylov iterations used to compute search direction
  flagCG   - Krylov solver flag
-------------------------------------------------------------------------------------------------------------
  iter  value          gnorm          snorm          #fval     #grad     iterCG    flagCG    ls_#fval  ls_#grad  n_vmult   
  0     1.445291e-03   5.503151e-03   
  1     1.508108e-05   4.544732e-04   1.698218e+00   2         2         45        0         1         0         34074     
  2     3.656522e-09   6.897810e-06   1.608278e+00   3         3         45        0         1         0         65704     
  3     1.240018e-14   4.750219e-09   1.433263e-01   4         4         49        0         1         0         99513     
  4     5.476549e-19   7.799608e-13   9.777435e-03   5         5         54        0         1         0         135615    
Optimization Terminated with Status: Converged
The process took 27.2605 seconds to run.
Total n_vmult for algorithm 135615
