Starting optimization with 20...

Newton-Krylov using GMRES with Limited-Memory BFGS preconditioning
Line Search: Backtracking satisfying Null Curvature Condition
-------------------------------------------------------------------------------------------------------------
Newton-Krylov status output definitions

  iter     - Number of iterates (steps taken) 
  value    - Objective function value 
  gnorm    - Norm of the gradient
  snorm    - Norm of the step (update to optimization vector)
  #fval    - Cumulative number of times the objective function was evaluated
  #grad    - Number of times the gradient was computed
  iterCG   - Number of Krylov iterations used to compute search direction
  flagCG   - Krylov solver flag
-------------------------------------------------------------------------------------------------------------
  iter  value          gnorm          snorm          #fval     #grad     iterCG    flagCG    ls_#fval  ls_#grad  n_vmult           dRdW_form         dRdW_mult         dRdX_mult         d2R_mult          
  0     6.547609e-03   2.214958e-01   
  1     1.306519e-04   3.600730e-02   3.233784e-01   2         2         18        0         1         0         29330             7                 27958             40                76                
  2     6.815927e-07   7.925867e-04   1.655757e-01   3         3         16        0         1         0         58227             12                55734             75                144               
  3     1.478768e-08   6.124846e-06   1.304418e-01   4         4         17        0         1         0         86372             16                82796             112               216               
  4     6.909773e-15   8.543472e-08   2.273823e-02   5         5         19        0         1         0         105239            19                100576            153               296               
Optimization Terminated with Status: Converged
The process took 920.896 seconds to run.
Total n_vmult for algorithm 105239
