run.
Starting optimization with 80...

Quasi-Newton Method with Limited-Memory BFGS
Line Search: Backtracking satisfying Null Curvature Condition
-------------------------------------------------------------------------------------------------------------
Quasi-Newton Method status output definitions

  iter     - Number of iterates (steps taken) 
  value    - Objective function value 
  gnorm    - Norm of the gradient
  snorm    - Norm of the step (update to optimization vector)
  #fval    - Cumulative number of times the objective function was evaluated
  #grad    - Number of times the gradient was computed
-------------------------------------------------------------------------------------------------------------
  iter  value          gnorm          snorm          #fval     #grad     ls_#fval  ls_#grad  n_vmult   dRdW_form         dRdW_mult         dRdX_mult         d2R_mult          
  0     1.456137e-03   6.436058e-03   
  1     1.415042e-03   6.334335e-03   6.436058e-03   2         2         1         0         2669      6                 1575              2                 0                 
  2     4.121833e-05   7.305232e-04   4.051931e-01   3         3         1         0         5799      13                3438              3                 0                 
  3     1.491652e-05   2.778151e-04   5.812999e-02   4         4         1         0         8500      19                5052              4                 0                 
  4     8.258093e-06   2.295387e-04   3.718194e-02   5         5         1         0         10523     24                6168              5                 0                 
  5     5.017157e-06   3.063692e-04   5.134101e-02   6         6         1         0         13401     30                7959              6                 0                 
  6     2.536953e-06   1.015993e-04   1.606076e-02   7         7         1         0         15451     35                9102              7                 0                 
  7     1.910317e-06   8.191707e-05   9.140073e-03   8         8         1         0         17552     40                10296             8                 0                 
  8     1.165447e-06   7.325073e-05   1.628891e-02   9         9         1         0         19638     45                11475             9                 0                 
  9     5.037434e-07   5.923048e-05   2.354177e-02   10        10        1         0         21745     50                12675             10                0                 
  10    4.610080e-07   9.254172e-05   1.225888e-02   12        11        2         0         25244     59                14547             11                0                 
  11    2.894821e-07   2.691140e-05   3.319475e-03   13        12        1         0         27378     64                15774             12                0                 
  12    2.448743e-07   2.406781e-05   2.412583e-03   14        13        1         0         29563     69                17052             13                0                 
  13    1.570829e-07   2.570242e-05   7.379748e-03   15        14        1         0         31724     74                18306             14                0                 
  14    8.655501e-08   1.684032e-05   8.037867e-03   16        15        1         0         33933     79                19608             15                0                 
  15    3.656631e-08   8.839491e-06   8.797265e-03   17        16        1         0         36184     84                20952             16                0                 
  16    1.855054e-08   6.386005e-06   5.693049e-03   18        17        1         0         38384     89                22245             17                0                 
  17    1.371086e-08   5.225560e-06   2.440716e-03   19        18        1         0         40662     94                23616             18                0                 
  18    1.161073e-08   3.507992e-06   1.012344e-03   20        19        1         0         42982     99                25029             19                0                 
  19    1.004797e-08   3.250455e-06   8.022835e-04   21        20        1         0         45365     104               26505             20                0                 
  20    6.121527e-09   4.963093e-06   2.859637e-03   22        21        1         0         47721     109               27954             21                0                 
  21    3.118026e-09   4.431370e-06   3.158988e-03   23        22        1         0         50029     114               29355             22                0                 
  22    2.727372e-09   4.200548e-06   7.621020e-04   26        23        3         0         55550     127               32529             23                0                 
  23    1.703325e-09   1.082098e-06   1.726142e-03   27        24        1         0         57882     132               33954             24                0                 
  24    1.629891e-09   3.350489e-07   2.110375e-04   28        25        1         0         60289     137               35454             25                0                 
  25    1.610201e-09   3.985205e-07   1.249345e-04   29        26        1         0         62774     142               37032             26                0                 
  26    1.576979e-09   6.445179e-07   1.828308e-04   30        27        1         0         65280     147               38631             27                0                 
  27    1.478501e-09   1.174936e-06   5.578199e-04   31        28        1         0         67714     152               40158             28                0                 
  28    1.290003e-09   1.709931e-06   1.170999e-03   32        29        1         0         70139     157               41676             29                0                 
  29    9.815357e-10   1.857942e-06   2.143153e-03   33        30        1         0         72483     162               43113             30                0                 
  30    6.114243e-10   2.046157e-06   3.726082e-03   34        31        1         0         74806     167               44529             31                0                 
  31    5.942398e-10   1.609624e-06   3.358806e-03   35        32        1         0         77171     172               45987             32                0                 
  32    2.883994e-10   5.217693e-07   1.686184e-03   36        33        1         0         79539     177               47448             33                0                 
  33    2.619580e-10   1.904656e-07   2.361189e-04   37        34        1         0         81946     182               48948             34                0                 
  34    2.541137e-10   1.530653e-07   1.257266e-04   38        35        1         0         84431     187               50526             35                0                 
  35    2.477166e-10   2.339358e-07   1.232952e-04   39        36        1         0         86145     191               51513             36                0                 
  36    2.297462e-10   4.074089e-07   3.442803e-04   40        37        1         0         88624     196               53085             37                0                 
  37    2.028362e-10   5.042233e-07   5.158174e-04   41        38        1         0         91064     201               54618             38                0                 
  38    1.725817e-10   3.781264e-07   5.758065e-04   42        39        1         0         93441     206               56088             39                0                 
  39    1.604569e-10   2.431159e-07   4.493211e-04   43        40        1         0         95830     211               57570             40                0                 
  40    1.529087e-10   1.107354e-07   1.058570e-04   44        41        1         0         98264     216               59097             41                0                 
  41    1.494510e-10   1.686989e-07   9.150630e-05   45        42        1         0         100749    221               60675             42                0                 
  42    1.433675e-10   2.682223e-07   1.590925e-04   46        43        1         0         103204    226               62223             43                0                 
  43    1.319034e-10   3.714214e-07   3.413261e-04   47        44        1         0         105668    231               63780             44                0                 
  44    1.125467e-10   4.076559e-07   6.943746e-04   48        45        1         0         108102    236               65307             45                0                 
  45    9.056207e-11   3.898830e-07   1.191554e-03   49        46        1         0         110515    241               66813             46                0                 
  46    7.075476e-11   1.551346e-07   7.768784e-04   50        47        1         0         112931    246               68322             47                0                 
  47    6.239446e-11   9.829049e-08   2.125438e-04   51        48        1         0         115368    251               69852             48                0                 
  48    5.705394e-11   1.743723e-07   1.914527e-04   52        49        1         0         117826    256               71403             49                0                 
  49    5.051301e-11   2.412555e-07   2.609840e-04   53        50        1         0         120305    261               72975             50                0                 
  50    3.667717e-11   2.936064e-07   6.648191e-04   54        51        1         0         121953    265               73896             51                0                 
  51    2.464873e-11   2.084922e-07   8.567819e-04   55        52        1         0         124354    270               75390             52                0                 
  52    1.867964e-11   7.771820e-08   4.239836e-04   56        53        1         0         126767    275               76896             53                0                 
  53    1.748902e-11   2.594637e-08   1.155831e-04   57        54        1         0         128442    279               77844             54                0                 
  54    1.714699e-11   3.865217e-08   6.491001e-05   58        55        1         0         130171    283               78846             55                0                 
  55    1.670588e-11   5.278462e-08   4.187158e-05   59        56        1         0         131915    287               79863             56                0                 
  56    1.510542e-11   8.304206e-08   1.218326e-04   60        57        1         0         133623    291               80844             57                0                 
  57    1.313011e-11   8.393772e-08   1.872472e-04   61        58        1         0         135313    295               81807             58                0                 
  58    1.308321e-11   1.017963e-07   4.880024e-05   65        59        4         0         143009    312               86436             59                0                 
  59    1.161574e-11   4.361730e-08   1.999564e-04   66        60        1         0         145467    317               87987             60                0                 
  60    1.130499e-11   1.184774e-08   9.195617e-05   67        61        1         0         147187    321               88980             61                0                 
  61    1.124430e-11   9.017560e-09   3.131872e-05   68        62        1         0         148937    325               90003             62                0                 
  62    1.120168e-11   1.270316e-08   1.426070e-05   69        63        1         0         150708    329               91047             63                0                 
  63    1.102491e-11   2.520142e-08   4.748256e-05   70        64        1         0         152449    333               92061             64                0                 
  64    1.063390e-11   4.297566e-08   1.004972e-04   71        65        1         0         154181    337               93066             65                0                 
  65    9.669487e-12   6.859486e-08   2.570719e-04   72        66        1         0         155877    341               94035             66                0                 
  66    7.822269e-12   9.287651e-08   5.383855e-04   73        67        1         0         157561    345               94992             67                0                 
  67    7.593391e-12   1.670833e-07   1.079741e-03   74        68        1         0         159920    350               96444             68                0                 
  68    4.242227e-12   7.409461e-08   1.287929e-04   75        69        1         0         162321    355               97938             69                0                 
  69    3.214936e-12   3.684863e-08   1.258754e-04   76        70        1         0         164806    360               99516             70                0                 
  70    2.867621e-12   1.117539e-08   1.529784e-04   77        71        1         0         166514    364               100497            71                0                 
  71    2.823273e-12   8.416550e-09   3.217260e-05   78        72        1         0         168267    368               101523            72                0                 
  72    2.740954e-12   1.511515e-08   5.215005e-05   79        73        1         0         170008    372               102537            73                0                 
  73    2.587656e-12   2.744376e-08   8.009401e-05   80        74        1         0         171713    376               103515            74                0                 
  74    2.213405e-12   4.540820e-08   1.737612e-04   81        75        1         0         173415    380               104490            75                0                 
  75    1.573546e-12   5.710467e-08   2.786795e-04   82        76        1         0         175153    384               105501            76                0                 
  76    8.471163e-13   4.747330e-08   3.116285e-04   83        77        1         0         176852    388               106473            77                0                 
  77    8.345752e-13   2.586361e-08   1.790845e-04   84        78        1         0         179325    393               108039            78                0                 
  78    4.948638e-13   1.086684e-08   8.796061e-05   85        79        1         0         181033    397               109020            79                0                 
  79    4.695077e-13   3.650207e-09   3.354800e-05   86        80        1         0         182795    401               110055            80                0                 
  80    4.670304e-13   1.225292e-09   1.658320e-05   87        81        1         0         184566    405               111099            81                0                 
  81    4.667150e-13   7.796665e-10   1.606416e-06   88        82        1         0         186352    409               112158            82                0                 
Optimization Terminated with Status: Converged
The process took 402.415 seconds to run.
Total n_vmult for algorithm 186352
