run.
Starting optimization with 100...

Quasi-Newton Method with Limited-Memory BFGS
Line Search: Backtracking satisfying Null Curvature Condition
-------------------------------------------------------------------------------------------------------------
Quasi-Newton Method status output definitions

  iter     - Number of iterates (steps taken) 
  value    - Objective function value 
  gnorm    - Norm of the gradient
  snorm    - Norm of the step (update to optimization vector)
  #fval    - Cumulative number of times the objective function was evaluated
  #grad    - Number of times the gradient was computed
-------------------------------------------------------------------------------------------------------------
  iter  value          gnorm          snorm          #fval     #grad     ls_#fval  ls_#grad  n_vmult   dRdW_form         dRdW_mult         dRdX_mult         d2R_mult          
  0     1.456508e-03   6.155758e-03   
  1     1.418883e-03   6.068636e-03   6.155758e-03   2         2         1         0         3785      6                 1851              2                 0                 
  2     2.283547e-05   6.339324e-04   4.309313e-01   3         3         1         0         7781      13                3600              3                 0                 
  3     3.728264e-06   1.651973e-04   5.244057e-02   4         4         1         0         11544     19                5436              4                 0                 
  4     2.096595e-06   1.626013e-04   1.996650e-02   5         5         1         0         14501     24                6786              5                 0                 
  5     1.057551e-06   8.648258e-05   1.388953e-02   6         6         1         0         17518     29                8196              6                 0                 
  6     4.914223e-07   4.829245e-05   1.256079e-02   7         7         1         0         20565     34                9636              7                 0                 
  7     2.335228e-07   2.691249e-05   9.958644e-03   8         8         1         0         23630     39                11094             8                 0                 
  8     1.331028e-07   4.110634e-05   9.542698e-03   9         9         1         0         26650     44                12507             9                 0                 
  9     9.396159e-08   2.935261e-05   7.043366e-03   10        10        1         0         29667     49                13917             10                0                 
  10    6.809186e-08   1.024399e-05   2.468325e-03   11        11        1         0         32771     54                15414             11                0                 
  11    5.987534e-08   8.215586e-06   1.161934e-03   12        12        1         0         35950     59                16986             12                0                 
  12    4.823901e-08   8.927210e-06   2.413748e-03   13        13        1         0         39138     64                18567             13                0                 
  13    3.619992e-08   6.512555e-06   3.437317e-03   14        14        1         0         42278     69                20100             14                0                 
  14    2.668624e-08   3.934161e-06   3.957064e-03   15        15        1         0         45394     74                21609             15                0                 
  15    2.067418e-08   3.464893e-06   4.004200e-03   16        16        1         0         48564     79                23172             16                0                 
  16    1.690943e-08   5.524660e-06   4.123833e-03   17        17        1         0         51737     84                24738             17                0                 
  17    1.327177e-08   4.899290e-06   2.832583e-03   18        18        1         0         54883     89                26277             18                0                 
  18    8.490586e-09   3.533461e-06   3.966874e-03   19        19        1         0         58086     94                27873             19                0                 
  19    5.656891e-09   4.192711e-06   4.928240e-03   20        20        1         0         61196     99                29376             20                0                 
  20    4.970778e-09   3.209931e-06   1.447712e-03   21        21        1         0         64378     104               30951             21                0                 
  21    4.465081e-09   9.060947e-07   8.515681e-04   22        22        1         0         67650     109               32616             22                0                 
  22    4.383007e-09   7.206649e-07   1.488237e-04   23        23        1         0         70014     113               33693             23                0                 
  23    4.107327e-09   1.078465e-06   5.792070e-04   24        24        1         0         73298     118               35370             24                0                 
  24    3.579337e-09   1.778239e-06   1.302753e-03   25        25        1         0         76573     123               37038             25                0                 
  25    2.618588e-09   2.169844e-06   2.941234e-03   26        26        1         0         79803     128               38661             26                0                 
  26    1.952141e-09   3.426971e-06   4.174493e-03   27        27        1         0         83003     133               40254             27                0                 
  27    1.132514e-09   1.034592e-06   1.833061e-03   28        28        1         0         86281     138               41925             28                0                 
  28    9.128497e-10   5.384550e-07   5.241680e-04   29        29        1         0         89559     143               43596             29                0                 
  29    7.956526e-10   6.491677e-07   4.739981e-04   30        30        1         0         91890     147               44640             30                0                 
  30    6.407849e-10   6.754269e-07   8.294209e-04   31        31        1         0         94209     151               45672             31                0                 
  31    5.863227e-10   8.644747e-07   6.215622e-04   33        32        2         0         99853     160               48429             32                0                 
  32    5.111922e-10   2.883485e-07   5.162385e-04   34        33        1         0         103131    165               50100             33                0                 
  33    4.979604e-10   1.550457e-07   9.833628e-05   35        34        1         0         105513    169               51195             34                0                 
  34    4.885603e-10   1.906072e-07   1.040446e-04   36        35        1         0         107901    173               52296             35                0                 
  35    4.729554e-10   3.028069e-07   1.834155e-04   37        36        1         0         110289    177               53397             36                0                 
  36    4.288432e-10   5.222897e-07   5.998785e-04   38        37        1         0         112647    181               54468             37                0                 
  37    3.533276e-10   7.055978e-07   1.150905e-03   39        38        1         0         114999    185               55533             38                0                 
  38    2.393448e-10   8.101984e-07   2.164731e-03   40        39        1         0         117342    189               56589             39                0                 
  39    1.420425e-10   6.202009e-07   2.545987e-03   41        40        1         0         120575    194               58215             40                0                 
  40    8.331005e-11   2.064517e-07   2.516077e-04   42        41        1         0         123850    199               59883             41                0                 
  41    6.203727e-11   1.961037e-07   2.064792e-04   43        42        1         0         126205    203               60951             42                0                 
  42    5.529831e-11   1.749551e-07   1.014009e-04   44        43        1         0         128596    207               62055             43                0                 
  43    4.532058e-11   9.076140e-08   3.576478e-04   45        44        1         0         130954    211               63126             44                0                 
  44    4.441591e-11   8.901066e-08   8.655256e-05   46        45        1         0         133345    215               64230             45                0                 
  45    4.384928e-11   4.998518e-08   1.262212e-05   47        46        1         0         135754    219               65352             46                0                 
  46    4.312429e-11   4.483599e-08   3.068814e-05   48        47        1         0         138181    223               66492             47                0                 
  47    4.208783e-11   6.005869e-08   6.719204e-05   49        48        1         0         140572    227               67596             48                0                 
  48    4.104397e-11   5.164800e-08   8.635829e-05   50        49        1         0         142984    231               68721             49                0                 
  49    3.978705e-11   6.538707e-08   1.345359e-04   51        50        1         0         145375    235               69825             50                0                 
  50    3.785669e-11   6.391417e-08   1.635611e-04   52        51        1         0         147787    239               70950             51                0                 
  51    3.357443e-11   1.307191e-07   3.668613e-04   53        52        1         0         150181    243               72057             52                0                 
  52    2.515063e-11   2.254128e-07   7.943543e-04   54        53        1         0         152590    247               73179             53                0                 
  53    1.389496e-11   2.583499e-07   1.201435e-03   55        54        1         0         154936    251               74238             54                0                 
  54    1.128800e-11   2.571567e-07   6.452795e-04   57        55        2         0         159789    259               76524             55                0                 
  55    4.296877e-12   1.160202e-07   5.206410e-04   58        56        1         0         162147    263               77595             56                0                 
  56    2.915227e-12   2.988900e-08   5.161835e-05   59        57        1         0         164529    267               78690             57                0                 
  57    2.799779e-12   8.862595e-09   6.235166e-05   60        58        1         0         166977    271               79851             58                0                 
  58    2.777760e-12   1.052667e-08   2.045988e-05   61        59        1         0         169452    275               81039             59                0                 
  59    2.716197e-12   1.863480e-08   3.452158e-05   62        60        1         0         171906    279               82206             60                0                 
  60    2.600672e-12   2.802726e-08   3.523267e-05   63        61        1         0         174345    283               83358             61                0                 
  61    2.424482e-12   2.981935e-08   4.507152e-05   64        62        1         0         176784    287               84510             62                0                 
  62    2.262741e-12   1.535403e-08   9.420599e-05   65        63        1         0         179178    291               85617             63                0                 
  63    2.210653e-12   6.656708e-09   3.952333e-05   66        64        1         0         181626    295               86778             64                0                 
  64    2.189210e-12   8.120730e-09   2.170967e-05   67        65        1         0         184113    299               87978             65                0                 
  65    2.164439e-12   1.326642e-08   2.395186e-05   68        66        1         0         186582    303               89160             66                0                 
  66    2.128401e-12   1.795435e-08   2.675478e-05   69        67        1         0         189069    307               90360             67                0                 
  67    2.036380e-12   2.375158e-08   6.544589e-05   70        68        1         0         191553    311               91557             68                0                 
  68    1.912445e-12   2.266102e-08   9.505352e-05   71        69        1         0         194022    315               92739             69                0                 
  69    1.887251e-12   2.690103e-08   4.049827e-05   74        70        3         0         199596    325               95106             70                0                 
  70    1.778097e-12   1.270211e-08   7.994016e-05   75        71        1         0         202035    329               96258             71                0                 
  71    1.721954e-12   6.384533e-09   4.610801e-05   76        72        1         0         204501    333               97437             72                0                 
  72    1.677768e-12   1.285236e-08   3.479416e-05   77        73        1         0         206970    337               98619             73                0                 
  73    1.606031e-12   2.164161e-08   4.959506e-05   78        74        1         0         209424    341               99786             74                0                 
  74    1.423014e-12   3.486353e-08   1.321255e-04   79        75        1         0         211845    345               100920            75                0                 
  75    1.061407e-12   4.697689e-08   2.930979e-04   80        76        1         0         214275    349               102063            76                0                 
  76    5.413413e-13   4.541684e-08   4.925970e-04   81        77        1         0         216681    353               103182            77                0                 
  77    5.129451e-13   4.711575e-08   3.361259e-04   83        78        2         0         220677    360               104931            78                0                 
  78    1.301905e-13   1.444641e-08   1.646408e-04   84        79        1         0         223104    364               106071            79                0                 
  79    9.102101e-14   3.707233e-09   2.993269e-05   85        80        1         0         225600    368               107280            80                0                 
  80    8.693764e-14   7.096641e-10   2.201714e-05   86        81        1         0         228111    372               108504            81                0                 
Optimization Terminated with Status: Converged
The process took 887.785 seconds to run.
Total n_vmult for algorithm 228111
