run.
Starting optimization with 100...

Newton-Krylov using GMRES with Limited-Memory BFGS preconditioning
Line Search: Backtracking satisfying Null Curvature Condition
-------------------------------------------------------------------------------------------------------------
Newton-Krylov status output definitions

  iter     - Number of iterates (steps taken) 
  value    - Objective function value 
  gnorm    - Norm of the gradient
  snorm    - Norm of the step (update to optimization vector)
  #fval    - Cumulative number of times the objective function was evaluated
  #grad    - Number of times the gradient was computed
  iterCG   - Number of Krylov iterations used to compute search direction
  flagCG   - Krylov solver flag
-------------------------------------------------------------------------------------------------------------
  iter  value          gnorm          snorm          #fval     #grad     iterCG    flagCG    ls_#fval  ls_#grad  n_vmult   dRdW_form         dRdW_mult         dRdX_mult         d2R_mult          
  0     1.441799e-03   6.067473e-03   
  1     1.507660e-05   5.370003e-04   1.108337e+01   2         2         39        0         1         0         30093     8                 27759             82                160               
  2     3.553415e-09   8.059856e-06   1.108259e+01   3         3         38        0         1         0         57001     14                52542             161               316               
  3     5.811281e-14   3.633007e-09   1.885172e-01   4         4         40        0         1         0         84684     19                78096             244               480               
  4     1.426691e-19   1.110940e-12   2.143940e-02   5         5         45        0         1         0         114843    23                105996            337               664               
Optimization Terminated with Status: Converged
The process took 25.5772 seconds to run.
Total n_vmult for algorithm 114843
