run.
Starting optimization with 20...

Newton-Krylov using GMRES with Limited-Memory BFGS preconditioning
Line Search: Backtracking satisfying Null Curvature Condition
-------------------------------------------------------------------------------------------------------------
Newton-Krylov status output definitions

  iter     - Number of iterates (steps taken) 
  value    - Objective function value 
  gnorm    - Norm of the gradient
  snorm    - Norm of the step (update to optimization vector)
  #fval    - Cumulative number of times the objective function was evaluated
  #grad    - Number of times the gradient was computed
  iterCG   - Number of Krylov iterations used to compute search direction
  flagCG   - Krylov solver flag
-------------------------------------------------------------------------------------------------------------
  iter  value          gnorm          snorm          #fval     #grad     iterCG    flagCG    ls_#fval  ls_#grad  n_vmult   dRdW_form         dRdW_mult         dRdX_mult         d2R_mult          
  0     1.433091e-03   8.747121e-03   
  1     1.720416e-05   9.636010e-04   4.370078e+00   2         2         16        0         1         0         17873     8                 15705             36                68                
  2     4.339854e-09   1.467321e-05   2.548342e+00   3         3         16        0         1         0         33729     14                29760             71                136               
  3     2.144500e-13   3.646106e-09   2.504808e-01   4         4         17        0         1         0         49795     19                44163             108               208               
  4     1.260752e-17   6.996289e-13   1.591771e-01   5         5         18        0         1         0         66029     23                58872             147               284               
Optimization Terminated with Status: Converged
The process took 196.194 seconds to run.
Total n_vmult for algorithm 66029
