run.
Starting optimization with 60...

Newton-Krylov using GMRES with Limited-Memory BFGS preconditioning
Line Search: Backtracking satisfying Null Curvature Condition
-------------------------------------------------------------------------------------------------------------
Newton-Krylov status output definitions

  iter     - Number of iterates (steps taken) 
  value    - Objective function value 
  gnorm    - Norm of the gradient
  snorm    - Norm of the step (update to optimization vector)
  #fval    - Cumulative number of times the objective function was evaluated
  #grad    - Number of times the gradient was computed
  iterCG   - Number of Krylov iterations used to compute search direction
  flagCG   - Krylov solver flag
-------------------------------------------------------------------------------------------------------------
  iter  value          gnorm          snorm          #fval     #grad     iterCG    flagCG    ls_#fval  ls_#grad  n_vmult   dRdW_form         dRdW_mult         dRdX_mult         d2R_mult          
  0     1.462804e-03   6.832808e-03   
  1     1.767517e-05   7.038214e-04   1.868792e+01   2         2         31        0         1         0         30278     8                 27480             66                128               
  2     4.776958e-09   1.129824e-05   1.839120e+01   3         3         28        0         1         0         55416     14                50313             125               244               
  3     1.111128e-14   2.938805e-09   2.832768e-01   4         4         31        0         1         0         82219     19                74865             190               372               
  4     2.497835e-20   1.046367e-13   1.059536e-02   5         5         36        0         1         0         112040    23                102405            265               520               
Optimization Terminated with Status: Converged
The process took 235.935 seconds to run.
Total n_vmult for algorithm 112040
