run.
Starting optimization with 160...

Newton-Krylov using GMRES with Limited-Memory BFGS preconditioning
Line Search: Backtracking satisfying Null Curvature Condition
-------------------------------------------------------------------------------------------------------------
Newton-Krylov status output definitions

  iter     - Number of iterates (steps taken) 
  value    - Objective function value 
  gnorm    - Norm of the gradient
  snorm    - Norm of the step (update to optimization vector)
  #fval    - Cumulative number of times the objective function was evaluated
  #grad    - Number of times the gradient was computed
  iterCG   - Number of Krylov iterations used to compute search direction
  flagCG   - Krylov solver flag
-------------------------------------------------------------------------------------------------------------
  iter  value          gnorm          snorm          #fval     #grad     iterCG    flagCG    ls_#fval  ls_#grad  n_vmult   dRdW_form         dRdW_mult         dRdX_mult         d2R_mult          
  0     1.455314e-03   5.573163e-03   
  1     1.764009e-05   5.141623e-04   1.814701e+00   2         2         47        0         1         0         43403     8                 39933             98                192               
  2     5.015543e-09   8.709531e-06   1.656465e+00   3         3         47        0         1         0         83661     14                77088             195               384               
  3     2.018337e-14   2.757851e-09   1.085964e-01   4         4         51        0         1         0         126178    19                116514            300               592               
  4     2.615574e-19   7.742255e-14   1.253812e-02   5         5         57        0         1         0         172520    23                159693            417               824               
Optimization Terminated with Status: Converged
The process took 307.353 seconds to run.
Total n_vmult for algorithm 172520
