run.
Starting optimization with 60...

Newton-Krylov using GMRES with Limited-Memory BFGS preconditioning
Line Search: Backtracking satisfying Null Curvature Condition
-------------------------------------------------------------------------------------------------------------
Newton-Krylov status output definitions

  iter     - Number of iterates (steps taken) 
  value    - Objective function value 
  gnorm    - Norm of the gradient
  snorm    - Norm of the step (update to optimization vector)
  #fval    - Cumulative number of times the objective function was evaluated
  #grad    - Number of times the gradient was computed
  iterCG   - Number of Krylov iterations used to compute search direction
  flagCG   - Krylov solver flag
-------------------------------------------------------------------------------------------------------------
  iter  value          gnorm          snorm          #fval     #grad     iterCG    flagCG    ls_#fval  ls_#grad  n_vmult   dRdW_form         dRdW_mult         dRdX_mult         d2R_mult          
  0     1.448668e-03   6.736517e-03   
  1     1.508947e-05   6.383466e-04   1.778280e+01   2         2         31        0         1         0         24654     8                 22656             66                128               
  2     5.466276e-09   8.750541e-06   1.778241e+01   3         3         31        0         1         0         46933     14                43104             131               256               
  3     1.649395e-14   1.373967e-08   7.879541e-01   4         4         32        0         1         0         69456     19                63834             198               388               
  4     2.645976e-18   8.934351e-12   1.146574e-02   5         5         34        0         1         0         92556     23                85137             269               528               
Optimization Terminated with Status: Converged
The process took 24.1822 seconds to run.
Total n_vmult for algorithm 92556
