run.
Starting optimization with 100...

Newton-Krylov using GMRES with Limited-Memory BFGS preconditioning
Line Search: Backtracking satisfying Null Curvature Condition
-------------------------------------------------------------------------------------------------------------
Newton-Krylov status output definitions

  iter     - Number of iterates (steps taken) 
  value    - Objective function value 
  gnorm    - Norm of the gradient
  snorm    - Norm of the step (update to optimization vector)
  #fval    - Cumulative number of times the objective function was evaluated
  #grad    - Number of times the gradient was computed
  iterCG   - Number of Krylov iterations used to compute search direction
  flagCG   - Krylov solver flag
-------------------------------------------------------------------------------------------------------------
  iter  value          gnorm          snorm          #fval     #grad     iterCG    flagCG    ls_#fval  ls_#grad  n_vmult   dRdW_form         dRdW_mult         dRdX_mult         d2R_mult          
  0     1.456094e-03   6.153204e-03   
  1     1.778832e-05   5.989278e-04   1.309361e+01   2         2         40        0         1         0         37706     8                 34530             84                164               
  2     5.019646e-09   9.961180e-06   1.273201e+01   3         3         37        0         1         0         69858     14                63999             161               316               
  3     2.174665e-15   3.000531e-09   3.529692e-01   4         4         41        0         1         0         104293    19                95763             246               484               
  4     1.761500e-19   1.078255e-13   6.397788e-03   5         5         45        0         1         0         141098    23                129909            339               668               
Optimization Terminated with Status: Converged
The process took 370.116 seconds to run.
Total n_vmult for algorithm 141098
