run.
Starting optimization with 80...

Newton-Krylov using GMRES with Limited-Memory BFGS preconditioning
Line Search: Backtracking satisfying Null Curvature Condition
-------------------------------------------------------------------------------------------------------------
Newton-Krylov status output definitions

  iter     - Number of iterates (steps taken) 
  value    - Objective function value 
  gnorm    - Norm of the gradient
  snorm    - Norm of the step (update to optimization vector)
  #fval    - Cumulative number of times the objective function was evaluated
  #grad    - Number of times the gradient was computed
  iterCG   - Number of Krylov iterations used to compute search direction
  flagCG   - Krylov solver flag
-------------------------------------------------------------------------------------------------------------
  iter  value          gnorm          snorm          #fval     #grad     iterCG    flagCG    ls_#fval  ls_#grad  n_vmult   dRdW_form         dRdW_mult         dRdX_mult         d2R_mult          
  0     1.456137e-03   6.436058e-03   
  1     1.774550e-05   6.423039e-04   1.969705e+01   2         2         37        0         1         0         35339     8                 32289             78                152               
  2     4.916682e-09   1.052535e-05   1.926989e+01   3         3         33        0         1         0         64365     14                58800             147               288               
  3     9.341650e-14   2.960132e-09   4.018954e-01   4         4         36        0         1         0         95002     19                86976             222               436               
  4     1.529038e-19   1.411636e-13   2.321979e-02   5         5         41        0         1         0         128021    23                117504            307               604               
Optimization Terminated with Status: Converged
The process took 339.673 seconds to run.
Total n_vmult for algorithm 128021
