run.
Starting optimization with 320...

Quasi-Newton Method with Limited-Memory BFGS
Line Search: Backtracking satisfying Null Curvature Condition
-------------------------------------------------------------------------------------------------------------
Quasi-Newton Method status output definitions

  iter     - Number of iterates (steps taken) 
  value    - Objective function value 
  gnorm    - Norm of the gradient
  snorm    - Norm of the step (update to optimization vector)
  #fval    - Cumulative number of times the objective function was evaluated
  #grad    - Number of times the gradient was computed
-------------------------------------------------------------------------------------------------------------
  iter  value          gnorm          snorm          #fval     #grad     ls_#fval  ls_#grad  n_vmult   
  0     1.445176e-03   4.635103e-03   
  1     1.423789e-03   4.593244e-03   4.635103e-03   2         2         1         0         1712      
  2     1.423789e-03   -nan           7.508275e-01   32        3         30        0         1407803   
Optimization Terminated with Status: Step and/or Gradient Returned NaN
The process took 84.3692 seconds to run.
Total n_vmult for algorithm 1407803
