run.
Starting optimization with 640...

Newton-Krylov using GMRES with Limited-Memory BFGS preconditioning
Line Search: Backtracking satisfying Null Curvature Condition
-------------------------------------------------------------------------------------------------------------
Newton-Krylov status output definitions

  iter     - Number of iterates (steps taken) 
  value    - Objective function value 
  gnorm    - Norm of the gradient
  snorm    - Norm of the step (update to optimization vector)
  #fval    - Cumulative number of times the objective function was evaluated
  #grad    - Number of times the gradient was computed
  iterCG   - Number of Krylov iterations used to compute search direction
  flagCG   - Krylov solver flag
-------------------------------------------------------------------------------------------------------------
  iter  value          gnorm          snorm          #fval     #grad     iterCG    flagCG    ls_#fval  ls_#grad  n_vmult   dRdW_form         dRdW_mult         dRdX_mult         d2R_mult          
  0     1.459266e-03   3.789158e-03   
  1     1.763447e-05   3.404380e-04   8.561717e-01   2         2         75        0         1         0         76275     8                 70509             154               304               
  2     5.165286e-09   6.218999e-06   1.455317e-01   3         3         80        0         1         0         151621    14                140526            317               628               
  3     3.958455e-15   2.718930e-09   1.166493e-02   4         4         89        0         1         0         233982    19                217500            498               988               
  4     4.239879e-20   2.376389e-14   2.134921e-03   5         5         102       0         1         0         326328    23                304233            705               1400              
Optimization Terminated with Status: Converged
The process took 1971.47 seconds to run.
Total n_vmult for algorithm 326328
