run.
Starting optimization with 160...

Newton-Krylov using GMRES with Limited-Memory BFGS preconditioning
Line Search: Backtracking satisfying Null Curvature Condition
-------------------------------------------------------------------------------------------------------------
Newton-Krylov status output definitions

  iter     - Number of iterates (steps taken) 
  value    - Objective function value 
  gnorm    - Norm of the gradient
  snorm    - Norm of the step (update to optimization vector)
  #fval    - Cumulative number of times the objective function was evaluated
  #grad    - Number of times the gradient was computed
  iterCG   - Number of Krylov iterations used to compute search direction
  flagCG   - Krylov solver flag
-------------------------------------------------------------------------------------------------------------
  iter  value          gnorm          snorm          #fval     #grad     iterCG    flagCG    ls_#fval  ls_#grad  n_vmult   dRdW_form         dRdW_mult         dRdX_mult         d2R_mult          
  0     1.441526e-03   5.497357e-03   
  1     1.501844e-05   4.544818e-04   1.692036e+00   2         2         45        0         1         0         34041     8                 31455             94                184               
  2     3.474835e-09   7.051760e-06   1.555077e+00   3         3         45        0         1         0         65650     14                60645             187               368               
  3     1.323892e-14   4.004857e-09   1.219596e-01   4         4         49        0         1         0         99558     19                92046             288               568               
  4     6.452686e-19   6.888627e-13   1.115723e-02   5         5         54        0         1         0         135870    23                125721            399               788               
Optimization Terminated with Status: Converged
The process took 26.091 seconds to run.
Total n_vmult for algorithm 135870
