run.
Starting optimization with 160...

Newton-Krylov using GMRES with Limited-Memory BFGS preconditioning
Line Search: Backtracking satisfying Null Curvature Condition
-------------------------------------------------------------------------------------------------------------
Newton-Krylov status output definitions

  iter     - Number of iterates (steps taken) 
  value    - Objective function value 
  gnorm    - Norm of the gradient
  snorm    - Norm of the step (update to optimization vector)
  #fval    - Cumulative number of times the objective function was evaluated
  #grad    - Number of times the gradient was computed
  iterCG   - Number of Krylov iterations used to compute search direction
  flagCG   - Krylov solver flag
-------------------------------------------------------------------------------------------------------------
  iter  value          gnorm          snorm          #fval     #grad     iterCG    flagCG    ls_#fval  ls_#grad  n_vmult   dRdW_form         dRdW_mult         dRdX_mult         d2R_mult          
  0     1.456238e-03   5.576537e-03   
  1     1.780754e-05   5.167047e-04   2.021254e+00   2         2         48        0         1         0         51384     8                 46752             100               196               
  2     6.486831e-09   1.024807e-05   1.904737e+00   3         3         48        0         1         0         98308     14                89691             199               392               
  3     3.833313e-14   6.055225e-09   1.417942e-01   4         4         52        0         1         0         147489    19                135039            306               604               
  4     2.981336e-19   1.645333e-13   1.624249e-02   5         5         58        0         1         0         200355    23                184140            425               840               
Optimization Terminated with Status: Converged
The process took 1464.33 seconds to run.
Total n_vmult for algorithm 200355
