run.
Starting optimization with 40...

Newton-Krylov using GMRES with Limited-Memory BFGS preconditioning
Line Search: Backtracking satisfying Null Curvature Condition
-------------------------------------------------------------------------------------------------------------
Newton-Krylov status output definitions

  iter     - Number of iterates (steps taken) 
  value    - Objective function value 
  gnorm    - Norm of the gradient
  snorm    - Norm of the step (update to optimization vector)
  #fval    - Cumulative number of times the objective function was evaluated
  #grad    - Number of times the gradient was computed
  iterCG   - Number of Krylov iterations used to compute search direction
  flagCG   - Krylov solver flag
-------------------------------------------------------------------------------------------------------------
  iter  value          gnorm          snorm          #fval     #grad     iterCG    flagCG    ls_#fval  ls_#grad  n_vmult   dRdW_form         dRdW_mult         dRdX_mult         d2R_mult          
  0     1.456313e-03   7.432716e-03   
  1     1.744965e-05   7.918364e-04   3.357955e+01   2         2         25        0         1         0         29730     8                 26064             54                104               
  2     5.250363e-09   1.191714e-05   3.331413e+01   3         3         24        0         1         0         55318     14                48675             105               204               
  3     5.677535e-15   3.556305e-09   3.578095e-01   4         4         26        0         1         0         81645     19                72261             160               312               
  4     1.710905e-18   1.237784e-13   1.786869e-02   5         5         28        0         1         0         108423    23                96534             219               428               
Optimization Terminated with Status: Converged
The process took 981.705 seconds to run.
Total n_vmult for algorithm 108423
