run.
Starting optimization with 320...

Newton-Krylov using GMRES with Limited-Memory BFGS preconditioning
Line Search: Backtracking satisfying Null Curvature Condition
-------------------------------------------------------------------------------------------------------------
Newton-Krylov status output definitions

  iter     - Number of iterates (steps taken) 
  value    - Objective function value 
  gnorm    - Norm of the gradient
  snorm    - Norm of the step (update to optimization vector)
  #fval    - Cumulative number of times the objective function was evaluated
  #grad    - Number of times the gradient was computed
  iterCG   - Number of Krylov iterations used to compute search direction
  flagCG   - Krylov solver flag
-------------------------------------------------------------------------------------------------------------
  iter  value          gnorm          snorm          #fval     #grad     iterCG    flagCG    ls_#fval  ls_#grad  n_vmult   dRdW_form         dRdW_mult         dRdX_mult         d2R_mult          
  0     1.441364e-03   4.629511e-03   
  1     1.492455e-05   3.546979e-04   6.474758e-01   2         2         54        0         1         0         40098     8                 37134             112               220               
  2     3.239730e-09   5.543136e-06   1.393277e-01   3         3         58        0         1         0         80812     14                74883             231               456               
  3     2.168235e-14   3.057591e-09   3.703468e-02   4         4         63        0         1         0         124110    19                115086            360               712               
  4     6.913679e-19   9.448606e-13   1.399851e-02   5         5         71        0         1         0         171867    23                159492            505               1000              
Optimization Terminated with Status: Converged
The process took 29.7653 seconds to run.
Total n_vmult for algorithm 171867
