run.
Starting optimization with 100...

Quasi-Newton Method with Limited-Memory BFGS
Line Search: Backtracking satisfying Null Curvature Condition
-------------------------------------------------------------------------------------------------------------
Quasi-Newton Method status output definitions

  iter     - Number of iterates (steps taken) 
  value    - Objective function value 
  gnorm    - Norm of the gradient
  snorm    - Norm of the step (update to optimization vector)
  #fval    - Cumulative number of times the objective function was evaluated
  #grad    - Number of times the gradient was computed
-------------------------------------------------------------------------------------------------------------
  iter  value          gnorm          snorm          #fval     #grad     ls_#fval  ls_#grad  n_vmult   dRdW_form         dRdW_mult         dRdX_mult         d2R_mult          
  0     1.456094e-03   6.153204e-03   
  1     1.418500e-03   6.066176e-03   6.153204e-03   2         2         1         0         2681      6                 1587              2                 0                 
  2     2.279964e-05   6.346702e-04   4.310910e-01   3         3         1         0         5796      13                3435              3                 0                 
  3     3.811773e-06   1.805845e-04   5.252951e-02   4         4         1         0         8533      19                5085              4                 0                 
  4     2.407896e-06   2.062348e-04   2.143868e-02   5         5         1         0         10595     24                6240              5                 0                 
  5     1.335612e-06   9.670353e-05   8.999211e-03   6         6         1         0         12726     29                7464              6                 0                 
  6     6.323640e-07   6.106495e-05   1.297207e-02   7         7         1         0         14872     34                8703              7                 0                 
  7     3.490049e-07   4.002056e-05   9.906752e-03   8         8         1         0         17015     39                9939              8                 0                 
  8     1.874081e-07   4.794949e-05   9.943289e-03   9         9         1         0         19152     44                11169             9                 0                 
  9     1.275561e-07   4.327888e-05   1.005820e-02   10        10        1         0         21265     49                12375             10                0                 
  10    8.068816e-08   1.319781e-05   2.964087e-03   11        11        1         0         23447     54                13650             11                0                 
  11    7.078820e-08   1.013822e-05   1.268993e-03   12        12        1         0         25755     59                15051             12                0                 
  12    5.752292e-08   9.889951e-06   2.222272e-03   13        13        1         0         28066     64                16455             13                0                 
  13    4.146107e-08   7.921715e-06   3.718543e-03   14        14        1         0         30338     69                17820             14                0                 
  14    3.037890e-08   4.951968e-06   3.896014e-03   15        15        1         0         32610     74                19185             15                0                 
  15    2.424893e-08   5.916977e-06   3.968263e-03   16        16        1         0         34912     79                20580             16                0                 
  16    2.068021e-08   5.463766e-06   2.447495e-03   17        17        1         0         37151     84                21912             17                0                 
  17    1.783648e-08   3.825903e-06   1.689966e-03   18        18        1         0         39504     89                23358             18                0                 
  18    1.420982e-08   2.633742e-06   2.858113e-03   19        19        1         0         41821     94                24768             19                0                 
  19    1.069525e-08   3.803198e-06   3.654561e-03   20        20        1         0         44123     99                26163             20                0                 
  20    8.070656e-09   6.833847e-06   5.759937e-03   21        21        1         0         46359     104               27492             21                0                 
  21    5.457209e-09   2.946012e-06   2.029958e-03   22        22        1         0         48622     109               28848             22                0                 
  22    4.789901e-09   1.316809e-06   7.369839e-04   23        23        1         0         51026     114               30345             23                0                 
  23    4.546472e-09   8.772346e-07   3.987797e-04   24        24        1         0         53433     119               31845             24                0                 
  24    4.348344e-09   1.203928e-06   3.898659e-04   25        25        1         0         55858     124               33363             25                0                 
  25    3.795474e-09   2.017343e-06   1.307086e-03   26        26        1         0         58244     129               34842             26                0                 
  26    3.064022e-09   2.247718e-06   2.029428e-03   27        27        1         0         60609     134               36300             27                0                 
  27    1.821469e-09   2.133570e-06   3.978596e-03   28        28        1         0         62905     139               37689             28                0                 
  28    1.820136e-09   3.065674e-06   3.102756e-03   30        29        2         0         66815     148               39972             29                0                 
  29    9.373017e-10   7.222367e-07   8.695602e-04   31        30        1         0         69135     153               41385             30                0                 
  30    8.186694e-10   4.217192e-07   3.583320e-04   32        31        1         0         71554     158               42897             31                0                 
  31    7.160955e-10   6.076114e-07   5.204583e-04   33        32        1         0         73985     163               44421             32                0                 
  32    6.262565e-10   6.686510e-07   6.923439e-04   34        33        1         0         76347     168               45876             33                0                 
  33    5.703133e-10   5.104654e-07   7.195354e-04   35        34        1         0         78673     173               47295             34                0                 
  34    5.400621e-10   2.074605e-07   1.831238e-04   36        35        1         0         81077     178               48792             35                0                 
  35    5.246947e-10   2.446927e-07   1.439711e-04   37        36        1         0         83526     183               50334             36                0                 
  36    5.067089e-10   3.787989e-07   1.916950e-04   38        37        1         0         85990     188               51891             37                0                 
  37    4.663695e-10   5.501624e-07   5.010995e-04   39        38        1         0         88412     193               53406             38                0                 
  38    4.113337e-10   5.537802e-07   7.471918e-04   40        39        1         0         90762     198               54849             39                0                 
  39    3.122552e-10   8.591168e-07   1.869179e-03   41        40        1         0         93082     203               56262             40                0                 
  40    1.903839e-10   3.819670e-07   2.354392e-03   42        41        1         0         95372     208               57645             41                0                 
  41    1.235953e-10   1.812196e-07   5.165457e-04   43        42        1         0         97809     213               59175             42                0                 
  42    9.281732e-11   2.178636e-07   4.427594e-04   44        43        1         0         100177    218               60636             43                0                 
  43    7.935027e-11   3.086469e-07   4.684790e-04   45        44        1         0         102542    223               62094             44                0                 
  44    6.418473e-11   1.640318e-07   1.714708e-04   46        45        1         0         105009    228               63654             45                0                 
  45    4.945183e-11   1.164580e-07   4.138102e-04   47        46        1         0         107482    233               65220             46                0                 
  46    4.754605e-11   8.445922e-08   9.381098e-05   48        47        1         0         109196    237               66207             47                0                 
  47    4.648671e-11   4.676729e-08   7.129666e-05   49        48        1         0         111708    242               67812             48                0                 
  48    4.611102e-11   3.301262e-08   1.894425e-05   50        49        1         0         113389    246               68766             49                0                 
  49    4.571304e-11   4.942549e-08   2.630531e-05   51        50        1         0         115121    250               69771             50                0                 
  50    4.465924e-11   9.130318e-08   7.232639e-05   52        51        1         0         116844    254               70767             51                0                 
  51    4.226362e-11   1.511189e-07   1.789024e-04   53        52        1         0         118552    258               71748             52                0                 
  52    3.720500e-11   2.152825e-07   4.199596e-04   54        53        1         0         120200    262               72669             53                0                 
  53    2.944937e-11   2.297373e-07   7.261191e-04   55        54        1         0         121851    266               73593             54                0                 
  54    1.820452e-11   2.094706e-07   1.230073e-03   56        55        1         0         124276    271               75111             55                0                 
  55    7.472327e-12   1.006780e-07   1.281348e-03   57        56        1         0         126653    276               76581             56                0                 
  56    4.385418e-12   4.987221e-08   1.780106e-04   58        57        1         0         129132    281               78153             57                0                 
  57    3.828482e-12   3.164330e-08   1.455466e-04   59        58        1         0         131542    286               79656             58                0                 
  58    3.758471e-12   1.670304e-08   2.473632e-05   60        59        1         0         133262    290               80649             59                0                 
  59    3.710586e-12   1.238386e-08   1.168312e-05   61        60        1         0         134949    294               81609             60                0                 
  60    3.662877e-12   1.506555e-08   2.049171e-05   62        61        1         0         136693    298               82626             61                0                 
  61    3.605824e-12   1.913562e-08   2.738711e-05   63        62        1         0         138455    302               83661             62                0                 
  62    3.486722e-12   2.646152e-08   4.922202e-05   64        63        1         0         140205    306               84684             63                0                 
  63    3.247369e-12   3.630118e-08   8.288597e-05   65        64        1         0         141943    310               85695             64                0                 
  64    2.868867e-12   3.969957e-08   1.166603e-04   66        65        1         0         143666    314               86691             65                0                 
  65    2.538968e-12   2.694205e-08   1.000398e-04   67        66        1         0         145377    318               87675             66                0                 
  66    2.471325e-12   2.453180e-08   5.559934e-05   68        67        1         0         147085    322               88656             67                0                 
  67    2.408542e-12   3.370323e-09   3.425415e-05   69        68        1         0         148823    326               89667             68                0                 
  68    2.403602e-12   3.617507e-09   1.341316e-05   70        69        1         0         150579    330               90696             69                0                 
  69    2.394720e-12   4.873162e-09   1.054911e-05   71        70        1         0         152341    334               91731             70                0                 
  70    2.351510e-12   9.729324e-09   3.492727e-05   72        71        1         0         154082    338               92745             71                0                 
  71    2.260029e-12   1.740531e-08   5.833382e-05   73        72        1         0         155817    342               93753             72                0                 
  72    2.024287e-12   2.710274e-08   1.513219e-04   74        73        1         0         157534    346               94743             73                0                 
  73    1.578756e-12   4.720597e-08   3.332844e-04   75        74        1         0         159206    350               95688             74                0                 
  74    9.386706e-13   4.060740e-08   5.257196e-04   76        75        1         0         160929    354               96684             75                0                 
  75    3.674540e-13   3.720934e-08   6.082555e-04   77        76        1         0         162619    358               97647             76                0                 
  76    1.674244e-13   1.547142e-08   1.403699e-04   78        77        1         0         164312    362               98613             77                0                 
  77    1.282664e-13   2.095425e-09   8.104605e-05   79        78        1         0         166044    366               99618             78                0                 
  78    1.268032e-13   5.078890e-10   2.450922e-05   80        79        1         0         167827    370               100674            79                0                 
Optimization Terminated with Status: Converged
The process took 374.104 seconds to run.
Total n_vmult for algorithm 167827
