Starting optimization with 40 control variables...

Primal Dual Active Set Method

 Full-Space Newton Method
  iter  value          gnorm          cnorm          ecnorm         flowcnorm      flow_cfl       identity       icnorm         snorm          #linesear  iterPDAS   flagPDAS   iterGMRES  resiGMRES      flagGMRES  feasible   n_active_  n_vmult           dRdW_form         dRdW_mult         dRdX_mult         d2R_mult          
  0     9.481968e-02   2.157979e-01   
  iter  value          gnorm          cnorm          ecnorm         flowcnorm      flow_cfl       identity       icnorm         snorm          #linesear  iterPDAS   flagPDAS   iterGMRES  resiGMRES      flagGMRES  feasible   n_active_  n_vmult           dRdW_form         dRdW_mult         dRdX_mult         d2R_mult          
  1     8.227553e-02   1.847739e-01   1.541560e-12   1.541560e-12   1.541560e-12   3.510743e+13   4.656873e+00   0.000000e+00   2.282166e+01   1          1          1          240        9.810247e-11   0          YES       1          19461             13                5649              972               964               
  iter  value          gnorm          cnorm          ecnorm         flowcnorm      flow_cfl       identity       icnorm         snorm          #linesear  iterPDAS   flagPDAS   iterGMRES  resiGMRES      flagGMRES  feasible   n_active_  n_vmult           dRdW_form         dRdW_mult         dRdX_mult         d2R_mult          
  2     8.224815e-02   1.629799e-01   1.534434e-12   1.534434e-12   1.534434e-12   3.998689e+13   3.414140e+00   0.000000e+00   2.137273e+00   1          1          1          229        8.516338e-11   0          YES       2          37466             16                10658             1900              1884              
  iter  value          gnorm          cnorm          ecnorm         flowcnorm      flow_cfl       identity       icnorm         snorm          #linesear  iterPDAS   flagPDAS   iterGMRES  resiGMRES      flagGMRES  feasible   n_active_  n_vmult           dRdW_form         dRdW_mult         dRdX_mult         d2R_mult          
  3     7.690936e-02   1.030071e-01   1.100665e-12   1.100665e-12   3.501461e-13   2.772576e+14   2.656245e+00   0.000000e+00   2.942510e+00   1          1          0          223        9.339832e-11   0          YES       1          55029             19                15561             2804              2780              
  iter  value          gnorm          cnorm          ecnorm         flowcnorm      flow_cfl       identity       icnorm         snorm          #linesear  iterPDAS   flagPDAS   iterGMRES  resiGMRES      flagGMRES  feasible   n_active_  n_vmult           dRdW_form         dRdW_mult         dRdX_mult         d2R_mult          
  4     7.690145e-02   8.051709e-02   1.000736e-10   1.000736e-10   3.495212e-13   3.553354e+14   1.061047e+00   0.000000e+00   2.418265e+00   1          1          1          212        9.288460e-11   0          YES       2          71742             22                20230             3664              3632              
  iter  value          gnorm          cnorm          ecnorm         flowcnorm      flow_cfl       identity       icnorm         snorm          #linesear  iterPDAS   flagPDAS   iterGMRES  resiGMRES      flagGMRES  feasible   n_active_  n_vmult           dRdW_form         dRdW_mult         dRdX_mult         d2R_mult          
  5     7.339394e-02   4.648534e-02   5.323476e-13   5.323476e-13   3.123445e-13   6.887319e+14   6.483001e-01   0.000000e+00   2.555902e+00   1          1          1          205        9.265681e-11   0          YES       2          87916             25                24752             4496              4456              
  iter  value          gnorm          cnorm          ecnorm         flowcnorm      flow_cfl       identity       icnorm         snorm          #linesear  iterPDAS   flagPDAS   iterGMRES  resiGMRES      flagGMRES  feasible   n_active_  n_vmult           dRdW_form         dRdW_mult         dRdX_mult         d2R_mult          
  6     7.335995e-02   3.247262e-02   5.380828e-09   5.380828e-09   3.078176e-13   1.000436e+15   2.160887e-01   0.000000e+00   1.671174e+00   1          1          1          210        9.270649e-11   0          YES       3          104477            28                29381             5348              5300              
  iter  value          gnorm          cnorm          ecnorm         flowcnorm      flow_cfl       identity       icnorm         snorm          #linesear  iterPDAS   flagPDAS   iterGMRES  resiGMRES      flagGMRES  feasible   n_active_  n_vmult           dRdW_form         dRdW_mult         dRdX_mult         d2R_mult          
  7     7.292170e-02   2.828034e-02   4.759222e-07   4.759222e-07   2.632555e-13   1.343191e+15   1.054471e-01   0.000000e+00   4.762569e-01   1          1          1          202        9.014644e-11   0          YES       3          120458            31                33878             6168              6112              
  iter  value          gnorm          cnorm          ecnorm         flowcnorm      flow_cfl       identity       icnorm         snorm          #linesear  iterPDAS   flagPDAS   iterGMRES  resiGMRES      flagGMRES  feasible   n_active_  n_vmult           dRdW_form         dRdW_mult         dRdX_mult         d2R_mult          
  8     7.290888e-02   2.657822e-02   4.746747e-07   4.746747e-07   2.613331e-13   1.439725e+15   7.997773e-02   0.000000e+00   9.150648e-01   1          1          1          202        9.804616e-11   0          YES       3          136411            34                38347             6988              6924              
  iter  value          gnorm          cnorm          ecnorm         flowcnorm      flow_cfl       identity       icnorm         snorm          #linesear  iterPDAS   flagPDAS   iterGMRES  resiGMRES      flagGMRES  feasible   n_active_  n_vmult           dRdW_form         dRdW_mult         dRdX_mult         d2R_mult          
  9     7.289111e-02   2.317072e-02   5.123600e-13   5.123600e-13   2.571909e-13   1.678050e+15   7.064019e-02   0.000000e+00   6.067710e-01   1          1          1          210        9.449104e-11   0          YES       4          152972            37                42976             7840              7768              
  iter  value          gnorm          cnorm          ecnorm         flowcnorm      flow_cfl       identity       icnorm         snorm          #linesear  iterPDAS   flagPDAS   iterGMRES  resiGMRES      flagGMRES  feasible   n_active_  n_vmult           dRdW_form         dRdW_mult         dRdX_mult         d2R_mult          
  10    7.258654e-02   1.490132e-02   3.542919e-13   3.542919e-13   1.769807e-13   3.791833e+15   5.368825e-02   0.000000e+00   4.018704e-01   1          1          1          213        9.043412e-11   0          YES       5          169768            40                47672             8704              8624              
  iter  value          gnorm          cnorm          ecnorm         flowcnorm      flow_cfl       identity       icnorm         snorm          #linesear  iterPDAS   flagPDAS   iterGMRES  resiGMRES      flagGMRES  feasible   n_active_  n_vmult           dRdW_form         dRdW_mult         dRdX_mult         d2R_mult          
  11    7.257402e-02   1.591968e-02   3.489809e-13   3.489809e-13   1.733971e-13   3.622629e+15   2.220494e-02   0.000000e+00   1.893931e-01   1          1          1          247        9.454821e-11   0          YES       6          189162            43                53062             9704              9616              
  iter  value          gnorm          cnorm          ecnorm         flowcnorm      flow_cfl       identity       icnorm         snorm          #linesear  iterPDAS   flagPDAS   iterGMRES  resiGMRES      flagGMRES  feasible   n_active_  n_vmult           dRdW_form         dRdW_mult         dRdX_mult         d2R_mult          
  12    7.246380e-02   9.486486e-03   3.112434e-13   3.112434e-13   1.242778e-13   8.482058e+15   2.534362e-02   0.000000e+00   3.930697e-01   1          1          1          245        9.142383e-11   0          YES       6          208397            46                58405             10696             10600             
  iter  value          gnorm          cnorm          ecnorm         flowcnorm      flow_cfl       identity       icnorm         snorm          #linesear  iterPDAS   flagPDAS   iterGMRES  resiGMRES      flagGMRES  feasible   n_active_  n_vmult           dRdW_form         dRdW_mult         dRdX_mult         d2R_mult          
  13    7.238415e-02   3.630216e-03   1.968335e-13   1.968335e-13   5.487568e-14   5.019814e+16   8.999342e-03   0.000000e+00   3.664179e-01   1          1          1          385        9.120913e-11   0          YES       7          238323            49                66557             12250             12148             
  iter  value          gnorm          cnorm          ecnorm         flowcnorm      flow_cfl       identity       icnorm         snorm          #linesear  iterPDAS   flagPDAS   iterGMRES  resiGMRES      flagGMRES  feasible   n_active_  n_vmult           dRdW_form         dRdW_mult         dRdX_mult         d2R_mult          
  14    7.238106e-02   3.974216e-03   5.343097e-14   5.343097e-14   5.343097e-14   4.709290e+16   1.317847e-03   0.000000e+00   1.206155e-01   1          1          1          503        2.414493e-08   0          YES       8          277247            52                77057             14278             14172             
  iter  value          gnorm          cnorm          ecnorm         flowcnorm      flow_cfl       identity       icnorm         snorm          #linesear  iterPDAS   flagPDAS   iterGMRES  resiGMRES      flagGMRES  feasible   n_active_  n_vmult           dRdW_form         dRdW_mult         dRdX_mult         d2R_mult          
  15    7.236747e-02   2.362254e-03   4.305294e-14   4.305294e-14   4.305294e-14   9.832649e+16   1.579440e-03   0.000000e+00   1.626068e-01   1          1          1          503        2.580713e-09   0          YES       8          316185            55                87571             16306             16196             
  iter  value          gnorm          cnorm          ecnorm         flowcnorm      flow_cfl       identity       icnorm         snorm          #linesear  iterPDAS   flagPDAS   iterGMRES  resiGMRES      flagGMRES  feasible   n_active_  n_vmult           dRdW_form         dRdW_mult         dRdX_mult         d2R_mult          
  16    7.235213e-02   1.285257e-03   1.510804e-13   1.510804e-13   1.510804e-13   5.149936e+16   5.580244e-04   0.000000e+00   9.612554e-02   1          1          1          503        3.366560e-07   0          YES       9          355095            58                98057             18334             18220             
  iter  value          gnorm          cnorm          ecnorm         flowcnorm      flow_cfl       identity       icnorm         snorm          #linesear  iterPDAS   flagPDAS   iterGMRES  resiGMRES      flagGMRES  feasible   n_active_  n_vmult           dRdW_form         dRdW_mult         dRdX_mult         d2R_mult          
  17    7.235187e-02   1.354250e-03   1.671322e-13   1.671322e-13   1.671322e-13   4.418156e+16   1.651886e-04   0.000000e+00   2.846298e-02   1          1          1          503        3.703249e-06   0          YES       10         394019            61                108557            20362             20244             
  iter  value          gnorm          cnorm          ecnorm         flowcnorm      flow_cfl       identity       icnorm         snorm          #linesear  iterPDAS   flagPDAS   iterGMRES  resiGMRES      flagGMRES  feasible   n_active_  n_vmult           dRdW_form         dRdW_mult         dRdX_mult         d2R_mult          
  18    7.234980e-02   1.248695e-03   4.019251e-13   4.019251e-13   4.019251e-13   1.992501e+16   1.833992e-04   0.000000e+00   2.100583e-02   1          1          1          503        3.824262e-06   0          YES       10         432950            64                119064            22390             22268             
  iter  value          gnorm          cnorm          ecnorm         flowcnorm      flow_cfl       identity       icnorm         snorm          #linesear  iterPDAS   flagPDAS   iterGMRES  resiGMRES      flagGMRES  feasible   n_active_  n_vmult           dRdW_form         dRdW_mult         dRdX_mult         d2R_mult          
  19    7.234967e-02   1.323262e-03   4.025508e-13   4.025508e-13   4.025508e-13   1.877299e+16   1.559239e-04   0.000000e+00   2.527095e-02   1          1          1          503        1.604151e-06   0          YES       11         471867            67                129557            24418             24292             
  iter  value          gnorm          cnorm          ecnorm         flowcnorm      flow_cfl       identity       icnorm         snorm          #linesear  iterPDAS   flagPDAS   iterGMRES  resiGMRES      flagGMRES  feasible   n_active_  n_vmult           dRdW_form         dRdW_mult         dRdX_mult         d2R_mult          
  20    7.234532e-02   8.018583e-04   3.866998e-10   3.866998e-10   2.595465e-13   4.804931e+16   1.751022e-04   0.000000e+00   5.845256e-02   1          1          1          503        4.592731e-07   0          YES       12         510777            70                140043            26446             26316             
  iter  value          gnorm          cnorm          ecnorm         flowcnorm      flow_cfl       identity       icnorm         snorm          #linesear  iterPDAS   flagPDAS   iterGMRES  resiGMRES      flagGMRES  feasible   n_active_  n_vmult           dRdW_form         dRdW_mult         dRdX_mult         d2R_mult          
  21    7.234426e-02   6.855962e-04   4.736437e-13   4.736437e-13   4.736437e-13   3.079497e+16   6.429767e-05   0.000000e+00   2.566563e-02   1          1          1          503        3.718049e-06   0          YES       13         549694            73                150536            28474             28340             
  iter  value          gnorm          cnorm          ecnorm         flowcnorm      flow_cfl       identity       icnorm         snorm          #linesear  iterPDAS   flagPDAS   iterGMRES  resiGMRES      flagGMRES  feasible   n_active_  n_vmult           dRdW_form         dRdW_mult         dRdX_mult         d2R_mult          
  22    7.234300e-02   5.403136e-04   6.073276e-13   6.073276e-13   6.073276e-13   3.047411e+16   4.700422e-05   0.000000e+00   3.115409e-02   1          1          1          503        3.932029e-06   0          YES       14         588618            76                161036            30502             30364             
  iter  value          gnorm          cnorm          ecnorm         flowcnorm      flow_cfl       identity       icnorm         snorm          #linesear  iterPDAS   flagPDAS   iterGMRES  resiGMRES      flagGMRES  feasible   n_active_  n_vmult           dRdW_form         dRdW_mult         dRdX_mult         d2R_mult          
  23    7.234238e-02   4.887073e-04   1.055074e-09   1.055074e-09   5.111772e-13   4.002946e+16   2.919388e-05   0.000000e+00   3.415339e-02   1          1          1          503        1.637532e-06   0          YES       14         627514            79                171508            32530             32388             
  iter  value          gnorm          cnorm          ecnorm         flowcnorm      flow_cfl       identity       icnorm         snorm          #linesear  iterPDAS   flagPDAS   iterGMRES  resiGMRES      flagGMRES  feasible   n_active_  n_vmult           dRdW_form         dRdW_mult         dRdX_mult         d2R_mult          
  24    7.234191e-02   4.649676e-04   6.003337e-10   6.003337e-10   4.240878e-13   5.071326e+16   2.388348e-05   0.000000e+00   2.222346e-02   1          1          1          503        1.564363e-06   0          YES       15         666438            82                182008            34558             34412             
  iter  value          gnorm          cnorm          ecnorm         flowcnorm      flow_cfl       identity       icnorm         snorm          #linesear  iterPDAS   flagPDAS   iterGMRES  resiGMRES      flagGMRES  feasible   n_active_  n_vmult           dRdW_form         dRdW_mult         dRdX_mult         d2R_mult          
  25    7.234150e-02   3.698826e-04   2.037559e-10   2.037559e-10   3.702440e-13   7.302106e+16   2.161949e-05   0.000000e+00   8.013465e-03   1          1          1          503        1.003927e-06   0          YES       16         705348            85                192494            36586             36436             
  iter  value          gnorm          cnorm          ecnorm         flowcnorm      flow_cfl       identity       icnorm         snorm          #linesear  iterPDAS   flagPDAS   iterGMRES  resiGMRES      flagGMRES  feasible   n_active_  n_vmult           dRdW_form         dRdW_mult         dRdX_mult         d2R_mult          
  26    7.234023e-02   1.177939e-04   5.990661e-11   5.990661e-11   1.288113e-13   6.590574e+17   1.368131e-05   0.000000e+00   1.115577e-02   1          1          1          503        5.338341e-09   0          YES       16         744286            88                203008            38614             38460             
  iter  value          gnorm          cnorm          ecnorm         flowcnorm      flow_cfl       identity       icnorm         snorm          #linesear  iterPDAS   flagPDAS   iterGMRES  resiGMRES      flagGMRES  feasible   n_active_  n_vmult           dRdW_form         dRdW_mult         dRdX_mult         d2R_mult          
  27    7.233960e-02   4.007691e-08   9.800704e-12   9.800704e-12   6.128300e-15   4.071606e+22   1.387541e-06   0.000000e+00   4.599584e-03   1          1          0          503        3.297254e-09   0          YES       16         783224            91                213522            40642             40484             
Optimization Terminated with Status: Converged
The process took 1344.1 seconds to run.
Total n_vmult for algorithm 783224
