Starting optimization with 10...

Primal Dual Active Set Method

 Reduced-Space  Quasi-Newton
  iter  value          gnorm          cnorm          ecnorm         flowcnorm      identity       icnorm         snorm          #linesear  iterPDAS   flagPDAS   iterGMRES  resiGMRES      flagGMRES  feasible   n_active_  n_vmult           dRdW_form         dRdW_mult         dRdX_mult         d2R_mult          
  0     1.031530e-01   1.783507e-01   
  iter  value          gnorm          cnorm          ecnorm         flowcnorm      identity       icnorm         snorm          #linesear  iterPDAS   flagPDAS   iterGMRES  resiGMRES      flagGMRES  feasible   n_active_  n_vmult           dRdW_form         dRdW_mult         dRdX_mult         d2R_mult          
  1     9.960204e-02   5.629749e-01   2.775558e-17   2.775558e-17   1.867140e-16   3.180897e+01   0.000000e+00   3.565394e+00   1          1          1          13         3.848773e-11   0          YES       1          3173              19                2009              112               0                 
  iter  value          gnorm          cnorm          ecnorm         flowcnorm      identity       icnorm         snorm          #linesear  iterPDAS   flagPDAS   iterGMRES  resiGMRES      flagGMRES  feasible   n_active_  n_vmult           dRdW_form         dRdW_mult         dRdX_mult         d2R_mult          
  2     9.930286e-02   3.064578e-01   7.910339e-16   7.910339e-16   1.906330e-16   3.169407e+02   0.000000e+00   9.485532e-01   1          1          0          13         1.001136e-11   0          YES       1          5503              27                3402              223               0                 
  iter  value          gnorm          cnorm          ecnorm         flowcnorm      identity       icnorm         snorm          #linesear  iterPDAS   flagPDAS   iterGMRES  resiGMRES      flagGMRES  feasible   n_active_  n_vmult           dRdW_form         dRdW_mult         dRdX_mult         d2R_mult          
  3     9.836348e-02   2.938808e-01   2.775558e-17   2.775558e-17   1.870278e-16   9.391636e+01   0.000000e+00   2.932288e-02   1          1          0          15         4.522630e-15   0          YES       1          7791              35                4669              346               0                 
  iter  value          gnorm          cnorm          ecnorm         flowcnorm      identity       icnorm         snorm          #linesear  iterPDAS   flagPDAS   iterGMRES  resiGMRES      flagGMRES  feasible   n_active_  n_vmult           dRdW_form         dRdW_mult         dRdX_mult         d2R_mult          
  4     9.742906e-02   2.808080e-01   8.326673e-17   8.326673e-17   1.882482e-16   8.636593e+01   0.000000e+00   2.597937e-02   1          1          0          15         5.434108e-16   0          YES       1          10128             43                5985              469               0                 
  iter  value          gnorm          cnorm          ecnorm         flowcnorm      identity       icnorm         snorm          #linesear  iterPDAS   flagPDAS   iterGMRES  resiGMRES      flagGMRES  feasible   n_active_  n_vmult           dRdW_form         dRdW_mult         dRdX_mult         d2R_mult          
  5     9.650048e-02   2.671853e-01   5.551115e-17   5.551115e-17   1.777285e-16   7.885312e+01   0.000000e+00   2.717333e-02   1          1          0          15         2.985292e-15   0          YES       1          12437             51                7273              592               0                 
  iter  value          gnorm          cnorm          ecnorm         flowcnorm      identity       icnorm         snorm          #linesear  iterPDAS   flagPDAS   iterGMRES  resiGMRES      flagGMRES  feasible   n_active_  n_vmult           dRdW_form         dRdW_mult         dRdX_mult         d2R_mult          
  6     9.557879e-02   2.529556e-01   1.387779e-17   1.387779e-17   1.971982e-16   7.138799e+01   0.000000e+00   2.848747e-02   1          1          0          15         1.496804e-14   0          YES       1          14739             59                8554              715               0                 
  iter  value          gnorm          cnorm          ecnorm         flowcnorm      identity       icnorm         snorm          #linesear  iterPDAS   flagPDAS   iterGMRES  resiGMRES      flagGMRES  feasible   n_active_  n_vmult           dRdW_form         dRdW_mult         dRdX_mult         d2R_mult          
  7     9.466527e-02   2.380487e-01   0.000000e+00   0.000000e+00   1.769110e-16   6.398655e+01   0.000000e+00   2.996190e-02   1          1          0          15         6.143960e-14   0          YES       1          17069             67                9863              838               0                 
  iter  value          gnorm          cnorm          ecnorm         flowcnorm      identity       icnorm         snorm          #linesear  iterPDAS   flagPDAS   iterGMRES  resiGMRES      flagGMRES  feasible   n_active_  n_vmult           dRdW_form         dRdW_mult         dRdX_mult         d2R_mult          
  8     9.376164e-02   2.223840e-01   0.000000e+00   0.000000e+00   1.821773e-16   5.666717e+01   0.000000e+00   3.163993e-02   1          1          0          15         1.918781e-13   0          YES       1          19434             75                11207             961               0                 
  iter  value          gnorm          cnorm          ecnorm         flowcnorm      identity       icnorm         snorm          #linesear  iterPDAS   flagPDAS   iterGMRES  resiGMRES      flagGMRES  feasible   n_active_  n_vmult           dRdW_form         dRdW_mult         dRdX_mult         d2R_mult          
  9     9.287011e-02   2.058697e-01   0.000000e+00   0.000000e+00   1.678481e-16   4.945466e+01   0.000000e+00   3.355537e-02   1          1          0          15         5.098905e-13   0          YES       1          21792             83                12544             1084              0                 
  iter  value          gnorm          cnorm          ecnorm         flowcnorm      identity       icnorm         snorm          #linesear  iterPDAS   flagPDAS   iterGMRES  resiGMRES      flagGMRES  feasible   n_active_  n_vmult           dRdW_form         dRdW_mult         dRdX_mult         d2R_mult          
  10    9.199364e-02   1.884038e-01   1.387779e-17   1.387779e-17   1.653288e-16   4.238232e+01   0.000000e+00   3.578349e-02   1          1          0          15         1.093834e-12   0          YES       1          24157             91                13888             1207              0                 
  iter  value          gnorm          cnorm          ecnorm         flowcnorm      identity       icnorm         snorm          #linesear  iterPDAS   flagPDAS   iterGMRES  resiGMRES      flagGMRES  feasible   n_active_  n_vmult           dRdW_form         dRdW_mult         dRdX_mult         d2R_mult          
  11    9.113625e-02   1.698744e-01   1.387779e-16   1.387779e-16   1.786522e-16   3.549598e+01   0.000000e+00   3.837092e-02   1          1          0          15         2.053632e-12   0          YES       1          26501             99                15211             1330              0                 
  iter  value          gnorm          cnorm          ecnorm         flowcnorm      identity       icnorm         snorm          #linesear  iterPDAS   flagPDAS   iterGMRES  resiGMRES      flagGMRES  feasible   n_active_  n_vmult           dRdW_form         dRdW_mult         dRdX_mult         d2R_mult          
  12    9.030342e-02   1.501935e-01   1.387779e-16   1.387779e-16   9.282037e-15   2.885731e+01   0.000000e+00   4.141231e-02   1          1          0          15         2.490434e-12   0          YES       1          28629             106               16338             1453              0                 
  iter  value          gnorm          cnorm          ecnorm         flowcnorm      identity       icnorm         snorm          #linesear  iterPDAS   flagPDAS   iterGMRES  resiGMRES      flagGMRES  feasible   n_active_  n_vmult           dRdW_form         dRdW_mult         dRdX_mult         d2R_mult          
  13    8.950246e-02   1.293463e-01   0.000000e+00   0.000000e+00   6.285794e-15   2.255809e+01   0.000000e+00   4.492413e-02   1          1          0          15         1.746491e-12   0          YES       1          30834             113               17542             1576              0                 
  iter  value          gnorm          cnorm          ecnorm         flowcnorm      identity       icnorm         snorm          #linesear  iterPDAS   flagPDAS   iterGMRES  resiGMRES      flagGMRES  feasible   n_active_  n_vmult           dRdW_form         dRdW_mult         dRdX_mult         d2R_mult          
  14    8.874237e-02   1.075554e-01   0.000000e+00   0.000000e+00   4.069502e-15   1.673048e+01   0.000000e+00   4.885850e-02   1          1          0          15         1.407343e-11   0          YES       1          33074             120               18781             1699              0                 
  iter  value          gnorm          cnorm          ecnorm         flowcnorm      identity       icnorm         snorm          #linesear  iterPDAS   flagPDAS   iterGMRES  resiGMRES      flagGMRES  feasible   n_active_  n_vmult           dRdW_form         dRdW_mult         dRdX_mult         d2R_mult          
  15    8.803066e-02   8.568518e-02   0.000000e+00   0.000000e+00   2.548216e-15   1.156816e+01   0.000000e+00   5.268518e-02   1          1          0          15         3.401140e-11   0          YES       1          35335             127               20041             1822              0                 
  iter  value          gnorm          cnorm          ecnorm         flowcnorm      identity       icnorm         snorm          #linesear  iterPDAS   flagPDAS   iterGMRES  resiGMRES      flagGMRES  feasible   n_active_  n_vmult           dRdW_form         dRdW_mult         dRdX_mult         d2R_mult          
  16    8.736075e-02   6.594786e-02   0.000000e+00   0.000000e+00   1.630874e-15   7.341951e+00   0.000000e+00   5.488693e-02   1          1          0          15         6.718999e-11   0          YES       1          37554             134               21259             1945              0                 
  iter  value          gnorm          cnorm          ecnorm         flowcnorm      identity       icnorm         snorm          #linesear  iterPDAS   flagPDAS   iterGMRES  resiGMRES      flagGMRES  feasible   n_active_  n_vmult           dRdW_form         dRdW_mult         dRdX_mult         d2R_mult          
  17    8.668851e-02   5.176135e-02   0.000000e+00   0.000000e+00   1.942143e-15   4.349120e+00   0.000000e+00   5.263628e-02   1          1          0          16         1.074294e-16   0          YES       1          39822             141               22484             2074              0                 
  iter  value          gnorm          cnorm          ecnorm         flowcnorm      identity       icnorm         snorm          #linesear  iterPDAS   flagPDAS   iterGMRES  resiGMRES      flagGMRES  feasible   n_active_  n_vmult           dRdW_form         dRdW_mult         dRdX_mult         d2R_mult          
  18    8.604297e-02   4.479234e-02   0.000000e+00   0.000000e+00   3.054812e-15   2.679237e+00   0.000000e+00   4.417933e-02   1          1          1          16         1.852922e-16   0          YES       2          42048             148               23667             2203              0                 
  iter  value          gnorm          cnorm          ecnorm         flowcnorm      identity       icnorm         snorm          #linesear  iterPDAS   flagPDAS   iterGMRES  resiGMRES      flagGMRES  feasible   n_active_  n_vmult           dRdW_form         dRdW_mult         dRdX_mult         d2R_mult          
  19    8.601731e-02   3.854806e-02   1.401657e-15   1.401657e-15   3.119410e-16   2.006354e+00   0.000000e+00   3.903563e-02   1          1          1          17         2.682306e-11   0          YES       3          44525             156               25039             2338              0                 
  iter  value          gnorm          cnorm          ecnorm         flowcnorm      identity       icnorm         snorm          #linesear  iterPDAS   flagPDAS   iterGMRES  resiGMRES      flagGMRES  feasible   n_active_  n_vmult           dRdW_form         dRdW_mult         dRdX_mult         d2R_mult          
  20    8.557073e-02   2.614646e-02   2.280398e-13   2.280398e-13   9.193949e-15   1.485953e+00   0.000000e+00   8.211290e-02   1          1          0          19         8.328739e-11   0          YES       3          46836             162               26201             2485              0                 
  iter  value          gnorm          cnorm          ecnorm         flowcnorm      identity       icnorm         snorm          #linesear  iterPDAS   flagPDAS   iterGMRES  resiGMRES      flagGMRES  feasible   n_active_  n_vmult           dRdW_form         dRdW_mult         dRdX_mult         d2R_mult          
  21    8.532012e-02   2.296706e-02   1.191131e-13   1.191131e-13   3.805750e-15   6.836373e-01   0.000000e+00   1.025932e-01   1          1          1          20         1.599729e-17   0          YES       3          49286             169               27440             2638              0                 
  iter  value          gnorm          cnorm          ecnorm         flowcnorm      identity       icnorm         snorm          #linesear  iterPDAS   flagPDAS   iterGMRES  resiGMRES      flagGMRES  feasible   n_active_  n_vmult           dRdW_form         dRdW_mult         dRdX_mult         d2R_mult          
  22    8.505318e-02   2.019493e-02   3.340384e-14   3.340384e-14   5.481133e-15   5.274859e-01   0.000000e+00   7.134881e-02   1          1          1          21         1.451021e-17   0          YES       3          51722             176               28623             2797              0                 
  iter  value          gnorm          cnorm          ecnorm         flowcnorm      identity       icnorm         snorm          #linesear  iterPDAS   flagPDAS   iterGMRES  resiGMRES      flagGMRES  feasible   n_active_  n_vmult           dRdW_form         dRdW_mult         dRdX_mult         d2R_mult          
  23    8.491232e-02   2.147202e-02   1.966483e-14   1.966483e-14   3.309158e-15   4.078352e-01   0.000000e+00   7.407514e-02   1          1          1          22         7.668286e-18   0          YES       4          54228             183               29834             2962              0                 
  iter  value          gnorm          cnorm          ecnorm         flowcnorm      identity       icnorm         snorm          #linesear  iterPDAS   flagPDAS   iterGMRES  resiGMRES      flagGMRES  feasible   n_active_  n_vmult           dRdW_form         dRdW_mult         dRdX_mult         d2R_mult          
  24    8.487760e-02   1.974621e-02   1.691702e-14   1.691702e-14   2.223406e-16   4.610476e-01   0.000000e+00   7.294640e-02   1          1          1          23         1.346397e-17   0          YES       5          56818             190               31087             3133              0                 
  iter  value          gnorm          cnorm          ecnorm         flowcnorm      identity       icnorm         snorm          #linesear  iterPDAS   flagPDAS   iterGMRES  resiGMRES      flagGMRES  feasible   n_active_  n_vmult           dRdW_form         dRdW_mult         dRdX_mult         d2R_mult          
  25    8.478601e-02   1.487172e-02   0.000000e+00   0.000000e+00   1.763547e-16   3.899127e-01   0.000000e+00   9.868504e-02   1          1          1          24         1.684133e-17   0          YES       5          59215             194               32165             3310              0                 
  iter  value          gnorm          cnorm          ecnorm         flowcnorm      identity       icnorm         snorm          #linesear  iterPDAS   flagPDAS   iterGMRES  resiGMRES      flagGMRES  feasible   n_active_  n_vmult           dRdW_form         dRdW_mult         dRdX_mult         d2R_mult          
  26    8.471208e-02   2.925977e-03   1.387779e-17   1.387779e-17   2.030675e-16   2.211680e-01   0.000000e+00   1.072414e-01   1          1          0          23         1.759777e-17   0          YES       5          61674             199               33327             3481              0                 
  iter  value          gnorm          cnorm          ecnorm         flowcnorm      identity       icnorm         snorm          #linesear  iterPDAS   flagPDAS   iterGMRES  resiGMRES      flagGMRES  feasible   n_active_  n_vmult           dRdW_form         dRdW_mult         dRdX_mult         d2R_mult          
  27    8.470237e-02   2.925208e-04   4.163336e-17   4.163336e-17   1.637501e-16   8.561344e-03   0.000000e+00   2.080977e-02   1          1          0          23         4.135957e-18   0          YES       5          64300             205               34636             3652              0                 
  iter  value          gnorm          cnorm          ecnorm         flowcnorm      identity       icnorm         snorm          #linesear  iterPDAS   flagPDAS   iterGMRES  resiGMRES      flagGMRES  feasible   n_active_  n_vmult           dRdW_form         dRdW_mult         dRdX_mult         d2R_mult          
  28    8.470236e-02   1.114867e-04   0.000000e+00   0.000000e+00   3.064479e-16   8.556840e-05   0.000000e+00   3.676664e-04   1          1          0          23         1.094986e-19   0          YES       5          66912             211               35931             3823              0                 
  iter  value          gnorm          cnorm          ecnorm         flowcnorm      identity       icnorm         snorm          #linesear  iterPDAS   flagPDAS   iterGMRES  resiGMRES      flagGMRES  feasible   n_active_  n_vmult           dRdW_form         dRdW_mult         dRdX_mult         d2R_mult          
  29    8.470235e-02   5.062460e-05   0.000000e+00   0.000000e+00   1.785721e-16   1.242928e-05   0.000000e+00   3.623207e-04   1          1          0          23         6.010869e-20   0          YES       5          69552             217               37254             3994              0                 
  iter  value          gnorm          cnorm          ecnorm         flowcnorm      identity       icnorm         snorm          #linesear  iterPDAS   flagPDAS   iterGMRES  resiGMRES      flagGMRES  feasible   n_active_  n_vmult           dRdW_form         dRdW_mult         dRdX_mult         d2R_mult          
  30    8.470235e-02   2.858943e-05   0.000000e+00   0.000000e+00   1.656057e-16   2.562851e-06   0.000000e+00   1.360290e-04   1          1          0          23         6.410277e-20   0          YES       5          72248             223               38633             4165              0                 
  iter  value          gnorm          cnorm          ecnorm         flowcnorm      identity       icnorm         snorm          #linesear  iterPDAS   flagPDAS   iterGMRES  resiGMRES      flagGMRES  feasible   n_active_  n_vmult           dRdW_form         dRdW_mult         dRdX_mult         d2R_mult          
  31    8.470235e-02   6.572532e-06   1.387779e-17   1.387779e-17   9.666427e-15   8.173557e-07   0.000000e+00   4.663542e-05   1          1          0          23         2.463530e-20   0          YES       5          74874             229               39942             4336              0                 
Optimization Terminated with Status: Converged
The process took 502.92 seconds to run.
Total n_vmult for algorithm 74874
