Starting optimization with 20 control variables...

Primal Dual Active Set Method

 Full-Space Newton Method
  iter  value          gnorm          cnorm          ecnorm         flowcnorm      flow_cfl       identity       icnorm         snorm          #linesear  iterPDAS   flagPDAS   iterGMRES  resiGMRES      flagGMRES  feasible   n_active_  n_vmult           dRdW_form         dRdW_mult         dRdX_mult         d2R_mult          
  0     9.645510e-02   2.063603e-01   
  iter  value          gnorm          cnorm          ecnorm         flowcnorm      flow_cfl       identity       icnorm         snorm          #linesear  iterPDAS   flagPDAS   iterGMRES  resiGMRES      flagGMRES  feasible   n_active_  n_vmult           dRdW_form         dRdW_mult         dRdX_mult         d2R_mult          
  1     8.355836e-02   1.866949e-01   2.842641e-04   2.842641e-04   7.927125e-10   6.756970e+10   4.258456e+00   0.000000e+00   8.718201e+00   1          1          1          91         8.493758e-11   0          YES       1          7690              12                2242              376               368               
  iter  value          gnorm          cnorm          ecnorm         flowcnorm      flow_cfl       identity       icnorm         snorm          #linesear  iterPDAS   flagPDAS   iterGMRES  resiGMRES      flagGMRES  feasible   n_active_  n_vmult           dRdW_form         dRdW_mult         dRdX_mult         d2R_mult          
  2     7.975442e-02   9.920696e-02   7.436340e-12   7.436340e-12   7.436340e-12   1.355497e+13   3.485497e+00   0.000000e+00   2.372912e+00   1          1          0          88         6.515226e-11   0          YES       1          14874             15                4326              740               724               
  iter  value          gnorm          cnorm          ecnorm         flowcnorm      flow_cfl       identity       icnorm         snorm          #linesear  iterPDAS   flagPDAS   iterGMRES  resiGMRES      flagGMRES  feasible   n_active_  n_vmult           dRdW_form         dRdW_mult         dRdX_mult         d2R_mult          
  3     7.817841e-02   6.429776e-02   4.630404e-12   4.630404e-12   4.630404e-12   3.358809e+13   9.842021e-01   0.000000e+00   7.124562e-01   1          1          1          81         6.345370e-11   0          YES       2          21533             18                6277              1076              1052              
  iter  value          gnorm          cnorm          ecnorm         flowcnorm      flow_cfl       identity       icnorm         snorm          #linesear  iterPDAS   flagPDAS   iterGMRES  resiGMRES      flagGMRES  feasible   n_active_  n_vmult           dRdW_form         dRdW_mult         dRdX_mult         d2R_mult          
  4     7.745843e-02   3.710502e-02   3.458459e-12   3.458459e-12   3.458459e-12   7.792642e+13   4.134202e-01   0.000000e+00   6.266535e-01   1          1          1          84         8.090081e-11   0          YES       3          28441             21                8309              1424              1392              
  iter  value          gnorm          cnorm          ecnorm         flowcnorm      flow_cfl       identity       icnorm         snorm          #linesear  iterPDAS   flagPDAS   iterGMRES  resiGMRES      flagGMRES  feasible   n_active_  n_vmult           dRdW_form         dRdW_mult         dRdX_mult         d2R_mult          
  5     7.704464e-02   2.818149e-02   2.907549e-12   2.907549e-12   2.907549e-12   1.220419e+14   1.376782e-01   0.000000e+00   3.464838e-01   1          1          1          93         7.104243e-11   0          YES       4          36019             24                10507             1808              1768              
  iter  value          gnorm          cnorm          ecnorm         flowcnorm      flow_cfl       identity       icnorm         snorm          #linesear  iterPDAS   flagPDAS   iterGMRES  resiGMRES      flagGMRES  feasible   n_active_  n_vmult           dRdW_form         dRdW_mult         dRdX_mult         d2R_mult          
  6     7.697458e-02   2.310341e-02   2.788457e-12   2.788457e-12   2.788457e-12   1.552244e+14   7.941961e-02   0.000000e+00   4.516270e-01   1          1          1          104        7.010561e-11   0          YES       5          44419             27                12911             2236              2188              
  iter  value          gnorm          cnorm          ecnorm         flowcnorm      flow_cfl       identity       icnorm         snorm          #linesear  iterPDAS   flagPDAS   iterGMRES  resiGMRES      flagGMRES  feasible   n_active_  n_vmult           dRdW_form         dRdW_mult         dRdX_mult         d2R_mult          
  7     7.669161e-02   1.490641e-02   2.069183e-12   2.069183e-12   2.069183e-12   3.242111e+14   5.337677e-02   0.000000e+00   4.956524e-01   1          1          1          106        6.399803e-11   0          YES       5          52971             30                15355             2672              2616              
  iter  value          gnorm          cnorm          ecnorm         flowcnorm      flow_cfl       identity       icnorm         snorm          #linesear  iterPDAS   flagPDAS   iterGMRES  resiGMRES      flagGMRES  feasible   n_active_  n_vmult           dRdW_form         dRdW_mult         dRdX_mult         d2R_mult          
  8     7.645024e-02   5.879001e-03   1.079453e-12   1.079453e-12   1.079453e-12   1.575770e+15   2.222011e-02   0.000000e+00   2.218665e-01   1          1          1          121        7.550679e-11   0          YES       6          62642             33                18078             3168              3104              
  iter  value          gnorm          cnorm          ecnorm         flowcnorm      flow_cfl       identity       icnorm         snorm          #linesear  iterPDAS   flagPDAS   iterGMRES  resiGMRES      flagGMRES  feasible   n_active_  n_vmult           dRdW_form         dRdW_mult         dRdX_mult         d2R_mult          
  9     7.644447e-02   7.842381e-03   1.068139e-12   1.068139e-12   1.068139e-12   1.193780e+15   3.456265e-03   0.000000e+00   2.736107e-01   1          1          1          136        4.944358e-11   0          YES       7          73488             36                21136             3724              3652              
  iter  value          gnorm          cnorm          ecnorm         flowcnorm      flow_cfl       identity       icnorm         snorm          #linesear  iterPDAS   flagPDAS   iterGMRES  resiGMRES      flagGMRES  feasible   n_active_  n_vmult           dRdW_form         dRdW_mult         dRdX_mult         d2R_mult          
  10    7.642188e-02   3.011918e-03   9.397431e-13   9.397431e-13   9.397431e-13   3.533033e+15   6.150293e-03   0.000000e+00   1.610367e-01   1          1          1          129        9.239543e-11   0          YES       8          83816             39                24068             4252              4172              
  iter  value          gnorm          cnorm          ecnorm         flowcnorm      flow_cfl       identity       icnorm         snorm          #linesear  iterPDAS   flagPDAS   iterGMRES  resiGMRES      flagGMRES  feasible   n_active_  n_vmult           dRdW_form         dRdW_mult         dRdX_mult         d2R_mult          
  11    7.640839e-02   1.751886e-03   7.244401e-13   7.244401e-13   7.243844e-13   7.879977e+15   9.071652e-04   0.000000e+00   1.951683e-01   1          1          1          132        4.885324e-11   0          YES       9          94330             42                27018             4792              4704              
  iter  value          gnorm          cnorm          ecnorm         flowcnorm      flow_cfl       identity       icnorm         snorm          #linesear  iterPDAS   flagPDAS   iterGMRES  resiGMRES      flagGMRES  feasible   n_active_  n_vmult           dRdW_form         dRdW_mult         dRdX_mult         d2R_mult          
  12    7.640657e-02   1.863311e-03   7.052766e-13   7.052766e-13   7.051962e-13   7.610349e+15   3.069105e-04   0.000000e+00   2.931053e-02   1          1          1          125        6.950194e-11   0          YES       10         104368            45                29884             5304              5208              
  iter  value          gnorm          cnorm          ecnorm         flowcnorm      flow_cfl       identity       icnorm         snorm          #linesear  iterPDAS   flagPDAS   iterGMRES  resiGMRES      flagGMRES  feasible   n_active_  n_vmult           dRdW_form         dRdW_mult         dRdX_mult         d2R_mult          
  13    7.639200e-02   3.142456e-04   1.658177e-13   1.658177e-13   1.658177e-13   1.919110e+17   3.471930e-04   0.000000e+00   5.092251e-02   1          1          1          113        9.818767e-11   0          YES       10         113487            48                32503             5768              5664              
  iter  value          gnorm          cnorm          ecnorm         flowcnorm      flow_cfl       identity       icnorm         snorm          #linesear  iterPDAS   flagPDAS   iterGMRES  resiGMRES      flagGMRES  feasible   n_active_  n_vmult           dRdW_form         dRdW_mult         dRdX_mult         d2R_mult          
  14    7.639144e-02   1.651561e-07   8.080233e-14   8.080233e-14   8.112815e-15   7.463349e+21   9.875031e-06   0.000000e+00   8.963057e-03   1          1          0          105        8.583189e-11   0          YES       10         121963            51                34927             6200              6088              
Optimization Terminated with Status: Converged
The process took 62.8885 seconds to run.
Total n_vmult for algorithm 121963
