Starting optimization with 10 control variables...

Primal Dual Active Set Method

 Full-Space Newton Method
  iter  value          gnorm          cnorm          ecnorm         flowcnorm      flow_cfl       identity       icnorm         snorm          #linesear  iterPDAS   flagPDAS   iterGMRES  resiGMRES      flagGMRES  feasible   n_active_  n_vmult           dRdW_form         dRdW_mult         dRdX_mult         d2R_mult          
  0     9.645510e-02   1.696310e-01   
  iter  value          gnorm          cnorm          ecnorm         flowcnorm      flow_cfl       identity       icnorm         snorm          #linesear  iterPDAS   flagPDAS   iterGMRES  resiGMRES      flagGMRES  feasible   n_active_  n_vmult           dRdW_form         dRdW_mult         dRdX_mult         d2R_mult          
  1     8.361321e-02   1.472137e-01   3.402946e-04   3.402946e-04   8.296317e-10   8.187787e+10   2.877468e+00   0.000000e+00   8.319705e+00   1          1          1          82         9.560322e-11   0          YES       1          7006              12                2062              340               332               
  iter  value          gnorm          cnorm          ecnorm         flowcnorm      flow_cfl       identity       icnorm         snorm          #linesear  iterPDAS   flagPDAS   iterGMRES  resiGMRES      flagGMRES  feasible   n_active_  n_vmult           dRdW_form         dRdW_mult         dRdX_mult         d2R_mult          
  2     8.098409e-02   6.115077e-02   3.374859e-11   3.374859e-11   3.374859e-11   4.845542e+12   2.167186e+00   0.000000e+00   1.904395e+00   1          1          0          79         5.518350e-11   0          YES       1          13527             15                3987              668               652               
  iter  value          gnorm          cnorm          ecnorm         flowcnorm      flow_cfl       identity       icnorm         snorm          #linesear  iterPDAS   flagPDAS   iterGMRES  resiGMRES      flagGMRES  feasible   n_active_  n_vmult           dRdW_form         dRdW_mult         dRdX_mult         d2R_mult          
  3     8.086012e-02   4.631567e-02   3.263521e-11   3.263521e-11   3.263521e-11   6.615850e+12   3.739416e-01   0.000000e+00   4.784033e-01   1          1          1          79         6.109719e-11   0          YES       2          20020             18                5884              996               972               
  iter  value          gnorm          cnorm          ecnorm         flowcnorm      flow_cfl       identity       icnorm         snorm          #linesear  iterPDAS   flagPDAS   iterGMRES  resiGMRES      flagGMRES  feasible   n_active_  n_vmult           dRdW_form         dRdW_mult         dRdX_mult         d2R_mult          
  4     8.040698e-02   2.835332e-02   2.704969e-11   2.704969e-11   2.704969e-11   1.303869e+13   2.145141e-01   0.000000e+00   7.508632e-01   1          1          1          84         5.536379e-11   0          YES       3          26914             21                7902              1344              1312              
  iter  value          gnorm          cnorm          ecnorm         flowcnorm      flow_cfl       identity       icnorm         snorm          #linesear  iterPDAS   flagPDAS   iterGMRES  resiGMRES      flagGMRES  feasible   n_active_  n_vmult           dRdW_form         dRdW_mult         dRdX_mult         d2R_mult          
  5     7.946454e-02   1.509596e-02   1.408571e-11   1.408571e-11   1.408571e-11   4.702843e+13   8.039106e-02   0.000000e+00   6.372350e-01   1          1          1          83         9.386717e-11   0          YES       3          33746             24                9914              1688              1648              
  iter  value          gnorm          cnorm          ecnorm         flowcnorm      flow_cfl       identity       icnorm         snorm          #linesear  iterPDAS   flagPDAS   iterGMRES  resiGMRES      flagGMRES  feasible   n_active_  n_vmult           dRdW_form         dRdW_mult         dRdX_mult         d2R_mult          
  6     7.933357e-02   1.625633e-02   1.236471e-11   1.236471e-11   1.236471e-11   4.975007e+13   2.278880e-02   0.000000e+00   2.697092e-01   1          1          1          85         8.532110e-11   0          YES       4          40737             27                11973             2040              1992              
  iter  value          gnorm          cnorm          ecnorm         flowcnorm      flow_cfl       identity       icnorm         snorm          #linesear  iterPDAS   flagPDAS   iterGMRES  resiGMRES      flagGMRES  feasible   n_active_  n_vmult           dRdW_form         dRdW_mult         dRdX_mult         d2R_mult          
  7     7.933286e-02   1.177881e-02   1.235178e-11   1.235178e-11   1.235178e-11   6.873359e+13   2.642683e-02   0.000000e+00   2.205418e-01   1          1          1          83         7.403360e-11   0          YES       5          47597             30                14013             2384              2328              
  iter  value          gnorm          cnorm          ecnorm         flowcnorm      flow_cfl       identity       icnorm         snorm          #linesear  iterPDAS   flagPDAS   iterGMRES  resiGMRES      flagGMRES  feasible   n_active_  n_vmult           dRdW_form         dRdW_mult         dRdX_mult         d2R_mult          
  8     7.929894e-02   2.486475e-03   5.090717e-12   5.090717e-12   5.090717e-12   7.900179e+14   1.387404e-02   0.000000e+00   1.948510e-01   1          1          1          79         7.341265e-11   0          YES       6          54146             33                15966             2712              2648              
  iter  value          gnorm          cnorm          ecnorm         flowcnorm      flow_cfl       identity       icnorm         snorm          #linesear  iterPDAS   flagPDAS   iterGMRES  resiGMRES      flagGMRES  feasible   n_active_  n_vmult           dRdW_form         dRdW_mult         dRdX_mult         d2R_mult          
  9     7.929522e-02   3.735039e-06   1.889622e-13   1.889622e-13   1.889622e-13   1.416869e+19   6.182559e-04   0.000000e+00   4.578818e-02   1          1          0          80         6.757905e-11   0          YES       6          60729             36                17897             3044              2972              
Optimization Terminated with Status: Converged
The process took 29.1524 seconds to run.
Total n_vmult for algorithm 60729
