Starting optimization with 10 control variables...

Primal Dual Active Set Method

 Full-Space Newton Method
  iter  value          gnorm          cnorm          ecnorm         flowcnorm      flow_cfl       identity       icnorm         snorm          #linesear  iterPDAS   flagPDAS   iterGMRES  resiGMRES      flagGMRES  feasible   n_active_  n_vmult           dRdW_form         dRdW_mult         dRdX_mult         d2R_mult          
  0     1.031530e-01   1.633507e-01   
  iter  value          gnorm          cnorm          ecnorm         flowcnorm      flow_cfl       identity       icnorm         snorm          #linesear  iterPDAS   flagPDAS   iterGMRES  resiGMRES      flagGMRES  feasible   n_active_  n_vmult           dRdW_form         dRdW_mult         dRdX_mult         d2R_mult          
  1     8.916926e-02   1.440849e-01   7.300372e-05   7.300372e-05   7.064663e-12   9.824037e+12   2.668345e+00   0.000000e+00   1.096573e+01   1          1          1          119        7.388581e-11   0          YES       1          10014             12                2998              488               480               
  iter  value          gnorm          cnorm          ecnorm         flowcnorm      flow_cfl       identity       icnorm         snorm          #linesear  iterPDAS   flagPDAS   iterGMRES  resiGMRES      flagGMRES  feasible   n_active_  n_vmult           dRdW_form         dRdW_mult         dRdX_mult         d2R_mult          
  2     8.669082e-02   6.186951e-02   7.740696e-13   7.740696e-13   7.740696e-13   2.088062e+14   2.076047e+00   0.000000e+00   4.420568e+00   1          1          0          105        7.757088e-11   0          YES       1          18469             15                5401              920               904               
  iter  value          gnorm          cnorm          ecnorm         flowcnorm      flow_cfl       identity       icnorm         snorm          #linesear  iterPDAS   flagPDAS   iterGMRES  resiGMRES      flagGMRES  feasible   n_active_  n_vmult           dRdW_form         dRdW_mult         dRdX_mult         d2R_mult          
  3     8.608570e-02   4.457817e-02   6.544734e-13   6.544734e-13   6.544734e-13   3.427565e+14   3.827836e-01   0.000000e+00   5.457959e-01   1          1          1          103        8.408654e-11   0          YES       2          26772             18                7764              1344              1320              
  iter  value          gnorm          cnorm          ecnorm         flowcnorm      flow_cfl       identity       icnorm         snorm          #linesear  iterPDAS   flagPDAS   iterGMRES  resiGMRES      flagGMRES  feasible   n_active_  n_vmult           dRdW_form         dRdW_mult         dRdX_mult         d2R_mult          
  4     8.590735e-02   3.439307e-02   6.191811e-13   6.191811e-13   6.191811e-13   4.695819e+14   1.987214e-01   0.000000e+00   3.057105e-01   1          1          1          105        8.844981e-11   0          YES       3          35220             21                10160             1776              1744              
  iter  value          gnorm          cnorm          ecnorm         flowcnorm      flow_cfl       identity       icnorm         snorm          #linesear  iterPDAS   flagPDAS   iterGMRES  resiGMRES      flagGMRES  feasible   n_active_  n_vmult           dRdW_form         dRdW_mult         dRdX_mult         d2R_mult          
  5     8.503754e-02   2.357459e-02   4.326701e-13   4.326701e-13   4.299617e-13   9.865661e+14   1.182884e-01   0.000000e+00   3.946773e-01   1          1          1          103        8.805407e-11   0          YES       3          43530             24                12530             2200              2160              
  iter  value          gnorm          cnorm          ecnorm         flowcnorm      flow_cfl       identity       icnorm         snorm          #linesear  iterPDAS   flagPDAS   iterGMRES  resiGMRES      flagGMRES  feasible   n_active_  n_vmult           dRdW_form         dRdW_mult         dRdX_mult         d2R_mult          
  6     8.475468e-02   2.230357e-02   3.692124e-13   3.692124e-13   3.624597e-13   1.236990e+15   5.557611e-02   0.000000e+00   3.641456e-01   1          1          1          104        8.224722e-11   0          YES       4          51902             27                14906             2628              2580              
  iter  value          gnorm          cnorm          ecnorm         flowcnorm      flow_cfl       identity       icnorm         snorm          #linesear  iterPDAS   flagPDAS   iterGMRES  resiGMRES      flagGMRES  feasible   n_active_  n_vmult           dRdW_form         dRdW_mult         dRdX_mult         d2R_mult          
  7     8.473497e-02   2.114287e-02   3.533815e-13   3.533815e-13   3.473229e-13   1.361767e+15   4.974490e-02   0.000000e+00   1.775165e-01   1          1          1          104        9.907164e-11   0          YES       5          60281             30                17289             3056              3000              
  iter  value          gnorm          cnorm          ecnorm         flowcnorm      flow_cfl       identity       icnorm         snorm          #linesear  iterPDAS   flagPDAS   iterGMRES  resiGMRES      flagGMRES  feasible   n_active_  n_vmult           dRdW_form         dRdW_mult         dRdX_mult         d2R_mult          
  8     8.470216e-02   5.643088e-04   7.943254e-14   7.943254e-14   7.861918e-14   2.254004e+17   4.470209e-02   0.000000e+00   3.165216e-01   1          1          0          104        9.999850e-11   0          YES       5          68667             33                19679             3484              3420              
  iter  value          gnorm          cnorm          ecnorm         flowcnorm      flow_cfl       identity       icnorm         snorm          #linesear  iterPDAS   flagPDAS   iterGMRES  resiGMRES      flagGMRES  feasible   n_active_  n_vmult           dRdW_form         dRdW_mult         dRdX_mult         d2R_mult          
  9     8.470235e-02   5.696834e-07   9.030687e-14   9.030687e-14   8.615171e-16   2.037523e+22   3.184444e-05   0.000000e+00   1.483902e-02   1          1          0          94         8.829726e-11   0          YES       5          76279             36                21855             3872              3800              
Optimization Terminated with Status: Converged
The process took 81.0541 seconds to run.
Total n_vmult for algorithm 76279
