Starting optimization with 40 control variables...

Primal Dual Active Set Method

 Full-Space Newton Method
  iter  value          gnorm          cnorm          ecnorm         flowcnorm      flow_cfl       identity       icnorm         snorm          #linesear  iterPDAS   flagPDAS   iterGMRES  resiGMRES      flagGMRES  feasible   n_active_  n_vmult           dRdW_form         dRdW_mult         dRdX_mult         d2R_mult          
  0     1.031530e-01   2.328837e-01   
  iter  value          gnorm          cnorm          ecnorm         flowcnorm      flow_cfl       identity       icnorm         snorm          #linesear  iterPDAS   flagPDAS   iterGMRES  resiGMRES      flagGMRES  feasible   n_active_  n_vmult           dRdW_form         dRdW_mult         dRdX_mult         d2R_mult          
  1     8.953589e-02   2.506842e-01   4.799795e-12   4.799795e-12   4.799795e-12   8.310942e+12   5.423483e+00   0.000000e+00   1.338871e+01   1          1          1          149        8.275664e-11   0          YES       1          12294             12                3598              608               600               
  iter  value          gnorm          cnorm          ecnorm         flowcnorm      flow_cfl       identity       icnorm         snorm          #linesear  iterPDAS   flagPDAS   iterGMRES  resiGMRES      flagGMRES  feasible   n_active_  n_vmult           dRdW_form         dRdW_mult         dRdX_mult         d2R_mult          
  2     8.539339e-02   1.492361e-01   4.901371e-13   4.901371e-13   4.901371e-13   1.367126e+14   6.284259e+00   0.000000e+00   7.559911e+00   1          1          0          138        7.411794e-11   0          YES       1          23264             15                6668              1172              1156              
  iter  value          gnorm          cnorm          ecnorm         flowcnorm      flow_cfl       identity       icnorm         snorm          #linesear  iterPDAS   flagPDAS   iterGMRES  resiGMRES      flagGMRES  feasible   n_active_  n_vmult           dRdW_form         dRdW_mult         dRdX_mult         d2R_mult          
  3     8.130534e-02   8.285098e-02   8.666901e-13   8.666901e-13   8.644020e-13   1.396325e+14   2.227141e+00   0.000000e+00   1.125206e+00   1          1          0          125        8.656047e-11   0          YES       1          33253             18                9485              1684              1660              
  iter  value          gnorm          cnorm          ecnorm         flowcnorm      flow_cfl       identity       icnorm         snorm          #linesear  iterPDAS   flagPDAS   iterGMRES  resiGMRES      flagGMRES  feasible   n_active_  n_vmult           dRdW_form         dRdW_mult         dRdX_mult         d2R_mult          
  4     7.865125e-02   4.373191e-02   7.246497e-13   7.246497e-13   7.188749e-13   3.180887e+14   6.864285e-01   0.000000e+00   1.046971e+00   1          1          1          117        8.090575e-11   0          YES       2          42613             21                12121             2164              2132              
  iter  value          gnorm          cnorm          ecnorm         flowcnorm      flow_cfl       identity       icnorm         snorm          #linesear  iterPDAS   flagPDAS   iterGMRES  resiGMRES      flagGMRES  feasible   n_active_  n_vmult           dRdW_form         dRdW_mult         dRdX_mult         d2R_mult          
  5     7.849141e-02   3.286391e-02   6.891997e-13   6.891997e-13   6.838164e-13   4.449808e+14   1.912480e-01   0.000000e+00   5.916644e-01   1          1          1          118        8.363125e-11   0          YES       3          52049             24                14777             2648              2608              
  iter  value          gnorm          cnorm          ecnorm         flowcnorm      flow_cfl       identity       icnorm         snorm          #linesear  iterPDAS   flagPDAS   iterGMRES  resiGMRES      flagGMRES  feasible   n_active_  n_vmult           dRdW_form         dRdW_mult         dRdX_mult         d2R_mult          
  6     7.837840e-02   3.534856e-02   6.607964e-13   6.607964e-13   6.556745e-13   4.314595e+14   1.080036e-01   0.000000e+00   2.239075e-01   1          1          1          119        8.773669e-11   0          YES       4          61561             27                17453             3136              3088              
  iter  value          gnorm          cnorm          ecnorm         flowcnorm      flow_cfl       identity       icnorm         snorm          #linesear  iterPDAS   flagPDAS   iterGMRES  resiGMRES      flagGMRES  feasible   n_active_  n_vmult           dRdW_form         dRdW_mult         dRdX_mult         d2R_mult          
  7     7.824799e-02   2.552657e-02   6.175142e-13   6.175142e-13   6.143525e-13   6.376612e+14   1.249521e-01   0.000000e+00   2.268851e-01   1          1          1          118        8.267428e-11   0          YES       5          71011             30                20123             3620              3564              
  iter  value          gnorm          cnorm          ecnorm         flowcnorm      flow_cfl       identity       icnorm         snorm          #linesear  iterPDAS   flagPDAS   iterGMRES  resiGMRES      flagGMRES  feasible   n_active_  n_vmult           dRdW_form         dRdW_mult         dRdX_mult         d2R_mult          
  8     7.822056e-02   2.285189e-02   6.059788e-13   6.059788e-13   6.032833e-13   7.253650e+14   6.516056e-02   0.000000e+00   1.499505e-01   1          1          1          128        9.510690e-11   0          YES       6          81228             33                23000             4144              4080              
  iter  value          gnorm          cnorm          ecnorm         flowcnorm      flow_cfl       identity       icnorm         snorm          #linesear  iterPDAS   flagPDAS   iterGMRES  resiGMRES      flagGMRES  feasible   n_active_  n_vmult           dRdW_form         dRdW_mult         dRdX_mult         d2R_mult          
  9     7.804295e-02   1.881490e-02   5.263192e-13   5.263192e-13   5.234086e-13   1.015447e+15   5.222089e-02   0.000000e+00   1.671980e-01   1          1          1          137        8.740755e-11   0          YES       7          92108             36                26036             4704              4632              
  iter  value          gnorm          cnorm          ecnorm         flowcnorm      flow_cfl       identity       icnorm         snorm          #linesear  iterPDAS   flagPDAS   iterGMRES  resiGMRES      flagGMRES  feasible   n_active_  n_vmult           dRdW_form         dRdW_mult         dRdX_mult         d2R_mult          
  10    7.791043e-02   1.470296e-02   4.420482e-13   4.420482e-13   4.378124e-13   1.553485e+15   3.540004e-02   0.000000e+00   1.548977e-01   1          1          1          150        8.151193e-11   0          YES       7          103983            39                29339             5316              5236              
  iter  value          gnorm          cnorm          ecnorm         flowcnorm      flow_cfl       identity       icnorm         snorm          #linesear  iterPDAS   flagPDAS   iterGMRES  resiGMRES      flagGMRES  feasible   n_active_  n_vmult           dRdW_form         dRdW_mult         dRdX_mult         d2R_mult          
  11    7.790951e-02   1.195725e-02   4.409224e-13   4.409224e-13   4.366698e-13   1.915207e+15   2.161771e-02   0.000000e+00   1.334185e-01   1          1          1          164        8.897057e-11   0          YES       8          116950            42                32950             5984              5896              
  iter  value          gnorm          cnorm          ecnorm         flowcnorm      flow_cfl       identity       icnorm         snorm          #linesear  iterPDAS   flagPDAS   iterGMRES  resiGMRES      flagGMRES  feasible   n_active_  n_vmult           dRdW_form         dRdW_mult         dRdX_mult         d2R_mult          
  12    7.785428e-02   8.690508e-03   3.542095e-13   3.542095e-13   3.460373e-13   3.325308e+15   1.429757e-02   0.000000e+00   1.119566e-01   1          1          1          178        9.452683e-11   0          YES       9          130960            45                36820             6708              6612              
  iter  value          gnorm          cnorm          ecnorm         flowcnorm      flow_cfl       identity       icnorm         snorm          #linesear  iterPDAS   flagPDAS   iterGMRES  resiGMRES      flagGMRES  feasible   n_active_  n_vmult           dRdW_form         dRdW_mult         dRdX_mult         d2R_mult          
  13    7.779961e-02   4.143456e-03   1.911708e-13   1.911708e-13   1.911708e-13   1.262455e+16   7.552493e-03   0.000000e+00   9.970330e-02   1          1          1          202        7.773742e-11   0          YES       10         146794            48                41170             7528              7424              
  iter  value          gnorm          cnorm          ecnorm         flowcnorm      flow_cfl       identity       icnorm         snorm          #linesear  iterPDAS   flagPDAS   iterGMRES  resiGMRES      flagGMRES  feasible   n_active_  n_vmult           dRdW_form         dRdW_mult         dRdX_mult         d2R_mult          
  14    7.777588e-02   2.425651e-03   1.262387e-13   1.262387e-13   1.262387e-13   3.265722e+16   1.716823e-03   0.000000e+00   7.320325e-02   1          1          1          225        9.396515e-11   0          YES       10         164341            51                45945             8440              8328              
  iter  value          gnorm          cnorm          ecnorm         flowcnorm      flow_cfl       identity       icnorm         snorm          #linesear  iterPDAS   flagPDAS   iterGMRES  resiGMRES      flagGMRES  feasible   n_active_  n_vmult           dRdW_form         dRdW_mult         dRdX_mult         d2R_mult          
  15    7.776957e-02   2.250318e-03   1.272460e-13   1.272460e-13   1.102265e-13   4.031533e+16   5.883783e-04   0.000000e+00   3.656314e-02   1          1          1          339        9.087950e-11   0          YES       11         190624            54                53030             9810              9692              
  iter  value          gnorm          cnorm          ecnorm         flowcnorm      flow_cfl       identity       icnorm         snorm          #linesear  iterPDAS   flagPDAS   iterGMRES  resiGMRES      flagGMRES  feasible   n_active_  n_vmult           dRdW_form         dRdW_mult         dRdX_mult         d2R_mult          
  16    7.776484e-02   1.562502e-03   3.616593e-13   3.616593e-13   9.168333e-14   6.980540e+16   5.063932e-04   0.000000e+00   4.777411e-02   1          1          1          329        9.402704e-11   0          YES       11         216154            57                59922             11140             11016             
  iter  value          gnorm          cnorm          ecnorm         flowcnorm      flow_cfl       identity       icnorm         snorm          #linesear  iterPDAS   flagPDAS   iterGMRES  resiGMRES      flagGMRES  feasible   n_active_  n_vmult           dRdW_form         dRdW_mult         dRdX_mult         d2R_mult          
  17    7.776442e-02   1.548780e-03   3.596060e-13   3.596060e-13   8.982163e-14   7.188350e+16   2.441413e-04   0.000000e+00   9.154692e-03   1          1          1          351        8.975847e-11   0          YES       12         243349            60                67247             12558             12428             
  iter  value          gnorm          cnorm          ecnorm         flowcnorm      flow_cfl       identity       icnorm         snorm          #linesear  iterPDAS   flagPDAS   iterGMRES  resiGMRES      flagGMRES  feasible   n_active_  n_vmult           dRdW_form         dRdW_mult         dRdX_mult         d2R_mult          
  18    7.776146e-02   1.277123e-03   3.076546e-13   3.076546e-13   7.494619e-14   1.044763e+17   2.398721e-04   0.000000e+00   2.825462e-02   1          1          1          364        9.373637e-11   0          YES       13         271539            63                74839             14028             13892             
  iter  value          gnorm          cnorm          ecnorm         flowcnorm      flow_cfl       identity       icnorm         snorm          #linesear  iterPDAS   flagPDAS   iterGMRES  resiGMRES      flagGMRES  feasible   n_active_  n_vmult           dRdW_form         dRdW_mult         dRdX_mult         d2R_mult          
  19    7.776117e-02   1.277848e-03   3.025942e-13   3.025942e-13   7.362209e-14   1.062950e+17   1.631044e-04   0.000000e+00   4.812214e-03   1          1          1          358        9.924743e-11   0          YES       14         299273            66                82311             15474             15332             
  iter  value          gnorm          cnorm          ecnorm         flowcnorm      flow_cfl       identity       icnorm         snorm          #linesear  iterPDAS   flagPDAS   iterGMRES  resiGMRES      flagGMRES  feasible   n_active_  n_vmult           dRdW_form         dRdW_mult         dRdX_mult         d2R_mult          
  20    7.775811e-02   8.674252e-04   2.944761e-13   2.944761e-13   5.017135e-14   2.297800e+17   1.632895e-04   0.000000e+00   4.178550e-02   1          1          1          345        8.420061e-11   0          YES       15         326005            69                89509             16868             16720             
  iter  value          gnorm          cnorm          ecnorm         flowcnorm      flow_cfl       identity       icnorm         snorm          #linesear  iterPDAS   flagPDAS   iterGMRES  resiGMRES      flagGMRES  feasible   n_active_  n_vmult           dRdW_form         dRdW_mult         dRdX_mult         d2R_mult          
  21    7.775714e-02   7.353918e-04   2.662385e-13   2.662385e-13   4.313842e-14   3.152223e+17   7.524264e-05   0.000000e+00   2.572807e-02   1          1          1          395        9.908641e-11   0          YES       16         356551            72                97721             18462             18308             
  iter  value          gnorm          cnorm          ecnorm         flowcnorm      flow_cfl       identity       icnorm         snorm          #linesear  iterPDAS   flagPDAS   iterGMRES  resiGMRES      flagGMRES  feasible   n_active_  n_vmult           dRdW_form         dRdW_mult         dRdX_mult         d2R_mult          
  22    7.775628e-02   6.339238e-04   2.542865e-13   2.542865e-13   3.693110e-14   4.271404e+17   5.408011e-05   0.000000e+00   2.681912e-02   1          1          1          402        9.860648e-11   0          YES       17         387615            75                106059            20084             19924             
  iter  value          gnorm          cnorm          ecnorm         flowcnorm      flow_cfl       identity       icnorm         snorm          #linesear  iterPDAS   flagPDAS   iterGMRES  resiGMRES      flagGMRES  feasible   n_active_  n_vmult           dRdW_form         dRdW_mult         dRdX_mult         d2R_mult          
  23    7.775610e-02   6.197232e-04   2.422444e-13   2.422444e-13   3.541497e-14   4.556332e+17   4.018594e-05   0.000000e+00   8.926225e-03   1          1          1          438        9.834517e-11   0          YES       18         421429            78                115131            21850             21684             
  iter  value          gnorm          cnorm          ecnorm         flowcnorm      flow_cfl       identity       icnorm         snorm          #linesear  iterPDAS   flagPDAS   iterGMRES  resiGMRES      flagGMRES  feasible   n_active_  n_vmult           dRdW_form         dRdW_mult         dRdX_mult         d2R_mult          
  24    7.775545e-02   4.413829e-04   1.432905e-13   1.432905e-13   2.583179e-14   8.770614e+17   3.840568e-05   0.000000e+00   1.495523e-02   1          1          1          249        6.995900e-11   0          YES       19         440835            81                120421            22858             22684             
  iter  value          gnorm          cnorm          ecnorm         flowcnorm      flow_cfl       identity       icnorm         snorm          #linesear  iterPDAS   flagPDAS   iterGMRES  resiGMRES      flagGMRES  feasible   n_active_  n_vmult           dRdW_form         dRdW_mult         dRdX_mult         d2R_mult          
  25    7.775395e-02   1.847875e-06   5.637428e-16   5.637428e-16   5.637428e-16   9.599451e+21   1.948189e-05   0.000000e+00   5.005910e-02   1          1          0          240        9.666041e-11   0          YES       19         459557            84                125531            23830             23648             
Optimization Terminated with Status: Converged
The process took 429.116 seconds to run.
Total n_vmult for algorithm 459557
