Starting optimization with 40 control variables...

Primal Dual Active Set Method

 Full-Space Newton Method
  iter  value          gnorm          cnorm          ecnorm         flowcnorm      flow_cfl       identity       icnorm         snorm          #linesear  iterPDAS   flagPDAS   iterGMRES  resiGMRES      flagGMRES  feasible   n_active_  n_vmult           dRdW_form         dRdW_mult         dRdX_mult         d2R_mult          
  0     9.645510e-02   2.437565e-01   
  iter  value          gnorm          cnorm          ecnorm         flowcnorm      flow_cfl       identity       icnorm         snorm          #linesear  iterPDAS   flagPDAS   iterGMRES  resiGMRES      flagGMRES  feasible   n_active_  n_vmult           dRdW_form         dRdW_mult         dRdX_mult         d2R_mult          
  1     8.611344e-02   2.133761e-01   1.592335e-04   1.592335e-04   4.623907e-10   1.013550e+11   5.941724e+00   0.000000e+00   9.185891e+00   1          1          1          95         8.145726e-11   0          YES       1          7994              12                2322              392               384               
  iter  value          gnorm          cnorm          ecnorm         flowcnorm      flow_cfl       identity       icnorm         snorm          #linesear  iterPDAS   flagPDAS   iterGMRES  resiGMRES      flagGMRES  feasible   n_active_  n_vmult           dRdW_form         dRdW_mult         dRdX_mult         d2R_mult          
  2     8.611344e-02   1.762700e-01   1.592335e-04   1.592335e-04   4.623907e-10   1.226910e+11   4.552937e+00   0.000000e+00   2.751726e+00   1          1          1          93         6.116290e-11   0          YES       2          15544             15                4492              776               760               
  iter  value          gnorm          cnorm          ecnorm         flowcnorm      flow_cfl       identity       icnorm         snorm          #linesear  iterPDAS   flagPDAS   iterGMRES  resiGMRES      flagGMRES  feasible   n_active_  n_vmult           dRdW_form         dRdW_mult         dRdX_mult         d2R_mult          
  3     8.025303e-02   1.171254e-01   5.100543e-11   5.100543e-11   5.100543e-11   1.673911e+12   3.107110e+00   0.000000e+00   4.603815e-01   1          1          0          92         7.348337e-11   0          YES       1          23032             18                6656              1156              1132              
  iter  value          gnorm          cnorm          ecnorm         flowcnorm      flow_cfl       identity       icnorm         snorm          #linesear  iterPDAS   flagPDAS   iterGMRES  resiGMRES      flagGMRES  feasible   n_active_  n_vmult           dRdW_form         dRdW_mult         dRdX_mult         d2R_mult          
  4     7.929805e-02   8.677953e-02   4.130872e-11   4.130872e-11   4.130872e-11   2.789594e+12   1.371837e+00   0.000000e+00   6.738142e-01   1          1          1          84         8.940872e-11   0          YES       1          29919             21                8667              1504              1472              
  iter  value          gnorm          cnorm          ecnorm         flowcnorm      flow_cfl       identity       icnorm         snorm          #linesear  iterPDAS   flagPDAS   iterGMRES  resiGMRES      flagGMRES  feasible   n_active_  n_vmult           dRdW_form         dRdW_mult         dRdX_mult         d2R_mult          
  5     7.623455e-02   6.261057e-02   2.796608e-11   2.796608e-11   2.796585e-11   5.711160e+12   7.530687e-01   0.000000e+00   5.004914e-01   1          1          1          86         6.971010e-11   0          YES       2          36944             24                10704             1860              1820              
  iter  value          gnorm          cnorm          ecnorm         flowcnorm      flow_cfl       identity       icnorm         snorm          #linesear  iterPDAS   flagPDAS   iterGMRES  resiGMRES      flagGMRES  feasible   n_active_  n_vmult           dRdW_form         dRdW_mult         dRdX_mult         d2R_mult          
  6     7.562543e-02   4.656335e-02   2.433074e-11   2.433074e-11   2.433056e-11   8.826810e+12   3.920083e-01   0.000000e+00   5.658481e-01   1          1          1          90         8.532352e-11   0          YES       3          44308             27                12856             2232              2184              
  iter  value          gnorm          cnorm          ecnorm         flowcnorm      flow_cfl       identity       icnorm         snorm          #linesear  iterPDAS   flagPDAS   iterGMRES  resiGMRES      flagGMRES  feasible   n_active_  n_vmult           dRdW_form         dRdW_mult         dRdX_mult         d2R_mult          
  7     7.538554e-02   3.918408e-02   2.286526e-11   2.286526e-11   2.286501e-11   1.116141e+13   2.168145e-01   0.000000e+00   5.118795e-01   1          1          1          99         6.148263e-11   0          YES       4          52328             30                15160             2640              2584              
  iter  value          gnorm          cnorm          ecnorm         flowcnorm      flow_cfl       identity       icnorm         snorm          #linesear  iterPDAS   flagPDAS   iterGMRES  resiGMRES      flagGMRES  feasible   n_active_  n_vmult           dRdW_form         dRdW_mult         dRdX_mult         d2R_mult          
  8     7.481442e-02   3.536994e-02   1.977318e-11   1.977318e-11   1.977274e-11   1.429878e+13   1.535392e-01   0.000000e+00   1.937255e-01   1          1          1          107        7.167907e-11   0          YES       5          60956             33                17624             3080              3016              
  iter  value          gnorm          cnorm          ecnorm         flowcnorm      flow_cfl       identity       icnorm         snorm          #linesear  iterPDAS   flagPDAS   iterGMRES  resiGMRES      flagGMRES  feasible   n_active_  n_vmult           dRdW_form         dRdW_mult         dRdX_mult         d2R_mult          
  9     7.480241e-02   3.303460e-02   1.970512e-11   1.970512e-11   1.970468e-11   1.536249e+13   1.251033e-01   0.000000e+00   3.495578e-01   1          1          1          106        8.045882e-11   0          YES       6          69508             36                20068             3516              3444              
  iter  value          gnorm          cnorm          ecnorm         flowcnorm      flow_cfl       identity       icnorm         snorm          #linesear  iterPDAS   flagPDAS   iterGMRES  resiGMRES      flagGMRES  feasible   n_active_  n_vmult           dRdW_form         dRdW_mult         dRdX_mult         d2R_mult          
  10    7.479417e-02   2.886641e-02   1.964474e-11   1.964474e-11   1.964430e-11   1.763480e+13   1.091285e-01   0.000000e+00   4.330083e-01   1          1          1          110        5.767172e-11   0          YES       7          78371             39                22599             3968              3888              
  iter  value          gnorm          cnorm          ecnorm         flowcnorm      flow_cfl       identity       icnorm         snorm          #linesear  iterPDAS   flagPDAS   iterGMRES  resiGMRES      flagGMRES  feasible   n_active_  n_vmult           dRdW_form         dRdW_mult         dRdX_mult         d2R_mult          
  11    7.458437e-02   2.353811e-02   1.784093e-11   1.784093e-11   1.784056e-11   2.381332e+13   8.332698e-02   0.000000e+00   5.886527e-01   1          1          1          114        5.604112e-11   0          YES       7          87524             42                25196             4436              4348              
  iter  value          gnorm          cnorm          ecnorm         flowcnorm      flow_cfl       identity       icnorm         snorm          #linesear  iterPDAS   flagPDAS   iterGMRES  resiGMRES      flagGMRES  feasible   n_active_  n_vmult           dRdW_form         dRdW_mult         dRdX_mult         d2R_mult          
  12    7.446549e-02   1.908162e-02   1.622506e-11   1.622506e-11   1.622474e-11   3.230033e+13   5.540424e-02   0.000000e+00   2.613368e-01   1          1          1          117        5.767788e-11   0          YES       8          96912             45                27860             4916              4820              
  iter  value          gnorm          cnorm          ecnorm         flowcnorm      flow_cfl       identity       icnorm         snorm          #linesear  iterPDAS   flagPDAS   iterGMRES  resiGMRES      flagGMRES  feasible   n_active_  n_vmult           dRdW_form         dRdW_mult         dRdX_mult         d2R_mult          
  13    7.436928e-02   1.469031e-02   1.412994e-11   1.412994e-11   1.412957e-11   4.817707e+13   3.641084e-02   0.000000e+00   3.500117e-01   1          1          1          122        9.426986e-11   0          YES       9          106680            48                30624             5416              5312              
  iter  value          gnorm          cnorm          ecnorm         flowcnorm      flow_cfl       identity       icnorm         snorm          #linesear  iterPDAS   flagPDAS   iterGMRES  resiGMRES      flagGMRES  feasible   n_active_  n_vmult           dRdW_form         dRdW_mult         dRdX_mult         d2R_mult          
  14    7.425941e-02   1.122349e-02   1.130069e-11   1.130069e-11   1.130037e-11   7.884596e+13   2.158051e-02   0.000000e+00   2.531792e-01   1          1          1          130        6.244547e-11   0          YES       10         117049            51                33541             5948              5836              
  iter  value          gnorm          cnorm          ecnorm         flowcnorm      flow_cfl       identity       icnorm         snorm          #linesear  iterPDAS   flagPDAS   iterGMRES  resiGMRES      flagGMRES  feasible   n_active_  n_vmult           dRdW_form         dRdW_mult         dRdX_mult         d2R_mult          
  15    7.416694e-02   7.880092e-03   8.174985e-12   8.174985e-12   8.173771e-12   1.552552e+14   1.259667e-02   0.000000e+00   1.464533e-01   1          1          1          134        7.673102e-11   0          YES       11         127750            54                36566             6496              6376              
  iter  value          gnorm          cnorm          ecnorm         flowcnorm      flow_cfl       identity       icnorm         snorm          #linesear  iterPDAS   flagPDAS   iterGMRES  resiGMRES      flagGMRES  feasible   n_active_  n_vmult           dRdW_form         dRdW_mult         dRdX_mult         d2R_mult          
  16    7.409938e-02   5.611922e-03   5.983396e-12   5.983396e-12   5.980864e-12   2.979370e+14   6.209586e-03   0.000000e+00   1.154027e-01   1          1          1          140        6.637685e-11   0          YES       12         138872            57                39676             7068              6940              
  iter  value          gnorm          cnorm          ecnorm         flowcnorm      flow_cfl       identity       icnorm         snorm          #linesear  iterPDAS   flagPDAS   iterGMRES  resiGMRES      flagGMRES  feasible   n_active_  n_vmult           dRdW_form         dRdW_mult         dRdX_mult         d2R_mult          
  17    7.408872e-02   4.756709e-03   5.745738e-12   5.745738e-12   5.743628e-12   3.660219e+14   3.149367e-03   0.000000e+00   6.773330e-02   1          1          1          140        8.508039e-11   0          YES       13         150001            60                42793             7640              7504              
  iter  value          gnorm          cnorm          ecnorm         flowcnorm      flow_cfl       identity       icnorm         snorm          #linesear  iterPDAS   flagPDAS   iterGMRES  resiGMRES      flagGMRES  feasible   n_active_  n_vmult           dRdW_form         dRdW_mult         dRdX_mult         d2R_mult          
  18    7.408022e-02   4.275141e-03   5.454792e-12   5.454792e-12   5.453255e-12   4.289373e+14   2.262628e-03   0.000000e+00   4.535580e-02   1          1          1          143        7.793765e-11   0          YES       14         161351            63                45963             8224              8080              
  iter  value          gnorm          cnorm          ecnorm         flowcnorm      flow_cfl       identity       icnorm         snorm          #linesear  iterPDAS   flagPDAS   iterGMRES  resiGMRES      flagGMRES  feasible   n_active_  n_vmult           dRdW_form         dRdW_mult         dRdX_mult         d2R_mult          
  19    7.405966e-02   3.375043e-03   4.440546e-12   4.440546e-12   4.438452e-12   6.675581e+14   1.827683e-03   0.000000e+00   8.523401e-02   1          1          1          147        6.531251e-11   0          YES       14         173019            66                49227             8824              8672              
  iter  value          gnorm          cnorm          ecnorm         flowcnorm      flow_cfl       identity       icnorm         snorm          #linesear  iterPDAS   flagPDAS   iterGMRES  resiGMRES      flagGMRES  feasible   n_active_  n_vmult           dRdW_form         dRdW_mult         dRdX_mult         d2R_mult          
  20    7.404903e-02   3.402342e-03   4.027349e-12   4.027349e-12   4.025876e-12   7.300652e+14   1.139092e-03   0.000000e+00   4.387681e-02   1          1          1          150        8.269755e-11   0          YES       15         184908            69                52544             9436              9276              
  iter  value          gnorm          cnorm          ecnorm         flowcnorm      flow_cfl       identity       icnorm         snorm          #linesear  iterPDAS   flagPDAS   iterGMRES  resiGMRES      flagGMRES  feasible   n_active_  n_vmult           dRdW_form         dRdW_mult         dRdX_mult         d2R_mult          
  21    7.404274e-02   2.934924e-03   3.715549e-12   3.715549e-12   3.714129e-12   9.173735e+14   1.157593e-03   0.000000e+00   5.655383e-02   1          1          1          151        7.911806e-11   0          YES       15         196873            72                55881             10052             9884              
  iter  value          gnorm          cnorm          ecnorm         flowcnorm      flow_cfl       identity       icnorm         snorm          #linesear  iterPDAS   flagPDAS   iterGMRES  resiGMRES      flagGMRES  feasible   n_active_  n_vmult           dRdW_form         dRdW_mult         dRdX_mult         d2R_mult          
  22    7.403672e-02   2.883390e-03   3.338455e-12   3.338455e-12   3.333819e-12   1.040290e+15   8.613780e-04   0.000000e+00   2.819669e-02   1          1          1          154        8.817817e-11   0          YES       16         209073            75                59285             10680             10504             
  iter  value          gnorm          cnorm          ecnorm         flowcnorm      flow_cfl       identity       icnorm         snorm          #linesear  iterPDAS   flagPDAS   iterGMRES  resiGMRES      flagGMRES  feasible   n_active_  n_vmult           dRdW_form         dRdW_mult         dRdX_mult         d2R_mult          
  23    7.403525e-02   2.182974e-03   3.204107e-12   3.204107e-12   3.200161e-12   1.431462e+15   8.313941e-04   0.000000e+00   2.658455e-02   1          1          1          145        8.163421e-11   0          YES       17         220589            78                62509             11272             11088             
  iter  value          gnorm          cnorm          ecnorm         flowcnorm      flow_cfl       identity       icnorm         snorm          #linesear  iterPDAS   flagPDAS   iterGMRES  resiGMRES      flagGMRES  feasible   n_active_  n_vmult           dRdW_form         dRdW_mult         dRdX_mult         d2R_mult          
  24    7.402996e-02   2.018512e-03   2.841388e-12   2.841388e-12   2.835968e-12   1.746897e+15   4.765375e-04   0.000000e+00   3.380941e-02   1          1          1          159        7.551822e-11   0          YES       18         233162            81                66006             11920             11728             
  iter  value          gnorm          cnorm          ecnorm         flowcnorm      flow_cfl       identity       icnorm         snorm          #linesear  iterPDAS   flagPDAS   iterGMRES  resiGMRES      flagGMRES  feasible   n_active_  n_vmult           dRdW_form         dRdW_mult         dRdX_mult         d2R_mult          
  25    7.402866e-02   2.028609e-03   2.757469e-12   2.757469e-12   2.751747e-12   1.791403e+15   4.074393e-04   0.000000e+00   1.082730e-02   1          1          1          161        7.917446e-11   0          YES       19         245894            84                69550             12576             12376             
  iter  value          gnorm          cnorm          ecnorm         flowcnorm      flow_cfl       identity       icnorm         snorm          #linesear  iterPDAS   flagPDAS   iterGMRES  resiGMRES      flagGMRES  feasible   n_active_  n_vmult           dRdW_form         dRdW_mult         dRdX_mult         d2R_mult          
  26    7.402552e-02   1.855878e-03   2.500114e-12   2.500114e-12   2.494137e-12   2.160381e+15   4.115254e-04   0.000000e+00   2.394658e-02   1          1          1          149        6.210406e-11   0          YES       19         257728            87                72868             13184             12976             
  iter  value          gnorm          cnorm          ecnorm         flowcnorm      flow_cfl       identity       icnorm         snorm          #linesear  iterPDAS   flagPDAS   iterGMRES  resiGMRES      flagGMRES  feasible   n_active_  n_vmult           dRdW_form         dRdW_mult         dRdX_mult         d2R_mult          
  27    7.402452e-02   1.742742e-03   2.421517e-12   2.421517e-12   2.416588e-12   2.374457e+15   3.444283e-04   0.000000e+00   1.020768e-02   1          1          1          151        7.192844e-11   0          YES       19         269700            90                76212             13800             13584             
  iter  value          gnorm          cnorm          ecnorm         flowcnorm      flow_cfl       identity       icnorm         snorm          #linesear  iterPDAS   flagPDAS   iterGMRES  resiGMRES      flagGMRES  feasible   n_active_  n_vmult           dRdW_form         dRdW_mult         dRdX_mult         d2R_mult          
  28    7.402076e-02   1.515277e-03   2.054536e-12   2.054536e-12   2.050834e-12   3.217936e+15   3.037150e-04   0.000000e+00   3.761207e-02   1          1          1          152        5.727750e-11   0          YES       19         281741            93                79569             14420             14196             
  iter  value          gnorm          cnorm          ecnorm         flowcnorm      flow_cfl       identity       icnorm         snorm          #linesear  iterPDAS   flagPDAS   iterGMRES  resiGMRES      flagGMRES  feasible   n_active_  n_vmult           dRdW_form         dRdW_mult         dRdX_mult         d2R_mult          
  29    7.401985e-02   1.354316e-03   1.961668e-12   1.961668e-12   1.959089e-12   3.768997e+15   2.296064e-04   0.000000e+00   1.543498e-02   1          1          1          153        6.123405e-11   0          YES       20         293865            96                82953             15044             14812             
  iter  value          gnorm          cnorm          ecnorm         flowcnorm      flow_cfl       identity       icnorm         snorm          #linesear  iterPDAS   flagPDAS   iterGMRES  resiGMRES      flagGMRES  feasible   n_active_  n_vmult           dRdW_form         dRdW_mult         dRdX_mult         d2R_mult          
  30    7.401934e-02   1.330244e-03   1.916705e-12   1.916705e-12   1.913867e-12   3.927869e+15   1.834172e-04   0.000000e+00   7.409122e-03   1          1          1          155        8.221063e-11   0          YES       21         306141            99                86377             15676             15436             
  iter  value          gnorm          cnorm          ecnorm         flowcnorm      flow_cfl       identity       icnorm         snorm          #linesear  iterPDAS   flagPDAS   iterGMRES  resiGMRES      flagGMRES  feasible   n_active_  n_vmult           dRdW_form         dRdW_mult         dRdX_mult         d2R_mult          
  31    7.401870e-02   1.162179e-03   1.828923e-12   1.828923e-12   1.825358e-12   4.713885e+15   1.769549e-04   0.000000e+00   1.981887e-02   1          1          1          147        9.215918e-11   0          YES       22         317788            102               89620             16276             16028             
  iter  value          gnorm          cnorm          ecnorm         flowcnorm      flow_cfl       identity       icnorm         snorm          #linesear  iterPDAS   flagPDAS   iterGMRES  resiGMRES      flagGMRES  feasible   n_active_  n_vmult           dRdW_form         dRdW_mult         dRdX_mult         d2R_mult          
  32    7.401813e-02   1.123451e-03   1.754512e-12   1.754512e-12   1.750080e-12   5.086135e+15   1.350660e-04   0.000000e+00   1.037736e-02   1          1          1          148        6.677094e-11   0          YES       22         329525            105               92897             16880             16624             
  iter  value          gnorm          cnorm          ecnorm         flowcnorm      flow_cfl       identity       icnorm         snorm          #linesear  iterPDAS   flagPDAS   iterGMRES  resiGMRES      flagGMRES  feasible   n_active_  n_vmult           dRdW_form         dRdW_mult         dRdX_mult         d2R_mult          
  33    7.401746e-02   1.026226e-03   1.634213e-12   1.634213e-12   1.627885e-12   5.985953e+15   1.262143e-04   0.000000e+00   1.740926e-02   1          1          1          148        7.986564e-11   0          YES       23         341248            108               96160             17484             17220             
  iter  value          gnorm          cnorm          ecnorm         flowcnorm      flow_cfl       identity       icnorm         snorm          #linesear  iterPDAS   flagPDAS   iterGMRES  resiGMRES      flagGMRES  feasible   n_active_  n_vmult           dRdW_form         dRdW_mult         dRdX_mult         d2R_mult          
  34    7.401612e-02   8.120859e-04   1.330152e-12   1.330152e-12   1.330051e-12   9.258269e+15   1.053140e-04   0.000000e+00   2.764587e-02   1          1          1          134        7.897293e-11   0          YES       24         351914            111               99150             18032             17760             
  iter  value          gnorm          cnorm          ecnorm         flowcnorm      flow_cfl       identity       icnorm         snorm          #linesear  iterPDAS   flagPDAS   iterGMRES  resiGMRES      flagGMRES  feasible   n_active_  n_vmult           dRdW_form         dRdW_mult         dRdX_mult         d2R_mult          
  35    7.401227e-02   3.848097e-07   5.194083e-13   5.194083e-13   2.090135e-14   1.243311e+21   6.594836e-05   0.000000e+00   8.061205e-03   1          1          0          116        9.452326e-11   0          YES       24         361205            114               101773            18508             18228             
Optimization Terminated with Status: Converged
The process took 191.027 seconds to run.
Total n_vmult for algorithm 361205
