Starting optimization with 10 control variables...

Primal Dual Active Set Method

 Full-Space Newton Method
  iter  value          gnorm          cnorm          ecnorm         flowcnorm      flow_cfl       identity       icnorm         snorm          #linesear  iterPDAS   flagPDAS   iterGMRES  resiGMRES      flagGMRES  feasible   n_active_  n_vmult           dRdW_form         dRdW_mult         dRdX_mult         d2R_mult          
  0     9.481968e-02   1.456090e-01   
  iter  value          gnorm          cnorm          ecnorm         flowcnorm      flow_cfl       identity       icnorm         snorm          #linesear  iterPDAS   flagPDAS   iterGMRES  resiGMRES      flagGMRES  feasible   n_active_  n_vmult           dRdW_form         dRdW_mult         dRdX_mult         d2R_mult          
  1     8.265276e-02   9.194235e-02   7.438008e-05   7.438008e-05   2.048920e-12   5.308347e+13   2.120198e+00   0.000000e+00   2.257820e+01   1          1          0          201        9.344607e-11   0          YES       2          16497             13                4869              816               808               
  iter  value          gnorm          cnorm          ecnorm         flowcnorm      flow_cfl       identity       icnorm         snorm          #linesear  iterPDAS   flagPDAS   iterGMRES  resiGMRES      flagGMRES  feasible   n_active_  n_vmult           dRdW_form         dRdW_mult         dRdX_mult         d2R_mult          
  2     8.080300e-02   5.171355e-02   1.695741e-05   1.695741e-05   7.573034e-13   2.553440e+14   8.453395e-01   0.000000e+00   2.376900e+00   1          1          1          186        9.305475e-11   0          YES       3          31248             16                9032              1572              1556              
  iter  value          gnorm          cnorm          ecnorm         flowcnorm      flow_cfl       identity       icnorm         snorm          #linesear  iterPDAS   flagPDAS   iterGMRES  resiGMRES      flagGMRES  feasible   n_active_  n_vmult           dRdW_form         dRdW_mult         dRdX_mult         d2R_mult          
  3     7.989931e-02   2.873558e-02   3.634442e-13   3.634442e-13   3.634442e-13   9.575076e+14   2.674292e-01   0.000000e+00   4.039030e+00   1          1          1          181        9.465289e-11   0          YES       3          45633             19                13109             2308              2284              
  iter  value          gnorm          cnorm          ecnorm         flowcnorm      flow_cfl       identity       icnorm         snorm          #linesear  iterPDAS   flagPDAS   iterGMRES  resiGMRES      flagGMRES  feasible   n_active_  n_vmult           dRdW_form         dRdW_mult         dRdX_mult         d2R_mult          
  4     7.958229e-02   1.913125e-02   3.044261e-13   3.044261e-13   3.044261e-13   1.717017e+15   8.257336e-02   0.000000e+00   2.923734e+00   1          1          1          180        9.510752e-11   0          YES       4          59942             22                17166             3040              3008              
  iter  value          gnorm          cnorm          ecnorm         flowcnorm      flow_cfl       identity       icnorm         snorm          #linesear  iterPDAS   flagPDAS   iterGMRES  resiGMRES      flagGMRES  feasible   n_active_  n_vmult           dRdW_form         dRdW_mult         dRdX_mult         d2R_mult          
  5     7.948503e-02   1.367423e-02   2.720015e-13   2.720015e-13   2.720015e-13   2.688597e+15   3.660048e-02   0.000000e+00   5.672716e-01   1          1          1          184        9.534478e-11   0          YES       5          74527             25                21275             3788              3748              
  iter  value          gnorm          cnorm          ecnorm         flowcnorm      flow_cfl       identity       icnorm         snorm          #linesear  iterPDAS   flagPDAS   iterGMRES  resiGMRES      flagGMRES  feasible   n_active_  n_vmult           dRdW_form         dRdW_mult         dRdX_mult         d2R_mult          
  6     7.948273e-02   2.303025e-04   2.338484e-14   2.338484e-14   2.338484e-14   1.856808e+18   1.869846e-02   0.000000e+00   6.983607e-01   1          1          0          184        9.440650e-11   0          YES       5          89126             28                25398             4536              4488              
  iter  value          gnorm          cnorm          ecnorm         flowcnorm      flow_cfl       identity       icnorm         snorm          #linesear  iterPDAS   flagPDAS   iterGMRES  resiGMRES      flagGMRES  feasible   n_active_  n_vmult           dRdW_form         dRdW_mult         dRdX_mult         d2R_mult          
  7     7.948262e-02   7.176127e-06   2.747627e-16   2.747627e-16   2.747627e-16   5.071683e+21   5.303922e-06   0.000000e+00   1.482880e-02   1          1          0          158        8.912260e-11   0          YES       5          101742            31                28994             5180              5124              
Optimization Terminated with Status: Converged
The process took 251.619 seconds to run.
Total n_vmult for algorithm 101742
