Starting optimization with 10...

Primal Dual Active Set Method

 Reduced-Space  Quasi-Newton
  iter  value          gnorm          cnorm          ecnorm         flowcnorm      identity       icnorm         snorm          #linesear  iterPDAS   flagPDAS   iterGMRES  resiGMRES      flagGMRES  feasible   n_active_  n_vmult           dRdW_form         dRdW_mult         dRdX_mult         d2R_mult          
  0     9.645510e-02   1.765875e-01   
  iter  value          gnorm          cnorm          ecnorm         flowcnorm      identity       icnorm         snorm          #linesear  iterPDAS   flagPDAS   iterGMRES  resiGMRES      flagGMRES  feasible   n_active_  n_vmult           dRdW_form         dRdW_mult         dRdX_mult         d2R_mult          
  1     9.302754e-02   3.442360e-01   0.000000e+00   0.000000e+00   4.031267e-16   3.118316e+01   0.000000e+00   3.691632e+00   1          1          1          13         3.297620e-11   0          YES       1          3123              20                1939              112               0                 
  iter  value          gnorm          cnorm          ecnorm         flowcnorm      identity       icnorm         snorm          #linesear  iterPDAS   flagPDAS   iterGMRES  resiGMRES      flagGMRES  feasible   n_active_  n_vmult           dRdW_form         dRdW_mult         dRdX_mult         d2R_mult          
  2     9.231110e-02   2.884192e-01   2.914335e-16   2.914335e-16   3.667734e-16   1.184984e+02   0.000000e+00   3.634698e-01   1          1          0          13         9.366980e-11   0          YES       1          5403              29                3262              223               0                 
  iter  value          gnorm          cnorm          ecnorm         flowcnorm      identity       icnorm         snorm          #linesear  iterPDAS   flagPDAS   iterGMRES  resiGMRES      flagGMRES  feasible   n_active_  n_vmult           dRdW_form         dRdW_mult         dRdX_mult         d2R_mult          
  3     9.137583e-02   2.756694e-01   0.000000e+00   0.000000e+00   3.885652e-16   8.318563e+01   0.000000e+00   2.785550e-02   1          1          0          15         8.377890e-15   0          YES       1          7809              38                4627              346               0                 
  iter  value          gnorm          cnorm          ecnorm         flowcnorm      identity       icnorm         snorm          #linesear  iterPDAS   flagPDAS   iterGMRES  resiGMRES      flagGMRES  feasible   n_active_  n_vmult           dRdW_form         dRdW_mult         dRdX_mult         d2R_mult          
  4     9.044680e-02   2.623714e-01   0.000000e+00   0.000000e+00   4.195284e-16   7.599365e+01   0.000000e+00   2.374826e-02   1          1          0          15         5.601121e-15   0          YES       1          10159             47                5936              469               0                 
  iter  value          gnorm          cnorm          ecnorm         flowcnorm      identity       icnorm         snorm          #linesear  iterPDAS   flagPDAS   iterGMRES  resiGMRES      flagGMRES  feasible   n_active_  n_vmult           dRdW_form         dRdW_mult         dRdX_mult         d2R_mult          
  5     8.952430e-02   2.488416e-01   0.000000e+00   0.000000e+00   3.849790e-16   6.883876e+01   0.000000e+00   2.583740e-02   1          1          0          15         4.619833e-15   0          YES       1          12565             56                7301              592               0                 
  iter  value          gnorm          cnorm          ecnorm         flowcnorm      identity       icnorm         snorm          #linesear  iterPDAS   flagPDAS   iterGMRES  resiGMRES      flagGMRES  feasible   n_active_  n_vmult           dRdW_form         dRdW_mult         dRdX_mult         d2R_mult          
  6     8.861009e-02   2.338982e-01   1.387779e-17   1.387779e-17   5.596132e-16   6.192212e+01   0.000000e+00   2.517719e-02   1          1          0          15         5.655712e-14   0          YES       1          15111             65                8806              715               0                 
  iter  value          gnorm          cnorm          ecnorm         flowcnorm      identity       icnorm         snorm          #linesear  iterPDAS   flagPDAS   iterGMRES  resiGMRES      flagGMRES  feasible   n_active_  n_vmult           dRdW_form         dRdW_mult         dRdX_mult         d2R_mult          
  7     8.770701e-02   2.185973e-01   0.000000e+00   0.000000e+00   3.410286e-16   5.470836e+01   0.000000e+00   3.260013e-02   1          1          0          15         4.297587e-13   0          YES       1          17608             74                10262             838               0                 
  iter  value          gnorm          cnorm          ecnorm         flowcnorm      identity       icnorm         snorm          #linesear  iterPDAS   flagPDAS   iterGMRES  resiGMRES      flagGMRES  feasible   n_active_  n_vmult           dRdW_form         dRdW_mult         dRdX_mult         d2R_mult          
  8     8.681513e-02   2.024099e-01   0.000000e+00   0.000000e+00   3.261418e-16   4.778477e+01   0.000000e+00   3.030720e-02   1          1          0          15         1.137700e-12   0          YES       1          20154             83                11767             961               0                 
  iter  value          gnorm          cnorm          ecnorm         flowcnorm      identity       icnorm         snorm          #linesear  iterPDAS   flagPDAS   iterGMRES  resiGMRES      flagGMRES  feasible   n_active_  n_vmult           dRdW_form         dRdW_mult         dRdX_mult         d2R_mult          
  9     8.593844e-02   1.853188e-01   0.000000e+00   0.000000e+00   4.036863e-16   4.096977e+01   0.000000e+00   3.382698e-02   1          1          0          15         1.817362e-12   0          YES       1          22770             92                13342             1084              0                 
  iter  value          gnorm          cnorm          ecnorm         flowcnorm      identity       icnorm         snorm          #linesear  iterPDAS   flagPDAS   iterGMRES  resiGMRES      flagGMRES  feasible   n_active_  n_vmult           dRdW_form         dRdW_mult         dRdX_mult         d2R_mult          
  10    8.508079e-02   1.670808e-01   0.000000e+00   0.000000e+00   9.007306e-15   3.434307e+01   0.000000e+00   3.276538e-02   1          1          0          15         1.721164e-11   0          YES       1          25093             100               14644             1207              0                 
  iter  value          gnorm          cnorm          ecnorm         flowcnorm      identity       icnorm         snorm          #linesear  iterPDAS   flagPDAS   iterGMRES  resiGMRES      flagGMRES  feasible   n_active_  n_vmult           dRdW_form         dRdW_mult         dRdX_mult         d2R_mult          
  11    8.424888e-02   1.476877e-01   0.000000e+00   0.000000e+00   6.063832e-15   2.791600e+01   0.000000e+00   4.264382e-02   1          1          0          15         3.995306e-11   0          YES       1          27381             108               15911             1330              0                 
  iter  value          gnorm          cnorm          ecnorm         flowcnorm      identity       icnorm         snorm          #linesear  iterPDAS   flagPDAS   iterGMRES  resiGMRES      flagGMRES  feasible   n_active_  n_vmult           dRdW_form         dRdW_mult         dRdX_mult         d2R_mult          
  12    8.345028e-02   1.268556e-01   0.000000e+00   0.000000e+00   3.070319e-15   2.181166e+01   0.000000e+00   4.967863e-02   1          1          0          15         2.987531e-11   0          YES       1          29683             116               17192             1453              0                 
  iter  value          gnorm          cnorm          ecnorm         flowcnorm      identity       icnorm         snorm          #linesear  iterPDAS   flagPDAS   iterGMRES  resiGMRES      flagGMRES  feasible   n_active_  n_vmult           dRdW_form         dRdW_mult         dRdX_mult         d2R_mult          
  13    8.269622e-02   1.049823e-01   0.000000e+00   0.000000e+00   1.648200e-15   1.609233e+01   0.000000e+00   4.583286e-02   1          1          0          16         3.832811e-16   0          YES       1          32034             124               18480             1582              0                 
  iter  value          gnorm          cnorm          ecnorm         flowcnorm      identity       icnorm         snorm          #linesear  iterPDAS   flagPDAS   iterGMRES  resiGMRES      flagGMRES  feasible   n_active_  n_vmult           dRdW_form         dRdW_mult         dRdX_mult         d2R_mult          
  14    8.199705e-02   8.264370e-02   4.163336e-17   4.163336e-17   4.199743e-16   1.102129e+01   0.000000e+00   5.553080e-02   1          1          0          16         3.311367e-16   0          YES       1          34462             132               19845             1711              0                 
  iter  value          gnorm          cnorm          ecnorm         flowcnorm      identity       icnorm         snorm          #linesear  iterPDAS   flagPDAS   iterGMRES  resiGMRES      flagGMRES  feasible   n_active_  n_vmult           dRdW_form         dRdW_mult         dRdX_mult         d2R_mult          
  15    8.135356e-02   6.188130e-02   1.387779e-17   1.387779e-17   3.811836e-16   6.829980e+00   0.000000e+00   6.042218e-02   1          1          0          16         7.462519e-16   0          YES       1          36911             140               21231             1840              0                 
  iter  value          gnorm          cnorm          ecnorm         flowcnorm      identity       icnorm         snorm          #linesear  iterPDAS   flagPDAS   iterGMRES  resiGMRES      flagGMRES  feasible   n_active_  n_vmult           dRdW_form         dRdW_mult         dRdX_mult         d2R_mult          
  16    8.072952e-02   4.695843e-02   0.000000e+00   0.000000e+00   3.774300e-16   3.829295e+00   0.000000e+00   6.099092e-02   1          1          1          16         2.367560e-15   0          YES       2          39402             148               22659             1969              0                 
  iter  value          gnorm          cnorm          ecnorm         flowcnorm      identity       icnorm         snorm          #linesear  iterPDAS   flagPDAS   iterGMRES  resiGMRES      flagGMRES  feasible   n_active_  n_vmult           dRdW_form         dRdW_mult         dRdX_mult         d2R_mult          
  17    8.044221e-02   3.308257e-02   8.285039e-15   8.285039e-15   2.961157e-15   2.205095e+00   0.000000e+00   4.066260e-02   1          1          1          17         7.382588e-11   0          YES       3          41787             157               23919             2104              0                 
  iter  value          gnorm          cnorm          ecnorm         flowcnorm      identity       icnorm         snorm          #linesear  iterPDAS   flagPDAS   iterGMRES  resiGMRES      flagGMRES  feasible   n_active_  n_vmult           dRdW_form         dRdW_mult         dRdX_mult         d2R_mult          
  18    8.016535e-02   1.996928e-02   0.000000e+00   0.000000e+00   7.514903e-15   1.094456e+00   0.000000e+00   7.963003e-02   1          1          0          19         3.404723e-12   0          YES       3          44229             165               25172             2251              0                 
  iter  value          gnorm          cnorm          ecnorm         flowcnorm      identity       icnorm         snorm          #linesear  iterPDAS   flagPDAS   iterGMRES  resiGMRES      flagGMRES  feasible   n_active_  n_vmult           dRdW_form         dRdW_mult         dRdX_mult         d2R_mult          
  19    7.994788e-02   2.006254e-02   0.000000e+00   0.000000e+00   3.214222e-16   3.987721e-01   0.000000e+00   1.035480e-01   1          1          1          20         1.427998e-17   0          YES       3          46852             174               26544             2404              0                 
  iter  value          gnorm          cnorm          ecnorm         flowcnorm      identity       icnorm         snorm          #linesear  iterPDAS   flagPDAS   iterGMRES  resiGMRES      flagGMRES  feasible   n_active_  n_vmult           dRdW_form         dRdW_mult         dRdX_mult         d2R_mult          
  20    7.968642e-02   1.846174e-02   0.000000e+00   0.000000e+00   3.681234e-16   4.025056e-01   0.000000e+00   4.781354e-02   1          1          0          21         9.518933e-18   0          YES       3          49537             184               27916             2563              0                 
  iter  value          gnorm          cnorm          ecnorm         flowcnorm      identity       icnorm         snorm          #linesear  iterPDAS   flagPDAS   iterGMRES  resiGMRES      flagGMRES  feasible   n_active_  n_vmult           dRdW_form         dRdW_mult         dRdX_mult         d2R_mult          
  21    7.951729e-02   1.505329e-02   0.000000e+00   0.000000e+00   3.903911e-16   3.408358e-01   0.000000e+00   2.009746e-02   1          1          1          21         5.054107e-18   0          YES       4          52091             192               29197             2722              0                 
  iter  value          gnorm          cnorm          ecnorm         flowcnorm      identity       icnorm         snorm          #linesear  iterPDAS   flagPDAS   iterGMRES  resiGMRES      flagGMRES  feasible   n_active_  n_vmult           dRdW_form         dRdW_mult         dRdX_mult         d2R_mult          
  22    7.946477e-02   1.665977e-02   0.000000e+00   0.000000e+00   7.626091e-16   2.266014e-01   0.000000e+00   1.823915e-02   1          1          1          22         1.492838e-17   0          YES       5          54744             199               30555             2887              0                 
  iter  value          gnorm          cnorm          ecnorm         flowcnorm      identity       icnorm         snorm          #linesear  iterPDAS   flagPDAS   iterGMRES  resiGMRES      flagGMRES  feasible   n_active_  n_vmult           dRdW_form         dRdW_mult         dRdX_mult         d2R_mult          
  23    7.933756e-02   8.492843e-03   1.387779e-17   1.387779e-17   4.407510e-16   2.775479e-01   0.000000e+00   2.832855e-02   1          1          0          23         1.700437e-17   0          YES       5          57501             207               31955             3058              0                 
  iter  value          gnorm          cnorm          ecnorm         flowcnorm      identity       icnorm         snorm          #linesear  iterPDAS   flagPDAS   iterGMRES  resiGMRES      flagGMRES  feasible   n_active_  n_vmult           dRdW_form         dRdW_mult         dRdX_mult         d2R_mult          
  24    7.929805e-02   5.242860e-03   0.000000e+00   0.000000e+00   1.513632e-15   7.212839e-02   0.000000e+00   3.683988e-02   1          1          1          23         1.447729e-17   0          YES       6          60203             214               33320             3229              0                 
  iter  value          gnorm          cnorm          ecnorm         flowcnorm      identity       icnorm         snorm          #linesear  iterPDAS   flagPDAS   iterGMRES  resiGMRES      flagGMRES  feasible   n_active_  n_vmult           dRdW_form         dRdW_mult         dRdX_mult         d2R_mult          
  25    7.929577e-02   1.691566e-03   0.000000e+00   0.000000e+00   3.522923e-15   2.748758e-02   0.000000e+00   8.187074e-03   1          1          0          24         2.538827e-18   0          YES       6          62849             221               34587             3406              0                 
  iter  value          gnorm          cnorm          ecnorm         flowcnorm      identity       icnorm         snorm          #linesear  iterPDAS   flagPDAS   iterGMRES  resiGMRES      flagGMRES  feasible   n_active_  n_vmult           dRdW_form         dRdW_mult         dRdX_mult         d2R_mult          
  26    7.929531e-02   2.456443e-04   1.387779e-17   1.387779e-17   3.705768e-16   2.861396e-03   0.000000e+00   9.441253e-03   1          1          0          24         1.456643e-18   0          YES       6          65697             229               36036             3583              0                 
  iter  value          gnorm          cnorm          ecnorm         flowcnorm      identity       icnorm         snorm          #linesear  iterPDAS   flagPDAS   iterGMRES  resiGMRES      flagGMRES  feasible   n_active_  n_vmult           dRdW_form         dRdW_mult         dRdX_mult         d2R_mult          
  27    7.929530e-02   1.054078e-04   1.387779e-17   1.387779e-17   6.350064e-16   6.034114e-05   0.000000e+00   5.024958e-04   1          1          0          24         1.448877e-19   0          YES       6          68526             235               37506             3760              0                 
  iter  value          gnorm          cnorm          ecnorm         flowcnorm      identity       icnorm         snorm          #linesear  iterPDAS   flagPDAS   iterGMRES  resiGMRES      flagGMRES  feasible   n_active_  n_vmult           dRdW_form         dRdW_mult         dRdX_mult         d2R_mult          
  28    7.929530e-02   1.381006e-05   0.000000e+00   0.000000e+00   4.244720e-15   1.111080e-05   0.000000e+00   1.748374e-04   1          1          0          24         4.496321e-20   0          YES       6          71424             242               39025             3937              0                 
  iter  value          gnorm          cnorm          ecnorm         flowcnorm      identity       icnorm         snorm          #linesear  iterPDAS   flagPDAS   iterGMRES  resiGMRES      flagGMRES  feasible   n_active_  n_vmult           dRdW_form         dRdW_mult         dRdX_mult         d2R_mult          
  29    7.929530e-02   1.888507e-06   0.000000e+00   0.000000e+00   6.468429e-15   1.907177e-07   0.000000e+00   1.562555e-05   1          1          0          24         6.740531e-21   0          YES       6          74517             250               40719             4114              0                 
Optimization Terminated with Status: Converged
The process took 115.804 seconds to run.
Total n_vmult for algorithm 74517
