Starting optimization with 20 control variables...

Primal Dual Active Set Method

 Full-Space Newton Method
  iter  value          gnorm          cnorm          ecnorm         flowcnorm      flow_cfl       identity       icnorm         snorm          #linesear  iterPDAS   flagPDAS   iterGMRES  resiGMRES      flagGMRES  feasible   n_active_  n_vmult           dRdW_form         dRdW_mult         dRdX_mult         d2R_mult          
  0     9.481968e-02   1.814546e-01   
  iter  value          gnorm          cnorm          ecnorm         flowcnorm      flow_cfl       identity       icnorm         snorm          #linesear  iterPDAS   flagPDAS   iterGMRES  resiGMRES      flagGMRES  feasible   n_active_  n_vmult           dRdW_form         dRdW_mult         dRdX_mult         d2R_mult          
  1     8.115215e-02   1.418407e-01   2.038973e-05   2.038973e-05   1.969932e-12   3.578885e+13   3.292577e+00   0.000000e+00   2.266728e+01   1          1          1          216        9.518526e-11   0          YES       1          17637             13                5169              876               868               
  iter  value          gnorm          cnorm          ecnorm         flowcnorm      flow_cfl       identity       icnorm         snorm          #linesear  iterPDAS   flagPDAS   iterGMRES  resiGMRES      flagGMRES  feasible   n_active_  n_vmult           dRdW_form         dRdW_mult         dRdX_mult         d2R_mult          
  2     8.115215e-02   1.220422e-01   2.038973e-05   2.038973e-05   1.969932e-12   4.159477e+13   2.011879e+00   0.000000e+00   1.808775e+00   1          1          1          203        8.722806e-11   0          YES       2          33659             16                9651              1700              1684              
  iter  value          gnorm          cnorm          ecnorm         flowcnorm      flow_cfl       identity       icnorm         snorm          #linesear  iterPDAS   flagPDAS   iterGMRES  resiGMRES      flagGMRES  feasible   n_active_  n_vmult           dRdW_form         dRdW_mult         dRdX_mult         d2R_mult          
  3     7.711835e-02   6.530840e-02   3.961072e-13   3.961072e-13   3.689202e-13   4.150482e+14   1.489430e+00   0.000000e+00   2.409134e+00   1          1          0          189        9.218918e-11   0          YES       1          48631             19                13867             2468              2444              
  iter  value          gnorm          cnorm          ecnorm         flowcnorm      flow_cfl       identity       icnorm         snorm          #linesear  iterPDAS   flagPDAS   iterGMRES  resiGMRES      flagGMRES  feasible   n_active_  n_vmult           dRdW_form         dRdW_mult         dRdX_mult         d2R_mult          
  4     7.710387e-02   4.723282e-02   5.285006e-10   5.285006e-10   3.673264e-13   5.763733e+14   4.265187e-01   0.000000e+00   1.818338e+00   1          1          1          200        9.525371e-11   0          YES       2          64467             22                18331             3280              3248              
  iter  value          gnorm          cnorm          ecnorm         flowcnorm      flow_cfl       identity       icnorm         snorm          #linesear  iterPDAS   flagPDAS   iterGMRES  resiGMRES      flagGMRES  feasible   n_active_  n_vmult           dRdW_form         dRdW_mult         dRdX_mult         d2R_mult          
  5     7.668300e-02   4.184831e-02   3.897928e-13   3.897928e-13   3.326731e-13   7.182977e+14   2.230940e-01   0.000000e+00   1.074346e+00   1          1          1          189        9.861135e-11   0          YES       3          79446             25                22554             4048              4008              
  iter  value          gnorm          cnorm          ecnorm         flowcnorm      flow_cfl       identity       icnorm         snorm          #linesear  iterPDAS   flagPDAS   iterGMRES  resiGMRES      flagGMRES  feasible   n_active_  n_vmult           dRdW_form         dRdW_mult         dRdX_mult         d2R_mult          
  6     7.584650e-02   2.662310e-02   5.639235e-07   5.639235e-07   2.287341e-13   1.642141e+15   1.751281e-01   0.000000e+00   2.402010e+00   1          1          1          185        9.194491e-11   0          YES       2          94093             28                26669             4800              4752              
  iter  value          gnorm          cnorm          ecnorm         flowcnorm      flow_cfl       identity       icnorm         snorm          #linesear  iterPDAS   flagPDAS   iterGMRES  resiGMRES      flagGMRES  feasible   n_active_  n_vmult           dRdW_form         dRdW_mult         dRdX_mult         d2R_mult          
  7     7.560830e-02   1.979575e-02   1.879627e-13   1.879627e-13   1.879627e-13   2.687549e+15   7.087896e-02   0.000000e+00   1.226298e+00   1          1          1          194        8.383953e-11   0          YES       3          109459            31                30999             5588              5532              
  iter  value          gnorm          cnorm          ecnorm         flowcnorm      flow_cfl       identity       icnorm         snorm          #linesear  iterPDAS   flagPDAS   iterGMRES  resiGMRES      flagGMRES  feasible   n_active_  n_vmult           dRdW_form         dRdW_mult         dRdX_mult         d2R_mult          
  8     7.545667e-02   1.451969e-02   1.543188e-13   1.543188e-13   1.543188e-13   4.462968e+15   3.918717e-02   0.000000e+00   4.642566e-01   1          1          1          210        9.260957e-11   0          YES       4          126013            34                35621             6440              6376              
  iter  value          gnorm          cnorm          ecnorm         flowcnorm      flow_cfl       identity       icnorm         snorm          #linesear  iterPDAS   flagPDAS   iterGMRES  resiGMRES      flagGMRES  feasible   n_active_  n_vmult           dRdW_form         dRdW_mult         dRdX_mult         d2R_mult          
  9     7.535785e-02   1.280122e-02   1.334481e-13   1.334481e-13   1.334481e-13   5.853779e+15   2.108215e-02   0.000000e+00   1.531014e-01   1          1          1          224        9.116214e-11   0          YES       4          143645            37                40537             7348              7276              
  iter  value          gnorm          cnorm          ecnorm         flowcnorm      flow_cfl       identity       icnorm         snorm          #linesear  iterPDAS   flagPDAS   iterGMRES  resiGMRES      flagGMRES  feasible   n_active_  n_vmult           dRdW_form         dRdW_mult         dRdX_mult         d2R_mult          
  10    7.534635e-02   1.155016e-02   1.253057e-13   1.253057e-13   1.253057e-13   6.909415e+15   1.638712e-02   0.000000e+00   4.853320e-01   1          1          1          233        9.969695e-11   0          YES       5          161954            40                45626             8292              8212              
  iter  value          gnorm          cnorm          ecnorm         flowcnorm      flow_cfl       identity       icnorm         snorm          #linesear  iterPDAS   flagPDAS   iterGMRES  resiGMRES      flagGMRES  feasible   n_active_  n_vmult           dRdW_form         dRdW_mult         dRdX_mult         d2R_mult          
  11    7.526875e-02   4.580262e-04   1.300826e-14   1.300826e-14   1.300826e-14   1.678380e+18   1.334062e-02   0.000000e+00   3.351001e-01   1          1          0          237        9.670819e-11   0          YES       5          180546            43                50774             9252              9164              
  iter  value          gnorm          cnorm          ecnorm         flowcnorm      flow_cfl       identity       icnorm         snorm          #linesear  iterPDAS   flagPDAS   iterGMRES  resiGMRES      flagGMRES  feasible   n_active_  n_vmult           dRdW_form         dRdW_mult         dRdX_mult         d2R_mult          
  12    7.526327e-02   1.980969e-03   1.078472e-14   1.078472e-14   1.078472e-14   4.680729e+17   2.097880e-05   0.000000e+00   1.552358e-01   1          1          1          432        9.446650e-11   0          YES       6          214037            46                59859             10994             10900             
  iter  value          gnorm          cnorm          ecnorm         flowcnorm      flow_cfl       identity       icnorm         snorm          #linesear  iterPDAS   flagPDAS   iterGMRES  resiGMRES      flagGMRES  feasible   n_active_  n_vmult           dRdW_form         dRdW_mult         dRdX_mult         d2R_mult          
  13    7.526209e-02   1.130715e-03   9.578430e-15   9.578430e-15   9.578430e-15   9.233207e+17   3.924239e-04   0.000000e+00   6.566034e-02   1          1          1          299        9.849501e-11   0          YES       7          237406            49                66270             12204             12104             
  iter  value          gnorm          cnorm          ecnorm         flowcnorm      flow_cfl       identity       icnorm         snorm          #linesear  iterPDAS   flagPDAS   iterGMRES  resiGMRES      flagGMRES  feasible   n_active_  n_vmult           dRdW_form         dRdW_mult         dRdX_mult         d2R_mult          
  14    7.526203e-02   1.359583e-03   9.525431e-15   9.525431e-15   9.525431e-15   7.721643e+17   1.278516e-04   0.000000e+00   2.219180e-02   1          1          1          247        9.063923e-11   0          YES       8          256786            52                71646             13204             13096             
  iter  value          gnorm          cnorm          ecnorm         flowcnorm      flow_cfl       identity       icnorm         snorm          #linesear  iterPDAS   flagPDAS   iterGMRES  resiGMRES      flagGMRES  feasible   n_active_  n_vmult           dRdW_form         dRdW_mult         dRdX_mult         d2R_mult          
  15    7.526167e-02   2.081740e-04   2.302104e-15   2.302104e-15   2.302104e-15   2.086646e+19   1.848465e-04   0.000000e+00   9.436021e-02   1          1          1          213        8.590066e-11   0          YES       7          273568            55                76328             14068             13952             
  iter  value          gnorm          cnorm          ecnorm         flowcnorm      flow_cfl       identity       icnorm         snorm          #linesear  iterPDAS   flagPDAS   iterGMRES  resiGMRES      flagGMRES  feasible   n_active_  n_vmult           dRdW_form         dRdW_mult         dRdX_mult         d2R_mult          
  16    7.526129e-02   7.988397e-06   2.327723e-13   2.327723e-13   2.672378e-16   4.684276e+21   4.333639e-06   0.000000e+00   1.872286e-02   1          1          0          211        9.834524e-11   0          YES       7          290205            58                80977             14924             14800             
Optimization Terminated with Status: Converged
The process took 587.279 seconds to run.
Total n_vmult for algorithm 290205
