Starting optimization with 20 control variables...

Primal Dual Active Set Method

 Full-Space Newton Method
  iter  value          gnorm          cnorm          ecnorm         flowcnorm      flow_cfl       identity       icnorm         snorm          #linesear  iterPDAS   flagPDAS   iterGMRES  resiGMRES      flagGMRES  feasible   n_active_  n_vmult           dRdW_form         dRdW_mult         dRdX_mult         d2R_mult          
  0     1.031530e-01   1.968948e-01   
  iter  value          gnorm          cnorm          ecnorm         flowcnorm      flow_cfl       identity       icnorm         snorm          #linesear  iterPDAS   flagPDAS   iterGMRES  resiGMRES      flagGMRES  feasible   n_active_  n_vmult           dRdW_form         dRdW_mult         dRdX_mult         d2R_mult          
  1     8.778390e-02   1.936023e-01   6.656591e-12   6.656591e-12   6.656591e-12   7.759571e+12   3.876755e+00   0.000000e+00   1.183182e+01   1          1          1          132        8.350178e-11   0          YES       1          11002             12                3258              540               532               
  iter  value          gnorm          cnorm          ecnorm         flowcnorm      flow_cfl       identity       icnorm         snorm          #linesear  iterPDAS   flagPDAS   iterGMRES  resiGMRES      flagGMRES  feasible   n_active_  n_vmult           dRdW_form         dRdW_mult         dRdX_mult         d2R_mult          
  2     8.431411e-02   1.032025e-01   6.850147e-13   6.850147e-13   6.774217e-13   1.430377e+14   3.748183e+00   0.000000e+00   5.556247e+00   1          1          0          116        9.701842e-11   0          YES       1          20293             15                5881              1016              1000              
  iter  value          gnorm          cnorm          ecnorm         flowcnorm      flow_cfl       identity       icnorm         snorm          #linesear  iterPDAS   flagPDAS   iterGMRES  resiGMRES      flagGMRES  feasible   n_active_  n_vmult           dRdW_form         dRdW_mult         dRdX_mult         d2R_mult          
  3     8.152231e-02   5.049041e-02   8.542021e-13   8.542021e-13   8.542021e-13   2.318625e+14   1.065076e+00   0.000000e+00   1.014400e+00   1          1          1          110        8.650428e-11   0          YES       2          29107             18                8363              1468              1444              
  iter  value          gnorm          cnorm          ecnorm         flowcnorm      flow_cfl       identity       icnorm         snorm          #linesear  iterPDAS   flagPDAS   iterGMRES  resiGMRES      flagGMRES  feasible   n_active_  n_vmult           dRdW_form         dRdW_mult         dRdX_mult         d2R_mult          
  4     8.137656e-02   3.213370e-02   8.012863e-13   8.012863e-13   8.012863e-13   3.883752e+14   2.549282e-01   0.000000e+00   3.618585e-01   1          1          1          110        7.596617e-11   0          YES       3          37942             21                10866             1920              1888              
  iter  value          gnorm          cnorm          ecnorm         flowcnorm      flow_cfl       identity       icnorm         snorm          #linesear  iterPDAS   flagPDAS   iterGMRES  resiGMRES      flagGMRES  feasible   n_active_  n_vmult           dRdW_form         dRdW_mult         dRdX_mult         d2R_mult          
  5     8.126654e-02   2.885721e-02   7.662446e-13   7.662446e-13   7.662438e-13   4.522501e+14   1.032575e-01   0.000000e+00   1.867351e-01   1          1          1          109        7.996710e-11   0          YES       3          46701             24                13349             2368              2328              
  iter  value          gnorm          cnorm          ecnorm         flowcnorm      flow_cfl       identity       icnorm         snorm          #linesear  iterPDAS   flagPDAS   iterGMRES  resiGMRES      flagGMRES  feasible   n_active_  n_vmult           dRdW_form         dRdW_mult         dRdX_mult         d2R_mult          
  6     8.093376e-02   2.165566e-02   6.105511e-13   6.105511e-13   6.105511e-13   7.563216e+14   8.327385e-02   0.000000e+00   3.205636e-01   1          1          1          113        8.786806e-11   0          YES       4          55757             27                15905             2832              2784              
  iter  value          gnorm          cnorm          ecnorm         flowcnorm      flow_cfl       identity       icnorm         snorm          #linesear  iterPDAS   flagPDAS   iterGMRES  resiGMRES      flagGMRES  feasible   n_active_  n_vmult           dRdW_form         dRdW_mult         dRdX_mult         d2R_mult          
  7     8.081909e-02   1.809105e-02   5.398268e-13   5.398268e-13   5.398268e-13   1.023957e+15   4.689677e-02   0.000000e+00   1.664715e-01   1          1          1          128        9.520529e-11   0          YES       5          65981             30                18789             3356              3300              
  iter  value          gnorm          cnorm          ecnorm         flowcnorm      flow_cfl       identity       icnorm         snorm          #linesear  iterPDAS   flagPDAS   iterGMRES  resiGMRES      flagGMRES  feasible   n_active_  n_vmult           dRdW_form         dRdW_mult         dRdX_mult         d2R_mult          
  8     8.081043e-02   1.720454e-02   5.339674e-13   5.339674e-13   5.339674e-13   1.088535e+15   3.272861e-02   0.000000e+00   9.497321e-02   1          1          1          136        8.488747e-11   0          YES       5          76792             33                21812             3912              3848              
  iter  value          gnorm          cnorm          ecnorm         flowcnorm      flow_cfl       identity       icnorm         snorm          #linesear  iterPDAS   flagPDAS   iterGMRES  resiGMRES      flagGMRES  feasible   n_active_  n_vmult           dRdW_form         dRdW_mult         dRdX_mult         d2R_mult          
  9     8.068161e-02   1.265895e-03   5.677479e-14   5.677479e-14   5.589603e-14   1.413258e+17   2.959962e-02   0.000000e+00   2.990626e-01   1          1          0          135        7.975899e-11   0          YES       5          87541             36                24829             4464              4392              
  iter  value          gnorm          cnorm          ecnorm         flowcnorm      flow_cfl       identity       icnorm         snorm          #linesear  iterPDAS   flagPDAS   iterGMRES  resiGMRES      flagGMRES  feasible   n_active_  n_vmult           dRdW_form         dRdW_mult         dRdX_mult         d2R_mult          
  10    8.066074e-02   6.345109e-03   5.118917e-14   5.118917e-14   5.118917e-14   3.078809e+16   1.602490e-04   0.000000e+00   1.236053e-01   1          1          1          178        8.030629e-11   0          YES       6          101544            39                28692             5188              5108              
  iter  value          gnorm          cnorm          ecnorm         flowcnorm      flow_cfl       identity       icnorm         snorm          #linesear  iterPDAS   flagPDAS   iterGMRES  resiGMRES      flagGMRES  feasible   n_active_  n_vmult           dRdW_form         dRdW_mult         dRdX_mult         d2R_mult          
  11    8.064164e-02   1.621731e-03   3.330801e-14   3.330801e-14   3.330801e-14   1.851281e+17   4.026041e-03   0.000000e+00   1.263260e-01   1          1          1          161        7.731890e-11   0          YES       7          114255            42                32215             5844              5756              
  iter  value          gnorm          cnorm          ecnorm         flowcnorm      flow_cfl       identity       icnorm         snorm          #linesear  iterPDAS   flagPDAS   iterGMRES  resiGMRES      flagGMRES  feasible   n_active_  n_vmult           dRdW_form         dRdW_mult         dRdX_mult         d2R_mult          
  12    8.063481e-02   2.248681e-03   2.671740e-14   2.671740e-14   2.671740e-14   1.664477e+17   2.630013e-04   0.000000e+00   4.327136e-02   1          1          1          155        8.795014e-11   0          YES       7          126517            45                35625             6476              6380              
  iter  value          gnorm          cnorm          ecnorm         flowcnorm      flow_cfl       identity       icnorm         snorm          #linesear  iterPDAS   flagPDAS   iterGMRES  resiGMRES      flagGMRES  feasible   n_active_  n_vmult           dRdW_form         dRdW_mult         dRdX_mult         d2R_mult          
  13    8.063459e-02   1.869715e-03   2.636083e-14   2.636083e-14   2.636083e-14   2.028923e+17   5.056567e-04   0.000000e+00   2.054954e-02   1          1          1          145        8.781293e-11   0          YES       8          138012            48                38828             7068              6964              
  iter  value          gnorm          cnorm          ecnorm         flowcnorm      flow_cfl       identity       icnorm         snorm          #linesear  iterPDAS   flagPDAS   iterGMRES  resiGMRES      flagGMRES  feasible   n_active_  n_vmult           dRdW_form         dRdW_mult         dRdX_mult         d2R_mult          
  14    8.063114e-02   1.111101e-03   1.787088e-14   1.787088e-14   1.787088e-14   5.036174e+17   3.495833e-04   0.000000e+00   2.609915e-02   1          1          1          126        7.899347e-11   0          YES       8          148063            51                41651             7584              7472              
  iter  value          gnorm          cnorm          ecnorm         flowcnorm      flow_cfl       identity       icnorm         snorm          #linesear  iterPDAS   flagPDAS   iterGMRES  resiGMRES      flagGMRES  feasible   n_active_  n_vmult           dRdW_form         dRdW_mult         dRdX_mult         d2R_mult          
  15    8.063181e-02   2.411150e-04   4.885431e-15   4.885431e-15   4.885431e-15   8.489321e+18   1.234545e-04   0.000000e+00   2.559871e-02   1          1          1          115        9.268751e-11   0          YES       8          157285            54                44261             8056              7936              
  iter  value          gnorm          cnorm          ecnorm         flowcnorm      flow_cfl       identity       icnorm         snorm          #linesear  iterPDAS   flagPDAS   iterGMRES  resiGMRES      flagGMRES  feasible   n_active_  n_vmult           dRdW_form         dRdW_mult         dRdX_mult         d2R_mult          
  16    8.063183e-02   1.262234e-05   8.290684e-16   8.290684e-16   8.290684e-16   9.555858e+20   5.813643e-06   0.000000e+00   2.275218e-02   1          1          0          114        8.261061e-11   0          YES       8          166417            57                46837             8524              8396              
  iter  value          gnorm          cnorm          ecnorm         flowcnorm      flow_cfl       identity       icnorm         snorm          #linesear  iterPDAS   flagPDAS   iterGMRES  resiGMRES      flagGMRES  feasible   n_active_  n_vmult           dRdW_form         dRdW_mult         dRdX_mult         d2R_mult          
  17    8.063188e-02   1.470412e-09   9.244228e-14   9.244228e-14   6.573309e-16   1.034611e+25   1.593235e-08   0.000000e+00   8.266502e-05   1          1          0          103        9.748261e-11   0          YES       8          174699            60                49179             8948              8812              
Optimization Terminated with Status: Converged
The process took 221.094 seconds to run.
Total n_vmult for algorithm 174699
