Starting optimization with 10...

Primal Dual Active Set Method

 Reduced-Space  Quasi-Newton
  iter  value          gnorm          cnorm          ecnorm         flowcnorm      identity       icnorm         snorm          #linesear  iterPDAS   flagPDAS   iterGMRES  resiGMRES      flagGMRES  feasible   n_active_  n_vmult           dRdW_form         dRdW_mult         dRdX_mult         d2R_mult          
  0     9.481968e-02   1.751801e-01   
  iter  value          gnorm          cnorm          ecnorm         flowcnorm      identity       icnorm         snorm          #linesear  iterPDAS   flagPDAS   iterGMRES  resiGMRES      flagGMRES  feasible   n_active_  n_vmult           dRdW_form         dRdW_mult         dRdX_mult         d2R_mult          
  1     9.151898e-02   3.184246e-01   1.205264e-05   1.205264e-05   1.180135e-15   3.068808e+01   0.000000e+00   3.149211e+00   1          1          1          13         1.719472e-11   0          YES       1          4096              20                2912              112               0                 
  iter  value          gnorm          cnorm          ecnorm         flowcnorm      identity       icnorm         snorm          #linesear  iterPDAS   flagPDAS   iterGMRES  resiGMRES      flagGMRES  feasible   n_active_  n_vmult           dRdW_form         dRdW_mult         dRdX_mult         d2R_mult          
  2     9.151898e-02   2.797971e-01   1.205264e-05   1.205264e-05   1.180135e-15   1.013942e+02   0.000000e+00   2.968715e-01   2          1          1          13         2.467809e-11   0          YES       2          6265              21                4284              223               0                 
  iter  value          gnorm          cnorm          ecnorm         flowcnorm      identity       icnorm         snorm          #linesear  iterPDAS   flagPDAS   iterGMRES  resiGMRES      flagGMRES  feasible   n_active_  n_vmult           dRdW_form         dRdW_mult         dRdX_mult         d2R_mult          
  3     9.059474e-02   2.647557e-01   7.463531e-06   7.463531e-06   2.915316e-16   7.828641e+01   0.000000e+00   9.174251e-03   1          1          0          15         1.317341e-15   0          YES       2          9344              29                6342              346               0                 
  iter  value          gnorm          cnorm          ecnorm         flowcnorm      identity       icnorm         snorm          #linesear  iterPDAS   flagPDAS   iterGMRES  resiGMRES      flagGMRES  feasible   n_active_  n_vmult           dRdW_form         dRdW_mult         dRdX_mult         d2R_mult          
  4     8.968141e-02   2.491116e-01   7.957019e-06   7.957019e-06   2.682927e-16   7.009556e+01   0.000000e+00   2.864250e-02   1          1          0          16         1.739366e-15   0          YES       2          12500             37                8435              475               0                 
  iter  value          gnorm          cnorm          ecnorm         flowcnorm      identity       icnorm         snorm          #linesear  iterPDAS   flagPDAS   iterGMRES  resiGMRES      flagGMRES  feasible   n_active_  n_vmult           dRdW_form         dRdW_mult         dRdX_mult         d2R_mult          
  5     8.877798e-02   2.326775e-01   8.879892e-06   8.879892e-06   2.459096e-16   6.205658e+01   0.000000e+00   2.869167e-02   1          1          0          16         8.400490e-14   0          YES       2          15614             45                10486             604               0                 
  iter  value          gnorm          cnorm          ecnorm         flowcnorm      identity       icnorm         snorm          #linesear  iterPDAS   flagPDAS   iterGMRES  resiGMRES      flagGMRES  feasible   n_active_  n_vmult           dRdW_form         dRdW_mult         dRdX_mult         d2R_mult          
  6     8.788671e-02   2.153504e-01   9.966110e-06   9.966110e-06   2.214281e-16   5.413883e+01   0.000000e+00   3.047068e-02   1          1          0          16         2.286977e-12   0          YES       2          18707             53                12516             733               0                 
  iter  value          gnorm          cnorm          ecnorm         flowcnorm      identity       icnorm         snorm          #linesear  iterPDAS   flagPDAS   iterGMRES  resiGMRES      flagGMRES  feasible   n_active_  n_vmult           dRdW_form         dRdW_mult         dRdX_mult         d2R_mult          
  7     8.701056e-02   1.970254e-01   1.129930e-05   1.129930e-05   2.015248e-16   4.637578e+01   0.000000e+00   3.257393e-02   1          1          0          16         1.551201e-11   0          YES       2          21800             61                14546             862               0                 
  iter  value          gnorm          cnorm          ecnorm         flowcnorm      identity       icnorm         snorm          #linesear  iterPDAS   flagPDAS   iterGMRES  resiGMRES      flagGMRES  feasible   n_active_  n_vmult           dRdW_form         dRdW_mult         dRdX_mult         d2R_mult          
  8     8.615352e-02   1.775977e-01   1.288973e-05   1.288973e-05   9.041839e-17   3.881900e+01   0.000000e+00   3.503216e-02   1          1          0          16         5.724961e-11   0          YES       2          24935             69                16618             991               0                 
  iter  value          gnorm          cnorm          ecnorm         flowcnorm      identity       icnorm         snorm          #linesear  iterPDAS   flagPDAS   iterGMRES  resiGMRES      flagGMRES  feasible   n_active_  n_vmult           dRdW_form         dRdW_mult         dRdX_mult         d2R_mult          
  9     8.532100e-02   1.569818e-01   1.485978e-05   1.485978e-05   7.853860e-17   3.154094e+01   0.000000e+00   3.790565e-02   1          1          0          17         1.965311e-15   0          YES       2          28140             77                18718             1126              0                 
  iter  value          gnorm          cnorm          ecnorm         flowcnorm      identity       icnorm         snorm          #linesear  iterPDAS   flagPDAS   iterGMRES  resiGMRES      flagGMRES  feasible   n_active_  n_vmult           dRdW_form         dRdW_mult         dRdX_mult         d2R_mult          
  10    8.452016e-02   1.351833e-01   1.710503e-05   1.710503e-05   7.974924e-17   2.464329e+01   0.000000e+00   4.127204e-02   1          1          0          17         2.169485e-16   0          YES       2          31296             85                20769             1261              0                 
  iter  value          gnorm          cnorm          ecnorm         flowcnorm      identity       icnorm         snorm          #linesear  iterPDAS   flagPDAS   iterGMRES  resiGMRES      flagGMRES  feasible   n_active_  n_vmult           dRdW_form         dRdW_mult         dRdX_mult         d2R_mult          
  11    8.375958e-02   1.124677e-01   1.958593e-05   1.958593e-05   8.052403e-17   1.827453e+01   0.000000e+00   4.504255e-02   1          1          0          16         5.049302e-11   0          YES       2          34473             93                22883             1390              0                 
  iter  value          gnorm          cnorm          ecnorm         flowcnorm      identity       icnorm         snorm          #linesear  iterPDAS   flagPDAS   iterGMRES  resiGMRES      flagGMRES  feasible   n_active_  n_vmult           dRdW_form         dRdW_mult         dRdX_mult         d2R_mult          
  12    8.304594e-02   8.977500e-02   2.149753e-05   2.149753e-05   7.906799e-17   1.264899e+01   0.000000e+00   4.880886e-02   1          1          0          17         6.461298e-16   0          YES       2          37706             101               25011             1525              0                 
  iter  value          gnorm          cnorm          ecnorm         flowcnorm      identity       icnorm         snorm          #linesear  iterPDAS   flagPDAS   iterGMRES  resiGMRES      flagGMRES  feasible   n_active_  n_vmult           dRdW_form         dRdW_mult         dRdX_mult         d2R_mult          
  13    8.237140e-02   6.939308e-02   2.085266e-05   2.085266e-05   9.568721e-15   8.059551e+00   0.000000e+00   5.119319e-02   1          1          0          17         2.859299e-16   0          YES       2          40646             108               26866             1660              0                 
  iter  value          gnorm          cnorm          ecnorm         flowcnorm      identity       icnorm         snorm          #linesear  iterPDAS   flagPDAS   iterGMRES  resiGMRES      flagGMRES  feasible   n_active_  n_vmult           dRdW_form         dRdW_mult         dRdX_mult         d2R_mult          
  14    8.169255e-02   5.463782e-02   1.589989e-05   1.589989e-05   7.617606e-17   4.815400e+00   0.000000e+00   4.983981e-02   1          1          0          17         9.164604e-16   0          YES       2          43851             116               28966             1795              0                 
  iter  value          gnorm          cnorm          ecnorm         flowcnorm      identity       icnorm         snorm          #linesear  iterPDAS   flagPDAS   iterGMRES  resiGMRES      flagGMRES  feasible   n_active_  n_vmult           dRdW_form         dRdW_mult         dRdX_mult         d2R_mult          
  15    8.096957e-02   4.624662e-02   1.035776e-05   1.035776e-05   7.809188e-17   2.985292e+00   0.000000e+00   4.465758e-02   1          1          1          17         3.991647e-15   0          YES       3          47063             124               31073             1930              0                 
  iter  value          gnorm          cnorm          ecnorm         flowcnorm      identity       icnorm         snorm          #linesear  iterPDAS   flagPDAS   iterGMRES  resiGMRES      flagGMRES  feasible   n_active_  n_vmult           dRdW_form         dRdW_mult         dRdX_mult         d2R_mult          
  16    8.052356e-02   3.318208e-02   5.039147e-06   5.039147e-06   3.500395e-15   2.138750e+00   0.000000e+00   6.790384e-02   1          1          1          18         9.980793e-11   0          YES       2          50059             131               32942             2071              0                 
  iter  value          gnorm          cnorm          ecnorm         flowcnorm      identity       icnorm         snorm          #linesear  iterPDAS   flagPDAS   iterGMRES  resiGMRES      flagGMRES  feasible   n_active_  n_vmult           dRdW_form         dRdW_mult         dRdX_mult         d2R_mult          
  17    8.044899e-02   3.413597e-02   0.000000e+00   0.000000e+00   5.441507e-15   1.101050e+00   0.000000e+00   5.078311e-02   1          1          1          18         5.622454e-14   0          YES       3          53151             140               34867             2212              0                 
  iter  value          gnorm          cnorm          ecnorm         flowcnorm      identity       icnorm         snorm          #linesear  iterPDAS   flagPDAS   iterGMRES  resiGMRES      flagGMRES  feasible   n_active_  n_vmult           dRdW_form         dRdW_mult         dRdX_mult         d2R_mult          
  18    8.006941e-02   2.090466e-02   0.000000e+00   0.000000e+00   6.879691e-15   1.165264e+00   0.000000e+00   6.601832e-02   1          1          0          20         2.339508e-17   0          YES       3          56203             147               36708             2365              0                 
  iter  value          gnorm          cnorm          ecnorm         flowcnorm      identity       icnorm         snorm          #linesear  iterPDAS   flagPDAS   iterGMRES  resiGMRES      flagGMRES  feasible   n_active_  n_vmult           dRdW_form         dRdW_mult         dRdX_mult         d2R_mult          
  19    7.978057e-02   1.857963e-02   1.387779e-17   1.387779e-17   7.764600e-15   4.370049e-01   0.000000e+00   8.919686e-02   1          1          1          20         1.412030e-17   0          YES       4          59332             154               38626             2518              0                 
  iter  value          gnorm          cnorm          ecnorm         flowcnorm      identity       icnorm         snorm          #linesear  iterPDAS   flagPDAS   iterGMRES  resiGMRES      flagGMRES  feasible   n_active_  n_vmult           dRdW_form         dRdW_mult         dRdX_mult         d2R_mult          
  20    7.963255e-02   1.781133e-02   1.387779e-17   1.387779e-17   8.318349e-17   3.452027e-01   0.000000e+00   3.616006e-02   1          1          1          21         2.138129e-17   0          YES       5          62672             160               40733             2677              0                 
  iter  value          gnorm          cnorm          ecnorm         flowcnorm      identity       icnorm         snorm          #linesear  iterPDAS   flagPDAS   iterGMRES  resiGMRES      flagGMRES  feasible   n_active_  n_vmult           dRdW_form         dRdW_mult         dRdX_mult         d2R_mult          
  21    7.953056e-02   1.112149e-02   0.000000e+00   0.000000e+00   7.955568e-17   3.172435e-01   0.000000e+00   3.215609e-02   1          1          0          22         1.082788e-17   0          YES       5          65961             168               42707             2842              0                 
  iter  value          gnorm          cnorm          ecnorm         flowcnorm      identity       icnorm         snorm          #linesear  iterPDAS   flagPDAS   iterGMRES  resiGMRES      flagGMRES  feasible   n_active_  n_vmult           dRdW_form         dRdW_mult         dRdX_mult         d2R_mult          
  22    7.948621e-02   5.969566e-03   2.775558e-17   2.775558e-17   8.144380e-17   1.236875e-01   0.000000e+00   5.864099e-02   1          1          0          22         8.292648e-18   0          YES       5          69293             175               44744             3007              0                 
  iter  value          gnorm          cnorm          ecnorm         flowcnorm      identity       icnorm         snorm          #linesear  iterPDAS   flagPDAS   iterGMRES  resiGMRES      flagGMRES  feasible   n_active_  n_vmult           dRdW_form         dRdW_mult         dRdX_mult         d2R_mult          
  23    7.948296e-02   1.466706e-03   0.000000e+00   0.000000e+00   9.870622e-17   3.563572e-02   0.000000e+00   1.721646e-02   1          1          0          22         1.190337e-17   0          YES       5          72556             181               46732             3172              0                 
  iter  value          gnorm          cnorm          ecnorm         flowcnorm      identity       icnorm         snorm          #linesear  iterPDAS   flagPDAS   iterGMRES  resiGMRES      flagGMRES  feasible   n_active_  n_vmult           dRdW_form         dRdW_mult         dRdX_mult         d2R_mult          
  24    7.948266e-02   3.384501e-04   1.387779e-17   1.387779e-17   3.754801e-15   2.151226e-03   0.000000e+00   1.536073e-03   1          1          0          22         5.920579e-19   0          YES       5          75832             188               48713             3337              0                 
  iter  value          gnorm          cnorm          ecnorm         flowcnorm      identity       icnorm         snorm          #linesear  iterPDAS   flagPDAS   iterGMRES  resiGMRES      flagGMRES  feasible   n_active_  n_vmult           dRdW_form         dRdW_mult         dRdX_mult         d2R_mult          
  25    7.948263e-02   1.439145e-04   0.000000e+00   0.000000e+00   3.554651e-15   1.145485e-04   0.000000e+00   5.519751e-04   1          1          0          22         1.491228e-19   0          YES       5          79101             195               50687             3502              0                 
  iter  value          gnorm          cnorm          ecnorm         flowcnorm      identity       icnorm         snorm          #linesear  iterPDAS   flagPDAS   iterGMRES  resiGMRES      flagGMRES  feasible   n_active_  n_vmult           dRdW_form         dRdW_mult         dRdX_mult         d2R_mult          
  26    7.948262e-02   8.405771e-05   1.387779e-17   1.387779e-17   5.626369e-16   2.071138e-05   0.000000e+00   2.067957e-04   1          1          0          22         7.744524e-20   0          YES       5          82510             202               52801             3667              0                 
  iter  value          gnorm          cnorm          ecnorm         flowcnorm      identity       icnorm         snorm          #linesear  iterPDAS   flagPDAS   iterGMRES  resiGMRES      flagGMRES  feasible   n_active_  n_vmult           dRdW_form         dRdW_mult         dRdX_mult         d2R_mult          
  27    7.948262e-02   2.322247e-05   0.000000e+00   0.000000e+00   1.813903e-16   7.065698e-06   0.000000e+00   1.160830e-04   1          1          0          22         8.356756e-20   0          YES       5          85941             208               54957             3832              0                 
  iter  value          gnorm          cnorm          ecnorm         flowcnorm      identity       icnorm         snorm          #linesear  iterPDAS   flagPDAS   iterGMRES  resiGMRES      flagGMRES  feasible   n_active_  n_vmult           dRdW_form         dRdW_mult         dRdX_mult         d2R_mult          
  28    7.948262e-02   2.322247e-05   0.000000e+00   0.000000e+00   1.813903e-16   5.392833e-07   0.000000e+00   1.000000e+99   5          1          0          22         3.091247e-20   0          YES       5          88460             209               56301             3997              0                 
  iter  value          gnorm          cnorm          ecnorm         flowcnorm      identity       icnorm         snorm          #linesear  iterPDAS   flagPDAS   iterGMRES  resiGMRES      flagGMRES  feasible   n_active_  n_vmult           dRdW_form         dRdW_mult         dRdX_mult         d2R_mult          
  29    7.948282e-02   7.691144e-06   0.000000e+00   0.000000e+00   3.741038e-15   5.392833e-06   0.000000e+00   2.638953e-05   5          1          0          22         1.766315e-20   0          YES       5          90986             210               57652             4162              0                 
Optimization Terminated with Status: Converged
The process took 1675.68 seconds to run.
Total n_vmult for algorithm 90986
