Starting optimization with 10...

Quasi-Newton Method with Limited-Memory BFGS
Line Search: Backtracking satisfying Null Curvature Condition
-------------------------------------------------------------------------------------------------------------
Quasi-Newton Method status output definitions

  iter     - Number of iterates (steps taken) 
  value    - Objective function value 
  gnorm    - Norm of the gradient
  snorm    - Norm of the step (update to optimization vector)
  #fval    - Cumulative number of times the objective function was evaluated
  #grad    - Number of times the gradient was computed
-------------------------------------------------------------------------------------------------------------
  iter  value          gnorm          snorm          #fval     #grad     ls_#fval  ls_#grad  
  0     2.558115e-02   5.276677e-01   
  1     9.962718e-03   4.585019e-01   1.319169e-01   4         2         3         0         
  2     8.782192e-04   9.514200e-02   5.358715e-02   5         3         1         0         
  3     3.370269e-04   3.629553e-02   8.883395e-03   6         4         1         0         
  4     1.769490e-04   2.409380e-02   6.478980e-03   7         5         1         0         
  5     7.167177e-05   1.726982e-02   7.416485e-03   8         6         1         0         
  6     2.164743e-05   7.311312e-03   7.395707e-03   9         7         1         0         
  7     1.234747e-05   5.179211e-03   3.041869e-03   10        8         1         0         
  8     7.998390e-06   4.221738e-03   1.472807e-03   11        9         1         0         
  9     3.164865e-06   4.268850e-03   4.348088e-03   12        10        1         0         
  10    2.349020e-06   3.926323e-03   1.821181e-03   13        11        1         0         
  11    1.110955e-06   1.101634e-03   9.531616e-04   14        12        1         0         
  12    8.683661e-07   7.959247e-04   2.709439e-04   15        13        1         0         
  13    4.423491e-07   6.746702e-04   9.707368e-04   16        14        1         0         
  14    2.451881e-07   4.870837e-04   6.195638e-04   17        15        1         0         
  15    7.246027e-08   4.364482e-04   1.213243e-03   18        16        1         0         
  16    4.391514e-08   1.438746e-04   2.002454e-04   20        17        2         0         
  17    3.910316e-08   7.555221e-05   1.145865e-04   21        18        1         0         
  18    3.544756e-08   7.125003e-05   6.930986e-05   22        19        1         0         
  19    2.376310e-08   1.134137e-04   2.637053e-04   23        20        1         0         
  20    1.018185e-08   1.287229e-04   4.100397e-04   24        21        1         0         
  21    1.138156e-09   3.537651e-05   3.943440e-04   25        22        1         0         
  22    7.022056e-10   6.971333e-06   5.702135e-05   26        23        1         0         
  23    6.674399e-10   6.146449e-06   1.038601e-05   27        24        1         0         
  24    6.250074e-10   1.057423e-05   1.467825e-05   28        25        1         0         
  25    5.334220e-10   1.732684e-05   3.178204e-05   29        26        1         0         
  26    3.509316e-10   2.329878e-05   6.942484e-05   30        27        1         0         
  27    1.270065e-10   1.969604e-05   9.875334e-05   31        28        1         0         
  28    1.087041e-11   7.357573e-06   6.201213e-05   32        29        1         0         
  29    3.787865e-13   6.645003e-07   8.106451e-06   33        30        1         0         
  30    6.093089e-15   8.402887e-08   4.167359e-06   34        31        1         0         
Optimization Terminated with Status: Converged
The process took 1535.76 seconds to run.
Total n_vmult for algorithm 26318
