Starting optimization with 40...

Newton-Krylov using GMRES with Limited-Memory BFGS preconditioning
Line Search: Backtracking satisfying Null Curvature Condition
-------------------------------------------------------------------------------------------------------------
Newton-Krylov status output definitions

  iter     - Number of iterates (steps taken) 
  value    - Objective function value 
  gnorm    - Norm of the gradient
  snorm    - Norm of the step (update to optimization vector)
  #fval    - Cumulative number of times the objective function was evaluated
  #grad    - Number of times the gradient was computed
  iterCG   - Number of Krylov iterations used to compute search direction
  flagCG   - Krylov solver flag
-------------------------------------------------------------------------------------------------------------
  iter  value          gnorm          snorm          #fval     #grad     iterCG    flagCG    ls_#fval  ls_#grad  
  0     7.127850e-03   2.016051e-01   
  1     1.918574e-04   4.057260e-02   3.490987e+02   2         2         39        0         1         0         
  2     3.796135e-07   1.228192e-03   3.052105e+02   3         3         36        0         1         0         
  3     8.825195e-11   4.173538e-06   4.286825e+01   4         4         35        0         1         0         
  4     5.982875e-15   6.137184e-09   1.011596e+00   5         5         37        0         1         0         
Optimization Terminated with Status: Converged
The process took 2758.41 seconds to run.
Total n_vmult for algorithm 38193
