Starting optimization with 40...

Newton-Krylov using GMRES with Limited-Memory BFGS preconditioning
Line Search: Backtracking satisfying Null Curvature Condition
-------------------------------------------------------------------------------------------------------------
Newton-Krylov status output definitions

  iter     - Number of iterates (steps taken) 
  value    - Objective function value 
  gnorm    - Norm of the gradient
  snorm    - Norm of the step (update to optimization vector)
  #fval    - Cumulative number of times the objective function was evaluated
  #grad    - Number of times the gradient was computed
  iterCG   - Number of Krylov iterations used to compute search direction
  flagCG   - Krylov solver flag
-------------------------------------------------------------------------------------------------------------
  iter  value          gnorm          snorm          #fval     #grad     iterCG    flagCG    ls_#fval  ls_#grad  
  0     1.347975e-02   1.663790e-01   
  1     1.558628e-03   9.015898e-02   2.278428e+03   2         2         38        0         1         0         
  2     9.853309e-05   7.994450e-03   3.132622e+03   3         3         39        0         1         0         
  3     2.197596e-06   2.303767e-03   3.149538e+03   4         4         37        0         1         0         
  4     1.992615e-08   6.935795e-06   8.648927e+01   5         5         37        0         1         0         
  5     3.561373e-09   2.622632e-05   8.198308e+01   6         6         44        0         1         0         
  6     6.262247e-10   4.214996e-06   1.643424e+01   7         7         38        0         1         0         
  7     4.532266e-11   3.465776e-06   1.498412e+01   8         8         38        0         1         0         
  8     3.388054e-13   1.418959e-07   3.109020e+00   9         9         38        0         1         0         
  9     2.004499e-15   2.782361e-09   4.279448e-01   10        10        34        0         1         0         
Optimization Terminated with Status: Converged
The process took 220.398 seconds to run.
Total n_vmult for algorithm 35007
