Starting optimization with 80...

Quasi-Newton Method with Limited-Memory BFGS
Line Search: Backtracking satisfying Null Curvature Condition
-------------------------------------------------------------------------------------------------------------
Quasi-Newton Method status output definitions

  iter     - Number of iterates (steps taken) 
  value    - Objective function value 
  gnorm    - Norm of the gradient
  snorm    - Norm of the step (update to optimization vector)
  #fval    - Cumulative number of times the objective function was evaluated
  #grad    - Number of times the gradient was computed
-------------------------------------------------------------------------------------------------------------
  iter  value          gnorm          snorm          #fval     #grad     ls_#fval  ls_#grad  
  0     1.414709e-02   1.366958e-01   
  1     7.955953e-03   1.397883e-01   1.366958e-01   2         2         1         0         
  2     3.767115e-03   5.859339e-02   4.608430e-02   3         3         1         0         
  3     1.613918e-03   4.513140e-02   5.914030e-02   4         4         1         0         
  4     3.265050e-04   2.777720e-02   6.167144e-02   5         5         1         0         
  5     1.109365e-04   2.070029e-02   3.903949e-02   6         6         1         0         
  6     5.557056e-05   1.349642e-02   1.157870e-02   7         7         1         0         
  7     2.588771e-05   2.312485e-03   5.552334e-03   8         8         1         0         
  8     2.394140e-05   1.882181e-03   1.006651e-03   9         9         1         0         
  9     1.829327e-05   1.943440e-03   4.913555e-03   10        10        1         0         
  10    1.380271e-05   2.128486e-03   4.685599e-03   11        11        1         0         
  11    9.864612e-06   4.376065e-03   1.674136e-02   12        12        1         0         
  12    4.215292e-06   1.960035e-03   4.980027e-03   13        13        1         0         
  13    2.725497e-06   7.380625e-04   3.151243e-03   14        14        1         0         
  14    2.148271e-06   5.799367e-04   1.075378e-03   15        15        1         0         
  15    1.237926e-06   7.139845e-04   3.216179e-03   16        16        1         0         
  16    6.807128e-07   5.219948e-04   2.698500e-03   17        17        1         0         
  17    6.559013e-07   9.830805e-04   3.481916e-03   18        18        1         0         
  18    3.310208e-07   2.248464e-04   9.113756e-04   19        19        1         0         
  19    2.917769e-07   1.868656e-04   3.479461e-04   20        20        1         0         
  20    2.171043e-07   2.292761e-04   1.079644e-03   21        21        1         0         
  21    1.862050e-07   2.952665e-04   9.276986e-04   22        22        1         0         
  22    1.517200e-07   1.430738e-04   2.275068e-04   23        23        1         0         
  23    1.208793e-07   1.048997e-04   5.152994e-04   24        24        1         0         
  24    9.882676e-08   1.060701e-04   5.958074e-04   25        25        1         0         
  25    7.046616e-08   7.978757e-05   7.939948e-04   26        26        1         0         
  26    4.100943e-08   8.404656e-05   1.258747e-03   27        27        1         0         
  27    3.313674e-08   1.579586e-04   1.355090e-03   28        28        1         0         
  28    1.801346e-08   4.787886e-05   3.435316e-04   29        29        1         0         
  29    1.562045e-08   2.295418e-05   1.505883e-04   30        30        1         0         
  30    1.462741e-08   2.049425e-05   1.154513e-04   31        31        1         0         
  31    1.356788e-08   2.673668e-05   1.371415e-04   32        32        1         0         
  32    1.188806e-08   3.232918e-05   2.042792e-04   33        33        1         0         
  33    9.035499e-09   2.918304e-05   4.146250e-04   34        34        1         0         
  34    8.621463e-09   2.851375e-05   8.989763e-05   37        35        3         0         
  35    7.945290e-09   1.178324e-05   1.187956e-04   38        36        1         0         
  36    7.673320e-09   1.003076e-05   5.122331e-05   39        37        1         0         
  37    7.252836e-09   1.613658e-05   9.005471e-05   40        38        1         0         
  38    6.422192e-09   2.508516e-05   2.038584e-04   41        39        1         0         
  39    4.865571e-09   3.178586e-05   4.393945e-04   42        40        1         0         
  40    4.012735e-09   4.886763e-05   4.870375e-04   44        41        2         0         
  41    2.093276e-09   2.507605e-05   4.889978e-04   45        42        1         0         
  42    1.128520e-09   9.635705e-06   2.968391e-04   46        43        1         0         
  43    8.377442e-10   8.367270e-06   9.760359e-05   47        44        1         0         
  44    6.951852e-10   9.561337e-06   5.404466e-05   48        45        1         0         
  45    5.627498e-10   5.726206e-06   4.235991e-05   49        46        1         0         
  46    4.491541e-10   4.408478e-06   5.619208e-05   50        47        1         0         
  47    3.753963e-10   4.210992e-06   5.527323e-05   51        48        1         0         
  48    3.047643e-10   2.859981e-06   5.763517e-05   52        49        1         0         
  49    2.754383e-10   5.943944e-06   6.643957e-05   53        50        1         0         
  50    2.418928e-10   2.274528e-06   1.902705e-05   54        51        1         0         
  51    2.314632e-10   1.900194e-06   1.148749e-05   55        52        1         0         
  52    2.144487e-10   1.694350e-06   2.325321e-05   56        53        1         0         
  53    1.947501e-10   2.705775e-06   3.272121e-05   57        54        1         0         
  54    1.631838e-10   2.979596e-06   5.929877e-05   58        55        1         0         
  55    1.325183e-10   2.945425e-06   7.709319e-05   59        56        1         0         
  56    1.236209e-10   3.055647e-06   3.382754e-05   60        57        1         0         
  57    1.192684e-10   6.251064e-07   1.378651e-05   61        58        1         0         
  58    1.186860e-10   6.027916e-07   4.725168e-06   62        59        1         0         
  59    1.174861e-10   7.981250e-07   4.436503e-06   63        60        1         0         
  60    1.123250e-10   1.574612e-06   1.604884e-05   64        61        1         0         
  61    1.025577e-10   2.446493e-06   3.374215e-05   65        62        1         0         
  62    8.558471e-11   2.907351e-06   7.094826e-05   66        63        1         0         
  63    6.323661e-11   2.373339e-06   1.008810e-04   67        64        1         0         
  64    6.136932e-11   3.815794e-06   8.342260e-05   69        65        2         0         
  65    4.130309e-11   6.687406e-07   5.381705e-05   70        66        1         0         
  66    3.697755e-11   9.097219e-07   1.426169e-05   71        67        1         0         
  67    3.210897e-11   1.438359e-06   2.225679e-05   72        68        1         0         
  68    2.744861e-11   1.298082e-06   2.906199e-05   73        69        1         0         
  69    2.392773e-11   1.560354e-06   4.826665e-05   74        70        1         0         
  70    2.093175e-11   3.807719e-07   2.072182e-05   75        71        1         0         
  71    2.025895e-11   4.276737e-07   6.380901e-06   76        72        1         0         
  72    1.863978e-11   5.207659e-07   1.370480e-05   77        73        1         0         
  73    1.768755e-11   8.826789e-07   2.259905e-05   78        74        1         0         
  74    1.672536e-11   2.563961e-07   9.177560e-06   79        75        1         0         
  75    1.649807e-11   1.056751e-07   6.068686e-06   80        76        1         0         
  76    1.642817e-11   1.069224e-07   2.993465e-06   81        77        1         0         
  77    1.630767e-11   1.579242e-07   3.574309e-06   82        78        1         0         
  78    1.589637e-11   3.188808e-07   1.107366e-05   83        79        1         0         
  79    1.503680e-11   5.306986e-07   2.225374e-05   84        80        1         0         
  80    1.318233e-11   7.752595e-07   4.928798e-05   85        81        1         0         
  81    1.065181e-11   8.245250e-07   7.549680e-05   86        82        1         0         
  82    8.925654e-12   8.388812e-07   7.125574e-05   87        83        1         0         
  83    8.060121e-12   1.898068e-07   8.286906e-06   88        84        1         0         
  84    7.927264e-12   5.501111e-08   1.223395e-05   89        85        1         0         
Optimization Terminated with Status: Converged
The process took 386.204 seconds to run.
Total n_vmult for algorithm 27166
