Starting optimization with 20...

Quasi-Newton Method with Limited-Memory BFGS
Line Search: Backtracking satisfying Null Curvature Condition
-------------------------------------------------------------------------------------------------------------
Quasi-Newton Method status output definitions

  iter     - Number of iterates (steps taken) 
  value    - Objective function value 
  gnorm    - Norm of the gradient
  snorm    - Norm of the step (update to optimization vector)
  #fval    - Cumulative number of times the objective function was evaluated
  #grad    - Number of times the gradient was computed
-------------------------------------------------------------------------------------------------------------
  iter  value          gnorm          snorm          #fval     #grad     ls_#fval  ls_#grad  n_vmult           dRdW_form         dRdW_mult         dRdX_mult         d2R_mult          
  0     3.242575e-03   1.010969e-01   
  1     3.175185e-03   1.412732e-01   1.010969e-01   2         2         1         0         692               6                 1302              2                 0                 
  2     9.056729e-05   1.438325e-02   4.779839e-02   3         3         1         0         1213              11                2268              3                 0                 
  3     2.496614e-05   7.301242e-03   6.317488e-03   4         4         1         0         1695              16                3143              4                 0                 
  4     2.885116e-06   3.130336e-03   7.127280e-03   5         5         1         0         2189              21                4046              5                 0                 
  5     2.040301e-06   2.880057e-03   2.126684e-03   6         6         1         0         2716              26                5026              6                 0                 
  6     6.982195e-07   6.653425e-04   9.236183e-04   7         7         1         0         3309              31                6160              7                 0                 
  7     5.346332e-07   5.269855e-04   2.801621e-04   8         8         1         0         3822              35                7154              8                 0                 
  8     1.031619e-07   3.348861e-04   1.437746e-03   9         9         1         0         4308              39                8085              9                 0                 
  9     3.565054e-08   1.813135e-04   6.073057e-04   10        10        1         0         4827              43                9093              10                0                 
  10    3.548360e-08   2.586910e-04   2.453088e-04   11        11        1         0         5376              47                10171             11                0                 
  11    2.339806e-08   7.518696e-05   1.046250e-04   12        12        1         0         5916              51                11228             12                0                 
  12    2.069479e-08   5.796157e-05   4.550214e-05   13        13        1         0         6483              55                12348             13                0                 
  13    1.302529e-08   6.562704e-05   2.358909e-04   14        14        1         0         7023              59                13405             14                0                 
  14    9.275287e-09   5.372043e-05   1.697959e-04   15        15        1         0         7581              63                14504             15                0                 
  15    5.416342e-09   8.012201e-05   3.330366e-04   16        16        1         0         8133              67                15589             16                0                 
  16    2.376021e-09   3.151151e-05   1.868377e-04   17        17        1         0         8709              71                16730             17                0                 
  17    1.352772e-09   2.083219e-05   5.977317e-05   18        18        1         0         9288              75                17878             18                0                 
  18    9.217918e-10   1.937276e-05   8.426275e-05   19        19        1         0         9849              79                18984             19                0                 
  19    6.963358e-10   9.850204e-06   3.236505e-05   20        20        1         0         10434             83                20146             20                0                 
  20    6.046547e-10   8.291248e-06   1.434709e-05   21        21        1         0         10897             86                21070             21                0                 
  21    3.991294e-10   3.850492e-06   6.728027e-05   22        22        1         0         11479             90                22225             22                0                 
  22    3.805666e-10   8.026602e-06   2.366371e-05   23        23        1         0         12070             94                23401             23                0                 
  23    3.573243e-10   4.591342e-06   5.736107e-06   24        24        1         0         12572             97                24416             24                0                 
  24    3.149779e-10   3.545796e-06   2.336208e-05   25        25        1         0         13059             100               25396             25                0                 
  25    2.678868e-10   5.899786e-06   4.133576e-05   26        26        1         0         13677             104               26635             26                0                 
  26    2.231106e-10   4.802498e-06   5.492560e-05   27        27        1         0         14274             108               27825             27                0                 
  27    1.814761e-10   2.503511e-06   4.565990e-05   28        28        1         0         14761             111               28805             28                0                 
  28    1.170569e-10   4.861419e-06   9.767640e-05   29        29        1         0         15251             114               29792             29                0                 
  29    7.623262e-11   6.524139e-06   7.195455e-05   30        30        1         0         15753             117               30807             30                0                 
  30    3.101576e-11   7.871500e-06   1.129194e-04   31        31        1         0         16359             121               32018             31                0                 
  31    1.911693e-11   4.118452e-06   4.743049e-05   32        32        1         0         16974             125               33250             32                0                 
  32    1.131607e-11   9.575770e-07   2.309392e-05   33        33        1         0         17610             129               34531             33                0                 
  33    1.079231e-11   2.454814e-07   6.265075e-06   34        34        1         0         18142             132               35616             34                0                 
  34    1.075677e-11   1.191515e-07   5.757807e-07   35        35        1         0         18680             135               36715             35                0                 
  35    1.073219e-11   1.801079e-07   3.136496e-07   36        36        1         0         19233             138               37849             36                0                 
  36    1.067347e-11   3.552702e-07   8.100087e-07   37        37        1         0         19771             141               38948             37                0                 
  37    1.053403e-11   6.226568e-07   2.113821e-06   38        38        1         0         20327             144               40089             38                0                 
  38    1.021649e-11   9.609491e-07   5.183111e-06   39        39        1         0         20865             147               41188             39                0                 
  39    9.610342e-12   1.235512e-06   1.068326e-05   40        40        1         0         21406             150               42294             40                0                 
  40    8.840811e-12   1.150185e-06   1.504617e-05   41        41        1         0         21950             153               43407             41                0                 
  41    8.714032e-12   8.409582e-07   5.348586e-06   44        42        3         0         22787             160               45017             42                0                 
  42    8.293132e-12   3.798577e-07   5.930331e-06   45        43        1         0         23328             163               46123             43                0                 
  43    8.163638e-12   1.387135e-07   8.320860e-07   46        44        1         0         23860             166               47208             44                0                 
  44    8.119150e-12   2.673891e-07   9.099856e-07   47        45        1         0         24410             169               48335             45                0                 
  45    8.049630e-12   4.415676e-07   1.169574e-06   48        46        1         0         24957             172               49455             46                0                 
  46    7.861221e-12   7.430658e-07   2.847907e-06   49        47        1         0         25501             175               50568             47                0                 
  47    7.404121e-12   1.182776e-06   8.038282e-06   50        48        1         0         26036             178               51660             48                0                 
  48    6.356037e-12   1.737058e-06   2.181052e-05   51        49        1         0         26562             181               52731             49                0                 
  49    4.433254e-12   2.115355e-06   4.687044e-05   52        50        1         0         27085             184               53795             50                0                 
  50    2.138245e-12   1.750637e-06   6.657727e-05   53        51        1         0         27620             187               54887             51                0                 
  51    8.857338e-13   7.297151e-07   4.241809e-05   54        52        1         0         28161             190               55993             52                0                 
  52    6.523484e-13   1.039044e-07   4.542997e-06   55        53        1         0         28711             193               57120             53                0                 
  53    6.381936e-13   2.671601e-08   4.493294e-06   56        54        1         0         29273             196               58275             54                0                 
Optimization Terminated with Status: Converged
The process took 218.687 seconds to run.
Total n_vmult for algorithm 29273
