Starting optimization with 100...

Newton-Krylov using GMRES with Limited-Memory BFGS preconditioning
Line Search: Backtracking satisfying Null Curvature Condition
-------------------------------------------------------------------------------------------------------------
Newton-Krylov status output definitions

  iter     - Number of iterates (steps taken) 
  value    - Objective function value 
  gnorm    - Norm of the gradient
  snorm    - Norm of the step (update to optimization vector)
  #fval    - Cumulative number of times the objective function was evaluated
  #grad    - Number of times the gradient was computed
  iterCG   - Number of Krylov iterations used to compute search direction
  flagCG   - Krylov solver flag
-------------------------------------------------------------------------------------------------------------
  iter  value          gnorm          snorm          #fval     #grad     iterCG    flagCG    ls_#fval  ls_#grad  
  0     7.558102e-03   1.594745e-01   
  1     2.274244e-04   3.838928e-02   6.850407e+00   2         2         62        0         1         0         
  2     5.091416e-07   1.193756e-03   8.898339e+00   3         3         57        0         1         0         
  3     2.178047e-10   8.778229e-06   2.057896e+00   4         4         57        0         1         0         
  4     7.989436e-15   1.900814e-08   2.123562e-02   5         5         61        0         1         0         
Optimization Terminated with Status: Converged
The process took 4213.1 seconds to run.
Total n_vmult for algorithm 60039
