Starting optimization with 60...

Quasi-Newton Method with Limited-Memory BFGS
Line Search: Backtracking satisfying Null Curvature Condition
-------------------------------------------------------------------------------------------------------------
Quasi-Newton Method status output definitions

  iter     - Number of iterates (steps taken) 
  value    - Objective function value 
  gnorm    - Norm of the gradient
  snorm    - Norm of the step (update to optimization vector)
  #fval    - Cumulative number of times the objective function was evaluated
  #grad    - Number of times the gradient was computed
-------------------------------------------------------------------------------------------------------------
  iter  value          gnorm          snorm          #fval     #grad     ls_#fval  ls_#grad  
  0     1.391927e-02   1.492955e-01   
  1     8.639826e-03   1.856182e-01   1.492955e-01   2         2         1         0         
  2     3.055608e-03   5.698351e-02   5.108066e-02   3         3         1         0         
  3     1.527145e-03   4.035423e-02   3.801767e-02   4         4         1         0         
  4     2.311446e-04   2.567987e-02   6.116279e-02   5         5         1         0         
  5     9.014923e-05   2.071766e-02   2.828420e-02   6         6         1         0         
  6     2.547704e-05   8.211496e-03   9.147839e-03   7         7         1         0         
  7     1.346574e-05   1.807695e-03   3.600099e-03   8         8         1         0         
  8     1.223729e-05   1.479542e-03   8.048774e-04   9         9         1         0         
  9     8.504154e-06   1.667412e-03   3.840322e-03   10        10        1         0         
  10    5.369393e-06   1.741624e-03   4.386961e-03   11        11        1         0         
  11    3.289605e-06   2.690062e-03   8.746044e-03   12        12        1         0         
  12    1.520422e-06   1.201792e-03   3.447452e-03   13        13        1         0         
  13    8.723571e-07   4.112020e-04   2.135826e-03   14        14        1         0         
  14    6.823178e-07   2.893335e-04   6.627907e-04   15        15        1         0         
  15    4.830320e-07   2.826073e-04   1.420014e-03   16        16        1         0         
  16    3.794039e-07   3.816523e-04   1.229646e-03   17        17        1         0         
  17    2.820294e-07   1.709508e-04   1.236845e-03   18        18        1         0         
  18    2.383545e-07   1.526132e-04   4.751633e-04   19        19        1         0         
  19    1.873972e-07   1.522515e-04   9.504301e-04   20        20        1         0         
  20    1.762373e-07   2.883632e-04   1.146420e-03   21        21        1         0         
  21    1.402905e-07   9.859156e-05   2.451947e-04   22        22        1         0         
  22    1.264710e-07   7.430232e-05   2.480378e-04   23        23        1         0         
  23    1.117169e-07   8.552762e-05   4.757698e-04   24        24        1         0         
  24    8.895027e-08   8.730126e-05   7.447578e-04   25        25        1         0         
  25    5.403834e-08   1.407800e-04   1.825723e-03   26        26        1         0         
  26    3.080680e-08   1.145780e-04   1.465459e-03   27        27        1         0         
  27    1.712264e-08   5.635209e-05   2.786256e-04   28        28        1         0         
  28    9.160672e-09   4.087399e-05   3.659364e-04   29        29        1         0         
  29    5.605579e-09   5.175998e-05   3.398627e-04   30        30        1         0         
  30    3.378678e-09   2.092944e-05   2.769133e-04   31        31        1         0         
  31    2.893251e-09   1.165226e-05   4.981935e-05   32        32        1         0         
  32    2.529941e-09   9.814751e-06   5.118207e-05   33        33        1         0         
  33    2.228954e-09   1.164904e-05   7.672671e-05   34        34        1         0         
  34    2.062381e-09   8.512323e-06   6.098637e-05   35        35        1         0         
  35    1.971888e-09   6.217790e-06   2.290746e-05   36        36        1         0         
  36    1.794968e-09   7.089076e-06   6.490883e-05   37        37        1         0         
  37    1.662423e-09   6.793777e-06   6.476706e-05   38        38        1         0         
  38    1.543625e-09   1.131692e-05   1.080176e-04   39        39        1         0         
  39    1.404534e-09   5.770041e-06   6.121564e-05   40        40        1         0         
  40    1.269460e-09   6.349015e-06   7.111856e-05   41        41        1         0         
  41    1.053755e-09   8.836518e-06   1.549773e-04   42        42        1         0         
  42    8.607499e-10   6.609482e-06   1.694794e-04   43        43        1         0         
  43    7.149443e-10   7.239594e-06   1.639083e-04   44        44        1         0         
  44    6.152350e-10   5.066403e-06   1.014987e-04   45        45        1         0         
  45    5.388768e-10   6.571603e-06   5.984269e-05   46        46        1         0         
  46    4.210605e-10   5.609851e-06   1.170628e-04   47        47        1         0         
  47    4.202640e-10   7.533754e-06   5.207296e-05   49        48        2         0         
  48    3.745318e-10   2.232608e-06   2.185859e-05   50        49        1         0         
  49    3.642314e-10   1.507084e-06   1.108673e-05   51        50        1         0         
  50    3.495255e-10   2.892778e-06   2.234867e-05   52        51        1         0         
  51    3.249728e-10   4.798322e-06   4.169587e-05   53        52        1         0         
  52    2.716770e-10   6.813799e-06   9.971858e-05   54        53        1         0         
  53    2.023315e-10   6.395164e-06   1.446549e-04   55        54        1         0         
  54    1.225172e-10   5.220540e-06   1.953750e-04   56        55        1         0         
  55    1.046876e-10   3.674884e-06   7.270886e-05   57        56        1         0         
  56    9.764643e-11   6.985029e-07   3.383606e-05   58        57        1         0         
  57    9.707996e-11   5.772481e-07   8.628421e-06   59        58        1         0         
  58    9.567452e-11   6.661751e-07   8.314351e-06   60        59        1         0         
  59    9.093129e-11   1.482853e-06   1.795073e-05   61        60        1         0         
  60    8.394819e-11   2.360042e-06   2.417187e-05   62        61        1         0         
  61    7.222718e-11   2.962001e-06   5.258703e-05   63        62        1         0         
  62    5.911834e-11   2.365477e-06   7.416082e-05   64        63        1         0         
  63    5.058226e-11   1.089898e-06   6.446498e-05   65        64        1         0         
  64    4.809969e-11   3.682066e-07   2.639983e-05   66        65        1         0         
  65    4.751602e-11   4.924795e-07   5.872795e-06   67        66        1         0         
  66    4.689814e-11   6.202767e-07   7.691893e-06   68        67        1         0         
  67    4.524638e-11   8.639174e-07   1.205945e-05   69        68        1         0         
  68    4.061581e-11   9.981989e-07   3.810084e-05   70        69        1         0         
  69    3.544486e-11   3.167784e-06   7.580981e-05   71        70        1         0         
  70    2.869547e-11   1.724138e-06   4.221407e-05   72        71        1         0         
  71    2.099423e-11   5.270591e-07   9.135700e-05   73        72        1         0         
  72    2.044131e-11   2.553987e-07   1.608746e-05   74        73        1         0         
  73    2.023172e-11   1.635654e-07   4.787250e-06   75        74        1         0         
  74    1.980832e-11   4.276128e-07   8.453355e-06   76        75        1         0         
  75    1.909607e-11   7.916085e-07   1.166352e-05   77        76        1         0         
  76    1.716597e-11   1.386092e-06   3.012570e-05   78        77        1         0         
  77    1.349013e-11   1.937027e-06   5.942605e-05   79        78        1         0         
  78    8.086101e-12   1.967530e-06   9.600933e-05   80        79        1         0         
  79    3.589233e-12   8.285807e-07   9.888337e-05   81        80        1         0         
  80    2.458756e-12   2.944038e-07   1.195421e-05   82        81        1         0         
  81    2.279660e-12   8.859384e-08   9.314482e-06   83        82        1         0         
Optimization Terminated with Status: Converged
The process took 417.779 seconds to run.
Total n_vmult for algorithm 27681
