********************************************************
Biros and Ghattas Full-space method...with P2A preconditioner
Using 8308 design variables: 8248 simulation variables and 60 control variables.
Line Search: Backtracking satisfying Null Curvature Condition
********************************************************
Iteration         Func. val.        ||Lagr. grad.||   ||Constraint||    ||Search dir||    search_ctl_norm   search_sim_norm   search_adj_norm   n_kkt_iter        n_linesearches    n_grad            n_vmult           dRdW_form         dRdW_mult         dRdX_mult         d2R_mult          
1                 0.00125555        0.123163          0.0139277         396.061           396.035           2.76442           3.51001           391               1                 0                 24462             2                 2428              1574              1568              
2                 0.00125547        0.119355          0.0139279         0.000982711       0.000974993       8.48762e-05       8.89162e-05       487               16                0                 54776             3                 5359              3531              3520              
3                 5.19501e-05       0.0162571         0.00248033        98.8998           98.8951           0.625412          0.73557           347               1                 0                 76410             4                 7450              4928              4912              
4                 4.70739e-06       0.00067809        0.000687439       193.351           193.351           0.128662          0.0944265         384               1                 0                 100338            5                 9763              6473              6452              
5                 4.48673e-06       0.000593362       0.000675643       46.7593           46.7593           0.0139513         0.00253707        435               4                 0                 127428            6                 12382             8222              8196              
6                 3.68688e-06       0.000444953       0.000654493       56.7277           56.7277           0.0236422         0.00490623        434               3                 0                 154456            7                 14995             9967              9936              
7                 2.93824e-06       0.000333737       0.000581445       40.4495           40.4495           0.0206482         0.00569916        435               3                 0                 181546            8                 17614             11716             11680             
8                 2.29358e-06       0.000250419       0.000525237       35.1632           35.1632           0.0189094         0.00613548        435               3                 0                 208636            9                 20233             13465             13424             
9                 1.80356e-06       0.000187947       0.000483115       37.3264           37.3264           0.0169835         0.00569818        436               3                 0                 235788            10                22858             15218             15172             
10                1.48835e-06       0.000141076       0.000439673       41.0064           41.0064           0.0146215         0.00443837        452               3                 0                 263932            11                25579             17035             16984             
11                1.31618e-06       0.000105886       0.000384976       45.3596           45.3596           0.0119969         0.00293647        454               3                 0                 292200            12                28312             18860             18804             
12                1.01847e-06       5.30792e-05       0.000366633       399.474           399.474           0.0119307         0.003902          472               2                 0                 321584            13                31153             20757             20696             
13                1.00395e-06       6.68426e-07       0.000142421       121.036           121.036           0.020264          0.00278131        471               1                 0                 350906            14                33988             22650             22584             
14                9.06763e-07       6.83456e-07       0.000103779       467.682           467.682           0.006468          0.00154756        457               2                 0                 379360            15                36739             24487             24416             
15                8.52073e-07       4.65705e-07       4.6187e-05        389.541           389.541           0.00593874        0.00177901        473               1                 0                 408806            16                39586             26388             26312             
16                8.73931e-07       4.35544e-07       4.47412e-05       407.193           407.193           0.00288741        0.000621967       530               5                 0                 441786            17                42775             28517             28436             
17                8.92219e-07       4.08064e-07       4.33172e-05       354.412           354.412           0.00243169        0.000519184       530               5                 0                 474766            18                45964             30646             30560             
18                9.20697e-07       3.53414e-07       4.23713e-05       559.61            559.61            0.00369758        0.000778193       530               4                 0                 507746            19                49153             32775             32684             
19                9.42549e-07       2.69925e-07       3.70921e-05       528.939           528.939           0.00349551        0.000628269       529               3                 0                 540664            20                52336             34900             34804             
20                9.69953e-07       1.55638e-07       3.45429e-05       739.241           739.241           0.00459737        0.000758498       529               2                 0                 573582            21                55519             37025             36924             
21                9.75785e-07       2.61763e-08       1.46679e-05       583.631           583.631           0.00383706        0.000280842       529               1                 0                 606500            22                58702             39150             39044             
Optimization Terminated with Status: Converged
The process took 504.313 seconds to run.
Total n_vmult for algorithm 606500
