********************************************************
Biros and Ghattas Full-space method...with P2A preconditioner
Using 8328 design variables: 8248 simulation variables and 80 control variables.
Line Search: Backtracking satisfying Null Curvature Condition
********************************************************
Iteration         Func. val.        ||Lagr. grad.||   ||Constraint||    ||Search dir||    search_ctl_norm   search_sim_norm   search_adj_norm   n_kkt_iter        n_linesearches    n_grad            n_vmult           dRdW_form         dRdW_mult         dRdX_mult         d2R_mult          
1                 0.00131082        0.120239          0.0134153         416.281           416.257           2.80057           3.54163           428               1                 0                 26759             2                 2653              1722              1716              
2                 0.00131075        0.116415          0.0134154         0.00856288        0.00856224        6.94657e-05       7.87116e-05       529               16                0                 59677             3                 5836              3847              3836              
3                 3.36575e-05       0.0153309         0.00312692        250.926           250.924           0.597134          0.745072          362               1                 0                 82241             4                 8017              5304              5288              
4                 1.08652e-06       0.000626557       0.000267808       105.258           105.258           0.139375          0.0788864         410               1                 0                 107781            5                 10486             6953              6932              
5                 9.26502e-07       0.000587682       0.000259721       5.20979           5.20979           0.00207385        0.00252025        475               5                 0                 137351            6                 13345             8862              8836              
6                 6.71076e-07       0.000514171       0.00025769        9.77518           9.77518           0.00370668        0.0045105         475               4                 0                 166921            7                 16204             10771             10740             
7                 4.87453e-07       0.000449899       0.000247922       8.9245            8.9245            0.00390492        0.00381075        476               4                 0                 196553            8                 19069             12684             12648             
8                 3.54538e-07       0.000393684       0.000232104       8.13299           8.13299           0.00403467        0.00322898        476               4                 0                 226185            9                 21934             14597             14556             
9                 1.78533e-07       0.000295393       0.000216635       14.7302           14.7302           0.00783298        0.0054744         477               3                 0                 255879            10                24805             16514             16468             
10                3.63048e-08       0.000148087       0.000172571       13.4152           13.4152           0.012523          0.00737087        478               2                 0                 285635            11                27682             18435             18384             
11                1.61849e-09       5.77534e-07       3.10356e-05       7.29653           7.29652           0.011835          0.00591382        449               1                 0                 313593            12                30385             20240             20184             
12                2.8764e-10        2.51449e-08       2.31533e-05       23.9628           23.9628           0.00366731        0.000349036       501               1                 0                 344775            13                33400             22253             22192             
Optimization Terminated with Status: Converged
The process took 273.226 seconds to run.
Total n_vmult for algorithm 344775
