Starting optimization with 40...

Quasi-Newton Method with Limited-Memory BFGS
Line Search: Backtracking satisfying Null Curvature Condition
-------------------------------------------------------------------------------------------------------------
Quasi-Newton Method status output definitions

  iter     - Number of iterates (steps taken) 
  value    - Objective function value 
  gnorm    - Norm of the gradient
  snorm    - Norm of the step (update to optimization vector)
  #fval    - Cumulative number of times the objective function was evaluated
  #grad    - Number of times the gradient was computed
-------------------------------------------------------------------------------------------------------------
  iter  value          gnorm          snorm          #fval     #grad     ls_#fval  ls_#grad  
  0     1.347975e-02   1.663790e-01   
  1     9.596037e-03   2.385411e-01   1.663790e-01   2         2         1         0         
  2     1.825401e-03   4.960141e-02   6.421179e-02   3         3         1         0         
  3     8.734121e-04   3.220005e-02   2.541860e-02   4         4         1         0         
  4     5.737959e-05   1.204862e-02   4.798187e-02   5         5         1         0         
  5     2.714031e-05   9.882699e-03   1.136324e-02   6         6         1         0         
  6     8.311156e-06   2.626156e-03   3.941178e-03   7         7         1         0         
  7     6.258636e-06   1.645695e-03   1.090613e-03   8         8         1         0         
  8     3.577761e-06   1.079672e-03   2.744713e-03   9         9         1         0         
  9     2.194439e-06   7.804016e-04   2.308408e-03   10        10        1         0         
  10    1.060180e-06   8.213118e-04   3.563776e-03   11        11        1         0         
  11    7.060905e-07   9.203677e-04   2.972835e-03   12        12        1         0         
  12    3.510472e-07   3.376127e-04   8.285348e-04   13        13        1         0         
  13    2.594235e-07   2.011528e-04   4.635496e-04   14        14        1         0         
  14    1.822663e-07   1.763114e-04   7.627952e-04   15        15        1         0         
  15    1.140520e-07   2.041213e-04   9.644898e-04   16        16        1         0         
  16    7.897605e-08   1.205113e-04   7.290873e-04   17        17        1         0         
  17    6.032731e-08   1.004310e-04   3.205299e-04   18        18        1         0         
  18    3.688929e-08   7.931427e-05   6.777616e-04   19        19        1         0         
  19    2.819842e-08   1.126925e-04   4.879821e-04   20        20        1         0         
  20    2.107049e-08   5.512518e-05   1.539301e-04   21        21        1         0         
  21    1.484130e-08   5.215477e-05   2.739326e-04   22        22        1         0         
  22    1.024522e-08   5.761072e-05   2.854952e-04   23        23        1         0         
  23    4.876899e-09   5.437386e-05   4.888046e-04   24        24        1         0         
  24    3.938227e-09   2.667778e-05   1.132121e-04   26        25        2         0         
  25    3.603123e-09   1.142383e-05   4.107103e-05   27        26        1         0         
  26    3.453830e-09   9.173712e-06   2.245734e-05   28        27        1         0         
  27    3.277875e-09   1.220690e-05   3.230493e-05   29        28        1         0         
  28    3.007544e-09   1.418195e-05   6.657484e-05   30        29        1         0         
  29    2.603702e-09   1.268220e-05   1.098154e-04   31        30        1         0         
  30    2.138023e-09   2.029912e-05   2.467479e-04   32        31        1         0         
  31    1.711402e-09   1.129093e-05   1.701522e-04   33        32        1         0         
  32    1.504641e-09   7.128702e-06   3.551737e-05   34        33        1         0         
  33    1.356815e-09   5.725665e-06   6.513972e-05   35        34        1         0         
  34    1.266903e-09   8.398632e-06   7.733246e-05   36        35        1         0         
  35    1.155430e-09   6.899888e-06   5.339369e-05   37        36        1         0         
  36    9.386205e-10   7.327153e-06   1.540903e-04   38        37        1         0         
  37    8.731691e-10   8.034546e-06   6.697294e-05   39        38        1         0         
  38    8.129928e-10   4.306034e-06   3.480387e-05   40        39        1         0         
  39    7.535519e-10   5.581166e-06   4.046128e-05   41        40        1         0         
  40    6.994951e-10   8.477935e-06   4.286834e-05   42        41        1         0         
  41    5.670423e-10   1.198969e-05   1.219198e-04   43        42        1         0         
  42    4.206324e-10   9.951686e-06   1.617795e-04   44        43        1         0         
  43    3.364517e-10   3.928779e-06   1.080150e-04   45        44        1         0         
  44    3.165607e-10   1.708899e-06   2.370390e-05   46        45        1         0         
  45    3.107043e-10   2.576399e-06   1.004988e-05   47        46        1         0         
  46    2.975195e-10   3.934876e-06   2.265600e-05   48        47        1         0         
  47    2.718589e-10   5.189215e-06   4.782561e-05   49        48        1         0         
  48    2.323166e-10   5.024201e-06   9.109741e-05   50        49        1         0         
  49    1.815633e-10   3.124771e-06   1.281412e-04   51        50        1         0         
  50    1.454171e-10   1.611922e-06   1.335077e-04   52        51        1         0         
  51    1.327161e-10   2.840670e-06   4.589610e-05   53        52        1         0         
  52    1.143762e-10   3.651994e-06   6.890324e-05   54        53        1         0         
  53    9.634667e-11   2.903042e-06   7.691586e-05   55        54        1         0         
  54    8.588904e-11   2.119283e-06   6.531345e-05   56        55        1         0         
  55    8.260759e-11   6.539856e-07   1.103634e-05   57        56        1         0         
  56    8.164497e-11   8.355855e-07   5.796166e-06   58        57        1         0         
  57    8.038419e-11   1.108473e-06   5.720536e-06   59        58        1         0         
  58    7.520004e-11   1.899132e-06   2.355540e-05   60        59        1         0         
  59    6.507019e-11   2.780055e-06   5.254885e-05   61        60        1         0         
  60    4.601337e-11   3.368912e-06   1.162428e-04   62        61        1         0         
  61    2.544573e-11   2.636219e-06   1.513126e-04   63        62        1         0         
  62    1.600754e-11   8.747519e-07   8.264707e-05   64        63        1         0         
  63    1.458635e-11   1.271449e-07   1.107872e-05   65        64        1         0         
  64    1.445942e-11   1.675442e-07   8.123697e-06   66        65        1         0         
  65    1.431670e-11   2.016088e-07   4.634730e-06   67        66        1         0         
  66    1.336112e-11   3.511717e-07   1.891143e-05   68        67        1         0         
  67    1.147868e-11   5.178297e-07   2.925322e-05   69        68        1         0         
  68    8.055412e-12   6.288709e-07   5.833587e-05   70        69        1         0         
  69    5.511497e-12   1.610821e-06   8.048797e-05   71        70        1         0         
  70    3.877996e-12   4.068168e-07   3.214794e-05   72        71        1         0         
  71    3.459276e-12   7.281254e-08   2.188179e-05   73        72        1         0         
Optimization Terminated with Status: Converged
The process took 373.175 seconds to run.
Total n_vmult for algorithm 23095
