Starting optimization with 20...

Newton-Krylov using GMRES with Limited-Memory BFGS preconditioning
Line Search: Backtracking satisfying Null Curvature Condition
-------------------------------------------------------------------------------------------------------------
Newton-Krylov status output definitions

  iter     - Number of iterates (steps taken) 
  value    - Objective function value 
  gnorm    - Norm of the gradient
  snorm    - Norm of the step (update to optimization vector)
  #fval    - Cumulative number of times the objective function was evaluated
  #grad    - Number of times the gradient was computed
  iterCG   - Number of Krylov iterations used to compute search direction
  flagCG   - Krylov solver flag
-------------------------------------------------------------------------------------------------------------
  iter  value          gnorm          snorm          #fval     #grad     iterCG    flagCG    ls_#fval  ls_#grad  
  0     3.060794e-02   5.493783e-01   
  1     8.016374e-03   3.365086e-01   1.686685e+00   2         2         19        0         1         0         
  2     1.481834e-04   4.626020e-02   2.087541e+00   3         3         19        0         1         0         
  3     9.430780e-08   9.279127e-04   6.402956e-01   4         4         19        0         1         0         
  4     5.867419e-14   8.111462e-07   1.791570e-02   5         5         19        0         1         0         
  5     3.718288e-17   2.020411e-08   8.563970e-06   6         6         19        0         1         0         
Optimization Terminated with Status: Converged
The process took 1913.24 seconds to run.
Total n_vmult for algorithm 27350
