
Starting optimization with 60...
Optimizing FFD points to obtain target Gaussian bump...
96: ********************************************************
96: Biros and Ghattas Full-space method...with P2A preconditioner
96: Using 16060 design variables: 16000 simulation variables and 60 control variables.
96: Line Search: Backtracking satisfying Null Curvature Condition
96: ********************************************************
96: 1                 0.000764022       0.00100318        0.00166162        57.7839           619               3                 0                 
96: 2                 0.000161727       0.00140407        0.00417263        2387.71           546               2                 0                 
96: 3                 1.16917e-06       0.000779696       0.00289131        3197.37           493               1                 0                 
96: 4                 1.0825e-06        0.000158425       0.000125027       16210             538               1                 0                 
96: 5                 3.01859e-07       3.6419e-05        7.59385e-05       7957.92           529               1                 0                 
96: 6                 9.41899e-08       1.73541e-05       7.86518e-05       7949.82           482               2                 0                 
96: 7                 1.10608e-08       1.83701e-05       2.97029e-05       6537.04           375               1                 0                 
96: 8                 5.85504e-11       3.25147e-07       3.75819e-06       2525.36           409               1                 0                 
96: 9                 5.13995e-12       3.72487e-09       1.57736e-07       32.0329           428               1                 0                 
96: 10                5.09962e-12       1.86242e-09       1.17455e-07       0.312803          433               2                 0                 
96: 11                5.12e-12          1.85515e-09       1.17052e-07       0.0658502         365               9                 0                 
96: 12                1.99057e-08       1.30169e-07       0.00167423        52357.3           813               30                0                 
96: 13                2.26093e-07       3.57025e-06       0.00161918        1.27606e+06       795               1                 0                 
96: 14                3.39248e-07       2.21536e-05       0.00151638        1.05408e+07       791               2                 0                 
96: 15                4.53449e-06       3.66764e-05       0.00100382        2.57499e+07       829               1                 0                 
96: 16                6.58679e-06       2.13019e-05       0.000740051       2.41e+06          791               2                 0                 
96: 17                7.55576e-06       0.000124805       0.000667523       1.3735e+07        891               4                 0                 
96: 18                1.15634e-05       6.74873e-05       0.000582056       1.59291e+07       943               3                 0                 
96: 19                1.05893e-05       6.29956e-05       0.000568673       3.46062e+06       866               5                 0                 
96: 20                1.0589e-05        6.29917e-05       0.000568673       2547.91           865               15                0                 
96: 21                1.25372e-05       0.000342456       0.00314342        2.00937e+07       791               30                0                 
96: 22                3.95791e-05       0.000746131       0.00234904        7.20729e+07       1038              2                 0                 
