********************************************************
Biros and Ghattas Full-space method...with P4 preconditioner
Using 16060 design variables: 16000 simulation variables and 60 control variables.
Line Search: Backtracking satisfying Null Curvature Condition
********************************************************

1                 0.000286134       0.003416          0.00664705        6.24217           40                2                 0                 
2                 0.000189159       0.0024123         0.00651711        32.8939           40                3                 0                 
3                 1.32426e-05       0.00299181        0.00406237        35.4515           43                1                 0                 
4                 6.01333e-06       0.00207998        0.00459199        19.9238           43                2                 0                 
5                 3.13196e-06       0.000559912       0.000469837       8.86035           43                1                 0                 
6                 5.08846e-06       0.000250028       0.000684814       14.6128           40                2                 0                 
7                 1.76391e-06       0.000139814       0.000399719       11.0966           43                1                 0                 
8                 7.38395e-08       0.000205905       4.71198e-05       4.02007           40                1                 0                 
9                 6.65822e-09       2.94285e-06       6.86823e-06       1.2971            40                1                 0                 
10                4.37859e-09       4.84294e-08       7.58059e-08       1.3886            40                1                 0                 
11                1.17369e-09       7.16425e-08       1.72246e-07       3.86257           43                1                 0                 
12                4.7804e-10        1.10821e-09       2.69923e-08       2.09417           40                1                 0                 
13                2.47277e-10       1.33367e-09       6.05181e-09       1.06124           43                1                 0                 
14                1.77573e-10       1.21398e-09       3.13014e-09       0.428402          43                1                 0                 
15                1.57717e-10       4.5107e-10        6.89585e-10       0.124403          40                1                 0                 
16                1.50034e-10       3.47389e-10       2.09928e-10       0.0645669         40                1                 0                 
17                8.74508e-11       3.32953e-10       7.0034e-10        0.619624          43                2                 0                 
18                7.33356e-11       5.01343e-10       9.92259e-10       0.288393          43                1                 0                 
19                6.262e-11         1.90036e-10       3.50196e-10       0.135538          43                1                 0                 
20                5.39322e-11       2.60223e-10       4.4723e-10        0.227701          43                1                 0                 
21                4.68097e-11       1.31681e-10       2.34047e-10       0.110856          43                1                 0                 
22                4.08818e-11       2.10917e-10       3.09587e-10       0.188626          43                1                 0                 
23                3.59364e-11       1.04706e-10       1.66146e-10       0.092436          43                1                 0                 
24                3.17775e-11       1.56527e-10       2.13168e-10       0.158369          43                1                 0                 
25                2.82764e-11       8.11631e-11       1.18145e-10       0.0777924         43                1                 0                 
Optimization Terminated with Status: Converged
The process took 11060.3 seconds to run.
