********************************************************
Biros and Ghattas Full-space method...with P4 preconditioner
Using 16040 design variables: 16000 simulation variables and 40 control variables.
Line Search: Backtracking satisfying Null Curvature Condition
********************************************************

1                 0.000287337       0.00352854        0.00648575        12.7533           34                2                 0                 
2                 4.44163e-06       0.00113867        0.0057582         21.4715           36                1                 0                 
3                 1.25571e-06       0.000614137       0.000387522       13.0893           32                1                 0                 
4                 1.16249e-07       0.000145471       0.00013105        15.0989           37                1                 0                 
5                 2.12049e-08       3.95144e-06       1.08155e-05       1.59548           32                1                 0                 
6                 1.22113e-08       1.09826e-07       2.95898e-07       2.39266           34                1                 0                 
7                 2.02895e-09       1.06789e-07       2.94448e-07       8.12617           37                1                 0                 
8                 8.62265e-10       4.79968e-09       4.58837e-08       4.86819           31                1                 0                 
9                 6.1731e-10        3.74899e-09       1.00904e-08       0.54093           34                1                 0                 
10                5.20469e-10       1.92045e-09       3.64835e-09       0.353891          34                1                 0                 
11                4.51089e-10       6.44734e-10       1.66507e-09       0.265527          34                1                 0                 
12                4.00671e-10       1.13196e-09       1.95021e-09       0.249273          34                1                 0                 
13                3.60385e-10       5.23119e-10       1.10931e-09       0.212171          34                1                 0                 
14                3.26813e-10       8.67173e-10       1.30067e-09       0.207918          34                1                 0                 
15                2.98208e-10       4.35602e-10       8.2322e-10        0.180856          34                1                 0                 
16                2.73044e-10       7.27642e-10       9.58087e-10       0.183754          34                1                 0                 
17                2.50839e-10       3.77411e-10       6.54938e-10       0.159763          34                1                 0                 
18                2.30786e-10       6.38461e-10       7.4942e-10        0.167129          34                1                 0                 
19                2.12815e-10       3.33016e-10       5.37441e-10       0.143431          34                1                 0                 
20                1.9639e-10        5.72376e-10       6.04414e-10       0.154146          34                1                 0                 
21                1.81579e-10       2.97527e-10       4.43427e-10       0.129687          34                1                 0                 
22                1.67963e-10       5.18728e-10       4.92703e-10       0.14328           34                1                 0                 
23                3.69147e-11       1.97266e-09       3.70627e-09       2.37993           37                1                 0                 
24                3.18035e-11       5.08609e-11       1.62963e-10       0.246389          34                1                 0                 
Optimization Terminated with Status: Converged
The process took 9270.08 seconds to run.
