Starting optimization with 20 control variables...

Primal Dual Active Set Method

 Full-Space Newton Method
  iter  value          gnorm          cnorm          ecnorm         flowcnorm      flow_cfl       identity       icnorm         snorm          #linesear  iterPDAS   flagPDAS   iterGMRES  resiGMRES      flagGMRES  feasible   n_active_  n_vmult           dRdW_form         dRdW_mult         dRdX_mult         d2R_mult          
  0     4.035302e-02   1.961669e-01   
  iter  value          gnorm          cnorm          ecnorm         flowcnorm      flow_cfl       identity       icnorm         snorm          #linesear  iterPDAS   flagPDAS   iterGMRES  resiGMRES      flagGMRES  feasible   n_active_  n_vmult           dRdW_form         dRdW_mult         dRdX_mult         d2R_mult          
  1     2.752370e-02   1.447809e-01   1.426811e-03   1.426811e-03   7.116770e-09   9.705230e+09   3.848147e+00   0.000000e+00   2.423740e+01   1          1          0          142        9.517102e-11   0          YES       2          16334             23                4130              580               572               
  iter  value          gnorm          cnorm          ecnorm         flowcnorm      flow_cfl       identity       icnorm         snorm          #linesear  iterPDAS   flagPDAS   iterGMRES  resiGMRES      flagGMRES  feasible   n_active_  n_vmult           dRdW_form         dRdW_mult         dRdX_mult         d2R_mult          
  2     2.461769e-02   5.928496e-02   2.588798e-04   2.588798e-04   7.483281e-11   2.254049e+12   2.096151e+00   0.000000e+00   7.745045e+00   1          1          0          143        9.835871e-11   0          YES       2          28528             26                7664              1164              1148              
  iter  value          gnorm          cnorm          ecnorm         flowcnorm      flow_cfl       identity       icnorm         snorm          #linesear  iterPDAS   flagPDAS   iterGMRES  resiGMRES      flagGMRES  feasible   n_active_  n_vmult           dRdW_form         dRdW_mult         dRdX_mult         d2R_mult          
  3     2.226023e-02   2.031692e-02   8.900292e-03   1.508591e-04   9.885667e-11   4.978932e+12   3.514706e-01   8.749433e-03   4.349613e+00   1          1          1          146        9.583793e-11   0          NO        4          40915             29                11223             1760              1736              
  iter  value          gnorm          cnorm          ecnorm         flowcnorm      flow_cfl       identity       icnorm         snorm          #linesear  iterPDAS   flagPDAS   iterGMRES  resiGMRES      flagGMRES  feasible   n_active_  n_vmult           dRdW_form         dRdW_mult         dRdX_mult         d2R_mult          
  4     2.165236e-02   1.980890e-02   9.258472e-03   7.124425e-05   5.169041e-11   9.766293e+12   4.127772e-02   9.187228e-03   1.884947e+00   2          1          1          181        9.085906e-11   0          NO        6          55976             32                15496             2496              2464              
  iter  value          gnorm          cnorm          ecnorm         flowcnorm      flow_cfl       identity       icnorm         snorm          #linesear  iterPDAS   flagPDAS   iterGMRES  resiGMRES      flagGMRES  feasible   n_active_  n_vmult           dRdW_form         dRdW_mult         dRdX_mult         d2R_mult          
  5     2.148521e-02   2.539525e-02   8.208165e-03   5.467972e-05   3.904163e-11   1.008602e+13   3.923924e-02   8.153485e-03   2.066587e+00   3          1          1          187        7.764580e-11   0          NO        7          71479             35                19875             3256              3216              
  iter  value          gnorm          cnorm          ecnorm         flowcnorm      flow_cfl       identity       icnorm         snorm          #linesear  iterPDAS   flagPDAS   iterGMRES  resiGMRES      flagGMRES  feasible   n_active_  n_vmult           dRdW_form         dRdW_mult         dRdX_mult         d2R_mult          
  6     2.134596e-02   1.154561e-02   3.947995e-03   4.258161e-06   3.390068e-12   2.554905e+14   6.449187e-02   3.943737e-03   9.191259e-01   1          1          1          178        7.748798e-11   0          NO        6          86354             38                24130             3980              3932              
  iter  value          gnorm          cnorm          ecnorm         flowcnorm      flow_cfl       identity       icnorm         snorm          #linesear  iterPDAS   flagPDAS   iterGMRES  resiGMRES      flagGMRES  feasible   n_active_  n_vmult           dRdW_form         dRdW_mult         dRdX_mult         d2R_mult          
  7     2.134366e-02   3.177043e-02   5.375618e-03   3.776625e-06   2.865458e-12   1.098457e+14   1.333011e-02   5.371841e-03   2.297381e+00   5          1          1          197        8.835008e-11   0          NO        7          102610            41                28702             4780              4724              
  iter  value          gnorm          cnorm          ecnorm         flowcnorm      flow_cfl       identity       icnorm         snorm          #linesear  iterPDAS   flagPDAS   iterGMRES  resiGMRES      flagGMRES  feasible   n_active_  n_vmult           dRdW_form         dRdW_mult         dRdX_mult         d2R_mult          
  8     2.148640e-02   6.230624e-03   5.111354e-03   2.616917e-05   4.894326e-12   3.279258e+14   1.009360e-01   5.085184e-03   8.723083e-01   1          1          1          168        6.420191e-11   0          NO        8          116690            44                32722             5464              5400              
  iter  value          gnorm          cnorm          ecnorm         flowcnorm      flow_cfl       identity       icnorm         snorm          #linesear  iterPDAS   flagPDAS   iterGMRES  resiGMRES      flagGMRES  feasible   n_active_  n_vmult           dRdW_form         dRdW_mult         dRdX_mult         d2R_mult          
  9     2.146090e-02   8.042683e-03   3.833960e-03   2.007133e-05   3.190879e-12   3.896626e+14   3.882067e-03   3.813888e-03   4.400429e-01   3          1          1          200        9.387675e-11   0          NO        8          133209            47                37389             6276              6204              
  iter  value          gnorm          cnorm          ecnorm         flowcnorm      flow_cfl       identity       icnorm         snorm          #linesear  iterPDAS   flagPDAS   iterGMRES  resiGMRES      flagGMRES  feasible   n_active_  n_vmult           dRdW_form         dRdW_mult         dRdX_mult         d2R_mult          
  10    2.145173e-02   6.222171e-03   3.651174e-03   1.760070e-05   2.649784e-12   6.065235e+14   6.468476e-03   3.633574e-03   7.788701e-02   4          1          1          196        9.782093e-11   0          NO        9          149417            50                41969             7072              6992              
  iter  value          gnorm          cnorm          ecnorm         flowcnorm      flow_cfl       identity       icnorm         snorm          #linesear  iterPDAS   flagPDAS   iterGMRES  resiGMRES      flagGMRES  feasible   n_active_  n_vmult           dRdW_form         dRdW_mult         dRdX_mult         d2R_mult          
  11    2.144274e-02   6.564573e-03   4.887162e-03   1.535684e-05   2.201228e-12   6.920357e+14   3.871541e-03   4.871806e-03   1.151828e-01   4          1          1          189        7.983090e-11   0          NO        11         165072            53                46388             7840              7752              
  iter  value          gnorm          cnorm          ecnorm         flowcnorm      flow_cfl       identity       icnorm         snorm          #linesear  iterPDAS   flagPDAS   iterGMRES  resiGMRES      flagGMRES  feasible   n_active_  n_vmult           dRdW_form         dRdW_mult         dRdX_mult         d2R_mult          
  12    2.141611e-02   9.519617e-04   7.857102e-07   7.857102e-07   6.652635e-13   1.579017e+16   4.309362e-03   0.000000e+00   2.577538e-01   1          1          0          170        7.740446e-11   0          YES       11         179304            56                50448             8532              8436              
  iter  value          gnorm          cnorm          ecnorm         flowcnorm      flow_cfl       identity       icnorm         snorm          #linesear  iterPDAS   flagPDAS   iterGMRES  resiGMRES      flagGMRES  feasible   n_active_  n_vmult           dRdW_form         dRdW_mult         dRdX_mult         d2R_mult          
  13    2.143015e-02   5.104613e-04   3.698784e-07   3.698784e-07   4.020581e-13   4.872460e+16   1.000000e-04   0.000000e+00   1.082852e-01   1          1          0          165        8.060819e-11   0          YES       11         193177            59                54429             9204              9100              
  iter  value          gnorm          cnorm          ecnorm         flowcnorm      flow_cfl       identity       icnorm         snorm          #linesear  iterPDAS   flagPDAS   iterGMRES  resiGMRES      flagGMRES  feasible   n_active_  n_vmult           dRdW_form         dRdW_mult         dRdX_mult         d2R_mult          
  14    2.142715e-02   3.670641e-04   1.279981e-07   1.279981e-07   2.167998e-13   1.256606e+17   1.000000e-04   0.000000e+00   6.030875e-02   1          1          0          164        8.856851e-11   0          YES       11         206939            62                58355             9872              9760              
  iter  value          gnorm          cnorm          ecnorm         flowcnorm      flow_cfl       identity       icnorm         snorm          #linesear  iterPDAS   flagPDAS   iterGMRES  resiGMRES      flagGMRES  feasible   n_active_  n_vmult           dRdW_form         dRdW_mult         dRdX_mult         d2R_mult          
  15    2.142654e-02   2.550269e-04   5.725063e-08   5.725063e-08   1.387445e-13   2.826171e+17   1.000000e-04   0.000000e+00   3.970655e-02   1          1          0          163        8.066441e-11   0          YES       11         220639            65                62275             10536             10416             
  iter  value          gnorm          cnorm          ecnorm         flowcnorm      flow_cfl       identity       icnorm         snorm          #linesear  iterPDAS   flagPDAS   iterGMRES  resiGMRES      flagGMRES  feasible   n_active_  n_vmult           dRdW_form         dRdW_mult         dRdX_mult         d2R_mult          
  16    2.142748e-02   1.742540e-04   2.550452e-08   2.550452e-08   9.246053e-14   6.206701e+17   1.000000e-04   0.000000e+00   2.698401e-02   1          1          0          162        7.255069e-11   0          YES       11         234249            68                66161             11196             11068             
  iter  value          gnorm          cnorm          ecnorm         flowcnorm      flow_cfl       identity       icnorm         snorm          #linesear  iterPDAS   flagPDAS   iterGMRES  resiGMRES      flagGMRES  feasible   n_active_  n_vmult           dRdW_form         dRdW_mult         dRdX_mult         d2R_mult          
  17    2.142648e-02   1.207323e-04   1.194151e-08   1.194151e-08   6.436771e-14   1.286792e+18   1.000000e-04   0.000000e+00   1.853348e-02   1          1          0          160        9.853490e-11   0          YES       11         247721            71                70021             11848             11712             
  iter  value          gnorm          cnorm          ecnorm         flowcnorm      flow_cfl       identity       icnorm         snorm          #linesear  iterPDAS   flagPDAS   iterGMRES  resiGMRES      flagGMRES  feasible   n_active_  n_vmult           dRdW_form         dRdW_mult         dRdX_mult         d2R_mult          
  18    2.142724e-02   8.251910e-05   5.595285e-09   5.595285e-09   4.420330e-14   2.741516e+18   1.000000e-04   0.000000e+00   1.276084e-02   1          1          0          159        9.935115e-11   0          YES       11         261117            74                73861             12496             12352             
  iter  value          gnorm          cnorm          ecnorm         flowcnorm      flow_cfl       identity       icnorm         snorm          #linesear  iterPDAS   flagPDAS   iterGMRES  resiGMRES      flagGMRES  feasible   n_active_  n_vmult           dRdW_form         dRdW_mult         dRdX_mult         d2R_mult          
  19    2.142669e-02   5.684780e-05   2.624611e-09   2.624611e-09   3.044523e-14   5.777861e+18   1.000000e-04   0.000000e+00   8.761577e-03   1          1          0          158        9.093579e-11   0          YES       11         274430            77                77674             13140             12988             
  iter  value          gnorm          cnorm          ecnorm         flowcnorm      flow_cfl       identity       icnorm         snorm          #linesear  iterPDAS   flagPDAS   iterGMRES  resiGMRES      flagGMRES  feasible   n_active_  n_vmult           dRdW_form         dRdW_mult         dRdX_mult         d2R_mult          
  20    2.142708e-02   3.890778e-05   1.237916e-09   1.237916e-09   2.088340e-14   1.230729e+19   1.000000e-04   0.000000e+00   6.016982e-03   1          1          0          157        8.261756e-11   0          YES       11         287653            80                81453             13780             13620             
  iter  value          gnorm          cnorm          ecnorm         flowcnorm      flow_cfl       identity       icnorm         snorm          #linesear  iterPDAS   flagPDAS   iterGMRES  resiGMRES      flagGMRES  feasible   n_active_  n_vmult           dRdW_form         dRdW_mult         dRdX_mult         d2R_mult          
  21    2.142681e-02   2.673499e-05   5.744566e-10   5.744566e-10   1.434069e-14   2.608254e+19   1.000000e-04   0.000000e+00   4.127242e-03   1          1          0          155        8.792185e-11   0          YES       11         300752            83                85220             14412             14244             
  iter  value          gnorm          cnorm          ecnorm         flowcnorm      flow_cfl       identity       icnorm         snorm          #linesear  iterPDAS   flagPDAS   iterGMRES  resiGMRES      flagGMRES  feasible   n_active_  n_vmult           dRdW_form         dRdW_mult         dRdX_mult         d2R_mult          
  22    2.142699e-02   1.831564e-05   2.741205e-10   2.741205e-10   9.835642e-15   5.551050e+19   1.000000e-04   0.000000e+00   2.831723e-03   1          1          0          154        7.991126e-11   0          YES       11         313761            86                88953             15040             14864             
  iter  value          gnorm          cnorm          ecnorm         flowcnorm      flow_cfl       identity       icnorm         snorm          #linesear  iterPDAS   flagPDAS   iterGMRES  resiGMRES      flagGMRES  feasible   n_active_  n_vmult           dRdW_form         dRdW_mult         dRdX_mult         d2R_mult          
  23    2.142687e-02   1.257143e-05   1.271487e-10   1.271487e-10   6.755157e-15   1.177551e+20   1.000000e-04   0.000000e+00   1.942008e-03   1          1          0          152        9.716859e-11   0          YES       11         326618            89                92646             15660             15476             
  iter  value          gnorm          cnorm          ecnorm         flowcnorm      flow_cfl       identity       icnorm         snorm          #linesear  iterPDAS   flagPDAS   iterGMRES  resiGMRES      flagGMRES  feasible   n_active_  n_vmult           dRdW_form         dRdW_mult         dRdX_mult         d2R_mult          
  24    2.142695e-02   8.616655e-06   6.103008e-11   6.103008e-11   4.639694e-15   2.501336e+20   1.000000e-04   0.000000e+00   1.332018e-03   1          1          0          151        9.455332e-11   0          YES       11         339448            92                96368             16276             16084             
Optimization Terminated with Status: Converged
The process took 854.057 seconds to run.
Total n_vmult for algorithm 339448
