Starting optimization with 70 control variables...

Primal Dual Active Set Method

 Full-Space Newton Method
  iter  value          gnorm          cnorm          ecnorm         flowcnorm      flow_cfl       identity       icnorm         snorm          #linesear  iterPDAS   flagPDAS   iterGMRES  resiGMRES      flagGMRES  feasible   n_active_  n_vmult           dRdW_form         dRdW_mult         dRdX_mult         d2R_mult          
  0     9.645510e-02   2.624691e-01   
  iter  value          gnorm          cnorm          ecnorm         flowcnorm      flow_cfl       identity       icnorm         snorm          #linesear  iterPDAS   flagPDAS   iterGMRES  resiGMRES      flagGMRES  feasible   n_active_  n_vmult           dRdW_form         dRdW_mult         dRdX_mult         d2R_mult          
  1     8.856997e-02   2.114310e-01   9.568908e-05   9.568908e-05   2.457223e-10   1.924805e+11   6.889004e+00   0.000000e+00   9.491296e+00   1          1          1          97         7.523647e-11   0          YES       1          8146              12                2362              400               392               
  iter  value          gnorm          cnorm          ecnorm         flowcnorm      flow_cfl       identity       icnorm         snorm          #linesear  iterPDAS   flagPDAS   iterGMRES  resiGMRES      flagGMRES  feasible   n_active_  n_vmult           dRdW_form         dRdW_mult         dRdX_mult         d2R_mult          
  2     8.327659e-02   1.369286e-01   5.416360e-04   4.544856e-05   6.458481e-11   1.130773e+12   4.470305e+00   4.961875e-04   3.408685e+00   1          1          1          95         6.913634e-11   0          NO        2          15855             15                4579              792               776               
  iter  value          gnorm          cnorm          ecnorm         flowcnorm      flow_cfl       identity       icnorm         snorm          #linesear  iterPDAS   flagPDAS   iterGMRES  resiGMRES      flagGMRES  feasible   n_active_  n_vmult           dRdW_form         dRdW_mult         dRdX_mult         d2R_mult          
  3     7.850896e-02   8.514771e-02   9.466291e-05   9.466291e-05   5.328526e-11   2.204042e+12   1.874943e+00   0.000000e+00   9.163370e-01   1          1          0          89         8.679421e-11   0          YES       2          23115             18                6683              1160              1136              
  iter  value          gnorm          cnorm          ecnorm         flowcnorm      flow_cfl       identity       icnorm         snorm          #linesear  iterPDAS   flagPDAS   iterGMRES  resiGMRES      flagGMRES  feasible   n_active_  n_vmult           dRdW_form         dRdW_mult         dRdX_mult         d2R_mult          
  4     7.401638e-02   5.328295e-02   5.073490e-03   1.709113e-04   4.341788e-11   4.322581e+12   7.250132e-01   4.902579e-03   1.012015e+00   1          1          1          88         8.931363e-11   0          NO        5          30299             21                8767              1524              1492              
  iter  value          gnorm          cnorm          ecnorm         flowcnorm      flow_cfl       identity       icnorm         snorm          #linesear  iterPDAS   flagPDAS   iterGMRES  resiGMRES      flagGMRES  feasible   n_active_  n_vmult           dRdW_form         dRdW_mult         dRdX_mult         d2R_mult          
  5     7.314000e-02   3.507283e-02   1.084593e-02   1.332501e-04   3.276111e-11   8.703031e+12   2.839073e-01   1.071268e-02   8.970154e-01   3          1          1          99         7.715374e-11   0          NO        9          38319             24                11071             1932              1892              
  iter  value          gnorm          cnorm          ecnorm         flowcnorm      flow_cfl       identity       icnorm         snorm          #linesear  iterPDAS   flagPDAS   iterGMRES  resiGMRES      flagGMRES  feasible   n_active_  n_vmult           dRdW_form         dRdW_mult         dRdX_mult         d2R_mult          
  6     7.255907e-02   3.106741e-02   2.759174e-02   6.670922e-05   1.644201e-11   1.957673e+13   1.230104e-01   2.752503e-02   4.573712e-01   2          1          1          118        6.153226e-11   0          NO        12         47769             27                13741             2416              2368              
  iter  value          gnorm          cnorm          ecnorm         flowcnorm      flow_cfl       identity       icnorm         snorm          #linesear  iterPDAS   flagPDAS   iterGMRES  resiGMRES      flagGMRES  feasible   n_active_  n_vmult           dRdW_form         dRdW_mult         dRdX_mult         d2R_mult          
  7     7.314843e-02   4.010655e-02   3.964417e-02   3.406594e-05   3.922788e-12   6.356086e+13   9.651837e-02   3.961011e-02   4.142076e-01   1          1          1          124        8.609598e-11   0          NO        14         57696             30                16552             2924              2868              
  iter  value          gnorm          cnorm          ecnorm         flowcnorm      flow_cfl       identity       icnorm         snorm          #linesear  iterPDAS   flagPDAS   iterGMRES  resiGMRES      flagGMRES  feasible   n_active_  n_vmult           dRdW_form         dRdW_mult         dRdX_mult         d2R_mult          
  8     7.310799e-02   6.226928e-03   9.889803e-04   1.044217e-05   2.491903e-12   6.444586e+14   1.608536e-01   9.785381e-04   5.412613e-01   1          1          1          112        7.560551e-11   0          NO        15         66711             33                19123             3384              3320              
  iter  value          gnorm          cnorm          ecnorm         flowcnorm      flow_cfl       identity       icnorm         snorm          #linesear  iterPDAS   flagPDAS   iterGMRES  resiGMRES      flagGMRES  feasible   n_active_  n_vmult           dRdW_form         dRdW_mult         dRdX_mult         d2R_mult          
  9     7.306143e-02   5.261775e-03   2.245747e-03   9.795194e-06   2.337299e-12   8.131177e+14   3.877463e-03   2.235952e-03   1.263476e-01   5          1          1          147        8.878628e-11   0          NO        16         78372             36                22380             3984              3912              
  iter  value          gnorm          cnorm          ecnorm         flowcnorm      flow_cfl       identity       icnorm         snorm          #linesear  iterPDAS   flagPDAS   iterGMRES  resiGMRES      flagGMRES  feasible   n_active_  n_vmult           dRdW_form         dRdW_mult         dRdX_mult         d2R_mult          
  10    7.302092e-02   5.093609e-03   2.219519e-03   9.183870e-06   2.192083e-12   8.956070e+14   2.768627e-03   2.210335e-03   1.404704e-01   5          1          1          149        8.880118e-11   0          NO        17         90171             39                25663             4592              4512              
  iter  value          gnorm          cnorm          ecnorm         flowcnorm      flow_cfl       identity       icnorm         snorm          #linesear  iterPDAS   flagPDAS   iterGMRES  resiGMRES      flagGMRES  feasible   n_active_  n_vmult           dRdW_form         dRdW_mult         dRdX_mult         d2R_mult          
  11    7.298605e-02   4.981642e-03   2.428429e-03   8.611268e-06   2.055447e-12   9.766102e+14   2.594485e-03   2.419818e-03   9.583777e-02   5          1          1          150        5.144318e-11   0          NO        18         102067            42                28987             5204              5116              
  iter  value          gnorm          cnorm          ecnorm         flowcnorm      flow_cfl       identity       icnorm         snorm          #linesear  iterPDAS   flagPDAS   iterGMRES  resiGMRES      flagGMRES  feasible   n_active_  n_vmult           dRdW_form         dRdW_mult         dRdX_mult         d2R_mult          
  12    7.296021e-02   6.812875e-03   6.573487e-03   8.073374e-06   1.927254e-12   7.616064e+14   2.481676e-03   6.565414e-03   9.250768e-02   5          1          1          145        6.391675e-11   0          NO        19         113576            45                32204             5796              5700              
  iter  value          gnorm          cnorm          ecnorm         flowcnorm      flow_cfl       identity       icnorm         snorm          #linesear  iterPDAS   flagPDAS   iterGMRES  resiGMRES      flagGMRES  feasible   n_active_  n_vmult           dRdW_form         dRdW_mult         dRdX_mult         d2R_mult          
  13    7.288676e-02   8.488973e-03   8.460466e-03   6.236737e-06   1.439440e-12   8.183729e+14   4.641527e-03   8.454229e-03   6.563943e-02   3          1          1          136        5.512479e-11   0          NO        20         124394            48                35234             6352              6248              
  iter  value          gnorm          cnorm          ecnorm         flowcnorm      flow_cfl       identity       icnorm         snorm          #linesear  iterPDAS   flagPDAS   iterGMRES  resiGMRES      flagGMRES  feasible   n_active_  n_vmult           dRdW_form         dRdW_mult         dRdX_mult         d2R_mult          
  14    7.267613e-02   9.193494e-03   9.193335e-03   1.931125e-06   5.626321e-13   1.933280e+15   7.206267e-03   9.191404e-03   4.384988e-02   1          1          1          132        9.147111e-11   0          NO        19         134929            51                38205             6892              6780              
  iter  value          gnorm          cnorm          ecnorm         flowcnorm      flow_cfl       identity       icnorm         snorm          #linesear  iterPDAS   flagPDAS   iterGMRES  resiGMRES      flagGMRES  feasible   n_active_  n_vmult           dRdW_form         dRdW_mult         dRdX_mult         d2R_mult          
  15    7.267507e-02   1.632246e-04   2.983156e-10   2.983156e-10   7.147341e-16   8.571759e+19   8.452033e-03   0.000000e+00   2.342545e-02   1          1          0          130        5.646663e-11   0          YES       19         145305            54                41129             7424              7304              
  iter  value          gnorm          cnorm          ecnorm         flowcnorm      flow_cfl       identity       icnorm         snorm          #linesear  iterPDAS   flagPDAS   iterGMRES  resiGMRES      flagGMRES  feasible   n_active_  n_vmult           dRdW_form         dRdW_mult         dRdX_mult         d2R_mult          
  16    7.266709e-02   1.555949e-02   1.541611e-02   8.314162e-09   2.564879e-15   2.505750e+17   1.000000e-04   1.541611e-02   1.073229e-01   5          1          1          156        9.737237e-11   0          NO        21         157650            57                44566             8060              7932              
  iter  value          gnorm          cnorm          ecnorm         flowcnorm      flow_cfl       identity       icnorm         snorm          #linesear  iterPDAS   flagPDAS   iterGMRES  resiGMRES      flagGMRES  feasible   n_active_  n_vmult           dRdW_form         dRdW_mult         dRdX_mult         d2R_mult          
  17    7.266785e-02   4.689269e-04   1.449355e-08   1.449355e-08   2.082013e-15   1.024263e+19   2.420978e-02   0.000000e+00   5.804185e-02   1          1          0          119        9.006824e-11   0          YES       21         167162            60                47242             8548              8412              
  iter  value          gnorm          cnorm          ecnorm         flowcnorm      flow_cfl       identity       icnorm         snorm          #linesear  iterPDAS   flagPDAS   iterGMRES  resiGMRES      flagGMRES  feasible   n_active_  n_vmult           dRdW_form         dRdW_mult         dRdX_mult         d2R_mult          
  18    7.266368e-02   1.414454e-02   1.404025e-02   1.688673e-08   2.542218e-15   2.780982e+17   1.000000e-04   1.404023e-02   8.276904e-02   5          1          1          161        6.309010e-11   0          NO        24         179887            63                50779             9204              9060              
  iter  value          gnorm          cnorm          ecnorm         flowcnorm      flow_cfl       identity       icnorm         snorm          #linesear  iterPDAS   flagPDAS   iterGMRES  resiGMRES      flagGMRES  feasible   n_active_  n_vmult           dRdW_form         dRdW_mult         dRdX_mult         d2R_mult          
  19    7.266435e-02   1.127379e-03   5.950021e-04   6.388901e-08   1.205576e-15   7.357588e+18   2.000682e-02   5.949382e-04   6.148660e-02   1          1          1          129        6.108095e-11   0          NO        22         190180            66                53676             9732              9580              
  iter  value          gnorm          cnorm          ecnorm         flowcnorm      flow_cfl       identity       icnorm         snorm          #linesear  iterPDAS   flagPDAS   iterGMRES  resiGMRES      flagGMRES  feasible   n_active_  n_vmult           dRdW_form         dRdW_mult         dRdX_mult         d2R_mult          
  20    7.266340e-02   3.883828e-03   3.665446e-03   5.972750e-08   1.147437e-15   2.243939e+18   1.270982e-04   3.665386e-03   3.858006e-02   5          1          1          152        9.379393e-11   0          NO        24         202228            69                57040             10352             10192             
  iter  value          gnorm          cnorm          ecnorm         flowcnorm      flow_cfl       identity       icnorm         snorm          #linesear  iterPDAS   flagPDAS   iterGMRES  resiGMRES      flagGMRES  feasible   n_active_  n_vmult           dRdW_form         dRdW_mult         dRdX_mult         d2R_mult          
  21    7.266333e-02   1.662468e-05   4.917667e-08   4.917667e-08   1.286406e-15   4.675935e+20   1.508412e-03   0.000000e+00   3.056913e-02   1          1          0          133        8.868616e-11   0          YES       23         212832            72                60024             10896             10728             
  iter  value          gnorm          cnorm          ecnorm         flowcnorm      flow_cfl       identity       icnorm         snorm          #linesear  iterPDAS   flagPDAS   iterGMRES  resiGMRES      flagGMRES  feasible   n_active_  n_vmult           dRdW_form         dRdW_mult         dRdX_mult         d2R_mult          
  22    7.266310e-02   2.637240e-05   4.302772e-08   4.302772e-08   1.131016e-15   3.352599e+20   1.000000e-04   0.000000e+00   1.773978e-02   4          1          1          134        5.938395e-11   0          YES       23         223491            75                63007             11444             11268             
  iter  value          gnorm          cnorm          ecnorm         flowcnorm      flow_cfl       identity       icnorm         snorm          #linesear  iterPDAS   flagPDAS   iterGMRES  resiGMRES      flagGMRES  feasible   n_active_  n_vmult           dRdW_form         dRdW_mult         dRdX_mult         d2R_mult          
  23    7.266298e-02   2.691402e-05   4.033804e-08   4.033804e-08   1.058896e-15   3.508879e+20   1.000000e-04   0.000000e+00   8.666160e-03   5          1          1          135        9.181558e-11   0          YES       23         234240            78                66024             11996             11812             
  iter  value          gnorm          cnorm          ecnorm         flowcnorm      flow_cfl       identity       icnorm         snorm          #linesear  iterPDAS   flagPDAS   iterGMRES  resiGMRES      flagGMRES  feasible   n_active_  n_vmult           dRdW_form         dRdW_mult         dRdX_mult         d2R_mult          
  24    7.266287e-02   1.979760e-03   1.979620e-03   3.781647e-08   1.031162e-15   4.898472e+18   1.000000e-04   1.979582e-03   8.630353e-03   5          1          1          135        9.732142e-11   0          NO        24         244989            81                69041             12548             12356             
  iter  value          gnorm          cnorm          ecnorm         flowcnorm      flow_cfl       identity       icnorm         snorm          #linesear  iterPDAS   flagPDAS   iterGMRES  resiGMRES      flagGMRES  feasible   n_active_  n_vmult           dRdW_form         dRdW_mult         dRdX_mult         d2R_mult          
  25    7.266278e-02   7.709170e-06   1.569855e-11   1.569855e-11   8.597985e-16   1.508675e+21   3.919451e-04   0.000000e+00   2.058005e-02   1          1          0          140        7.284568e-11   0          YES       24         256118            84                72158             13120             12920             
Optimization Terminated with Status: Converged
The process took 131.969 seconds to run.
Total n_vmult for algorithm 256118
