Starting optimization with 60 control variables...

Primal Dual Active Set Method

 Full-Space Newton Method
  iter  value          gnorm          cnorm          ecnorm         flowcnorm      flow_cfl       identity       icnorm         snorm          #linesear  iterPDAS   flagPDAS   iterGMRES  resiGMRES      flagGMRES  feasible   n_active_  n_vmult           dRdW_form         dRdW_mult         dRdX_mult         d2R_mult          
  0     9.645510e-02   2.601260e-01   
  iter  value          gnorm          cnorm          ecnorm         flowcnorm      flow_cfl       identity       icnorm         snorm          #linesear  iterPDAS   flagPDAS   iterGMRES  resiGMRES      flagGMRES  feasible   n_active_  n_vmult           dRdW_form         dRdW_mult         dRdX_mult         d2R_mult          
  1     8.798663e-02   2.148149e-01   1.117729e-04   1.117729e-04   2.898853e-10   1.605866e+11   6.766552e+00   0.000000e+00   9.431304e+00   1          1          1          96         9.508465e-11   0          YES       1          8070              12                2342              396               388               
  iter  value          gnorm          cnorm          ecnorm         flowcnorm      flow_cfl       identity       icnorm         snorm          #linesear  iterPDAS   flagPDAS   iterGMRES  resiGMRES      flagGMRES  feasible   n_active_  n_vmult           dRdW_form         dRdW_mult         dRdX_mult         d2R_mult          
  2     8.278581e-02   1.373074e-01   6.070416e-04   3.815032e-05   5.458229e-11   1.334302e+12   4.614544e+00   5.688913e-04   3.322027e+00   1          1          1          95         7.656480e-11   0          NO        2          15807             15                4587              788               772               
  iter  value          gnorm          cnorm          ecnorm         flowcnorm      flow_cfl       identity       icnorm         snorm          #linesear  iterPDAS   flagPDAS   iterGMRES  resiGMRES      flagGMRES  feasible   n_active_  n_vmult           dRdW_form         dRdW_mult         dRdX_mult         d2R_mult          
  3     7.816256e-02   8.399680e-02   8.415880e-05   8.415880e-05   4.536089e-11   2.624555e+12   1.885332e+00   0.000000e+00   9.066503e-01   1          1          0          89         6.486692e-11   0          YES       2          23046             18                6670              1156              1132              
  iter  value          gnorm          cnorm          ecnorm         flowcnorm      flow_cfl       identity       icnorm         snorm          #linesear  iterPDAS   flagPDAS   iterGMRES  resiGMRES      flagGMRES  feasible   n_active_  n_vmult           dRdW_form         dRdW_mult         dRdX_mult         d2R_mult          
  4     7.375974e-02   5.304523e-02   1.011257e-02   1.773741e-04   3.609398e-11   5.222986e+12   7.055463e-01   9.935197e-03   1.037310e+00   1          1          1          88         6.954744e-11   0          NO        6          30230             21                8754              1520              1488              
  iter  value          gnorm          cnorm          ecnorm         flowcnorm      flow_cfl       identity       icnorm         snorm          #linesear  iterPDAS   flagPDAS   iterGMRES  resiGMRES      flagGMRES  feasible   n_active_  n_vmult           dRdW_form         dRdW_mult         dRdX_mult         d2R_mult          
  5     7.298366e-02   2.747087e-02   1.668568e-02   1.036175e-04   1.869307e-11   1.947363e+13   2.813797e-01   1.658206e-02   6.098350e-01   2          1          1          101        7.826127e-11   0          NO        9          38402             24                11098             1936              1896              
  iter  value          gnorm          cnorm          ecnorm         flowcnorm      flow_cfl       identity       icnorm         snorm          #linesear  iterPDAS   flagPDAS   iterGMRES  resiGMRES      flagGMRES  feasible   n_active_  n_vmult           dRdW_form         dRdW_mult         dRdX_mult         d2R_mult          
  6     7.269464e-02   3.622886e-02   3.422601e-02   5.191428e-05   9.395617e-12   2.937785e+13   7.546489e-02   3.417410e-02   5.396789e-01   2          1          1          122        9.522282e-11   0          NO        12         48163             27                13855             2436              2388              
  iter  value          gnorm          cnorm          ecnorm         flowcnorm      flow_cfl       identity       icnorm         snorm          #linesear  iterPDAS   flagPDAS   iterGMRES  resiGMRES      flagGMRES  feasible   n_active_  n_vmult           dRdW_form         dRdW_mult         dRdX_mult         d2R_mult          
  7     7.305291e-02   2.105512e-02   2.023656e-02   2.105864e-05   1.396122e-12   3.401879e+14   1.312531e-01   2.021551e-02   6.433775e-01   1          1          1          115        6.507825e-11   0          NO        13         57413             30                16493             2908              2852              
  iter  value          gnorm          cnorm          ecnorm         flowcnorm      flow_cfl       identity       icnorm         snorm          #linesear  iterPDAS   flagPDAS   iterGMRES  resiGMRES      flagGMRES  feasible   n_active_  n_vmult           dRdW_form         dRdW_mult         dRdX_mult         d2R_mult          
  8     7.299001e-02   1.306393e-02   1.290178e-02   5.606380e-07   4.415358e-14   1.733645e+16   4.433181e-02   1.290122e-02   9.162839e-02   1          1          1          121        6.161329e-11   0          NO        14         67098             33                19230             3404              3340              
  iter  value          gnorm          cnorm          ecnorm         flowcnorm      flow_cfl       identity       icnorm         snorm          #linesear  iterPDAS   flagPDAS   iterGMRES  resiGMRES      flagGMRES  feasible   n_active_  n_vmult           dRdW_form         dRdW_mult         dRdX_mult         d2R_mult          
  9     7.296839e-02   1.357559e-02   1.339875e-02   5.483886e-07   5.786663e-14   1.272955e+16   1.706663e-02   1.339821e-02   7.144010e-02   3          1          1          129        8.972201e-11   0          NO        16         77384             36                22120             3932              3860              
  iter  value          gnorm          cnorm          ecnorm         flowcnorm      flow_cfl       identity       icnorm         snorm          #linesear  iterPDAS   flagPDAS   iterGMRES  resiGMRES      flagGMRES  feasible   n_active_  n_vmult           dRdW_form         dRdW_mult         dRdX_mult         d2R_mult          
  10    7.298236e-02   1.121030e-03   9.670390e-04   5.044515e-08   7.006837e-15   1.273095e+18   1.842965e-02   9.669886e-04   7.800218e-02   1          1          1          125        6.840373e-11   0          NO        16         87387             39                24951             4444              4364              
  iter  value          gnorm          cnorm          ecnorm         flowcnorm      flow_cfl       identity       icnorm         snorm          #linesear  iterPDAS   flagPDAS   iterGMRES  resiGMRES      flagGMRES  feasible   n_active_  n_vmult           dRdW_form         dRdW_mult         dRdX_mult         d2R_mult          
  11    7.295729e-02   2.995492e-02   2.971231e-02   4.910301e-08   1.617696e-14   2.063646e+16   1.256709e-04   2.971226e-02   3.335633e-01   5          1          1          170        6.944468e-11   0          NO        18         100803            42                28675             5136              5048              
  iter  value          gnorm          cnorm          ecnorm         flowcnorm      flow_cfl       identity       icnorm         snorm          #linesear  iterPDAS   flagPDAS   iterGMRES  resiGMRES      flagGMRES  feasible   n_active_  n_vmult           dRdW_form         dRdW_mult         dRdX_mult         d2R_mult          
  12    7.296940e-02   3.166213e-03   3.179750e-07   3.179750e-07   1.326229e-14   2.381448e+17   8.972970e-02   0.000000e+00   2.991756e-01   1          1          0          110        9.842638e-11   0          YES       17         109659            45                31199             5588              5492              
  iter  value          gnorm          cnorm          ecnorm         flowcnorm      flow_cfl       identity       icnorm         snorm          #linesear  iterPDAS   flagPDAS   iterGMRES  resiGMRES      flagGMRES  feasible   n_active_  n_vmult           dRdW_form         dRdW_mult         dRdX_mult         d2R_mult          
  13    7.296828e-02   3.185176e-03   2.903071e-03   2.990563e-07   1.247816e-14   2.516032e+17   1.002491e-03   2.902772e-03   3.175419e-02   5          1          1          140        8.455204e-11   0          NO        18         120781            48                34309             6160              6056              
  iter  value          gnorm          cnorm          ecnorm         flowcnorm      flow_cfl       identity       icnorm         snorm          #linesear  iterPDAS   flagPDAS   iterGMRES  resiGMRES      flagGMRES  feasible   n_active_  n_vmult           dRdW_form         dRdW_mult         dRdX_mult         d2R_mult          
  14    7.296760e-02   3.988186e-03   3.802888e-03   2.812953e-07   1.173977e-14   2.135822e+17   1.014535e-03   3.802606e-03   9.847185e-03   5          1          1          140        9.666339e-11   0          NO        19         131910            51                37426             6732              6620              
  iter  value          gnorm          cnorm          ecnorm         flowcnorm      flow_cfl       identity       icnorm         snorm          #linesear  iterPDAS   flagPDAS   iterGMRES  resiGMRES      flagGMRES  feasible   n_active_  n_vmult           dRdW_form         dRdW_mult         dRdX_mult         d2R_mult          
  15    7.296387e-02   7.131488e-05   2.173980e-07   2.173980e-07   1.004883e-14   1.395419e+19   1.590563e-03   0.000000e+00   4.874350e-02   1          1          0          142        7.313985e-11   0          YES       19         143212            54                40604             7312              7192              
  iter  value          gnorm          cnorm          ecnorm         flowcnorm      flow_cfl       identity       icnorm         snorm          #linesear  iterPDAS   flagPDAS   iterGMRES  resiGMRES      flagGMRES  feasible   n_active_  n_vmult           dRdW_form         dRdW_mult         dRdX_mult         d2R_mult          
  16    7.296094e-02   1.115693e-02   1.113070e-02   2.024766e-07   9.293205e-15   9.644720e+16   1.000000e-04   1.113049e-02   6.461137e-02   5          1          1          159        6.117862e-11   0          NO        22         155785            57                44101             7960              7832              
  iter  value          gnorm          cnorm          ecnorm         flowcnorm      flow_cfl       identity       icnorm         snorm          #linesear  iterPDAS   flagPDAS   iterGMRES  resiGMRES      flagGMRES  feasible   n_active_  n_vmult           dRdW_form         dRdW_mult         dRdX_mult         d2R_mult          
  17    7.296139e-02   1.810436e-04   2.381330e-09   2.381330e-09   6.713514e-16   8.227482e+19   1.244771e-02   0.000000e+00   3.857996e-02   1          1          0          127        6.189343e-11   0          YES       21         165933            60                46965             8480              8344              
  iter  value          gnorm          cnorm          ecnorm         flowcnorm      flow_cfl       identity       icnorm         snorm          #linesear  iterPDAS   flagPDAS   iterGMRES  resiGMRES      flagGMRES  feasible   n_active_  n_vmult           dRdW_form         dRdW_mult         dRdX_mult         d2R_mult          
  18    7.296003e-02   1.516439e-02   1.515243e-02   1.553107e-09   6.692095e-16   9.854007e+17   1.000000e-04   1.515243e-02   3.793497e-02   5          1          1          152        9.630951e-11   0          NO        23         177974            63                50322             9100              8956              
  iter  value          gnorm          cnorm          ecnorm         flowcnorm      flow_cfl       identity       icnorm         snorm          #linesear  iterPDAS   flagPDAS   iterGMRES  resiGMRES      flagGMRES  feasible   n_active_  n_vmult           dRdW_form         dRdW_mult         dRdX_mult         d2R_mult          
  19    7.296077e-02   4.793953e-04   5.422620e-09   5.422620e-09   1.261063e-15   1.654129e+19   2.299588e-02   0.000000e+00   2.887418e-02   1          1          1          123        9.956638e-11   0          YES       22         187818            66                53106             9604              9452              
  iter  value          gnorm          cnorm          ecnorm         flowcnorm      flow_cfl       identity       icnorm         snorm          #linesear  iterPDAS   flagPDAS   iterGMRES  resiGMRES      flagGMRES  feasible   n_active_  n_vmult           dRdW_form         dRdW_mult         dRdX_mult         d2R_mult          
  20    7.296028e-02   5.318765e-03   5.312467e-03   5.099191e-09   1.211100e-15   1.552420e+18   1.000000e-04   5.312462e-03   2.038156e-02   5          1          1          153        9.483526e-11   0          NO        23         199928            69                56476             10228             10068             
  iter  value          gnorm          cnorm          ecnorm         flowcnorm      flow_cfl       identity       icnorm         snorm          #linesear  iterPDAS   flagPDAS   iterGMRES  resiGMRES      flagGMRES  feasible   n_active_  n_vmult           dRdW_form         dRdW_mult         dRdX_mult         d2R_mult          
  21    7.296009e-02   3.200425e-05   3.403663e-09   3.403663e-09   8.215964e-16   3.803066e+20   2.828927e-03   0.000000e+00   1.358697e-02   1          1          0          131        8.895721e-11   0          YES       22         210359            72                59399             10764             10596             
  iter  value          gnorm          cnorm          ecnorm         flowcnorm      flow_cfl       identity       icnorm         snorm          #linesear  iterPDAS   flagPDAS   iterGMRES  resiGMRES      flagGMRES  feasible   n_active_  n_vmult           dRdW_form         dRdW_mult         dRdX_mult         d2R_mult          
  22    7.295967e-02   7.273178e-05   3.186127e-09   3.186127e-09   7.999628e-16   1.718723e+20   1.000000e-04   0.000000e+00   1.851392e-02   5          1          1          148        9.197817e-11   0          YES       22         222103            75                62683             11368             11192             
  iter  value          gnorm          cnorm          ecnorm         flowcnorm      flow_cfl       identity       icnorm         snorm          #linesear  iterPDAS   flagPDAS   iterGMRES  resiGMRES      flagGMRES  feasible   n_active_  n_vmult           dRdW_form         dRdW_mult         dRdX_mult         d2R_mult          
  23    7.295925e-02   1.689148e-03   1.687589e-03   2.982239e-09   7.967557e-16   7.430314e+18   1.000000e-04   1.687586e-03   1.616539e-02   5          1          1          151        5.282689e-11   0          NO        23         234068            78                66020             11984             11800             
  iter  value          gnorm          cnorm          ecnorm         flowcnorm      flow_cfl       identity       icnorm         snorm          #linesear  iterPDAS   flagPDAS   iterGMRES  resiGMRES      flagGMRES  feasible   n_active_  n_vmult           dRdW_form         dRdW_mult         dRdX_mult         d2R_mult          
  24    7.295913e-02   2.938481e-03   2.938309e-03   2.795783e-09   7.688582e-16   4.426198e+18   2.853220e-04   2.938306e-03   6.914890e-03   5          1          1          139        9.447733e-11   0          NO        24         245149            81                69145             12552             12360             
  iter  value          gnorm          cnorm          ecnorm         flowcnorm      flow_cfl       identity       icnorm         snorm          #linesear  iterPDAS   flagPDAS   iterGMRES  resiGMRES      flagGMRES  feasible   n_active_  n_vmult           dRdW_form         dRdW_mult         dRdX_mult         d2R_mult          
  25    7.295882e-02   1.802134e-05   1.077243e-11   1.077243e-11   7.663500e-16   7.240786e+20   8.634671e-04   0.000000e+00   2.162504e-02   1          1          0          136        6.562230e-11   0          YES       23         255988            84                72196             13108             12908             
  iter  value          gnorm          cnorm          ecnorm         flowcnorm      flow_cfl       identity       icnorm         snorm          #linesear  iterPDAS   flagPDAS   iterGMRES  resiGMRES      flagGMRES  feasible   n_active_  n_vmult           dRdW_form         dRdW_mult         dRdX_mult         d2R_mult          
  26    7.295862e-02   4.778181e-03   4.778010e-03   1.356507e-11   6.924873e-16   3.022217e+18   1.000000e-04   4.778010e-03   1.185904e-02   5          1          1          133        7.594109e-11   0          NO        24         266578            87                75166             13652             13444             
  iter  value          gnorm          cnorm          ecnorm         flowcnorm      flow_cfl       identity       icnorm         snorm          #linesear  iterPDAS   flagPDAS   iterGMRES  resiGMRES      flagGMRES  feasible   n_active_  n_vmult           dRdW_form         dRdW_mult         dRdX_mult         d2R_mult          
  27    7.295865e-02   2.575264e-03   2.575181e-03   2.797513e-10   6.985681e-16   5.558653e+18   2.283101e-03   2.575181e-03   1.065398e-02   1          1          1          135        8.222904e-11   0          NO        25         277320            90                78176             14204             13988             
  iter  value          gnorm          cnorm          ecnorm         flowcnorm      flow_cfl       identity       icnorm         snorm          #linesear  iterPDAS   flagPDAS   iterGMRES  resiGMRES      flagGMRES  feasible   n_active_  n_vmult           dRdW_form         dRdW_mult         dRdX_mult         d2R_mult          
  28    7.295853e-02   3.060711e-03   3.060695e-03   6.800502e-11   6.347588e-16   5.147175e+18   6.631983e-04   3.060695e-03   1.571918e-02   1          1          1          137        6.536833e-11   0          NO        25         288221            93                81233             14764             14540             
  iter  value          gnorm          cnorm          ecnorm         flowcnorm      flow_cfl       identity       icnorm         snorm          #linesear  iterPDAS   flagPDAS   iterGMRES  resiGMRES      flagGMRES  feasible   n_active_  n_vmult           dRdW_form         dRdW_mult         dRdX_mult         d2R_mult          
  29    7.295846e-02   9.190247e-06   8.056496e-12   8.056496e-12   9.258764e-16   1.175222e+21   9.367954e-04   0.000000e+00   9.927294e-03   1          1          0          139        8.021883e-11   0          YES       24         299281            96                84337             15332             15100             
Optimization Terminated with Status: Converged
The process took 172.07 seconds to run.
Total n_vmult for algorithm 299281
