Starting optimization with 10...

Primal Dual Active Set Method

 Reduced-Space  Quasi-Newton
  iter  value          gnorm          cnorm          ecnorm         flowcnorm      identity       icnorm         snorm          #linesear  iterPDAS   flagPDAS   iterGMRES  resiGMRES      flagGMRES  feasible   n_active_  n_vmult           dRdW_form         dRdW_mult         dRdX_mult         d2R_mult          
  0     4.035302e-02   1.561942e-01   
  iter  value          gnorm          cnorm          ecnorm         flowcnorm      identity       icnorm         snorm          #linesear  iterPDAS   flagPDAS   iterGMRES  resiGMRES      flagGMRES  feasible   n_active_  n_vmult           dRdW_form         dRdW_mult         dRdX_mult         d2R_mult          
  1     2.981100e-02   2.079949e-01   8.475928e-03   8.475928e-03   4.230583e-16   2.439664e+00   0.000000e+00   1.659555e+00   3          1          1          13         1.662675e-15   0          YES       1          28655             117               6811              112               0                 
  iter  value          gnorm          cnorm          ecnorm         flowcnorm      identity       icnorm         snorm          #linesear  iterPDAS   flagPDAS   iterGMRES  resiGMRES      flagGMRES  feasible   n_active_  n_vmult           dRdW_form         dRdW_mult         dRdX_mult         d2R_mult          
  2     2.981100e-02   2.079949e-01   8.475931e-03   8.475931e-03   4.123374e-16   4.326189e+00   0.000000e+00   1.000000e+99   5          1          1          13         1.824194e-14   0          YES       1          50281             203               12180             223               0                 
  iter  value          gnorm          cnorm          ecnorm         flowcnorm      identity       icnorm         snorm          #linesear  iterPDAS   flagPDAS   iterGMRES  resiGMRES      flagGMRES  feasible   n_active_  n_vmult           dRdW_form         dRdW_mult         dRdX_mult         d2R_mult          
  3     2.895281e-02   2.398207e-01   5.914704e-03   2.803330e-03   2.118489e-16   4.326189e+01   3.111374e-03   4.828719e-01   2          1          1          14         2.434537e-15   0          NO        2          59491             232               15351             340               0                 
  iter  value          gnorm          cnorm          ecnorm         flowcnorm      identity       icnorm         snorm          #linesear  iterPDAS   flagPDAS   iterGMRES  resiGMRES      flagGMRES  feasible   n_active_  n_vmult           dRdW_form         dRdW_mult         dRdX_mult         d2R_mult          
  4     2.743466e-02   7.083936e-02   5.278005e-03   5.278005e-03   1.285006e-16   5.751397e+00   0.000000e+00   2.842573e-01   1          1          0          16         1.515408e-15   0          YES       2          65607             247               17864             469               0                 
  iter  value          gnorm          cnorm          ecnorm         flowcnorm      identity       icnorm         snorm          #linesear  iterPDAS   flagPDAS   iterGMRES  resiGMRES      flagGMRES  feasible   n_active_  n_vmult           dRdW_form         dRdW_mult         dRdX_mult         d2R_mult          
  5     2.632828e-02   6.011930e-02   2.218847e-03   2.218847e-03   1.239724e-16   5.018216e-01   0.000000e+00   3.104685e-01   2          1          0          17         3.553924e-15   0          YES       2          75153             276               21245             604               0                 
  iter  value          gnorm          cnorm          ecnorm         flowcnorm      identity       icnorm         snorm          #linesear  iterPDAS   flagPDAS   iterGMRES  resiGMRES      flagGMRES  feasible   n_active_  n_vmult           dRdW_form         dRdW_mult         dRdX_mult         d2R_mult          
  6     2.538798e-02   3.754236e-02   1.755278e-03   1.755278e-03   1.149033e-16   3.614331e-01   0.000000e+00   1.877476e-01   3          1          1          17         7.044496e-11   0          YES       2          87982             319               25389             739               0                 
  iter  value          gnorm          cnorm          ecnorm         flowcnorm      identity       icnorm         snorm          #linesear  iterPDAS   flagPDAS   iterGMRES  resiGMRES      flagGMRES  feasible   n_active_  n_vmult           dRdW_form         dRdW_mult         dRdX_mult         d2R_mult          
  7     2.538798e-02   3.754236e-02   1.755278e-03   1.755278e-03   1.190133e-16   1.409429e-01   0.000000e+00   1.000000e+99   5          1          1          18         1.114031e-13   0          YES       2          110436            404               31556             880               0                 
  iter  value          gnorm          cnorm          ecnorm         flowcnorm      identity       icnorm         snorm          #linesear  iterPDAS   flagPDAS   iterGMRES  resiGMRES      flagGMRES  feasible   n_active_  n_vmult           dRdW_form         dRdW_mult         dRdX_mult         d2R_mult          
  8     2.516472e-02   3.408075e-02   1.520331e-03   1.520331e-03   1.131283e-16   1.409429e+00   0.000000e+00   1.073066e-02   3          1          1          18         4.171669e-11   0          YES       2          123174            447               35567             1021              0                 
  iter  value          gnorm          cnorm          ecnorm         flowcnorm      identity       icnorm         snorm          #linesear  iterPDAS   flagPDAS   iterGMRES  resiGMRES      flagGMRES  feasible   n_active_  n_vmult           dRdW_form         dRdW_mult         dRdX_mult         d2R_mult          
  9     2.516472e-02   3.408075e-02   1.520331e-03   1.520331e-03   1.273003e-16   1.161497e-01   0.000000e+00   1.000000e+99   5          1          1          18         6.674743e-11   0          YES       2          145656            532               41762             1162              0                 
  iter  value          gnorm          cnorm          ecnorm         flowcnorm      identity       icnorm         snorm          #linesear  iterPDAS   flagPDAS   iterGMRES  resiGMRES      flagGMRES  feasible   n_active_  n_vmult           dRdW_form         dRdW_mult         dRdX_mult         d2R_mult          
  10    2.423210e-02   2.970508e-02   1.312076e-02   1.167918e-03   1.169233e-16   1.161497e+00   1.195284e-02   3.694199e-02   5          1          1          19         2.047591e-16   0          NO        4          168180            617               47957             1309              0                 
  iter  value          gnorm          cnorm          ecnorm         flowcnorm      identity       icnorm         snorm          #linesear  iterPDAS   flagPDAS   iterGMRES  resiGMRES      flagGMRES  feasible   n_active_  n_vmult           dRdW_form         dRdW_mult         dRdX_mult         d2R_mult          
  11    2.441313e-02   5.203634e-02   1.360402e-03   1.360402e-03   1.133131e-16   8.823915e-02   0.000000e+00   1.822531e-01   1          1          0          21         4.253975e-17   0          YES       4          174765            632               50729             1468              0                 
  iter  value          gnorm          cnorm          ecnorm         flowcnorm      identity       icnorm         snorm          #linesear  iterPDAS   flagPDAS   iterGMRES  resiGMRES      flagGMRES  feasible   n_active_  n_vmult           dRdW_form         dRdW_mult         dRdX_mult         d2R_mult          
  12    2.405136e-02   4.399597e-02   1.765704e-03   1.765704e-03   1.183004e-16   2.707780e-01   0.000000e+00   4.892485e-02   1          1          0          21         1.698086e-17   0          YES       4          181448            647               53599             1627              0                 
  iter  value          gnorm          cnorm          ecnorm         flowcnorm      identity       icnorm         snorm          #linesear  iterPDAS   flagPDAS   iterGMRES  resiGMRES      flagGMRES  feasible   n_active_  n_vmult           dRdW_form         dRdW_mult         dRdX_mult         d2R_mult          
  13    2.361727e-02   2.538498e-02   1.340426e-03   1.340426e-03   1.206445e-16   1.935645e-01   0.000000e+00   8.389980e-02   1          1          0          21         2.334170e-16   0          YES       4          188026            662               56364             1786              0                 
  iter  value          gnorm          cnorm          ecnorm         flowcnorm      identity       icnorm         snorm          #linesear  iterPDAS   flagPDAS   iterGMRES  resiGMRES      flagGMRES  feasible   n_active_  n_vmult           dRdW_form         dRdW_mult         dRdX_mult         d2R_mult          
  14    2.361727e-02   2.538498e-02   1.340426e-03   1.340426e-03   1.141600e-16   6.443974e-02   0.000000e+00   1.000000e+99   5          1          1          21         4.595093e-17   0          YES       4          211530            747               63455             1945              0                 
  iter  value          gnorm          cnorm          ecnorm         flowcnorm      identity       icnorm         snorm          #linesear  iterPDAS   flagPDAS   iterGMRES  resiGMRES      flagGMRES  feasible   n_active_  n_vmult           dRdW_form         dRdW_mult         dRdX_mult         d2R_mult          
  15    2.343275e-02   1.775734e-02   6.262776e-03   2.378565e-04   1.200200e-16   6.443974e-01   6.024920e-03   1.408869e-01   5          1          1          21         1.472622e-16   0          NO        7          234677            832               70189             2104              0                 
  iter  value          gnorm          cnorm          ecnorm         flowcnorm      identity       icnorm         snorm          #linesear  iterPDAS   flagPDAS   iterGMRES  resiGMRES      flagGMRES  feasible   n_active_  n_vmult           dRdW_form         dRdW_mult         dRdX_mult         d2R_mult          
  16    2.375717e-02   9.810465e-02   4.322428e-04   4.322428e-04   1.078944e-16   3.153230e-02   0.000000e+00   6.054742e-01   1          1          1          24         1.410470e-16   0          YES       5          241444            847               73017             2281              0                 
  iter  value          gnorm          cnorm          ecnorm         flowcnorm      identity       icnorm         snorm          #linesear  iterPDAS   flagPDAS   iterGMRES  resiGMRES      flagGMRES  feasible   n_active_  n_vmult           dRdW_form         dRdW_mult         dRdX_mult         d2R_mult          
  17    2.375717e-02   9.810465e-02   4.322427e-04   4.322427e-04   1.095494e-16   9.624523e-01   0.000000e+00   1.000000e+99   5          1          1          22         2.755457e-16   0          YES       5          264486            932               79604             2446              0                 
  iter  value          gnorm          cnorm          ecnorm         flowcnorm      identity       icnorm         snorm          #linesear  iterPDAS   flagPDAS   iterGMRES  resiGMRES      flagGMRES  feasible   n_active_  n_vmult           dRdW_form         dRdW_mult         dRdX_mult         d2R_mult          
  18    2.369692e-02   5.850976e-02   4.879406e-04   2.645992e-04   1.207404e-16   9.624523e+00   2.233414e-04   4.289566e-01   3          1          1          22         3.012400e-16   0          NO        6          281039            989               84742             2611              0                 
  iter  value          gnorm          cnorm          ecnorm         flowcnorm      identity       icnorm         snorm          #linesear  iterPDAS   flagPDAS   iterGMRES  resiGMRES      flagGMRES  feasible   n_active_  n_vmult           dRdW_form         dRdW_mult         dRdX_mult         d2R_mult          
  19    2.350603e-02   1.048240e-02   4.686894e-04   4.686894e-04   1.202407e-16   3.423392e-01   0.000000e+00   7.522952e-02   1          1          0          23         1.271763e-16   0          YES       6          287722            1004              87528             2782              0                 
  iter  value          gnorm          cnorm          ecnorm         flowcnorm      identity       icnorm         snorm          #linesear  iterPDAS   flagPDAS   iterGMRES  resiGMRES      flagGMRES  feasible   n_active_  n_vmult           dRdW_form         dRdW_mult         dRdX_mult         d2R_mult          
  20    2.346755e-02   5.639368e-03   3.035539e-04   3.035539e-04   1.104779e-16   1.098807e-02   0.000000e+00   2.077476e-02   1          1          0          23         8.723119e-18   0          YES       6          294433            1019              90342             2953              0                 
  iter  value          gnorm          cnorm          ecnorm         flowcnorm      identity       icnorm         snorm          #linesear  iterPDAS   flagPDAS   iterGMRES  resiGMRES      flagGMRES  feasible   n_active_  n_vmult           dRdW_form         dRdW_mult         dRdX_mult         d2R_mult          
  21    2.343159e-02   7.977144e-03   2.279069e-04   2.279069e-04   1.130279e-16   3.180247e-03   0.000000e+00   2.350288e-02   3          1          1          23         2.097972e-17   0          YES       6          307668            1062              94640             3124              0                 
  iter  value          gnorm          cnorm          ecnorm         flowcnorm      identity       icnorm         snorm          #linesear  iterPDAS   flagPDAS   iterGMRES  resiGMRES      flagGMRES  feasible   n_active_  n_vmult           dRdW_form         dRdW_mult         dRdX_mult         d2R_mult          
  22    2.341321e-02   8.934183e-03   1.290601e-04   1.290601e-04   1.141154e-16   6.363483e-03   0.000000e+00   1.166419e-02   4          1          1          23         2.732800e-17   0          YES       6          323962            1119              99477             3295              0                 
  iter  value          gnorm          cnorm          ecnorm         flowcnorm      identity       icnorm         snorm          #linesear  iterPDAS   flagPDAS   iterGMRES  resiGMRES      flagGMRES  feasible   n_active_  n_vmult           dRdW_form         dRdW_mult         dRdX_mult         d2R_mult          
  23    2.341321e-02   8.934183e-03   1.290601e-04   1.290601e-04   1.191974e-16   7.981962e-03   0.000000e+00   1.000000e+99   5          1          1          23         1.108524e-16   0          YES       6          346976            1204              105994            3466              0                 
  iter  value          gnorm          cnorm          ecnorm         flowcnorm      identity       icnorm         snorm          #linesear  iterPDAS   flagPDAS   iterGMRES  resiGMRES      flagGMRES  feasible   n_active_  n_vmult           dRdW_form         dRdW_mult         dRdX_mult         d2R_mult          
  24    2.335168e-02   8.468628e-03   7.988062e-03   4.819808e-04   1.110885e-16   7.981962e-02   7.506082e-03   2.106018e-02   5          1          1          23         1.191529e-17   0          NO        7          369745            1289              112266            3637              0                 
  iter  value          gnorm          cnorm          ecnorm         flowcnorm      identity       icnorm         snorm          #linesear  iterPDAS   flagPDAS   iterGMRES  resiGMRES      flagGMRES  feasible   n_active_  n_vmult           dRdW_form         dRdW_mult         dRdX_mult         d2R_mult          
  25    2.341222e-02   1.600111e-03   3.497592e-04   3.497592e-04   1.061226e-16   7.171766e-03   0.000000e+00   1.903796e-02   1          1          0          24         3.638742e-17   0          YES       7          376358            1304              114940            3814              0                 
  iter  value          gnorm          cnorm          ecnorm         flowcnorm      identity       icnorm         snorm          #linesear  iterPDAS   flagPDAS   iterGMRES  resiGMRES      flagGMRES  feasible   n_active_  n_vmult           dRdW_form         dRdW_mult         dRdX_mult         d2R_mult          
  26    2.340355e-02   5.347743e-04   6.481290e-05   6.481290e-05   1.164658e-16   2.560356e-04   0.000000e+00   6.353059e-03   1          1          0          24         8.741879e-18   0          YES       7          383013            1319              117656            3991              0                 
  iter  value          gnorm          cnorm          ecnorm         flowcnorm      identity       icnorm         snorm          #linesear  iterPDAS   flagPDAS   iterGMRES  resiGMRES      flagGMRES  feasible   n_active_  n_vmult           dRdW_form         dRdW_mult         dRdX_mult         d2R_mult          
  27    2.340463e-02   9.169268e-05   9.429936e-06   9.429936e-06   1.132147e-16   1.000000e-04   0.000000e+00   2.746240e-03   1          1          0          24         1.042941e-18   0          YES       7          389654            1334              120358            4168              0                 
  iter  value          gnorm          cnorm          ecnorm         flowcnorm      identity       icnorm         snorm          #linesear  iterPDAS   flagPDAS   iterGMRES  resiGMRES      flagGMRES  feasible   n_active_  n_vmult           dRdW_form         dRdW_mult         dRdX_mult         d2R_mult          
  28    2.340476e-02   9.210689e-06   3.271203e-06   3.271203e-06   1.101243e-16   1.000000e-04   0.000000e+00   3.623286e-04   1          1          0          24         1.737568e-19   0          YES       7          396323            1349              123088            4345              0                 
Optimization Terminated with Status: Converged
The process took 2780.87 seconds to run.
Total n_vmult for algorithm 396323
