Starting optimization with 30 control variables...

Primal Dual Active Set Method

 Full-Space Newton Method
  iter  value          gnorm          cnorm          ecnorm         flowcnorm      flow_cfl       identity       icnorm         snorm          #linesear  iterPDAS   flagPDAS   iterGMRES  resiGMRES      flagGMRES  feasible   n_active_  n_vmult           dRdW_form         dRdW_mult         dRdX_mult         d2R_mult          
  0     9.645510e-02   2.303064e-01   
  iter  value          gnorm          cnorm          ecnorm         flowcnorm      flow_cfl       identity       icnorm         snorm          #linesear  iterPDAS   flagPDAS   iterGMRES  resiGMRES      flagGMRES  feasible   n_active_  n_vmult           dRdW_form         dRdW_mult         dRdX_mult         d2R_mult          
  1     8.490728e-02   2.063120e-01   2.274776e-04   2.274776e-04   6.007591e-10   8.068171e+10   5.304103e+00   0.000000e+00   8.999302e+00   1          1          1          93         9.932137e-11   0          YES       1          7842              12                2282              384               376               
  iter  value          gnorm          cnorm          ecnorm         flowcnorm      flow_cfl       identity       icnorm         snorm          #linesear  iterPDAS   flagPDAS   iterGMRES  resiGMRES      flagGMRES  feasible   n_active_  n_vmult           dRdW_form         dRdW_mult         dRdX_mult         d2R_mult          
  2     8.044330e-02   1.201595e-01   5.680947e-04   3.664007e-05   6.664456e-12   1.248755e+13   4.256466e+00   5.314546e-04   2.734470e+00   1          1          1          91         9.897226e-11   0          NO        2          15247             15                4419              760               744               
  iter  value          gnorm          cnorm          ecnorm         flowcnorm      flow_cfl       identity       icnorm         snorm          #linesear  iterPDAS   flagPDAS   iterGMRES  resiGMRES      flagGMRES  feasible   n_active_  n_vmult           dRdW_form         dRdW_mult         dRdX_mult         d2R_mult          
  3     7.659392e-02   6.648182e-02   1.686460e-03   5.391174e-05   1.534458e-11   9.802617e+12   1.443830e+00   1.632549e-03   8.731370e-01   1          1          1          83         9.818983e-11   0          NO        2          22037             18                6389              1104              1080              
  iter  value          gnorm          cnorm          ecnorm         flowcnorm      flow_cfl       identity       icnorm         snorm          #linesear  iterPDAS   flagPDAS   iterGMRES  resiGMRES      flagGMRES  feasible   n_active_  n_vmult           dRdW_form         dRdW_mult         dRdX_mult         d2R_mult          
  4     7.587192e-02   3.604810e-02   1.533465e-03   5.364581e-05   1.166035e-11   2.379063e+13   4.419833e-01   1.479819e-03   7.453784e-01   3          1          1          87         6.390724e-11   0          NO        3          29131             21                8439              1464              1432              
  iter  value          gnorm          cnorm          ecnorm         flowcnorm      flow_cfl       identity       icnorm         snorm          #linesear  iterPDAS   flagPDAS   iterGMRES  resiGMRES      flagGMRES  feasible   n_active_  n_vmult           dRdW_form         dRdW_mult         dRdX_mult         d2R_mult          
  5     7.553760e-02   2.771503e-02   3.290845e-03   5.239897e-05   1.026856e-11   3.513784e+13   1.299465e-01   3.238446e-03   6.970233e-01   4          1          1          103        7.681431e-11   0          NO        5          37441             24                10809             1888              1848              
  iter  value          gnorm          cnorm          ecnorm         flowcnorm      flow_cfl       identity       icnorm         snorm          #linesear  iterPDAS   flagPDAS   iterGMRES  resiGMRES      flagGMRES  feasible   n_active_  n_vmult           dRdW_form         dRdW_mult         dRdX_mult         d2R_mult          
  6     7.527975e-02   1.980218e-02   2.880852e-03   4.721140e-05   9.039365e-12   5.586618e+13   7.681231e-02   2.833641e-03   7.253944e-01   4          1          1          111        6.125531e-11   0          NO        5          46366             27                13346             2344              2296              
  iter  value          gnorm          cnorm          ecnorm         flowcnorm      flow_cfl       identity       icnorm         snorm          #linesear  iterPDAS   flagPDAS   iterGMRES  resiGMRES      flagGMRES  feasible   n_active_  n_vmult           dRdW_form         dRdW_mult         dRdX_mult         d2R_mult          
  7     7.508763e-02   2.333547e-02   9.958472e-03   4.511073e-05   8.532118e-12   5.022576e+13   3.921265e-02   9.913361e-03   2.106258e-01   5          1          1          119        6.351372e-11   0          NO        8          55941             30                16085             2832              2776              
  iter  value          gnorm          cnorm          ecnorm         flowcnorm      flow_cfl       identity       icnorm         snorm          #linesear  iterPDAS   flagPDAS   iterGMRES  resiGMRES      flagGMRES  feasible   n_active_  n_vmult           dRdW_form         dRdW_mult         dRdX_mult         d2R_mult          
  8     7.500527e-02   1.210175e-02   1.167869e-02   6.884992e-06   2.690294e-12   3.071510e+14   5.445444e-02   1.167180e-02   5.365635e-01   1          1          1          115        5.782112e-11   0          NO        9          65226             33                18758             3304              3240              
  iter  value          gnorm          cnorm          ecnorm         flowcnorm      flow_cfl       identity       icnorm         snorm          #linesear  iterPDAS   flagPDAS   iterGMRES  resiGMRES      flagGMRES  feasible   n_active_  n_vmult           dRdW_form         dRdW_mult         dRdX_mult         d2R_mult          
  9     7.499035e-02   1.178760e-02   1.141960e-02   5.207680e-06   2.010929e-12   4.218692e+14   1.464524e-02   1.141440e-02   1.479652e-01   3          1          1          129        6.085336e-11   0          NO        10         75533             36                21669             3832              3760              
  iter  value          gnorm          cnorm          ecnorm         flowcnorm      flow_cfl       identity       icnorm         snorm          #linesear  iterPDAS   flagPDAS   iterGMRES  resiGMRES      flagGMRES  feasible   n_active_  n_vmult           dRdW_form         dRdW_mult         dRdX_mult         d2R_mult          
  10    7.501243e-02   5.680974e-04   4.295154e-07   4.295154e-07   1.835914e-14   9.587929e+17   1.389475e-02   0.000000e+00   1.403702e-01   1          1          0          123        6.937404e-11   0          YES       9          85370             39                24446             4336              4256              
  iter  value          gnorm          cnorm          ecnorm         flowcnorm      flow_cfl       identity       icnorm         snorm          #linesear  iterPDAS   flagPDAS   iterGMRES  resiGMRES      flagGMRES  feasible   n_active_  n_vmult           dRdW_form         dRdW_mult         dRdX_mult         d2R_mult          
  11    7.488905e-02   1.392922e-01   1.388636e-01   4.376227e-07   7.678781e-14   9.349341e+14   1.000000e-04   1.388632e-01   5.545745e-01   5          1          1          162        9.718937e-11   0          NO        22         98192             42                28024             4996              4908              
  iter  value          gnorm          cnorm          ecnorm         flowcnorm      flow_cfl       identity       icnorm         snorm          #linesear  iterPDAS   flagPDAS   iterGMRES  resiGMRES      flagGMRES  feasible   n_active_  n_vmult           dRdW_form         dRdW_mult         dRdX_mult         d2R_mult          
  12    7.509837e-02   2.771063e-01   2.855906e-06   2.855906e-06   2.088862e-12   1.727603e+13   1.940231e+00   0.000000e+00   1.417599e+00   1          1          1          127        9.146255e-11   0          YES       17         108319            45                30867             5516              5420              
  iter  value          gnorm          cnorm          ecnorm         flowcnorm      flow_cfl       identity       icnorm         snorm          #linesear  iterPDAS   flagPDAS   iterGMRES  resiGMRES      flagGMRES  feasible   n_active_  n_vmult           dRdW_form         dRdW_mult         dRdX_mult         d2R_mult          
  13    7.508287e-02   2.427914e-02   4.503971e-04   2.140554e-06   1.567271e-12   2.627983e+14   7.678790e+00   4.482566e-04   9.133933e-01   3          1          1          137        6.595579e-11   0          NO        17         119227            48                33931             6076              5972              
  iter  value          gnorm          cnorm          ecnorm         flowcnorm      flow_cfl       identity       icnorm         snorm          #linesear  iterPDAS   flagPDAS   iterGMRES  resiGMRES      flagGMRES  feasible   n_active_  n_vmult           dRdW_form         dRdW_mult         dRdX_mult         d2R_mult          
  14    7.497025e-02   1.428175e-03   1.796150e-06   1.796150e-06   1.552233e-12   4.510883e+15   5.894769e-02   0.000000e+00   3.149311e-01   1          1          1          123        6.979912e-11   0          YES       12         129071            51                36715             6580              6468              
  iter  value          gnorm          cnorm          ecnorm         flowcnorm      flow_cfl       identity       icnorm         snorm          #linesear  iterPDAS   flagPDAS   iterGMRES  resiGMRES      flagGMRES  feasible   n_active_  n_vmult           dRdW_form         dRdW_mult         dRdX_mult         d2R_mult          
  15    7.496653e-02   1.571978e-02   1.560538e-02   1.682622e-06   1.455252e-12   4.371349e+14   2.039684e-04   1.560370e-02   8.284747e-02   5          1          1          152        6.291958e-11   0          NO        17         141133            54                40093             7200              7080              
  iter  value          gnorm          cnorm          ecnorm         flowcnorm      flow_cfl       identity       icnorm         snorm          #linesear  iterPDAS   flagPDAS   iterGMRES  resiGMRES      flagGMRES  feasible   n_active_  n_vmult           dRdW_form         dRdW_mult         dRdX_mult         d2R_mult          
  16    7.496538e-02   6.702770e-04   7.133223e-07   7.133223e-07   1.821452e-13   8.190833e+16   2.471114e-02   0.000000e+00   4.052557e-02   1          1          1          126        9.722152e-11   0          YES       16         151240            57                42972             7716              7588              
  iter  value          gnorm          cnorm          ecnorm         flowcnorm      flow_cfl       identity       icnorm         snorm          #linesear  iterPDAS   flagPDAS   iterGMRES  resiGMRES      flagGMRES  feasible   n_active_  n_vmult           dRdW_form         dRdW_mult         dRdX_mult         d2R_mult          
  17    7.496477e-02   4.159555e-03   4.089141e-03   6.685189e-07   1.707687e-13   1.407813e+16   1.000000e-04   4.088472e-03   2.430823e-02   5          1          1          147        7.059915e-11   0          NO        17         162922            60                46250             8316              8180              
  iter  value          gnorm          cnorm          ecnorm         flowcnorm      flow_cfl       identity       icnorm         snorm          #linesear  iterPDAS   flagPDAS   iterGMRES  resiGMRES      flagGMRES  feasible   n_active_  n_vmult           dRdW_form         dRdW_mult         dRdX_mult         d2R_mult          
  18    7.496363e-02   3.344273e-03   3.327073e-03   3.272624e-07   8.583229e-14   3.483755e+16   1.730190e-03   3.326745e-03   1.249858e-02   2          1          1          129        6.839563e-11   0          NO        18         173236            63                49168             8844              8700              
  iter  value          gnorm          cnorm          ecnorm         flowcnorm      flow_cfl       identity       icnorm         snorm          #linesear  iterPDAS   flagPDAS   iterGMRES  resiGMRES      flagGMRES  feasible   n_active_  n_vmult           dRdW_form         dRdW_mult         dRdX_mult         d2R_mult          
  19    7.496291e-02   6.503477e-06   8.382509e-09   8.382509e-09   8.187966e-16   1.877925e+21   1.118416e-03   0.000000e+00   6.286618e-03   1          1          0          117        7.012070e-11   0          YES       17         182694            66                51902             9324              9172              
Optimization Terminated with Status: Converged
The process took 76.1471 seconds to run.
Total n_vmult for algorithm 182694
