Starting optimization with 20...

Primal Dual Active Set Method

 Reduced-Space  Quasi-Newton
  iter  value          gnorm          cnorm          ecnorm         flowcnorm      identity       icnorm         snorm          #linesear  iterPDAS   flagPDAS   iterGMRES  resiGMRES      flagGMRES  feasible   n_active_  n_vmult           dRdW_form         dRdW_mult         dRdX_mult         d2R_mult          
  0     3.225337e-02   1.959093e-01   
  iter  value          gnorm          cnorm          ecnorm         flowcnorm      identity       icnorm         snorm          #linesear  iterPDAS   flagPDAS   iterGMRES  resiGMRES      flagGMRES  feasible   n_active_  n_vmult           dRdW_form         dRdW_mult         dRdX_mult         d2R_mult          
  1     2.507122e-02   4.561604e-01   2.775558e-17   2.775558e-17   1.533333e-16   3.838047e+01   0.000000e+00   1.787245e+00   1          1          1          14         5.608108e-15   0          YES       1          37131             79                11025             118               0                 
  iter  value          gnorm          cnorm          ecnorm         flowcnorm      identity       icnorm         snorm          #linesear  iterPDAS   flagPDAS   iterGMRES  resiGMRES      flagGMRES  feasible   n_active_  n_vmult           dRdW_form         dRdW_mult         dRdX_mult         d2R_mult          
  2     2.477869e-02   6.185969e-01   8.712134e-04   8.712134e-04   1.554431e-16   2.080823e+02   0.000000e+00   3.906972e-01   1          1          1          14         2.986578e-15   0          YES       2          51618             105               16373             235               0                 
  iter  value          gnorm          cnorm          ecnorm         flowcnorm      identity       icnorm         snorm          #linesear  iterPDAS   flagPDAS   iterGMRES  resiGMRES      flagGMRES  feasible   n_active_  n_vmult           dRdW_form         dRdW_mult         dRdX_mult         d2R_mult          
  3     2.435490e-02   4.303228e-01   0.000000e+00   0.000000e+00   1.381061e-16   3.826621e+02   0.000000e+00   1.659419e-01   1          1          0          16         5.115922e-14   0          YES       1          66245             131               21777             364               0                 
  iter  value          gnorm          cnorm          ecnorm         flowcnorm      identity       icnorm         snorm          #linesear  iterPDAS   flagPDAS   iterGMRES  resiGMRES      flagGMRES  feasible   n_active_  n_vmult           dRdW_form         dRdW_mult         dRdX_mult         d2R_mult          
  4     2.435349e-02   6.148899e-01   3.320136e-06   3.320136e-06   1.392466e-16   1.851777e+02   0.000000e+00   1.638133e-01   1          1          1          16         8.318852e-15   0          YES       2          80802             157               27111             493               0                 
  iter  value          gnorm          cnorm          ecnorm         flowcnorm      identity       icnorm         snorm          #linesear  iterPDAS   flagPDAS   iterGMRES  resiGMRES      flagGMRES  feasible   n_active_  n_vmult           dRdW_form         dRdW_mult         dRdX_mult         d2R_mult          
  5     2.387717e-02   4.161448e-01   3.769922e-04   3.769922e-04   1.369139e-16   3.780896e+02   0.000000e+00   1.425458e-01   1          1          0          18         1.700699e-14   0          YES       2          95457             183               32459             634               0                 
  iter  value          gnorm          cnorm          ecnorm         flowcnorm      identity       icnorm         snorm          #linesear  iterPDAS   flagPDAS   iterGMRES  resiGMRES      flagGMRES  feasible   n_active_  n_vmult           dRdW_form         dRdW_mult         dRdX_mult         d2R_mult          
  6     2.293218e-02   3.987035e-01   8.201893e-04   8.201893e-04   1.480168e-16   1.731765e+02   0.000000e+00   2.940934e-02   1          1          0          18         1.259911e-14   0          YES       2          110586            210               37961             775               0                 
  iter  value          gnorm          cnorm          ecnorm         flowcnorm      identity       icnorm         snorm          #linesear  iterPDAS   flagPDAS   iterGMRES  resiGMRES      flagGMRES  feasible   n_active_  n_vmult           dRdW_form         dRdW_mult         dRdX_mult         d2R_mult          
  7     2.204647e-02   3.827643e-01   1.829729e-04   1.829729e-04   8.803155e-15   1.589644e+02   0.000000e+00   9.911427e-03   1          1          0          18         1.470318e-14   0          YES       2          125736            237               43484             916               0                 
  iter  value          gnorm          cnorm          ecnorm         flowcnorm      identity       icnorm         snorm          #linesear  iterPDAS   flagPDAS   iterGMRES  resiGMRES      flagGMRES  feasible   n_active_  n_vmult           dRdW_form         dRdW_mult         dRdX_mult         d2R_mult          
  8     2.115136e-02   3.694639e-01   4.163336e-17   4.163336e-17   1.972086e-16   1.465085e+02   0.000000e+00   1.434604e-02   1          1          0          18         1.868096e-14   0          YES       1          140830            264               48951             1057              0                 
  iter  value          gnorm          cnorm          ecnorm         flowcnorm      identity       icnorm         snorm          #linesear  iterPDAS   flagPDAS   iterGMRES  resiGMRES      flagGMRES  feasible   n_active_  n_vmult           dRdW_form         dRdW_mult         dRdX_mult         d2R_mult          
  9     2.113054e-02   5.845483e-01   1.687410e-05   1.687410e-05   1.855486e-16   1.365035e+02   0.000000e+00   1.305816e-01   1          1          1          17         2.470196e-14   0          YES       2          155861            291               54397             1192              0                 
  iter  value          gnorm          cnorm          ecnorm         flowcnorm      identity       icnorm         snorm          #linesear  iterPDAS   flagPDAS   iterGMRES  resiGMRES      flagGMRES  feasible   n_active_  n_vmult           dRdW_form         dRdW_mult         dRdX_mult         d2R_mult          
  10    2.076629e-02   3.612131e-01   0.000000e+00   0.000000e+00   1.609668e-15   3.416968e+02   0.000000e+00   1.417376e-01   1          1          0          18         1.726866e-11   0          YES       1          170362            317               59591             1333              0                 
  iter  value          gnorm          cnorm          ecnorm         flowcnorm      identity       icnorm         snorm          #linesear  iterPDAS   flagPDAS   iterGMRES  resiGMRES      flagGMRES  feasible   n_active_  n_vmult           dRdW_form         dRdW_mult         dRdX_mult         d2R_mult          
  11    2.075438e-02   5.747331e-01   8.774789e-06   8.774789e-06   1.547900e-15   1.304749e+02   0.000000e+00   1.135898e-01   1          1          1          17         3.484709e-14   0          YES       2          184702            343               64666             1468              0                 
  iter  value          gnorm          cnorm          ecnorm         flowcnorm      identity       icnorm         snorm          #linesear  iterPDAS   flagPDAS   iterGMRES  resiGMRES      flagGMRES  feasible   n_active_  n_vmult           dRdW_form         dRdW_mult         dRdX_mult         d2R_mult          
  12    2.039019e-02   3.526906e-01   0.000000e+00   0.000000e+00   2.214241e-15   3.303181e+02   0.000000e+00   1.193411e-01   1          1          0          19         3.803373e-15   0          YES       1          199336            369               69951             1615              0                 
  iter  value          gnorm          cnorm          ecnorm         flowcnorm      identity       icnorm         snorm          #linesear  iterPDAS   flagPDAS   iterGMRES  resiGMRES      flagGMRES  feasible   n_active_  n_vmult           dRdW_form         dRdW_mult         dRdX_mult         d2R_mult          
  13    2.037864e-02   5.634859e-01   8.147162e-06   8.147162e-06   2.151298e-15   1.243907e+02   0.000000e+00   1.054022e-01   1          1          1          17         4.941816e-13   0          YES       2          213816            395               75166             1750              0                 
  iter  value          gnorm          cnorm          ecnorm         flowcnorm      identity       icnorm         snorm          #linesear  iterPDAS   flagPDAS   iterGMRES  resiGMRES      flagGMRES  feasible   n_active_  n_vmult           dRdW_form         dRdW_mult         dRdX_mult         d2R_mult          
  14    2.001126e-02   3.434204e-01   9.714451e-17   9.714451e-17   5.170608e-16   3.175163e+02   0.000000e+00   1.011725e-01   1          1          0          19         2.942309e-15   0          YES       1          228597            421               80598             1897              0                 
  iter  value          gnorm          cnorm          ecnorm         flowcnorm      identity       icnorm         snorm          #linesear  iterPDAS   flagPDAS   iterGMRES  resiGMRES      flagGMRES  feasible   n_active_  n_vmult           dRdW_form         dRdW_mult         dRdX_mult         d2R_mult          
  15    2.000193e-02   5.508795e-01   6.463187e-06   6.463187e-06   4.832360e-16   1.179376e+02   0.000000e+00   1.523839e-01   1          1          1          17         2.600853e-14   0          YES       2          243238            447               85974             2032              0                 
  iter  value          gnorm          cnorm          ecnorm         flowcnorm      identity       icnorm         snorm          #linesear  iterPDAS   flagPDAS   iterGMRES  resiGMRES      flagGMRES  feasible   n_active_  n_vmult           dRdW_form         dRdW_mult         dRdX_mult         d2R_mult          
  16    1.963704e-02   3.339046e-01   0.000000e+00   0.000000e+00   1.530647e-16   3.034682e+02   0.000000e+00   1.314088e-01   1          1          0          19         5.967787e-14   0          YES       1          258229            473               91616             2179              0                 
  iter  value          gnorm          cnorm          ecnorm         flowcnorm      identity       icnorm         snorm          #linesear  iterPDAS   flagPDAS   iterGMRES  resiGMRES      flagGMRES  feasible   n_active_  n_vmult           dRdW_form         dRdW_mult         dRdX_mult         d2R_mult          
  17    1.962620e-02   5.374166e-01   6.901609e-06   6.901609e-06   1.559179e-16   1.114923e+02   0.000000e+00   1.635451e-01   1          1          1          17         2.562409e-12   0          YES       2          273052            499               97174             2314              0                 
  iter  value          gnorm          cnorm          ecnorm         flowcnorm      identity       icnorm         snorm          #linesear  iterPDAS   flagPDAS   iterGMRES  resiGMRES      flagGMRES  feasible   n_active_  n_vmult           dRdW_form         dRdW_mult         dRdX_mult         d2R_mult          
  18    1.926547e-02   3.242255e-01   6.106227e-16   6.106227e-16   1.694099e-15   2.888166e+02   0.000000e+00   1.394318e-01   1          1          0          19         8.623597e-15   0          YES       1          287240            524               102333            2461              0                 
  iter  value          gnorm          cnorm          ecnorm         flowcnorm      identity       icnorm         snorm          #linesear  iterPDAS   flagPDAS   iterGMRES  resiGMRES      flagGMRES  feasible   n_active_  n_vmult           dRdW_form         dRdW_mult         dRdX_mult         d2R_mult          
  19    1.925173e-02   5.236037e-01   8.346686e-06   8.346686e-06   1.524981e-15   1.051221e+02   0.000000e+00   1.588509e-01   1          1          1          17         4.261852e-12   0          YES       2          301554            549               107702            2596              0                 
  iter  value          gnorm          cnorm          ecnorm         flowcnorm      identity       icnorm         snorm          #linesear  iterPDAS   flagPDAS   iterGMRES  resiGMRES      flagGMRES  feasible   n_active_  n_vmult           dRdW_form         dRdW_mult         dRdX_mult         d2R_mult          
  20    1.889477e-02   3.143119e-01   0.000000e+00   0.000000e+00   7.206708e-15   2.741609e+02   0.000000e+00   1.328644e-01   1          1          0          19         2.191386e-14   0          YES       1          315966            574               113085            2743              0                 
  iter  value          gnorm          cnorm          ecnorm         flowcnorm      identity       icnorm         snorm          #linesear  iterPDAS   flagPDAS   iterGMRES  resiGMRES      flagGMRES  feasible   n_active_  n_vmult           dRdW_form         dRdW_mult         dRdX_mult         d2R_mult          
  21    1.887858e-02   5.097378e-01   9.618002e-06   9.618002e-06   7.881922e-15   9.879198e+01   0.000000e+00   1.532763e-01   1          1          1          17         5.937464e-12   0          YES       2          330322            599               118496            2878              0                 
  iter  value          gnorm          cnorm          ecnorm         flowcnorm      identity       icnorm         snorm          #linesear  iterPDAS   flagPDAS   iterGMRES  resiGMRES      flagGMRES  feasible   n_active_  n_vmult           dRdW_form         dRdW_mult         dRdX_mult         d2R_mult          
  22    1.852550e-02   3.041218e-01   1.249001e-15   1.249001e-15   4.315595e-16   2.598326e+02   0.000000e+00   1.257062e-01   1          1          0          19         8.835867e-15   0          YES       1          345250            625               124075            3025              0                 
  iter  value          gnorm          cnorm          ecnorm         flowcnorm      identity       icnorm         snorm          #linesear  iterPDAS   flagPDAS   iterGMRES  resiGMRES      flagGMRES  feasible   n_active_  n_vmult           dRdW_form         dRdW_mult         dRdX_mult         d2R_mult          
  23    1.850729e-02   4.959933e-01   1.022245e-05   1.022245e-05   4.652112e-16   9.249006e+01   0.000000e+00   1.496975e-01   1          1          1          17         7.020468e-12   0          YES       2          360185            651               129745            3160              0                 
  iter  value          gnorm          cnorm          ecnorm         flowcnorm      identity       icnorm         snorm          #linesear  iterPDAS   flagPDAS   iterGMRES  resiGMRES      flagGMRES  feasible   n_active_  n_vmult           dRdW_form         dRdW_mult         dRdX_mult         d2R_mult          
  24    1.815905e-02   2.935601e-01   0.000000e+00   0.000000e+00   2.873351e-16   2.460093e+02   0.000000e+00   1.202903e-01   1          1          0          19         2.935132e-14   0          YES       1          375092            677               135303            3307              0                 
  iter  value          gnorm          cnorm          ecnorm         flowcnorm      identity       icnorm         snorm          #linesear  iterPDAS   flagPDAS   iterGMRES  resiGMRES      flagGMRES  feasible   n_active_  n_vmult           dRdW_form         dRdW_mult         dRdX_mult         d2R_mult          
  25    1.813991e-02   4.824710e-01   1.263165e-05   1.263165e-05   2.730735e-16   8.617756e+01   0.000000e+00   1.513362e-01   1          1          1          17         6.303360e-12   0          YES       2          389887            703               140833            3442              0                 
  iter  value          gnorm          cnorm          ecnorm         flowcnorm      identity       icnorm         snorm          #linesear  iterPDAS   flagPDAS   iterGMRES  resiGMRES      flagGMRES  feasible   n_active_  n_vmult           dRdW_form         dRdW_mult         dRdX_mult         d2R_mult          
  26    1.779586e-02   2.825339e-01   1.387779e-15   1.387779e-15   1.326478e-16   2.327782e+02   0.000000e+00   1.188873e-01   1          1          0          19         3.318778e-14   0          YES       1          404878            729               146475            3589              0                 
  iter  value          gnorm          cnorm          ecnorm         flowcnorm      identity       icnorm         snorm          #linesear  iterPDAS   flagPDAS   iterGMRES  resiGMRES      flagGMRES  feasible   n_active_  n_vmult           dRdW_form         dRdW_mult         dRdX_mult         d2R_mult          
  27    1.777928e-02   4.692061e-01   1.373901e-15   1.373901e-15   1.328491e-16   7.982542e+01   0.000000e+00   1.609771e-01   1          1          1          17         2.583075e-12   0          YES       1          420051            755               152383            3724              0                 
  iter  value          gnorm          cnorm          ecnorm         flowcnorm      identity       icnorm         snorm          #linesear  iterPDAS   flagPDAS   iterGMRES  resiGMRES      flagGMRES  feasible   n_active_  n_vmult           dRdW_form         dRdW_mult         dRdX_mult         d2R_mult          
  28    1.777916e-02   4.677341e-01   1.990291e-09   1.990291e-09   1.378711e-16   2.201543e+02   0.000000e+00   1.769195e-01   1          1          1          17         9.422096e-11   0          YES       2          435168            781               158235            3859              0                 
  iter  value          gnorm          cnorm          ecnorm         flowcnorm      identity       icnorm         snorm          #linesear  iterPDAS   flagPDAS   iterGMRES  resiGMRES      flagGMRES  feasible   n_active_  n_vmult           dRdW_form         dRdW_mult         dRdX_mult         d2R_mult          
  29    1.740156e-02   2.672224e-01   4.533284e-04   4.533284e-04   2.813326e-15   2.187752e+02   0.000000e+00   1.184700e-01   1          1          0          19         1.150192e-13   0          YES       2          449636            806               163674            4006              0                 
  iter  value          gnorm          cnorm          ecnorm         flowcnorm      identity       icnorm         snorm          #linesear  iterPDAS   flagPDAS   iterGMRES  resiGMRES      flagGMRES  feasible   n_active_  n_vmult           dRdW_form         dRdW_mult         dRdX_mult         d2R_mult          
  30    1.631413e-02   2.306734e-01   4.515130e-03   4.515130e-03   1.478857e-16   7.140780e+01   0.000000e+00   1.298956e-01   1          1          0          19         2.597630e-15   0          YES       2          464251            831               169260            4153              0                 
  iter  value          gnorm          cnorm          ecnorm         flowcnorm      identity       icnorm         snorm          #linesear  iterPDAS   flagPDAS   iterGMRES  resiGMRES      flagGMRES  feasible   n_active_  n_vmult           dRdW_form         dRdW_mult         dRdX_mult         d2R_mult          
  31    1.582294e-02   2.116889e-01   5.134686e-03   5.134686e-03   7.307395e-16   5.321021e+01   0.000000e+00   1.708265e-01   2          1          0          19         1.316618e-14   0          YES       2          492753            888               178493            4300              0                 
  iter  value          gnorm          cnorm          ecnorm         flowcnorm      identity       icnorm         snorm          #linesear  iterPDAS   flagPDAS   iterGMRES  resiGMRES      flagGMRES  feasible   n_active_  n_vmult           dRdW_form         dRdW_mult         dRdX_mult         d2R_mult          
  32    1.561486e-02   2.043899e-01   4.749988e-03   4.749988e-03   8.942711e-15   4.481219e+01   0.000000e+00   1.475802e-01   3          1          0          19         2.038338e-14   0          YES       2          537237            983               191548            4447              0                 
  iter  value          gnorm          cnorm          ecnorm         flowcnorm      identity       icnorm         snorm          #linesear  iterPDAS   flagPDAS   iterGMRES  resiGMRES      flagGMRES  feasible   n_active_  n_vmult           dRdW_form         dRdW_mult         dRdX_mult         d2R_mult          
  33    1.491666e-02   1.758207e-01   1.195009e-03   1.195009e-03   1.840799e-16   4.177523e+01   0.000000e+00   7.678103e-02   1          1          0          19         5.237908e-14   0          YES       2          551983            1009              196945            4594              0                 
  iter  value          gnorm          cnorm          ecnorm         flowcnorm      identity       icnorm         snorm          #linesear  iterPDAS   flagPDAS   iterGMRES  resiGMRES      flagGMRES  feasible   n_active_  n_vmult           dRdW_form         dRdW_mult         dRdX_mult         d2R_mult          
  34    1.471957e-02   1.842110e-01   6.382410e-04   6.382410e-04   1.669190e-16   3.091292e+01   0.000000e+00   2.062316e-01   3          1          0          19         1.627200e-13   0          YES       2          612664            1136              215957            4741              0                 
