Starting optimization with 80 control variables...

Primal Dual Active Set Method

 Full-Space Newton Method
  iter  value          gnorm          cnorm          ecnorm         flowcnorm      flow_cfl       identity       icnorm         snorm          #linesear  iterPDAS   flagPDAS   iterGMRES  resiGMRES      flagGMRES  feasible   n_active_  n_vmult           dRdW_form         dRdW_mult         dRdX_mult         d2R_mult          
  0     3.709617e-02   2.872478e-01   
  iter  value          gnorm          cnorm          ecnorm         flowcnorm      flow_cfl       identity       icnorm         snorm          #linesear  iterPDAS   flagPDAS   iterGMRES  resiGMRES      flagGMRES  feasible   n_active_  n_vmult           dRdW_form         dRdW_mult         dRdX_mult         d2R_mult          
  1     2.910529e-02   2.108742e-01   4.590892e-04   4.590892e-04   2.838821e-09   1.670469e+10   8.251128e+00   0.000000e+00   1.840618e+01   1          1          0          136        9.775445e-11   0          YES       2          12842             18                3674              556               548               
  iter  value          gnorm          cnorm          ecnorm         flowcnorm      flow_cfl       identity       icnorm         snorm          #linesear  iterPDAS   flagPDAS   iterGMRES  resiGMRES      flagGMRES  feasible   n_active_  n_vmult           dRdW_form         dRdW_mult         dRdX_mult         d2R_mult          
  2     2.442563e-02   1.153820e-01   3.395142e-04   3.395142e-04   5.846867e-10   1.482309e+11   4.446792e+00   0.000000e+00   6.983616e+00   1          1          0          140        9.879108e-11   0          YES       2          24368             21                7008              1128              1112              
  iter  value          gnorm          cnorm          ecnorm         flowcnorm      flow_cfl       identity       icnorm         snorm          #linesear  iterPDAS   flagPDAS   iterGMRES  resiGMRES      flagGMRES  feasible   n_active_  n_vmult           dRdW_form         dRdW_mult         dRdX_mult         d2R_mult          
  3     1.950805e-02   6.821080e-02   8.182528e-04   8.182528e-04   6.979018e-10   2.100644e+11   1.331301e+00   0.000000e+00   4.484581e+00   1          1          0          135        9.850588e-11   0          YES       2          35528             24                10256             1680              1656              
  iter  value          gnorm          cnorm          ecnorm         flowcnorm      flow_cfl       identity       icnorm         snorm          #linesear  iterPDAS   flagPDAS   iterGMRES  resiGMRES      flagGMRES  feasible   n_active_  n_vmult           dRdW_form         dRdW_mult         dRdX_mult         d2R_mult          
  4     1.596340e-02   3.985187e-02   1.153629e-02   4.455290e-05   2.249874e-10   1.115304e+12   4.652714e-01   1.149174e-02   3.780311e+00   1          1          1          141        8.159534e-11   0          NO        3          47235             27                13715             2256              2224              
  iter  value          gnorm          cnorm          ecnorm         flowcnorm      flow_cfl       identity       icnorm         snorm          #linesear  iterPDAS   flagPDAS   iterGMRES  resiGMRES      flagGMRES  feasible   n_active_  n_vmult           dRdW_form         dRdW_mult         dRdX_mult         d2R_mult          
  5     1.481543e-02   3.750025e-02   1.558980e-02   5.858904e-05   1.141260e-10   2.336583e+12   1.588172e-01   1.553121e-02   2.950862e+00   2          1          1          157        9.925538e-11   0          NO        5          60095             30                17431             2896              2856              
  iter  value          gnorm          cnorm          ecnorm         flowcnorm      flow_cfl       identity       icnorm         snorm          #linesear  iterPDAS   flagPDAS   iterGMRES  resiGMRES      flagGMRES  feasible   n_active_  n_vmult           dRdW_form         dRdW_mult         dRdX_mult         d2R_mult          
  6     1.367002e-02   5.506599e-02   5.364010e-02   2.501232e-05   3.132234e-12   5.797788e+13   1.406268e-01   5.361508e-02   1.938547e+00   1          1          1          162        7.504802e-11   0          NO        11         73321             33                21233             3556              3508              
  iter  value          gnorm          cnorm          ecnorm         flowcnorm      flow_cfl       identity       icnorm         snorm          #linesear  iterPDAS   flagPDAS   iterGMRES  resiGMRES      flagGMRES  feasible   n_active_  n_vmult           dRdW_form         dRdW_mult         dRdX_mult         d2R_mult          
  7     1.403643e-02   1.878413e-02   7.294618e-03   7.635191e-05   2.183370e-12   2.438268e+14   3.032263e-01   7.218266e-03   1.411591e+00   1          1          1          164        9.671688e-11   0          NO        11         86713             36                25089             4224              4168              
  iter  value          gnorm          cnorm          ecnorm         flowcnorm      flow_cfl       identity       icnorm         snorm          #linesear  iterPDAS   flagPDAS   iterGMRES  resiGMRES      flagGMRES  feasible   n_active_  n_vmult           dRdW_form         dRdW_mult         dRdX_mult         d2R_mult          
  8     1.400168e-02   1.255891e-02   9.282596e-03   4.937911e-05   1.605539e-12   4.959377e+14   3.528435e-02   9.233217e-03   9.087506e-01   3          1          1          193        6.586100e-11   0          NO        14         102281            39                29497             5008              4944              
  iter  value          gnorm          cnorm          ecnorm         flowcnorm      flow_cfl       identity       icnorm         snorm          #linesear  iterPDAS   flagPDAS   iterGMRES  resiGMRES      flagGMRES  feasible   n_active_  n_vmult           dRdW_form         dRdW_mult         dRdX_mult         d2R_mult          
  9     1.407796e-02   3.046408e-02   3.044255e-02   1.541016e-06   1.187450e-12   2.764372e+14   1.577263e-02   3.044101e-02   6.925380e-01   1          1          1          198        8.302462e-11   0          NO        15         118250            42                34026             5812              5740              
  iter  value          gnorm          cnorm          ecnorm         flowcnorm      flow_cfl       identity       icnorm         snorm          #linesear  iterPDAS   flagPDAS   iterGMRES  resiGMRES      flagGMRES  feasible   n_active_  n_vmult           dRdW_form         dRdW_mult         dRdX_mult         d2R_mult          
  10    1.406154e-02   3.992404e-03   2.640330e-03   1.413868e-06   1.015202e-13   2.467249e+16   9.280600e-02   2.638917e-03   1.432063e-01   1          1          1          177        9.473119e-11   0          NO        16         132609            45                38121             6532              6452              
  iter  value          gnorm          cnorm          ecnorm         flowcnorm      flow_cfl       identity       icnorm         snorm          #linesear  iterPDAS   flagPDAS   iterGMRES  resiGMRES      flagGMRES  feasible   n_active_  n_vmult           dRdW_form         dRdW_mult         dRdX_mult         d2R_mult          
  11    1.403905e-02   1.118007e-02   8.440601e-03   1.756062e-06   8.268567e-14   1.081746e+16   1.593929e-03   8.438845e-03   5.894937e-01   5          1          1          220        8.045183e-11   0          NO        18         150250            48                43090             7424              7336              
  iter  value          gnorm          cnorm          ecnorm         flowcnorm      flow_cfl       identity       icnorm         snorm          #linesear  iterPDAS   flagPDAS   iterGMRES  resiGMRES      flagGMRES  feasible   n_active_  n_vmult           dRdW_form         dRdW_mult         dRdX_mult         d2R_mult          
  12    1.404188e-02   8.824324e-04   7.326887e-04   1.998891e-07   6.315591e-14   1.794339e+17   1.249940e-02   7.324888e-04   5.801079e-01   1          1          1          198        7.825517e-11   0          NO        17         166205            51                47605             8228              8132              
  iter  value          gnorm          cnorm          ecnorm         flowcnorm      flow_cfl       identity       icnorm         snorm          #linesear  iterPDAS   flagPDAS   iterGMRES  resiGMRES      flagGMRES  feasible   n_active_  n_vmult           dRdW_form         dRdW_mult         dRdX_mult         d2R_mult          
  13    1.403532e-02   3.898948e-02   3.890917e-02   1.656842e-07   4.384819e-14   5.849259e+15   1.000000e-04   3.890900e-02   1.974390e-01   5          1          1          225        8.323596e-11   0          NO        19         184219            54                52667             9140              9036              
  iter  value          gnorm          cnorm          ecnorm         flowcnorm      flow_cfl       identity       icnorm         snorm          #linesear  iterPDAS   flagPDAS   iterGMRES  resiGMRES      flagGMRES  feasible   n_active_  n_vmult           dRdW_form         dRdW_mult         dRdX_mult         d2R_mult          
  14    1.404029e-02   6.469622e-03   1.916759e-06   1.916759e-06   2.226244e-13   6.943018e+15   1.520180e-01   0.000000e+00   2.855645e-01   1          1          0          176        7.167665e-11   0          YES       18         198502            57                56742             9856              9744              
  iter  value          gnorm          cnorm          ecnorm         flowcnorm      flow_cfl       identity       icnorm         snorm          #linesear  iterPDAS   flagPDAS   iterGMRES  resiGMRES      flagGMRES  feasible   n_active_  n_vmult           dRdW_form         dRdW_mult         dRdX_mult         d2R_mult          
  15    1.403530e-02   1.557119e-03   1.639543e-06   1.639543e-06   3.695416e-14   1.737860e+17   4.185601e-03   0.000000e+00   1.918071e-01   2          1          1          201        6.483011e-11   0          YES       18         214685            60                61317             10672             10552             
  iter  value          gnorm          cnorm          ecnorm         flowcnorm      flow_cfl       identity       icnorm         snorm          #linesear  iterPDAS   flagPDAS   iterGMRES  resiGMRES      flagGMRES  feasible   n_active_  n_vmult           dRdW_form         dRdW_mult         dRdX_mult         d2R_mult          
  16    1.403458e-02   2.724901e-03   2.492824e-03   1.538622e-06   4.063146e-14   9.032062e+16   2.424621e-04   2.491285e-03   3.871233e-02   5          1          1          224        7.047935e-11   0          NO        19         232609            63                66345             11580             11452             
  iter  value          gnorm          cnorm          ecnorm         flowcnorm      flow_cfl       identity       icnorm         snorm          #linesear  iterPDAS   flagPDAS   iterGMRES  resiGMRES      flagGMRES  feasible   n_active_  n_vmult           dRdW_form         dRdW_mult         dRdX_mult         d2R_mult          
  17    1.403401e-02   2.218716e-03   2.078952e-03   1.174565e-06   5.287574e-14   8.523966e+16   7.425083e-04   2.077778e-03   2.711009e-02   3          1          1          207        7.267421e-11   0          NO        20         249248            66                71040             12420             12284             
  iter  value          gnorm          cnorm          ecnorm         flowcnorm      flow_cfl       identity       icnorm         snorm          #linesear  iterPDAS   flagPDAS   iterGMRES  resiGMRES      flagGMRES  feasible   n_active_  n_vmult           dRdW_form         dRdW_mult         dRdX_mult         d2R_mult          
  18    1.403344e-02   2.115851e-03   2.046064e-03   8.922082e-07   5.519253e-14   8.563172e+16   4.922703e-04   2.045172e-03   2.719009e-02   3          1          1          210        7.643601e-11   0          NO        21         266101            69                75781             13272             13128             
  iter  value          gnorm          cnorm          ecnorm         flowcnorm      flow_cfl       identity       icnorm         snorm          #linesear  iterPDAS   flagPDAS   iterGMRES  resiGMRES      flagGMRES  feasible   n_active_  n_vmult           dRdW_form         dRdW_mult         dRdX_mult         d2R_mult          
  19    1.403342e-02   1.055869e-03   1.023053e-03   4.667254e-07   4.924584e-14   1.923181e+17   4.476824e-04   1.022586e-03   3.708206e-02   2          1          1          212        7.487998e-11   0          NO        21         283127            72                80583             14132             13980             
  iter  value          gnorm          cnorm          ecnorm         flowcnorm      flow_cfl       identity       icnorm         snorm          #linesear  iterPDAS   flagPDAS   iterGMRES  resiGMRES      flagGMRES  feasible   n_active_  n_vmult           dRdW_form         dRdW_mult         dRdX_mult         d2R_mult          
  20    1.403305e-02   2.917627e-03   2.907907e-03   4.374424e-07   4.732607e-14   7.242187e+16   1.114860e-04   2.907470e-03   2.743701e-02   5          1          1          215        8.207207e-11   0          NO        23         300381            75                85445             15004             14844             
  iter  value          gnorm          cnorm          ecnorm         flowcnorm      flow_cfl       identity       icnorm         snorm          #linesear  iterPDAS   flagPDAS   iterGMRES  resiGMRES      flagGMRES  feasible   n_active_  n_vmult           dRdW_form         dRdW_mult         dRdX_mult         d2R_mult          
  21    1.403324e-02   2.698198e-03   2.684336e-03   3.262980e-07   3.955389e-14   9.369943e+16   8.512549e-04   2.684010e-03   2.697998e-02   3          1          1          212        6.115013e-11   0          NO        24         317386            78                90226             15864             15696             
  iter  value          gnorm          cnorm          ecnorm         flowcnorm      flow_cfl       identity       icnorm         snorm          #linesear  iterPDAS   flagPDAS   iterGMRES  resiGMRES      flagGMRES  feasible   n_active_  n_vmult           dRdW_form         dRdW_mult         dRdX_mult         d2R_mult          
  22    1.403411e-02   3.230835e-04   3.219434e-04   1.532633e-08   1.163563e-14   2.660083e+18   7.280272e-04   3.219281e-04   2.675625e-02   1          1          1          213        8.689495e-11   0          NO        24         334474            81                95034             16728             16552             
  iter  value          gnorm          cnorm          ecnorm         flowcnorm      flow_cfl       identity       icnorm         snorm          #linesear  iterPDAS   flagPDAS   iterGMRES  resiGMRES      flagGMRES  feasible   n_active_  n_vmult           dRdW_form         dRdW_mult         dRdX_mult         d2R_mult          
  23    1.403397e-02   2.306868e-03   2.306270e-03   1.435960e-08   1.077239e-14   4.024067e+17   1.000000e-04   2.306255e-03   1.358745e-02   5          1          1          215        6.330901e-11   0          NO        25         351728            84                99896             17600             17416             
  iter  value          gnorm          cnorm          ecnorm         flowcnorm      flow_cfl       identity       icnorm         snorm          #linesear  iterPDAS   flagPDAS   iterGMRES  resiGMRES      flagGMRES  feasible   n_active_  n_vmult           dRdW_form         dRdW_mult         dRdX_mult         d2R_mult          
  24    1.403394e-02   3.171315e-03   3.171250e-03   6.932690e-09   4.403409e-15   7.160966e+17   5.321638e-04   3.171243e-03   1.565727e-02   2          1          1          215        6.871744e-11   0          NO        27         368982            87                104758            18472             18280             
  iter  value          gnorm          cnorm          ecnorm         flowcnorm      flow_cfl       identity       icnorm         snorm          #linesear  iterPDAS   flagPDAS   iterGMRES  resiGMRES      flagGMRES  feasible   n_active_  n_vmult           dRdW_form         dRdW_mult         dRdX_mult         d2R_mult          
  25    1.403393e-02   1.286850e-05   3.601703e-10   3.601703e-10   2.073479e-15   3.747767e+20   1.005724e-03   0.000000e+00   1.316248e-02   1          1          0          200        9.706133e-11   0          YES       24         385068            90                109292            19284             19084             
  iter  value          gnorm          cnorm          ecnorm         flowcnorm      flow_cfl       identity       icnorm         snorm          #linesear  iterPDAS   flagPDAS   iterGMRES  resiGMRES      flagGMRES  feasible   n_active_  n_vmult           dRdW_form         dRdW_mult         dRdX_mult         d2R_mult          
  26    1.403383e-02   3.215001e-05   3.350274e-10   3.350274e-10   1.844572e-15   1.686255e+20   1.000000e-04   0.000000e+00   9.696252e-03   5          1          1          210        8.342992e-11   0          YES       24         401942            93                114054            20136             19928             
  iter  value          gnorm          cnorm          ecnorm         flowcnorm      flow_cfl       identity       icnorm         snorm          #linesear  iterPDAS   flagPDAS   iterGMRES  resiGMRES      flagGMRES  feasible   n_active_  n_vmult           dRdW_form         dRdW_mult         dRdX_mult         d2R_mult          
  27    1.403374e-02   3.564440e-03   3.564297e-03   3.110829e-10   1.636564e-15   1.714256e+18   1.000000e-04   3.564297e-03   7.643177e-03   5          1          1          211        8.248950e-11   0          NO        25         418885            96                118829            20992             20776             
  iter  value          gnorm          cnorm          ecnorm         flowcnorm      flow_cfl       identity       icnorm         snorm          #linesear  iterPDAS   flagPDAS   iterGMRES  resiGMRES      flagGMRES  feasible   n_active_  n_vmult           dRdW_form         dRdW_mult         dRdX_mult         d2R_mult          
  28    1.403363e-02   9.101598e-04   9.100981e-04   2.606569e-11   1.320570e-15   8.319956e+18   1.270523e-03   9.100981e-04   1.029910e-02   1          1          1          208        9.422049e-11   0          NO        25         435593            99                123537            21836             21612             
  iter  value          gnorm          cnorm          ecnorm         flowcnorm      flow_cfl       identity       icnorm         snorm          #linesear  iterPDAS   flagPDAS   iterGMRES  resiGMRES      flagGMRES  feasible   n_active_  n_vmult           dRdW_form         dRdW_mult         dRdX_mult         d2R_mult          
  29    1.403359e-02   2.972858e-03   2.972766e-03   2.120434e-11   1.250280e-15   2.690412e+18   1.000000e-04   2.972766e-03   7.253611e-03   5          1          1          219        6.583186e-11   0          NO        26         453130            102               128458            22724             22492             
  iter  value          gnorm          cnorm          ecnorm         flowcnorm      flow_cfl       identity       icnorm         snorm          #linesear  iterPDAS   flagPDAS   iterGMRES  resiGMRES      flagGMRES  feasible   n_active_  n_vmult           dRdW_form         dRdW_mult         dRdX_mult         d2R_mult          
  30    1.403361e-02   7.854856e-06   1.392905e-11   1.392905e-11   1.161300e-15   1.096269e+21   8.837884e-04   0.000000e+00   1.046103e-02   1          1          0          198        8.953905e-11   0          YES       24         469071            105               132959            23528             23288             
Optimization Terminated with Status: Converged
The process took 396.896 seconds to run.
Total n_vmult for algorithm 469071
