Starting optimization with 10 control variables...

Primal Dual Active Set Method

 Full-Space Newton Method
  iter  value          gnorm          cnorm          ecnorm         flowcnorm      flow_cfl       identity       icnorm         snorm          #linesear  iterPDAS   flagPDAS   iterGMRES  resiGMRES      flagGMRES  feasible   n_active_  n_vmult           dRdW_form         dRdW_mult         dRdX_mult         d2R_mult          
  0     9.645510e-02   1.696310e-01   
  iter  value          gnorm          cnorm          ecnorm         flowcnorm      flow_cfl       identity       icnorm         snorm          #linesear  iterPDAS   flagPDAS   iterGMRES  resiGMRES      flagGMRES  feasible   n_active_  n_vmult           dRdW_form         dRdW_mult         dRdX_mult         d2R_mult          
  1     8.361321e-02   1.472137e-01   3.657290e-04   3.657290e-04   8.296317e-10   8.187784e+10   2.877468e+00   0.000000e+00   8.319705e+00   1          1          1          82         9.560322e-11   0          YES       1          7006              12                2062              340               332               
  iter  value          gnorm          cnorm          ecnorm         flowcnorm      flow_cfl       identity       icnorm         snorm          #linesear  iterPDAS   flagPDAS   iterGMRES  resiGMRES      flagGMRES  feasible   n_active_  n_vmult           dRdW_form         dRdW_mult         dRdX_mult         d2R_mult          
  2     8.098409e-02   6.115083e-02   7.447682e-05   7.447682e-05   3.374856e-11   4.845542e+12   2.167188e+00   0.000000e+00   1.904394e+00   1          1          0          79         5.524385e-11   0          YES       1          13513             15                3973              668               652               
  iter  value          gnorm          cnorm          ecnorm         flowcnorm      flow_cfl       identity       icnorm         snorm          #linesear  iterPDAS   flagPDAS   iterGMRES  resiGMRES      flagGMRES  feasible   n_active_  n_vmult           dRdW_form         dRdW_mult         dRdX_mult         d2R_mult          
  3     8.075165e-02   4.564355e-02   1.185167e-03   6.996271e-05   3.165474e-11   6.921207e+12   3.739424e-01   1.115204e-03   4.847107e-01   5          1          1          79         6.106093e-11   0          NO        2          20020             18                5884              996               972               
  iter  value          gnorm          cnorm          ecnorm         flowcnorm      flow_cfl       identity       icnorm         snorm          #linesear  iterPDAS   flagPDAS   iterGMRES  resiGMRES      flagGMRES  feasible   n_active_  n_vmult           dRdW_form         dRdW_mult         dRdX_mult         d2R_mult          
  4     8.043071e-02   2.890377e-02   1.040610e-03   6.480711e-05   2.774388e-11   1.247034e+13   2.083333e-01   9.758034e-04   7.502650e-01   4          1          1          83         9.917186e-11   0          NO        2          26845             21                7889              1340              1308              
  iter  value          gnorm          cnorm          ecnorm         flowcnorm      flow_cfl       identity       icnorm         snorm          #linesear  iterPDAS   flagPDAS   iterGMRES  resiGMRES      flagGMRES  feasible   n_active_  n_vmult           dRdW_form         dRdW_mult         dRdX_mult         d2R_mult          
  5     8.022652e-02   2.826033e-02   2.567425e-03   6.211210e-05   2.605464e-11   1.358118e+13   8.354279e-02   2.505313e-03   2.675720e-01   5          1          1          88         5.707135e-11   0          NO        3          34057             24                10001             1704              1664              
  iter  value          gnorm          cnorm          ecnorm         flowcnorm      flow_cfl       identity       icnorm         snorm          #linesear  iterPDAS   flagPDAS   iterGMRES  resiGMRES      flagGMRES  feasible   n_active_  n_vmult           dRdW_form         dRdW_mult         dRdX_mult         d2R_mult          
  6     7.937499e-02   1.449677e-02   1.521224e-03   3.173694e-05   1.351940e-11   5.102364e+13   7.986464e-02   1.489487e-03   8.532148e-01   2          1          1          84         9.893419e-11   0          NO        4          40979             27                12047             2052              2004              
  iter  value          gnorm          cnorm          ecnorm         flowcnorm      flow_cfl       identity       icnorm         snorm          #linesear  iterPDAS   flagPDAS   iterGMRES  resiGMRES      flagGMRES  feasible   n_active_  n_vmult           dRdW_form         dRdW_mult         dRdX_mult         d2R_mult          
  7     7.931097e-02   1.735821e-02   1.479787e-03   2.960426e-05   1.266861e-11   4.547432e+13   2.101563e-02   1.450183e-03   2.655567e-01   5          1          1          85         8.669502e-11   0          NO        5          47970             30                14106             2404              2348              
  iter  value          gnorm          cnorm          ecnorm         flowcnorm      flow_cfl       identity       icnorm         snorm          #linesear  iterPDAS   flagPDAS   iterGMRES  resiGMRES      flagGMRES  feasible   n_active_  n_vmult           dRdW_form         dRdW_mult         dRdX_mult         d2R_mult          
  8     7.927193e-02   1.126404e-02   1.851618e-03   2.764689e-05   1.188048e-11   7.472601e+13   3.013075e-02   1.823971e-03   2.276978e-01   5          1          1          82         9.778651e-11   0          NO        6          54761             33                16133             2744              2680              
  iter  value          gnorm          cnorm          ecnorm         flowcnorm      flow_cfl       identity       icnorm         snorm          #linesear  iterPDAS   flagPDAS   iterGMRES  resiGMRES      flagGMRES  feasible   n_active_  n_vmult           dRdW_form         dRdW_mult         dRdX_mult         d2R_mult          
  9     7.927420e-02   4.261546e-03   9.263704e-04   1.438509e-05   6.650447e-12   3.528434e+14   1.268786e-02   9.119853e-04   1.758744e-01   2          1          1          79         9.374636e-11   0          NO        6          61317             36                18093             3072              3000              
  iter  value          gnorm          cnorm          ecnorm         flowcnorm      flow_cfl       identity       icnorm         snorm          #linesear  iterPDAS   flagPDAS   iterGMRES  resiGMRES      flagGMRES  feasible   n_active_  n_vmult           dRdW_form         dRdW_mult         dRdX_mult         d2R_mult          
  10    7.928108e-02   2.230908e-03   5.550024e-04   7.383212e-06   3.548467e-12   1.263216e+15   1.816077e-03   5.476191e-04   1.582412e-02   2          1          1          78         8.203942e-11   0          NO        7          67748             39                19984             3396              3316              
  iter  value          gnorm          cnorm          ecnorm         flowcnorm      flow_cfl       identity       icnorm         snorm          #linesear  iterPDAS   flagPDAS   iterGMRES  resiGMRES      flagGMRES  feasible   n_active_  n_vmult           dRdW_form         dRdW_mult         dRdX_mult         d2R_mult          
  11    7.929526e-02   4.038719e-06   7.561568e-08   7.561568e-08   1.015775e-13   2.437581e+19   4.976951e-04   0.000000e+00   4.678536e-02   1          1          0          80         6.646754e-11   0          YES       6          74317             42                21901             3728              3640              
Optimization Terminated with Status: Converged
The process took 32.9172 seconds to run.
Total n_vmult for algorithm 74317
