Starting optimization with 30 control variables...

Primal Dual Active Set Method

 Full-Space Newton Method
  iter  value          gnorm          cnorm          ecnorm         flowcnorm      flow_cfl       identity       icnorm         snorm          #linesear  iterPDAS   flagPDAS   iterGMRES  resiGMRES      flagGMRES  feasible   n_active_  n_vmult           dRdW_form         dRdW_mult         dRdX_mult         d2R_mult          
  0     4.035302e-02   2.259518e-01   
  iter  value          gnorm          cnorm          ecnorm         flowcnorm      flow_cfl       identity       icnorm         snorm          #linesear  iterPDAS   flagPDAS   iterGMRES  resiGMRES      flagGMRES  feasible   n_active_  n_vmult           dRdW_form         dRdW_mult         dRdX_mult         d2R_mult          
  1     2.886704e-02   1.713701e-01   1.180180e-03   1.180180e-03   5.199949e-09   1.122189e+10   5.105422e+00   0.000000e+00   2.403934e+01   1          1          0          147        9.167932e-11   0          YES       2          16714             23                4230              600               592               
  iter  value          gnorm          cnorm          ecnorm         flowcnorm      flow_cfl       identity       icnorm         snorm          #linesear  iterPDAS   flagPDAS   iterGMRES  resiGMRES      flagGMRES  feasible   n_active_  n_vmult           dRdW_form         dRdW_mult         dRdX_mult         d2R_mult          
  2     2.501151e-02   7.657958e-02   3.453080e-04   3.453080e-04   3.977972e-11   3.282655e+12   2.936770e+00   0.000000e+00   7.788909e+00   1          1          0          148        7.676224e-11   0          YES       2          29246             26                7822              1204              1188              
  iter  value          gnorm          cnorm          ecnorm         flowcnorm      flow_cfl       identity       icnorm         snorm          #linesear  iterPDAS   flagPDAS   iterGMRES  resiGMRES      flagGMRES  feasible   n_active_  n_vmult           dRdW_form         dRdW_mult         dRdX_mult         d2R_mult          
  3     2.206550e-02   3.072468e-02   1.484295e-04   1.484295e-04   1.404065e-10   2.318064e+12   5.864433e-01   0.000000e+00   4.695647e+00   1          1          0          147        8.702599e-11   0          YES       2          41695             29                11387             1804              1780              
  iter  value          gnorm          cnorm          ecnorm         flowcnorm      flow_cfl       identity       icnorm         snorm          #linesear  iterPDAS   flagPDAS   iterGMRES  resiGMRES      flagGMRES  feasible   n_active_  n_vmult           dRdW_form         dRdW_mult         dRdX_mult         d2R_mult          
  4     2.156238e-02   3.857161e-02   1.248635e-04   1.248635e-04   1.255740e-10   2.064584e+12   9.440057e-02   0.000000e+00   3.050630e+00   4          1          1          175        8.649488e-11   0          YES       2          56286             32                15526             2516              2484              
  iter  value          gnorm          cnorm          ecnorm         flowcnorm      flow_cfl       identity       icnorm         snorm          #linesear  iterPDAS   flagPDAS   iterGMRES  resiGMRES      flagGMRES  feasible   n_active_  n_vmult           dRdW_form         dRdW_mult         dRdX_mult         d2R_mult          
  5     2.139141e-02   3.082451e-02   1.838499e-03   1.167734e-04   1.180160e-10   2.748926e+12   1.487769e-01   1.721725e-03   7.841364e-01   5          1          1          168        7.630269e-11   0          NO        3          70352             35                19532             3200              3160              
  iter  value          gnorm          cnorm          ecnorm         flowcnorm      flow_cfl       identity       icnorm         snorm          #linesear  iterPDAS   flagPDAS   iterGMRES  resiGMRES      flagGMRES  feasible   n_active_  n_vmult           dRdW_form         dRdW_mult         dRdX_mult         d2R_mult          
  6     2.072098e-02   2.613968e-02   3.986422e-03   8.765629e-05   9.326814e-11   4.101724e+12   9.501502e-02   3.898765e-03   1.466326e+00   3          1          1          177        7.144837e-11   0          NO        5          85088             38                23704             3920              3872              
  iter  value          gnorm          cnorm          ecnorm         flowcnorm      flow_cfl       identity       icnorm         snorm          #linesear  iterPDAS   flagPDAS   iterGMRES  resiGMRES      flagGMRES  feasible   n_active_  n_vmult           dRdW_form         dRdW_mult         dRdX_mult         d2R_mult          
  7     2.038490e-02   2.510826e-02   8.924521e-03   7.444481e-05   7.061212e-11   5.640324e+12   6.832828e-02   8.850076e-03   2.355069e+00   3          1          1          185        8.424385e-11   0          NO        7          100446            41                28050             4672              4616              
  iter  value          gnorm          cnorm          ecnorm         flowcnorm      flow_cfl       identity       icnorm         snorm          #linesear  iterPDAS   flagPDAS   iterGMRES  resiGMRES      flagGMRES  feasible   n_active_  n_vmult           dRdW_form         dRdW_mult         dRdX_mult         d2R_mult          
  8     2.001361e-02   1.893660e-02   1.491231e-02   4.020847e-05   3.576834e-11   1.476383e+13   6.304249e-02   1.487210e-02   9.633997e-01   2          1          1          185        9.826963e-11   0          NO        9          115797            44                32389             5424              5360              
  iter  value          gnorm          cnorm          ecnorm         flowcnorm      flow_cfl       identity       icnorm         snorm          #linesear  iterPDAS   flagPDAS   iterGMRES  resiGMRES      flagGMRES  feasible   n_active_  n_vmult           dRdW_form         dRdW_mult         dRdX_mult         d2R_mult          
  9     1.995323e-02   9.946369e-03   9.469864e-03   4.125950e-05   2.075259e-12   4.844658e+14   3.585950e-02   9.428604e-03   1.790674e+00   1          1          1          192        9.512040e-11   0          NO        8          131687            47                36875             6204              6132              
  iter  value          gnorm          cnorm          ecnorm         flowcnorm      flow_cfl       identity       icnorm         snorm          #linesear  iterPDAS   flagPDAS   iterGMRES  resiGMRES      flagGMRES  feasible   n_active_  n_vmult           dRdW_form         dRdW_mult         dRdX_mult         d2R_mult          
  10    2.002520e-02   1.272480e-02   1.267767e-02   1.022286e-05   1.240090e-12   6.337176e+14   9.893025e-03   1.266745e-02   5.315407e-01   1          1          1          208        9.786883e-11   0          NO        9          148786            50                41674             7048              6968              
  iter  value          gnorm          cnorm          ecnorm         flowcnorm      flow_cfl       identity       icnorm         snorm          #linesear  iterPDAS   flagPDAS   iterGMRES  resiGMRES      flagGMRES  feasible   n_active_  n_vmult           dRdW_form         dRdW_mult         dRdX_mult         d2R_mult          
  11    2.000097e-02   6.743877e-04   6.262902e-07   6.262902e-07   3.863851e-13   3.837691e+16   1.619206e-02   0.000000e+00   1.653063e-01   1          1          0          196        6.872368e-11   0          YES       8          164987            53                46247             7844              7756              
  iter  value          gnorm          cnorm          ecnorm         flowcnorm      flow_cfl       identity       icnorm         snorm          #linesear  iterPDAS   flagPDAS   iterGMRES  resiGMRES      flagGMRES  feasible   n_active_  n_vmult           dRdW_form         dRdW_mult         dRdX_mult         d2R_mult          
  12    1.992456e-02   1.296738e-01   1.282503e-01   3.933507e-07   3.153386e-13   2.445516e+14   1.000000e-04   1.282499e-01   1.312561e+00   5          1          1          249        9.640979e-11   0          NO        19         185216            56                51880             8852              8756              
  iter  value          gnorm          cnorm          ecnorm         flowcnorm      flow_cfl       identity       icnorm         snorm          #linesear  iterPDAS   flagPDAS   iterGMRES  resiGMRES      flagGMRES  feasible   n_active_  n_vmult           dRdW_form         dRdW_mult         dRdX_mult         d2R_mult          
  13    2.220461e-02   2.947738e-01   6.006438e-03   2.602896e-03   1.094064e-10   3.100761e+11   1.681530e+00   3.403542e-03   9.170753e+00   1          1          1          197        9.623909e-11   0          NO        12         201500            59                56480             9652              9548              
  iter  value          gnorm          cnorm          ecnorm         flowcnorm      flow_cfl       identity       icnorm         snorm          #linesear  iterPDAS   flagPDAS   iterGMRES  resiGMRES      flagGMRES  feasible   n_active_  n_vmult           dRdW_form         dRdW_mult         dRdX_mult         d2R_mult          
  14    2.167488e-02   8.757723e-02   2.186285e-03   1.140929e-03   3.382310e-10   3.375945e+11   8.689162e+00   1.045356e-03   5.952563e+00   1          1          1          222        7.584987e-11   0          NO        8          219670            62                61566             10552             10440             
  iter  value          gnorm          cnorm          ecnorm         flowcnorm      flow_cfl       identity       icnorm         snorm          #linesear  iterPDAS   flagPDAS   iterGMRES  resiGMRES      flagGMRES  feasible   n_active_  n_vmult           dRdW_form         dRdW_mult         dRdX_mult         d2R_mult          
  15    2.054329e-02   4.149183e-02   4.566754e-03   7.280758e-04   2.199546e-10   1.095732e+12   7.669772e-01   3.838679e-03   4.219054e+00   2          1          1          168        6.939186e-11   0          NO        12         233715            65                65551             11236             11116             
  iter  value          gnorm          cnorm          ecnorm         flowcnorm      flow_cfl       identity       icnorm         snorm          #linesear  iterPDAS   flagPDAS   iterGMRES  resiGMRES      flagGMRES  feasible   n_active_  n_vmult           dRdW_form         dRdW_mult         dRdX_mult         d2R_mult          
  16    1.967258e-02   1.847241e-02   1.086119e-02   2.039980e-04   3.257278e-11   1.661964e+13   1.721572e-01   1.065720e-02   4.316979e+00   1          1          1          186        6.959207e-11   0          NO        9          249184            68                69952             11992             11864             
  iter  value          gnorm          cnorm          ecnorm         flowcnorm      flow_cfl       identity       icnorm         snorm          #linesear  iterPDAS   flagPDAS   iterGMRES  resiGMRES      flagGMRES  feasible   n_active_  n_vmult           dRdW_form         dRdW_mult         dRdX_mult         d2R_mult          
  17    1.979905e-02   2.713452e-02   2.253647e-02   1.284842e-04   1.904545e-11   1.935025e+13   3.412301e-02   2.240799e-02   2.005506e+00   2          1          1          197        9.611377e-11   0          NO        10         265468            71                74552             12792             12656             
  iter  value          gnorm          cnorm          ecnorm         flowcnorm      flow_cfl       identity       icnorm         snorm          #linesear  iterPDAS   flagPDAS   iterGMRES  resiGMRES      flagGMRES  feasible   n_active_  n_vmult           dRdW_form         dRdW_mult         dRdX_mult         d2R_mult          
  18    2.002273e-02   8.509000e-03   7.855825e-03   2.491123e-05   4.348715e-12   2.702468e+14   7.362823e-02   7.830914e-03   9.561131e-01   1          1          1          187        8.381114e-11   0          NO        13         280964            74                78924             13552             13408             
  iter  value          gnorm          cnorm          ecnorm         flowcnorm      flow_cfl       identity       icnorm         snorm          #linesear  iterPDAS   flagPDAS   iterGMRES  resiGMRES      flagGMRES  feasible   n_active_  n_vmult           dRdW_form         dRdW_mult         dRdX_mult         d2R_mult          
  19    1.997751e-02   1.704581e-03   1.444627e-03   1.602471e-06   5.567019e-13   1.053804e+16   7.240309e-03   1.443024e-03   2.320821e-01   1          1          1          210        9.113721e-11   0          NO        14         298222            77                83770             14404             14252             
  iter  value          gnorm          cnorm          ecnorm         flowcnorm      flow_cfl       identity       icnorm         snorm          #linesear  iterPDAS   flagPDAS   iterGMRES  resiGMRES      flagGMRES  feasible   n_active_  n_vmult           dRdW_form         dRdW_mult         dRdX_mult         d2R_mult          
  20    1.997744e-02   2.052193e-03   1.356010e-03   1.391149e-06   4.604636e-13   1.058245e+16   2.905595e-04   1.354619e-03   1.243776e-01   4          1          1          219        7.544400e-11   0          NO        14         316178            80                88810             15292             15132             
  iter  value          gnorm          cnorm          ecnorm         flowcnorm      flow_cfl       identity       icnorm         snorm          #linesear  iterPDAS   flagPDAS   iterGMRES  resiGMRES      flagGMRES  feasible   n_active_  n_vmult           dRdW_form         dRdW_mult         dRdX_mult         d2R_mult          
  21    1.997728e-02   6.448641e-03   6.383167e-03   1.304537e-06   4.201002e-13   3.691296e+15   4.211498e-04   6.381862e-03   8.569790e-02   5          1          1          222        9.046926e-11   0          NO        15         334334            83                93882             16192             16024             
  iter  value          gnorm          cnorm          ecnorm         flowcnorm      flow_cfl       identity       icnorm         snorm          #linesear  iterPDAS   flagPDAS   iterGMRES  resiGMRES      flagGMRES  feasible   n_active_  n_vmult           dRdW_form         dRdW_mult         dRdX_mult         d2R_mult          
  22    1.998211e-02   5.761663e-04   5.885849e-08   5.885849e-08   2.688688e-13   6.455231e+16   4.158498e-03   0.000000e+00   3.412563e-02   1          1          1          203        7.680027e-11   0          YES       12         351074            86                98602             17016             16840             
  iter  value          gnorm          cnorm          ecnorm         flowcnorm      flow_cfl       identity       icnorm         snorm          #linesear  iterPDAS   flagPDAS   iterGMRES  resiGMRES      flagGMRES  feasible   n_active_  n_vmult           dRdW_form         dRdW_mult         dRdX_mult         d2R_mult          
  23    1.998010e-02   9.470601e-04   4.388584e-08   4.388584e-08   2.168242e-13   4.869840e+16   1.000000e-04   0.000000e+00   8.505521e-02   4          1          1          221        6.548096e-11   0          YES       12         369168            89                103668            17912             17728             
  iter  value          gnorm          cnorm          ecnorm         flowcnorm      flow_cfl       identity       icnorm         snorm          #linesear  iterPDAS   flagPDAS   iterGMRES  resiGMRES      flagGMRES  feasible   n_active_  n_vmult           dRdW_form         dRdW_mult         dRdX_mult         d2R_mult          
  24    1.997923e-02   6.528169e-03   6.466139e-03   3.939433e-08   1.963119e-13   7.803007e+15   1.000000e-04   6.466100e-03   1.491024e-02   5          1          1          221        8.647556e-11   0          NO        13         387269            92                108741            18808             18616             
  iter  value          gnorm          cnorm          ecnorm         flowcnorm      flow_cfl       identity       icnorm         snorm          #linesear  iterPDAS   flagPDAS   iterGMRES  resiGMRES      flagGMRES  feasible   n_active_  n_vmult           dRdW_form         dRdW_mult         dRdX_mult         d2R_mult          
  25    1.996915e-02   2.663802e-04   5.700139e-08   5.700139e-08   1.562209e-13   2.403028e+17   4.261700e-03   0.000000e+00   6.091924e-02   1          1          0          198        6.681318e-11   0          YES       13         403608            95                113340            19612             19412             
  iter  value          gnorm          cnorm          ecnorm         flowcnorm      flow_cfl       identity       icnorm         snorm          #linesear  iterPDAS   flagPDAS   iterGMRES  resiGMRES      flagGMRES  feasible   n_active_  n_vmult           dRdW_form         dRdW_mult         dRdX_mult         d2R_mult          
  26    1.997414e-02   1.961834e-04   1.698758e-08   1.698758e-08   1.137707e-13   4.480302e+17   1.000000e-04   0.000000e+00   4.965066e-02   1          1          0          198        8.993781e-11   0          YES       13         419954            98                117946            20416             20208             
  iter  value          gnorm          cnorm          ecnorm         flowcnorm      flow_cfl       identity       icnorm         snorm          #linesear  iterPDAS   flagPDAS   iterGMRES  resiGMRES      flagGMRES  feasible   n_active_  n_vmult           dRdW_form         dRdW_mult         dRdX_mult         d2R_mult          
  27    1.997135e-02   1.269208e-04   1.946258e-09   1.946258e-09   6.672579e-14   1.180793e+18   1.000000e-04   0.000000e+00   3.592129e-02   1          1          0          198        6.812508e-11   0          YES       13         436300            101               122552            21220             21004             
  iter  value          gnorm          cnorm          ecnorm         flowcnorm      flow_cfl       identity       icnorm         snorm          #linesear  iterPDAS   flagPDAS   iterGMRES  resiGMRES      flagGMRES  feasible   n_active_  n_vmult           dRdW_form         dRdW_mult         dRdX_mult         d2R_mult          
  28    1.997163e-02   1.756129e-04   1.237966e-09   1.237966e-09   3.805553e-14   1.496325e+18   1.000000e-04   0.000000e+00   1.471362e-02   3          1          1          194        8.436401e-11   0          YES       13         452342            104               127078            22008             21784             
  iter  value          gnorm          cnorm          ecnorm         flowcnorm      flow_cfl       identity       icnorm         snorm          #linesear  iterPDAS   flagPDAS   iterGMRES  resiGMRES      flagGMRES  feasible   n_active_  n_vmult           dRdW_form         dRdW_mult         dRdX_mult         d2R_mult          
  29    1.997167e-02   1.406846e-04   1.163286e-09   1.163286e-09   3.400569e-14   2.090267e+18   1.000000e-04   0.000000e+00   2.882796e-03   5          1          1          198        7.004913e-11   0          YES       13         468695            107               131691            22812             22580             
  iter  value          gnorm          cnorm          ecnorm         flowcnorm      flow_cfl       identity       icnorm         snorm          #linesear  iterPDAS   flagPDAS   iterGMRES  resiGMRES      flagGMRES  feasible   n_active_  n_vmult           dRdW_form         dRdW_mult         dRdX_mult         d2R_mult          
  30    1.997170e-02   4.909117e-04   4.734439e-04   1.094627e-09   3.042403e-14   6.695451e+17   1.000000e-04   4.734428e-04   1.118734e-03   5          1          1          197        8.945332e-11   0          NO        14         484965            110               136277            23612             23372             
  iter  value          gnorm          cnorm          ecnorm         flowcnorm      flow_cfl       identity       icnorm         snorm          #linesear  iterPDAS   flagPDAS   iterGMRES  resiGMRES      flagGMRES  feasible   n_active_  n_vmult           dRdW_form         dRdW_mult         dRdX_mult         d2R_mult          
  31    1.997213e-02   3.684171e-05   9.125129e-10   9.125129e-10   2.034276e-14   1.334290e+19   1.000000e-04   0.000000e+00   6.163778e-03   1          1          0          174        9.340554e-11   0          YES       13         499480            113               140396            24320             24072             
  iter  value          gnorm          cnorm          ecnorm         flowcnorm      flow_cfl       identity       icnorm         snorm          #linesear  iterPDAS   flagPDAS   iterGMRES  resiGMRES      flagGMRES  feasible   n_active_  n_vmult           dRdW_form         dRdW_mult         dRdX_mult         d2R_mult          
  32    1.997179e-02   2.583261e-05   5.092565e-10   5.092565e-10   1.391908e-14   2.781129e+19   1.000000e-04   0.000000e+00   3.935357e-03   1          1          0          165        8.493396e-11   0          YES       13         513297            116               144321            24992             24736             
  iter  value          gnorm          cnorm          ecnorm         flowcnorm      flow_cfl       identity       icnorm         snorm          #linesear  iterPDAS   flagPDAS   iterGMRES  resiGMRES      flagGMRES  feasible   n_active_  n_vmult           dRdW_form         dRdW_mult         dRdX_mult         d2R_mult          
  33    1.997203e-02   1.781417e-05   2.297390e-10   2.297390e-10   9.559069e-15   5.872444e+19   1.000000e-04   0.000000e+00   2.724402e-03   1          1          0          164        7.653133e-11   0          YES       13         527073            119               148261            25660             25396             
  iter  value          gnorm          cnorm          ecnorm         flowcnorm      flow_cfl       identity       icnorm         snorm          #linesear  iterPDAS   flagPDAS   iterGMRES  resiGMRES      flagGMRES  feasible   n_active_  n_vmult           dRdW_form         dRdW_mult         dRdX_mult         d2R_mult          
  34    1.997187e-02   1.226074e-05   1.125959e-10   1.125959e-10   6.566815e-15   1.242020e+20   1.000000e-04   0.000000e+00   1.872475e-03   1          1          0          163        7.269535e-11   0          YES       13         540738            122               152146            26324             26052             
  iter  value          gnorm          cnorm          ecnorm         flowcnorm      flow_cfl       identity       icnorm         snorm          #linesear  iterPDAS   flagPDAS   iterGMRES  resiGMRES      flagGMRES  feasible   n_active_  n_vmult           dRdW_form         dRdW_mult         dRdX_mult         d2R_mult          
  35    1.997198e-02   8.438244e-06   5.383976e-11   5.383976e-11   4.522284e-15   2.620536e+20   1.000000e-04   0.000000e+00   1.288348e-03   1          1          0          161        9.273397e-11   0          YES       13         554258            125               155998            26980             26700             
Optimization Terminated with Status: Converged
The process took 1351.94 seconds to run.
Total n_vmult for algorithm 554258
