Starting optimization with 20 control variables...

Primal Dual Active Set Method

 Full-Space Newton Method
  iter  value          gnorm          cnorm          ecnorm         flowcnorm      flow_cfl       identity       icnorm         snorm          #linesear  iterPDAS   flagPDAS   iterGMRES  resiGMRES      flagGMRES  feasible   n_active_  n_vmult           dRdW_form         dRdW_mult         dRdX_mult         d2R_mult          
  0     9.645510e-02   2.063603e-01   
  iter  value          gnorm          cnorm          ecnorm         flowcnorm      flow_cfl       identity       icnorm         snorm          #linesear  iterPDAS   flagPDAS   iterGMRES  resiGMRES      flagGMRES  feasible   n_active_  n_vmult           dRdW_form         dRdW_mult         dRdX_mult         d2R_mult          
  1     8.355836e-02   1.866949e-01   3.076867e-04   3.076867e-04   7.927125e-10   6.756968e+10   4.258456e+00   0.000000e+00   8.718201e+00   1          1          1          91         8.493743e-11   0          YES       1          7690              12                2242              376               368               
  iter  value          gnorm          cnorm          ecnorm         flowcnorm      flow_cfl       identity       icnorm         snorm          #linesear  iterPDAS   flagPDAS   iterGMRES  resiGMRES      flagGMRES  feasible   n_active_  n_vmult           dRdW_form         dRdW_mult         dRdX_mult         d2R_mult          
  2     7.975442e-02   9.920698e-02   5.288731e-05   5.288731e-05   7.436349e-12   1.355495e+13   3.485498e+00   0.000000e+00   2.372912e+00   1          1          0          88         6.512817e-11   0          YES       1          14867             15                4319              740               724               
  iter  value          gnorm          cnorm          ecnorm         flowcnorm      flow_cfl       identity       icnorm         snorm          #linesear  iterPDAS   flagPDAS   iterGMRES  resiGMRES      flagGMRES  feasible   n_active_  n_vmult           dRdW_form         dRdW_mult         dRdX_mult         d2R_mult          
  3     7.781513e-02   6.154235e-02   3.062631e-03   4.348277e-05   4.132727e-12   3.931780e+13   9.842025e-01   3.019148e-03   7.375451e-01   2          1          1          81         6.347732e-11   0          NO        2          21505             18                6249              1076              1052              
  iter  value          gnorm          cnorm          ecnorm         flowcnorm      flow_cfl       identity       icnorm         snorm          #linesear  iterPDAS   flagPDAS   iterGMRES  resiGMRES      flagGMRES  feasible   n_active_  n_vmult           dRdW_form         dRdW_mult         dRdX_mult         d2R_mult          
  4     7.721082e-02   3.430555e-02   3.417951e-03   4.505321e-05   3.170541e-12   9.193952e+13   3.787460e-01   3.372898e-03   6.607381e-01   3          1          1          85         5.696694e-11   0          NO        3          28489             21                8301              1428              1396              
  iter  value          gnorm          cnorm          ecnorm         flowcnorm      flow_cfl       identity       icnorm         snorm          #linesear  iterPDAS   flagPDAS   iterGMRES  resiGMRES      flagGMRES  feasible   n_active_  n_vmult           dRdW_form         dRdW_mult         dRdX_mult         d2R_mult          
  5     7.692527e-02   2.733907e-02   2.991472e-03   4.018573e-05   2.799140e-12   1.306747e+14   1.176871e-01   2.951286e-03   3.614575e-01   4          1          1          94         8.761804e-11   0          NO        3          36108             24                10484             1816              1776              
  iter  value          gnorm          cnorm          ecnorm         flowcnorm      flow_cfl       identity       icnorm         snorm          #linesear  iterPDAS   flagPDAS   iterGMRES  resiGMRES      flagGMRES  feasible   n_active_  n_vmult           dRdW_form         dRdW_mult         dRdX_mult         d2R_mult          
  6     7.675776e-02   2.716947e-02   5.184677e-03   3.791242e-05   2.630116e-12   1.399407e+14   7.474248e-02   5.146765e-03   1.204089e-01   5          1          1          102        7.472669e-11   0          NO        5          44356             27                12848             2236              2188              
  iter  value          gnorm          cnorm          ecnorm         flowcnorm      flow_cfl       identity       icnorm         snorm          #linesear  iterPDAS   flagPDAS   iterGMRES  resiGMRES      flagGMRES  feasible   n_active_  n_vmult           dRdW_form         dRdW_mult         dRdX_mult         d2R_mult          
  7     7.657718e-02   1.497704e-02   3.889405e-03   2.933195e-05   2.000196e-12   3.338117e+14   7.381800e-02   3.860073e-03   3.986394e-01   3          1          1          103        7.339632e-11   0          NO        5          52673             30                15225             2660              2604              
  iter  value          gnorm          cnorm          ecnorm         flowcnorm      flow_cfl       identity       icnorm         snorm          #linesear  iterPDAS   flagPDAS   iterGMRES  resiGMRES      flagGMRES  feasible   n_active_  n_vmult           dRdW_form         dRdW_mult         dRdX_mult         d2R_mult          
  8     7.651962e-02   1.460191e-02   3.897597e-03   2.757444e-05   1.876994e-12   3.648609e+14   2.243116e-02   3.870023e-03   5.693780e-02   5          1          1          117        7.957737e-11   0          NO        6          62047             33                17875             3140              3076              
  iter  value          gnorm          cnorm          ecnorm         flowcnorm      flow_cfl       identity       icnorm         snorm          #linesear  iterPDAS   flagPDAS   iterGMRES  resiGMRES      flagGMRES  feasible   n_active_  n_vmult           dRdW_form         dRdW_mult         dRdX_mult         d2R_mult          
  9     7.638582e-02   6.385958e-03   1.947042e-03   1.203069e-05   1.081893e-12   1.447403e+15   2.132158e-02   1.935011e-03   2.287609e-01   2          1          1          122        7.366774e-11   0          NO        6          71822             36                20646             3640              3568              
  iter  value          gnorm          cnorm          ecnorm         flowcnorm      flow_cfl       identity       icnorm         snorm          #linesear  iterPDAS   flagPDAS   iterGMRES  resiGMRES      flagGMRES  feasible   n_active_  n_vmult           dRdW_form         dRdW_mult         dRdX_mult         d2R_mult          
  10    7.632958e-02   1.145666e-02   7.569146e-03   1.112714e-05   1.013927e-12   8.608651e+14   4.078046e-03   7.558019e-03   1.733110e-01   5          1          1          131        6.416035e-11   0          NO        8          82267             39                23583             4176              4096              
  iter  value          gnorm          cnorm          ecnorm         flowcnorm      flow_cfl       identity       icnorm         snorm          #linesear  iterPDAS   flagPDAS   iterGMRES  resiGMRES      flagGMRES  feasible   n_active_  n_vmult           dRdW_form         dRdW_mult         dRdX_mult         d2R_mult          
  11    7.632905e-02   8.113449e-03   7.767810e-03   8.445604e-06   7.687169e-13   1.603349e+15   1.312551e-02   7.759365e-03   2.773422e-01   3          1          1          120        5.172141e-11   0          NO        9          91883             42                26307             4668              4580              
  iter  value          gnorm          cnorm          ecnorm         flowcnorm      flow_cfl       identity       icnorm         snorm          #linesear  iterPDAS   flagPDAS   iterGMRES  resiGMRES      flagGMRES  feasible   n_active_  n_vmult           dRdW_form         dRdW_mult         dRdX_mult         d2R_mult          
  12    7.639557e-02   2.439113e-04   1.783501e-07   1.783501e-07   1.568031e-13   2.614649e+17   6.582805e-03   0.000000e+00   1.499035e-01   1          1          0          127        7.080621e-11   0          YES       7          102052            45                29192             5188              5092              
  iter  value          gnorm          cnorm          ecnorm         flowcnorm      flow_cfl       identity       icnorm         snorm          #linesear  iterPDAS   flagPDAS   iterGMRES  resiGMRES      flagGMRES  feasible   n_active_  n_vmult           dRdW_form         dRdW_mult         dRdX_mult         d2R_mult          
  13    7.638267e-02   4.860655e-02   4.858864e-02   1.652249e-07   1.472859e-13   1.396831e+15   1.000000e-04   4.858847e-02   1.186522e-01   5          1          1          134        6.371211e-11   0          NO        11         112732            48                32196             5736              5632              
  iter  value          gnorm          cnorm          ecnorm         flowcnorm      flow_cfl       identity       icnorm         snorm          #linesear  iterPDAS   flagPDAS   iterGMRES  resiGMRES      flagGMRES  feasible   n_active_  n_vmult           dRdW_form         dRdW_mult         dRdX_mult         d2R_mult          
  14    7.643681e-02   1.530043e-02   4.240498e-06   4.240498e-06   3.242769e-13   2.015489e+15   2.362597e-01   0.000000e+00   1.514907e-01   1          1          1          95         9.476760e-11   0          YES       8          120448            51                34420             6128              6016              
  iter  value          gnorm          cnorm          ecnorm         flowcnorm      flow_cfl       identity       icnorm         snorm          #linesear  iterPDAS   flagPDAS   iterGMRES  resiGMRES      flagGMRES  feasible   n_active_  n_vmult           dRdW_form         dRdW_mult         dRdX_mult         d2R_mult          
  15    7.642964e-02   6.708372e-03   1.114934e-03   3.986350e-06   3.045316e-13   4.894976e+15   2.341031e-02   1.110948e-03   1.066810e-01   5          1          1          107        9.914234e-11   0          NO        9          129069            54                36877             6568              6448              
  iter  value          gnorm          cnorm          ecnorm         flowcnorm      flow_cfl       identity       icnorm         snorm          #linesear  iterPDAS   flagPDAS   iterGMRES  resiGMRES      flagGMRES  feasible   n_active_  n_vmult           dRdW_form         dRdW_mult         dRdX_mult         d2R_mult          
  16    7.639156e-02   1.268629e-04   3.719252e-06   3.719252e-06   2.661923e-13   2.961214e+17   4.500225e-03   0.000000e+00   1.128724e-01   1          1          0          107        9.690853e-11   0          YES       9          137683            57                39327             7008              6880              
  iter  value          gnorm          cnorm          ecnorm         flowcnorm      flow_cfl       identity       icnorm         snorm          #linesear  iterPDAS   flagPDAS   iterGMRES  resiGMRES      flagGMRES  feasible   n_active_  n_vmult           dRdW_form         dRdW_mult         dRdX_mult         d2R_mult          
  17    7.639145e-02   5.886094e-07   1.562544e-08   1.562544e-08   3.369925e-15   5.041415e+21   1.000000e-04   0.000000e+00   9.988566e-03   1          1          0          105        5.438063e-11   0          YES       9          146166            60                41758             7440              7304              
Optimization Terminated with Status: Converged
The process took 62.8347 seconds to run.
Total n_vmult for algorithm 146166
