Starting optimization with 80 control variables...

Primal Dual Active Set Method

 Full-Space Newton Method
  iter  value          gnorm          cnorm          ecnorm         flowcnorm      flow_cfl       identity       icnorm         snorm          #linesear  iterPDAS   flagPDAS   iterGMRES  resiGMRES      flagGMRES  feasible   n_active_  n_vmult           dRdW_form         dRdW_mult         dRdX_mult         d2R_mult          
  0     4.035302e-02   2.785124e-01   
  iter  value          gnorm          cnorm          ecnorm         flowcnorm      flow_cfl       identity       icnorm         snorm          #linesear  iterPDAS   flagPDAS   iterGMRES  resiGMRES      flagGMRES  feasible   n_active_  n_vmult           dRdW_form         dRdW_mult         dRdX_mult         d2R_mult          
  1     3.265413e-02   1.887386e-01   4.736307e-04   4.736307e-04   1.988450e-09   2.664555e+10   7.756916e+00   0.000000e+00   2.390950e+01   1          1          0          152        7.001892e-11   0          YES       2          17094             23                4330              620               612               
  iter  value          gnorm          cnorm          ecnorm         flowcnorm      flow_cfl       identity       icnorm         snorm          #linesear  iterPDAS   flagPDAS   iterGMRES  resiGMRES      flagGMRES  feasible   n_active_  n_vmult           dRdW_form         dRdW_mult         dRdX_mult         d2R_mult          
  2     2.741704e-02   1.121278e-01   3.302702e-04   3.302702e-04   3.686135e-10   2.419445e+11   3.562226e+00   0.000000e+00   7.523366e+00   1          1          0          154        7.282422e-11   0          YES       2          30089             26                8049              1248              1232              
  iter  value          gnorm          cnorm          ecnorm         flowcnorm      flow_cfl       identity       icnorm         snorm          #linesear  iterPDAS   flagPDAS   iterGMRES  resiGMRES      flagGMRES  feasible   n_active_  n_vmult           dRdW_form         dRdW_mult         dRdX_mult         d2R_mult          
  3     2.242727e-02   6.269696e-02   7.536680e-04   7.536680e-04   5.740873e-10   2.778277e+11   1.257263e+00   0.000000e+00   5.912124e+00   1          1          0          150        8.371294e-11   0          YES       2          42822             29                11730             1860              1836              
  iter  value          gnorm          cnorm          ecnorm         flowcnorm      flow_cfl       identity       icnorm         snorm          #linesear  iterPDAS   flagPDAS   iterGMRES  resiGMRES      flagGMRES  feasible   n_active_  n_vmult           dRdW_form         dRdW_mult         dRdX_mult         d2R_mult          
  4     1.882178e-02   3.089737e-02   4.938302e-03   4.471818e-04   1.020675e-10   3.170963e+12   3.930909e-01   4.491120e-03   4.654713e+00   1          1          1          155        8.740000e-11   0          NO        3          55914             32                15490             2492              2460              
  iter  value          gnorm          cnorm          ecnorm         flowcnorm      flow_cfl       identity       icnorm         snorm          #linesear  iterPDAS   flagPDAS   iterGMRES  resiGMRES      flagGMRES  feasible   n_active_  n_vmult           dRdW_form         dRdW_mult         dRdX_mult         d2R_mult          
  5     1.802596e-02   3.558800e-02   7.162543e-03   3.645356e-04   7.900603e-11   3.556609e+12   9.546477e-02   6.798008e-03   3.625492e+00   3          1          1          180        7.422416e-11   0          NO        4          70892             35                19736             3224              3184              
  iter  value          gnorm          cnorm          ecnorm         flowcnorm      flow_cfl       identity       icnorm         snorm          #linesear  iterPDAS   flagPDAS   iterGMRES  resiGMRES      flagGMRES  feasible   n_active_  n_vmult           dRdW_form         dRdW_mult         dRdX_mult         d2R_mult          
  6     1.713428e-02   2.906065e-02   2.165881e-02   2.013114e-04   4.349747e-11   7.910988e+12   1.266506e-01   2.145750e-02   1.841519e+00   2          1          1          177        8.528857e-11   0          NO        9          85649             38                23929             3944              3896              
  iter  value          gnorm          cnorm          ecnorm         flowcnorm      flow_cfl       identity       icnorm         snorm          #linesear  iterPDAS   flagPDAS   iterGMRES  resiGMRES      flagGMRES  feasible   n_active_  n_vmult           dRdW_form         dRdW_mult         dRdX_mult         d2R_mult          
  7     1.635344e-02   5.826660e-02   5.786796e-02   3.765721e-05   2.647686e-12   6.482073e+13   8.445212e-02   5.783031e-02   1.055062e+00   1          1          1          195        9.829922e-11   0          NO        13         101767            41                28475             4736              4680              
  iter  value          gnorm          cnorm          ecnorm         flowcnorm      flow_cfl       identity       icnorm         snorm          #linesear  iterPDAS   flagPDAS   iterGMRES  resiGMRES      flagGMRES  feasible   n_active_  n_vmult           dRdW_form         dRdW_mult         dRdX_mult         d2R_mult          
  8     1.664087e-02   2.552672e-02   1.176580e-04   1.176580e-04   4.175380e-12   9.382293e+13   3.394996e-01   0.000000e+00   5.219971e+00   1          1          1          182        7.343625e-11   0          YES       9          116890            44                32754             5476              5412              
  iter  value          gnorm          cnorm          ecnorm         flowcnorm      flow_cfl       identity       icnorm         snorm          #linesear  iterPDAS   flagPDAS   iterGMRES  resiGMRES      flagGMRES  feasible   n_active_  n_vmult           dRdW_form         dRdW_mult         dRdX_mult         d2R_mult          
  9     1.663518e-02   1.504509e-02   1.945086e-03   1.098929e-04   3.772203e-12   1.762017e+14   6.516133e-02   1.835193e-03   3.488725e+00   5          1          1          195        8.786467e-11   0          NO        12         133008            47                37300             6268              6196              
  iter  value          gnorm          cnorm          ecnorm         flowcnorm      flow_cfl       identity       icnorm         snorm          #linesear  iterPDAS   flagPDAS   iterGMRES  resiGMRES      flagGMRES  feasible   n_active_  n_vmult           dRdW_form         dRdW_mult         dRdX_mult         d2R_mult          
  10    1.663226e-02   1.602525e-02   3.450643e-03   9.547219e-05   2.951944e-12   2.113913e+14   2.263547e-02   3.355171e-03   6.785293e-01   4          1          1          216        9.966124e-11   0          NO        13         150729            50                42273             7144              7064              
  iter  value          gnorm          cnorm          ecnorm         flowcnorm      flow_cfl       identity       icnorm         snorm          #linesear  iterPDAS   flagPDAS   iterGMRES  resiGMRES      flagGMRES  feasible   n_active_  n_vmult           dRdW_form         dRdW_mult         dRdX_mult         d2R_mult          
  11    1.664106e-02   1.844986e-02   1.672702e-02   4.246794e-05   1.219349e-12   4.445072e+14   2.568087e-02   1.668455e-02   4.781688e-01   2          1          1          219        8.792563e-11   0          NO        16         168678            53                47306             8032              7944              
  iter  value          gnorm          cnorm          ecnorm         flowcnorm      flow_cfl       identity       icnorm         snorm          #linesear  iterPDAS   flagPDAS   iterGMRES  resiGMRES      flagGMRES  feasible   n_active_  n_vmult           dRdW_form         dRdW_mult         dRdX_mult         d2R_mult          
  12    1.666514e-02   7.672027e-03   7.601073e-03   3.865316e-06   1.339626e-12   9.729853e+14   3.403975e-02   7.597207e-03   3.615117e-01   1          1          1          214        8.608989e-11   0          NO        15         186282            56                52274             8900              8804              
  iter  value          gnorm          cnorm          ecnorm         flowcnorm      flow_cfl       identity       icnorm         snorm          #linesear  iterPDAS   flagPDAS   iterGMRES  resiGMRES      flagGMRES  feasible   n_active_  n_vmult           dRdW_form         dRdW_mult         dRdX_mult         d2R_mult          
  13    1.665480e-02   2.041626e-02   2.040563e-02   2.146659e-06   5.565435e-13   8.800850e+14   5.886000e-03   2.040348e-02   2.229329e-01   1          1          1          234        8.371116e-11   0          NO        17         205371            59                57607             9848              9744              
  iter  value          gnorm          cnorm          ecnorm         flowcnorm      flow_cfl       identity       icnorm         snorm          #linesear  iterPDAS   flagPDAS   iterGMRES  resiGMRES      flagGMRES  feasible   n_active_  n_vmult           dRdW_form         dRdW_mult         dRdX_mult         d2R_mult          
  14    1.667058e-02   9.661905e-04   2.608248e-07   2.608248e-07   1.737596e-13   5.956461e+16   4.168239e-02   0.000000e+00   1.084379e-01   1          1          0          205        9.099003e-11   0          YES       17         222256            62                62360             10680             10568             
  iter  value          gnorm          cnorm          ecnorm         flowcnorm      flow_cfl       identity       icnorm         snorm          #linesear  iterPDAS   flagPDAS   iterGMRES  resiGMRES      flagGMRES  feasible   n_active_  n_vmult           dRdW_form         dRdW_mult         dRdX_mult         d2R_mult          
  15    1.665286e-02   5.225708e-02   5.132755e-02   1.704372e-06   1.910128e-13   1.001826e+15   1.000000e-04   5.132584e-02   1.426940e+00   5          1          1          452        9.200368e-11   0          NO        21         257950            65                72048             12502             12384             
  iter  value          gnorm          cnorm          ecnorm         flowcnorm      flow_cfl       identity       icnorm         snorm          #linesear  iterPDAS   flagPDAS   iterGMRES  resiGMRES      flagGMRES  feasible   n_active_  n_vmult           dRdW_form         dRdW_mult         dRdX_mult         d2R_mult          
  16    1.676675e-02   1.926121e-02   8.754641e-05   8.754641e-05   2.411022e-12   2.153354e+14   2.730802e-01   0.000000e+00   2.100660e+00   1          1          1          188        9.412853e-11   0          YES       16         273543            68                76461             13266             13140             
  iter  value          gnorm          cnorm          ecnorm         flowcnorm      flow_cfl       identity       icnorm         snorm          #linesear  iterPDAS   flagPDAS   iterGMRES  resiGMRES      flagGMRES  feasible   n_active_  n_vmult           dRdW_form         dRdW_mult         dRdX_mult         d2R_mult          
  17    1.681453e-02   5.166801e-03   2.028606e-03   8.366863e-05   3.039612e-12   6.367371e+14   3.709940e-02   1.944938e-03   1.592648e+00   1          1          1          200        9.405546e-11   0          NO        17         290027            71                81093             14078             13944             
  iter  value          gnorm          cnorm          ecnorm         flowcnorm      flow_cfl       identity       icnorm         snorm          #linesear  iterPDAS   flagPDAS   iterGMRES  resiGMRES      flagGMRES  feasible   n_active_  n_vmult           dRdW_form         dRdW_mult         dRdX_mult         d2R_mult          
  18    1.660792e-02   2.074555e-03   4.811396e-04   5.085253e-06   1.345266e-12   3.583167e+15   2.669584e-03   4.760544e-04   5.363474e-01   1          1          1          231        7.960892e-11   0          NO        18         308881            74                86359             15014             14872             
  iter  value          gnorm          cnorm          ecnorm         flowcnorm      flow_cfl       identity       icnorm         snorm          #linesear  iterPDAS   flagPDAS   iterGMRES  resiGMRES      flagGMRES  feasible   n_active_  n_vmult           dRdW_form         dRdW_mult         dRdX_mult         d2R_mult          
  19    1.661790e-02   3.727521e-03   1.668599e-03   4.474383e-06   1.116829e-12   2.402113e+15   4.303778e-04   1.664125e-03   1.710021e-01   4          1          1          241        6.945453e-11   0          NO        19         328509            77                91839             15990             15840             
  iter  value          gnorm          cnorm          ecnorm         flowcnorm      flow_cfl       identity       icnorm         snorm          #linesear  iterPDAS   flagPDAS   iterGMRES  resiGMRES      flagGMRES  feasible   n_active_  n_vmult           dRdW_form         dRdW_mult         dRdX_mult         d2R_mult          
  20    1.665185e-02   3.185153e-03   2.778201e-03   2.491956e-06   3.917304e-13   8.014611e+15   1.389441e-03   2.775709e-03   5.745465e-02   2          1          1          242        6.789227e-11   0          NO        20         348199            80                97325             16970             16812             
  iter  value          gnorm          cnorm          ecnorm         flowcnorm      flow_cfl       identity       icnorm         snorm          #linesear  iterPDAS   flagPDAS   iterGMRES  resiGMRES      flagGMRES  feasible   n_active_  n_vmult           dRdW_form         dRdW_mult         dRdX_mult         d2R_mult          
  21    1.667593e-02   2.162802e-04   3.033276e-08   3.033276e-08   1.775515e-13   2.604107e+17   1.014520e-03   0.000000e+00   5.470833e-02   1          1          0          243        7.784036e-11   0          YES       20         367965            83                102831            17954             17788             
  iter  value          gnorm          cnorm          ecnorm         flowcnorm      flow_cfl       identity       icnorm         snorm          #linesear  iterPDAS   flagPDAS   iterGMRES  resiGMRES      flagGMRES  feasible   n_active_  n_vmult           dRdW_form         dRdW_mult         dRdX_mult         d2R_mult          
  22    1.667455e-02   4.411549e-04   2.649378e-08   2.649378e-08   1.529455e-13   1.482082e+17   1.000000e-04   0.000000e+00   4.702558e-02   4          1          1          249        6.439172e-11   0          YES       20         388173            86                108443            18962             18788             
  iter  value          gnorm          cnorm          ecnorm         flowcnorm      flow_cfl       identity       icnorm         snorm          #linesear  iterPDAS   flagPDAS   iterGMRES  resiGMRES      flagGMRES  feasible   n_active_  n_vmult           dRdW_form         dRdW_mult         dRdX_mult         d2R_mult          
  23    1.667392e-02   4.066986e-04   2.484353e-08   2.484353e-08   1.425451e-13   1.724944e+17   1.000000e-04   0.000000e+00   1.268509e-02   5          1          1          250        6.338779e-11   0          YES       20         408478            89                114096            19974             19792             
  iter  value          gnorm          cnorm          ecnorm         flowcnorm      flow_cfl       identity       icnorm         snorm          #linesear  iterPDAS   flagPDAS   iterGMRES  resiGMRES      flagGMRES  feasible   n_active_  n_vmult           dRdW_form         dRdW_mult         dRdX_mult         d2R_mult          
  24    1.667332e-02   6.552736e-03   6.541793e-03   2.330594e-08   1.329501e-13   1.147860e+16   1.000000e-04   6.541770e-03   1.165027e-02   5          1          1          250        5.624054e-11   0          NO        21         428776            92                119742            20986             20796             
  iter  value          gnorm          cnorm          ecnorm         flowcnorm      flow_cfl       identity       icnorm         snorm          #linesear  iterPDAS   flagPDAS   iterGMRES  resiGMRES      flagGMRES  feasible   n_active_  n_vmult           dRdW_form         dRdW_mult         dRdX_mult         d2R_mult          
  25    1.666726e-02   7.314196e-05   9.232555e-10   9.232555e-10   5.702054e-14   2.397740e+18   4.293835e-03   0.000000e+00   2.421290e-02   1          1          0          223        9.993701e-11   0          YES       21         447022            95                124848            21890             21692             
  iter  value          gnorm          cnorm          ecnorm         flowcnorm      flow_cfl       identity       icnorm         snorm          #linesear  iterPDAS   flagPDAS   iterGMRES  resiGMRES      flagGMRES  feasible   n_active_  n_vmult           dRdW_form         dRdW_mult         dRdX_mult         d2R_mult          
  26    1.666691e-02   8.281172e-05   1.270977e-09   1.270977e-09   3.762405e-14   3.209539e+18   1.000000e-04   0.000000e+00   3.057982e-02   3          1          1          246        7.975167e-11   0          YES       21         467009            98                130407            22886             22680             
  iter  value          gnorm          cnorm          ecnorm         flowcnorm      flow_cfl       identity       icnorm         snorm          #linesear  iterPDAS   flagPDAS   iterGMRES  resiGMRES      flagGMRES  feasible   n_active_  n_vmult           dRdW_form         dRdW_mult         dRdX_mult         d2R_mult          
  27    1.666677e-02   7.081552e-05   1.197449e-09   1.197449e-09   3.106081e-14   4.546307e+18   1.000000e-04   0.000000e+00   1.184118e-02   4          1          1          246        6.732186e-11   0          YES       21         486996            101               135966            23882             23668             
  iter  value          gnorm          cnorm          ecnorm         flowcnorm      flow_cfl       identity       icnorm         snorm          #linesear  iterPDAS   flagPDAS   iterGMRES  resiGMRES      flagGMRES  feasible   n_active_  n_vmult           dRdW_form         dRdW_mult         dRdX_mult         d2R_mult          
  28    1.666671e-02   7.651392e-04   7.622012e-04   1.138584e-09   2.832061e-14   4.614843e+17   1.000000e-04   7.622000e-04   5.868865e-03   5          1          1          245        9.649189e-11   0          NO        22         506914            104               141512            24874             24652             
  iter  value          gnorm          cnorm          ecnorm         flowcnorm      flow_cfl       identity       icnorm         snorm          #linesear  iterPDAS   flagPDAS   iterGMRES  resiGMRES      flagGMRES  feasible   n_active_  n_vmult           dRdW_form         dRdW_mult         dRdX_mult         d2R_mult          
  29    1.666660e-02   9.028332e-04   9.010501e-04   1.058761e-09   2.338178e-14   4.737125e+17   1.000000e-04   9.010490e-04   1.054599e-02   4          1          1          250        7.441031e-11   0          NO        24         527219            107               147165            25886             25656             
  iter  value          gnorm          cnorm          ecnorm         flowcnorm      flow_cfl       identity       icnorm         snorm          #linesear  iterPDAS   flagPDAS   iterGMRES  resiGMRES      flagGMRES  feasible   n_active_  n_vmult           dRdW_form         dRdW_mult         dRdX_mult         d2R_mult          
  30    1.666646e-02   6.766004e-04   6.757875e-04   7.332485e-10   1.529200e-14   9.665033e+17   1.000000e-04   6.757868e-04   2.022261e-02   3          1          1          411        9.661589e-11   0          NO        24         559804            110               156040            27544             27308             
  iter  value          gnorm          cnorm          ecnorm         flowcnorm      flow_cfl       identity       icnorm         snorm          #linesear  iterPDAS   flagPDAS   iterGMRES  resiGMRES      flagGMRES  feasible   n_active_  n_vmult           dRdW_form         dRdW_mult         dRdX_mult         d2R_mult          
  31    1.666643e-02   1.779270e-03   1.778957e-03   6.835687e-10   1.395174e-14   4.028376e+17   1.000000e-04   1.778957e-03   4.790645e-03   5          1          1          410        9.080365e-11   0          NO        25         592299            113               164881            29198             28956             
  iter  value          gnorm          cnorm          ecnorm         flowcnorm      flow_cfl       identity       icnorm         snorm          #linesear  iterPDAS   flagPDAS   iterGMRES  resiGMRES      flagGMRES  feasible   n_active_  n_vmult           dRdW_form         dRdW_mult         dRdX_mult         d2R_mult          
  32    1.666640e-02   2.391732e-03   2.391680e-03   3.484166e-10   6.127225e-15   6.823761e+17   3.165801e-04   2.391680e-03   1.070697e-02   2          1          1          249        7.457201e-11   0          NO        26         612521            116               170507            30206             29956             
  iter  value          gnorm          cnorm          ecnorm         flowcnorm      flow_cfl       identity       icnorm         snorm          #linesear  iterPDAS   flagPDAS   iterGMRES  resiGMRES      flagGMRES  feasible   n_active_  n_vmult           dRdW_form         dRdW_mult         dRdX_mult         d2R_mult          
  33    1.666656e-02   7.009632e-06   4.522975e-11   4.522975e-11   4.913071e-15   2.903700e+20   5.720380e-04   0.000000e+00   9.080971e-03   1          1          0          235        9.732807e-11   0          YES       23         631672            119               175846            31158             30900             
Optimization Terminated with Status: Converged
The process took 1369.45 seconds to run.
Total n_vmult for algorithm 631672
