Starting optimization with 40 control variables...

Primal Dual Active Set Method

 Full-Space Newton Method
  iter  value          gnorm          cnorm          ecnorm         flowcnorm      flow_cfl       identity       icnorm         snorm          #linesear  iterPDAS   flagPDAS   iterGMRES  resiGMRES      flagGMRES  feasible   n_active_  n_vmult           dRdW_form         dRdW_mult         dRdX_mult         d2R_mult          
  0     9.645510e-02   2.437565e-01   
  iter  value          gnorm          cnorm          ecnorm         flowcnorm      flow_cfl       identity       icnorm         snorm          #linesear  iterPDAS   flagPDAS   iterGMRES  resiGMRES      flagGMRES  feasible   n_active_  n_vmult           dRdW_form         dRdW_mult         dRdX_mult         d2R_mult          
  1     8.611344e-02   2.133761e-01   1.733618e-04   1.733618e-04   4.623907e-10   1.013550e+11   5.941724e+00   0.000000e+00   9.185891e+00   1          1          1          95         8.145726e-11   0          YES       1          7994              12                2322              392               384               
  iter  value          gnorm          cnorm          ecnorm         flowcnorm      flow_cfl       identity       icnorm         snorm          #linesear  iterPDAS   flagPDAS   iterGMRES  resiGMRES      flagGMRES  feasible   n_active_  n_vmult           dRdW_form         dRdW_mult         dRdX_mult         d2R_mult          
  2     8.129646e-02   1.302748e-01   7.441721e-04   3.117311e-05   2.320938e-11   3.307319e+12   4.552938e+00   7.129989e-04   2.978305e+00   1          1          1          93         6.118124e-11   0          NO        2          15544             15                4492              776               760               
  iter  value          gnorm          cnorm          ecnorm         flowcnorm      flow_cfl       identity       icnorm         snorm          #linesear  iterPDAS   flagPDAS   iterGMRES  resiGMRES      flagGMRES  feasible   n_active_  n_vmult           dRdW_form         dRdW_mult         dRdX_mult         d2R_mult          
  3     7.713154e-02   7.510568e-02   6.281446e-05   6.281446e-05   2.519461e-11   5.284690e+12   1.697152e+00   0.000000e+00   8.729816e-01   1          1          0          85         9.452829e-11   0          YES       2          22556             18                6572              1128              1104              
  iter  value          gnorm          cnorm          ecnorm         flowcnorm      flow_cfl       identity       icnorm         snorm          #linesear  iterPDAS   flagPDAS   iterGMRES  resiGMRES      flagGMRES  feasible   n_active_  n_vmult           dRdW_form         dRdW_mult         dRdX_mult         d2R_mult          
  4     7.591938e-02   5.378164e-02   1.139597e-03   5.596785e-05   1.974166e-11   9.418511e+12   5.640864e-01   1.083629e-03   9.029935e-01   3          1          1          86         9.169841e-11   0          NO        2          29616             21                8644              1484              1452              
  iter  value          gnorm          cnorm          ecnorm         flowcnorm      flow_cfl       identity       icnorm         snorm          #linesear  iterPDAS   flagPDAS   iterGMRES  resiGMRES      flagGMRES  feasible   n_active_  n_vmult           dRdW_form         dRdW_mult         dRdX_mult         d2R_mult          
  5     7.533137e-02   4.227641e-02   1.984690e-03   5.530578e-05   1.762293e-11   1.342220e+13   2.892464e-01   1.929384e-03   5.219666e-01   4          1          1          93         7.590989e-11   0          NO        3          37194             24                10842             1868              1828              
  iter  value          gnorm          cnorm          ecnorm         flowcnorm      flow_cfl       identity       icnorm         snorm          #linesear  iterPDAS   flagPDAS   iterGMRES  resiGMRES      flagGMRES  feasible   n_active_  n_vmult           dRdW_form         dRdW_mult         dRdX_mult         d2R_mult          
  6     7.486565e-02   3.469304e-02   4.722213e-03   5.563978e-05   1.570311e-11   1.835574e+13   1.787295e-01   4.666574e-03   4.951326e-01   4          1          1          101        7.568970e-11   0          NO        4          45373             27                13193             2284              2236              
  iter  value          gnorm          cnorm          ecnorm         flowcnorm      flow_cfl       identity       icnorm         snorm          #linesear  iterPDAS   flagPDAS   iterGMRES  resiGMRES      flagGMRES  feasible   n_active_  n_vmult           dRdW_form         dRdW_mult         dRdX_mult         d2R_mult          
  7     7.442024e-02   3.400114e-02   6.915779e-03   5.481666e-05   1.403501e-11   2.095530e+13   1.203607e-01   6.860963e-03   1.953791e-01   4          1          1          110        7.437176e-11   0          NO        7          54229             30                15717             2736              2680              
  iter  value          gnorm          cnorm          ecnorm         flowcnorm      flow_cfl       identity       icnorm         snorm          #linesear  iterPDAS   flagPDAS   iterGMRES  resiGMRES      flagGMRES  feasible   n_active_  n_vmult           dRdW_form         dRdW_mult         dRdX_mult         d2R_mult          
  8     7.424793e-02   2.030143e-02   6.922565e-03   4.940841e-05   1.239939e-11   3.972586e+13   1.156077e-01   6.873157e-03   8.338295e-01   4          1          1          111        9.770324e-11   0          NO        8          63140             33                18240             3192              3128              
  iter  value          gnorm          cnorm          ecnorm         flowcnorm      flow_cfl       identity       icnorm         snorm          #linesear  iterPDAS   flagPDAS   iterGMRES  resiGMRES      flagGMRES  feasible   n_active_  n_vmult           dRdW_form         dRdW_mult         dRdX_mult         d2R_mult          
  9     7.410486e-02   1.856089e-02   9.858594e-03   4.293225e-05   1.086626e-11   4.958165e+13   4.121479e-02   9.815662e-03   3.409174e-01   4          1          1          119        8.691967e-11   0          NO        9          72673             36                20937             3680              3608              
  iter  value          gnorm          cnorm          ecnorm         flowcnorm      flow_cfl       identity       icnorm         snorm          #linesear  iterPDAS   flagPDAS   iterGMRES  resiGMRES      flagGMRES  feasible   n_active_  n_vmult           dRdW_form         dRdW_mult         dRdX_mult         d2R_mult          
  10    7.402444e-02   1.627544e-02   1.292169e-02   3.031917e-05   8.216389e-12   7.478012e+13   3.445066e-02   1.289137e-02   4.544925e-01   3          1          1          123        7.196329e-11   0          NO        10         82510             39                23714             4184              4104              
  iter  value          gnorm          cnorm          ecnorm         flowcnorm      flow_cfl       identity       icnorm         snorm          #linesear  iterPDAS   flagPDAS   iterGMRES  resiGMRES      flagGMRES  feasible   n_active_  n_vmult           dRdW_form         dRdW_mult         dRdX_mult         d2R_mult          
  11    7.399495e-02   1.422076e-02   1.241873e-02   2.176637e-05   6.181911e-12   1.137508e+14   2.648901e-02   1.239696e-02   2.718022e-01   3          1          1          128        9.767288e-11   0          NO        11         92741             42                26605             4708              4620              
  iter  value          gnorm          cnorm          ecnorm         flowcnorm      flow_cfl       identity       icnorm         snorm          #linesear  iterPDAS   flagPDAS   iterGMRES  resiGMRES      flagGMRES  feasible   n_active_  n_vmult           dRdW_form         dRdW_mult         dRdX_mult         d2R_mult          
  12    7.400540e-02   8.837516e-03   8.120320e-03   8.520875e-06   3.130690e-12   3.614346e+14   2.022300e-02   8.111799e-03   1.425348e-01   2          1          1          131        5.595608e-11   0          NO        13         103221            45                29577             5244              5148              
  iter  value          gnorm          cnorm          ecnorm         flowcnorm      flow_cfl       identity       icnorm         snorm          #linesear  iterPDAS   flagPDAS   iterGMRES  resiGMRES      flagGMRES  feasible   n_active_  n_vmult           dRdW_form         dRdW_mult         dRdX_mult         d2R_mult          
  13    7.400218e-02   6.333510e-03   6.090270e-03   6.420383e-06   2.348261e-12   6.723714e+14   7.810169e-03   6.083849e-03   8.958617e-02   3          1          1          136        6.389222e-11   0          NO        13         114053            48                32621             5800              5696              
  iter  value          gnorm          cnorm          ecnorm         flowcnorm      flow_cfl       identity       icnorm         snorm          #linesear  iterPDAS   flagPDAS   iterGMRES  resiGMRES      flagGMRES  feasible   n_active_  n_vmult           dRdW_form         dRdW_mult         dRdX_mult         d2R_mult          
  14    7.399487e-02   6.163702e-03   5.711248e-03   6.035220e-06   2.202232e-12   7.367080e+14   4.011334e-03   5.705213e-03   3.538259e-02   5          1          1          139        6.770568e-11   0          NO        14         125106            51                35718             6368              6256              
  iter  value          gnorm          cnorm          ecnorm         flowcnorm      flow_cfl       identity       icnorm         snorm          #linesear  iterPDAS   flagPDAS   iterGMRES  resiGMRES      flagGMRES  feasible   n_active_  n_vmult           dRdW_form         dRdW_mult         dRdX_mult         d2R_mult          
  15    7.399313e-02   5.587384e-03   5.424451e-03   5.281676e-06   1.927572e-12   9.284977e+14   3.799123e-03   5.419170e-03   4.569820e-02   4          1          1          141        5.548074e-11   0          NO        15         136339            54                38883             6944              6824              
  iter  value          gnorm          cnorm          ecnorm         flowcnorm      flow_cfl       identity       icnorm         snorm          #linesear  iterPDAS   flagPDAS   iterGMRES  resiGMRES      flagGMRES  feasible   n_active_  n_vmult           dRdW_form         dRdW_mult         dRdX_mult         d2R_mult          
  16    7.399624e-02   4.178213e-03   4.068331e-03   3.953705e-06   1.446247e-12   1.654881e+15   3.121887e-03   4.064377e-03   6.262565e-02   3          1          1          144        9.216827e-11   0          NO        15         147786            57                42094             7532              7404              
  iter  value          gnorm          cnorm          ecnorm         flowcnorm      flow_cfl       identity       icnorm         snorm          #linesear  iterPDAS   flagPDAS   iterGMRES  resiGMRES      flagGMRES  feasible   n_active_  n_vmult           dRdW_form         dRdW_mult         dRdX_mult         d2R_mult          
  17    7.399412e-02   5.630980e-03   5.485418e-03   3.703385e-06   1.355924e-12   1.309727e+15   1.745747e-03   5.481715e-03   2.954717e-02   5          1          1          147        9.289811e-11   0          NO        16         159433            60                45337             8132              7996              
  iter  value          gnorm          cnorm          ecnorm         flowcnorm      flow_cfl       identity       icnorm         snorm          #linesear  iterPDAS   flagPDAS   iterGMRES  resiGMRES      flagGMRES  feasible   n_active_  n_vmult           dRdW_form         dRdW_mult         dRdX_mult         d2R_mult          
  18    7.399606e-02   5.569698e-03   5.517347e-03   2.767113e-06   1.017373e-12   1.764769e+15   3.170793e-03   5.514580e-03   3.769947e-02   3          1          1          146        6.129769e-11   0          NO        17         171025            63                48581             8728              8584              
  iter  value          gnorm          cnorm          ecnorm         flowcnorm      flow_cfl       identity       icnorm         snorm          #linesear  iterPDAS   flagPDAS   iterGMRES  resiGMRES      flagGMRES  feasible   n_active_  n_vmult           dRdW_form         dRdW_mult         dRdX_mult         d2R_mult          
  19    7.399720e-02   4.871267e-03   4.827676e-03   2.418437e-06   8.901966e-13   2.306068e+15   3.102154e-03   4.825258e-03   2.887456e-02   4          1          1          138        7.210964e-11   0          NO        17         182002            66                51658             9292              9140              
  iter  value          gnorm          cnorm          ecnorm         flowcnorm      flow_cfl       identity       icnorm         snorm          #linesear  iterPDAS   flagPDAS   iterGMRES  resiGMRES      flagGMRES  feasible   n_active_  n_vmult           dRdW_form         dRdW_mult         dRdX_mult         d2R_mult          
  20    7.399711e-02   6.108259e-03   6.057800e-03   2.265912e-06   8.345483e-13   1.961693e+15   2.372924e-03   6.055534e-03   1.098455e-02   5          1          1          139        9.704939e-11   0          NO        19         193069            69                54769             9860              9700              
  iter  value          gnorm          cnorm          ecnorm         flowcnorm      flow_cfl       identity       icnorm         snorm          #linesear  iterPDAS   flagPDAS   iterGMRES  resiGMRES      flagGMRES  feasible   n_active_  n_vmult           dRdW_form         dRdW_mult         dRdX_mult         d2R_mult          
  21    7.402141e-02   4.870455e-03   4.868401e-03   1.458866e-08   2.092376e-14   9.812751e+16   3.731083e-03   4.868386e-03   5.099920e-02   1          1          1          139        6.896687e-11   0          NO        16         204129            72                57873             10428             10260             
  iter  value          gnorm          cnorm          ecnorm         flowcnorm      flow_cfl       identity       icnorm         snorm          #linesear  iterPDAS   flagPDAS   iterGMRES  resiGMRES      flagGMRES  feasible   n_active_  n_vmult           dRdW_form         dRdW_mult         dRdX_mult         d2R_mult          
  22    7.401810e-02   3.526334e-03   3.523329e-03   1.218194e-08   1.064133e-14   2.664897e+17   2.372133e-03   3.523317e-03   2.919318e-02   2          1          1          140        6.083766e-11   0          NO        18         215258            75                60990             11000             10824             
  iter  value          gnorm          cnorm          ecnorm         flowcnorm      flow_cfl       identity       icnorm         snorm          #linesear  iterPDAS   flagPDAS   iterGMRES  resiGMRES      flagGMRES  feasible   n_active_  n_vmult           dRdW_form         dRdW_mult         dRdX_mult         d2R_mult          
  23    7.401754e-02   3.521038e-03   3.516067e-03   1.150412e-08   9.977473e-15   2.846484e+17   1.243503e-03   3.516055e-03   6.924836e-03   5          1          1          145        6.652436e-11   0          NO        19         226781            78                64221             11592             11408             
  iter  value          gnorm          cnorm          ecnorm         flowcnorm      flow_cfl       identity       icnorm         snorm          #linesear  iterPDAS   flagPDAS   iterGMRES  resiGMRES      flagGMRES  feasible   n_active_  n_vmult           dRdW_form         dRdW_mult         dRdX_mult         d2R_mult          
  24    7.401606e-02   2.641964e-03   2.637052e-03   1.012051e-08   7.497543e-15   5.048404e+17   1.239771e-03   2.637041e-03   1.899643e-02   3          1          1          146        8.673588e-11   0          NO        19         238366            81                67458             12188             11996             
  iter  value          gnorm          cnorm          ecnorm         flowcnorm      flow_cfl       identity       icnorm         snorm          #linesear  iterPDAS   flagPDAS   iterGMRES  resiGMRES      flagGMRES  feasible   n_active_  n_vmult           dRdW_form         dRdW_mult         dRdX_mult         d2R_mult          
  25    7.401539e-02   2.693081e-03   2.678791e-03   9.765701e-09   7.034901e-15   5.278283e+17   6.979974e-04   2.678781e-03   1.024942e-02   5          1          1          148        9.966103e-11   0          NO        20         250096            84                70728             12792             12592             
  iter  value          gnorm          cnorm          ecnorm         flowcnorm      flow_cfl       identity       icnorm         snorm          #linesear  iterPDAS   flagPDAS   iterGMRES  resiGMRES      flagGMRES  feasible   n_active_  n_vmult           dRdW_form         dRdW_mult         dRdX_mult         d2R_mult          
  26    7.401459e-02   2.357327e-03   2.343943e-03   9.592099e-09   6.143249e-15   6.905291e+17   7.252685e-04   2.343933e-03   1.373231e-02   5          1          1          148        9.032132e-11   0          NO        20         261847            87                74019             13396             13188             
  iter  value          gnorm          cnorm          ecnorm         flowcnorm      flow_cfl       identity       icnorm         snorm          #linesear  iterPDAS   flagPDAS   iterGMRES  resiGMRES      flagGMRES  feasible   n_active_  n_vmult           dRdW_form         dRdW_mult         dRdX_mult         d2R_mult          
  27    7.401407e-02   3.431521e-03   3.415710e-03   9.416717e-09   5.769816e-15   5.050698e+17   5.556992e-04   3.415700e-03   9.347347e-03   5          1          1          149        8.179234e-11   0          NO        21         273660            90                77316             14004             13788             
  iter  value          gnorm          cnorm          ecnorm         flowcnorm      flow_cfl       identity       icnorm         snorm          #linesear  iterPDAS   flagPDAS   iterGMRES  resiGMRES      flagGMRES  feasible   n_active_  n_vmult           dRdW_form         dRdW_mult         dRdX_mult         d2R_mult          
  28    7.401306e-02   3.959372e-03   3.958846e-03   4.852724e-09   2.901374e-15   8.705025e+17   1.177534e-03   3.958842e-03   2.780945e-02   2          1          1          139        9.981041e-11   0          NO        23         284720            93                80420             14572             14348             
  iter  value          gnorm          cnorm          ecnorm         flowcnorm      flow_cfl       identity       icnorm         snorm          #linesear  iterPDAS   flagPDAS   iterGMRES  resiGMRES      flagGMRES  feasible   n_active_  n_vmult           dRdW_form         dRdW_mult         dRdX_mult         d2R_mult          
  29    7.401272e-02   5.723696e-03   5.723588e-03   1.447241e-08   2.067506e-15   8.450391e+17   1.567663e-03   5.723574e-03   3.219023e-02   1          1          1          141        6.469184e-11   0          NO        22         295918            96                83550             15148             14916             
  iter  value          gnorm          cnorm          ecnorm         flowcnorm      flow_cfl       identity       icnorm         snorm          #linesear  iterPDAS   flagPDAS   iterGMRES  resiGMRES      flagGMRES  feasible   n_active_  n_vmult           dRdW_form         dRdW_mult         dRdX_mult         d2R_mult          
  30    7.401266e-02   6.157915e-04   6.149715e-04   1.152783e-10   9.765893e-16   1.662855e+19   3.276069e-03   6.149714e-04   1.021066e-02   1          1          1          138        7.475322e-11   0          NO        22         306895            99                86627             15712             15472             
  iter  value          gnorm          cnorm          ecnorm         flowcnorm      flow_cfl       identity       icnorm         snorm          #linesear  iterPDAS   flagPDAS   iterGMRES  resiGMRES      flagGMRES  feasible   n_active_  n_vmult           dRdW_form         dRdW_mult         dRdX_mult         d2R_mult          
  31    7.401239e-02   5.406132e-04   5.381002e-04   1.473361e-10   8.549775e-16   2.163509e+19   1.000000e-04   5.381000e-04   2.106882e-02   4          1          1          131        7.893358e-11   0          NO        22         317340            102               89564             16248             16000             
  iter  value          gnorm          cnorm          ecnorm         flowcnorm      flow_cfl       identity       icnorm         snorm          #linesear  iterPDAS   flagPDAS   iterGMRES  resiGMRES      flagGMRES  feasible   n_active_  n_vmult           dRdW_form         dRdW_mult         dRdX_mult         d2R_mult          
  32    7.401225e-02   5.074764e-04   5.044689e-04   1.501282e-10   8.309309e-16   2.371479e+19   1.000000e-04   5.044688e-04   9.531954e-03   5          1          1          132        6.359760e-11   0          NO        22         327854            105               92514             16788             16532             
  iter  value          gnorm          cnorm          ecnorm         flowcnorm      flow_cfl       identity       icnorm         snorm          #linesear  iterPDAS   flagPDAS   iterGMRES  resiGMRES      flagGMRES  feasible   n_active_  n_vmult           dRdW_form         dRdW_mult         dRdX_mult         d2R_mult          
  33    7.401212e-02   5.476433e-03   5.476157e-03   1.526013e-10   7.659150e-16   2.384085e+18   1.000000e-04   5.476157e-03   9.346589e-03   5          1          1          131        9.542108e-11   0          NO        23         338306            108               95458             17324             17060             
  iter  value          gnorm          cnorm          ecnorm         flowcnorm      flow_cfl       identity       icnorm         snorm          #linesear  iterPDAS   flagPDAS   iterGMRES  resiGMRES      flagGMRES  feasible   n_active_  n_vmult           dRdW_form         dRdW_mult         dRdX_mult         d2R_mult          
  34    7.401226e-02   2.625361e-05   1.926437e-10   1.926437e-10   5.104160e-16   7.462539e+20   2.999132e-03   0.000000e+00   1.169909e-02   1          1          0          118        6.034353e-11   0          YES       23         347763            111               98135             17808             17536             
  iter  value          gnorm          cnorm          ecnorm         flowcnorm      flow_cfl       identity       icnorm         snorm          #linesear  iterPDAS   flagPDAS   iterGMRES  resiGMRES      flagGMRES  feasible   n_active_  n_vmult           dRdW_form         dRdW_mult         dRdX_mult         d2R_mult          
  35    7.401226e-02   7.668613e-09   1.139012e-10   1.139012e-10   7.738158e-16   1.685177e+24   1.000000e-04   0.000000e+00   4.357414e-04   1          1          0          106        7.576544e-11   0          YES       23         356308            114               100572            18244             17964             
Optimization Terminated with Status: Converged
The process took 151.146 seconds to run.
Total n_vmult for algorithm 356308
