Starting optimization with 20 control variables...

Primal Dual Active Set Method

 Full-Space Newton Method
  iter  value          gnorm          cnorm          ecnorm         flowcnorm      flow_cfl       identity       icnorm         snorm          #linesear  iterPDAS   flagPDAS   iterGMRES  resiGMRES      flagGMRES  feasible   n_active_  n_vmult           dRdW_form         dRdW_mult         dRdX_mult         d2R_mult          
  0     3.709617e-02   2.001819e-01   
  iter  value          gnorm          cnorm          ecnorm         flowcnorm      flow_cfl       identity       icnorm         snorm          #linesear  iterPDAS   flagPDAS   iterGMRES  resiGMRES      flagGMRES  feasible   n_active_  n_vmult           dRdW_form         dRdW_mult         dRdX_mult         d2R_mult          
  1     2.341345e-02   1.585315e-01   1.922895e-03   1.922895e-03   1.185137e-08   5.322502e+09   4.007280e+00   0.000000e+00   1.841699e+01   1          1          0          129        8.818390e-11   0          YES       2          12310             18                3534              528               520               
  iter  value          gnorm          cnorm          ecnorm         flowcnorm      flow_cfl       identity       icnorm         snorm          #linesear  iterPDAS   flagPDAS   iterGMRES  resiGMRES      flagGMRES  feasible   n_active_  n_vmult           dRdW_form         dRdW_mult         dRdX_mult         d2R_mult          
  2     2.152441e-02   6.142310e-02   2.977729e-04   2.977729e-04   3.243240e-10   5.019831e+11   2.513224e+00   0.000000e+00   6.758257e+00   1          1          0          132        8.833099e-11   0          YES       2          23270             21                6750              1068              1052              
  iter  value          gnorm          cnorm          ecnorm         flowcnorm      flow_cfl       identity       icnorm         snorm          #linesear  iterPDAS   flagPDAS   iterGMRES  resiGMRES      flagGMRES  feasible   n_active_  n_vmult           dRdW_form         dRdW_mult         dRdX_mult         d2R_mult          
  3     1.932121e-02   2.155738e-02   7.242022e-03   1.215682e-04   1.284165e-10   3.612294e+12   3.772798e-01   7.120454e-03   3.675941e+00   1          1          1          131        6.452321e-11   0          NO        4          34210             24                10002             1604              1580              
  iter  value          gnorm          cnorm          ecnorm         flowcnorm      flow_cfl       identity       icnorm         snorm          #linesear  iterPDAS   flagPDAS   iterGMRES  resiGMRES      flagGMRES  feasible   n_active_  n_vmult           dRdW_form         dRdW_mult         dRdX_mult         d2R_mult          
  4     1.914465e-02   1.904345e-02   4.872072e-03   6.124541e-05   6.468072e-11   8.118571e+12   4.647208e-02   4.810826e-03   1.476740e+00   2          1          1          162        6.632511e-11   0          NO        5          47499             27                13867             2264              2232              
  iter  value          gnorm          cnorm          ecnorm         flowcnorm      flow_cfl       identity       icnorm         snorm          #linesear  iterPDAS   flagPDAS   iterGMRES  resiGMRES      flagGMRES  feasible   n_active_  n_vmult           dRdW_form         dRdW_mult         dRdX_mult         d2R_mult          
  5     1.905002e-02   1.757094e-02   4.072817e-03   4.644782e-05   4.853413e-11   1.172621e+13   3.626528e-02   4.026369e-03   4.561606e-01   3          1          1          167        7.780803e-11   0          NO        6          61098             30                17762             2944              2904              
  iter  value          gnorm          cnorm          ecnorm         flowcnorm      flow_cfl       identity       icnorm         snorm          #linesear  iterPDAS   flagPDAS   iterGMRES  resiGMRES      flagGMRES  feasible   n_active_  n_vmult           dRdW_form         dRdW_mult         dRdX_mult         d2R_mult          
  6     1.902486e-02   2.206889e-02   4.074198e-03   4.356391e-05   4.550600e-11   9.957511e+12   3.087379e-02   4.030634e-03   2.517974e-01   5          1          1          165        9.196222e-11   0          NO        7          74566             33                21638             3616              3568              
  iter  value          gnorm          cnorm          ecnorm         flowcnorm      flow_cfl       identity       icnorm         snorm          #linesear  iterPDAS   flagPDAS   iterGMRES  resiGMRES      flagGMRES  feasible   n_active_  n_vmult           dRdW_form         dRdW_mult         dRdX_mult         d2R_mult          
  7     1.899845e-02   7.383470e-03   2.038180e-03   2.286362e-05   2.290218e-11   5.913746e+13   4.870359e-02   2.015317e-03   5.128936e-01   2          1          1          162        8.136172e-11   0          NO        7          87785             36                25433             4276              4220              
  iter  value          gnorm          cnorm          ecnorm         flowcnorm      flow_cfl       identity       icnorm         snorm          #linesear  iterPDAS   flagPDAS   iterGMRES  resiGMRES      flagGMRES  feasible   n_active_  n_vmult           dRdW_form         dRdW_mult         dRdX_mult         d2R_mult          
  8     1.896546e-02   1.991235e-02   5.723745e-03   2.153735e-05   2.148247e-11   2.337724e+13   5.451563e-03   5.702208e-03   7.904005e-01   5          1          1          186        9.373309e-11   0          NO        9          102835            39                29715             5032              4968              
  iter  value          gnorm          cnorm          ecnorm         flowcnorm      flow_cfl       identity       icnorm         snorm          #linesear  iterPDAS   flagPDAS   iterGMRES  resiGMRES      flagGMRES  feasible   n_active_  n_vmult           dRdW_form         dRdW_mult         dRdX_mult         d2R_mult          
  9     1.899149e-02   2.865232e-03   1.299974e-05   1.299974e-05   4.667272e-13   7.477856e+15   3.965018e-02   0.000000e+00   8.332382e-01   1          1          1          167        7.449011e-11   0          YES       8          116448            42                33624             5712              5640              
  iter  value          gnorm          cnorm          ecnorm         flowcnorm      flow_cfl       identity       icnorm         snorm          #linesear  iterPDAS   flagPDAS   iterGMRES  resiGMRES      flagGMRES  feasible   n_active_  n_vmult           dRdW_form         dRdW_mult         dRdX_mult         d2R_mult          
  10    1.897658e-02   9.220433e-03   3.092132e-04   1.237941e-05   4.455470e-13   2.434194e+15   8.209556e-04   2.968338e-04   4.860486e-01   5          1          1          188        6.974759e-11   0          NO        9          131643            45                37939             6476              6396              
  iter  value          gnorm          cnorm          ecnorm         flowcnorm      flow_cfl       identity       icnorm         snorm          #linesear  iterPDAS   flagPDAS   iterGMRES  resiGMRES      flagGMRES  feasible   n_active_  n_vmult           dRdW_form         dRdW_mult         dRdX_mult         d2R_mult          
  11    1.897450e-02   3.747319e-03   1.021395e-03   1.161885e-05   4.186857e-13   6.373694e+15   8.501639e-03   1.009776e-03   3.378814e-01   5          1          1          177        9.644325e-11   0          NO        10         146037            48                42069             7196              7108              
  iter  value          gnorm          cnorm          ecnorm         flowcnorm      flow_cfl       identity       icnorm         snorm          #linesear  iterPDAS   flagPDAS   iterGMRES  resiGMRES      flagGMRES  feasible   n_active_  n_vmult           dRdW_form         dRdW_mult         dRdX_mult         d2R_mult          
  12    1.896726e-02   1.079695e-02   8.299203e-03   1.095215e-05   3.981455e-13   2.326254e+15   1.404240e-03   8.288251e-03   1.974583e-01   5          1          1          175        6.564970e-11   0          NO        11         160230            51                46110             7908              7812              
  iter  value          gnorm          cnorm          ecnorm         flowcnorm      flow_cfl       identity       icnorm         snorm          #linesear  iterPDAS   flagPDAS   iterGMRES  resiGMRES      flagGMRES  feasible   n_active_  n_vmult           dRdW_form         dRdW_mult         dRdX_mult         d2R_mult          
  13    1.895743e-02   9.629819e-03   9.606153e-03   1.677976e-06   4.991037e-14   2.080612e+16   1.165741e-02   9.604475e-03   2.486147e-01   1          1          1          161        7.625311e-11   0          NO        11         173380            54                49892             8564              8460              
  iter  value          gnorm          cnorm          ecnorm         flowcnorm      flow_cfl       identity       icnorm         snorm          #linesear  iterPDAS   flagPDAS   iterGMRES  resiGMRES      flagGMRES  feasible   n_active_  n_vmult           dRdW_form         dRdW_mult         dRdX_mult         d2R_mult          
  14    1.896442e-02   2.143879e-04   2.585362e-06   2.585362e-06   1.020462e-13   4.570913e+17   9.273342e-03   0.000000e+00   1.589040e-01   1          1          0          158        7.740836e-11   0          YES       11         186323            57                53635             9208              9096              
  iter  value          gnorm          cnorm          ecnorm         flowcnorm      flow_cfl       identity       icnorm         snorm          #linesear  iterPDAS   flagPDAS   iterGMRES  resiGMRES      flagGMRES  feasible   n_active_  n_vmult           dRdW_form         dRdW_mult         dRdX_mult         d2R_mult          
  15    1.897174e-02   4.832621e-05   3.943007e-07   3.943007e-07   3.805514e-14   5.437559e+18   1.000000e-04   0.000000e+00   5.809345e-02   1          1          0          148        9.416445e-11   0          YES       11         198485            60                57157             9812              9692              
  iter  value          gnorm          cnorm          ecnorm         flowcnorm      flow_cfl       identity       icnorm         snorm          #linesear  iterPDAS   flagPDAS   iterGMRES  resiGMRES      flagGMRES  feasible   n_active_  n_vmult           dRdW_form         dRdW_mult         dRdX_mult         d2R_mult          
  16    1.896951e-02   7.214151e-06   2.841603e-08   2.841603e-08   6.737430e-15   2.057408e+20   1.000000e-04   0.000000e+00   1.749729e-02   1          1          0          146        6.617769e-11   0          YES       11         210474            63                60618             10408             10280             
Optimization Terminated with Status: Converged
The process took 169.532 seconds to run.
Total n_vmult for algorithm 210474
