Starting optimization with 70 control variables...

Primal Dual Active Set Method

 Full-Space Newton Method
  iter  value          gnorm          cnorm          ecnorm         flowcnorm      flow_cfl       identity       icnorm         snorm          #linesear  iterPDAS   flagPDAS   iterGMRES  resiGMRES      flagGMRES  feasible   n_active_  n_vmult           dRdW_form         dRdW_mult         dRdX_mult         d2R_mult          
  0     3.709617e-02   2.793114e-01   
  iter  value          gnorm          cnorm          ecnorm         flowcnorm      flow_cfl       identity       icnorm         snorm          #linesear  iterPDAS   flagPDAS   iterGMRES  resiGMRES      flagGMRES  feasible   n_active_  n_vmult           dRdW_form         dRdW_mult         dRdX_mult         d2R_mult          
  1     2.850350e-02   2.107159e-01   5.627877e-04   5.627877e-04   3.376389e-09   1.405563e+10   7.801488e+00   0.000000e+00   1.833238e+01   1          1          0          136        6.400791e-11   0          YES       2          12842             18                3674              556               548               
  iter  value          gnorm          cnorm          ecnorm         flowcnorm      flow_cfl       identity       icnorm         snorm          #linesear  iterPDAS   flagPDAS   iterGMRES  resiGMRES      flagGMRES  feasible   n_active_  n_vmult           dRdW_form         dRdW_mult         dRdX_mult         d2R_mult          
  2     2.397921e-02   1.120725e-01   3.387274e-04   3.387274e-04   4.776034e-10   1.868244e+11   4.440118e+00   0.000000e+00   6.917789e+00   1          1          0          140        8.798650e-11   0          YES       2          24375             21                7015              1128              1112              
  iter  value          gnorm          cnorm          ecnorm         flowcnorm      flow_cfl       identity       icnorm         snorm          #linesear  iterPDAS   flagPDAS   iterGMRES  resiGMRES      flagGMRES  feasible   n_active_  n_vmult           dRdW_form         dRdW_mult         dRdX_mult         d2R_mult          
  3     1.925403e-02   6.476676e-02   7.911991e-04   7.911991e-04   6.295690e-10   2.452475e+11   1.256024e+00   0.000000e+00   4.439143e+00   1          1          0          136        6.328900e-11   0          YES       2          35611             24                10283             1684              1660              
  iter  value          gnorm          cnorm          ecnorm         flowcnorm      flow_cfl       identity       icnorm         snorm          #linesear  iterPDAS   flagPDAS   iterGMRES  resiGMRES      flagGMRES  feasible   n_active_  n_vmult           dRdW_form         dRdW_mult         dRdX_mult         d2R_mult          
  4     1.585799e-02   3.953949e-02   1.665118e-02   1.548736e-04   2.026424e-10   1.248069e+12   4.194734e-01   1.649630e-02   3.611203e+00   1          1          1          142        7.399208e-11   0          NO        4          47366             27                13734             2264              2232              
  iter  value          gnorm          cnorm          ecnorm         flowcnorm      flow_cfl       identity       icnorm         snorm          #linesear  iterPDAS   flagPDAS   iterGMRES  resiGMRES      flagGMRES  feasible   n_active_  n_vmult           dRdW_form         dRdW_mult         dRdX_mult         d2R_mult          
  5     1.452195e-02   3.599882e-02   3.291875e-02   1.894188e-04   5.731188e-12   4.846934e+13   1.563371e-01   3.272933e-02   2.608167e+00   1          1          1          159        8.269264e-11   0          NO        8          60357             30                17469             2912              2872              
  iter  value          gnorm          cnorm          ecnorm         flowcnorm      flow_cfl       identity       icnorm         snorm          #linesear  iterPDAS   flagPDAS   iterGMRES  resiGMRES      flagGMRES  feasible   n_active_  n_vmult           dRdW_form         dRdW_mult         dRdX_mult         d2R_mult          
  6     1.436916e-02   2.832706e-02   2.724684e-02   6.485469e-05   2.420332e-12   1.458557e+14   1.295915e-01   2.718199e-02   9.405219e-01   1          1          1          173        9.473282e-11   0          NO        12         74433             33                21505             3616              3568              
  iter  value          gnorm          cnorm          ecnorm         flowcnorm      flow_cfl       identity       icnorm         snorm          #linesear  iterPDAS   flagPDAS   iterGMRES  resiGMRES      flagGMRES  feasible   n_active_  n_vmult           dRdW_form         dRdW_mult         dRdX_mult         d2R_mult          
  7     1.449840e-02   1.421662e-02   1.379327e-02   1.292424e-05   5.019032e-13   1.401470e+15   8.024226e-02   1.378035e-02   5.446060e-01   1          1          1          180        6.488760e-11   0          NO        13         89020             36                25660             4348              4292              
  iter  value          gnorm          cnorm          ecnorm         flowcnorm      flow_cfl       identity       icnorm         snorm          #linesear  iterPDAS   flagPDAS   iterGMRES  resiGMRES      flagGMRES  feasible   n_active_  n_vmult           dRdW_form         dRdW_mult         dRdX_mult         d2R_mult          
  8     1.452390e-02   8.128607e-03   8.096953e-03   3.592861e-06   2.284227e-13   5.385731e+15   2.021123e-02   8.093360e-03   3.012275e-01   1          1          1          195        6.332398e-11   0          NO        14         104761            39                30129             5140              5076              
  iter  value          gnorm          cnorm          ecnorm         flowcnorm      flow_cfl       identity       icnorm         snorm          #linesear  iterPDAS   flagPDAS   iterGMRES  resiGMRES      flagGMRES  feasible   n_active_  n_vmult           dRdW_form         dRdW_mult         dRdX_mult         d2R_mult          
  9     1.449988e-02   5.611640e-03   5.552539e-03   1.738249e-06   1.210940e-13   1.471592e+16   6.607425e-03   5.550801e-03   1.145584e-01   2          1          1          203        8.969238e-11   0          NO        15         121103            42                34751             5964              5892              
  iter  value          gnorm          cnorm          ecnorm         flowcnorm      flow_cfl       identity       icnorm         snorm          #linesear  iterPDAS   flagPDAS   iterGMRES  resiGMRES      flagGMRES  feasible   n_active_  n_vmult           dRdW_form         dRdW_mult         dRdX_mult         d2R_mult          
  10    1.448672e-02   4.953119e-03   4.861556e-03   1.301425e-06   9.796961e-14   2.060772e+16   3.149051e-03   4.860255e-03   7.454248e-02   3          1          1          206        9.464182e-11   0          NO        16         137659            45                39419             6800              6720              
  iter  value          gnorm          cnorm          ecnorm         flowcnorm      flow_cfl       identity       icnorm         snorm          #linesear  iterPDAS   flagPDAS   iterGMRES  resiGMRES      flagGMRES  feasible   n_active_  n_vmult           dRdW_form         dRdW_mult         dRdX_mult         d2R_mult          
  11    1.447902e-02   4.636632e-03   4.432160e-03   1.140002e-06   8.954722e-14   2.408493e+16   2.453339e-03   4.431020e-03   5.525650e-02   4          1          1          211        6.565600e-11   0          NO        17         154595            48                44187             7656              7568              
  iter  value          gnorm          cnorm          ecnorm         flowcnorm      flow_cfl       identity       icnorm         snorm          #linesear  iterPDAS   flagPDAS   iterGMRES  resiGMRES      flagGMRES  feasible   n_active_  n_vmult           dRdW_form         dRdW_mult         dRdX_mult         d2R_mult          
  12    1.447440e-02   6.006304e-03   5.890187e-03   1.016404e-06   7.692791e-14   2.164257e+16   2.149835e-03   5.889171e-03   6.709828e-02   4          1          1          211        9.052941e-11   0          NO        18         171538            51                48962             8512              8416              
  iter  value          gnorm          cnorm          ecnorm         flowcnorm      flow_cfl       identity       icnorm         snorm          #linesear  iterPDAS   flagPDAS   iterGMRES  resiGMRES      flagGMRES  feasible   n_active_  n_vmult           dRdW_form         dRdW_mult         dRdX_mult         d2R_mult          
  13    1.445975e-02   5.880042e-03   5.876439e-03   1.315256e-07   2.247691e-14   7.566289e+16   3.607568e-03   5.876307e-03   1.044580e-01   1          1          1          211        6.760260e-11   0          NO        20         188467            54                53723             9368              9264              
  iter  value          gnorm          cnorm          ecnorm         flowcnorm      flow_cfl       identity       icnorm         snorm          #linesear  iterPDAS   flagPDAS   iterGMRES  resiGMRES      flagGMRES  feasible   n_active_  n_vmult           dRdW_form         dRdW_mult         dRdX_mult         d2R_mult          
  14    1.445430e-02   6.084100e-03   6.082435e-03   9.220964e-09   6.977541e-15   2.355599e+17   3.457489e-03   6.082426e-03   5.134039e-02   1          1          1          202        7.319955e-11   0          NO        23         204733            57                58325             10188             10076             
  iter  value          gnorm          cnorm          ecnorm         flowcnorm      flow_cfl       identity       icnorm         snorm          #linesear  iterPDAS   flagPDAS   iterGMRES  resiGMRES      flagGMRES  feasible   n_active_  n_vmult           dRdW_form         dRdW_mult         dRdX_mult         d2R_mult          
  15    1.445366e-02   4.938588e-03   4.938129e-03   1.129023e-07   1.557866e-14   1.299771e+17   3.701627e-03   4.938016e-03   4.300355e-02   1          1          1          214        8.994931e-11   0          NO        22         221904            60                63160             11056             10936             
  iter  value          gnorm          cnorm          ecnorm         flowcnorm      flow_cfl       identity       icnorm         snorm          #linesear  iterPDAS   flagPDAS   iterGMRES  resiGMRES      flagGMRES  feasible   n_active_  n_vmult           dRdW_form         dRdW_mult         dRdX_mult         d2R_mult          
  16    1.445378e-02   2.183774e-05   1.466641e-07   1.466641e-07   2.320904e-14   1.973037e+19   2.438966e-03   0.000000e+00   3.686929e-02   1          1          0          206        6.068799e-11   0          YES       22         238481            63                67849             11892             11764             
  iter  value          gnorm          cnorm          ecnorm         flowcnorm      flow_cfl       identity       icnorm         snorm          #linesear  iterPDAS   flagPDAS   iterGMRES  resiGMRES      flagGMRES  feasible   n_active_  n_vmult           dRdW_form         dRdW_mult         dRdX_mult         d2R_mult          
  17    1.445318e-02   2.715884e-05   7.415001e-08   7.415001e-08   1.054043e-14   3.493257e+19   1.000000e-04   0.000000e+00   3.961091e-02   2          1          1          219        9.062356e-11   0          YES       22         256039            66                72791             12780             12644             
  iter  value          gnorm          cnorm          ecnorm         flowcnorm      flow_cfl       identity       icnorm         snorm          #linesear  iterPDAS   flagPDAS   iterGMRES  resiGMRES      flagGMRES  feasible   n_active_  n_vmult           dRdW_form         dRdW_mult         dRdX_mult         d2R_mult          
  18    1.445313e-02   2.889863e-05   6.951883e-08   6.951883e-08   9.853683e-15   3.511754e+19   1.000000e-04   0.000000e+00   4.812792e-03   5          1          1          218        7.913964e-11   0          YES       22         273514            69                77706             13664             13520             
  iter  value          gnorm          cnorm          ecnorm         flowcnorm      flow_cfl       identity       icnorm         snorm          #linesear  iterPDAS   flagPDAS   iterGMRES  resiGMRES      flagGMRES  feasible   n_active_  n_vmult           dRdW_form         dRdW_mult         dRdX_mult         d2R_mult          
  19    1.445308e-02   3.521027e-05   2.161397e-05   6.517666e-08   9.215602e-15   3.081818e+19   1.000000e-04   2.154880e-05   4.461701e-03   5          1          1          218        8.895625e-11   0          NO        23         290996            72                82628             14548             14396             
  iter  value          gnorm          cnorm          ecnorm         flowcnorm      flow_cfl       identity       icnorm         snorm          #linesear  iterPDAS   flagPDAS   iterGMRES  resiGMRES      flagGMRES  feasible   n_active_  n_vmult           dRdW_form         dRdW_mult         dRdX_mult         d2R_mult          
  20    1.445302e-02   2.391080e-05   1.891224e-05   5.703944e-08   7.946264e-15   5.263116e+19   1.000000e-04   1.885520e-05   6.981570e-03   4          1          1          204        9.537061e-11   0          NO        23         307414            75                87270             15376             15216             
  iter  value          gnorm          cnorm          ecnorm         flowcnorm      flow_cfl       identity       icnorm         snorm          #linesear  iterPDAS   flagPDAS   iterGMRES  resiGMRES      flagGMRES  feasible   n_active_  n_vmult           dRdW_form         dRdW_mult         dRdX_mult         d2R_mult          
  21    1.445299e-02   3.472058e-05   3.190122e-05   5.347642e-08   7.402319e-15   3.890857e+19   1.000000e-04   3.184774e-05   3.151918e-03   5          1          1          204        9.644722e-11   0          NO        24         323825            78                91905             16204             16036             
  iter  value          gnorm          cnorm          ecnorm         flowcnorm      flow_cfl       identity       icnorm         snorm          #linesear  iterPDAS   flagPDAS   iterGMRES  resiGMRES      flagGMRES  feasible   n_active_  n_vmult           dRdW_form         dRdW_mult         dRdX_mult         d2R_mult          
  22    1.445287e-02   2.550434e-05   2.392593e-05   4.012986e-08   5.375543e-15   7.293963e+19   1.000000e-04   2.388581e-05   1.225656e-02   3          1          1          204        9.106118e-11   0          NO        24         340229            81                96533             17032             16856             
  iter  value          gnorm          cnorm          ecnorm         flowcnorm      flow_cfl       identity       icnorm         snorm          #linesear  iterPDAS   flagPDAS   iterGMRES  resiGMRES      flagGMRES  feasible   n_active_  n_vmult           dRdW_form         dRdW_mult         dRdX_mult         d2R_mult          
  23    1.445285e-02   2.403733e-05   2.243056e-05   3.762238e-08   5.013972e-15   8.297207e+19   1.000000e-04   2.239294e-05   3.078319e-03   5          1          1          203        9.931578e-11   0          NO        24         356550            84                101134            17856             17672             
  iter  value          gnorm          cnorm          ecnorm         flowcnorm      flow_cfl       identity       icnorm         snorm          #linesear  iterPDAS   flagPDAS   iterGMRES  resiGMRES      flagGMRES  feasible   n_active_  n_vmult           dRdW_form         dRdW_mult         dRdX_mult         d2R_mult          
  24    1.445282e-02   6.634256e-04   6.634071e-04   3.527153e-08   4.678480e-15   3.221833e+18   1.000000e-04   6.633718e-04   3.012886e-03   5          1          1          203        9.532866e-11   0          NO        25         372878            87                105742            18680             18488             
  iter  value          gnorm          cnorm          ecnorm         flowcnorm      flow_cfl       identity       icnorm         snorm          #linesear  iterPDAS   flagPDAS   iterGMRES  resiGMRES      flagGMRES  feasible   n_active_  n_vmult           dRdW_form         dRdW_mult         dRdX_mult         d2R_mult          
  25    1.445278e-02   1.380427e-03   1.380432e-03   3.086519e-08   4.050622e-15   1.788401e+18   1.000000e-04   1.380401e-03   6.159547e-03   4          1          1          208        9.980757e-11   0          NO        26         389607            90                110471            19524             19324             
  iter  value          gnorm          cnorm          ecnorm         flowcnorm      flow_cfl       identity       icnorm         snorm          #linesear  iterPDAS   flagPDAS   iterGMRES  resiGMRES      flagGMRES  feasible   n_active_  n_vmult           dRdW_form         dRdW_mult         dRdX_mult         d2R_mult          
  26    1.445256e-02   4.190928e-06   3.042946e-10   3.042946e-10   5.773949e-16   4.132538e+21   1.905578e-04   0.000000e+00   2.254351e-02   1          1          0          208        8.778552e-11   0          YES       26         406322            93                115186            20368             20160             
Optimization Terminated with Status: Converged
The process took 358.61 seconds to run.
Total n_vmult for algorithm 406322
