Starting optimization with 10...

Primal Dual Active Set Method

 Reduced-Space  Quasi-Newton
  iter  value          gnorm          cnorm          ecnorm         flowcnorm      identity       icnorm         snorm          #linesear  iterPDAS   flagPDAS   iterGMRES  resiGMRES      flagGMRES  feasible   n_active_  n_vmult           dRdW_form         dRdW_mult         dRdX_mult         d2R_mult          
  0     9.645510e-02   1.765875e-01   
  iter  value          gnorm          cnorm          ecnorm         flowcnorm      identity       icnorm         snorm          #linesear  iterPDAS   flagPDAS   iterGMRES  resiGMRES      flagGMRES  feasible   n_active_  n_vmult           dRdW_form         dRdW_mult         dRdX_mult         d2R_mult          
  1     8.192206e-02   1.386980e-01   4.362524e-03   4.362524e-03   3.449544e-16   3.118316e+00   0.000000e+00   3.860776e+00   1          1          1          13         1.322533e-15   0          YES       1          2984              19                1820              112               0                 
  iter  value          gnorm          cnorm          ecnorm         flowcnorm      identity       icnorm         snorm          #linesear  iterPDAS   flagPDAS   iterGMRES  resiGMRES      flagGMRES  feasible   n_active_  n_vmult           dRdW_form         dRdW_mult         dRdX_mult         d2R_mult          
  2     8.103766e-02   4.588879e-02   1.001081e-03   3.752846e-04   7.188352e-15   1.923714e+00   6.257961e-04   5.022504e-01   1          1          1          13         1.200407e-16   0          NO        2          5062              27                2961              223               0                 
  iter  value          gnorm          cnorm          ecnorm         flowcnorm      identity       icnorm         snorm          #linesear  iterPDAS   flagPDAS   iterGMRES  resiGMRES      flagGMRES  feasible   n_active_  n_vmult           dRdW_form         dRdW_mult         dRdX_mult         d2R_mult          
  3     8.103766e-02   4.588879e-02   1.001081e-03   3.752846e-04   4.395858e-16   2.105781e-01   6.257961e-04   1.000000e+99   5          1          1          16         2.844723e-17   0          NO        2          10489             81                6405              352               0                 
  iter  value          gnorm          cnorm          ecnorm         flowcnorm      identity       icnorm         snorm          #linesear  iterPDAS   flagPDAS   iterGMRES  resiGMRES      flagGMRES  feasible   n_active_  n_vmult           dRdW_form         dRdW_mult         dRdX_mult         d2R_mult          
  4     8.083821e-02   4.369195e-02   8.178072e-04   2.795543e-04   1.780444e-15   2.105781e+00   5.382529e-04   5.517164e-02   3          1          1          16         2.784917e-17   0          NO        3          14807             117               9100              481               0                 
  iter  value          gnorm          cnorm          ecnorm         flowcnorm      identity       icnorm         snorm          #linesear  iterPDAS   flagPDAS   iterGMRES  resiGMRES      flagGMRES  feasible   n_active_  n_vmult           dRdW_form         dRdW_mult         dRdX_mult         d2R_mult          
  5     8.031857e-02   2.633334e-02   1.872495e-03   3.213987e-05   2.893893e-15   1.908986e-01   1.840355e-03   1.725831e-01   2          1          1          19         3.989883e-17   0          NO        4          18116             140               10920             628               0                 
  iter  value          gnorm          cnorm          ecnorm         flowcnorm      identity       icnorm         snorm          #linesear  iterPDAS   flagPDAS   iterGMRES  resiGMRES      flagGMRES  feasible   n_active_  n_vmult           dRdW_form         dRdW_mult         dRdX_mult         d2R_mult          
  6     8.001851e-02   1.927916e-02   3.955729e-03   3.728494e-04   4.079130e-16   6.934449e-02   3.582879e-03   6.681229e-02   2          1          1          21         1.932063e-17   0          NO        5          21747             163               12978             787               0                 
  iter  value          gnorm          cnorm          ecnorm         flowcnorm      identity       icnorm         snorm          #linesear  iterPDAS   flagPDAS   iterGMRES  resiGMRES      flagGMRES  feasible   n_active_  n_vmult           dRdW_form         dRdW_mult         dRdX_mult         d2R_mult          
  7     7.982071e-02   4.162397e-02   3.823510e-04   3.823510e-04   6.146875e-15   3.716862e-02   0.000000e+00   5.983273e-02   1          1          1          22         1.330108e-17   0          YES       3          24323             170               14259             952               0                 
  iter  value          gnorm          cnorm          ecnorm         flowcnorm      identity       icnorm         snorm          #linesear  iterPDAS   flagPDAS   iterGMRES  resiGMRES      flagGMRES  feasible   n_active_  n_vmult           dRdW_form         dRdW_mult         dRdX_mult         d2R_mult          
  8     7.960224e-02   2.304942e-02   2.771144e-04   2.191105e-04   1.265217e-15   1.732555e-01   5.800392e-05   1.165410e-01   2          1          1          21         2.953775e-17   0          NO        4          28314             197               16597             1111              0                 
  iter  value          gnorm          cnorm          ecnorm         flowcnorm      identity       icnorm         snorm          #linesear  iterPDAS   flagPDAS   iterGMRES  resiGMRES      flagGMRES  feasible   n_active_  n_vmult           dRdW_form         dRdW_mult         dRdX_mult         d2R_mult          
  9     7.939530e-02   1.282692e-02   8.740872e-04   3.930930e-05   4.851405e-16   5.312756e-02   8.347779e-04   4.976516e-02   1          1          1          22         1.618058e-17   0          NO        5          31607             215               18375             1276              0                 
  iter  value          gnorm          cnorm          ecnorm         flowcnorm      identity       icnorm         snorm          #linesear  iterPDAS   flagPDAS   iterGMRES  resiGMRES      flagGMRES  feasible   n_active_  n_vmult           dRdW_form         dRdW_mult         dRdX_mult         d2R_mult          
  10    7.932530e-02   1.312299e-02   1.236205e-04   1.236205e-04   4.679001e-16   1.645298e-02   0.000000e+00   2.438965e-02   1          1          0          23         2.663758e-17   0          YES       5          34295             222               19726             1447              0                 
  iter  value          gnorm          cnorm          ecnorm         flowcnorm      identity       icnorm         snorm          #linesear  iterPDAS   flagPDAS   iterGMRES  resiGMRES      flagGMRES  feasible   n_active_  n_vmult           dRdW_form         dRdW_mult         dRdX_mult         d2R_mult          
  11    7.930433e-02   5.634902e-03   8.566495e-05   8.566495e-05   3.755185e-16   1.722128e-02   0.000000e+00   4.783645e-02   2          1          1          23         3.960603e-18   0          YES       5          37612             237               21546             1618              0                 
  iter  value          gnorm          cnorm          ecnorm         flowcnorm      identity       icnorm         snorm          #linesear  iterPDAS   flagPDAS   iterGMRES  resiGMRES      flagGMRES  feasible   n_active_  n_vmult           dRdW_form         dRdW_mult         dRdX_mult         d2R_mult          
  12    7.929958e-02   5.248861e-03   6.723181e-05   6.723181e-05   3.703376e-16   3.175212e-03   0.000000e+00   7.184474e-03   3          1          1          23         3.881613e-18   0          YES       5          41431             261               23688             1789              0                 
  iter  value          gnorm          cnorm          ecnorm         flowcnorm      identity       icnorm         snorm          #linesear  iterPDAS   flagPDAS   iterGMRES  resiGMRES      flagGMRES  feasible   n_active_  n_vmult           dRdW_form         dRdW_mult         dRdX_mult         d2R_mult          
  13    7.929795e-02   5.108071e-03   7.018807e-05   5.933665e-05   3.727865e-16   2.755054e-03   1.085142e-05   1.646580e-03   4          1          1          23         1.010488e-18   0          NO        6          46675             302               26915             1960              0                 
  iter  value          gnorm          cnorm          ecnorm         flowcnorm      identity       icnorm         snorm          #linesear  iterPDAS   flagPDAS   iterGMRES  resiGMRES      flagGMRES  feasible   n_active_  n_vmult           dRdW_form         dRdW_mult         dRdX_mult         d2R_mult          
  14    7.929539e-02   1.175208e-03   3.734264e-06   3.734264e-06   1.617464e-15   2.609239e-03   0.000000e+00   1.538334e-02   1          1          0          24         3.032843e-18   0          YES       6          49445             311               28266             2137              0                 
  iter  value          gnorm          cnorm          ecnorm         flowcnorm      identity       icnorm         snorm          #linesear  iterPDAS   flagPDAS   iterGMRES  resiGMRES      flagGMRES  feasible   n_active_  n_vmult           dRdW_form         dRdW_mult         dRdX_mult         d2R_mult          
  15    7.929531e-02   2.756419e-04   1.732690e-08   1.732690e-08   4.093733e-16   1.381113e-04   0.000000e+00   3.785997e-03   1          1          0          24         6.948566e-19   0          YES       6          52342             319               29764             2314              0                 
  iter  value          gnorm          cnorm          ecnorm         flowcnorm      identity       icnorm         snorm          #linesear  iterPDAS   flagPDAS   iterGMRES  resiGMRES      flagGMRES  feasible   n_active_  n_vmult           dRdW_form         dRdW_mult         dRdX_mult         d2R_mult          
  16    7.929530e-02   1.230419e-04   2.344310e-08   2.344310e-08   4.571169e-15   1.000000e-04   0.000000e+00   4.824255e-04   1          1          0          24         2.567511e-19   0          YES       6          55192             325               31255             2491              0                 
  iter  value          gnorm          cnorm          ecnorm         flowcnorm      identity       icnorm         snorm          #linesear  iterPDAS   flagPDAS   iterGMRES  resiGMRES      flagGMRES  feasible   n_active_  n_vmult           dRdW_form         dRdW_mult         dRdX_mult         d2R_mult          
  17    7.929530e-02   2.599365e-05   3.980976e-09   3.980976e-09   4.129853e-16   1.000000e-04   0.000000e+00   2.372967e-04   1          1          0          24         8.642368e-20   0          YES       6          58291             334               32935             2668              0                 
  iter  value          gnorm          cnorm          ecnorm         flowcnorm      identity       icnorm         snorm          #linesear  iterPDAS   flagPDAS   iterGMRES  resiGMRES      flagGMRES  feasible   n_active_  n_vmult           dRdW_form         dRdW_mult         dRdX_mult         d2R_mult          
  18    7.929530e-02   3.105633e-06   3.327230e-11   3.327230e-11   8.236930e-15   1.000000e-04   0.000000e+00   3.625428e-05   1          1          0          24         6.246447e-20   0          YES       6          61391             342               34636             2845              0                 
Optimization Terminated with Status: Converged
The process took 109.643 seconds to run.
Total n_vmult for algorithm 61391
