Starting optimization with 20...

Primal Dual Active Set Method

 Reduced-Space  Quasi-Newton
  iter  value          gnorm          cnorm          ecnorm         flowcnorm      identity       icnorm         snorm          #linesear  iterPDAS   flagPDAS   iterGMRES  resiGMRES      flagGMRES  feasible   n_active_  n_vmult           dRdW_form         dRdW_mult         dRdX_mult         d2R_mult          
  0     9.645510e-02   2.252489e-01   
  iter  value          gnorm          cnorm          ecnorm         flowcnorm      identity       icnorm         snorm          #linesear  iterPDAS   flagPDAS   iterGMRES  resiGMRES      flagGMRES  feasible   n_active_  n_vmult           dRdW_form         dRdW_mult         dRdX_mult         d2R_mult          
  1     8.221850e-02   1.720186e-01   5.002790e-03   5.002790e-03   3.870652e-16   5.073706e+00   0.000000e+00   4.161237e+00   1          1          1          13         1.145937e-14   0          YES       1          3026              19                1862              112               0                 
  iter  value          gnorm          cnorm          ecnorm         flowcnorm      identity       icnorm         snorm          #linesear  iterPDAS   flagPDAS   iterGMRES  resiGMRES      flagGMRES  feasible   n_active_  n_vmult           dRdW_form         dRdW_mult         dRdX_mult         d2R_mult          
  2     7.948163e-02   8.421333e-02   5.871309e-03   9.120779e-04   6.618387e-15   2.959041e+00   4.959231e-03   5.173060e-01   1          1          1          13         2.238304e-15   0          NO        2          5195              27                3094              223               0                 
  iter  value          gnorm          cnorm          ecnorm         flowcnorm      identity       icnorm         snorm          #linesear  iterPDAS   flagPDAS   iterGMRES  resiGMRES      flagGMRES  feasible   n_active_  n_vmult           dRdW_form         dRdW_mult         dRdX_mult         d2R_mult          
  3     7.745840e-02   6.442873e-02   6.704680e-03   8.803800e-04   1.260639e-15   7.091884e-01   5.824300e-03   3.502155e-01   2          1          1          16         4.728393e-17   0          NO        3          8426              51                4942              352               0                 
  iter  value          gnorm          cnorm          ecnorm         flowcnorm      identity       icnorm         snorm          #linesear  iterPDAS   flagPDAS   iterGMRES  resiGMRES      flagGMRES  feasible   n_active_  n_vmult           dRdW_form         dRdW_mult         dRdX_mult         d2R_mult          
  4     7.696461e-02   5.991003e-02   1.544229e-02   2.204011e-03   5.252191e-15   4.151061e-01   1.323828e-02   1.287541e-01   1          1          1          19         7.000347e-11   0          NO        6          11462             67                6629              499               0                 
  iter  value          gnorm          cnorm          ecnorm         flowcnorm      identity       icnorm         snorm          #linesear  iterPDAS   flagPDAS   iterGMRES  resiGMRES      flagGMRES  feasible   n_active_  n_vmult           dRdW_form         dRdW_mult         dRdX_mult         d2R_mult          
  5     7.672285e-02   2.409279e-02   6.317394e-04   6.317394e-04   3.377290e-16   3.589211e-01   0.000000e+00   1.237038e-01   1          1          0          27         1.093766e-14   0          YES       5          14294             77                7896              694               0                 
  iter  value          gnorm          cnorm          ecnorm         flowcnorm      identity       icnorm         snorm          #linesear  iterPDAS   flagPDAS   iterGMRES  resiGMRES      flagGMRES  feasible   n_active_  n_vmult           dRdW_form         dRdW_mult         dRdX_mult         d2R_mult          
  6     7.664385e-02   2.080686e-02   2.127840e-04   2.127840e-04   4.105529e-16   5.804624e-02   0.000000e+00   3.059453e-02   1          1          0          27         1.455683e-11   0          YES       5          17177             85                9254              889               0                 
  iter  value          gnorm          cnorm          ecnorm         flowcnorm      identity       icnorm         snorm          #linesear  iterPDAS   flagPDAS   iterGMRES  resiGMRES      flagGMRES  feasible   n_active_  n_vmult           dRdW_form         dRdW_mult         dRdX_mult         d2R_mult          
  7     7.659678e-02   6.109585e-03   3.013689e-05   3.013689e-05   5.996372e-15   4.329254e-02   0.000000e+00   2.006674e-02   1          1          0          27         2.113098e-11   0          YES       5          19983             93                10535             1084              0                 
  iter  value          gnorm          cnorm          ecnorm         flowcnorm      identity       icnorm         snorm          #linesear  iterPDAS   flagPDAS   iterGMRES  resiGMRES      flagGMRES  feasible   n_active_  n_vmult           dRdW_form         dRdW_mult         dRdX_mult         d2R_mult          
  8     7.655347e-02   6.174600e-03   3.522528e-05   3.522528e-05   3.865324e-15   3.732703e-03   0.000000e+00   3.273423e-02   1          1          0          27         1.117145e-11   0          YES       5          22796             101               11823             1279              0                 
  iter  value          gnorm          cnorm          ecnorm         flowcnorm      identity       icnorm         snorm          #linesear  iterPDAS   flagPDAS   iterGMRES  resiGMRES      flagGMRES  feasible   n_active_  n_vmult           dRdW_form         dRdW_mult         dRdX_mult         d2R_mult          
  9     7.653895e-02   5.427554e-03   2.597017e-05   2.597017e-05   3.634747e-16   3.812568e-03   0.000000e+00   8.979190e-03   2          1          1          28         2.370015e-12   0          YES       5          26239             116               13559             1480              0                 
  iter  value          gnorm          cnorm          ecnorm         flowcnorm      identity       icnorm         snorm          #linesear  iterPDAS   flagPDAS   iterGMRES  resiGMRES      flagGMRES  feasible   n_active_  n_vmult           dRdW_form         dRdW_mult         dRdX_mult         d2R_mult          
  10    7.653520e-02   5.064754e-03   2.434698e-04   2.334862e-05   7.350350e-16   2.945834e-03   2.201212e-04   2.003362e-02   4          1          1          28         3.069609e-12   0          NO        6          31487             153               16660             1681              0                 
  iter  value          gnorm          cnorm          ecnorm         flowcnorm      identity       icnorm         snorm          #linesear  iterPDAS   flagPDAS   iterGMRES  resiGMRES      flagGMRES  feasible   n_active_  n_vmult           dRdW_form         dRdW_mult         dRdX_mult         d2R_mult          
  11    7.651862e-02   3.318357e-03   2.194813e-05   2.194813e-05   4.540948e-16   2.565173e-03   0.000000e+00   2.688778e-02   1          1          0          30         1.423535e-13   0          YES       5          34531             161               18053             1894              0                 
  iter  value          gnorm          cnorm          ecnorm         flowcnorm      identity       icnorm         snorm          #linesear  iterPDAS   flagPDAS   iterGMRES  resiGMRES      flagGMRES  feasible   n_active_  n_vmult           dRdW_form         dRdW_mult         dRdX_mult         d2R_mult          
  12    7.650618e-02   4.731053e-03   1.198587e-05   1.198587e-05   4.514260e-16   1.101149e-03   0.000000e+00   1.334189e-02   1          1          0          30         2.699013e-13   0          YES       5          37680             169               19551             2107              0                 
  iter  value          gnorm          cnorm          ecnorm         flowcnorm      identity       icnorm         snorm          #linesear  iterPDAS   flagPDAS   iterGMRES  resiGMRES      flagGMRES  feasible   n_active_  n_vmult           dRdW_form         dRdW_mult         dRdX_mult         d2R_mult          
  13    7.648099e-02   8.140557e-03   1.667178e-05   1.667178e-05   4.059770e-16   2.238286e-03   0.000000e+00   2.298371e-02   1          1          0          30         1.832337e-12   0          YES       5          40808             177               21028             2320              0                 
  iter  value          gnorm          cnorm          ecnorm         flowcnorm      identity       icnorm         snorm          #linesear  iterPDAS   flagPDAS   iterGMRES  resiGMRES      flagGMRES  feasible   n_active_  n_vmult           dRdW_form         dRdW_mult         dRdX_mult         d2R_mult          
  14    7.646664e-02   8.856043e-03   1.294936e-04   1.383374e-05   3.941836e-16   6.626867e-03   1.156598e-04   2.044534e-02   3          1          1          30         3.703203e-11   0          NO        6          45448             206               23597             2533              0                 
  iter  value          gnorm          cnorm          ecnorm         flowcnorm      identity       icnorm         snorm          #linesear  iterPDAS   flagPDAS   iterGMRES  resiGMRES      flagGMRES  feasible   n_active_  n_vmult           dRdW_form         dRdW_mult         dRdX_mult         d2R_mult          
  15    7.644001e-02   7.247129e-03   1.200086e-05   1.200086e-05   4.289024e-16   7.842950e-03   0.000000e+00   3.774753e-02   1          1          0          32         4.661145e-12   0          YES       6          48681             214               25095             2758              0                 
  iter  value          gnorm          cnorm          ecnorm         flowcnorm      identity       icnorm         snorm          #linesear  iterPDAS   flagPDAS   iterGMRES  resiGMRES      flagGMRES  feasible   n_active_  n_vmult           dRdW_form         dRdW_mult         dRdX_mult         d2R_mult          
  16    7.642172e-02   3.780789e-03   2.635149e-06   2.635149e-06   9.641935e-15   5.252088e-03   0.000000e+00   1.693868e-02   2          1          1          32         1.471081e-11   0          YES       6          52264             229               26803             2983              0                 
  iter  value          gnorm          cnorm          ecnorm         flowcnorm      identity       icnorm         snorm          #linesear  iterPDAS   flagPDAS   iterGMRES  resiGMRES      flagGMRES  feasible   n_active_  n_vmult           dRdW_form         dRdW_mult         dRdX_mult         d2R_mult          
  17    7.641660e-02   3.274906e-03   1.209860e-06   1.209860e-06   4.783383e-16   1.429436e-03   0.000000e+00   1.853683e-02   3          1          1          32         1.546080e-11   0          YES       6          56950             254               29414             3208              0                 
  iter  value          gnorm          cnorm          ecnorm         flowcnorm      identity       icnorm         snorm          #linesear  iterPDAS   flagPDAS   iterGMRES  resiGMRES      flagGMRES  feasible   n_active_  n_vmult           dRdW_form         dRdW_mult         dRdX_mult         d2R_mult          
  18    7.641660e-02   3.274906e-03   1.209859e-06   1.209859e-06   2.089818e-15   1.072501e-03   0.000000e+00   1.000000e+99   5          1          1          32         9.121376e-12   0          YES       6          63204             300               33173             3433              0                 
  iter  value          gnorm          cnorm          ecnorm         flowcnorm      identity       icnorm         snorm          #linesear  iterPDAS   flagPDAS   iterGMRES  resiGMRES      flagGMRES  feasible   n_active_  n_vmult           dRdW_form         dRdW_mult         dRdX_mult         d2R_mult          
  19    7.640465e-02   9.435267e-03   9.149626e-03   1.161210e-05   3.636454e-16   1.072501e-02   9.138014e-03   1.850228e-02   5          1          1          32         9.205490e-11   0          NO        7          69522             345               37016             3658              0                 
  iter  value          gnorm          cnorm          ecnorm         flowcnorm      identity       icnorm         snorm          #linesear  iterPDAS   flagPDAS   iterGMRES  resiGMRES      flagGMRES  feasible   n_active_  n_vmult           dRdW_form         dRdW_mult         dRdX_mult         d2R_mult          
  20    7.641367e-02   1.478131e-03   7.559995e-06   7.559995e-06   3.049535e-16   8.902427e-03   0.000000e+00   2.728968e-02   1          1          0          34         2.364472e-12   0          YES       7          72776             353               38451             3895              0                 
  iter  value          gnorm          cnorm          ecnorm         flowcnorm      identity       icnorm         snorm          #linesear  iterPDAS   flagPDAS   iterGMRES  resiGMRES      flagGMRES  feasible   n_active_  n_vmult           dRdW_form         dRdW_mult         dRdX_mult         d2R_mult          
  21    7.641251e-02   1.225706e-03   4.775491e-07   4.775491e-07   3.565735e-16   2.184872e-04   0.000000e+00   5.997635e-03   1          1          0          34         3.925659e-14   0          YES       7          76177             361               40033             4132              0                 
  iter  value          gnorm          cnorm          ecnorm         flowcnorm      identity       icnorm         snorm          #linesear  iterPDAS   flagPDAS   iterGMRES  resiGMRES      flagGMRES  feasible   n_active_  n_vmult           dRdW_form         dRdW_mult         dRdX_mult         d2R_mult          
  22    7.640703e-02   1.818615e-03   2.159827e-05   2.159827e-05   4.624541e-16   1.502355e-04   0.000000e+00   1.414085e-02   1          1          0          34         1.391056e-12   0          YES       7          79446             368               41503             4369              0                 
  iter  value          gnorm          cnorm          ecnorm         flowcnorm      identity       icnorm         snorm          #linesear  iterPDAS   flagPDAS   iterGMRES  resiGMRES      flagGMRES  feasible   n_active_  n_vmult           dRdW_form         dRdW_mult         dRdX_mult         d2R_mult          
  23    7.640587e-02   1.254400e-03   5.516351e-07   5.516351e-07   4.460499e-16   3.307360e-04   0.000000e+00   5.991082e-03   1          1          0          34         2.231621e-12   0          YES       7          82735             376               42973             4606              0                 
  iter  value          gnorm          cnorm          ecnorm         flowcnorm      identity       icnorm         snorm          #linesear  iterPDAS   flagPDAS   iterGMRES  resiGMRES      flagGMRES  feasible   n_active_  n_vmult           dRdW_form         dRdW_mult         dRdX_mult         d2R_mult          
  24    7.640476e-02   1.041544e-03   5.770892e-07   5.770892e-07   5.400448e-16   1.573518e-04   0.000000e+00   6.756060e-03   1          1          0          35         1.838572e-15   0          YES       7          86128             385               44485             4849              0                 
  iter  value          gnorm          cnorm          ecnorm         flowcnorm      identity       icnorm         snorm          #linesear  iterPDAS   flagPDAS   iterGMRES  resiGMRES      flagGMRES  feasible   n_active_  n_vmult           dRdW_form         dRdW_mult         dRdX_mult         d2R_mult          
  25    7.640371e-02   1.660809e-03   3.421338e-07   3.421338e-07   3.089098e-16   1.084814e-04   0.000000e+00   5.656715e-03   1          1          0          35         2.795333e-15   0          YES       7          89515             393               46011             5092              0                 
  iter  value          gnorm          cnorm          ecnorm         flowcnorm      identity       icnorm         snorm          #linesear  iterPDAS   flagPDAS   iterGMRES  resiGMRES      flagGMRES  feasible   n_active_  n_vmult           dRdW_form         dRdW_mult         dRdX_mult         d2R_mult          
  26    7.640151e-02   2.732511e-03   7.034274e-07   7.034274e-07   5.518432e-15   2.758287e-04   0.000000e+00   1.126551e-02   1          1          0          35         8.010056e-15   0          YES       7          92665             400               47320             5335              0                 
  iter  value          gnorm          cnorm          ecnorm         flowcnorm      identity       icnorm         snorm          #linesear  iterPDAS   flagPDAS   iterGMRES  resiGMRES      flagGMRES  feasible   n_active_  n_vmult           dRdW_form         dRdW_mult         dRdX_mult         d2R_mult          
  27    7.639918e-02   2.885391e-03   3.429723e-06   3.429723e-06   4.144493e-16   7.466617e-04   0.000000e+00   1.360053e-02   1          1          0          35         1.003586e-12   0          YES       7          95948             407               48762             5578              0                 
  iter  value          gnorm          cnorm          ecnorm         flowcnorm      identity       icnorm         snorm          #linesear  iterPDAS   flagPDAS   iterGMRES  resiGMRES      flagGMRES  feasible   n_active_  n_vmult           dRdW_form         dRdW_mult         dRdX_mult         d2R_mult          
  28    7.639756e-02   1.796569e-03   2.171438e-06   2.171438e-06   5.003886e-16   8.325481e-04   0.000000e+00   1.220274e-02   1          1          0          35         6.453599e-12   0          YES       7          99202             415               50155             5821              0                 
  iter  value          gnorm          cnorm          ecnorm         flowcnorm      identity       icnorm         snorm          #linesear  iterPDAS   flagPDAS   iterGMRES  resiGMRES      flagGMRES  feasible   n_active_  n_vmult           dRdW_form         dRdW_mult         dRdX_mult         d2R_mult          
  29    7.639709e-02   6.498289e-04   6.250433e-07   6.250433e-07   4.710848e-16   3.227662e-04   0.000000e+00   5.717565e-03   1          1          0          35         9.791015e-12   0          YES       7          102456            423               51548             6064              0                 
  iter  value          gnorm          cnorm          ecnorm         flowcnorm      identity       icnorm         snorm          #linesear  iterPDAS   flagPDAS   iterGMRES  resiGMRES      flagGMRES  feasible   n_active_  n_vmult           dRdW_form         dRdW_mult         dRdX_mult         d2R_mult          
  30    7.639698e-02   2.678679e-04   1.479929e-07   1.479929e-07   1.253608e-15   1.000000e-04   0.000000e+00   2.401766e-03   1          1          0          35         5.842925e-12   0          YES       7          105655            430               52906             6307              0                 
  iter  value          gnorm          cnorm          ecnorm         flowcnorm      identity       icnorm         snorm          #linesear  iterPDAS   flagPDAS   iterGMRES  resiGMRES      flagGMRES  feasible   n_active_  n_vmult           dRdW_form         dRdW_mult         dRdX_mult         d2R_mult          
  31    7.639692e-02   2.729173e-04   1.097206e-08   1.097206e-08   3.697720e-16   1.000000e-04   0.000000e+00   1.154605e-03   1          1          0          35         7.787989e-13   0          YES       7          109071            437               54481             6550              0                 
  iter  value          gnorm          cnorm          ecnorm         flowcnorm      identity       icnorm         snorm          #linesear  iterPDAS   flagPDAS   iterGMRES  resiGMRES      flagGMRES  feasible   n_active_  n_vmult           dRdW_form         dRdW_mult         dRdX_mult         d2R_mult          
  32    7.639685e-02   3.860735e-04   4.364969e-08   4.364969e-08   4.166207e-16   1.000000e-04   0.000000e+00   9.066246e-04   1          1          0          35         3.757700e-11   0          YES       7          112507            445               56056             6793              0                 
  iter  value          gnorm          cnorm          ecnorm         flowcnorm      identity       icnorm         snorm          #linesear  iterPDAS   flagPDAS   iterGMRES  resiGMRES      flagGMRES  feasible   n_active_  n_vmult           dRdW_form         dRdW_mult         dRdX_mult         d2R_mult          
  33    7.639670e-02   6.666368e-04   8.415145e-08   8.415145e-08   5.185112e-16   1.000000e-04   0.000000e+00   1.770320e-03   1          1          0          36         4.027715e-19   0          YES       7          115901            453               57547             7042              0                 
  iter  value          gnorm          cnorm          ecnorm         flowcnorm      identity       icnorm         snorm          #linesear  iterPDAS   flagPDAS   iterGMRES  resiGMRES      flagGMRES  feasible   n_active_  n_vmult           dRdW_form         dRdW_mult         dRdX_mult         d2R_mult          
  34    7.639636e-02   1.211632e-03   1.766881e-07   1.766881e-07   6.675316e-16   1.000000e-04   0.000000e+00   4.306901e-03   1          1          0          36         1.382397e-18   0          YES       7          119322            462               59045             7291              0                 
  iter  value          gnorm          cnorm          ecnorm         flowcnorm      identity       icnorm         snorm          #linesear  iterPDAS   flagPDAS   iterGMRES  resiGMRES      flagGMRES  feasible   n_active_  n_vmult           dRdW_form         dRdW_mult         dRdX_mult         d2R_mult          
  35    7.639555e-02   2.086693e-03   3.654703e-07   3.654703e-07   1.138300e-15   1.468051e-04   0.000000e+00   1.048500e-02   1          1          0          36         3.740486e-18   0          YES       7          122666            471               60466             7540              0                 
  iter  value          gnorm          cnorm          ecnorm         flowcnorm      identity       icnorm         snorm          #linesear  iterPDAS   flagPDAS   iterGMRES  resiGMRES      flagGMRES  feasible   n_active_  n_vmult           dRdW_form         dRdW_mult         dRdX_mult         d2R_mult          
  36    7.639459e-02   2.538785e-03   3.337761e-07   3.337761e-07   2.422299e-15   4.354289e-04   0.000000e+00   1.108793e-02   2          1          1          36         6.039550e-18   0          YES       7          126319            486               62076             7789              0                 
  iter  value          gnorm          cnorm          ecnorm         flowcnorm      identity       icnorm         snorm          #linesear  iterPDAS   flagPDAS   iterGMRES  resiGMRES      flagGMRES  feasible   n_active_  n_vmult           dRdW_form         dRdW_mult         dRdX_mult         d2R_mult          
  37    7.639459e-02   2.538785e-03   3.337768e-07   3.337768e-07   4.035626e-16   6.445431e-04   0.000000e+00   1.000000e+99   5          1          1          36         9.929285e-18   0          YES       7          132658            531               65772             8038              0                 
  iter  value          gnorm          cnorm          ecnorm         flowcnorm      identity       icnorm         snorm          #linesear  iterPDAS   flagPDAS   iterGMRES  resiGMRES      flagGMRES  feasible   n_active_  n_vmult           dRdW_form         dRdW_mult         dRdX_mult         d2R_mult          
  38    7.639437e-02   2.676678e-03   2.939656e-07   2.939656e-07   1.437465e-15   6.445431e-03   0.000000e+00   2.350777e-03   4          1          1          36         7.561843e-18   0          YES       7          137466            560               68257             8287              0                 
  iter  value          gnorm          cnorm          ecnorm         flowcnorm      identity       icnorm         snorm          #linesear  iterPDAS   flagPDAS   iterGMRES  resiGMRES      flagGMRES  feasible   n_active_  n_vmult           dRdW_form         dRdW_mult         dRdX_mult         d2R_mult          
  39    7.639437e-02   2.676678e-03   2.939640e-07   2.939640e-07   7.331344e-15   7.164603e-04   0.000000e+00   1.000000e+99   5          1          1          36         1.099202e-17   0          YES       7          143524            606               71652             8536              0                 
  iter  value          gnorm          cnorm          ecnorm         flowcnorm      identity       icnorm         snorm          #linesear  iterPDAS   flagPDAS   iterGMRES  resiGMRES      flagGMRES  feasible   n_active_  n_vmult           dRdW_form         dRdW_mult         dRdX_mult         d2R_mult          
  40    7.639130e-02   8.487541e-03   8.477128e-03   2.770455e-06   8.030291e-16   7.164603e-03   8.474357e-03   1.609849e-02   5          1          1          36         4.014640e-18   0          NO        9          149403            649               74928             8785              0                 
  iter  value          gnorm          cnorm          ecnorm         flowcnorm      identity       icnorm         snorm          #linesear  iterPDAS   flagPDAS   iterGMRES  resiGMRES      flagGMRES  feasible   n_active_  n_vmult           dRdW_form         dRdW_mult         dRdX_mult         d2R_mult          
  41    7.639313e-02   6.396108e-04   1.128015e-06   1.128015e-06   4.133025e-16   7.203836e-03   0.000000e+00   1.673642e-02   1          1          1          38         1.022864e-17   0          YES       8          152888            657               76426             9046              0                 
  iter  value          gnorm          cnorm          ecnorm         flowcnorm      identity       icnorm         snorm          #linesear  iterPDAS   flagPDAS   iterGMRES  resiGMRES      flagGMRES  feasible   n_active_  n_vmult           dRdW_form         dRdW_mult         dRdX_mult         d2R_mult          
  42    7.639302e-02   2.363367e-04   7.475114e-08   7.475114e-08   3.747483e-16   1.000000e-04   0.000000e+00   5.444622e-03   1          1          0          37         5.702494e-19   0          YES       8          156373            665               77966             9301              0                 
  iter  value          gnorm          cnorm          ecnorm         flowcnorm      identity       icnorm         snorm          #linesear  iterPDAS   flagPDAS   iterGMRES  resiGMRES      flagGMRES  feasible   n_active_  n_vmult           dRdW_form         dRdW_mult         dRdX_mult         d2R_mult          
  43    7.639295e-02   2.436328e-04   9.617205e-10   9.617205e-10   4.342986e-16   1.000000e-04   0.000000e+00   1.413609e-03   1          1          0          37         2.817637e-19   0          YES       8          159893            673               79541             9556              0                 
  iter  value          gnorm          cnorm          ecnorm         flowcnorm      identity       icnorm         snorm          #linesear  iterPDAS   flagPDAS   iterGMRES  resiGMRES      flagGMRES  feasible   n_active_  n_vmult           dRdW_form         dRdW_mult         dRdX_mult         d2R_mult          
  44    7.639264e-02   5.782891e-04   5.299414e-08   5.299414e-08   4.064438e-16   1.000000e-04   0.000000e+00   3.860478e-03   1          1          0          37         9.750660e-19   0          YES       8          163329            681               81032             9811              0                 
  iter  value          gnorm          cnorm          ecnorm         flowcnorm      identity       icnorm         snorm          #linesear  iterPDAS   flagPDAS   iterGMRES  resiGMRES      flagGMRES  feasible   n_active_  n_vmult           dRdW_form         dRdW_mult         dRdX_mult         d2R_mult          
  45    7.639228e-02   8.382410e-04   7.997402e-08   7.997402e-08   4.013542e-16   1.000000e-04   0.000000e+00   4.182586e-03   2          1          1          37         2.888927e-18   0          YES       8          167225            698               82803             10066             0                 
  iter  value          gnorm          cnorm          ecnorm         flowcnorm      identity       icnorm         snorm          #linesear  iterPDAS   flagPDAS   iterGMRES  resiGMRES      flagGMRES  feasible   n_active_  n_vmult           dRdW_form         dRdW_mult         dRdX_mult         d2R_mult          
  46    7.639228e-02   8.382410e-04   7.997405e-08   7.997405e-08   3.898191e-16   1.000000e-04   0.000000e+00   1.000000e+99   5          1          1          37         1.486539e-17   0          YES       8          173054            742               85967             10321             0                 
  iter  value          gnorm          cnorm          ecnorm         flowcnorm      identity       icnorm         snorm          #linesear  iterPDAS   flagPDAS   iterGMRES  resiGMRES      flagGMRES  feasible   n_active_  n_vmult           dRdW_form         dRdW_mult         dRdX_mult         d2R_mult          
  47    7.639040e-02   1.391699e-02   1.380364e-02   1.122861e-06   7.654472e-16   7.026479e-04   1.380251e-02   2.379304e-02   5          1          1          37         7.343476e-18   0          NO        10         179003            785               89271             10576             0                 
  iter  value          gnorm          cnorm          ecnorm         flowcnorm      identity       icnorm         snorm          #linesear  iterPDAS   flagPDAS   iterGMRES  resiGMRES      flagGMRES  feasible   n_active_  n_vmult           dRdW_form         dRdW_mult         dRdX_mult         d2R_mult          
  48    7.639217e-02   8.479160e-04   5.059535e-07   5.059535e-07   1.917690e-15   1.936827e-02   0.000000e+00   2.657691e-02   1          1          1          39         1.619555e-17   0          YES       8          182452            794               90671             10843             0                 
  iter  value          gnorm          cnorm          ecnorm         flowcnorm      identity       icnorm         snorm          #linesear  iterPDAS   flagPDAS   iterGMRES  resiGMRES      flagGMRES  feasible   n_active_  n_vmult           dRdW_form         dRdW_mult         dRdX_mult         d2R_mult          
  49    7.639203e-02   2.425202e-04   5.197497e-07   5.197497e-07   5.031584e-16   1.000000e-04   0.000000e+00   7.145041e-03   1          1          0          38         1.161412e-18   0          YES       8          185930            802               92162             11104             0                 
  iter  value          gnorm          cnorm          ecnorm         flowcnorm      identity       icnorm         snorm          #linesear  iterPDAS   flagPDAS   iterGMRES  resiGMRES      flagGMRES  feasible   n_active_  n_vmult           dRdW_form         dRdW_mult         dRdX_mult         d2R_mult          
  50    7.639199e-02   2.136756e-04   3.007322e-08   3.007322e-08   3.986256e-16   1.000000e-04   0.000000e+00   7.521054e-04   1          1          0          38         1.267758e-19   0          YES       8          189520            810               93765             11365             0                 
  iter  value          gnorm          cnorm          ecnorm         flowcnorm      identity       icnorm         snorm          #linesear  iterPDAS   flagPDAS   iterGMRES  resiGMRES      flagGMRES  feasible   n_active_  n_vmult           dRdW_form         dRdW_mult         dRdX_mult         d2R_mult          
  51    7.639175e-02   4.602118e-04   2.675823e-07   2.675823e-07   3.596324e-16   1.000000e-04   0.000000e+00   2.871598e-03   1          1          0          38         1.453083e-18   0          YES       8          193027            817               95305             11626             0                 
  iter  value          gnorm          cnorm          ecnorm         flowcnorm      identity       icnorm         snorm          #linesear  iterPDAS   flagPDAS   iterGMRES  resiGMRES      flagGMRES  feasible   n_active_  n_vmult           dRdW_form         dRdW_mult         dRdX_mult         d2R_mult          
  52    7.639175e-02   4.602118e-04   2.675820e-07   2.675820e-07   1.006247e-15   1.000000e-04   0.000000e+00   1.000000e+99   5          1          1          38         2.045589e-18   0          YES       8          199668            861               99239             11887             0                 
  iter  value          gnorm          cnorm          ecnorm         flowcnorm      identity       icnorm         snorm          #linesear  iterPDAS   flagPDAS   iterGMRES  resiGMRES      flagGMRES  feasible   n_active_  n_vmult           dRdW_form         dRdW_mult         dRdX_mult         d2R_mult          
  53    7.639141e-02   2.521392e-03   2.397058e-03   1.233796e-08   4.111182e-16   2.117949e-04   2.397046e-03   5.013836e-03   5          1          1          38         2.192122e-18   0          NO        9          206281            905               103145            12148             0                 
  iter  value          gnorm          cnorm          ecnorm         flowcnorm      identity       icnorm         snorm          #linesear  iterPDAS   flagPDAS   iterGMRES  resiGMRES      flagGMRES  feasible   n_active_  n_vmult           dRdW_form         dRdW_mult         dRdX_mult         d2R_mult          
  54    7.639151e-02   5.960516e-04   5.394719e-07   5.394719e-07   3.859867e-16   6.357418e-04   0.000000e+00   7.274278e-03   1          1          0          39         5.622508e-18   0          YES       9          209759            913               104594            12415             0                 
  iter  value          gnorm          cnorm          ecnorm         flowcnorm      identity       icnorm         snorm          #linesear  iterPDAS   flagPDAS   iterGMRES  resiGMRES      flagGMRES  feasible   n_active_  n_vmult           dRdW_form         dRdW_mult         dRdX_mult         d2R_mult          
  55    7.639147e-02   2.127088e-04   9.942129e-08   9.942129e-08   9.244489e-15   1.000000e-04   0.000000e+00   1.989147e-03   1          1          0          39         6.505588e-19   0          YES       9          213148            919               105994            12682             0                 
  iter  value          gnorm          cnorm          ecnorm         flowcnorm      identity       icnorm         snorm          #linesear  iterPDAS   flagPDAS   iterGMRES  resiGMRES      flagGMRES  feasible   n_active_  n_vmult           dRdW_form         dRdW_mult         dRdX_mult         d2R_mult          
  56    7.639146e-02   5.489387e-05   4.361126e-08   4.361126e-08   3.759770e-16   1.000000e-04   0.000000e+00   5.230236e-04   1          1          0          39         1.790717e-19   0          YES       9          216752            927               107569            12949             0                 
  iter  value          gnorm          cnorm          ecnorm         flowcnorm      identity       icnorm         snorm          #linesear  iterPDAS   flagPDAS   iterGMRES  resiGMRES      flagGMRES  feasible   n_active_  n_vmult           dRdW_form         dRdW_mult         dRdX_mult         d2R_mult          
  57    7.639146e-02   2.361711e-05   8.634603e-11   8.634603e-11   4.138557e-16   1.000000e-04   0.000000e+00   1.207873e-04   1          1          0          39         1.264655e-19   0          YES       9          220516            936               109284            13216             0                 
  iter  value          gnorm          cnorm          ecnorm         flowcnorm      identity       icnorm         snorm          #linesear  iterPDAS   flagPDAS   iterGMRES  resiGMRES      flagGMRES  feasible   n_active_  n_vmult           dRdW_form         dRdW_mult         dRdX_mult         d2R_mult          
  58    7.639146e-02   1.197320e-05   9.916293e-12   9.916293e-12   9.920923e-15   1.000000e-04   0.000000e+00   3.734807e-05   1          1          0          39         3.245020e-20   0          YES       9          224078            944               110817            13483             0                 
  iter  value          gnorm          cnorm          ecnorm         flowcnorm      identity       icnorm         snorm          #linesear  iterPDAS   flagPDAS   iterGMRES  resiGMRES      flagGMRES  feasible   n_active_  n_vmult           dRdW_form         dRdW_mult         dRdX_mult         d2R_mult          
  59    7.639146e-02   3.694660e-06   6.000126e-11   6.000126e-11   4.584580e-16   1.000000e-04   0.000000e+00   3.998264e-05   1          1          0          39         8.025009e-21   0          YES       9          227767            951               112497            13750             0                 
Optimization Terminated with Status: Converged
The process took 320.996 seconds to run.
Total n_vmult for algorithm 227767
