Starting optimization with 50 control variables...

Primal Dual Active Set Method

 Full-Space Newton Method
  iter  value          gnorm          cnorm          ecnorm         flowcnorm      flow_cfl       identity       icnorm         snorm          #linesear  iterPDAS   flagPDAS   iterGMRES  resiGMRES      flagGMRES  feasible   n_active_  n_vmult           dRdW_form         dRdW_mult         dRdX_mult         d2R_mult          
  0     9.645510e-02   2.527097e-01   
  iter  value          gnorm          cnorm          ecnorm         flowcnorm      flow_cfl       identity       icnorm         snorm          #linesear  iterPDAS   flagPDAS   iterGMRES  resiGMRES      flagGMRES  feasible   n_active_  n_vmult           dRdW_form         dRdW_mult         dRdX_mult         d2R_mult          
  1     8.712221e-02   2.150956e-01   1.369180e-04   1.369180e-04   3.636282e-10   1.278530e+11   6.386221e+00   0.000000e+00   9.319942e+00   1          1          1          96         6.121465e-11   0          YES       1          8070              12                2342              396               388               
  iter  value          gnorm          cnorm          ecnorm         flowcnorm      flow_cfl       identity       icnorm         snorm          #linesear  iterPDAS   flagPDAS   iterGMRES  resiGMRES      flagGMRES  feasible   n_active_  n_vmult           dRdW_form         dRdW_mult         dRdX_mult         d2R_mult          
  2     8.208148e-02   1.351013e-01   7.112843e-04   3.291078e-05   3.975181e-11   1.862016e+12   4.626610e+00   6.783735e-04   3.161537e+00   1          1          1          94         7.609636e-11   0          NO        2          15696             15                4532              784               768               
  iter  value          gnorm          cnorm          ecnorm         flowcnorm      flow_cfl       identity       icnorm         snorm          #linesear  iterPDAS   flagPDAS   iterGMRES  resiGMRES      flagGMRES  feasible   n_active_  n_vmult           dRdW_form         dRdW_mult         dRdX_mult         d2R_mult          
  3     7.766658e-02   8.089845e-02   7.342927e-05   7.342927e-05   3.548225e-11   3.483763e+12   1.825237e+00   0.000000e+00   8.903455e-01   1          1          0          87         7.963564e-11   0          YES       2          22818             18                6610              1144              1120              
  iter  value          gnorm          cnorm          ecnorm         flowcnorm      flow_cfl       identity       icnorm         snorm          #linesear  iterPDAS   flagPDAS   iterGMRES  resiGMRES      flagGMRES  feasible   n_active_  n_vmult           dRdW_form         dRdW_mult         dRdX_mult         d2R_mult          
  4     7.527131e-02   5.452887e-02   7.849784e-05   7.849784e-05   2.434899e-11   7.531693e+12   6.544559e-01   0.000000e+00   9.113027e-01   2          1          1          88         6.224249e-11   0          YES       1          30100             21                8792              1508              1476              
  iter  value          gnorm          cnorm          ecnorm         flowcnorm      flow_cfl       identity       icnorm         snorm          #linesear  iterPDAS   flagPDAS   iterGMRES  resiGMRES      flagGMRES  feasible   n_active_  n_vmult           dRdW_form         dRdW_mult         dRdX_mult         d2R_mult          
  5     7.488368e-02   4.840637e-02   2.887148e-03   7.488232e-05   2.294033e-11   9.005290e+12   2.973398e-01   2.812266e-03   6.708576e-01   5          1          1          92         7.744455e-11   0          NO        3          37581             24                10949             1888              1848              
  iter  value          gnorm          cnorm          ecnorm         flowcnorm      flow_cfl       identity       icnorm         snorm          #linesear  iterPDAS   flagPDAS   iterGMRES  resiGMRES      flagGMRES  feasible   n_active_  n_vmult           dRdW_form         dRdW_mult         dRdX_mult         d2R_mult          
  6     7.395532e-02   3.413977e-02   1.002514e-02   7.902446e-05   1.859273e-11   1.575419e+13   2.343177e-01   9.946114e-03   6.886005e-01   3          1          1          100        7.271809e-11   0          NO        6          45670             27                13266             2300              2252              
  iter  value          gnorm          cnorm          ecnorm         flowcnorm      flow_cfl       identity       icnorm         snorm          #linesear  iterPDAS   flagPDAS   iterGMRES  resiGMRES      flagGMRES  feasible   n_active_  n_vmult           dRdW_form         dRdW_mult         dRdX_mult         d2R_mult          
  7     7.340755e-02   2.664604e-02   1.217759e-02   7.432805e-05   1.498714e-11   2.504082e+13   1.165524e-01   1.210326e-02   2.673954e-01   3          1          1          114        7.816664e-11   0          NO        10         54823             30                15863             2768              2712              
  iter  value          gnorm          cnorm          ecnorm         flowcnorm      flow_cfl       identity       icnorm         snorm          #linesear  iterPDAS   flagPDAS   iterGMRES  resiGMRES      flagGMRES  feasible   n_active_  n_vmult           dRdW_form         dRdW_mult         dRdX_mult         d2R_mult          
  8     7.331417e-02   1.906611e-02   1.707649e-02   3.593219e-05   8.215218e-12   6.384382e+13   7.100116e-02   1.704056e-02   6.290855e-01   2          1          1          121        9.858220e-11   0          NO        12         64501             33                18593             3264              3200              
  iter  value          gnorm          cnorm          ecnorm         flowcnorm      flow_cfl       identity       icnorm         snorm          #linesear  iterPDAS   flagPDAS   iterGMRES  resiGMRES      flagGMRES  feasible   n_active_  n_vmult           dRdW_form         dRdW_mult         dRdX_mult         d2R_mult          
  9     7.342707e-02   2.257842e-02   2.248121e-02   5.561070e-06   6.295002e-13   7.035753e+14   3.635165e-02   2.247565e-02   1.694471e-01   1          1          1          128        9.396297e-11   0          NO        14         74753             36                21505             3788              3716              
  iter  value          gnorm          cnorm          ecnorm         flowcnorm      flow_cfl       identity       icnorm         snorm          #linesear  iterPDAS   flagPDAS   iterGMRES  resiGMRES      flagGMRES  feasible   n_active_  n_vmult           dRdW_form         dRdW_mult         dRdX_mult         d2R_mult          
  10    7.342428e-02   1.823522e-03   4.407910e-07   4.407910e-07   4.719250e-14   1.162027e+17   5.097850e-02   0.000000e+00   7.604862e-02   1          1          0          119        6.885441e-11   0          YES       13         84286             39                24202             4276              4196              
  iter  value          gnorm          cnorm          ecnorm         flowcnorm      flow_cfl       identity       icnorm         snorm          #linesear  iterPDAS   flagPDAS   iterGMRES  resiGMRES      flagGMRES  feasible   n_active_  n_vmult           dRdW_form         dRdW_mult         dRdX_mult         d2R_mult          
  11    7.337356e-02   3.539672e-02   3.428812e-02   7.128512e-07   8.040038e-14   3.513814e+15   3.325231e-04   3.428741e-02   2.626997e-01   5          1          1          156        8.575673e-11   0          NO        17         96617             42                27625             4912              4824              
  iter  value          gnorm          cnorm          ecnorm         flowcnorm      flow_cfl       identity       icnorm         snorm          #linesear  iterPDAS   flagPDAS   iterGMRES  resiGMRES      flagGMRES  feasible   n_active_  n_vmult           dRdW_form         dRdW_mult         dRdX_mult         d2R_mult          
  12    7.341197e-02   5.255615e-03   1.836521e-06   1.836521e-06   9.710396e-14   1.959474e+16   1.252928e-01   0.000000e+00   2.639839e-01   1          1          1          114        9.306051e-11   0          YES       15         105763            45                30215             5380              5284              
  iter  value          gnorm          cnorm          ecnorm         flowcnorm      flow_cfl       identity       icnorm         snorm          #linesear  iterPDAS   flagPDAS   iterGMRES  resiGMRES      flagGMRES  feasible   n_active_  n_vmult           dRdW_form         dRdW_mult         dRdX_mult         d2R_mult          
  13    7.339681e-02   1.299800e-03   1.302784e-06   1.302784e-06   7.413659e-14   1.037746e+17   2.762149e-03   0.000000e+00   9.974615e-02   2          1          1          136        5.802481e-11   0          YES       15         116602            48                33266             5936              5832              
  iter  value          gnorm          cnorm          ecnorm         flowcnorm      flow_cfl       identity       icnorm         snorm          #linesear  iterPDAS   flagPDAS   iterGMRES  resiGMRES      flagGMRES  feasible   n_active_  n_vmult           dRdW_form         dRdW_mult         dRdX_mult         d2R_mult          
  14    7.338726e-02   4.868156e-03   4.402944e-03   1.217273e-06   6.991986e-14   2.937887e+16   1.689479e-04   4.401727e-03   1.064067e-01   5          1          1          159        5.035583e-11   0          NO        17         129182            51                36770             6584              6472              
  iter  value          gnorm          cnorm          ecnorm         flowcnorm      flow_cfl       identity       icnorm         snorm          #linesear  iterPDAS   flagPDAS   iterGMRES  resiGMRES      flagGMRES  feasible   n_active_  n_vmult           dRdW_form         dRdW_mult         dRdX_mult         d2R_mult          
  15    7.338300e-02   4.851386e-03   4.812982e-03   7.019188e-07   4.228401e-14   4.874813e+16   2.369894e-03   4.812280e-03   8.271208e-02   2          1          1          131        7.709745e-11   0          NO        18         139627            54                39707             7120              7000              
  iter  value          gnorm          cnorm          ecnorm         flowcnorm      flow_cfl       identity       icnorm         snorm          #linesear  iterPDAS   flagPDAS   iterGMRES  resiGMRES      flagGMRES  feasible   n_active_  n_vmult           dRdW_form         dRdW_mult         dRdX_mult         d2R_mult          
  16    7.338212e-02   4.773922e-03   4.755182e-03   5.308233e-07   3.204309e-14   6.537177e+16   2.353595e-03   4.754651e-03   1.208161e-02   3          1          1          144        8.112752e-11   0          NO        19         151060            57                42904             7708              7580              
  iter  value          gnorm          cnorm          ecnorm         flowcnorm      flow_cfl       identity       icnorm         snorm          #linesear  iterPDAS   flagPDAS   iterGMRES  resiGMRES      flagGMRES  feasible   n_active_  n_vmult           dRdW_form         dRdW_mult         dRdX_mult         d2R_mult          
  17    7.338118e-02   1.826900e-03   1.826393e-03   4.580213e-08   4.259206e-15   1.285159e+18   2.279034e-03   1.826347e-03   2.080724e-02   1          1          1          136        6.311313e-11   0          NO        19         161878            60                45934             8264              8128              
  iter  value          gnorm          cnorm          ecnorm         flowcnorm      flow_cfl       identity       icnorm         snorm          #linesear  iterPDAS   flagPDAS   iterGMRES  resiGMRES      flagGMRES  feasible   n_active_  n_vmult           dRdW_form         dRdW_mult         dRdX_mult         d2R_mult          
  18    7.338059e-02   1.599675e-03   1.598094e-03   4.002725e-08   3.732831e-15   1.674672e+18   3.337562e-04   1.598054e-03   1.910583e-02   4          1          1          155        6.991496e-11   0          NO        19         174147            63                49351             8896              8752              
  iter  value          gnorm          cnorm          ecnorm         flowcnorm      flow_cfl       identity       icnorm         snorm          #linesear  iterPDAS   flagPDAS   iterGMRES  resiGMRES      flagGMRES  feasible   n_active_  n_vmult           dRdW_form         dRdW_mult         dRdX_mult         d2R_mult          
  19    7.338022e-02   1.832120e-03   1.829863e-03   3.750544e-08   3.494313e-15   1.562011e+18   2.558961e-04   1.829826e-03   1.143896e-02   5          1          1          156        6.000203e-11   0          NO        20         186492            66                52788             9532              9380              
  iter  value          gnorm          cnorm          ecnorm         flowcnorm      flow_cfl       identity       icnorm         snorm          #linesear  iterPDAS   flagPDAS   iterGMRES  resiGMRES      flagGMRES  feasible   n_active_  n_vmult           dRdW_form         dRdW_mult         dRdX_mult         d2R_mult          
  20    7.337998e-02   1.841485e-03   1.840802e-03   3.283073e-08   3.080226e-15   1.762988e+18   3.356665e-04   1.840769e-03   1.587822e-02   4          1          1          143        7.259483e-11   0          NO        21         197842            69                55958             10116             9956              
  iter  value          gnorm          cnorm          ecnorm         flowcnorm      flow_cfl       identity       icnorm         snorm          #linesear  iterPDAS   flagPDAS   iterGMRES  resiGMRES      flagGMRES  feasible   n_active_  n_vmult           dRdW_form         dRdW_mult         dRdX_mult         d2R_mult          
  21    7.337909e-02   6.503321e-05   6.256851e-05   1.738082e-11   6.375117e-16   2.411997e+20   3.391065e-04   6.256849e-05   5.265890e-02   1          1          1          144        5.196348e-11   0          NO        20         209275            72                59155             10704             10536             
  iter  value          gnorm          cnorm          ecnorm         flowcnorm      flow_cfl       identity       icnorm         snorm          #linesear  iterPDAS   flagPDAS   iterGMRES  resiGMRES      flagGMRES  feasible   n_active_  n_vmult           dRdW_form         dRdW_mult         dRdX_mult         d2R_mult          
  22    7.337891e-02   1.823881e-03   1.823462e-03   1.208269e-11   6.986509e-16   7.847717e+18   1.000000e-04   1.823462e-03   1.145371e-02   5          1          1          141        6.682511e-11   0          NO        22         220452            75                62264             11280             11104             
  iter  value          gnorm          cnorm          ecnorm         flowcnorm      flow_cfl       identity       icnorm         snorm          #linesear  iterPDAS   flagPDAS   iterGMRES  resiGMRES      flagGMRES  feasible   n_active_  n_vmult           dRdW_form         dRdW_mult         dRdX_mult         d2R_mult          
  23    7.337884e-02   1.595617e-03   1.595529e-03   9.928116e-12   5.637443e-16   1.111704e+19   3.326541e-04   1.595529e-03   5.725891e-03   4          1          1          143        7.662886e-11   0          NO        22         231816            78                65448             11864             11680             
  iter  value          gnorm          cnorm          ecnorm         flowcnorm      flow_cfl       identity       icnorm         snorm          #linesear  iterPDAS   flagPDAS   iterGMRES  resiGMRES      flagGMRES  feasible   n_active_  n_vmult           dRdW_form         dRdW_mult         dRdX_mult         d2R_mult          
  24    7.337880e-02   2.480811e-03   2.480744e-03   9.156858e-12   5.325826e-16   7.568668e+18   2.545993e-04   2.480744e-03   3.370378e-03   5          1          1          144        5.607707e-11   0          NO        23         243249            81                68645             12452             12260             
  iter  value          gnorm          cnorm          ecnorm         flowcnorm      flow_cfl       identity       icnorm         snorm          #linesear  iterPDAS   flagPDAS   iterGMRES  resiGMRES      flagGMRES  feasible   n_active_  n_vmult           dRdW_form         dRdW_mult         dRdX_mult         d2R_mult          
  25    7.337871e-02   6.698510e-04   6.697863e-04   1.003415e-11   8.921300e-16   1.673376e+19   6.154421e-04   6.697863e-04   1.532948e-02   1          1          1          140        8.206810e-11   0          NO        22         254392            84                71776             13024             12824             
  iter  value          gnorm          cnorm          ecnorm         flowcnorm      flow_cfl       identity       icnorm         snorm          #linesear  iterPDAS   flagPDAS   iterGMRES  resiGMRES      flagGMRES  feasible   n_active_  n_vmult           dRdW_form         dRdW_mult         dRdX_mult         d2R_mult          
  26    7.337866e-02   6.280141e-04   6.279246e-04   9.092813e-12   9.560107e-16   1.665589e+19   1.000000e-04   6.279246e-04   5.674335e-03   5          1          1          149        5.163072e-11   0          NO        22         266212            87                75080             13632             13424             
  iter  value          gnorm          cnorm          ecnorm         flowcnorm      flow_cfl       identity       icnorm         snorm          #linesear  iterPDAS   flagPDAS   iterGMRES  resiGMRES      flagGMRES  feasible   n_active_  n_vmult           dRdW_form         dRdW_mult         dRdX_mult         d2R_mult          
  27    7.337861e-02   2.080396e-03   2.080369e-03   8.036019e-12   9.036391e-16   5.319356e+18   1.000000e-04   2.080369e-03   5.414541e-03   5          1          1          148        9.317687e-11   0          NO        23         277956            90                78364             14236             14020             
  iter  value          gnorm          cnorm          ecnorm         flowcnorm      flow_cfl       identity       icnorm         snorm          #linesear  iterPDAS   flagPDAS   iterGMRES  resiGMRES      flagGMRES  feasible   n_active_  n_vmult           dRdW_form         dRdW_mult         dRdX_mult         d2R_mult          
  28    7.337852e-02   7.077098e-06   1.694165e-12   1.694165e-12   8.403433e-16   1.681466e+21   4.328046e-04   0.000000e+00   1.652601e-02   1          1          0          146        6.758364e-11   0          YES       23         289541            93                81601             14832             14608             
Optimization Terminated with Status: Converged
The process took 142.115 seconds to run.
Total n_vmult for algorithm 289541
