Starting optimization with 40 control variables...

Primal Dual Active Set Method

 Full-Space Newton Method
  iter  value          gnorm          cnorm          ecnorm         flowcnorm      flow_cfl       identity       icnorm         snorm          #linesear  iterPDAS   flagPDAS   iterGMRES  resiGMRES      flagGMRES  feasible   n_active_  n_vmult           dRdW_form         dRdW_mult         dRdX_mult         d2R_mult          
  0     3.709617e-02   2.491775e-01   
  iter  value          gnorm          cnorm          ecnorm         flowcnorm      flow_cfl       identity       icnorm         snorm          #linesear  iterPDAS   flagPDAS   iterGMRES  resiGMRES      flagGMRES  feasible   n_active_  n_vmult           dRdW_form         dRdW_mult         dRdX_mult         d2R_mult          
  1     2.602384e-02   2.021648e-01   1.130749e-03   1.130749e-03   6.384453e-09   7.747663e+09   6.208944e+00   0.000000e+00   1.825083e+01   1          1          0          134        6.328751e-11   0          YES       2          12690             18                3634              548               540               
  iter  value          gnorm          cnorm          ecnorm         flowcnorm      flow_cfl       identity       icnorm         snorm          #linesear  iterPDAS   flagPDAS   iterGMRES  resiGMRES      flagGMRES  feasible   n_active_  n_vmult           dRdW_form         dRdW_mult         dRdX_mult         d2R_mult          
  2     2.250234e-02   9.128491e-02   3.446747e-04   3.446747e-04   7.634631e-11   1.434871e+12   4.087061e+00   0.000000e+00   6.986639e+00   1          1          0          138        9.466712e-11   0          YES       2          24078             21                6942              1112              1096              
  iter  value          gnorm          cnorm          ecnorm         flowcnorm      flow_cfl       identity       icnorm         snorm          #linesear  iterPDAS   flagPDAS   iterGMRES  resiGMRES      flagGMRES  feasible   n_active_  n_vmult           dRdW_form         dRdW_mult         dRdX_mult         d2R_mult          
  3     1.902677e-02   4.399299e-02   3.854764e-04   3.854764e-04   3.000494e-10   7.575717e+11   8.332935e-01   0.000000e+00   4.025961e+00   1          1          0          134        8.800057e-11   0          YES       2          35169             24                10177             1660              1636              
  iter  value          gnorm          cnorm          ecnorm         flowcnorm      flow_cfl       identity       icnorm         snorm          #linesear  iterPDAS   flagPDAS   iterGMRES  resiGMRES      flagGMRES  feasible   n_active_  n_vmult           dRdW_form         dRdW_mult         dRdX_mult         d2R_mult          
  4     1.728710e-02   4.010817e-02   5.988058e-03   2.092244e-04   1.999361e-10   1.247027e+12   1.935383e-01   5.778833e-03   2.662603e+00   2          1          1          149        8.099278e-11   0          NO        4          47652             27                13964             2268              2236              
  iter  value          gnorm          cnorm          ecnorm         flowcnorm      flow_cfl       identity       icnorm         snorm          #linesear  iterPDAS   flagPDAS   iterGMRES  resiGMRES      flagGMRES  feasible   n_active_  n_vmult           dRdW_form         dRdW_mult         dRdX_mult         d2R_mult          
  5     1.694231e-02   3.549985e-02   5.541728e-03   1.447932e-04   1.508762e-10   1.867036e+12   1.608665e-01   5.396934e-03   1.736653e+00   3          1          1          156        8.502941e-11   0          NO        6          60422             30                17646             2904              2864              
  iter  value          gnorm          cnorm          ecnorm         flowcnorm      flow_cfl       identity       icnorm         snorm          #linesear  iterPDAS   flagPDAS   iterGMRES  resiGMRES      flagGMRES  feasible   n_active_  n_vmult           dRdW_form         dRdW_mult         dRdX_mult         d2R_mult          
  6     1.669906e-02   2.672573e-02   1.844737e-02   5.306749e-05   7.547130e-11   4.957795e+12   1.260239e-01   1.839430e-02   1.217413e+00   2          1          1          159        9.787642e-11   0          NO        8          73434             33                21402             3552              3504              
  iter  value          gnorm          cnorm          ecnorm         flowcnorm      flow_cfl       identity       icnorm         snorm          #linesear  iterPDAS   flagPDAS   iterGMRES  resiGMRES      flagGMRES  feasible   n_active_  n_vmult           dRdW_form         dRdW_mult         dRdX_mult         d2R_mult          
  7     1.664679e-02   2.472364e-02   2.454149e-02   1.809360e-05   5.081326e-13   7.959955e+14   7.142647e-02   2.452340e-02   5.320121e-01   1          1          1          168        8.542415e-11   0          NO        8          87144             36                25352             4236              4180              
  iter  value          gnorm          cnorm          ecnorm         flowcnorm      flow_cfl       identity       icnorm         snorm          #linesear  iterPDAS   flagPDAS   iterGMRES  resiGMRES      flagGMRES  feasible   n_active_  n_vmult           dRdW_form         dRdW_mult         dRdX_mult         d2R_mult          
  8     1.668148e-02   6.811224e-03   6.432081e-03   3.681783e-06   7.604087e-14   1.930758e+16   6.112583e-02   6.428399e-03   2.277766e-01   1          1          1          169        9.014540e-11   0          NO        9          100916            39                29308             4924              4860              
  iter  value          gnorm          cnorm          ecnorm         flowcnorm      flow_cfl       identity       icnorm         snorm          #linesear  iterPDAS   flagPDAS   iterGMRES  resiGMRES      flagGMRES  feasible   n_active_  n_vmult           dRdW_form         dRdW_mult         dRdX_mult         d2R_mult          
  9     1.665760e-02   9.905882e-03   6.030058e-03   3.433560e-06   6.529525e-14   1.546056e+16   4.639277e-03   6.026624e-03   4.096888e-01   5          1          1          202        8.189711e-11   0          NO        9          117196            42                33924             5744              5672              
  iter  value          gnorm          cnorm          ecnorm         flowcnorm      flow_cfl       identity       icnorm         snorm          #linesear  iterPDAS   flagPDAS   iterGMRES  resiGMRES      flagGMRES  feasible   n_active_  n_vmult           dRdW_form         dRdW_mult         dRdX_mult         d2R_mult          
  10    1.664568e-02   8.652644e-03   7.600589e-03   3.212761e-06   6.674936e-14   1.731427e+16   9.812650e-03   7.597376e-03   1.753597e-01   5          1          1          189        8.798063e-11   0          NO        10         132481            45                38273             6512              6432              
  iter  value          gnorm          cnorm          ecnorm         flowcnorm      flow_cfl       identity       icnorm         snorm          #linesear  iterPDAS   flagPDAS   iterGMRES  resiGMRES      flagGMRES  feasible   n_active_  n_vmult           dRdW_form         dRdW_mult         dRdX_mult         d2R_mult          
  11    1.662477e-02   6.291802e-03   5.700288e-03   2.255721e-06   6.283030e-14   2.529623e+16   7.486824e-03   5.698032e-03   2.159169e-01   3          1          1          191        6.512593e-11   0          NO        10         147918            48                42662             7288              7200              
  iter  value          gnorm          cnorm          ecnorm         flowcnorm      flow_cfl       identity       icnorm         snorm          #linesear  iterPDAS   flagPDAS   iterGMRES  resiGMRES      flagGMRES  feasible   n_active_  n_vmult           dRdW_form         dRdW_mult         dRdX_mult         d2R_mult          
  12    1.661501e-02   8.000729e-03   6.431080e-03   2.096334e-06   6.647869e-14   1.880130e+16   3.958678e-03   6.428983e-03   1.237618e-01   5          1          1          204        8.128354e-11   0          NO        11         164350            51                47318             8116              8020              
  iter  value          gnorm          cnorm          ecnorm         flowcnorm      flow_cfl       identity       icnorm         snorm          #linesear  iterPDAS   flagPDAS   iterGMRES  resiGMRES      flagGMRES  feasible   n_active_  n_vmult           dRdW_form         dRdW_mult         dRdX_mult         d2R_mult          
  13    1.660558e-02   7.152010e-03   6.990237e-03   1.526537e-06   6.984403e-14   2.001901e+16   6.401166e-03   6.988711e-03   2.017171e-01   3          1          1          193        7.216674e-11   0          NO        12         179953            54                51761             8900              8796              
  iter  value          gnorm          cnorm          ecnorm         flowcnorm      flow_cfl       identity       icnorm         snorm          #linesear  iterPDAS   flagPDAS   iterGMRES  resiGMRES      flagGMRES  feasible   n_active_  n_vmult           dRdW_form         dRdW_mult         dRdX_mult         d2R_mult          
  14    1.658853e-02   1.148552e-02   1.145615e-02   6.302815e-07   6.879944e-14   1.265506e+16   5.115124e-03   1.145551e-02   5.970631e-02   2          1          1          196        8.411824e-11   0          NO        15         195770            57                56250             9696              9584              
  iter  value          gnorm          cnorm          ecnorm         flowcnorm      flow_cfl       identity       icnorm         snorm          #linesear  iterPDAS   flagPDAS   iterGMRES  resiGMRES      flagGMRES  feasible   n_active_  n_vmult           dRdW_form         dRdW_mult         dRdX_mult         d2R_mult          
  15    1.658630e-02   3.195174e-04   2.636165e-08   2.636165e-08   5.698502e-14   5.492180e+17   1.319173e-02   0.000000e+00   5.416850e-02   1          1          0          189        8.664635e-11   0          YES       12         211069            60                60613             10464             10344             
  iter  value          gnorm          cnorm          ecnorm         flowcnorm      flow_cfl       identity       icnorm         snorm          #linesear  iterPDAS   flagPDAS   iterGMRES  resiGMRES      flagGMRES  feasible   n_active_  n_vmult           dRdW_form         dRdW_mult         dRdX_mult         d2R_mult          
  16    1.656149e-02   5.854672e-02   5.786251e-02   7.835792e-08   4.200785e-14   4.065996e+15   1.000000e-04   5.786243e-02   4.883619e-01   5          1          1          232        5.605429e-11   0          NO        19         229629            63                65829             11404             11276             
  iter  value          gnorm          cnorm          ecnorm         flowcnorm      flow_cfl       identity       icnorm         snorm          #linesear  iterPDAS   flagPDAS   iterGMRES  resiGMRES      flagGMRES  feasible   n_active_  n_vmult           dRdW_form         dRdW_mult         dRdX_mult         d2R_mult          
  17    1.684212e-02   6.810960e-02   2.685890e-02   2.365719e-04   3.264795e-12   4.497134e+13   3.427719e-01   2.662233e-02   2.582370e+00   1          1          1          172        6.641116e-11   0          NO        16         243608            66                69824             12104             11968             
  iter  value          gnorm          cnorm          ecnorm         flowcnorm      flow_cfl       identity       icnorm         snorm          #linesear  iterPDAS   flagPDAS   iterGMRES  resiGMRES      flagGMRES  feasible   n_active_  n_vmult           dRdW_form         dRdW_mult         dRdX_mult         d2R_mult          
  18    1.662679e-02   1.905146e-02   1.165218e-03   9.218451e-05   1.748340e-12   3.002244e+14   4.638917e-01   1.073034e-03   2.387707e+00   1          1          1          172        7.386745e-11   0          NO        14         257601            69                73833             12804             12660             
  iter  value          gnorm          cnorm          ecnorm         flowcnorm      flow_cfl       identity       icnorm         snorm          #linesear  iterPDAS   flagPDAS   iterGMRES  resiGMRES      flagGMRES  feasible   n_active_  n_vmult           dRdW_form         dRdW_mult         dRdX_mult         d2R_mult          
  19    1.659582e-02   3.999017e-02   3.545123e-03   8.693977e-05   1.682853e-12   1.485938e+14   3.629580e-02   3.458183e-03   1.464575e+00   5          1          1          193        8.751400e-11   0          NO        16         273162            72                78234             13588             13436             
  iter  value          gnorm          cnorm          ecnorm         flowcnorm      flow_cfl       identity       icnorm         snorm          #linesear  iterPDAS   flagPDAS   iterGMRES  resiGMRES      flagGMRES  feasible   n_active_  n_vmult           dRdW_form         dRdW_mult         dRdX_mult         d2R_mult          
  20    1.646388e-02   3.316128e-03   7.971213e-04   4.364289e-05   1.941366e-12   1.553321e+15   1.599213e-01   7.534784e-04   1.015028e+00   1          1          1          176        8.343989e-11   0          NO        16         287431            75                82295             14304             14144             
  iter  value          gnorm          cnorm          ecnorm         flowcnorm      flow_cfl       identity       icnorm         snorm          #linesear  iterPDAS   flagPDAS   iterGMRES  resiGMRES      flagGMRES  feasible   n_active_  n_vmult           dRdW_form         dRdW_mult         dRdX_mult         d2R_mult          
  21    1.646715e-02   3.180749e-03   8.074024e-04   4.092523e-05   1.835089e-12   1.713221e+15   1.099670e-03   7.664772e-04   2.168476e-01   5          1          1          220        8.778300e-11   0          NO        17         305072            78                87264             15196             15028             
  iter  value          gnorm          cnorm          ecnorm         flowcnorm      flow_cfl       identity       icnorm         snorm          #linesear  iterPDAS   flagPDAS   iterGMRES  resiGMRES      flagGMRES  feasible   n_active_  n_vmult           dRdW_form         dRdW_mult         dRdX_mult         d2R_mult          
  22    1.646996e-02   8.690457e-03   8.228644e-03   3.837651e-05   1.734680e-12   6.633429e+14   1.011716e-03   8.190267e-03   2.261306e-02   5          1          1          219        7.765441e-11   0          NO        19         322623            81                92199             16084             15908             
  iter  value          gnorm          cnorm          ecnorm         flowcnorm      flow_cfl       identity       icnorm         snorm          #linesear  iterPDAS   flagPDAS   iterGMRES  resiGMRES      flagGMRES  feasible   n_active_  n_vmult           dRdW_form         dRdW_mult         dRdX_mult         d2R_mult          
  23    1.655929e-02   7.255916e-04   6.269322e-04   1.850055e-06   5.618493e-13   2.452946e+16   7.552405e-03   6.250822e-04   1.188441e-01   1          1          1          197        9.384673e-11   0          NO        19         338502            84                96694             16884             16700             
  iter  value          gnorm          cnorm          ecnorm         flowcnorm      flow_cfl       identity       icnorm         snorm          #linesear  iterPDAS   flagPDAS   iterGMRES  resiGMRES      flagGMRES  feasible   n_active_  n_vmult           dRdW_form         dRdW_mult         dRdX_mult         d2R_mult          
  24    1.655936e-02   3.877191e-03   3.634770e-03   1.733581e-06   5.256114e-13   4.907022e+15   1.000000e-04   3.633036e-03   7.521678e-02   5          1          1          219        9.483562e-11   0          NO        21         356060            87                101636            17772             17580             
  iter  value          gnorm          cnorm          ecnorm         flowcnorm      flow_cfl       identity       icnorm         snorm          #linesear  iterPDAS   flagPDAS   iterGMRES  resiGMRES      flagGMRES  feasible   n_active_  n_vmult           dRdW_form         dRdW_mult         dRdX_mult         d2R_mult          
  25    1.657373e-02   1.375412e-03   1.371961e-03   2.589866e-07   8.920989e-14   8.149933e+16   1.503261e-03   1.371702e-03   7.146170e-02   1          1          1          211        6.745860e-11   0          NO        22         373010            90                106418            18628             18428             
  iter  value          gnorm          cnorm          ecnorm         flowcnorm      flow_cfl       identity       icnorm         snorm          #linesear  iterPDAS   flagPDAS   iterGMRES  resiGMRES      flagGMRES  feasible   n_active_  n_vmult           dRdW_form         dRdW_mult         dRdX_mult         d2R_mult          
  26    1.657325e-02   5.859057e-03   5.849585e-03   2.428651e-07   8.190286e-14   2.083882e+16   1.891759e-04   5.849342e-03   2.242262e-02   5          1          1          214        9.868933e-11   0          NO        23         390181            93                111253            19496             19288             
  iter  value          gnorm          cnorm          ecnorm         flowcnorm      flow_cfl       identity       icnorm         snorm          #linesear  iterPDAS   flagPDAS   iterGMRES  resiGMRES      flagGMRES  feasible   n_active_  n_vmult           dRdW_form         dRdW_mult         dRdX_mult         d2R_mult          
  27    1.657006e-02   4.030513e-05   6.510390e-09   6.510390e-09   2.772090e-14   8.950191e+18   3.432855e-03   0.000000e+00   2.021794e-02   1          1          0          192        6.575001e-11   0          YES       22         405687            96                115655            20276             20060             
  iter  value          gnorm          cnorm          ecnorm         flowcnorm      flow_cfl       identity       icnorm         snorm          #linesear  iterPDAS   flagPDAS   iterGMRES  resiGMRES      flagGMRES  feasible   n_active_  n_vmult           dRdW_form         dRdW_mult         dRdX_mult         d2R_mult          
  28    1.657009e-02   4.044189e-04   4.088519e-09   4.088519e-09   2.509305e-14   9.854058e+17   1.000000e-04   0.000000e+00   2.964510e-02   4          1          1          195        7.533025e-11   0          YES       22         421414            99                120110            21068             20844             
  iter  value          gnorm          cnorm          ecnorm         flowcnorm      flow_cfl       identity       icnorm         snorm          #linesear  iterPDAS   flagPDAS   iterGMRES  resiGMRES      flagGMRES  feasible   n_active_  n_vmult           dRdW_form         dRdW_mult         dRdX_mult         d2R_mult          
  29    1.657011e-02   3.878831e-04   3.525141e-09   3.525141e-09   2.390623e-14   1.078420e+18   1.000000e-04   0.000000e+00   5.684791e-03   5          1          1          199        9.659480e-11   0          YES       22         437452            102               124652            21876             21644             
  iter  value          gnorm          cnorm          ecnorm         flowcnorm      flow_cfl       identity       icnorm         snorm          #linesear  iterPDAS   flagPDAS   iterGMRES  resiGMRES      flagGMRES  feasible   n_active_  n_vmult           dRdW_form         dRdW_mult         dRdX_mult         d2R_mult          
  30    1.657012e-02   7.724096e-04   6.791317e-04   3.035420e-09   2.278054e-14   5.683139e+17   1.000000e-04   6.791287e-04   5.423291e-03   5          1          1          199        9.287193e-11   0          NO        23         453504            105               129208            22684             22444             
  iter  value          gnorm          cnorm          ecnorm         flowcnorm      flow_cfl       identity       icnorm         snorm          #linesear  iterPDAS   flagPDAS   iterGMRES  resiGMRES      flagGMRES  feasible   n_active_  n_vmult           dRdW_form         dRdW_mult         dRdX_mult         d2R_mult          
  31    1.657097e-02   6.185987e-06   6.533039e-08   6.533039e-08   5.431144e-15   2.976458e+20   1.000000e-04   0.000000e+00   1.465502e-02   1          1          0          179        9.011849e-11   0          YES       22         468029            108               133357            23412             23164             
Optimization Terminated with Status: Converged
The process took 386.268 seconds to run.
Total n_vmult for algorithm 468029
