Starting optimization with 80...
Optimizing FFD points to obtain target Gaussian bump...

Quasi-Newton Method with Limited-Memory BFGS
Line Search: Backtracking satisfying Null Curvature Condition
  iter  value          gnorm          snorm          #fval     #grad     ls_#fval  ls_#grad  n_vmult   
  0     1.446428e-03   6.352675e-03   
  1     1.406384e-03   6.254364e-03   6.352675e-03   2         2         1         0         151368    
  2     6.856788e-05   2.489211e-03   4.153281e-01   3         3         1         0         153432    
  3     2.729088e-05   5.585405e-04   4.603508e-02   6         4         3         0         158818    
  4     2.100161e-05   3.667594e-04   2.323264e-02   7         5         1         0         160622    
  5     1.438893e-05   2.606870e-04   2.512531e-02   8         6         1         0         162519    
  6     5.964911e-06   1.969180e-04   5.929862e-02   9         7         1         0         164347    
  7     4.834915e-06   3.538557e-04   2.852178e-02   10        8         1         0         166229    
  8     3.334446e-06   1.036696e-04   1.353979e-02   11        9         1         0         168150    
  9     2.845215e-06   8.077508e-05   8.370607e-03   12        10        1         0         169502    
  10    2.331482e-06   8.669978e-05   1.526193e-02   13        11        1         0         171444    
  11    1.904543e-06   5.951468e-05   1.500784e-02   14        12        1         0         173440    
  12    1.616264e-06   3.877427e-05   1.834950e-02   15        13        1         0         175388    
  13    1.497911e-06   3.096730e-05   6.970753e-03   16        14        1         0         176731    
  14    1.388980e-06   2.254254e-05   9.013984e-03   17        15        1         0         178092    
  15    1.306203e-06   1.386735e-05   9.806348e-03   18        16        1         0         179480    
  16    1.264424e-06   1.653201e-05   9.270105e-03   19        17        1         0         180862    
  17    1.235893e-06   1.317149e-05   7.279871e-03   20        18        1         0         182277    
  18    1.216012e-06   1.059945e-05   3.059884e-03   21        19        1         0         183731    
  19    1.176188e-06   6.497814e-06   1.172438e-02   22        20        1         0         185176    
Optimization Terminated with Status: Converged
 Done target optimization...
 Resetting problem to initial conditions and target previous FFD points 
 and aim for machine precision functional value....
The process took 19.3919 seconds to run.
Starting optimization with 80...

Newton-Krylov using GMRES with Limited-Memory BFGS preconditioning
Line Search: Backtracking satisfying Null Curvature Condition
-------------------------------------------------------------------------------------------------------------
Newton-Krylov status output definitions

  iter     - Number of iterates (steps taken) 
  value    - Objective function value 
  gnorm    - Norm of the gradient
  snorm    - Norm of the step (update to optimization vector)
  #fval    - Cumulative number of times the objective function was evaluated
  #grad    - Number of times the gradient was computed
  iterCG   - Number of Krylov iterations used to compute search direction
  flagCG   - Krylov solver flag
-------------------------------------------------------------------------------------------------------------
  iter  value          gnorm          snorm          #fval     #grad     iterCG    flagCG    ls_#fval  ls_#grad  n_vmult   
  0     1.445419e-03   6.351865e-03   
  1     1.504321e-05   5.801320e-04   1.533223e+01   2         2         35        0         1         0         27339     
  2     3.199294e-09   8.387161e-06   1.516841e+01   3         3         33        0         1         0         50968     
  3     2.184878e-14   2.228061e-09   1.526898e-01   4         4         35        0         1         0         75402     
  4     1.022188e-19   1.235039e-12   1.222105e-02   5         5         40        0         1         0         102696    
Optimization Terminated with Status: Converged
The process took 19.5284 seconds to run.
Total n_vmult for algorithm 102696
