Starting optimization with 640...
Optimizing FFD points to obtain target Gaussian bump...

Quasi-Newton Method with Limited-Memory BFGS
Line Search: Backtracking satisfying Null Curvature Condition
  iter  value          gnorm          snorm          #fval     #grad     ls_#fval  ls_#grad  n_vmult   
  0     1.460802e-03   3.790713e-03   
  1     1.459366e-03   3.788094e-03   3.790713e-04   2         2         1         0         245270    
  2     1.232696e-03   3.416224e-03   6.572695e-02   3         3         1         0         249054    
  3     1.036651e-03   7.389563e-03   8.165786e-02   4         4         1         0         252610    
  4     8.486575e-04   5.597616e-03   6.454179e-02   5         5         1         0         256349    
  5     7.034930e-04   5.877877e-03   6.196061e-02   6         6         1         0         260148    
  6     5.848874e-04   4.728993e-03   5.271250e-02   7         7         1         0         263932    
  7     4.906867e-04   4.475660e-03   4.948858e-02   8         8         1         0         266817    
  8     4.112491e-04   3.966775e-03   4.625931e-02   9         9         1         0         269711    
  9     3.441838e-04   3.581427e-03   4.399462e-02   10        10        1         0         272608    
  10    2.881630e-04   3.223406e-03   4.101464e-02   11        11        1         0         275514    
  11    2.412182e-04   2.900545e-03   3.837595e-02   12        12        1         0         278423    
  12    2.016934e-04   2.607655e-03   3.610744e-02   13        13        1         0         281341    
  13    1.675370e-04   2.335245e-03   3.498789e-02   14        14        1         0         284277    
  14    1.368271e-04   2.067652e-03   3.536331e-02   15        15        1         0         287213    
  15    1.125590e-04   1.833631e-03   3.137925e-02   16        16        1         0         290152    
  16    9.400045e-05   1.640527e-03   2.701861e-02   17        17        1         0         293094    
  17    7.892949e-05   1.468958e-03   2.446052e-02   18        18        1         0         296048    
  18    6.642260e-05   1.316291e-03   2.265524e-02   19        19        1         0         299020    
  19    5.596234e-05   1.178542e-03   2.108650e-02   20        20        1         0         302001    
  20    4.717700e-05   1.055081e-03   1.973306e-02   21        21        1         0         304997    
  21    3.978379e-05   9.436377e-04   1.847241e-02   22        22        1         0         307999    
  22    3.355303e-05   8.437746e-04   1.733497e-02   23        23        1         0         311022    
  23    2.829723e-05   7.537390e-04   1.626005e-02   24        24        1         0         314063    
  24    2.385981e-05   6.732376e-04   1.528103e-02   25        25        1         0         317110    
  25    2.011044e-05   6.007000e-04   1.435221e-02   26        26        1         0         320163    
  26    1.693967e-05   5.360375e-04   1.350895e-02   27        27        1         0         323219    
  27    1.425632e-05   4.777087e-04   1.270464e-02   28        28        1         0         326287    
  28    1.198534e-05   4.258884e-04   1.196961e-02   29        29        1         0         329361    
  29    1.006643e-05   3.791440e-04   1.123882e-02   30        30        1         0         332444    
  30    8.450594e-06   3.379046e-04   1.053438e-02   31        31        1         0         335536    
  31    7.094528e-06   3.010221e-04   9.820244e-03   32        32        1         0         338631    
  32    5.957439e-06   2.687093e-04   9.155028e-03   33        33        1         0         341732    
  33    5.002664e-06   2.399749e-04   8.529157e-03   34        34        1         0         344842    
  34    4.199044e-06   2.147743e-04   7.968833e-03   35        35        1         0         347955    
  35    3.521319e-06   1.923730e-04   7.449772e-03   36        36        1         0         351074    
  36    2.949009e-06   1.726637e-04   6.977536e-03   37        37        1         0         354196    
  37    2.465433e-06   1.551238e-04   6.535560e-03   38        38        1         0         357324    
  38    2.056454e-06   1.395834e-04   6.133150e-03   39        39        1         0         360458    
  39    1.709199e-06   1.256588e-04   5.786241e-03   40        40        1         0         363598    
  40    1.410036e-06   1.128611e-04   5.559233e-03   41        41        1         0         366735    
  41    1.149591e-06   1.010918e-04   5.419051e-03   42        42        1         0         369872    
  42    9.375520e-07   9.031430e-05   4.932366e-03   43        43        1         0         373021    
  43    7.747563e-07   8.168134e-05   4.237889e-03   44        44        1         0         376185    
  44    6.442081e-07   7.348936e-05   3.780325e-03   45        45        1         0         379343    
  45    5.365919e-07   6.745689e-05   3.470157e-03   46        46        1         0         382525    
  46    4.423750e-07   5.788242e-05   3.429624e-03   47        47        1         0         385659    
  47    3.646529e-07   5.275457e-05   3.117829e-03   48        48        1         0         388847    
  48    3.049309e-07   4.638036e-05   2.747503e-03   49        49        1         0         391999    
  49    2.570289e-07   4.212729e-05   2.403898e-03   50        50        1         0         395190    
  50    2.193410e-07   3.780421e-05   2.136573e-03   51        51        1         0         398360    
  51    1.885572e-07   3.419484e-05   1.920892e-03   52        52        1         0         401527    
  52    1.633540e-07   3.072754e-05   1.763919e-03   53        53        1         0         404688    
  53    1.423229e-07   2.752465e-05   1.636719e-03   54        54        1         0         407849    
  54    1.247792e-07   2.456479e-05   1.530279e-03   55        55        1         0         410986    
  55    1.108044e-07   2.180271e-05   1.365128e-03   56        56        1         0         414153    
  56    1.000594e-07   1.948521e-05   1.171459e-03   57        57        1         0         417335    
  57    9.154143e-08   1.739984e-05   1.036858e-03   58        58        1         0         420553    
  58    8.466539e-08   1.554967e-05   9.304903e-04   59        59        1         0         423798    
  59    7.908653e-08   1.387352e-05   8.408978e-04   60        60        1         0         427031    
  60    7.455256e-08   1.237860e-05   7.601399e-04   61        61        1         0         430273    
  61    7.086595e-08   1.101787e-05   6.880903e-04   62        62        1         0         433518    
  62    6.786728e-08   9.833215e-06   6.230324e-04   63        63        1         0         436787    
Optimization Terminated with Status: Converged
 Done target optimization...
 Resetting problem to initial conditions and target previous FFD points 
 and aim for machine precision functional value....
The process took 1216.54 seconds to run.
Starting optimization with 640...

Newton-Krylov using GMRES with Limited-Memory BFGS preconditioning
Line Search: Backtracking satisfying Null Curvature Condition
-------------------------------------------------------------------------------------------------------------
Newton-Krylov status output definitions

  iter     - Number of iterates (steps taken) 
  value    - Objective function value 
  gnorm    - Norm of the gradient
  snorm    - Norm of the step (update to optimization vector)
  #fval    - Cumulative number of times the objective function was evaluated
  #grad    - Number of times the gradient was computed
  iterCG   - Number of Krylov iterations used to compute search direction
  flagCG   - Krylov solver flag
-------------------------------------------------------------------------------------------------------------
  iter  value          gnorm          snorm          #fval     #grad     iterCG    flagCG    ls_#fval  ls_#grad  n_vmult   
  0     1.459266e-03   3.789158e-03   
  1     1.763447e-05   3.404380e-04   8.561717e-01   2         2         75        0         1         0         76275     
  2     5.165286e-09   6.218999e-06   1.455317e-01   3         3         80        0         1         0         151621    
  3     3.958455e-15   2.718930e-09   1.166493e-02   4         4         89        0         1         0         233982    
  4     4.239879e-20   2.376389e-14   2.134921e-03   5         5         102       0         1         0         326328    
Optimization Terminated with Status: Converged
The process took 2128.97 seconds to run.
Total n_vmult for algorithm 326328
