Starting optimization with 20...
Optimizing FFD points to obtain target Gaussian bump...

Quasi-Newton Method with Limited-Memory BFGS
Line Search: Backtracking satisfying Null Curvature Condition
  iter  value          gnorm          snorm          #fval     #grad     ls_#fval  ls_#grad  n_vmult   
  0     1.460802e-03   8.749957e-03   
  1     1.385673e-03   8.423089e-03   8.749957e-03   2         2         1         0         251790    
  2     3.322773e-04   1.299736e-03   2.338626e-01   3         3         1         0         255310    
  3     2.825048e-04   9.363332e-04   5.051864e-02   4         4         1         0         259055    
  4     2.261673e-04   7.936490e-04   9.483126e-02   5         5         1         0         262767    
  5     1.854988e-04   5.921315e-04   1.054971e-01   6         6         1         0         266524    
  6     1.572544e-04   5.930431e-04   1.491311e-01   7         7         1         0         270290    
  7     1.412305e-04   3.337170e-04   8.572047e-02   8         8         1         0         274089    
  8     1.322817e-04   3.009279e-04   4.358894e-02   9         9         1         0         278011    
  9     1.118858e-04   3.066403e-04   1.643705e-01   10        10        1         0         281756    
  10    1.068663e-04   2.965985e-04   7.570080e-02   12        11        2         0         287540    
  11    1.024407e-04   1.408391e-04   5.737309e-02   13        12        1         0         290452    
  12    9.995388e-05   1.194056e-04   3.716728e-02   14        13        1         0         293391    
  13    9.615039e-05   2.102563e-04   6.726295e-02   15        14        1         0         296318    
  14    8.839018e-05   3.491652e-04   1.548227e-01   16        15        1         0         299227    
  15    7.521888e-05   4.295061e-04   3.005289e-01   17        16        1         0         302091    
  16    6.260899e-05   2.558947e-04   3.285155e-01   18        17        1         0         305899    
  17    5.934193e-05   8.126528e-05   9.518210e-02   19        18        1         0         309722    
  18    5.894079e-05   2.584370e-05   2.140345e-02   20        19        1         0         312673    
  19    5.886223e-05   3.389583e-05   1.369386e-02   21        20        1         0         315747    
  20    5.863350e-05   5.336484e-05   2.597321e-02   22        21        1         0         318788    
  21    5.799143e-05   9.078690e-05   5.525763e-02   23        22        1         0         321766    
  22    5.635926e-05   1.508295e-04   1.319849e-01   24        23        1         0         324717    
  23    5.258171e-05   2.289992e-04   3.190316e-01   25        24        1         0         327650    
  24    4.522440e-05   2.994071e-04   6.772918e-01   26        25        1         0         330550    
  25    3.601879e-05   2.655269e-04   1.034061e+00   27        26        1         0         333438    
  26    3.580276e-05   4.442681e-04   1.245204e+00   28        27        1         0         337237    
  27    2.816153e-05   9.339593e-05   4.139457e-01   29        28        1         0         341132    
  28    2.750920e-05   2.926966e-05   1.174097e-01   30        29        1         0         344125    
  29    2.741315e-05   9.368266e-06   3.359770e-02   31        30        1         0         347157    
Optimization Terminated with Status: Converged
 Done target optimization...
 Resetting problem to initial conditions and target previous FFD points 
 and aim for machine precision functional value....
The process took 384.195 seconds to run.
Starting optimization with 20...

Newton-Krylov using GMRES with Limited-Memory BFGS preconditioning
Line Search: Backtracking satisfying Null Curvature Condition
-------------------------------------------------------------------------------------------------------------
Newton-Krylov status output definitions

  iter     - Number of iterates (steps taken) 
  value    - Objective function value 
  gnorm    - Norm of the gradient
  snorm    - Norm of the step (update to optimization vector)
  #fval    - Cumulative number of times the objective function was evaluated
  #grad    - Number of times the gradient was computed
  iterCG   - Number of Krylov iterations used to compute search direction
  flagCG   - Krylov solver flag
-------------------------------------------------------------------------------------------------------------
  iter  value          gnorm          snorm          #fval     #grad     iterCG    flagCG    ls_#fval  ls_#grad  n_vmult   
  0     1.434825e-03   8.760010e-03   
  1     1.727225e-05   9.674936e-04   3.507777e+00   2         2         15        0         1         0         20073     
  2     4.390984e-09   1.486530e-05   5.000088e-01   3         3         15        0         1         0         37729     
  3     6.150233e-15   3.858826e-09   1.553910e-01   4         4         17        0         1         0         56613     
  4     1.281017e-18   5.896967e-14   2.455881e-02   5         5         18        0         1         0         75069     
Optimization Terminated with Status: Converged
The process took 844.619 seconds to run.
Total n_vmult for algorithm 75069
