Starting optimization with 60...
Optimizing FFD points to obtain target Gaussian bump...

Quasi-Newton Method with Limited-Memory BFGS
Line Search: Backtracking satisfying Null Curvature Condition
  iter  value          gnorm          snorm          #fval     #grad     ls_#fval  ls_#grad  n_vmult   
  0     1.446428e-03   6.731072e-03   
  1     1.401531e-03   6.609286e-03   6.731072e-03   2         2         1         0         100244    
  2     8.524810e-05   9.418924e-04   3.737851e-01   3         3         1         0         102350    
  3     5.464009e-05   8.233809e-04   6.909970e-02   4         4         1         0         104040    
  4     3.858180e-05   4.514328e-04   4.109111e-02   5         5         1         0         105838    
  5     2.785141e-05   3.660594e-04   3.925222e-02   6         6         1         0         107651    
  6     1.666390e-05   2.409663e-04   6.748535e-02   7         7         1         0         109443    
  7     1.179525e-05   3.085158e-04   5.117111e-02   8         8         1         0         111244    
  8     8.973698e-06   2.399157e-04   6.341509e-02   9         9         1         0         113033    
  9     7.432473e-06   1.056893e-04   1.497797e-02   10        10        1         0         114885    
  10    6.678811e-06   9.762522e-05   1.142020e-02   11        11        1         0         116782    
  11    5.467069e-06   1.037254e-04   2.471438e-02   12        12        1         0         118679    
  12    4.023912e-06   8.079978e-05   4.089247e-02   13        13        1         0         120561    
  13    2.953677e-06   6.443643e-05   4.689576e-02   14        14        1         0         122491    
  14    2.644848e-06   8.350428e-05   4.788924e-02   15        15        1         0         124406    
  15    2.237094e-06   2.616659e-05   1.131018e-02   16        16        1         0         126423    
  16    2.146402e-06   2.204724e-05   6.163134e-03   17        17        1         0         127850    
  17    1.978969e-06   2.361630e-05   1.418191e-02   18        18        1         0         129199    
  18    1.727687e-06   3.328323e-05   2.942330e-02   19        19        1         0         130569    
  19    1.689728e-06   6.013899e-05   4.768682e-02   20        20        1         0         132499    
  20    1.475105e-06   1.398400e-05   1.046580e-02   21        21        1         0         134438    
  21    1.450882e-06   7.753440e-06   3.476130e-03   22        22        1         0         135904    
Optimization Terminated with Status: Converged
 Done target optimization...
 Resetting problem to initial conditions and target previous FFD points 
 and aim for machine precision functional value....
The process took 19.3041 seconds to run.
Starting optimization with 60...

Quasi-Newton Method with Limited-Memory BFGS
Line Search: Backtracking satisfying Null Curvature Condition
-------------------------------------------------------------------------------------------------------------
Quasi-Newton Method status output definitions

  iter     - Number of iterates (steps taken) 
  value    - Objective function value 
  gnorm    - Norm of the gradient
  snorm    - Norm of the step (update to optimization vector)
  #fval    - Cumulative number of times the objective function was evaluated
  #grad    - Number of times the gradient was computed
-------------------------------------------------------------------------------------------------------------
  iter  value          gnorm          snorm          #fval     #grad     ls_#fval  ls_#grad  n_vmult   
  0     1.444450e-03   6.729356e-03   
  1     1.399576e-03   6.607637e-03   6.729356e-03   2         2         1         0         2272      
  2     8.344702e-05   9.290684e-04   3.737319e-01   3         3         1         0         4375      
  3     5.201949e-05   7.686530e-04   6.826695e-02   4         4         1         0         6065      
  4     3.616136e-05   4.447676e-04   4.422934e-02   5         5         1         0         7848      
  5     2.541315e-05   3.567158e-04   4.027333e-02   6         6         1         0         9670      
  6     1.372883e-05   2.129155e-04   7.245017e-02   7         7         1         0         11465     
  7     1.194716e-05   5.213463e-04   5.304863e-02   8         8         1         0         13236     
  8     8.020442e-06   1.773141e-04   1.708786e-02   9         9         1         0         15052     
  9     6.445467e-06   1.119917e-04   1.788217e-02   10        10        1         0         16934     
  10    5.316084e-06   1.103127e-04   2.377777e-02   11        11        1         0         18804     
  11    3.688274e-06   9.758443e-05   3.272050e-02   12        12        1         0         20698     
  12    2.089496e-06   6.900202e-05   6.077968e-02   13        13        1         0         22592     
  13    1.500694e-06   7.188197e-05   3.211682e-02   14        14        1         0         24501     
  14    1.069693e-06   3.760139e-05   1.158253e-02   15        15        1         0         25892     
  15    7.595124e-07   3.281976e-05   1.718164e-02   16        16        1         0         27322     
  16    5.624388e-07   2.229942e-05   1.742127e-02   17        17        1         0         28683     
  17    3.822488e-07   2.090454e-05   2.206989e-02   18        18        1         0         30059     
  18    2.158507e-07   4.176469e-05   3.225545e-02   19        19        1         0         31366     
  19    9.763004e-08   2.229828e-05   1.320019e-02   20        20        1         0         32709     
  20    6.022426e-08   5.979026e-06   5.780980e-03   21        21        1         0         34142     
  21    5.559480e-08   3.521350e-06   2.090606e-03   22        22        1         0         35587     
  22    5.231523e-08   3.626266e-06   1.323384e-03   23        23        1         0         37107     
  23    4.339009e-08   4.940166e-06   4.982915e-03   24        24        1         0         38618     
  24    3.494824e-08   5.359585e-06   5.543671e-03   25        25        1         0         40105     
  25    2.487488e-08   8.740433e-06   1.447201e-02   26        26        1         0         41481     
  26    1.462312e-08   3.792695e-06   5.474978e-03   27        27        1         0         42887     
  27    9.611240e-09   3.493075e-06   2.927608e-03   28        28        1         0         44404     
  28    4.821196e-09   2.705502e-06   5.513954e-03   29        29        1         0         45894     
  29    3.426050e-09   4.952968e-06   4.897487e-03   30        30        1         0         47324     
  30    1.535084e-09   1.820104e-06   8.674550e-04   31        31        1         0         48781     
  31    7.012989e-10   1.157885e-06   1.136384e-03   32        32        1         0         50253     
  32    2.215252e-10   8.844007e-07   1.299304e-03   33        33        1         0         51746     
  33    1.027733e-10   3.256241e-07   6.811243e-04   34        34        1         0         53275     
  34    9.043754e-11   1.272595e-07   1.028742e-04   35        35        1         0         54822     
  35    8.867803e-11   5.809057e-08   2.694298e-05   36        36        1         0         56402     
  36    8.762788e-11   5.901332e-08   2.534189e-05   37        37        1         0         58000     
  37    8.543426e-11   9.706383e-08   6.564246e-05   38        38        1         0         59601     
  38    8.099731e-11   1.461867e-07   1.594622e-04   39        39        1         0         61175     
  39    7.539147e-11   1.385672e-07   2.441590e-04   40        40        1         0         62752     
  40    7.389427e-11   1.711767e-07   1.323377e-04   42        41        2         0         65396     
  41    7.113240e-11   6.513086e-08   1.052822e-04   43        42        1         0         66991     
  42    7.008982e-11   4.529594e-08   4.568121e-05   44        43        1         0         68577     
  43    6.899954e-11   7.603242e-08   6.426666e-05   45        44        1         0         70181     
  44    6.637002e-11   1.363465e-07   1.852716e-04   46        45        1         0         71767     
  45    6.094124e-11   2.044438e-07   4.412713e-04   47        46        1         0         73341     
  46    5.235818e-11   2.264611e-07   8.067650e-04   48        47        1         0         74957     
  47    5.083806e-11   3.238450e-07   9.832827e-04   49        48        1         0         76477     
  48    4.195241e-11   8.487303e-08   2.153426e-04   50        49        1         0         77991     
  49    4.068125e-11   2.302157e-08   7.468178e-05   51        50        1         0         79574     
  50    4.015646e-11   4.058389e-08   3.719876e-05   52        51        1         0         81181     
  51    3.965579e-11   6.386483e-08   4.743967e-05   53        52        1         0         82752     
  52    3.787992e-11   1.169459e-07   1.997635e-04   54        53        1         0         84323     
  53    3.454578e-11   1.691575e-07   4.309363e-04   55        54        1         0         85900     
  54    2.884336e-11   1.902362e-07   8.460720e-04   56        55        1         0         87480     
  55    2.246387e-11   1.306045e-07   1.014797e-03   57        56        1         0         89045     
  56    1.879488e-11   3.614577e-08   5.923279e-04   58        57        1         0         90595     
  57    1.792085e-11   4.481357e-08   1.037157e-04   59        58        1         0         92184     
  58    1.733051e-11   7.317688e-08   6.874890e-05   60        59        1         0         93800     
  59    1.607268e-11   1.073638e-07   1.350488e-04   61        60        1         0         95389     
  60    1.324946e-11   1.450732e-07   3.613297e-04   62        61        1         0         96957     
  61    8.592405e-12   1.557680e-07   8.033316e-04   63        62        1         0         98510     
  62    8.197141e-12   1.598273e-07   1.807762e-04   67        63        4         0         103291    
  63    4.034748e-12   9.665007e-08   9.522088e-04   68        64        1         0         104904    
  64    2.562223e-12   2.772314e-08   5.032088e-04   69        65        1         0         106550    
  65    2.388446e-12   3.764788e-09   8.230329e-05   70        66        1         0         108154    
  66    2.379537e-12   2.749435e-09   3.119988e-05   71        67        1         0         109857    
  67    2.372160e-12   2.972750e-09   1.282986e-05   72        68        1         0         111629    
  68    2.309227e-12   9.854214e-09   7.012913e-05   73        69        1         0         113257    
  69    2.203135e-12   1.065455e-08   9.176758e-05   74        70        1         0         114930    
  70    1.998494e-12   2.154511e-08   1.663722e-04   75        71        1         0         116633    
  71    1.759453e-12   1.302305e-08   2.245475e-04   76        72        1         0         118324    
  72    1.621345e-12   8.596618e-09   1.998016e-04   77        73        1         0         119964    
  73    1.596192e-12   6.977386e-09   7.338094e-05   78        74        1         0         121700    
  74    1.593616e-12   1.243932e-09   1.811096e-05   79        75        1         0         123451    
  75    1.593369e-12   1.088655e-09   5.037746e-06   80        76        1         0         124669    
  76    1.592705e-12   1.349144e-09   5.420779e-06   81        77        1         0         125884    
  77    1.589406e-12   3.181837e-09   1.638864e-05   82        78        1         0         127078    
  78    1.582111e-12   6.050671e-09   2.231092e-05   83        79        1         0         128880    
  79    1.561904e-12   1.104946e-08   4.380588e-05   84        80        1         0         130679    
  80    1.511809e-12   1.862002e-08   9.405375e-05   85        81        1         0         132445    
  81    1.389154e-12   2.951039e-08   2.310657e-04   86        82        1         0         134187    
  82    1.125527e-12   4.165597e-08   5.298488e-04   87        83        1         0         135917    
  83    6.898675e-13   4.647803e-08   9.698231e-04   88        84        1         0         137611    
  84    2.654432e-13   3.302570e-08   1.077367e-03   89        85        1         0         139329    
  85    8.991902e-14   1.051030e-08   4.611303e-04   90        86        1         0         140978    
  86    6.557014e-14   1.071789e-09   1.002161e-04   91        87        1         0         142738    
  87    6.452760e-14   2.922649e-10   6.298200e-05   92        88        1         0         143917    
Optimization Terminated with Status: Converged
The process took 54.7974 seconds to run.
Total n_vmult for algorithm 143917
