Starting optimization with 40...
Optimizing FFD points to obtain target Gaussian bump...

Quasi-Newton Method with Limited-Memory BFGS
Line Search: Backtracking satisfying Null Curvature Condition
  iter  value          gnorm          snorm          #fval     #grad     ls_#fval  ls_#grad  n_vmult   
  0     1.446428e-03   7.331623e-03   
  1     1.393297e-03   7.162131e-03   7.331623e-03   2         2         1         0         81847     
  2     1.696496e-04   1.024241e-03   3.187588e-01   3         3         1         0         84007     
  3     1.227222e-04   6.519055e-04   6.320582e-02   4         4         1         0         85682     
  4     8.423259e-05   5.340406e-04   9.115545e-02   5         5         1         0         87375     
  5     5.683346e-05   3.875004e-04   1.023125e-01   6         6         1         0         89110     
  6     4.803442e-05   5.222072e-04   6.939962e-02   8         7         2         0         92181     
  7     3.796332e-05   2.406136e-04   6.655635e-02   9         8         1         0         94000     
  8     3.347539e-05   2.086220e-04   3.755923e-02   10        9         1         0         95831     
  9     2.847922e-05   3.114375e-04   7.831234e-02   11        10        1         0         97626     
  10    2.455254e-05   2.180741e-04   5.317671e-02   12        11        1         0         99532     
  11    2.215094e-05   1.645747e-04   2.246874e-02   13        12        1         0         101429    
  12    1.851696e-05   1.148211e-04   6.107764e-02   14        13        1         0         103332    
  13    1.681533e-05   9.025121e-05   3.983661e-02   15        14        1         0         105259    
  14    1.396685e-05   9.153274e-05   7.690036e-02   16        15        1         0         107207    
  15    1.055509e-05   1.012565e-04   1.240074e-01   17        16        1         0         109179    
  16    1.031083e-05   1.782243e-04   7.776605e-02   19        17        2         0         112562    
  17    8.551177e-06   5.098229e-05   2.389895e-02   20        18        1         0         114438    
  18    8.283973e-06   2.703621e-05   1.183478e-02   21        19        1         0         116449    
  19    8.115236e-06   2.668862e-05   1.025584e-02   22        20        1         0         117816    
  20    7.765624e-06   4.608465e-05   2.445875e-02   23        21        1         0         119126    
  21    7.001917e-06   7.915564e-05   6.178842e-02   24        22        1         0         121110    
  22    5.653548e-06   1.027913e-04   1.252236e-01   25        23        1         0         122450    
  23    4.098409e-06   8.111202e-05   1.722044e-01   26        24        1         0         123817    
  24    3.985750e-06   9.091081e-05   4.065703e-02   29        25        3         0         128494    
  25    3.437869e-06   2.930656e-05   4.207327e-02   30        26        1         0         130442    
  26    3.361504e-06   9.376385e-06   1.092675e-02   31        27        1         0         131785    
Optimization Terminated with Status: Converged
 Done target optimization...
 Resetting problem to initial conditions and target previous FFD points 
 and aim for machine precision functional value....
The process took 23.4462 seconds to run.
Starting optimization with 40...

Quasi-Newton Method with Limited-Memory BFGS
Line Search: Backtracking satisfying Null Curvature Condition
-------------------------------------------------------------------------------------------------------------
Quasi-Newton Method status output definitions

  iter     - Number of iterates (steps taken) 
  value    - Objective function value 
  gnorm    - Norm of the gradient
  snorm    - Norm of the step (update to optimization vector)
  #fval    - Cumulative number of times the objective function was evaluated
  #grad    - Number of times the gradient was computed
-------------------------------------------------------------------------------------------------------------
  iter  value          gnorm          snorm          #fval     #grad     ls_#fval  ls_#grad  n_vmult   
  0     1.443391e-03   7.332693e-03   
  1     1.390245e-03   7.163189e-03   7.332693e-03   2         2         1         0         2242      
  2     1.661840e-04   1.024239e-03   3.188116e-01   3         3         1         0         4393      
  3     1.192654e-04   6.516209e-04   6.320177e-02   4         4         1         0         6068      
  4     8.080983e-05   5.338949e-04   9.109336e-02   5         5         1         0         7758      
  5     5.338090e-05   3.849256e-04   1.022881e-01   6         6         1         0         9490      
  6     5.267290e-05   1.010662e-03   1.373820e-01   7         7         1         0         11189     
  7     3.420536e-05   2.378561e-04   3.418831e-02   8         8         1         0         12969     
  8     3.126469e-05   1.820034e-04   1.720220e-02   9         9         1         0         14806     
  9     2.560194e-05   2.099424e-04   6.423182e-02   10        10        1         0         16628     
  10    2.465819e-05   5.451679e-04   8.914224e-02   11        11        1         0         18423     
  11    1.955584e-05   1.839942e-04   1.568875e-02   12        12        1         0         20296     
  12    1.761449e-05   1.198452e-04   2.203361e-02   13        13        1         0         22217     
  13    1.558459e-05   1.311638e-04   4.199007e-02   14        14        1         0         24156     
  14    1.350001e-05   1.062366e-04   4.702829e-02   15        15        1         0         26083     
  15    1.067299e-05   9.085225e-05   7.525195e-02   16        16        1         0         28022     
  16    7.001560e-06   1.122432e-04   1.406610e-01   17        17        1         0         29964     
  17    5.860676e-06   1.012488e-04   6.026014e-02   19        18        2         0         33341     
  18    4.919786e-06   4.938820e-05   2.733293e-02   20        19        1         0         35316     
  19    4.615441e-06   2.612055e-05   1.594350e-02   21        20        1         0         36680     
  20    4.449039e-06   3.078797e-05   1.016611e-02   22        21        1         0         38047     
  21    3.889804e-06   6.576716e-05   4.007170e-02   23        22        1         0         40085     
  22    2.874944e-06   1.047258e-04   8.641425e-02   24        23        1         0         41446     
  23    1.440699e-06   1.102788e-04   1.436867e-01   25        24        1         0         42834     
  24    1.198645e-06   1.247268e-04   5.554931e-02   28        25        3         0         47589     
  25    2.961657e-07   5.207856e-05   9.189587e-02   29        26        1         0         49528     
  26    1.510616e-07   1.370036e-05   8.366960e-03   30        27        1         0         51530     
  27    1.363281e-07   3.321583e-06   8.976036e-03   31        28        1         0         52966     
  28    1.347762e-07   2.535029e-06   1.581251e-03   32        29        1         0         54414     
  29    1.317445e-07   3.289037e-06   1.935809e-03   33        30        1         0         55841     
  30    1.275866e-07   4.740660e-06   2.983103e-03   34        31        1         0         57295     
  31    1.189100e-07   6.267498e-06   7.316963e-03   35        32        1         0         58689     
  32    1.082766e-07   6.417216e-06   1.192760e-02   36        33        1         0         60116     
  33    9.783604e-08   4.095236e-06   1.386405e-02   37        34        1         0         61513     
  34    9.115846e-08   4.515903e-06   7.330653e-03   38        35        1         0         62895     
  35    8.503802e-08   5.125835e-06   5.337539e-03   39        36        1         0         64358     
  36    7.974398e-08   4.705673e-06   5.141853e-03   40        37        1         0         65833     
  37    7.857955e-08   9.930603e-06   1.412215e-02   41        38        1         0         67221     
  38    6.972140e-08   3.303417e-06   2.245478e-03   42        39        1         0         68609     
  39    6.614023e-08   3.134302e-06   3.395800e-03   43        40        1         0         70066     
  40    5.754106e-08   6.019616e-06   1.157768e-02   44        41        1         0         71517     
  41    4.341328e-08   8.950812e-06   2.160159e-02   45        42        1         0         72980     
  42    2.104259e-08   9.233811e-06   3.841575e-02   46        43        1         0         74425     
  43    1.159924e-08   1.104763e-05   3.047143e-02   47        44        1         0         75753     
  44    4.228290e-09   2.003329e-06   4.515310e-03   48        45        1         0         77135     
  45    3.846949e-09   5.358064e-07   1.000527e-03   49        46        1         0         78592     
  46    3.757994e-09   6.191152e-07   3.563462e-04   50        47        1         0         80085     
  47    3.609989e-09   1.036491e-06   6.430899e-04   51        48        1         0         81596     
  48    3.200331e-09   1.849709e-06   1.964587e-03   52        49        1         0         83086     
  49    2.427325e-09   2.624684e-06   4.196376e-03   53        50        1         0         84573     
  50    1.329642e-09   2.627515e-06   6.926163e-03   54        51        1         0         86087     
  51    1.236454e-09   2.518865e-06   1.019511e-03   58        52        4         0         90424     
  52    5.591970e-10   1.261431e-06   4.859742e-03   59        53        1         0         91905     
  53    4.068663e-10   2.509400e-07   8.877941e-04   60        54        1         0         93383     
  54    3.964505e-10   3.206870e-08   5.017372e-04   61        55        1         0         94927     
  55    3.959305e-10   3.446859e-08   1.374221e-04   62        56        1         0         96549     
  56    3.943743e-10   4.025485e-08   1.181105e-04   63        57        1         0         98177     
  57    3.815740e-10   1.403255e-07   9.036010e-04   64        58        1         0         99727     
  58    3.599698e-10   1.561463e-07   1.273426e-03   65        59        1         0         101292    
  59    3.052449e-10   2.410682e-07   3.092905e-03   66        60        1         0         102842    
  60    1.803328e-10   3.888225e-07   8.243875e-03   67        61        1         0         104365    
  61    1.029042e-10   7.178755e-07   8.712023e-03   68        62        1         0         105873    
  62    5.139344e-11   1.814221e-07   1.845645e-03   69        63        1         0         107369    
  63    3.934243e-11   4.784581e-08   9.038185e-04   70        64        1         0         108910    
  64    3.899495e-11   1.636333e-08   2.407630e-04   71        65        1         0         110517    
  65    3.887550e-11   2.024415e-08   9.719415e-05   72        66        1         0         112205    
  66    3.862068e-11   4.452825e-08   1.341478e-04   73        67        1         0         113872    
  67    3.799256e-11   8.615417e-08   1.982391e-04   74        68        1         0         115503    
  68    3.638046e-11   1.523630e-07   3.200149e-04   75        69        1         0         117104    
  69    3.256779e-11   2.435551e-07   5.603415e-04   76        70        1         0         118681    
  70    2.469270e-11   3.361737e-07   1.111352e-03   77        71        1         0         120255    
  71    1.294448e-11   3.473151e-07   1.939752e-03   78        72        1         0         121808    
  72    2.459250e-12   1.697924e-07   2.336169e-03   79        73        1         0         123388    
  73    1.665321e-13   3.295224e-08   7.669468e-04   80        74        1         0         125016    
  74    1.979139e-14   1.860705e-09   1.748585e-04   81        75        1         0         126644    
  75    1.571818e-14   2.417116e-10   5.141137e-05   82        76        1         0         128344    
Optimization Terminated with Status: Converged
The process took 50.3251 seconds to run.
Total n_vmult for algorithm 128344
