Starting optimization with 100...
Optimizing FFD points to obtain target Gaussian bump...

Quasi-Newton Method with Limited-Memory BFGS
Line Search: Backtracking satisfying Null Curvature Condition
  iter  value          gnorm          snorm          #fval     #grad     ls_#fval  ls_#grad  n_vmult   
  0     1.460201e-03   6.160113e-03   
  1     1.422523e-03   6.072960e-03   6.160113e-03   2         2         1         0         156157    
  2     2.403317e-05   6.360212e-04   4.314412e-01   3         3         1         0         159275    
  3     4.964415e-06   1.812649e-04   5.263305e-02   4         4         1         0         162015    
  4     3.548964e-06   2.073633e-04   2.152417e-02   5         5         1         0         164080    
  5     2.464150e-06   9.767132e-05   9.051060e-03   6         6         1         0         166211    
  6     1.742521e-06   6.229973e-05   1.317856e-02   7         7         1         0         168357    
  7     1.444200e-06   4.182582e-05   1.018576e-02   8         8         1         0         170500    
  8     1.257174e-06   4.979506e-05   1.072429e-02   9         9         1         0         172634    
  9     1.186030e-06   5.029333e-05   1.192199e-02   10        10        1         0         174726    
  10    1.122149e-06   1.670948e-05   3.272167e-03   11        11        1         0         176899    
  11    1.105072e-06   1.399712e-05   1.688694e-03   12        12        1         0         179186    
  12    1.077174e-06   1.592398e-05   3.473748e-03   13        13        1         0         181470    
  13    1.030758e-06   1.762191e-05   7.268667e-03   14        14        1         0         183664    
  14    9.647830e-07   1.705103e-05   1.190535e-02   15        15        1         0         185864    
  15    8.797115e-07   2.632024e-05   2.993537e-02   16        16        1         0         188055    
  16    8.033943e-07   2.327841e-05   1.812382e-02   17        17        1         0         190246    
  17    7.416335e-07   1.231072e-05   9.423523e-03   18        18        1         0         192455    
  18    7.013088e-07   1.099253e-05   1.133113e-02   19        19        1         0         194679    
  19    6.550416e-07   1.337435e-05   1.603620e-02   20        20        1         0         196882    
  20    6.072755e-07   1.572764e-05   2.632402e-02   21        21        1         0         199055    
  21    6.017683e-07   2.087943e-05   9.018133e-03   22        22        1         0         201237    
  22    5.819444e-07   6.114780e-06   5.774632e-03   23        23        1         0         203470    
Optimization Terminated with Status: Converged
 Done target optimization...
 Resetting problem to initial conditions and target previous FFD points 
 and aim for machine precision functional value....
The process took 93.8405 seconds to run.
Starting optimization with 100...

Quasi-Newton Method with Limited-Memory BFGS
Line Search: Backtracking satisfying Null Curvature Condition
-------------------------------------------------------------------------------------------------------------
Quasi-Newton Method status output definitions

  iter     - Number of iterates (steps taken) 
  value    - Objective function value 
  gnorm    - Norm of the gradient
  snorm    - Norm of the step (update to optimization vector)
  #fval    - Cumulative number of times the objective function was evaluated
  #grad    - Number of times the gradient was computed
-------------------------------------------------------------------------------------------------------------
  iter  value          gnorm          snorm          #fval     #grad     ls_#fval  ls_#grad  n_vmult   
  0     1.459354e-03   6.158633e-03   
  1     1.421694e-03   6.071527e-03   6.158633e-03   2         2         1         0         2681      
  2     2.344244e-05   6.359502e-04   4.314686e-01   3         3         1         0         5796      
  3     4.374717e-06   1.812565e-04   5.264122e-02   4         4         1         0         8533      
  4     2.956427e-06   2.068495e-04   2.152440e-02   5         5         1         0         10595     
  5     1.872204e-06   9.768804e-05   9.065200e-03   6         6         1         0         12723     
  6     1.147272e-06   6.240039e-05   1.324935e-02   7         7         1         0         14866     
  7     8.470021e-07   4.217876e-05   1.022288e-02   8         8         1         0         17009     
  8     6.600490e-07   5.346020e-05   1.096329e-02   9         9         1         0         19140     
  9     5.686991e-07   4.381898e-05   1.150350e-02   10        10        1         0         21241     
  10    5.129027e-07   1.773942e-05   2.880531e-03   11        11        1         0         23456     
  11    4.900580e-07   1.504257e-05   2.215109e-03   12        12        1         0         25743     
  12    4.578844e-07   1.746559e-05   3.837295e-03   13        13        1         0         28033     
  13    3.962013e-07   1.980913e-05   9.198539e-03   14        14        1         0         30263     
  14    3.115404e-07   1.960569e-05   1.441785e-02   15        15        1         0         32460     
  15    2.480907e-07   3.321721e-05   3.734008e-02   16        16        1         0         34636     
  16    1.575810e-07   2.194878e-05   9.104801e-03   17        17        1         0         36839     
  17    1.214793e-07   7.190846e-06   4.150432e-03   18        18        1         0         39069     
  18    1.094292e-07   6.480954e-06   4.078251e-03   19        19        1         0         41311     
  19    8.809944e-08   5.997051e-06   8.796160e-03   20        20        1         0         43511     
  20    8.401411e-08   1.725607e-05   7.194319e-03   22        21        2         0         47277     
  21    6.698073e-08   4.860925e-06   5.288581e-03   23        22        1         0         49522     
  22    6.353840e-08   3.241331e-06   1.414879e-03   24        23        1         0         51836     
  23    5.892062e-08   3.839174e-06   2.821765e-03   25        24        1         0         54147     
  24    4.976919e-08   8.387009e-06   6.966933e-03   26        25        1         0         56419     
  25    3.675456e-08   6.984841e-06   9.061333e-03   27        26        1         0         58679     
  26    1.842078e-08   4.317567e-06   1.737704e-02   28        27        1         0         60930     
  27    1.584182e-08   6.352061e-06   6.956174e-03   29        28        1         0         63187     
  28    1.219648e-08   1.992467e-06   1.453887e-03   30        29        1         0         65471     
  29    1.146490e-08   1.224394e-06   9.495536e-04   31        30        1         0         67785     
  30    1.053105e-08   1.070188e-06   1.906316e-03   32        31        1         0         70123     
  31    1.018578e-08   2.696029e-06   2.197838e-03   33        32        1         0         72353     
  32    9.528182e-09   1.199949e-06   8.912017e-04   34        33        1         0         74649     
  33    9.067289e-09   8.934883e-07   1.262591e-03   35        34        1         0         76939     
  34    8.551359e-09   1.208988e-06   1.644446e-03   36        35        1         0         79265     
  35    7.464324e-09   1.623683e-06   3.307311e-03   37        36        1         0         81570     
  36    5.351580e-09   2.250590e-06   7.582534e-03   38        37        1         0         83848     
  37    4.304405e-09   2.641706e-06   6.501511e-03   40        38        2         0         87755     
  38    2.936366e-09   1.211253e-06   3.546389e-03   41        39        1         0         90042     
  39    2.161386e-09   9.543157e-07   2.245206e-03   42        40        1         0         92362     
  40    1.699362e-09   1.011845e-06   1.583637e-03   43        41        1         0         94718     
  41    1.198514e-09   1.032171e-06   2.659449e-03   44        42        1         0         97053     
  42    1.020139e-09   5.990146e-07   1.463668e-03   45        43        1         0         99340     
  43    9.707453e-10   3.042662e-07   2.337797e-04   46        44        1         0         101672    
  44    9.379504e-10   2.921918e-07   2.317121e-04   47        45        1         0         104037    
  45    8.990428e-10   3.069679e-07   3.106963e-04   48        46        1         0         106450    
  46    8.538233e-10   2.191289e-07   5.449566e-04   49        47        1         0         108854    
  47    8.460231e-10   4.159123e-07   4.230738e-04   50        48        1         0         111234    
  48    8.287849e-10   1.682082e-07   9.729943e-05   51        49        1         0         113635    
  49    8.167060e-10   1.804983e-07   1.228174e-04   52        50        1         0         116066    
  50    7.823368e-10   4.074735e-07   4.790665e-04   53        51        1         0         118461    
  51    7.130106e-10   7.116583e-07   1.193260e-03   54        52        1         0         120826    
  52    5.845294e-10   9.524024e-07   2.624672e-03   55        53        1         0         123107    
  53    4.295201e-10   8.354941e-07   3.627819e-03   56        54        1         0         125439    
  54    2.488281e-10   5.355701e-07   4.061537e-03   57        55        1         0         127837    
  55    1.504425e-10   5.781515e-07   4.419961e-03   58        56        1         0         130112    
  56    8.925756e-11   2.663986e-07   4.951880e-04   59        57        1         0         132444    
  57    7.586145e-11   2.188906e-07   4.856240e-04   60        58        1         0         134857    
  58    6.489415e-11   9.560755e-08   3.561520e-04   61        59        1         0         137243    
  59    6.245847e-11   4.992869e-08   2.867483e-04   62        60        1         0         139677    
  60    6.134161e-11   5.529534e-08   1.967910e-04   63        61        1         0         141361    
  61    5.964386e-11   8.736059e-08   2.898119e-04   64        62        1         0         143030    
  62    5.692671e-11   1.181987e-07   3.100855e-04   65        63        1         0         144699    
  63    5.113226e-11   1.372690e-07   4.823096e-04   66        64        1         0         146389    
  64    4.567742e-11   1.182493e-07   4.484602e-04   67        65        1         0         148817    
  65    4.357223e-11   5.587967e-08   2.490264e-04   69        66        2         0         153039    
  66    4.268435e-11   1.491522e-08   2.408526e-04   70        67        1         0         155449    
  67    4.247821e-11   1.931393e-08   1.231539e-04   71        68        1         0         157148    
  68    4.227305e-11   2.655382e-08   6.178646e-05   72        69        1         0         158889    
  69    4.119085e-11   5.386181e-08   2.257330e-04   73        70        1         0         160573    
  70    3.898409e-11   9.023690e-08   3.617464e-04   74        71        1         0         162251    
  71    3.342754e-11   1.389974e-07   8.873728e-04   75        72        1         0         163926    
  72    2.355926e-11   1.900819e-07   1.748042e-03   76        73        1         0         165562    
  73    1.522195e-11   2.206099e-07   2.948158e-03   77        74        1         0         168029    
  74    5.521970e-12   1.009527e-07   1.062092e-03   78        75        1         0         170472    
  75    2.409941e-12   3.897707e-08   5.496161e-04   79        76        1         0         172948    
  76    2.124916e-12   8.021825e-09   1.728872e-04   80        77        1         0         174590    
  77    2.119470e-12   1.921631e-09   7.414355e-06   81        78        1         0         176340    
  78    2.118932e-12   1.863192e-09   1.914713e-06   82        79        1         0         178147    
  79    2.115425e-12   3.436037e-09   7.494975e-06   83        80        1         0         179927    
  80    2.107814e-12   6.985496e-09   1.129525e-05   84        81        1         0         181701    
  81    2.087906e-12   1.306688e-08   2.434120e-05   85        82        1         0         183469    
  82    2.042021e-12   2.128042e-08   5.350263e-05   86        83        1         0         185228    
  83    1.949482e-12   2.914693e-08   1.123289e-04   87        84        1         0         186966    
  84    1.818998e-12   2.866208e-08   1.743936e-04   88        85        1         0         188683    
  85    1.634863e-12   4.048699e-08   2.986334e-04   89        86        1         0         190403    
  86    1.415060e-12   2.739041e-08   2.283130e-04   90        87        1         0         192144    
  87    1.057579e-12   2.299318e-08   4.642479e-04   91        88        1         0         193876    
  88    8.696861e-13   3.270846e-08   2.750467e-04   92        89        1         0         195614    
  89    5.794120e-13   3.341318e-08   5.050850e-04   93        90        1         0         197316    
  90    4.329470e-13   2.148802e-08   3.342679e-04   94        91        1         0         199057    
  91    4.002512e-13   3.741054e-09   6.121099e-05   95        92        1         0         200822    
  92    3.981002e-13   1.668686e-09   2.874319e-05   96        93        1         0         202608    
  93    3.975339e-13   2.173294e-09   1.071211e-05   97        94        1         0         204418    
  94    3.952342e-13   3.608290e-09   2.382845e-05   98        95        1         0         206198    
  95    3.894432e-13   6.000210e-09   3.277605e-05   99        96        1         0         207948    
  96    3.742436e-13   9.919571e-09   4.656665e-05   100       97        1         0         209686    
  97    3.386324e-13   1.524712e-08   6.248087e-05   101       98        1         0         211403    
  98    2.659405e-13   2.042840e-08   1.194894e-04   102       99        1         0         213147    
  99    1.611908e-13   2.034854e-08   2.498852e-04   103       100       1         0         214879    
  100   1.546364e-13   1.935402e-08   1.059617e-04   107       101       4         0         219881    
  101   7.842281e-14   1.026250e-08   2.430597e-04   108       102       1         0         221634    
  102   5.780266e-14   2.458699e-09   1.291897e-04   109       103       1         0         223399    
  103   5.601878e-14   1.917342e-10   2.709918e-05   110       104       1         0         225152    
Optimization Terminated with Status: Converged
The process took 315.427 seconds to run.
Total n_vmult for algorithm 225152
