Starting optimization with 20...
Optimizing FFD points to obtain target Gaussian bump...

Quasi-Newton Method with Limited-Memory BFGS
Line Search: Backtracking satisfying Null Curvature Condition
  iter  value          gnorm          snorm          #fval     #grad     ls_#fval  ls_#grad  
  0     1.460802e-03   8.749957e-03   
  1     1.385673e-03   8.423089e-03   8.749957e-03   2         2         1         0         
  2     3.322773e-04   1.299736e-03   2.338626e-01   3         3         1         0         
  3     2.825048e-04   9.363332e-04   5.051864e-02   4         4         1         0         
  4     2.261673e-04   7.936490e-04   9.483126e-02   5         5         1         0         
  5     1.854988e-04   5.921315e-04   1.054971e-01   6         6         1         0         
  6     1.572544e-04   5.930431e-04   1.491311e-01   7         7         1         0         
  7     1.412305e-04   3.337170e-04   8.572047e-02   8         8         1         0         
  8     1.322817e-04   3.009279e-04   4.358894e-02   9         9         1         0         
  9     1.118858e-04   3.066403e-04   1.643705e-01   10        10        1         0         
  10    1.068663e-04   2.965985e-04   7.570080e-02   12        11        2         0         
  11    1.024407e-04   1.408391e-04   5.737309e-02   13        12        1         0         
  12    9.995388e-05   1.194056e-04   3.716728e-02   14        13        1         0         
  13    9.615039e-05   2.102563e-04   6.726295e-02   15        14        1         0         
  14    8.839018e-05   3.491652e-04   1.548227e-01   16        15        1         0         
  15    7.521888e-05   4.295061e-04   3.005289e-01   17        16        1         0         
  16    6.260899e-05   2.558947e-04   3.285155e-01   18        17        1         0         
  17    5.934193e-05   8.126528e-05   9.518210e-02   19        18        1         0         
  18    5.894079e-05   2.584370e-05   2.140345e-02   20        19        1         0         
  19    5.886223e-05   3.389583e-05   1.369386e-02   21        20        1         0         
  20    5.863350e-05   5.336484e-05   2.597321e-02   22        21        1         0         
  21    5.799143e-05   9.078690e-05   5.525763e-02   23        22        1         0         
  22    5.635926e-05   1.508295e-04   1.319849e-01   24        23        1         0         
  23    5.258171e-05   2.289992e-04   3.190316e-01   25        24        1         0         
  24    4.522440e-05   2.994071e-04   6.772918e-01   26        25        1         0         
  25    3.601879e-05   2.655269e-04   1.034061e+00   27        26        1         0         
  26    3.580276e-05   4.442681e-04   1.245204e+00   28        27        1         0         
  27    2.816153e-05   9.339593e-05   4.139457e-01   29        28        1         0         
  28    2.750920e-05   2.926966e-05   1.174097e-01   30        29        1         0         
  29    2.741315e-05   9.368266e-06   3.359770e-02   31        30        1         0         
Optimization Terminated with Status: Converged
 Done target optimization...
 Resetting problem to initial conditions and target previous FFD points 
 and aim for machine precision functional value....
The process took 389.023 seconds to run.
********************************************************
Biros and Ghattas Full-space method...with P2 preconditioner
Using 16020 design variables: 16000 simulation variables and 20 control variables.
Line Search: Backtracking satisfying Null Curvature Condition
********************************************************
Iteration         Func. val.        ||Lagr. grad.||   ||Constraint||    ||Search dir||    search_ctl_norm   search_sim_norm   search_adj_norm   n_kkt_iter        n_linesearches    n_grad            n_vmult_total     

Iteration         Func. val.        ||Lagr. grad.||   ||Constraint||    ||Search dir||    search_ctl_norm   search_sim_norm   search_adj_norm   n_kkt_iter        n_linesearches    n_grad            n_vmult_total     
1                 7.18431e-06       0.00416512        0.0155974         8.40775           3.50778           4.57835           6.11756           27                1                 0                 26977             
Iteration         Func. val.        ||Lagr. grad.||   ||Constraint||    ||Search dir||    search_ctl_norm   search_sim_norm   search_adj_norm   n_kkt_iter        n_linesearches    n_grad            n_vmult_total     
2                 2.33923e-07       0.000208189       0.000395521       1.23638           0.802516          0.370321          0.864561          23                1                 0                 48336             
Iteration         Func. val.        ||Lagr. grad.||   ||Constraint||    ||Search dir||    search_ctl_norm   search_sim_norm   search_adj_norm   n_kkt_iter        n_linesearches    n_grad            n_vmult_total     
3                 2.86934e-10       2.77714e-05       1.76879e-05       1.1839            1.14724           0.0878489         0.278812          26                1                 0                 72503             
Iteration         Func. val.        ||Lagr. grad.||   ||Constraint||    ||Search dir||    search_ctl_norm   search_sim_norm   search_adj_norm   n_kkt_iter        n_linesearches    n_grad            n_vmult_total     
4                 2.97009e-13       2.04218e-08       1.0257e-08        0.0732835         0.0724853         0.00268446        0.0104476         26                1                 0                 96664             
Iteration         Func. val.        ||Lagr. grad.||   ||Constraint||    ||Search dir||    search_ctl_norm   search_sim_norm   search_adj_norm   n_kkt_iter        n_linesearches    n_grad            n_vmult_total     
5                 2.96475e-14       5.40533e-12       7.85691e-12       0.0326933         0.0326932         6.38133e-05       1.3352e-05        28                1                 0                 122558            
Optimization Terminated with Status: Converged
The process took 1155.59 seconds to run.
Total n_vmult for algorithm 122558
