Starting optimization with 80...
Optimizing FFD points to obtain target Gaussian bump...

Quasi-Newton Method with Limited-Memory BFGS
Line Search: Backtracking satisfying Null Curvature Condition
  iter  value          gnorm          snorm          #fval     #grad     ls_#fval  ls_#grad  n_vmult   
  0     1.460201e-03   6.441823e-03   
  1     1.419032e-03   6.339985e-03   6.441823e-03   2         2         1         0         145615    
  2     4.297907e-05   7.318456e-04   4.054681e-01   3         3         1         0         148748    
  3     1.656555e-05   2.789950e-04   5.824099e-02   4         4         1         0         151449    
  4     9.830597e-06   2.310293e-04   3.738521e-02   5         5         1         0         153472    
  5     6.511143e-06   3.100843e-04   5.198942e-02   6         6         1         0         156344    
  6     3.955660e-06   1.043767e-04   1.646307e-02   7         7         1         0         158391    
  7     3.287982e-06   8.483406e-05   9.505433e-03   8         8         1         0         160489    
  8     2.482998e-06   7.700087e-05   1.709405e-02   9         9         1         0         162584    
  9     1.735211e-06   6.218732e-05   2.522287e-02   10        10        1         0         164682    
  10    1.690005e-06   1.045468e-04   1.386182e-02   12        11        2         0         168172    
  11    1.471615e-06   3.055752e-05   3.800078e-03   13        12        1         0         170297    
  12    1.413328e-06   2.734393e-05   2.836156e-03   14        13        1         0         172479    
  13    1.297829e-06   3.016047e-05   8.693874e-03   15        14        1         0         174601    
  14    1.197555e-06   2.127274e-05   9.895762e-03   16        15        1         0         176801    
  15    1.110932e-06   1.227087e-05   1.249498e-02   17        16        1         0         179007    
  16    1.075252e-06   1.091314e-05   9.337015e-03   18        17        1         0         181174    
  17    1.057515e-06   8.255349e-06   4.245812e-03   19        18        1         0         183431    
Optimization Terminated with Status: Converged
 Done target optimization...
 Resetting problem to initial conditions and target previous FFD points 
 and aim for machine precision functional value....
The process took 75.7172 seconds to run.
Starting optimization with 80...

Quasi-Newton Method with Limited-Memory BFGS
Line Search: Backtracking satisfying Null Curvature Condition
-------------------------------------------------------------------------------------------------------------
Quasi-Newton Method status output definitions

  iter     - Number of iterates (steps taken) 
  value    - Objective function value 
  gnorm    - Norm of the gradient
  snorm    - Norm of the step (update to optimization vector)
  #fval    - Cumulative number of times the objective function was evaluated
  #grad    - Number of times the gradient was computed
-------------------------------------------------------------------------------------------------------------
  iter  value          gnorm          snorm          #fval     #grad     ls_#fval  ls_#grad  n_vmult   
  0     1.457527e-03   6.437179e-03   
  1     1.416418e-03   6.335448e-03   6.437179e-03   2         2         1         0         2669      
  2     4.190544e-05   7.310857e-04   4.053204e-01   3         3         1         0         5799      
  3     1.552845e-05   2.789648e-04   5.820851e-02   4         4         1         0         8500      
  4     8.787126e-06   2.309489e-04   3.740958e-02   5         5         1         0         10523     
  5     5.470274e-06   3.108093e-04   5.207735e-02   6         6         1         0         13395     
  6     2.904154e-06   1.046485e-04   1.648669e-02   7         7         1         0         15442     
  7     2.232412e-06   8.522994e-05   9.527737e-03   8         8         1         0         17537     
  8     1.416909e-06   7.778697e-05   1.724286e-02   9         9         1         0         19629     
  9     6.663204e-07   6.927158e-05   2.566133e-02   10        10        1         0         21730     
  10    5.696013e-07   9.249305e-05   1.420656e-02   12        11        2         0         25244     
  11    3.820570e-07   3.037505e-05   3.589541e-03   13        12        1         0         27381     
  12    3.187810e-07   2.821974e-05   3.142404e-03   14        13        1         0         29560     
  13    2.101474e-07   3.044002e-05   8.162736e-03   15        14        1         0         31718     
  14    1.109445e-07   1.972626e-05   9.987105e-03   16        15        1         0         33915     
  15    4.812990e-08   9.865141e-06   1.001744e-02   17        16        1         0         36136     
  16    2.714846e-08   6.896928e-06   5.914584e-03   18        17        1         0         38288     
  17    2.062660e-08   5.248417e-06   2.451879e-03   19        18        1         0         40488     
  18    1.722007e-08   4.568736e-06   1.615445e-03   20        19        1         0         42790     
  19    1.341351e-08   4.740980e-06   1.809564e-03   21        20        1         0         45113     
  20    6.464276e-09   6.154769e-06   4.614596e-03   22        21        1         0         47460     
  21    3.087180e-09   3.901538e-06   3.810408e-03   23        22        1         0         49759     
  22    2.514925e-09   1.966480e-06   9.375605e-04   25        23        2         0         53627     
  23    2.307881e-09   5.252231e-07   3.890953e-04   26        24        1         0         55995     
  24    2.279753e-09   3.878498e-07   1.530980e-04   27        25        1         0         58447     
  25    2.242980e-09   5.462814e-07   1.594018e-04   28        26        1         0         60872     
  26    2.150184e-09   1.044551e-06   4.194229e-04   29        27        1         0         63246     
  27    1.972971e-09   1.630504e-06   8.848869e-04   30        28        1         0         65641     
  28    1.623422e-09   2.088070e-06   1.937061e-03   31        29        1         0         68000     
  29    1.141663e-09   1.917788e-06   2.956097e-03   32        30        1         0         70323     
  30    1.015923e-09   1.956539e-06   2.755449e-03   34        31        2         0         74368     
  31    6.193553e-10   6.492387e-07   1.059188e-03   35        32        1         0         76730     
  32    4.964755e-10   3.910385e-07   3.881756e-04   36        33        1         0         79107     
  33    4.357523e-10   6.412067e-07   3.840217e-04   37        34        1         0         81514     
  34    3.786247e-10   6.077109e-07   5.219161e-04   38        35        1         0         83957     
  35    3.527112e-10   6.448656e-07   5.191149e-04   40        36        2         0         87897     
  36    3.166727e-10   2.095722e-07   3.769369e-04   41        37        1         0         90310     
  37    3.040532e-10   2.111460e-07   2.041636e-04   42        38        1         0         92747     
  38    2.926870e-10   3.513530e-07   1.976993e-04   43        39        1         0         95166     
  39    2.730126e-10   4.705596e-07   3.326105e-04   44        40        1         0         97588     
  40    2.437528e-10   4.180086e-07   5.256648e-04   45        41        1         0         100010    
  41    2.144593e-10   2.324036e-07   5.963908e-04   46        42        1         0         102447    
  42    1.939328e-10   1.985645e-07   4.928180e-04   47        43        1         0         104860    
  43    1.806167e-10   3.498144e-07   3.270435e-04   48        44        1         0         107348    
  44    1.526987e-10   5.354022e-07   7.902328e-04   49        45        1         0         109812    
  45    1.204485e-10   5.246755e-07   1.082183e-03   50        46        1         0         112198    
  46    7.742630e-11   3.810657e-07   1.692347e-03   51        47        1         0         114575    
  47    5.425946e-11   1.973965e-07   1.482868e-03   52        48        1         0         116970    
  48    4.296959e-11   1.588109e-07   3.199477e-04   53        49        1         0         119374    
  49    3.545994e-11   1.850149e-07   2.581634e-04   54        50        1         0         121826    
  50    3.019637e-11   2.278287e-07   3.862778e-04   55        51        1         0         124221    
  51    2.534745e-11   1.034820e-07   3.153673e-04   56        52        1         0         126652    
  52    2.389600e-11   5.083320e-08   1.595465e-04   57        53        1         0         129134    
  53    2.313149e-11   3.468495e-08   1.442519e-04   58        54        1         0         131628    
  54    2.246860e-11   5.350465e-08   9.230897e-05   59        55        1         0         133354    
  55    2.122935e-11   8.546652e-08   1.308582e-04   60        56        1         0         135011    
  56    1.970814e-11   9.540688e-08   1.297264e-04   61        57        1         0         136713    
  57    1.713571e-11   8.876887e-08   3.209829e-04   62        58        1         0         138346    
  58    1.656898e-11   7.610539e-08   7.632684e-05   65        59        3         0         144389    
  59    1.588551e-11   2.972214e-08   1.112699e-04   66        60        1         0         146916    
  60    1.573144e-11   1.016641e-08   7.793449e-05   67        61        1         0         148621    
  61    1.570324e-11   1.208917e-08   9.996257e-06   68        62        1         0         150398    
  62    1.542307e-11   3.389045e-08   7.182185e-05   69        63        1         0         152133    
  63    1.491518e-11   6.028636e-08   1.094357e-04   70        64        1         0         153868    
  64    1.355344e-11   1.021002e-07   2.943021e-04   71        65        1         0         155585    
  65    1.101326e-11   1.383950e-07   5.957521e-04   72        66        1         0         157284    
  66    7.475815e-12   1.337487e-07   9.445591e-04   73        67        1         0         158950    
  67    5.948001e-12   1.457589e-07   6.566277e-04   75        68        2         0         163175    
  68    2.573052e-12   5.634618e-08   7.894190e-04   76        69        1         0         165618    
  69    1.407399e-12   1.563765e-08   2.586446e-04   77        70        1         0         168118    
  70    1.105239e-12   3.067350e-08   1.076565e-04   78        71        1         0         169847    
  71    8.551362e-13   2.916513e-08   1.071221e-04   79        72        1         0         171555    
  72    8.198080e-13   2.862721e-08   4.330922e-05   83        73        4         0         178483    
  73    6.670341e-13   1.081324e-08   1.105235e-04   84        74        1         0         180200    
  74    6.459944e-13   1.911698e-09   4.922351e-05   85        75        1         0         181971    
  75    6.444907e-13   8.773185e-10   1.298534e-05   86        76        1         0         183763    
Optimization Terminated with Status: Converged
The process took 252.782 seconds to run.
Total n_vmult for algorithm 183763
