Starting optimization with 60...
Optimizing FFD points to obtain target Gaussian bump...

Quasi-Newton Method with Limited-Memory BFGS
Line Search: Backtracking satisfying Null Curvature Condition
  iter  value          gnorm          snorm          #fval     #grad     ls_#fval  ls_#grad  
  0     1.460802e-03   6.829650e-03   
  1     1.414590e-03   6.703324e-03   6.829650e-03   2         2         1         0         
  2     8.585357e-05   8.699499e-04   3.692282e-01   3         3         1         0         
  3     4.856378e-05   4.413051e-04   6.362464e-02   4         4         1         0         
  4     2.981482e-05   3.450049e-04   6.274646e-02   5         5         1         0         
  5     1.616972e-05   2.406713e-04   7.615985e-02   6         6         1         0         
  6     1.278269e-05   2.987936e-04   4.360984e-02   8         7         2         0         
  7     9.110134e-06   1.374179e-04   3.486915e-02   9         8         1         0         
  8     7.324155e-06   1.095564e-04   2.520079e-02   10        9         1         0         
  9     5.473135e-06   9.141066e-05   3.655628e-02   11        10        1         0         
  10    3.940946e-06   8.954674e-05   4.368354e-02   12        11        1         0         
  11    3.599083e-06   1.286028e-04   3.166161e-02   14        12        2         0         
  12    3.054259e-06   4.589850e-05   9.227360e-03   15        13        1         0         
  13    2.847829e-06   4.349269e-05   7.676475e-03   16        14        1         0         
  14    2.455042e-06   5.153871e-05   1.934933e-02   17        15        1         0         
  15    1.992560e-06   4.102576e-05   3.089459e-02   18        16        1         0         
  16    1.682280e-06   2.397543e-05   2.827116e-02   19        17        1         0         
  17    1.452273e-06   2.678897e-05   3.115747e-02   20        18        1         0         
  18    1.323043e-06   3.285794e-05   2.306792e-02   21        19        1         0         
  19    1.245437e-06   2.775925e-05   2.605767e-02   22        20        1         0         
  20    1.205646e-06   7.204036e-06   4.712906e-03   23        21        1         0         
Optimization Terminated with Status: Converged
 Done target optimization...
 Resetting problem to initial conditions and target previous FFD points 
 and aim for machine precision functional value....
The process took 303.621 seconds to run.
********************************************************
Biros and Ghattas Full-space method...with P2 preconditioner
Using 16060 design variables: 16000 simulation variables and 60 control variables.
Line Search: Backtracking satisfying Null Curvature Condition
********************************************************
Iteration         Func. val.        ||Lagr. grad.||   ||Constraint||    ||Search dir||    search_ctl_norm   search_sim_norm   search_adj_norm   n_kkt_iter        n_linesearches    n_grad            n_vmult_total     

Iteration         Func. val.        ||Lagr. grad.||   ||Constraint||    ||Search dir||    search_ctl_norm   search_sim_norm   search_adj_norm   n_kkt_iter        n_linesearches    n_grad            n_vmult_total     
1                 7.24545e-06       0.00507108        0.0184414         35.7575           34.9255           4.67601           6.07813           51                1                 0                 49660             
Iteration         Func. val.        ||Lagr. grad.||   ||Constraint||    ||Search dir||    search_ctl_norm   search_sim_norm   search_adj_norm   n_kkt_iter        n_linesearches    n_grad            n_vmult_total     
2                 7.39858e-07       0.000239719       0.000464261       19.8926           19.8667           0.418391          0.923929          40                1                 0                 86414             
Iteration         Func. val.        ||Lagr. grad.||   ||Constraint||    ||Search dir||    search_ctl_norm   search_sim_norm   search_adj_norm   n_kkt_iter        n_linesearches    n_grad            n_vmult_total     
3                 7.23682e-10       4.23892e-05       5.94767e-05       15.2342           15.2315           0.135434          0.256591          44                1                 0                 126994            
Iteration         Func. val.        ||Lagr. grad.||   ||Constraint||    ||Search dir||    search_ctl_norm   search_sim_norm   search_adj_norm   n_kkt_iter        n_linesearches    n_grad            n_vmult_total     
4                 5.01006e-13       5.06033e-08       2.49749e-08       0.191921          0.190906          0.00447833        0.0191953         45                1                 0                 168217            
Iteration         Func. val.        ||Lagr. grad.||   ||Constraint||    ||Search dir||    search_ctl_norm   search_sim_norm   search_adj_norm   n_kkt_iter        n_linesearches    n_grad            n_vmult_total     
5                 8.19319e-14       2.8727e-11        1.63734e-11       0.0218013         0.0218009         9.47697e-05       7.9316e-05        47                1                 0                 211170            
Optimization Terminated with Status: Converged
The process took 1501.03 seconds to run.
Total n_vmult for algorithm 211170
