Starting optimization with 60...
Optimizing FFD points to obtain target Gaussian bump...

Quasi-Newton Method with Limited-Memory BFGS
Line Search: Backtracking satisfying Null Curvature Condition
  iter  value          gnorm          snorm          #fval     #grad     ls_#fval  ls_#grad  
  0     1.460201e-03   6.826447e-03   
  1     1.414032e-03   6.700248e-03   6.826447e-03   2         2         1         0         
  2     8.581085e-05   8.695164e-04   3.693049e-01   3         3         1         0         
  3     4.855924e-05   4.414736e-04   6.361448e-02   4         4         1         0         
  4     2.985074e-05   3.469073e-04   6.280718e-02   5         5         1         0         
  5     1.715707e-05   3.280187e-04   7.783714e-02   6         6         1         0         
  6     1.275539e-05   2.263374e-04   4.299333e-02   8         7         2         0         
  7     1.010194e-05   1.419479e-04   2.297206e-02   9         8         1         0         
  8     7.601184e-06   1.235768e-04   3.426926e-02   10        9         1         0         
  9     5.699978e-06   9.775812e-05   3.533346e-02   11        10        1         0         
  10    3.889094e-06   1.038111e-04   5.268546e-02   12        11        1         0         
  11    3.725688e-06   1.563155e-04   3.172901e-02   14        12        2         0         
  12    3.129741e-06   4.501199e-05   8.625159e-03   15        13        1         0         
  13    2.977567e-06   4.195969e-05   5.557766e-03   16        14        1         0         
  14    2.599230e-06   5.145481e-05   1.741687e-02   17        15        1         0         
  15    2.080303e-06   4.871394e-05   3.109621e-02   18        16        1         0         
  16    1.791724e-06   5.237075e-05   3.578165e-02   19        17        1         0         
  17    1.649357e-06   3.403095e-05   1.903305e-02   20        18        1         0         
  18    1.561063e-06   1.973508e-05   6.425450e-03   21        19        1         0         
  19    1.445070e-06   2.143467e-05   1.063978e-02   22        20        1         0         
  20    1.298115e-06   2.848189e-05   2.307824e-02   23        21        1         0         
  21    1.187892e-06   1.828104e-05   2.846937e-02   24        22        1         0         
  22    1.175070e-06   1.735386e-05   1.018198e-02   26        23        2         0         
  23    1.158548e-06   3.801846e-06   4.128377e-03   27        24        1         0         
Optimization Terminated with Status: Converged
 Done target optimization...
 Resetting problem to initial conditions and target previous FFD points 
 and aim for machine precision functional value....
The process took 97.0476 seconds to run.
********************************************************
Biros and Ghattas Full-space method...with P2 preconditioner
Using 9060 design variables: 9000 simulation variables and 60 control variables.
Line Search: Backtracking satisfying Null Curvature Condition
********************************************************
Iteration         Func. val.        ||Lagr. grad.||   ||Constraint||    ||Search dir||    search_ctl_norm   search_sim_norm   search_adj_norm   n_kkt_iter        n_linesearches    n_grad            n_vmult_total     

Iteration         Func. val.        ||Lagr. grad.||   ||Constraint||    ||Search dir||    search_ctl_norm   search_sim_norm   search_adj_norm   n_kkt_iter        n_linesearches    n_grad            n_vmult_total     
1                 6.93184e-06       0.00512924        0.0223255         10.6853           8.97119           3.51937           4.61607           47                1                 0                 39977             
Iteration         Func. val.        ||Lagr. grad.||   ||Constraint||    ||Search dir||    search_ctl_norm   search_sim_norm   search_adj_norm   n_kkt_iter        n_linesearches    n_grad            n_vmult_total     
2                 4.79721e-07       0.000204168       0.000531016       5.17463           5.1251            0.291185          0.652243          37                1                 0                 70174             
Iteration         Func. val.        ||Lagr. grad.||   ||Constraint||    ||Search dir||    search_ctl_norm   search_sim_norm   search_adj_norm   n_kkt_iter        n_linesearches    n_grad            n_vmult_total     
3                 2.23639e-10       2.88944e-05       3.21685e-05       3.86003           3.85424           0.074915          0.197639          41                1                 0                 103651            
Iteration         Func. val.        ||Lagr. grad.||   ||Constraint||    ||Search dir||    search_ctl_norm   search_sim_norm   search_adj_norm   n_kkt_iter        n_linesearches    n_grad            n_vmult_total     
4                 4.22836e-13       1.27304e-08       6.69865e-09       0.0592059         0.0589245         0.00171434        0.00550507        45                1                 0                 140384            
Iteration         Func. val.        ||Lagr. grad.||   ||Constraint||    ||Search dir||    search_ctl_norm   search_sim_norm   search_adj_norm   n_kkt_iter        n_linesearches    n_grad            n_vmult_total     
5                 1.96789e-14       2.25685e-12       1.02176e-11       0.0342808         0.0342807         7.80246e-05       2.35864e-05       50                1                 0                 180929            
Optimization Terminated with Status: Converged
The process took 321.176 seconds to run.
Total n_vmult for algorithm 180929
