Starting optimization with 20...
Optimizing FFD points to obtain target Gaussian bump...

Quasi-Newton Method with Limited-Memory BFGS
Line Search: Backtracking satisfying Null Curvature Condition
  iter  value          gnorm          snorm          #fval     #grad     ls_#fval  ls_#grad  
  0     1.446428e-03   8.617416e-03   
  1     1.373532e-03   8.301245e-03   8.617416e-03   2         2         1         0         
  2     3.324282e-04   1.278522e-03   2.349419e-01   3         3         1         0         
  3     2.832446e-04   9.348592e-04   5.047044e-02   4         4         1         0         
  4     2.256474e-04   7.858799e-04   9.796020e-02   5         5         1         0         
  5     1.852895e-04   5.751587e-04   1.050509e-01   6         6         1         0         
  6     1.574817e-04   5.943762e-04   1.500918e-01   7         7         1         0         
  7     1.416895e-04   3.866348e-04   9.286434e-02   8         8         1         0         
  8     1.321723e-04   3.124451e-04   4.089661e-02   9         9         1         0         
  9     1.139602e-04   2.737506e-04   1.507781e-01   10        10        1         0         
  10    1.116838e-04   4.522718e-04   1.175393e-01   11        11        1         0         
  11    1.060841e-04   1.521518e-04   2.190162e-02   12        12        1         0         
  12    1.041133e-04   1.225155e-04   1.907557e-02   13        13        1         0         
  13    9.983214e-05   2.400630e-04   6.263304e-02   14        14        1         0         
  14    9.192866e-05   4.007909e-04   1.398989e-01   15        15        1         0         
  15    7.821543e-05   4.912531e-04   2.844065e-01   16        16        1         0         
  16    6.592686e-05   3.117297e-04   2.983695e-01   17        17        1         0         
  17    6.366711e-05   1.663025e-04   1.193693e-01   18        18        1         0         
  18    6.234234e-05   3.444488e-05   3.146224e-02   19        19        1         0         
  19    6.221718e-05   2.854403e-05   1.433208e-02   20        20        1         0         
  20    6.207630e-05   4.458091e-05   1.327909e-02   21        21        1         0         
  21    6.167349e-05   8.396687e-05   3.027465e-02   22        22        1         0         
  22    6.071995e-05   1.440410e-04   6.873409e-02   23        23        1         0         
  23    5.847758e-05   2.258299e-04   1.699418e-01   24        24        1         0         
  24    5.386948e-05   3.067069e-04   3.739007e-01   25        25        1         0         
  25    4.558612e-05   3.453933e-04   7.152930e-01   26        26        1         0         
  26    3.788838e-05   3.981478e-04   1.110121e+00   27        27        1         0         
  27    3.202570e-05   1.905893e-04   5.886344e-01   28        28        1         0         
  28    2.953729e-05   4.865509e-05   1.882703e-01   29        29        1         0         
  29    2.919774e-05   8.153735e-06   7.304215e-02   30        30        1         0         
Optimization Terminated with Status: Converged
 Done target optimization...
 Resetting problem to initial conditions and target previous FFD points 
 and aim for machine precision functional value....
The process took 20.7177 seconds to run.
********************************************************
Biros and Ghattas Full-space method...with P4A preconditioner
Using 4020 design variables: 4000 simulation variables and 20 control variables.
Line Search: Backtracking satisfying Null Curvature Condition
********************************************************
Iteration         Func. val.        ||Lagr. grad.||   ||Constraint||    ||Search dir||    search_ctl_norm   search_sim_norm   search_adj_norm   n_kkt_iter        n_linesearches    n_grad            n_vmult_total     

Iteration         Func. val.        ||Lagr. grad.||   ||Constraint||    ||Search dir||    search_ctl_norm   search_sim_norm   search_adj_norm   n_kkt_iter        n_linesearches    n_grad            n_vmult_total     
1                 8.29044e-06       0.00323333        0.0205001         8.75004           7.90125           2.37633           2.91315           262               1                 0                 24708             
Iteration         Func. val.        ||Lagr. grad.||   ||Constraint||    ||Search dir||    search_ctl_norm   search_sim_norm   search_adj_norm   n_kkt_iter        n_linesearches    n_grad            n_vmult_total     
2                 8.59723e-08       8.12585e-05       0.000353606       4.25355           4.23705           0.201858          0.31519           204               1                 0                 43656             
Iteration         Func. val.        ||Lagr. grad.||   ||Constraint||    ||Search dir||    search_ctl_norm   search_sim_norm   search_adj_norm   n_kkt_iter        n_linesearches    n_grad            n_vmult_total     
3                 5.2128e-11        1.99403e-06       2.56226e-06       3.08456           3.08392           0.0242213         0.0581764         224               1                 0                 64444             
Iteration         Func. val.        ||Lagr. grad.||   ||Constraint||    ||Search dir||    search_ctl_norm   search_sim_norm   search_adj_norm   n_kkt_iter        n_linesearches    n_grad            n_vmult_total     
4                 5.88066e-15       1.32352e-09       1.35438e-09       0.367011          0.367007          0.000572287       0.00150705        243               1                 0                 86980             
Iteration         Func. val.        ||Lagr. grad.||   ||Constraint||    ||Search dir||    search_ctl_norm   search_sim_norm   search_adj_norm   n_kkt_iter        n_linesearches    n_grad            n_vmult_total     
5                 1.12593e-14       5.2409e-12        3.26498e-12       0.00412666        0.00412666        4.69633e-06       2.44516e-06       226               1                 0                 107952            
Optimization Terminated with Status: Converged
The process took 22.056 seconds to run.
Total n_vmult for algorithm 107952
