Starting optimization with 80...
Optimizing FFD points to obtain target Gaussian bump...

Quasi-Newton Method with Limited-Memory BFGS
Line Search: Backtracking satisfying Null Curvature Condition
  iter  value          gnorm          snorm          #fval     #grad     ls_#fval  ls_#grad  
  0     1.460201e-03   6.441823e-03   
  1     1.419032e-03   6.339985e-03   6.441823e-03   2         2         1         0         
  2     4.297907e-05   7.318456e-04   4.054681e-01   3         3         1         0         
  3     1.656555e-05   2.789950e-04   5.824099e-02   4         4         1         0         
  4     9.830597e-06   2.310293e-04   3.738521e-02   5         5         1         0         
  5     6.511143e-06   3.100843e-04   5.198942e-02   6         6         1         0         
  6     3.955660e-06   1.043767e-04   1.646307e-02   7         7         1         0         
  7     3.287982e-06   8.483406e-05   9.505433e-03   8         8         1         0         
  8     2.482998e-06   7.700087e-05   1.709405e-02   9         9         1         0         
  9     1.735211e-06   6.218732e-05   2.522287e-02   10        10        1         0         
  10    1.690005e-06   1.045468e-04   1.386182e-02   12        11        2         0         
  11    1.471615e-06   3.055752e-05   3.800078e-03   13        12        1         0         
  12    1.413328e-06   2.734393e-05   2.836156e-03   14        13        1         0         
  13    1.297829e-06   3.016047e-05   8.693874e-03   15        14        1         0         
  14    1.197555e-06   2.127274e-05   9.895762e-03   16        15        1         0         
  15    1.110932e-06   1.227087e-05   1.249498e-02   17        16        1         0         
  16    1.075252e-06   1.091314e-05   9.337015e-03   18        17        1         0         
  17    1.057515e-06   8.255349e-06   4.245812e-03   19        18        1         0         
Optimization Terminated with Status: Converged
 Done target optimization...
 Resetting problem to initial conditions and target previous FFD points 
 and aim for machine precision functional value....
The process took 75.3273 seconds to run.
********************************************************
Biros and Ghattas Full-space method...with P4A preconditioner
Using 9080 design variables: 9000 simulation variables and 80 control variables.
Line Search: Backtracking satisfying Null Curvature Condition
********************************************************
Iteration         Func. val.        ||Lagr. grad.||   ||Constraint||    ||Search dir||    search_ctl_norm   search_sim_norm   search_adj_norm   n_kkt_iter        n_linesearches    n_grad            n_vmult_total     

Iteration         Func. val.        ||Lagr. grad.||   ||Constraint||    ||Search dir||    search_ctl_norm   search_sim_norm   search_adj_norm   n_kkt_iter        n_linesearches    n_grad            n_vmult_total     
1                 6.63718e-06       0.00528357        0.0223856         16.7167           15.6776           3.51866           4.613             485               1                 0                 45490             
Iteration         Func. val.        ||Lagr. grad.||   ||Constraint||    ||Search dir||    search_ctl_norm   search_sim_norm   search_adj_norm   n_kkt_iter        n_linesearches    n_grad            n_vmult_total     
2                 6.22225e-07       0.00021678        0.000520452       7.53585           7.50119           0.288317          0.661828          297               1                 0                 73094             
Iteration         Func. val.        ||Lagr. grad.||   ||Constraint||    ||Search dir||    search_ctl_norm   search_sim_norm   search_adj_norm   n_kkt_iter        n_linesearches    n_grad            n_vmult_total     
3                 4.6655e-10        3.27621e-05       4.41843e-05       8.19936           8.19671           0.0841071         0.190304          365               1                 0                 106954            
Iteration         Func. val.        ||Lagr. grad.||   ||Constraint||    ||Search dir||    search_ctl_norm   search_sim_norm   search_adj_norm   n_kkt_iter        n_linesearches    n_grad            n_vmult_total     
4                 1.23355e-13       4.67048e-08       2.47363e-08       0.0942135         0.0934064         0.00282464        0.0119772         383               1                 0                 142470            
Iteration         Func. val.        ||Lagr. grad.||   ||Constraint||    ||Search dir||    search_ctl_norm   search_sim_norm   search_adj_norm   n_kkt_iter        n_linesearches    n_grad            n_vmult_total     
5                 5.50329e-14       9.29074e-12       6.86083e-12       0.0189857         0.0189857         3.95983e-05       1.06826e-05       410               1                 0                 180470            
Optimization Terminated with Status: Converged
The process took 197.593 seconds to run.
Total n_vmult for algorithm 180470
