Starting optimization with 40...
Optimizing FFD points to obtain target Gaussian bump...

Quasi-Newton Method with Limited-Memory BFGS
Line Search: Backtracking satisfying Null Curvature Condition
  iter  value          gnorm          snorm          #fval     #grad     ls_#fval  ls_#grad  n_vmult   
  0     1.460201e-03   7.437042e-03   
  1     1.405545e-03   7.261599e-03   7.437042e-03   2         2         1         0         164871    
  2     1.709190e-04   1.049687e-03   3.164206e-01   3         3         1         0         167983    
  3     1.229259e-04   6.544056e-04   6.348910e-02   4         4         1         0         170747    
  4     8.496936e-05   5.406620e-04   8.872646e-02   5         5         1         0         173433    
  5     5.696390e-05   3.718299e-04   1.014965e-01   6         6         1         0         176218    
  6     3.920733e-05   3.499325e-04   1.214776e-01   7         7         1         0         178952    
  7     3.297265e-05   2.396411e-04   6.368179e-02   9         8         2         0         183819    
  8     2.910771e-05   1.687192e-04   3.365108e-02   10        9         1         0         186703    
  9     2.444213e-05   1.564133e-04   5.710782e-02   11        10        1         0         189530    
  10    2.075683e-05   2.639221e-04   8.421325e-02   12        11        1         0         192462    
  11    1.755173e-05   1.257797e-04   6.876497e-02   13        12        1         0         195268    
  12    1.631089e-05   7.835608e-05   1.544604e-02   14        13        1         0         197393    
  13    1.502323e-05   7.725890e-05   2.837626e-02   15        14        1         0         199539    
  14    1.333381e-05   1.011537e-04   4.700232e-02   16        15        1         0         201688    
  15    9.834674e-06   1.219523e-04   1.252056e-01   17        16        1         0         203792    
  16    9.198326e-06   1.282839e-04   3.745655e-02   20        17        3         0         209598    
  17    7.697285e-06   5.769454e-05   7.484027e-02   21        18        1         0         211690    
  18    7.296367e-06   2.214923e-05   1.922799e-02   22        19        1         0         213824    
  19    7.124236e-06   2.768619e-05   1.095430e-02   23        20        1         0         216063    
  20    6.839855e-06   4.692986e-05   2.211999e-02   24        21        1         0         218281    
  21    6.126658e-06   7.853577e-05   6.456008e-02   25        22        1         0         220466    
  22    4.877210e-06   1.006649e-04   1.318000e-01   26        23        1         0         222552    
  23    3.732017e-06   1.116144e-04   1.863565e-01   27        24        1         0         224632    
  24    3.269618e-06   7.226973e-05   1.630371e-01   28        25        1         0         226658    
  25    2.783671e-06   1.845360e-05   8.000982e-02   29        26        1         0         228789    
  26    2.745580e-06   6.390770e-06   1.435014e-02   30        27        1         0         230953    
Optimization Terminated with Status: Converged
 Done target optimization...
 Resetting problem to initial conditions and target previous FFD points 
 and aim for machine precision functional value....
The process took 107.04 seconds to run.
Starting optimization with 40...

Newton-Krylov using GMRES with Limited-Memory BFGS preconditioning
Line Search: Backtracking satisfying Null Curvature Condition
-------------------------------------------------------------------------------------------------------------
Newton-Krylov status output definitions

  iter     - Number of iterates (steps taken) 
  value    - Objective function value 
  gnorm    - Norm of the gradient
  snorm    - Norm of the step (update to optimization vector)
  #fval    - Cumulative number of times the objective function was evaluated
  #grad    - Number of times the gradient was computed
  iterCG   - Number of Krylov iterations used to compute search direction
  flagCG   - Krylov solver flag
-------------------------------------------------------------------------------------------------------------
  iter  value          gnorm          snorm          #fval     #grad     iterCG    flagCG    ls_#fval  ls_#grad  n_vmult   
  0     1.456825e-03   7.436021e-03   
  1     1.732851e-05   7.919211e-04   2.734664e+01   2         2         25        0         1         0         25346     
  2     4.700209e-09   1.221233e-05   2.702777e+01   3         3         24        0         1         0         47403     
  3     3.575824e-15   2.622837e-09   3.718086e-01   4         4         26        0         1         0         70276     
  4     3.644107e-19   9.146715e-14   1.645135e-02   5         5         28        0         1         0         93620     
Optimization Terminated with Status: Converged
The process took 198.403 seconds to run.
Total n_vmult for algorithm 93620
