Starting optimization with 80...
Optimizing FFD points to obtain target Gaussian bump...

Quasi-Newton Method with Limited-Memory BFGS
Line Search: Backtracking satisfying Null Curvature Condition
  iter  value          gnorm          snorm          #fval     #grad     ls_#fval  ls_#grad  n_vmult   
  0     1.460802e-03   6.444868e-03   
  1     1.419595e-03   6.342921e-03   6.444868e-03   2         2         1         0         269579    
  2     4.302171e-05   7.317316e-04   4.053600e-01   3         3         1         0         273626    
  3     1.653590e-05   2.752922e-04   5.821486e-02   4         4         1         0         277383    
  4     9.616203e-06   2.089040e-04   3.691087e-02   5         5         1         0         280280    
  5     6.298306e-06   3.122698e-04   5.280383e-02   6         6         1         0         283213    
  6     3.698954e-06   1.098154e-04   2.227217e-02   7         7         1         0         286131    
  7     3.114533e-06   7.900938e-05   7.316175e-03   8         8         1         0         289118    
  8     2.215774e-06   5.993256e-05   1.953031e-02   9         9         1         0         292111    
  9     1.675611e-06   4.279784e-05   2.017394e-02   10        10        1         0         295104    
  10    1.558217e-06   7.549305e-05   1.196773e-02   12        11        2         0         300205    
  11    1.371973e-06   2.925008e-05   8.962543e-03   13        12        1         0         303246    
  12    1.295499e-06   2.227564e-05   5.302264e-03   14        13        1         0         306302    
  13    1.209642e-06   1.979304e-05   8.612924e-03   15        14        1         0         309376    
  14    1.130710e-06   1.488471e-05   9.519826e-03   16        15        1         0         312435    
  15    1.071606e-06   1.022211e-05   1.242468e-02   17        16        1         0         315509    
  16    1.047016e-06   1.131812e-05   8.035969e-03   18        17        1         0         318577    
  17    1.029348e-06   1.099115e-05   4.787230e-03   19        18        1         0         321699    
  18    1.008002e-06   9.607738e-06   5.949515e-03   20        19        1         0         324818    
Optimization Terminated with Status: Converged
 Done target optimization...
 Resetting problem to initial conditions and target previous FFD points 
 and aim for machine precision functional value....
The process took 299.306 seconds to run.
Starting optimization with 80...

Newton-Krylov using GMRES with Limited-Memory BFGS preconditioning
Line Search: Backtracking satisfying Null Curvature Condition
-------------------------------------------------------------------------------------------------------------
Newton-Krylov status output definitions

  iter     - Number of iterates (steps taken) 
  value    - Objective function value 
  gnorm    - Norm of the gradient
  snorm    - Norm of the step (update to optimization vector)
  #fval    - Cumulative number of times the objective function was evaluated
  #grad    - Number of times the gradient was computed
  iterCG   - Number of Krylov iterations used to compute search direction
  flagCG   - Krylov solver flag
-------------------------------------------------------------------------------------------------------------
  iter  value          gnorm          snorm          #fval     #grad     iterCG    flagCG    ls_#fval  ls_#grad  n_vmult   
  0     1.459049e-03   6.442620e-03   
  1     1.785556e-05   6.441104e-04   1.487385e+01   2         2         37        0         1         0         41163     
  2     5.176764e-09   1.058063e-05   1.457834e+01   3         3         34        0         1         0         75391     
  3     1.337837e-13   3.063078e-09   2.791317e-01   4         4         36        0         1         0         110604    
  4     4.084477e-20   6.277780e-14   3.074961e-02   5         5         42        0         1         0         149718    
Optimization Terminated with Status: Converged
The process took 1133.59 seconds to run.
Total n_vmult for algorithm 149718
