Starting optimization with 20...
Optimizing FFD points to obtain target Gaussian bump...

Quasi-Newton Method with Limited-Memory BFGS
Line Search: Backtracking satisfying Null Curvature Condition
  iter  value          gnorm          snorm          #fval     #grad     ls_#fval  ls_#grad  n_vmult   
  0     1.460201e-03   8.745775e-03   
  1     1.385143e-03   8.419184e-03   8.745775e-03   2         2         1         0         80032     
  2     3.322579e-04   1.299067e-03   2.338697e-01   3         3         1         0         82496     
  3     2.825143e-04   9.360259e-04   5.051729e-02   4         4         1         0         85263     
  4     2.261612e-04   7.936903e-04   9.487113e-02   5         5         1         0         87862     
  5     1.855257e-04   5.919882e-04   1.054492e-01   6         6         1         0         90593     
  6     1.578092e-04   6.104610e-04   1.495802e-01   7         7         1         0         93309     
  7     1.415775e-04   3.333869e-04   8.245947e-02   8         8         1         0         96061     
  8     1.325943e-04   3.039757e-04   4.388758e-02   9         9         1         0         98903     
  9     1.127944e-04   3.169076e-04   1.602208e-01   10        10        1         0         101649    
  10    1.080129e-04   3.279300e-04   7.823273e-02   12        11        2         0         106495    
  11    1.035111e-04   1.461940e-04   4.930573e-02   13        12        1         0         109385    
  12    1.012549e-04   1.187111e-04   3.237687e-02   14        13        1         0         111462    
  13    9.825562e-05   1.954718e-04   5.084225e-02   15        14        1         0         113551    
  14    9.113228e-05   3.393477e-04   1.362787e-01   16        15        1         0         115625    
  15    7.870733e-05   4.436310e-04   2.706758e-01   17        16        1         0         118491    
  16    6.507645e-05   3.303125e-04   3.411799e-01   18        17        1         0         121303    
  17    6.048627e-05   1.474472e-04   1.464518e-01   19        18        1         0         124130    
  18    5.932401e-05   2.706987e-05   1.765183e-02   20        19        1         0         126204    
  19    5.919968e-05   3.066302e-05   2.114110e-02   21        20        1         0         128344    
  20    5.899135e-05   4.321041e-05   2.268064e-02   22        21        1         0         130478    
  21    5.829784e-05   7.512724e-05   5.630872e-02   23        22        1         0         132588    
  22    5.659898e-05   1.263344e-04   1.317907e-01   24        23        1         0         134674    
  23    5.268630e-05   1.930911e-04   3.229087e-01   25        24        1         0         136748    
  24    4.539852e-05   2.456803e-04   6.696786e-01   26        25        1         0         138807    
  25    3.940213e-05   4.716412e-04   1.082605e+00   27        26        1         0         141637    
  26    3.256417e-05   2.013684e-04   2.943420e-01   28        27        1         0         143729    
  27    2.919059e-05   4.918281e-05   2.958440e-01   29        28        1         0         146616    
  28    2.888149e-05   3.354213e-05   3.787253e-02   30        29        1         0         148729    
  29    2.857937e-05   4.392502e-05   2.615254e-02   31        30        1         0         150824    
  30    2.805473e-05   6.922535e-05   4.357118e-02   32        31        1         0         152913    
  31    2.752710e-05   6.185238e-05   7.114618e-02   33        32        1         0         155014    
  32    2.727110e-05   1.429935e-05   8.852305e-02   34        33        1         0         157118    
  33    2.724957e-05   5.393003e-06   2.372416e-02   35        34        1         0         159333    
Optimization Terminated with Status: Converged
 Done target optimization...
 Resetting problem to initial conditions and target previous FFD points 
 and aim for machine precision functional value....
The process took 122.218 seconds to run.
Starting optimization with 20...

Quasi-Newton Method with Limited-Memory BFGS
Line Search: Backtracking satisfying Null Curvature Condition
-------------------------------------------------------------------------------------------------------------
Quasi-Newton Method status output definitions

  iter     - Number of iterates (steps taken) 
  value    - Objective function value 
  gnorm    - Norm of the gradient
  snorm    - Norm of the step (update to optimization vector)
  #fval    - Cumulative number of times the objective function was evaluated
  #grad    - Number of times the gradient was computed
-------------------------------------------------------------------------------------------------------------
  iter  value          gnorm          snorm          #fval     #grad     ls_#fval  ls_#grad  n_vmult   
  0     1.434277e-03   8.753880e-03   
  1     1.359081e-03   8.426705e-03   8.753880e-03   2         2         1         0         2678      
  2     3.052633e-04   1.299899e-03   2.338578e-01   3         3         1         0         5142      
  3     2.555101e-04   9.361393e-04   5.050264e-02   4         4         1         0         7909      
  4     1.992059e-04   7.940488e-04   9.474893e-02   5         5         1         0         10517     
  5     1.585582e-04   5.925278e-04   1.054315e-01   6         6         1         0         13263     
  6     1.307707e-04   6.090666e-04   1.495091e-01   7         7         1         0         15991     
  7     1.145322e-04   3.334259e-04   8.274909e-02   8         8         1         0         18746     
  8     1.055221e-04   3.041055e-04   4.405633e-02   9         9         1         0         21594     
  9     8.565863e-05   3.172269e-04   1.606929e-01   10        10        1         0         24343     
  10    8.085573e-05   3.273093e-04   7.824970e-02   12        11        2         0         29186     
  11    7.634324e-05   1.463905e-04   4.964014e-02   13        12        1         0         32067     
  12    7.406549e-05   1.191411e-04   3.264713e-02   14        13        1         0         34147     
  13    7.102593e-05   1.966541e-04   5.147514e-02   15        14        1         0         36236     
  14    6.383989e-05   3.409097e-04   1.373556e-01   16        15        1         0         38283     
  15    5.131820e-05   4.447930e-04   2.725679e-01   17        16        1         0         41155     
  16    3.763755e-05   3.292557e-04   3.420361e-01   18        17        1         0         43970     
  17    3.306703e-05   1.464573e-04   1.455411e-01   19        18        1         0         46797     
  18    3.191333e-05   2.655031e-05   1.771171e-02   20        19        1         0         48874     
  19    3.179075e-05   3.096325e-05   2.114807e-02   21        20        1         0         51026     
  20    3.157144e-05   4.404684e-05   2.385146e-02   22        21        1         0         53172     
  21    3.082138e-05   7.678574e-05   6.038144e-02   23        22        1         0         55291     
  22    2.901900e-05   1.275850e-04   1.387468e-01   24        23        1         0         57380     
  23    2.495153e-05   1.909047e-04   3.345125e-01   25        24        1         0         59460     
  24    1.773909e-05   2.380594e-04   6.709919e-01   26        25        1         0         61513     
  25    1.198896e-05   4.322413e-04   1.068059e+00   27        26        1         0         64337     
  26    5.925411e-06   1.639927e-04   2.145150e-01   28        27        1         0         66429     
  27    3.318114e-06   5.115191e-05   2.113454e-01   29        28        1         0         69349     
  28    2.949950e-06   4.506048e-05   3.442621e-02   30        29        1         0         71480     
  29    2.232161e-06   6.472749e-05   5.454254e-02   31        30        1         0         73557     
  30    1.252756e-06   8.649156e-05   9.083933e-02   32        31        1         0         75667     
  31    3.859538e-07   5.523859e-05   1.326614e-01   33        32        1         0         77771     
  32    1.903024e-07   1.384297e-05   5.064064e-02   34        33        1         0         79902     
  33    1.742129e-07   3.767996e-06   9.457334e-03   35        34        1         0         82147     
  34    1.716411e-07   3.647792e-06   3.230833e-03   36        35        1         0         84368     
  35    1.683710e-07   4.910174e-06   2.409116e-03   37        36        1         0         86658     
  36    1.537665e-07   9.901371e-06   9.174824e-03   38        37        1         0         88903     
  37    1.276574e-07   1.504045e-05   1.648385e-02   39        38        1         0         91118     
  38    8.270451e-08   1.736490e-05   3.189533e-02   40        39        1         0         93285     
  39    4.204929e-08   1.016359e-05   3.393064e-02   41        40        1         0         95485     
  40    3.222490e-08   2.514219e-06   1.215254e-02   42        41        1         0         97721     
  41    3.144912e-08   2.149426e-07   3.380618e-03   43        42        1         0         99981     
  42    3.142020e-08   1.426828e-07   1.039507e-03   44        43        1         0         102361    
  43    3.139832e-08   1.431107e-07   2.439898e-04   45        44        1         0         104774    
  44    3.104448e-08   3.326112e-07   4.150753e-03   46        45        1         0         107091    
  45    3.030087e-08   6.971464e-07   9.013775e-03   47        46        1         0         109372    
  46    2.816082e-08   1.782616e-06   3.106354e-02   48        47        1         0         111626    
  47    2.411016e-08   2.099172e-06   5.739910e-02   49        48        1         0         113874    
  48    1.488401e-08   2.829909e-06   1.416489e-01   50        49        1         0         116158    
  49    8.179702e-09   3.209440e-06   1.806832e-01   51        50        1         0         118331    
  50    2.281649e-09   1.011169e-06   4.597357e-02   52        51        1         0         120528    
  51    1.033812e-09   3.509501e-07   9.069788e-03   53        52        1         0         122818    
  52    9.717497e-10   7.699127e-08   5.654102e-03   54        53        1         0         125120    
  53    9.670117e-10   6.192809e-08   7.088772e-04   55        54        1         0         127599    
  54    9.568551e-10   1.534642e-07   1.116818e-03   56        55        1         0         130033    
  55    9.357175e-10   2.957713e-07   1.398544e-03   57        56        1         0         132452    
  56    8.781640e-10   5.361986e-07   2.544855e-03   58        57        1         0         134832    
  57    7.510775e-10   8.353242e-07   4.636073e-03   59        58        1         0         137140    
  58    5.098076e-10   1.072189e-06   9.242498e-03   60        59        1         0         139502    
  59    2.146379e-10   9.376101e-07   1.387844e-02   61        60        1         0         141879    
  60    4.045452e-11   4.411429e-07   1.137185e-02   62        61        1         0         144208    
  61    5.248132e-12   6.833166e-08   3.481761e-03   63        62        1         0         146603    
  62    3.027985e-12   1.028737e-09   1.070735e-03   64        63        1         0         149040    
  63    2.987017e-12   8.656506e-10   2.305109e-04   65        64        1         0         150787    
Optimization Terminated with Status: Converged
The process took 213.157 seconds to run.
Total n_vmult for algorithm 150787
