Starting optimization with 320...
Optimizing FFD points to obtain target Gaussian bump...

Quasi-Newton Method with Limited-Memory BFGS
Line Search: Backtracking satisfying Null Curvature Condition
  iter  value          gnorm          snorm          #fval     #grad     ls_#fval  ls_#grad  n_vmult   
  0     1.460201e-03   4.701824e-03   
  1     1.449172e-03   4.680857e-03   2.350912e-03   2         2         1         0         185785    
  2     4.757569e-04   2.445505e-03   2.778178e-01   3         3         1         0         188273    
  3     1.661942e-04   1.370813e-03   1.715262e-01   4         4         1         0         190842    
  4     1.008309e-04   1.693032e-03   7.257717e-02   6         5         2         0         196093    
  5     3.219519e-05   5.369688e-04   9.187800e-02   7         6         1         0         198821    
  6     1.745489e-05   3.829246e-04   4.418170e-02   8         7         1         0         201696    
  7     8.823853e-06   2.619354e-04   3.732006e-02   9         8         1         0         203791    
  8     5.381871e-06   5.093376e-04   4.469423e-02   10        9         1         0         205877    
  9     2.584722e-06   2.529729e-04   1.573279e-02   11        10        1         0         208029    
  10    1.707818e-06   1.384636e-04   8.734646e-03   12        11        1         0         210202    
  11    1.267347e-06   8.156884e-05   6.765320e-03   13        12        1         0         212372    
  12    9.816638e-07   6.366608e-05   6.028545e-03   14        13        1         0         214554    
  13    7.259221e-07   6.324014e-05   6.508201e-03   15        14        1         0         216679    
  14    4.513211e-07   6.021596e-05   7.966333e-03   16        15        1         0         218828    
  15    2.076316e-07   4.260419e-05   8.500609e-03   17        16        1         0         220986    
  16    1.076307e-07   2.690983e-05   5.945527e-03   18        17        1         0         223150    
  17    6.997282e-08   1.525524e-05   4.435437e-03   19        18        1         0         225368    
  18    6.302196e-08   7.049541e-06   1.258278e-03   20        19        1         0         227628    
Optimization Terminated with Status: Converged
 Done target optimization...
 Resetting problem to initial conditions and target previous FFD points 
 and aim for machine precision functional value....
The process took 144.451 seconds to run.
********************************************************
Biros and Ghattas Full-space method...with P2A preconditioner
Using 9320 design variables: 9000 simulation variables and 320 control variables.
Line Search: Backtracking satisfying Null Curvature Condition
********************************************************
Iteration         Func. val.        ||Lagr. grad.||   ||Constraint||    ||Search dir||    search_ctl_norm   search_sim_norm   search_adj_norm   n_kkt_iter        n_linesearches    n_grad            n_vmult_total     

Iteration         Func. val.        ||Lagr. grad.||   ||Constraint||    ||Search dir||    search_ctl_norm   search_sim_norm   search_adj_norm   n_kkt_iter        n_linesearches    n_grad            n_vmult_total     
1                 6.58854e-06       0.00529162        0.0224546         5.8469            0.639166          3.52247           4.62276           565               1                 0                 35900             
Iteration         Func. val.        ||Lagr. grad.||   ||Constraint||    ||Search dir||    search_ctl_norm   search_sim_norm   search_adj_norm   n_kkt_iter        n_linesearches    n_grad            n_vmult_total     
2                 6.11218e-07       0.00021124        0.000500253       0.727542          0.176045          0.283756          0.646381          389               1                 0                 60298             
Iteration         Func. val.        ||Lagr. grad.||   ||Constraint||    ||Search dir||    search_ctl_norm   search_sim_norm   search_adj_norm   n_kkt_iter        n_linesearches    n_grad            n_vmult_total     
3                 6.32259e-10       3.21702e-05       4.55435e-05       0.216261          0.117199          0.0854546         0.160408          483               1                 0                 90524             
Iteration         Func. val.        ||Lagr. grad.||   ||Constraint||    ||Search dir||    search_ctl_norm   search_sim_norm   search_adj_norm   n_kkt_iter        n_linesearches    n_grad            n_vmult_total     
4                 2.02712e-12       1.4238e-07        5.43287e-08       0.25509           0.254606          0.00355188        0.0153118         569               1                 0                 126082            
Iteration         Func. val.        ||Lagr. grad.||   ||Constraint||    ||Search dir||    search_ctl_norm   search_sim_norm   search_adj_norm   n_kkt_iter        n_linesearches    n_grad            n_vmult_total     
5                 3.13144e-13       9.29037e-12       1.02459e-10       0.10257           0.10257           0.000214316       2.60705e-05       662               1                 0                 167406            
Optimization Terminated with Status: Converged
The process took 313.216 seconds to run.
Total n_vmult for algorithm 167406
