Starting optimization with 60...
Optimizing FFD points to obtain target Gaussian bump...

Quasi-Newton Method with Limited-Memory BFGS
Line Search: Backtracking satisfying Null Curvature Condition
  iter  value          gnorm          snorm          #fval     #grad     ls_#fval  ls_#grad  
  0     1.460802e-03   6.829650e-03   
  1     1.414590e-03   6.703324e-03   6.829650e-03   2         2         1         0         
  2     8.585357e-05   8.699499e-04   3.692282e-01   3         3         1         0         
  3     4.856378e-05   4.413051e-04   6.362464e-02   4         4         1         0         
  4     2.981482e-05   3.450049e-04   6.274646e-02   5         5         1         0         
  5     1.616972e-05   2.406713e-04   7.615985e-02   6         6         1         0         
  6     1.278269e-05   2.987936e-04   4.360984e-02   8         7         2         0         
  7     9.110134e-06   1.374179e-04   3.486915e-02   9         8         1         0         
  8     7.324155e-06   1.095564e-04   2.520079e-02   10        9         1         0         
  9     5.473135e-06   9.141066e-05   3.655628e-02   11        10        1         0         
  10    3.940946e-06   8.954674e-05   4.368354e-02   12        11        1         0         
  11    3.599083e-06   1.286028e-04   3.166161e-02   14        12        2         0         
  12    3.054259e-06   4.589850e-05   9.227360e-03   15        13        1         0         
  13    2.847829e-06   4.349269e-05   7.676475e-03   16        14        1         0         
  14    2.455042e-06   5.153871e-05   1.934933e-02   17        15        1         0         
  15    1.992560e-06   4.102576e-05   3.089459e-02   18        16        1         0         
  16    1.682280e-06   2.397543e-05   2.827116e-02   19        17        1         0         
  17    1.452273e-06   2.678897e-05   3.115747e-02   20        18        1         0         
  18    1.323043e-06   3.285794e-05   2.306792e-02   21        19        1         0         
  19    1.245437e-06   2.775925e-05   2.605767e-02   22        20        1         0         
  20    1.205646e-06   7.204036e-06   4.712906e-03   23        21        1         0         
Optimization Terminated with Status: Converged
 Done target optimization...
 Resetting problem to initial conditions and target previous FFD points 
 and aim for machine precision functional value....
The process took 304.544 seconds to run.
********************************************************
Biros and Ghattas Full-space method...with P4A preconditioner
Using 16060 design variables: 16000 simulation variables and 60 control variables.
Line Search: Backtracking satisfying Null Curvature Condition
********************************************************
Iteration         Func. val.        ||Lagr. grad.||   ||Constraint||    ||Search dir||    search_ctl_norm   search_sim_norm   search_adj_norm   n_kkt_iter        n_linesearches    n_grad            n_vmult_total     

Iteration         Func. val.        ||Lagr. grad.||   ||Constraint||    ||Search dir||    search_ctl_norm   search_sim_norm   search_adj_norm   n_kkt_iter        n_linesearches    n_grad            n_vmult_total     
1                 7.11053e-06       0.00505172        0.018438          30.349            29.3644           4.67495           6.07758           459               1                 0                 43450             
Iteration         Func. val.        ||Lagr. grad.||   ||Constraint||    ||Search dir||    search_ctl_norm   search_sim_norm   search_adj_norm   n_kkt_iter        n_linesearches    n_grad            n_vmult_total     
2                 7.20933e-07       0.000235349       0.000464822       15.5021           15.4694           0.410586          0.918914          322               1                 0                 73494             
Iteration         Func. val.        ||Lagr. grad.||   ||Constraint||    ||Search dir||    search_ctl_norm   search_sim_norm   search_adj_norm   n_kkt_iter        n_linesearches    n_grad            n_vmult_total     
3                 6.65475e-10       4.16164e-05       5.81699e-05       14.0164           14.0134           0.133869          0.255441          355               1                 0                 106574            
Iteration         Func. val.        ||Lagr. grad.||   ||Constraint||    ||Search dir||    search_ctl_norm   search_sim_norm   search_adj_norm   n_kkt_iter        n_linesearches    n_grad            n_vmult_total     
4                 1.04357e-12       4.5928e-08        2.20012e-08       0.140468          0.13927           0.00424547        0.0178107         371               1                 0                 141126            
Iteration         Func. val.        ||Lagr. grad.||   ||Constraint||    ||Search dir||    search_ctl_norm   search_sim_norm   search_adj_norm   n_kkt_iter        n_linesearches    n_grad            n_vmult_total     
5                 1.68074e-14       2.57385e-11       4.4096e-11        0.0370257         0.0370251         0.000143195       0.000139134       410               1                 0                 179266            
Optimization Terminated with Status: Converged
The process took 844.903 seconds to run.
Total n_vmult for algorithm 179266
