Starting optimization with 20...
Optimizing FFD points to obtain target Gaussian bump...

Quasi-Newton Method with Limited-Memory BFGS
Line Search: Backtracking satisfying Null Curvature Condition
  iter  value          gnorm          snorm          #fval     #grad     ls_#fval  ls_#grad  n_vmult   
  0     1.446428e-03   8.617416e-03   
  1     1.373532e-03   8.301245e-03   8.617416e-03   2         2         1         0         61081     
  2     3.324282e-04   1.278522e-03   2.349419e-01   3         3         1         0         63244     
  3     2.832446e-04   9.348592e-04   5.047044e-02   4         4         1         0         64928     
  4     2.256474e-04   7.858799e-04   9.796020e-02   5         5         1         0         66630     
  5     1.852895e-04   5.751587e-04   1.050509e-01   6         6         1         0         68347     
  6     1.574817e-04   5.943762e-04   1.500918e-01   7         7         1         0         70073     
  7     1.416895e-04   3.866348e-04   9.286434e-02   8         8         1         0         71826     
  8     1.321723e-04   3.124451e-04   4.089661e-02   9         9         1         0         73684     
  9     1.139602e-04   2.737506e-04   1.507781e-01   10        10        1         0         75431     
  10    1.116838e-04   4.522718e-04   1.175393e-01   11        11        1         0         77151     
  11    1.060841e-04   1.521518e-04   2.190162e-02   12        12        1         0         78901     
  12    1.041133e-04   1.225155e-04   1.907557e-02   13        13        1         0         80792     
  13    9.983214e-05   2.400630e-04   6.263304e-02   14        14        1         0         82665     
  14    9.192866e-05   4.007909e-04   1.398989e-01   15        15        1         0         84484     
  15    7.821543e-05   4.912531e-04   2.844065e-01   16        16        1         0         86306     
  16    6.592686e-05   3.117297e-04   2.983695e-01   17        17        1         0         88077     
  17    6.366711e-05   1.663025e-04   1.193693e-01   18        18        1         0         89875     
  18    6.234234e-05   3.444488e-05   3.146224e-02   19        19        1         0         91778     
  19    6.221718e-05   2.854403e-05   1.433208e-02   20        20        1         0         93115     
  20    6.207630e-05   4.458091e-05   1.327909e-02   21        21        1         0         94458     
  21    6.167349e-05   8.396687e-05   3.027465e-02   22        22        1         0         95783     
  22    6.071995e-05   1.440410e-04   6.873409e-02   23        23        1         0         97752     
  23    5.847758e-05   2.258299e-04   1.699418e-01   24        24        1         0         99694     
  24    5.386948e-05   3.067069e-04   3.739007e-01   25        25        1         0         101645    
  25    4.558612e-05   3.453933e-04   7.152930e-01   26        26        1         0         103563    
  26    3.788838e-05   3.981478e-04   1.110121e+00   27        27        1         0         105337    
  27    3.202570e-05   1.905893e-04   5.886344e-01   28        28        1         0         107090    
  28    2.953729e-05   4.865509e-05   1.882703e-01   29        29        1         0         109008    
  29    2.919774e-05   8.153735e-06   7.304215e-02   30        30        1         0         110974    
Optimization Terminated with Status: Converged
 Done target optimization...
 Resetting problem to initial conditions and target previous FFD points 
 and aim for machine precision functional value....
The process took 22.6177 seconds to run.
Starting optimization with 20...

Quasi-Newton Method with Limited-Memory BFGS
Line Search: Backtracking satisfying Null Curvature Condition
-------------------------------------------------------------------------------------------------------------
Quasi-Newton Method status output definitions

  iter     - Number of iterates (steps taken) 
  value    - Objective function value 
  gnorm    - Norm of the gradient
  snorm    - Norm of the step (update to optimization vector)
  #fval    - Cumulative number of times the objective function was evaluated
  #grad    - Number of times the gradient was computed
-------------------------------------------------------------------------------------------------------------
  iter  value          gnorm          snorm          #fval     #grad     ls_#fval  ls_#grad  n_vmult   
  0     1.418661e-03   8.625717e-03   
  1     1.345626e-03   8.308970e-03   8.625717e-03   2         2         1         0         2206      
  2     3.035198e-04   1.279273e-03   2.349364e-01   3         3         1         0         4372      
  3     2.543349e-04   9.347278e-04   5.045464e-02   4         4         1         0         6059      
  4     1.968198e-04   7.862315e-04   9.778094e-02   5         5         1         0         7758      
  5     1.564638e-04   5.763264e-04   1.050803e-01   6         6         1         0         9463      
  6     1.287744e-04   5.983250e-04   1.502267e-01   7         7         1         0         11183     
  7     1.128716e-04   3.785739e-04   9.113142e-02   8         8         1         0         12936     
  8     1.034100e-04   3.123132e-04   4.136174e-02   9         9         1         0         14788     
  9     8.481558e-05   2.832437e-04   1.555890e-01   10        10        1         0         16526     
  10    8.382402e-05   5.047014e-04   1.239360e-01   11        11        1         0         18225     
  11    7.707999e-05   1.534492e-04   2.879334e-02   12        12        1         0         19963     
  12    7.530156e-05   1.174390e-04   1.631387e-02   13        13        1         0         21863     
  13    7.086307e-05   2.310404e-04   6.390637e-02   14        14        1         0         23715     
  14    6.350344e-05   3.821707e-04   1.290475e-01   15        15        1         0         25543     
  15    4.961675e-05   4.852453e-04   2.843724e-01   16        16        1         0         27377     
  16    3.672280e-05   3.268023e-04   3.067676e-01   17        17        1         0         29187     
  17    3.426868e-05   1.867803e-04   1.341864e-01   18        18        1         0         30976     
  18    3.262510e-05   3.682976e-05   2.818799e-02   19        19        1         0         32831     
  19    3.248837e-05   2.755348e-05   1.589892e-02   20        20        1         0         34144     
  20    3.235452e-05   4.177733e-05   1.337719e-02   21        21        1         0         35469     
  21    3.199115e-05   7.720898e-05   2.786461e-02   22        22        1         0         37402     
  22    3.110371e-05   1.344923e-04   6.391604e-02   23        23        1         0         39302     
  23    2.892732e-05   2.190011e-04   1.632951e-01   24        24        1         0         41223     
  24    2.418842e-05   3.168831e-04   3.810622e-01   25        25        1         0         43144     
  25    1.591902e-05   3.692009e-04   7.245162e-01   26        26        1         0         45032     
  26    7.418591e-06   3.017372e-04   9.508129e-01   27        27        1         0         46836     
  27    4.582690e-06   2.625290e-04   3.462880e-01   29        28        2         0         49991     
  28    1.865528e-06   7.376005e-05   8.080073e-02   30        29        1         0         51891     
  29    1.461817e-06   1.366731e-05   9.600882e-02   31        30        1         0         53803     
  30    1.442765e-06   1.405724e-05   1.109572e-02   32        31        1         0         55254     
  31    1.311661e-06   2.119537e-05   4.966117e-02   33        32        1         0         56642     
  32    1.125894e-06   2.950528e-05   3.216495e-02   34        33        1         0         58006     
  33    8.807467e-07   2.523720e-05   6.223730e-02   35        34        1         0         59379     
  34    7.194902e-07   1.608274e-05   8.207287e-02   36        35        1         0         60767     
  35    6.077691e-07   1.915985e-05   6.023519e-02   37        36        1         0         62113     
  36    4.274810e-07   2.643290e-05   7.206403e-02   38        37        1         0         63483     
  37    1.767300e-07   2.196390e-05   6.425063e-02   39        38        1         0         65443     
  38    5.216969e-08   1.121638e-05   7.047145e-02   40        39        1         0         67439     
  39    4.055266e-08   8.874386e-06   4.317021e-02   41        40        1         0         69414     
  40    3.221455e-08   5.108407e-07   1.553179e-02   42        41        1         0         70811     
  41    3.218142e-08   1.576493e-07   1.201809e-03   43        42        1         0         72313     
  42    3.217470e-08   1.552595e-07   4.184233e-04   44        43        1         0         73878     
  43    3.215301e-08   2.378928e-07   6.828040e-04   45        44        1         0         75434     
  44    3.207849e-08   5.171209e-07   1.617603e-03   46        45        1         0         76963     
  45    3.190361e-08   9.526624e-07   2.865586e-03   47        46        1         0         78483     
  46    3.143323e-08   1.684445e-06   6.680496e-03   48        47        1         0         79991     
  47    3.026718e-08   2.782333e-06   1.576096e-02   49        48        1         0         81493     
  48    2.748929e-08   4.285895e-06   3.758732e-02   50        49        1         0         82968     
  49    2.184209e-08   5.738740e-06   7.906271e-02   51        50        1         0         84431     
  50    1.357722e-08   5.753872e-06   1.238331e-01   52        51        1         0         85894     
  51    7.024909e-09   1.067242e-05   2.097317e-01   53        52        1         0         87291     
  52    1.068510e-09   2.220800e-06   1.860649e-02   54        53        1         0         88712     
  53    1.890812e-10   1.299811e-06   1.137257e-02   55        54        1         0         90187     
  54    4.575005e-11   7.370903e-07   5.097066e-03   56        55        1         0         91704     
  55    1.011737e-11   2.275316e-07   2.606917e-03   57        56        1         0         93245     
  56    4.155305e-12   1.893220e-08   1.755539e-03   58        57        1         0         94813     
  57    3.876667e-12   6.758499e-09   4.544309e-04   59        58        1         0         96423     
  58    3.871315e-12   4.613713e-10   4.142266e-05   60        59        1         0         98066     
Optimization Terminated with Status: Converged
The process took 40.6782 seconds to run.
Total n_vmult for algorithm 98066
