Starting optimization with 320...
Optimizing FFD points to obtain target Gaussian bump...

Quasi-Newton Method with Limited-Memory BFGS
Line Search: Backtracking satisfying Null Curvature Condition
  iter  value          gnorm          snorm          #fval     #grad     ls_#fval  ls_#grad  n_vmult   
  0     1.460201e-03   4.701824e-03   
  1     1.449172e-03   4.680857e-03   2.350912e-03   2         2         1         0         181532    
  2     4.757569e-04   2.445505e-03   2.778178e-01   3         3         1         0         184020    
  3     1.661942e-04   1.370813e-03   1.715262e-01   4         4         1         0         186589    
  4     1.008309e-04   1.693032e-03   7.257717e-02   6         5         2         0         191840    
  5     3.219519e-05   5.369688e-04   9.187800e-02   7         6         1         0         194568    
  6     1.745489e-05   3.829246e-04   4.418170e-02   8         7         1         0         197443    
  7     8.823853e-06   2.619354e-04   3.732006e-02   9         8         1         0         199538    
  8     5.381871e-06   5.093376e-04   4.469423e-02   10        9         1         0         201624    
  9     2.584722e-06   2.529729e-04   1.573279e-02   11        10        1         0         203776    
  10    1.707818e-06   1.384636e-04   8.734646e-03   12        11        1         0         205949    
  11    1.267347e-06   8.156884e-05   6.765320e-03   13        12        1         0         208119    
  12    9.816638e-07   6.366608e-05   6.028545e-03   14        13        1         0         210301    
  13    7.259221e-07   6.324014e-05   6.508201e-03   15        14        1         0         212426    
  14    4.513211e-07   6.021596e-05   7.966333e-03   16        15        1         0         214575    
  15    2.076316e-07   4.260419e-05   8.500609e-03   17        16        1         0         216733    
  16    1.076307e-07   2.690983e-05   5.945527e-03   18        17        1         0         218897    
  17    6.997282e-08   1.525524e-05   4.435437e-03   19        18        1         0         221115    
  18    6.302196e-08   7.049541e-06   1.258278e-03   20        19        1         0         223375    
Optimization Terminated with Status: Converged
 Done target optimization...
 Resetting problem to initial conditions and target previous FFD points 
 and aim for machine precision functional value....
The process took 147.909 seconds to run.
Starting optimization with 320...

Newton-Krylov using GMRES with Limited-Memory BFGS preconditioning
Line Search: Backtracking satisfying Null Curvature Condition
-------------------------------------------------------------------------------------------------------------
Newton-Krylov status output definitions

  iter     - Number of iterates (steps taken) 
  value    - Objective function value 
  gnorm    - Norm of the gradient
  snorm    - Norm of the step (update to optimization vector)
  #fval    - Cumulative number of times the objective function was evaluated
  #grad    - Number of times the gradient was computed
  iterCG   - Number of Krylov iterations used to compute search direction
  flagCG   - Krylov solver flag
-------------------------------------------------------------------------------------------------------------
  iter  value          gnorm          snorm          #fval     #grad     iterCG    flagCG    ls_#fval  ls_#grad  n_vmult   
  0     1.459290e-03   4.699180e-03   
  1     1.762057e-05   4.144137e-04   6.392104e-01   2         2         55        0         1         0         49718     
  2     5.070810e-09   7.558507e-06   1.250387e-01   3         3         60        0         1         0         100545    
  3     3.073657e-15   3.813326e-09   1.740030e-02   4         4         65        0         1         0         154549    
  4     1.019041e-19   7.776976e-14   1.455825e-03   5         5         74        0         1         0         214331    
Optimization Terminated with Status: Converged
The process took 361.594 seconds to run.
Total n_vmult for algorithm 214331
