Starting optimization with 80...
Optimizing FFD points to obtain target Gaussian bump...

Quasi-Newton Method with Limited-Memory BFGS
Line Search: Backtracking satisfying Null Curvature Condition
  iter  value          gnorm          snorm          #fval     #grad     ls_#fval  ls_#grad  
  0     1.460802e-03   6.444868e-03   
  1     1.419595e-03   6.342921e-03   6.444868e-03   2         2         1         0         
  2     4.302171e-05   7.317316e-04   4.053600e-01   3         3         1         0         
  3     1.653590e-05   2.752922e-04   5.821486e-02   4         4         1         0         
  4     9.616203e-06   2.089040e-04   3.691087e-02   5         5         1         0         
  5     6.298306e-06   3.122698e-04   5.280383e-02   6         6         1         0         
  6     3.698954e-06   1.098154e-04   2.227217e-02   7         7         1         0         
  7     3.114533e-06   7.900938e-05   7.316175e-03   8         8         1         0         
  8     2.215774e-06   5.993256e-05   1.953031e-02   9         9         1         0         
  9     1.675611e-06   4.279784e-05   2.017394e-02   10        10        1         0         
  10    1.558217e-06   7.549305e-05   1.196773e-02   12        11        2         0         
  11    1.371973e-06   2.925008e-05   8.962543e-03   13        12        1         0         
  12    1.295499e-06   2.227564e-05   5.302264e-03   14        13        1         0         
  13    1.209642e-06   1.979304e-05   8.612924e-03   15        14        1         0         
  14    1.130710e-06   1.488471e-05   9.519826e-03   16        15        1         0         
  15    1.071606e-06   1.022211e-05   1.242468e-02   17        16        1         0         
  16    1.047016e-06   1.131812e-05   8.035969e-03   18        17        1         0         
  17    1.029348e-06   1.099115e-05   4.787230e-03   19        18        1         0         
  18    1.008002e-06   9.607738e-06   5.949515e-03   20        19        1         0         
Optimization Terminated with Status: Converged
 Done target optimization...
 Resetting problem to initial conditions and target previous FFD points 
 and aim for machine precision functional value....
The process took 278.746 seconds to run.
********************************************************
Biros and Ghattas Full-space method...with P2 preconditioner
Using 16080 design variables: 16000 simulation variables and 80 control variables.
Line Search: Backtracking satisfying Null Curvature Condition
********************************************************
Iteration         Func. val.        ||Lagr. grad.||   ||Constraint||    ||Search dir||    search_ctl_norm   search_sim_norm   search_adj_norm   n_kkt_iter        n_linesearches    n_grad            n_vmult_total     

Iteration         Func. val.        ||Lagr. grad.||   ||Constraint||    ||Search dir||    search_ctl_norm   search_sim_norm   search_adj_norm   n_kkt_iter        n_linesearches    n_grad            n_vmult_total     
1                 6.73435e-06       0.00505613        0.0185689         19.78             18.2308           4.67461           6.08544           61                1                 0                 59051             
Iteration         Func. val.        ||Lagr. grad.||   ||Constraint||    ||Search dir||    search_ctl_norm   search_sim_norm   search_adj_norm   n_kkt_iter        n_linesearches    n_grad            n_vmult_total     
2                 8.16164e-07       0.000239187       0.000457697       8.67019           8.61253           0.3951            0.91672           43                1                 0                 98520             
Iteration         Func. val.        ||Lagr. grad.||   ||Constraint||    ||Search dir||    search_ctl_norm   search_sim_norm   search_adj_norm   n_kkt_iter        n_linesearches    n_grad            n_vmult_total     
3                 7.86416e-10       4.49725e-05       6.72693e-05       9.74127           9.73697           0.138715          0.253862          49                1                 0                 143530            
Iteration         Func. val.        ||Lagr. grad.||   ||Constraint||    ||Search dir||    search_ctl_norm   search_sim_norm   search_adj_norm   n_kkt_iter        n_linesearches    n_grad            n_vmult_total     
4                 1.91385e-12       5.64479e-08       2.68455e-08       0.199573          0.1985            0.00471385        0.02012           52                1                 0                 190964            
Iteration         Func. val.        ||Lagr. grad.||   ||Constraint||    ||Search dir||    search_ctl_norm   search_sim_norm   search_adj_norm   n_kkt_iter        n_linesearches    n_grad            n_vmult_total     
5                 4.94722e-14       4.96337e-11       2.18466e-10       0.120808          0.120807          0.000216233       0.000190034       60                1                 0                 245468            
Optimization Terminated with Status: Converged
The process took 1636.17 seconds to run.
Total n_vmult for algorithm 245468
