Starting optimization with 40...
Optimizing FFD points to obtain target Gaussian bump...

Quasi-Newton Method with Limited-Memory BFGS
Line Search: Backtracking satisfying Null Curvature Condition
  iter  value          gnorm          snorm          #fval     #grad     ls_#fval  ls_#grad  
  0     1.446428e-03   7.331623e-03   
  1     1.393297e-03   7.162131e-03   7.331623e-03   2         2         1         0         
  2     1.696496e-04   1.024241e-03   3.187588e-01   3         3         1         0         
  3     1.227222e-04   6.519055e-04   6.320582e-02   4         4         1         0         
  4     8.423259e-05   5.340406e-04   9.115545e-02   5         5         1         0         
  5     5.683346e-05   3.875004e-04   1.023125e-01   6         6         1         0         
  6     4.803442e-05   5.222072e-04   6.939962e-02   8         7         2         0         
  7     3.796332e-05   2.406136e-04   6.655635e-02   9         8         1         0         
  8     3.347539e-05   2.086220e-04   3.755923e-02   10        9         1         0         
  9     2.847922e-05   3.114375e-04   7.831234e-02   11        10        1         0         
  10    2.455254e-05   2.180741e-04   5.317671e-02   12        11        1         0         
  11    2.215094e-05   1.645747e-04   2.246874e-02   13        12        1         0         
  12    1.851696e-05   1.148211e-04   6.107764e-02   14        13        1         0         
  13    1.681533e-05   9.025121e-05   3.983661e-02   15        14        1         0         
  14    1.396685e-05   9.153274e-05   7.690036e-02   16        15        1         0         
  15    1.055509e-05   1.012565e-04   1.240074e-01   17        16        1         0         
  16    1.031083e-05   1.782243e-04   7.776605e-02   19        17        2         0         
  17    8.551177e-06   5.098229e-05   2.389895e-02   20        18        1         0         
  18    8.283973e-06   2.703621e-05   1.183478e-02   21        19        1         0         
  19    8.115236e-06   2.668862e-05   1.025584e-02   22        20        1         0         
  20    7.765624e-06   4.608465e-05   2.445875e-02   23        21        1         0         
  21    7.001917e-06   7.915564e-05   6.178842e-02   24        22        1         0         
  22    5.653548e-06   1.027913e-04   1.252236e-01   25        23        1         0         
  23    4.098409e-06   8.111202e-05   1.722044e-01   26        24        1         0         
  24    3.985750e-06   9.091081e-05   4.065703e-02   29        25        3         0         
  25    3.437869e-06   2.930656e-05   4.207327e-02   30        26        1         0         
  26    3.361504e-06   9.376385e-06   1.092675e-02   31        27        1         0         
Optimization Terminated with Status: Converged
 Done target optimization...
 Resetting problem to initial conditions and target previous FFD points 
 and aim for machine precision functional value....
The process took 22.3855 seconds to run.
********************************************************
Biros and Ghattas Full-space method...with P4 preconditioner
Using 4040 design variables: 4000 simulation variables and 40 control variables.
Line Search: Backtracking satisfying Null Curvature Condition
********************************************************
Iteration         Func. val.        ||Lagr. grad.||   ||Constraint||    ||Search dir||    search_ctl_norm   search_sim_norm   search_adj_norm   n_kkt_iter        n_linesearches    n_grad            n_vmult_total     

Iteration         Func. val.        ||Lagr. grad.||   ||Constraint||    ||Search dir||    search_ctl_norm   search_sim_norm   search_adj_norm   n_kkt_iter        n_linesearches    n_grad            n_vmult_total     
1                 1.02928e-05       0.00333005        0.0235998         4.96117           3.2095            2.43712           2.89358           32                1                 0                 45181             
Iteration         Func. val.        ||Lagr. grad.||   ||Constraint||    ||Search dir||    search_ctl_norm   search_sim_norm   search_adj_norm   n_kkt_iter        n_linesearches    n_grad            n_vmult_total     
2                 9.3924e-08        8.67569e-05       0.000391015       3.35556           3.33026           0.238345          0.335155          28                1                 0                 84253             
Iteration         Func. val.        ||Lagr. grad.||   ||Constraint||    ||Search dir||    search_ctl_norm   search_sim_norm   search_adj_norm   n_kkt_iter        n_linesearches    n_grad            n_vmult_total     
3                 4.26213e-11       2.37277e-06       3.51147e-06       0.518529          0.514646          0.0254016         0.0580228         32                1                 0                 127894            
Iteration         Func. val.        ||Lagr. grad.||   ||Constraint||    ||Search dir||    search_ctl_norm   search_sim_norm   search_adj_norm   n_kkt_iter        n_linesearches    n_grad            n_vmult_total     
4                 1.08729e-14       1.00636e-09       7.03395e-10       0.106516          0.106496          0.000554975       0.00199317        36                1                 0                 176719            
Iteration         Func. val.        ||Lagr. grad.||   ||Constraint||    ||Search dir||    search_ctl_norm   search_sim_norm   search_adj_norm   n_kkt_iter        n_linesearches    n_grad            n_vmult_total     
5                 4.6232e-14        3.73038e-12       9.38795e-12       0.0181316         0.0181315         1.34054e-05       2.064e-06         34                1                 0                 223279            
Optimization Terminated with Status: Converged
The process took 34.1931 seconds to run.
Total n_vmult for algorithm 223279
