Starting optimization with 20...
Optimizing FFD points to obtain target Gaussian bump...

Quasi-Newton Method with Limited-Memory BFGS
Line Search: Backtracking satisfying Null Curvature Condition
  iter  value          gnorm          snorm          #fval     #grad     ls_#fval  ls_#grad  n_vmult   
  0     1.446428e-03   8.617416e-03   
  1     1.373532e-03   8.301245e-03   8.617416e-03   2         2         1         0         7361      
  2     3.324282e-04   1.278522e-03   2.349419e-01   3         3         1         0         9524      
  3     2.832446e-04   9.348592e-04   5.047044e-02   4         4         1         0         11208     
  4     2.256474e-04   7.858799e-04   9.796020e-02   5         5         1         0         12910     
  5     1.852895e-04   5.751587e-04   1.050509e-01   6         6         1         0         14627     
  6     1.574817e-04   5.943762e-04   1.500918e-01   7         7         1         0         16353     
  7     1.416895e-04   3.866348e-04   9.286434e-02   8         8         1         0         18106     
  8     1.321723e-04   3.124451e-04   4.089661e-02   9         9         1         0         19964     
  9     1.139602e-04   2.737506e-04   1.507781e-01   10        10        1         0         21711     
  10    1.116838e-04   4.522718e-04   1.175393e-01   11        11        1         0         23431     
  11    1.060841e-04   1.521518e-04   2.190162e-02   12        12        1         0         25181     
  12    1.041133e-04   1.225155e-04   1.907557e-02   13        13        1         0         27072     
  13    9.983214e-05   2.400630e-04   6.263304e-02   14        14        1         0         28945     
  14    9.192866e-05   4.007909e-04   1.398989e-01   15        15        1         0         30764     
  15    7.821543e-05   4.912531e-04   2.844065e-01   16        16        1         0         32586     
  16    6.592686e-05   3.117297e-04   2.983695e-01   17        17        1         0         34357     
  17    6.366711e-05   1.663025e-04   1.193693e-01   18        18        1         0         36155     
  18    6.234234e-05   3.444488e-05   3.146224e-02   19        19        1         0         38058     
  19    6.221718e-05   2.854403e-05   1.433208e-02   20        20        1         0         39395     
  20    6.207630e-05   4.458091e-05   1.327909e-02   21        21        1         0         40738     
  21    6.167349e-05   8.396687e-05   3.027465e-02   22        22        1         0         42063     
  22    6.071995e-05   1.440410e-04   6.873409e-02   23        23        1         0         44032     
  23    5.847758e-05   2.258299e-04   1.699418e-01   24        24        1         0         45974     
  24    5.386948e-05   3.067069e-04   3.739007e-01   25        25        1         0         47925     
  25    4.558612e-05   3.453933e-04   7.152930e-01   26        26        1         0         49843     
  26    3.788838e-05   3.981478e-04   1.110121e+00   27        27        1         0         51617     
  27    3.202570e-05   1.905893e-04   5.886344e-01   28        28        1         0         53370     
  28    2.953729e-05   4.865509e-05   1.882703e-01   29        29        1         0         55288     
  29    2.919774e-05   8.153735e-06   7.304215e-02   30        30        1         0         57254     
Optimization Terminated with Status: Converged
 Done target optimization...
 Resetting problem to initial conditions and target previous FFD points 
 and aim for machine precision functional value....
The process took 22.1641 seconds to run.
Starting optimization with 20...

Newton-Krylov using GMRES with Limited-Memory BFGS preconditioning
Line Search: Backtracking satisfying Null Curvature Condition
-------------------------------------------------------------------------------------------------------------
Newton-Krylov status output definitions

  iter     - Number of iterates (steps taken) 
  value    - Objective function value 
  gnorm    - Norm of the gradient
  snorm    - Norm of the step (update to optimization vector)
  #fval    - Cumulative number of times the objective function was evaluated
  #grad    - Number of times the gradient was computed
  iterCG   - Number of Krylov iterations used to compute search direction
  flagCG   - Krylov solver flag
-------------------------------------------------------------------------------------------------------------
  iter  value          gnorm          snorm          #fval     #grad     iterCG    flagCG    ls_#fval  ls_#grad  n_vmult   
  0     1.418661e-03   8.625717e-03   
  1     1.540425e-05   8.902116e-04   7.901452e+00   2         2         16        0         1         0         14277     
  2     4.438309e-09   1.091115e-05   7.285871e+00   3         3         16        0         1         0         26992     
  3     8.253782e-15   5.217430e-09   3.786231e-01   4         4         17        0         1         0         39921     
  4     1.104878e-17   3.902827e-13   2.474195e-02   5         5         18        0         1         0         53720     
Optimization Terminated with Status: Converged
The process took 16.2954 seconds to run.
Total n_vmult for algorithm 53720
