Starting optimization with 40...
Optimizing FFD points to obtain target Gaussian bump...

Quasi-Newton Method with Limited-Memory BFGS
Line Search: Backtracking satisfying Null Curvature Condition
  iter  value          gnorm          snorm          #fval     #grad     ls_#fval  ls_#grad  
  0     1.460201e-03   7.437042e-03   
  1     1.405545e-03   7.261599e-03   7.437042e-03   2         2         1         0         
  2     1.709190e-04   1.049687e-03   3.164206e-01   3         3         1         0         
  3     1.229259e-04   6.544056e-04   6.348910e-02   4         4         1         0         
  4     8.496936e-05   5.406620e-04   8.872646e-02   5         5         1         0         
  5     5.696390e-05   3.718299e-04   1.014965e-01   6         6         1         0         
  6     3.920733e-05   3.499325e-04   1.214776e-01   7         7         1         0         
  7     3.297265e-05   2.396411e-04   6.368179e-02   9         8         2         0         
  8     2.910771e-05   1.687192e-04   3.365108e-02   10        9         1         0         
  9     2.444213e-05   1.564133e-04   5.710782e-02   11        10        1         0         
  10    2.075683e-05   2.639221e-04   8.421325e-02   12        11        1         0         
  11    1.755173e-05   1.257797e-04   6.876497e-02   13        12        1         0         
  12    1.631089e-05   7.835608e-05   1.544604e-02   14        13        1         0         
  13    1.502323e-05   7.725890e-05   2.837626e-02   15        14        1         0         
  14    1.333381e-05   1.011537e-04   4.700232e-02   16        15        1         0         
  15    9.834674e-06   1.219523e-04   1.252056e-01   17        16        1         0         
  16    9.198326e-06   1.282839e-04   3.745655e-02   20        17        3         0         
  17    7.697285e-06   5.769454e-05   7.484027e-02   21        18        1         0         
  18    7.296367e-06   2.214923e-05   1.922799e-02   22        19        1         0         
  19    7.124236e-06   2.768619e-05   1.095430e-02   23        20        1         0         
  20    6.839855e-06   4.692986e-05   2.211999e-02   24        21        1         0         
  21    6.126658e-06   7.853577e-05   6.456008e-02   25        22        1         0         
  22    4.877210e-06   1.006649e-04   1.318000e-01   26        23        1         0         
  23    3.732017e-06   1.116144e-04   1.863565e-01   27        24        1         0         
  24    3.269618e-06   7.226973e-05   1.630371e-01   28        25        1         0         
  25    2.783671e-06   1.845360e-05   8.000982e-02   29        26        1         0         
  26    2.745580e-06   6.390770e-06   1.435014e-02   30        27        1         0         
Optimization Terminated with Status: Converged
 Done target optimization...
 Resetting problem to initial conditions and target previous FFD points 
 and aim for machine precision functional value....
The process took 105.826 seconds to run.
********************************************************
Biros and Ghattas Full-space method...with P4A preconditioner
Using 9040 design variables: 9000 simulation variables and 40 control variables.
Line Search: Backtracking satisfying Null Curvature Condition
********************************************************
Iteration         Func. val.        ||Lagr. grad.||   ||Constraint||    ||Search dir||    search_ctl_norm   search_sim_norm   search_adj_norm   n_kkt_iter        n_linesearches    n_grad            n_vmult_total     

Iteration         Func. val.        ||Lagr. grad.||   ||Constraint||    ||Search dir||    search_ctl_norm   search_sim_norm   search_adj_norm   n_kkt_iter        n_linesearches    n_grad            n_vmult_total     
1                 7.36107e-06       0.0051528         0.0218409         11.7779           10.2473           3.51235           4.62344           377               1                 0                 35554             
Iteration         Func. val.        ||Lagr. grad.||   ||Constraint||    ||Search dir||    search_ctl_norm   search_sim_norm   search_adj_norm   n_kkt_iter        n_linesearches    n_grad            n_vmult_total     
2                 3.608e-07         0.000178457       0.000532757       4.61737           4.56439           0.295284          0.631906          262               1                 0                 59938             
Iteration         Func. val.        ||Lagr. grad.||   ||Constraint||    ||Search dir||    search_ctl_norm   search_sim_norm   search_adj_norm   n_kkt_iter        n_linesearches    n_grad            n_vmult_total     
3                 1.92405e-10       1.98635e-05       2.39297e-05       5.40282           5.39993           0.0690584         0.162489          295               1                 0                 87358             
Iteration         Func. val.        ||Lagr. grad.||   ||Constraint||    ||Search dir||    search_ctl_norm   search_sim_norm   search_adj_norm   n_kkt_iter        n_linesearches    n_grad            n_vmult_total     
4                 8.35074e-14       1.10361e-08       5.94233e-09       0.324473          0.32439           0.0016259         0.00714183        316               1                 0                 116710            
Iteration         Func. val.        ||Lagr. grad.||   ||Constraint||    ||Search dir||    search_ctl_norm   search_sim_norm   search_adj_norm   n_kkt_iter        n_linesearches    n_grad            n_vmult_total     
5                 1.33516e-14       8.00189e-12       4.60443e-12       0.0127854         0.0127854         3.48695e-05       1.01363e-05       317               1                 0                 146154            
Optimization Terminated with Status: Converged
The process took 180.559 seconds to run.
Total n_vmult for algorithm 146154
