Starting optimization with 60...
Optimizing FFD points to obtain target Gaussian bump...

Quasi-Newton Method with Limited-Memory BFGS
Line Search: Backtracking satisfying Null Curvature Condition
  iter  value          gnorm          snorm          #fval     #grad     ls_#fval  ls_#grad  
  0     1.460802e-03   6.829650e-03   
  1     1.414590e-03   6.703324e-03   6.829650e-03   2         2         1         0         
  2     8.585357e-05   8.699499e-04   3.692282e-01   3         3         1         0         
  3     4.856378e-05   4.413051e-04   6.362464e-02   4         4         1         0         
  4     2.981482e-05   3.450049e-04   6.274646e-02   5         5         1         0         
  5     1.616972e-05   2.406713e-04   7.615985e-02   6         6         1         0         
  6     1.278269e-05   2.987936e-04   4.360984e-02   8         7         2         0         
  7     9.110134e-06   1.374179e-04   3.486915e-02   9         8         1         0         
  8     7.324155e-06   1.095564e-04   2.520079e-02   10        9         1         0         
  9     5.473135e-06   9.141066e-05   3.655628e-02   11        10        1         0         
  10    3.940946e-06   8.954674e-05   4.368354e-02   12        11        1         0         
  11    3.599083e-06   1.286028e-04   3.166161e-02   14        12        2         0         
  12    3.054259e-06   4.589850e-05   9.227360e-03   15        13        1         0         
  13    2.847829e-06   4.349269e-05   7.676475e-03   16        14        1         0         
  14    2.455042e-06   5.153871e-05   1.934933e-02   17        15        1         0         
  15    1.992560e-06   4.102576e-05   3.089459e-02   18        16        1         0         
  16    1.682280e-06   2.397543e-05   2.827116e-02   19        17        1         0         
  17    1.452273e-06   2.678897e-05   3.115747e-02   20        18        1         0         
  18    1.323043e-06   3.285794e-05   2.306792e-02   21        19        1         0         
  19    1.245437e-06   2.775925e-05   2.605767e-02   22        20        1         0         
  20    1.205646e-06   7.204036e-06   4.712906e-03   23        21        1         0         
Optimization Terminated with Status: Converged
 Done target optimization...
 Resetting problem to initial conditions and target previous FFD points 
 and aim for machine precision functional value....
The process took 303.292 seconds to run.
********************************************************
Biros and Ghattas Full-space method...with P4 preconditioner
Using 16060 design variables: 16000 simulation variables and 60 control variables.
Line Search: Backtracking satisfying Null Curvature Condition
********************************************************
Iteration         Func. val.        ||Lagr. grad.||   ||Constraint||    ||Search dir||    search_ctl_norm   search_sim_norm   search_adj_norm   n_kkt_iter        n_linesearches    n_grad            n_vmult_total     

Iteration         Func. val.        ||Lagr. grad.||   ||Constraint||    ||Search dir||    search_ctl_norm   search_sim_norm   search_adj_norm   n_kkt_iter        n_linesearches    n_grad            n_vmult_total     
1                 6.99671e-06       0.00494672        0.0184258         10.7512           7.54002           4.67258           6.07487           40                1                 0                 77056             
Iteration         Func. val.        ||Lagr. grad.||   ||Constraint||    ||Search dir||    search_ctl_norm   search_sim_norm   search_adj_norm   n_kkt_iter        n_linesearches    n_grad            n_vmult_total     
2                 6.25101e-07       0.000226212       0.000467749       4.08034           3.95866           0.396671          0.906026          35                1                 0                 143305            
Iteration         Func. val.        ||Lagr. grad.||   ||Constraint||    ||Search dir||    search_ctl_norm   search_sim_norm   search_adj_norm   n_kkt_iter        n_linesearches    n_grad            n_vmult_total     
3                 5.75648e-10       4.08802e-05       5.06954e-05       3.54107           3.52921           0.125043          0.261262          37                1                 0                 213373            
Iteration         Func. val.        ||Lagr. grad.||   ||Constraint||    ||Search dir||    search_ctl_norm   search_sim_norm   search_adj_norm   n_kkt_iter        n_linesearches    n_grad            n_vmult_total     
4                 6.67505e-13       3.52033e-08       1.73456e-08       0.153752          0.153147          0.00373853        0.0131001         42                1                 0                 289813            
Iteration         Func. val.        ||Lagr. grad.||   ||Constraint||    ||Search dir||    search_ctl_norm   search_sim_norm   search_adj_norm   n_kkt_iter        n_linesearches    n_grad            n_vmult_total     
5                 5.10369e-14       3.08882e-12       3.58455e-09       0.0378454         0.0378452         0.000124385       1.26804e-05       44                1                 0                 368644            
Optimization Terminated with Status: Converged
The process took 2081.14 seconds to run.
Total n_vmult for algorithm 368644
