Starting optimization with 40...
Optimizing FFD points to obtain target Gaussian bump...

Quasi-Newton Method with Limited-Memory BFGS
Line Search: Backtracking satisfying Null Curvature Condition
  iter  value          gnorm          snorm          #fval     #grad     ls_#fval  ls_#grad  
  0     1.460201e-03   7.437042e-03   
  1     1.405545e-03   7.261599e-03   7.437042e-03   2         2         1         0         
  2     1.709190e-04   1.049687e-03   3.164206e-01   3         3         1         0         
  3     1.229259e-04   6.544056e-04   6.348910e-02   4         4         1         0         
  4     8.496936e-05   5.406620e-04   8.872646e-02   5         5         1         0         
  5     5.696390e-05   3.718299e-04   1.014965e-01   6         6         1         0         
  6     3.920733e-05   3.499325e-04   1.214776e-01   7         7         1         0         
  7     3.297265e-05   2.396411e-04   6.368179e-02   9         8         2         0         
  8     2.910771e-05   1.687192e-04   3.365108e-02   10        9         1         0         
  9     2.444213e-05   1.564133e-04   5.710782e-02   11        10        1         0         
  10    2.075683e-05   2.639221e-04   8.421325e-02   12        11        1         0         
  11    1.755173e-05   1.257797e-04   6.876497e-02   13        12        1         0         
  12    1.631089e-05   7.835608e-05   1.544604e-02   14        13        1         0         
  13    1.502323e-05   7.725890e-05   2.837626e-02   15        14        1         0         
  14    1.333381e-05   1.011537e-04   4.700232e-02   16        15        1         0         
  15    9.834674e-06   1.219523e-04   1.252056e-01   17        16        1         0         
  16    9.198326e-06   1.282839e-04   3.745655e-02   20        17        3         0         
  17    7.697285e-06   5.769454e-05   7.484027e-02   21        18        1         0         
  18    7.296367e-06   2.214923e-05   1.922799e-02   22        19        1         0         
  19    7.124236e-06   2.768619e-05   1.095430e-02   23        20        1         0         
  20    6.839855e-06   4.692986e-05   2.211999e-02   24        21        1         0         
  21    6.126658e-06   7.853577e-05   6.456008e-02   25        22        1         0         
  22    4.877210e-06   1.006649e-04   1.318000e-01   26        23        1         0         
  23    3.732017e-06   1.116144e-04   1.863565e-01   27        24        1         0         
  24    3.269618e-06   7.226973e-05   1.630371e-01   28        25        1         0         
  25    2.783671e-06   1.845360e-05   8.000982e-02   29        26        1         0         
  26    2.745580e-06   6.390770e-06   1.435014e-02   30        27        1         0         
Optimization Terminated with Status: Converged
 Done target optimization...
 Resetting problem to initial conditions and target previous FFD points 
 and aim for machine precision functional value....
The process took 103.823 seconds to run.
********************************************************
Biros and Ghattas Full-space method...with P2 preconditioner
Using 9040 design variables: 9000 simulation variables and 40 control variables.
Line Search: Backtracking satisfying Null Curvature Condition
********************************************************
Iteration         Func. val.        ||Lagr. grad.||   ||Constraint||    ||Search dir||    search_ctl_norm   search_sim_norm   search_adj_norm   n_kkt_iter        n_linesearches    n_grad            n_vmult_total     

Iteration         Func. val.        ||Lagr. grad.||   ||Constraint||    ||Search dir||    search_ctl_norm   search_sim_norm   search_adj_norm   n_kkt_iter        n_linesearches    n_grad            n_vmult_total     
1                 7.3786e-06        0.00516719        0.0218367         9.47478           7.48714           3.51231           4.62363           40                1                 0                 34282             
Iteration         Func. val.        ||Lagr. grad.||   ||Constraint||    ||Search dir||    search_ctl_norm   search_sim_norm   search_adj_norm   n_kkt_iter        n_linesearches    n_grad            n_vmult_total     
2                 3.60151e-07       0.000182126       0.000532554       3.80448           3.73946           0.295016          0.635207          31                1                 0                 59613             
Iteration         Func. val.        ||Lagr. grad.||   ||Constraint||    ||Search dir||    search_ctl_norm   search_sim_norm   search_adj_norm   n_kkt_iter        n_linesearches    n_grad            n_vmult_total     
3                 1.81651e-10       2.02353e-05       2.35754e-05       3.67807           3.67376           0.0689945         0.164249          36                1                 0                 89104             
Iteration         Func. val.        ||Lagr. grad.||   ||Constraint||    ||Search dir||    search_ctl_norm   search_sim_norm   search_adj_norm   n_kkt_iter        n_linesearches    n_grad            n_vmult_total     
4                 5.66502e-13       1.08032e-08       5.10883e-09       0.073596          0.0732246         0.00157109        0.00721561        38                1                 0                 120172            
Iteration         Func. val.        ||Lagr. grad.||   ||Constraint||    ||Search dir||    search_ctl_norm   search_sim_norm   search_adj_norm   n_kkt_iter        n_linesearches    n_grad            n_vmult_total     
5                 4.96676e-15       5.53684e-12       1.54094e-11       0.0573753         0.0573752         8.91631e-05       4.07592e-05       42                1                 0                 154178            
Optimization Terminated with Status: Converged
The process took 296.982 seconds to run.
Total n_vmult for algorithm 154178
