Starting optimization with 100...

Newton-Krylov using GMRES with Limited-Memory BFGS preconditioning
Line Search: Backtracking satisfying Null Curvature Condition
-------------------------------------------------------------------------------------------------------------
Newton-Krylov status output definitions

  iter     - Number of iterates (steps taken) 
  value    - Objective function value 
  gnorm    - Norm of the gradient
  snorm    - Norm of the step (update to optimization vector)
  #fval    - Cumulative number of times the objective function was evaluated
  #grad    - Number of times the gradient was computed
  iterCG   - Number of Krylov iterations used to compute search direction
  flagCG   - Krylov solver flag
-------------------------------------------------------------------------------------------------------------
  iter  value          gnorm          snorm          #fval     #grad     iterCG    flagCG    ls_#fval  ls_#grad  
  0     1.445124e-03   6.072477e-03   
  1     1.534600e-05   5.372604e-04   1.093300e+01   2         2         39        0         1         0         
  2     6.846954e-09   9.457249e-06   1.103646e+01   3         3         39        0         1         0         
  3     9.562903e-14   2.017624e-08   6.762568e-01   4         4         40        0         1         0         
  4     1.992751e-17   7.937127e-12   2.219193e-02   5         5         43        0         1         0         
Optimization Terminated with Status: Converged
The process took 19.9861 seconds to run.
