********************************************************
Biros and Ghattas Full-space method...with P2 preconditioner
Using 9020 design variables: 9000 simulation variables and 20 control variables.
Line Search: Backtracking satisfying Null Curvature Condition
********************************************************
Iteration         Func. val.        ||Lagr. grad.||   ||Constraint||    ||Search dir||    n_kkt_iter        n_linesearches    n_grad            
1                 0.000293284       0.0039576         0.00686898        30.1505           28                2                 0                 
2                 2.57927e-06       0.001245          0.00552272        25.3466           28                1                 0                 
3                 1.16183e-07       0.000354664       9.58004e-05       4.35022           28                1                 0                 
4                 3.19729e-09       7.76097e-06       5.78959e-06       1.63947           28                1                 0                 
5                 1.74078e-09       1.35851e-08       6.85469e-08       1.83193           28                1                 0                 
6                 9.50609e-10       1.01704e-08       2.85943e-08       0.663105          28                1                 0                 
7                 5.1884e-10        1.74105e-09       1.85278e-08       0.999965          28                1                 0                 
8                 2.8318e-10        3.04673e-09       8.53326e-09       0.362104          28                1                 0                 
9                 1.54467e-10       7.97458e-10       5.52512e-09       0.546254          28                1                 0                 
10                8.42615e-11       9.32536e-10       2.54252e-09       0.197617          28                1                 0                 
11                4.59262e-11       4.06702e-10       1.64574e-09       0.298335          28                1                 0                 
12                2.50364e-11       3.02692e-10       7.56532e-10       0.107774          28                1                 0                 
13                1.36304e-11       2.22126e-10       4.89878e-10       0.162947          28                1                 0                 
14                7.42429e-12       1.12297e-10       2.24781e-10       0.0587204         28                1                 0                 
15                4.03603e-12       1.29509e-10       1.4551e-10        0.0890135         28                1                 0                 
16                2.19781e-12       4.86607e-11       6.65645e-11       0.0319356         28                1                 0                 
Optimization Terminated with Status: Converged
The process took 787.635 seconds to run.
