Starting optimization with 40 control variables...

Primal Dual Active Set Method

 Full-Space Newton Method
  iter  value          gnorm          cnorm          ecnorm         flowcnorm      flow_cfl       identity       icnorm         snorm          #linesear  iterPDAS   flagPDAS   iterGMRES  resiGMRES      flagGMRES  feasible   n_active_  n_vmult           dRdW_form         dRdW_mult         dRdX_mult         d2R_mult          
  0     3.995257e-02   2.552392e-01   
  iter  value          gnorm          cnorm          ecnorm         flowcnorm      flow_cfl       identity       icnorm         snorm          #linesear  iterPDAS   flagPDAS   iterGMRES  resiGMRES      flagGMRES  feasible   n_active_  n_vmult           dRdW_form         dRdW_mult         dRdX_mult         d2R_mult          
  1     2.495259e-02   3.229689e-01   5.507182e-03   5.507182e-03   1.552993e-09   1.993746e+10   6.514705e+00   0.000000e+00   2.099784e+01   1          1          0          168        8.963475e-11   0          YES       2          16065             18                5105              684               676               
  iter  value          gnorm          cnorm          ecnorm         flowcnorm      flow_cfl       identity       icnorm         snorm          #linesear  iterPDAS   flagPDAS   iterGMRES  resiGMRES      flagGMRES  feasible   n_active_  n_vmult           dRdW_form         dRdW_mult         dRdX_mult         d2R_mult          
  2     2.350691e-02   1.013160e-01   2.364883e-03   2.364883e-03   8.189253e-11   1.205252e+12   1.043089e+01   0.000000e+00   1.141047e+01   1          1          0          170        9.693788e-11   0          YES       2          30144             21                9312              1376              1360              
  iter  value          gnorm          cnorm          ecnorm         flowcnorm      flow_cfl       identity       icnorm         snorm          #linesear  iterPDAS   flagPDAS   iterGMRES  resiGMRES      flagGMRES  feasible   n_active_  n_vmult           dRdW_form         dRdW_mult         dRdX_mult         d2R_mult          
  3     1.977180e-02   4.850438e-02   1.531930e-03   1.531930e-03   3.951588e-11   5.217319e+12   1.026493e+00   0.000000e+00   5.118797e+00   1          1          0          156        9.285021e-11   0          YES       2          43152             24                13232             2012              1988              
  iter  value          gnorm          cnorm          ecnorm         flowcnorm      flow_cfl       identity       icnorm         snorm          #linesear  iterPDAS   flagPDAS   iterGMRES  resiGMRES      flagGMRES  feasible   n_active_  n_vmult           dRdW_form         dRdW_mult         dRdX_mult         d2R_mult          
  4     1.774529e-02   5.944067e-02   1.691411e-03   7.948799e-04   2.541196e-11   6.620308e+12   2.352675e-01   8.965316e-04   3.539006e+00   2          1          1          161        7.810848e-11   0          NO        3          56540             27                17252             2668              2636              
  iter  value          gnorm          cnorm          ecnorm         flowcnorm      flow_cfl       identity       icnorm         snorm          #linesear  iterPDAS   flagPDAS   iterGMRES  resiGMRES      flagGMRES  feasible   n_active_  n_vmult           dRdW_form         dRdW_mult         dRdX_mult         d2R_mult          
  5     1.731956e-02   4.854268e-02   6.500900e-03   5.864535e-04   1.914686e-11   1.075917e+13   3.533193e-01   5.914446e-03   1.097963e+00   3          1          1          161        9.673769e-11   0          NO        6          69942             30                21286             3324              3284              
  iter  value          gnorm          cnorm          ecnorm         flowcnorm      flow_cfl       identity       icnorm         snorm          #linesear  iterPDAS   flagPDAS   iterGMRES  resiGMRES      flagGMRES  feasible   n_active_  n_vmult           dRdW_form         dRdW_mult         dRdX_mult         d2R_mult          
  6     1.712694e-02   3.388419e-02   7.208063e-03   4.307056e-04   1.437177e-11   2.053491e+13   2.356392e-01   6.777358e-03   1.238890e+00   3          1          1          167        8.559442e-11   0          NO        8          83835             33                25475             4004              3956              
  iter  value          gnorm          cnorm          ecnorm         flowcnorm      flow_cfl       identity       icnorm         snorm          #linesear  iterPDAS   flagPDAS   iterGMRES  resiGMRES      flagGMRES  feasible   n_active_  n_vmult           dRdW_form         dRdW_mult         dRdX_mult         d2R_mult          
  7     1.700189e-02   2.979856e-02   1.607353e-02   1.021726e-04   7.193407e-12   4.665199e+13   1.148139e-01   1.597135e-02   1.545424e+00   2          1          1          177        9.720030e-11   0          NO        10         98474             36                29850             4724              4668              
  iter  value          gnorm          cnorm          ecnorm         flowcnorm      flow_cfl       identity       icnorm         snorm          #linesear  iterPDAS   flagPDAS   iterGMRES  resiGMRES      flagGMRES  feasible   n_active_  n_vmult           dRdW_form         dRdW_mult         dRdX_mult         d2R_mult          
  8     1.713590e-02   8.924713e-03   8.469257e-03   1.360213e-05   6.963148e-13   1.609163e+15   8.879540e-02   8.455655e-03   7.545700e-01   1          1          1          188        9.043081e-11   0          NO        10         113942            39                34438             5488              5424              
  iter  value          gnorm          cnorm          ecnorm         flowcnorm      flow_cfl       identity       icnorm         snorm          #linesear  iterPDAS   flagPDAS   iterGMRES  resiGMRES      flagGMRES  feasible   n_active_  n_vmult           dRdW_form         dRdW_mult         dRdX_mult         d2R_mult          
  9     1.708076e-02   8.693665e-03   6.352090e-03   1.034834e-05   5.292714e-13   2.173295e+15   7.965049e-03   6.341742e-03   4.505584e-01   3          1          1          237        9.112753e-11   0          NO        10         133148            42                40020             6448              6376              
  iter  value          gnorm          cnorm          ecnorm         flowcnorm      flow_cfl       identity       icnorm         snorm          #linesear  iterPDAS   flagPDAS   iterGMRES  resiGMRES      flagGMRES  feasible   n_active_  n_vmult           dRdW_form         dRdW_mult         dRdX_mult         d2R_mult          
  10    1.705228e-02   8.662184e-03   5.568752e-03   9.093662e-06   4.649708e-13   2.482829e+15   7.557980e-03   5.559658e-03   9.682638e-02   4          1          1          237        9.965873e-11   0          NO        11         152326            45                45574             7408              7328              
  iter  value          gnorm          cnorm          ecnorm         flowcnorm      flow_cfl       identity       icnorm         snorm          #linesear  iterPDAS   flagPDAS   iterGMRES  resiGMRES      flagGMRES  feasible   n_active_  n_vmult           dRdW_form         dRdW_mult         dRdX_mult         d2R_mult          
  11    1.704595e-02   7.938243e-03   5.322657e-03   8.518080e-06   4.359510e-13   2.889601e+15   7.503344e-03   5.314139e-03   1.820270e-01   5          1          1          234        9.874880e-11   0          NO        13         171283            48                51075             8356              8268              
  iter  value          gnorm          cnorm          ecnorm         flowcnorm      flow_cfl       identity       icnorm         snorm          #linesear  iterPDAS   flagPDAS   iterGMRES  resiGMRES      flagGMRES  feasible   n_active_  n_vmult           dRdW_form         dRdW_mult         dRdX_mult         d2R_mult          
  12    1.703444e-02   3.682634e-03   3.354671e-03   4.244420e-06   2.182458e-13   1.244215e+16   6.301571e-03   3.350427e-03   2.003521e-01   2          1          1          232        7.108416e-11   0          NO        14         190123            51                56571             9296              9200              
  iter  value          gnorm          cnorm          ecnorm         flowcnorm      flow_cfl       identity       icnorm         snorm          #linesear  iterPDAS   flagPDAS   iterGMRES  resiGMRES      flagGMRES  feasible   n_active_  n_vmult           dRdW_form         dRdW_mult         dRdX_mult         d2R_mult          
  13    1.702825e-02   6.010680e-03   4.479061e-03   3.977040e-06   2.046741e-13   8.128558e+15   1.356179e-03   4.475084e-03   1.463439e-01   5          1          1          353        9.241312e-11   0          NO        15         218161            54                64447             10722             10620             
  iter  value          gnorm          cnorm          ecnorm         flowcnorm      flow_cfl       identity       icnorm         snorm          #linesear  iterPDAS   flagPDAS   iterGMRES  resiGMRES      flagGMRES  feasible   n_active_  n_vmult           dRdW_form         dRdW_mult         dRdX_mult         d2R_mult          
  14    1.702209e-02   3.710107e-03   3.359299e-03   2.985648e-06   1.535515e-13   1.755333e+16   3.612827e-03   3.356313e-03   1.221363e-01   3          1          1          239        7.418743e-11   0          NO        15         237519            57                70069             11690             11580             
  iter  value          gnorm          cnorm          ecnorm         flowcnorm      flow_cfl       identity       icnorm         snorm          #linesear  iterPDAS   flagPDAS   iterGMRES  resiGMRES      flagGMRES  feasible   n_active_  n_vmult           dRdW_form         dRdW_mult         dRdX_mult         d2R_mult          
  15    1.701977e-02   4.284416e-03   3.257593e-03   2.892551e-06   1.487639e-13   1.568956e+16   1.376489e-03   3.254701e-03   6.885517e-02   6          1          1          321        9.993772e-11   0          NO        16         263132            60                77312             12988             12872             
  iter  value          gnorm          cnorm          ecnorm         flowcnorm      flow_cfl       identity       icnorm         snorm          #linesear  iterPDAS   flagPDAS   iterGMRES  resiGMRES      flagGMRES  feasible   n_active_  n_vmult           dRdW_form         dRdW_mult         dRdX_mult         d2R_mult          
  16    1.701656e-02   3.345714e-03   2.850392e-03   2.528915e-06   1.301777e-13   2.296015e+16   1.835622e-03   2.847863e-03   8.191644e-02   4          1          1          245        8.266979e-11   0          NO        16         282967            63                83075             13980             13856             
  iter  value          gnorm          cnorm          ecnorm         flowcnorm      flow_cfl       identity       icnorm         snorm          #linesear  iterPDAS   flagPDAS   iterGMRES  resiGMRES      flagGMRES  feasible   n_active_  n_vmult           dRdW_form         dRdW_mult         dRdX_mult         d2R_mult          
  17    1.701586e-02   4.244675e-03   3.357159e-03   2.489320e-06   1.281437e-13   1.838477e+16   1.119381e-03   3.354670e-03   4.290510e-02   7          1          1          248        9.962823e-11   0          NO        17         302995            66                88863             14984             14852             
  iter  value          gnorm          cnorm          ecnorm         flowcnorm      flow_cfl       identity       icnorm         snorm          #linesear  iterPDAS   flagPDAS   iterGMRES  resiGMRES      flagGMRES  feasible   n_active_  n_vmult           dRdW_form         dRdW_mult         dRdX_mult         d2R_mult          
  18    1.701392e-02   2.893051e-03   2.749028e-03   1.869772e-06   9.611650e-14   3.596217e+16   1.801727e-03   2.747158e-03   1.047694e-01   3          1          1          247        9.196368e-11   0          NO        18         322947            69                94631             15984             15844             
  iter  value          gnorm          cnorm          ecnorm         flowcnorm      flow_cfl       identity       icnorm         snorm          #linesear  iterPDAS   flagPDAS   iterGMRES  resiGMRES      flagGMRES  feasible   n_active_  n_vmult           dRdW_form         dRdW_mult         dRdX_mult         d2R_mult          
  19    1.701265e-02   3.685954e-03   3.496803e-03   1.752960e-06   9.011004e-14   3.010765e+16   8.369745e-04   3.495050e-03   2.692215e-02   5          1          1          361        9.835844e-11   0          NO        19         351607            72                102681            17442             17296             
  iter  value          gnorm          cnorm          ecnorm         flowcnorm      flow_cfl       identity       icnorm         snorm          #linesear  iterPDAS   flagPDAS   iterGMRES  resiGMRES      flagGMRES  feasible   n_active_  n_vmult           dRdW_form         dRdW_mult         dRdX_mult         d2R_mult          
  20    1.701095e-02   5.090419e-03   5.031031e-03   1.315482e-06   6.758589e-14   2.906635e+16   1.358626e-03   5.029715e-03   3.502927e-02   3          1          1          317        9.800839e-11   0          NO        22         376923            75                109851            18724             18572             
  iter  value          gnorm          cnorm          ecnorm         flowcnorm      flow_cfl       identity       icnorm         snorm          #linesear  iterPDAS   flagPDAS   iterGMRES  resiGMRES      flagGMRES  feasible   n_active_  n_vmult           dRdW_form         dRdW_mult         dRdX_mult         d2R_mult          
  21    1.701242e-02   8.704667e-04   8.674336e-04   6.882946e-09   3.610647e-16   3.181727e+19   2.591237e-03   8.674267e-04   4.617137e-02   1          1          1          238        9.352342e-11   0          NO        20         396184            78                115432            19688             19528             
  iter  value          gnorm          cnorm          ecnorm         flowcnorm      flow_cfl       identity       icnorm         snorm          #linesear  iterPDAS   flagPDAS   iterGMRES  resiGMRES      flagGMRES  feasible   n_active_  n_vmult           dRdW_form         dRdW_mult         dRdX_mult         d2R_mult          
  22    1.701177e-02   1.882050e-03   1.574119e-03   6.821325e-09   3.568843e-16   1.488817e+19   1.000000e-04   1.574112e-03   5.390069e-02   7          1          1          445        9.688471e-11   0          NO        21         431200            81                125134            21482             21316             
  iter  value          gnorm          cnorm          ecnorm         flowcnorm      flow_cfl       identity       icnorm         snorm          #linesear  iterPDAS   flagPDAS   iterGMRES  resiGMRES      flagGMRES  feasible   n_active_  n_vmult           dRdW_form         dRdW_mult         dRdX_mult         d2R_mult          
  23    1.701113e-02   1.580522e-03   1.377356e-03   7.582972e-09   3.253972e-16   1.944400e+19   3.542114e-04   1.377348e-03   7.792602e-02   4          1          1          370        9.461919e-11   0          NO        21         460544            84                133364            22976             22804             
  iter  value          gnorm          cnorm          ecnorm         flowcnorm      flow_cfl       identity       icnorm         snorm          #linesear  iterPDAS   flagPDAS   iterGMRES  resiGMRES      flagGMRES  feasible   n_active_  n_vmult           dRdW_form         dRdW_mult         dRdX_mult         d2R_mult          
  24    1.701090e-02   1.562702e-03   1.337668e-03   7.440115e-09   3.158293e-16   2.026149e+19   2.498051e-04   1.337660e-03   1.059025e-02   6          1          1          378        9.261569e-11   0          NO        22         490496            87                141754            24502             24324             
  iter  value          gnorm          cnorm          ecnorm         flowcnorm      flow_cfl       identity       icnorm         snorm          #linesear  iterPDAS   flagPDAS   iterGMRES  resiGMRES      flagGMRES  feasible   n_active_  n_vmult           dRdW_form         dRdW_mult         dRdX_mult         d2R_mult          
  25    1.701062e-02   1.379142e-03   1.170460e-03   7.644521e-09   2.848921e-16   2.545134e+19   2.442038e-04   1.170453e-03   2.632893e-02   4          1          1          437        7.942909e-11   0          NO        22         524953            90                151345            26264             26080             
  iter  value          gnorm          cnorm          ecnorm         flowcnorm      flow_cfl       identity       icnorm         snorm          #linesear  iterPDAS   flagPDAS   iterGMRES  resiGMRES      flagGMRES  feasible   n_active_  n_vmult           dRdW_form         dRdW_mult         dRdX_mult         d2R_mult          
  26    1.701043e-02   1.642562e-03   1.483297e-03   7.397994e-09   2.598680e-16   2.342748e+19   1.902032e-04   1.483289e-03   9.393277e-03   5          1          1          438        9.882597e-11   0          NO        23         559486            93                160956            28030             27840             
  iter  value          gnorm          cnorm          ecnorm         flowcnorm      flow_cfl       identity       icnorm         snorm          #linesear  iterPDAS   flagPDAS   iterGMRES  resiGMRES      flagGMRES  feasible   n_active_  n_vmult           dRdW_form         dRdW_mult         dRdX_mult         d2R_mult          
  27    1.701036e-02   1.460437e-03   1.445809e-03   6.962873e-09   2.547572e-16   2.687760e+19   2.698009e-04   1.445802e-03   6.016263e-02   5          1          1          408        8.575319e-11   0          NO        24         591753            96                169981            29676             29480             
  iter  value          gnorm          cnorm          ecnorm         flowcnorm      flow_cfl       identity       icnorm         snorm          #linesear  iterPDAS   flagPDAS   iterGMRES  resiGMRES      flagGMRES  feasible   n_active_  n_vmult           dRdW_form         dRdW_mult         dRdX_mult         d2R_mult          
  28    1.701027e-02   1.281433e-03   1.265083e-03   6.234109e-09   2.195885e-16   3.553814e+19   2.132878e-04   1.265077e-03   1.019906e-02   4          1          1          238        8.314453e-11   0          NO        24         611021            99                175569            30640             30436             
  iter  value          gnorm          cnorm          ecnorm         flowcnorm      flow_cfl       identity       icnorm         snorm          #linesear  iterPDAS   flagPDAS   iterGMRES  resiGMRES      flagGMRES  feasible   n_active_  n_vmult           dRdW_form         dRdW_mult         dRdX_mult         d2R_mult          
  29    1.701021e-02   2.361351e-03   2.350668e-03   5.881968e-09   2.006038e-16   2.111058e+19   1.642069e-04   2.350663e-03   7.352939e-03   5          1          1          238        9.908719e-11   0          NO        25         630303            102               181171            31604             31392             
  iter  value          gnorm          cnorm          ecnorm         flowcnorm      flow_cfl       identity       icnorm         snorm          #linesear  iterPDAS   flagPDAS   iterGMRES  resiGMRES      flagGMRES  feasible   n_active_  n_vmult           dRdW_form         dRdW_mult         dRdX_mult         d2R_mult          
  30    1.701032e-02   2.908682e-06   2.960501e-09   2.960501e-09   2.135972e-16   1.609564e+22   5.575978e-04   0.000000e+00   1.115679e-02   1          1          0          212        7.315861e-11   0          YES       23         647588            105               186232            32464             32244             
Optimization Terminated with Status: Converged
The process took 479.638 seconds to run.
Total n_vmult for algorithm 647588
