Starting optimization with 160...

Primal Dual Active Set Method

 Reduced-Space  Quasi-Newton
  iter  value          gnorm          cnorm          ecnorm         flowcnorm      identity       icnorm         snorm          #linesear  iterPDAS   flagPDAS   iterGMRES  resiGMRES      flagGMRES  feasible   n_active_  n_vmult           dRdW_form         dRdW_mult         dRdX_mult         d2R_mult          
  0     2.791026e-02   3.254756e-01   
  iter  value          gnorm          cnorm          ecnorm         flowcnorm      identity       icnorm         snorm          #linesear  iterPDAS   flagPDAS   iterGMRES  resiGMRES      flagGMRES  feasible   n_active_  n_vmult           dRdW_form         dRdW_mult         dRdX_mult         d2R_mult          
  1     2.605113e-02   4.180815e-01   3.827408e-03   3.827408e-03   5.938016e-16   1.059343e+02   0.000000e+00   4.587929e-01   1          1          1          14         7.696590e-15   0          YES       1          17182             54                6636              118               0                 
  iter  value          gnorm          cnorm          ecnorm         flowcnorm      identity       icnorm         snorm          #linesear  iterPDAS   flagPDAS   iterGMRES  resiGMRES      flagGMRES  feasible   n_active_  n_vmult           dRdW_form         dRdW_mult         dRdX_mult         d2R_mult          
  2     2.605113e-02   4.214246e-01   3.827408e-03   3.827408e-03   5.900593e-16   1.747922e+02   0.000000e+00   1.732571e+00   1          1          1          13         2.683676e-11   0          YES       2          24344             71                9961              229               0                 
  iter  value          gnorm          cnorm          ecnorm         flowcnorm      identity       icnorm         snorm          #linesear  iterPDAS   flagPDAS   iterGMRES  resiGMRES      flagGMRES  feasible   n_active_  n_vmult           dRdW_form         dRdW_mult         dRdX_mult         d2R_mult          
  3     2.599899e-02   3.122962e-01   1.804112e-16   1.804112e-16   6.512099e-16   1.775987e+02   0.000000e+00   6.900856e-01   1          1          0          17         1.069940e-11   0          YES       1          31625             88                13237             364               0                 
  iter  value          gnorm          cnorm          ecnorm         flowcnorm      identity       icnorm         snorm          #linesear  iterPDAS   flagPDAS   iterGMRES  resiGMRES      flagGMRES  feasible   n_active_  n_vmult           dRdW_form         dRdW_mult         dRdX_mult         d2R_mult          
  4     2.579713e-02   4.347639e-01   3.774758e-15   3.774758e-15   8.658005e-16   9.752893e+01   0.000000e+00   1.088977e+00   1          1          0          19         6.453315e-14   0          YES       1          38934             105               16457             511               0                 
  iter  value          gnorm          cnorm          ecnorm         flowcnorm      identity       icnorm         snorm          #linesear  iterPDAS   flagPDAS   iterGMRES  resiGMRES      flagGMRES  feasible   n_active_  n_vmult           dRdW_form         dRdW_mult         dRdX_mult         d2R_mult          
  5     2.573644e-02   4.351410e-01   1.387779e-17   1.387779e-17   1.196099e-15   1.890197e+02   0.000000e+00   1.005410e-02   1          1          0          20         1.835222e-14   0          YES       1          46229             122               19621             664               0                 
  iter  value          gnorm          cnorm          ecnorm         flowcnorm      identity       icnorm         snorm          #linesear  iterPDAS   flagPDAS   iterGMRES  resiGMRES      flagGMRES  feasible   n_active_  n_vmult           dRdW_form         dRdW_mult         dRdX_mult         d2R_mult          
  6     2.571866e-02   4.353442e-01   4.163336e-17   4.163336e-17   1.471258e-15   1.893477e+02   0.000000e+00   1.303914e-02   2          1          0          21         1.586490e-15   0          YES       1          57825             155               24164             823               0                 
  iter  value          gnorm          cnorm          ecnorm         flowcnorm      identity       icnorm         snorm          #linesear  iterPDAS   flagPDAS   iterGMRES  resiGMRES      flagGMRES  feasible   n_active_  n_vmult           dRdW_form         dRdW_mult         dRdX_mult         d2R_mult          
  7     2.571318e-02   4.354746e-01   1.387779e-17   1.387779e-17   1.652344e-15   1.895246e+02   0.000000e+00   7.337610e-03   3          1          0          19         9.034803e-11   0          YES       1          73491             204               29981             970               0                 
  iter  value          gnorm          cnorm          ecnorm         flowcnorm      identity       icnorm         snorm          #linesear  iterPDAS   flagPDAS   iterGMRES  resiGMRES      flagGMRES  feasible   n_active_  n_vmult           dRdW_form         dRdW_mult         dRdX_mult         d2R_mult          
  8     2.571132e-02   4.355458e-01   0.000000e+00   0.000000e+00   1.759313e-15   1.896381e+02   0.000000e+00   4.050204e-03   4          1          0          21         1.678815e-14   0          YES       1          93339             269               37016             1129              0                 
  iter  value          gnorm          cnorm          ecnorm         flowcnorm      identity       icnorm         snorm          #linesear  iterPDAS   flagPDAS   iterGMRES  resiGMRES      flagGMRES  feasible   n_active_  n_vmult           dRdW_form         dRdW_mult         dRdX_mult         d2R_mult          
  9     2.571004e-02   4.356517e-01   0.000000e+00   0.000000e+00   1.881805e-15   1.897002e+02   0.000000e+00   2.167807e-03   4          1          0          21         7.349850e-15   0          YES       1          113236            334               44100             1288              0                 
  iter  value          gnorm          cnorm          ecnorm         flowcnorm      identity       icnorm         snorm          #linesear  iterPDAS   flagPDAS   iterGMRES  resiGMRES      flagGMRES  feasible   n_active_  n_vmult           dRdW_form         dRdW_mult         dRdX_mult         d2R_mult          
  10    2.571004e-02   4.356517e-01   0.000000e+00   0.000000e+00   1.879615e-15   1.897924e+02   0.000000e+00   1.000000e+99   5          1          0          21         2.937470e-14   0          YES       1          141553            431               53844             1447              0                 
  iter  value          gnorm          cnorm          ecnorm         flowcnorm      identity       icnorm         snorm          #linesear  iterPDAS   flagPDAS   iterGMRES  resiGMRES      flagGMRES  feasible   n_active_  n_vmult           dRdW_form         dRdW_mult         dRdX_mult         d2R_mult          
  11    2.570961e-02   4.358301e-01   2.498002e-16   2.498002e-16   1.930343e-15   1.897924e+03   0.000000e+00   8.719316e-03   2          1          0          21         1.096492e-14   0          YES       1          153184            464               58422             1606              0                 
  iter  value          gnorm          cnorm          ecnorm         flowcnorm      identity       icnorm         snorm          #linesear  iterPDAS   flagPDAS   iterGMRES  resiGMRES      flagGMRES  feasible   n_active_  n_vmult           dRdW_form         dRdW_mult         dRdX_mult         d2R_mult          
  12    2.570961e-02   4.358301e-01   2.498002e-16   2.498002e-16   1.928441e-15   1.899479e+02   0.000000e+00   1.000000e+99   5          1          0          21         1.486472e-11   0          YES       1          181417            561               68082             1765              0                 
  iter  value          gnorm          cnorm          ecnorm         flowcnorm      identity       icnorm         snorm          #linesear  iterPDAS   flagPDAS   iterGMRES  resiGMRES      flagGMRES  feasible   n_active_  n_vmult           dRdW_form         dRdW_mult         dRdX_mult         d2R_mult          
  13    2.570929e-02   4.358798e-01   4.163336e-17   4.163336e-17   1.986406e-15   1.899479e+03   0.000000e+00   5.670491e-04   2          1          0          21         2.351368e-14   0          YES       1          193146            594               72758             1924              0                 
  iter  value          gnorm          cnorm          ecnorm         flowcnorm      identity       icnorm         snorm          #linesear  iterPDAS   flagPDAS   iterGMRES  resiGMRES      flagGMRES  feasible   n_active_  n_vmult           dRdW_form         dRdW_mult         dRdX_mult         d2R_mult          
  14    2.570929e-02   4.358798e-01   4.163336e-17   4.163336e-17   1.982981e-15   1.899912e+02   0.000000e+00   1.000000e+99   5          1          0          21         4.233937e-13   0          YES       1          221295            691               82334             2083              0                 
  iter  value          gnorm          cnorm          ecnorm         flowcnorm      identity       icnorm         snorm          #linesear  iterPDAS   flagPDAS   iterGMRES  resiGMRES      flagGMRES  feasible   n_active_  n_vmult           dRdW_form         dRdW_mult         dRdX_mult         d2R_mult          
  15    2.570905e-02   4.359306e-01   0.000000e+00   0.000000e+00   2.039184e-15   1.899912e+03   0.000000e+00   6.233677e-04   2          1          0          18         8.287336e-11   0          YES       1          233164            724               87276             2224              0                 
  iter  value          gnorm          cnorm          ecnorm         flowcnorm      identity       icnorm         snorm          #linesear  iterPDAS   flagPDAS   iterGMRES  resiGMRES      flagGMRES  feasible   n_active_  n_vmult           dRdW_form         dRdW_mult         dRdX_mult         d2R_mult          
  16    2.570905e-02   4.359306e-01   0.000000e+00   0.000000e+00   2.039908e-15   1.900355e+02   0.000000e+00   1.000000e+99   5          1          0          21         9.274156e-15   0          YES       1          261810            821               97349             2383              0                 
  iter  value          gnorm          cnorm          ecnorm         flowcnorm      identity       icnorm         snorm          #linesear  iterPDAS   flagPDAS   iterGMRES  resiGMRES      flagGMRES  feasible   n_active_  n_vmult           dRdW_form         dRdW_mult         dRdX_mult         d2R_mult          
  17    2.570895e-02   4.359527e-01   0.000000e+00   0.000000e+00   2.064035e-15   1.900355e+03   0.000000e+00   5.878187e-04   3          1          0          21         2.227372e-13   0          YES       1          277777            870               103383            2542              0                 
