Starting optimization with 20 control variables...

Primal Dual Active Set Method

 Full-Space Newton Method
  iter  value          gnorm          cnorm          ecnorm         flowcnorm      flow_cfl       identity       icnorm         snorm          #linesear  iterPDAS   flagPDAS   iterGMRES  resiGMRES      flagGMRES  feasible   n_active_  n_vmult           dRdW_form         dRdW_mult         dRdX_mult         d2R_mult          
  0     9.531779e-02   2.155096e-01   
  iter  value          gnorm          cnorm          ecnorm         flowcnorm      flow_cfl       identity       icnorm         snorm          #linesear  iterPDAS   flagPDAS   iterGMRES  resiGMRES      flagGMRES  feasible   n_active_  n_vmult           dRdW_form         dRdW_mult         dRdX_mult         d2R_mult          
  1     8.331107e-02   1.591780e+00   2.993808e-04   2.993808e-04   1.957613e-11   3.209150e+11   4.644440e+00   0.000000e+00   2.704437e+01   1          1          1          99         7.447463e-11   0          YES       1          8306              11                2430              408               400               
  iter  value          gnorm          cnorm          ecnorm         flowcnorm      flow_cfl       identity       icnorm         snorm          #linesear  iterPDAS   flagPDAS   iterGMRES  resiGMRES      flagGMRES  feasible   n_active_  n_vmult           dRdW_form         dRdW_mult         dRdX_mult         d2R_mult          
  2     8.343356e-02   2.192054e-01   5.962876e-04   1.398125e-05   6.053488e-14   7.536038e+14   2.533764e+02   5.823063e-04   2.547914e+01   1          1          1          102        8.879237e-11   0          NO        2          16491             14                4731              828               812               
  iter  value          gnorm          cnorm          ecnorm         flowcnorm      flow_cfl       identity       icnorm         snorm          #linesear  iterPDAS   flagPDAS   iterGMRES  resiGMRES      flagGMRES  feasible   n_active_  n_vmult           dRdW_form         dRdW_mult         dRdX_mult         d2R_mult          
  3     7.879653e-02   1.916538e-01   7.416267e-05   7.416267e-05   2.548707e-12   2.047212e+13   4.805100e+00   0.000000e+00   2.653782e+00   1          1          1          97         6.564973e-11   0          YES       1          24303             17                6939              1228              1204              
  iter  value          gnorm          cnorm          ecnorm         flowcnorm      flow_cfl       identity       icnorm         snorm          #linesear  iterPDAS   flagPDAS   iterGMRES  resiGMRES      flagGMRES  feasible   n_active_  n_vmult           dRdW_form         dRdW_mult         dRdX_mult         d2R_mult          
  4     7.645938e-02   8.478339e-02   3.714445e-05   3.714445e-05   1.102253e-12   1.070060e+14   3.673116e+00   0.000000e+00   2.495070e+00   1          1          0          80         7.823504e-11   0          YES       1          30823             20                8807              1560              1528              
  iter  value          gnorm          cnorm          ecnorm         flowcnorm      flow_cfl       identity       icnorm         snorm          #linesear  iterPDAS   flagPDAS   iterGMRES  resiGMRES      flagGMRES  feasible   n_active_  n_vmult           dRdW_form         dRdW_mult         dRdX_mult         d2R_mult          
  5     7.552588e-02   5.889344e-02   5.470171e-03   3.160061e-05   9.680823e-13   1.753965e+14   7.188223e-01   5.438571e-03   3.637148e-01   3          1          1          72         7.886200e-11   0          NO        2          36728             23                10508             1860              1820              
  iter  value          gnorm          cnorm          ecnorm         flowcnorm      flow_cfl       identity       icnorm         snorm          #linesear  iterPDAS   flagPDAS   iterGMRES  resiGMRES      flagGMRES  feasible   n_active_  n_vmult           dRdW_form         dRdW_mult         dRdX_mult         d2R_mult          
  6     7.414700e-02   3.440936e-02   6.785130e-03   3.789953e-05   1.215634e-12   2.390675e+14   3.468437e-01   6.747231e-03   2.249799e-01   2          1          1          75         5.663465e-11   0          NO        4          42847             26                12255             2172              2124              
  iter  value          gnorm          cnorm          ecnorm         flowcnorm      flow_cfl       identity       icnorm         snorm          #linesear  iterPDAS   flagPDAS   iterGMRES  resiGMRES      flagGMRES  feasible   n_active_  n_vmult           dRdW_form         dRdW_mult         dRdX_mult         d2R_mult          
  7     7.383551e-02   2.320036e-02   7.265246e-03   3.266261e-05   9.687377e-13   4.449376e+14   1.184004e-01   7.232583e-03   1.480495e-01   3          1          1          84         7.963567e-11   0          NO        5          49657             29                14189             2520              2464              
  iter  value          gnorm          cnorm          ecnorm         flowcnorm      flow_cfl       identity       icnorm         snorm          #linesear  iterPDAS   flagPDAS   iterGMRES  resiGMRES      flagGMRES  feasible   n_active_  n_vmult           dRdW_form         dRdW_mult         dRdX_mult         d2R_mult          
  8     7.365788e-02   1.700158e-02   5.749015e-03   2.613545e-05   7.548786e-13   7.791723e+14   5.382567e-02   5.722880e-03   8.885302e-02   3          1          1          92         8.267951e-11   0          NO        6          57082             32                16290             2900              2836              
  iter  value          gnorm          cnorm          ecnorm         flowcnorm      flow_cfl       identity       icnorm         snorm          #linesear  iterPDAS   flagPDAS   iterGMRES  resiGMRES      flagGMRES  feasible   n_active_  n_vmult           dRdW_form         dRdW_mult         dRdX_mult         d2R_mult          
  9     7.364706e-02   1.186030e-02   5.905823e-03   2.453776e-05   7.085843e-13   1.189906e+15   2.890538e-02   5.881286e-03   8.290045e-02   5          1          1          102        8.156230e-11   0          NO        7          65239             35                18563             3320              3248              
  iter  value          gnorm          cnorm          ecnorm         flowcnorm      flow_cfl       identity       icnorm         snorm          #linesear  iterPDAS   flagPDAS   iterGMRES  resiGMRES      flagGMRES  feasible   n_active_  n_vmult           dRdW_form         dRdW_mult         dRdX_mult         d2R_mult          
  10    7.365903e-02   7.489155e-03   4.680064e-03   1.844829e-05   5.373276e-13   2.485009e+15   1.406668e-02   4.661616e-03   8.874523e-02   3          1          1          111        6.075471e-11   0          NO        8          74115             38                21051             3776              3696              
  iter  value          gnorm          cnorm          ecnorm         flowcnorm      flow_cfl       identity       icnorm         snorm          #linesear  iterPDAS   flagPDAS   iterGMRES  resiGMRES      flagGMRES  feasible   n_active_  n_vmult           dRdW_form         dRdW_mult         dRdX_mult         d2R_mult          
  11    7.368865e-02   3.420247e-03   2.340108e-03   9.300270e-06   2.728055e-13   1.071740e+16   5.608744e-03   2.330808e-03   8.210036e-02   2          1          1          122        6.657438e-11   0          NO        8          83820             41                23752             4276              4188              
  iter  value          gnorm          cnorm          ecnorm         flowcnorm      flow_cfl       identity       icnorm         snorm          #linesear  iterPDAS   flagPDAS   iterGMRES  resiGMRES      flagGMRES  feasible   n_active_  n_vmult           dRdW_form         dRdW_mult         dRdX_mult         d2R_mult          
  12    7.368823e-02   4.626455e-03   2.330967e-03   9.264000e-06   2.717413e-13   7.954192e+15   1.169809e-03   2.321703e-03   2.927524e-02   9          1          1          131        6.877562e-11   0          NO        8          94209             44                26633             4812              4716              
  iter  value          gnorm          cnorm          ecnorm         flowcnorm      flow_cfl       identity       icnorm         snorm          #linesear  iterPDAS   flagPDAS   iterGMRES  resiGMRES      flagGMRES  feasible   n_active_  n_vmult           dRdW_form         dRdW_mult         dRdX_mult         d2R_mult          
  13    7.368813e-02   3.935763e-03   2.326414e-03   9.245912e-06   2.712104e-13   9.368386e+15   2.140409e-03   2.317169e-03   1.128611e-02   10         1          1          127        9.394510e-11   0          NO        8          104287            47                29427             5332              5228              
  iter  value          gnorm          cnorm          ecnorm         flowcnorm      flow_cfl       identity       icnorm         snorm          #linesear  iterPDAS   flagPDAS   iterGMRES  resiGMRES      flagGMRES  feasible   n_active_  n_vmult           dRdW_form         dRdW_mult         dRdX_mult         d2R_mult          
  14    7.368797e-02   4.264780e-03   2.326974e-03   9.227863e-06   2.706801e-13   8.662574e+15   1.549023e-03   2.317746e-03   6.184678e-03   10         1          1          130        6.118193e-11   0          NO        9          114600            50                32288             5864              5752              
  iter  value          gnorm          cnorm          ecnorm         flowcnorm      flow_cfl       identity       icnorm         snorm          #linesear  iterPDAS   flagPDAS   iterGMRES  resiGMRES      flagGMRES  feasible   n_active_  n_vmult           dRdW_form         dRdW_mult         dRdX_mult         d2R_mult          
  15    7.371278e-02   1.622844e-03   1.163556e-03   4.682392e-06   1.358014e-13   4.537523e+16   1.818835e-03   1.158873e-03   7.815939e-02   2          1          1          123        6.264313e-11   0          NO        9          124367            53                34995             6368              6248              
  iter  value          gnorm          cnorm          ecnorm         flowcnorm      flow_cfl       identity       icnorm         snorm          #linesear  iterPDAS   flagPDAS   iterGMRES  resiGMRES      flagGMRES  feasible   n_active_  n_vmult           dRdW_form         dRdW_mult         dRdX_mult         d2R_mult          
  16    7.371195e-02   1.657689e-03   1.127195e-03   4.536135e-06   1.315580e-13   4.585427e+16   2.633624e-04   1.122658e-03   1.731959e-02   6          1          1          129        9.057105e-11   0          NO        9          134604            56                37836             6896              6768              
  iter  value          gnorm          cnorm          ecnorm         flowcnorm      flow_cfl       identity       icnorm         snorm          #linesear  iterPDAS   flagPDAS   iterGMRES  resiGMRES      flagGMRES  feasible   n_active_  n_vmult           dRdW_form         dRdW_mult         dRdX_mult         d2R_mult          
  17    7.371157e-02   1.634193e-03   1.113503e-03   4.465274e-06   1.295015e-13   4.725220e+16   2.747934e-04   1.109038e-03   7.043191e-03   7          1          1          129        7.410719e-11   0          NO        10         144813            59                40649             7424              7288              
  iter  value          gnorm          cnorm          ecnorm         flowcnorm      flow_cfl       identity       icnorm         snorm          #linesear  iterPDAS   flagPDAS   iterGMRES  resiGMRES      flagGMRES  feasible   n_active_  n_vmult           dRdW_form         dRdW_mult         dRdX_mult         d2R_mult          
  18    7.371168e-02   1.659211e-03   1.104804e-03   4.430392e-06   1.284899e-13   4.690612e+16   2.670585e-04   1.100373e-03   5.449398e-03   10         1          1          115        9.858085e-11   0          NO        10         153986            62                43210             7896              7752              
  iter  value          gnorm          cnorm          ecnorm         flowcnorm      flow_cfl       identity       icnorm         snorm          #linesear  iterPDAS   flagPDAS   iterGMRES  resiGMRES      flagGMRES  feasible   n_active_  n_vmult           dRdW_form         dRdW_mult         dRdX_mult         d2R_mult          
  19    7.371173e-02   1.651760e-03   1.100488e-03   4.413087e-06   1.279882e-13   4.730240e+16   2.752980e-04   1.096075e-03   9.698658e-04   10         1          1          116        8.326907e-11   0          NO        10         163235            65                45791             8372              8220              
  iter  value          gnorm          cnorm          ecnorm         flowcnorm      flow_cfl       identity       icnorm         snorm          #linesear  iterPDAS   flagPDAS   iterGMRES  resiGMRES      flagGMRES  feasible   n_active_  n_vmult           dRdW_form         dRdW_mult         dRdX_mult         d2R_mult          
  20    7.371176e-02   1.649088e-03   1.098339e-03   4.404468e-06   1.277387e-13   4.747156e+16   2.728312e-04   1.093934e-03   4.925855e-04   10         1          1          116        8.319100e-11   0          NO        10         172470            68                48358             8848              8688              
  iter  value          gnorm          cnorm          ecnorm         flowcnorm      flow_cfl       identity       icnorm         snorm          #linesear  iterPDAS   flagPDAS   iterGMRES  resiGMRES      flagGMRES  feasible   n_active_  n_vmult           dRdW_form         dRdW_mult         dRdX_mult         d2R_mult          
  21    7.371179e-02   1.653442e-03   1.107238e-03   4.395866e-06   1.274890e-13   4.743929e+16   2.719492e-04   1.102843e-03   4.761657e-04   10         1          1          116        8.360009e-11   0          NO        11         181705            71                50925             9324              9156              
  iter  value          gnorm          cnorm          ecnorm         flowcnorm      flow_cfl       identity       icnorm         snorm          #linesear  iterPDAS   flagPDAS   iterGMRES  resiGMRES      flagGMRES  feasible   n_active_  n_vmult           dRdW_form         dRdW_mult         dRdX_mult         d2R_mult          
  22    7.371373e-02   1.457507e-03   1.055264e-03   4.121098e-06   1.195215e-13   5.740414e+16   2.733872e-04   1.051143e-03   3.969294e-03   5          1          1          104        6.788374e-11   0          NO        12         190035            74                53259             9752              9576              
  iter  value          gnorm          cnorm          ecnorm         flowcnorm      flow_cfl       identity       icnorm         snorm          #linesear  iterPDAS   flagPDAS   iterGMRES  resiGMRES      flagGMRES  feasible   n_active_  n_vmult           dRdW_form         dRdW_mult         dRdX_mult         d2R_mult          
  23    7.374658e-02   3.226271e-06   8.117737e-08   8.117737e-08   2.227719e-15   1.391358e+21   2.124327e-04   0.000000e+00   2.120942e-02   1          1          0          97         9.637522e-11   0          YES       8          197833            77                55453             10152             9968              
Optimization Terminated with Status: Converged
The process took 96.8512 seconds to run.
Total n_vmult for algorithm 197833
