Starting optimization with 10...

Primal Dual Active Set Method

 Reduced-Space  Quasi-Newton
  iter  value          gnorm          cnorm          ecnorm         flowcnorm      identity       icnorm         snorm          #linesear  iterPDAS   flagPDAS   iterGMRES  resiGMRES      flagGMRES  feasible   n_active_  n_vmult           dRdW_form         dRdW_mult         dRdX_mult         d2R_mult          
  0     9.531779e-02   1.783048e-01   
  iter  value          gnorm          cnorm          ecnorm         flowcnorm      identity       icnorm         snorm          #linesear  iterPDAS   flagPDAS   iterGMRES  resiGMRES      flagGMRES  feasible   n_active_  n_vmult           dRdW_form         dRdW_mult         dRdX_mult         d2R_mult          
  1     9.574906e-02   1.515143e+01   1.512105e-04   1.512105e-04   3.965567e-16   3.179258e+01   0.000000e+00   3.022616e+01   1          1          1          13         7.342449e-11   0          YES       1          2693              16                1589              112               0                 
  iter  value          gnorm          cnorm          ecnorm         flowcnorm      identity       icnorm         snorm          #linesear  iterPDAS   flagPDAS   iterGMRES  resiGMRES      flagGMRES  feasible   n_active_  n_vmult           dRdW_form         dRdW_mult         dRdX_mult         d2R_mult          
  2     9.574454e-02   3.362724e-01   1.505473e-04   4.967526e-11   5.347091e-15   2.500000e+04   1.505473e-04   3.036563e+01   1          1          1          13         8.113567e-12   0          NO        2          4702              23                2681              223               0                 
  iter  value          gnorm          cnorm          ecnorm         flowcnorm      identity       icnorm         snorm          #linesear  iterPDAS   flagPDAS   iterGMRES  resiGMRES      flagGMRES  feasible   n_active_  n_vmult           dRdW_form         dRdW_mult         dRdX_mult         d2R_mult          
  3     9.485919e-02   3.637831e-01   5.685684e-06   5.685684e-06   4.555389e-16   1.130791e+02   0.000000e+00   3.544977e+00   1          1          0          15         2.296989e-14   0          YES       2          6724              31                3682              346               0                 
  iter  value          gnorm          cnorm          ecnorm         flowcnorm      identity       icnorm         snorm          #linesear  iterPDAS   flagPDAS   iterGMRES  resiGMRES      flagGMRES  feasible   n_active_  n_vmult           dRdW_form         dRdW_mult         dRdX_mult         d2R_mult          
  4     9.407315e-02   3.182879e-01   2.139815e-06   2.139815e-06   3.540945e-16   1.323381e+02   0.000000e+00   3.052162e+00   1          1          0          16         1.971584e-14   0          YES       2          8816              39                4711              475               0                 
  iter  value          gnorm          cnorm          ecnorm         flowcnorm      identity       icnorm         snorm          #linesear  iterPDAS   flagPDAS   iterGMRES  resiGMRES      flagGMRES  feasible   n_active_  n_vmult           dRdW_form         dRdW_mult         dRdX_mult         d2R_mult          
  5     9.311740e-02   3.088323e-01   3.361651e-06   3.361651e-06   3.398985e-16   1.013072e+02   0.000000e+00   3.557545e-02   1          1          0          17         5.153703e-15   0          YES       2          10957             47                5747              610               0                 
  iter  value          gnorm          cnorm          ecnorm         flowcnorm      identity       icnorm         snorm          #linesear  iterPDAS   flagPDAS   iterGMRES  resiGMRES      flagGMRES  feasible   n_active_  n_vmult           dRdW_form         dRdW_mult         dRdX_mult         d2R_mult          
  6     9.216460e-02   2.989013e-01   3.415674e-06   3.415674e-06   4.158127e-16   9.537740e+01   0.000000e+00   1.409456e-01   1          1          0          17         1.869628e-13   0          YES       2          13091             55                6776              745               0                 
  iter  value          gnorm          cnorm          ecnorm         flowcnorm      identity       icnorm         snorm          #linesear  iterPDAS   flagPDAS   iterGMRES  resiGMRES      flagGMRES  feasible   n_active_  n_vmult           dRdW_form         dRdW_mult         dRdX_mult         d2R_mult          
  7     9.121561e-02   2.885280e-01   3.500782e-06   3.500782e-06   4.159693e-16   8.934201e+01   0.000000e+00   1.103664e-01   1          1          0          17         9.478834e-13   0          YES       2          15218             63                7798              880               0                 
  iter  value          gnorm          cnorm          ecnorm         flowcnorm      identity       icnorm         snorm          #linesear  iterPDAS   flagPDAS   iterGMRES  resiGMRES      flagGMRES  feasible   n_active_  n_vmult           dRdW_form         dRdW_mult         dRdX_mult         d2R_mult          
  8     9.027087e-02   2.776819e-01   3.590874e-06   3.590874e-06   3.834088e-16   8.324839e+01   0.000000e+00   9.981565e-02   1          1          0          17         3.812997e-12   0          YES       2          17366             71                8841              1015              0                 
  iter  value          gnorm          cnorm          ecnorm         flowcnorm      identity       icnorm         snorm          #linesear  iterPDAS   flagPDAS   iterGMRES  resiGMRES      flagGMRES  feasible   n_active_  n_vmult           dRdW_form         dRdW_mult         dRdX_mult         d2R_mult          
  9     8.933090e-02   2.663404e-01   3.688816e-06   3.688816e-06   3.205645e-16   7.710726e+01   0.000000e+00   8.921297e-02   1          1          0          17         4.702876e-12   0          YES       2          19514             79                9884              1150              0                 
  iter  value          gnorm          cnorm          ecnorm         flowcnorm      identity       icnorm         snorm          #linesear  iterPDAS   flagPDAS   iterGMRES  resiGMRES      flagGMRES  feasible   n_active_  n_vmult           dRdW_form         dRdW_mult         dRdX_mult         d2R_mult          
  10    8.839637e-02   2.544738e-01   3.797328e-06   3.797328e-06   4.047446e-16   7.093723e+01   0.000000e+00   7.939862e-02   1          1          0          17         1.124759e-11   0          YES       2          21662             87                10927             1285              0                 
  iter  value          gnorm          cnorm          ecnorm         flowcnorm      identity       icnorm         snorm          #linesear  iterPDAS   flagPDAS   iterGMRES  resiGMRES      flagGMRES  feasible   n_active_  n_vmult           dRdW_form         dRdW_mult         dRdX_mult         d2R_mult          
  11    8.746808e-02   2.436431e-01   3.920024e-06   3.920024e-06   4.280872e-16   6.475694e+01   0.000000e+00   7.049764e-02   1          1          1          17         1.461684e-11   0          YES       1          23824             95                11984             1420              0                 
  iter  value          gnorm          cnorm          ecnorm         flowcnorm      identity       icnorm         snorm          #linesear  iterPDAS   flagPDAS   iterGMRES  resiGMRES      flagGMRES  feasible   n_active_  n_vmult           dRdW_form         dRdW_mult         dRdX_mult         d2R_mult          
  12    8.655747e-02   2.293476e-01   4.607199e-06   4.607199e-06   3.725464e-16   5.936195e+01   0.000000e+00   6.250685e-02   1          1          0          16         1.620279e-16   0          YES       1          25958             103               13055             1549              0                 
  iter  value          gnorm          cnorm          ecnorm         flowcnorm      identity       icnorm         snorm          #linesear  iterPDAS   flagPDAS   iterGMRES  resiGMRES      flagGMRES  feasible   n_active_  n_vmult           dRdW_form         dRdW_mult         dRdX_mult         d2R_mult          
  13    8.564408e-02   2.158209e-01   5.324190e-06   5.324190e-06   3.911149e-16   5.260030e+01   0.000000e+00   3.223066e-02   1          1          0          16         3.163633e-16   0          YES       1          28065             110               14119             1678              0                 
  iter  value          gnorm          cnorm          ecnorm         flowcnorm      identity       icnorm         snorm          #linesear  iterPDAS   flagPDAS   iterGMRES  resiGMRES      flagGMRES  feasible   n_active_  n_vmult           dRdW_form         dRdW_mult         dRdX_mult         d2R_mult          
  14    8.474064e-02   2.015972e-01   6.111821e-06   6.111821e-06   4.220302e-16   4.657865e+01   0.000000e+00   3.413188e-02   1          1          0          16         4.203464e-15   0          YES       1          30158             117               15169             1807              0                 
  iter  value          gnorm          cnorm          ecnorm         flowcnorm      identity       icnorm         snorm          #linesear  iterPDAS   flagPDAS   iterGMRES  resiGMRES      flagGMRES  feasible   n_active_  n_vmult           dRdW_form         dRdW_mult         dRdX_mult         d2R_mult          
  15    8.384948e-02   1.865828e-01   6.956948e-06   6.956948e-06   3.288375e-16   4.064142e+01   0.000000e+00   3.612745e-02   1          1          0          16         4.617185e-16   0          YES       1          32258             124               16226             1936              0                 
  iter  value          gnorm          cnorm          ecnorm         flowcnorm      identity       icnorm         snorm          #linesear  iterPDAS   flagPDAS   iterGMRES  resiGMRES      flagGMRES  feasible   n_active_  n_vmult           dRdW_form         dRdW_mult         dRdX_mult         d2R_mult          
  16    8.297371e-02   1.706665e-01   8.087175e-06   8.087175e-06   4.164351e-16   3.481313e+01   0.000000e+00   3.845243e-02   1          1          0          16         3.834142e-16   0          YES       1          34358             131               17283             2065              0                 
  iter  value          gnorm          cnorm          ecnorm         flowcnorm      identity       icnorm         snorm          #linesear  iterPDAS   flagPDAS   iterGMRES  resiGMRES      flagGMRES  feasible   n_active_  n_vmult           dRdW_form         dRdW_mult         dRdX_mult         d2R_mult          
  17    8.211769e-02   1.537211e-01   9.532641e-06   9.532641e-06   3.484180e-16   2.912707e+01   0.000000e+00   4.119811e-02   1          1          0          16         4.774608e-16   0          YES       1          36416             138               18298             2194              0                 
  iter  value          gnorm          cnorm          ecnorm         flowcnorm      identity       icnorm         snorm          #linesear  iterPDAS   flagPDAS   iterGMRES  resiGMRES      flagGMRES  feasible   n_active_  n_vmult           dRdW_form         dRdW_mult         dRdX_mult         d2R_mult          
  18    8.128755e-02   1.356119e-01   1.133746e-05   1.133746e-05   3.653139e-16   2.363017e+01   0.000000e+00   4.446943e-02   1          1          0          16         1.019890e-15   0          YES       1          38523             145               19362             2323              0                 
  iter  value          gnorm          cnorm          ecnorm         flowcnorm      identity       icnorm         snorm          #linesear  iterPDAS   flagPDAS   iterGMRES  resiGMRES      flagGMRES  feasible   n_active_  n_vmult           dRdW_form         dRdW_mult         dRdX_mult         d2R_mult          
  19    8.049209e-02   1.162332e-01   5.484749e-04   1.388613e-05   3.469767e-15   1.839059e+01   5.345888e-04   4.837946e-02   1          1          1          16         4.120865e-16   0          NO        2          40996             157               20692             2452              0                 
  iter  value          gnorm          cnorm          ecnorm         flowcnorm      identity       icnorm         snorm          #linesear  iterPDAS   flagPDAS   iterGMRES  resiGMRES      flagGMRES  feasible   n_active_  n_vmult           dRdW_form         dRdW_mult         dRdX_mult         d2R_mult          
  20    7.982049e-02   9.213935e-02   2.319351e-05   2.319351e-05   4.154742e-16   1.351016e+01   0.000000e+00   4.853252e-02   1          1          0          18         4.480194e-16   0          YES       2          43194             164               21763             2593              0                 
  iter  value          gnorm          cnorm          ecnorm         flowcnorm      identity       icnorm         snorm          #linesear  iterPDAS   flagPDAS   iterGMRES  resiGMRES      flagGMRES  feasible   n_active_  n_vmult           dRdW_form         dRdW_mult         dRdX_mult         d2R_mult          
  21    7.916117e-02   6.966357e-02   2.947235e-05   2.947235e-05   5.223339e-15   8.489660e+00   0.000000e+00   5.025518e-02   1          1          0          18         3.601920e-16   0          YES       2          45225             170               22687             2734              0                 
  iter  value          gnorm          cnorm          ecnorm         flowcnorm      identity       icnorm         snorm          #linesear  iterPDAS   flagPDAS   iterGMRES  resiGMRES      flagGMRES  feasible   n_active_  n_vmult           dRdW_form         dRdW_mult         dRdX_mult         d2R_mult          
  22    7.858615e-02   4.825561e-02   3.964567e-05   3.964567e-05   2.767838e-15   4.853013e+00   0.000000e+00   6.288333e-02   1          1          0          18         2.774070e-14   0          YES       2          47256             176               23611             2875              0                 
  iter  value          gnorm          cnorm          ecnorm         flowcnorm      identity       icnorm         snorm          #linesear  iterPDAS   flagPDAS   iterGMRES  resiGMRES      flagGMRES  feasible   n_active_  n_vmult           dRdW_form         dRdW_mult         dRdX_mult         d2R_mult          
  23    7.807157e-02   3.239115e-02   4.969344e-05   4.969344e-05   3.698654e-15   2.328604e+00   0.000000e+00   5.531606e-02   1          1          0          18         5.436126e-14   0          YES       2          49287             182               24535             3016              0                 
  iter  value          gnorm          cnorm          ecnorm         flowcnorm      identity       icnorm         snorm          #linesear  iterPDAS   flagPDAS   iterGMRES  resiGMRES      flagGMRES  feasible   n_active_  n_vmult           dRdW_form         dRdW_mult         dRdX_mult         d2R_mult          
  24    7.753488e-02   2.566356e-02   1.589205e-03   6.984402e-05   1.245047e-15   1.049186e+00   1.519361e-03   4.580420e-02   1          1          1          18         6.079635e-14   0          NO        4          51627             194               25648             3157              0                 
  iter  value          gnorm          cnorm          ecnorm         flowcnorm      identity       icnorm         snorm          #linesear  iterPDAS   flagPDAS   iterGMRES  resiGMRES      flagGMRES  feasible   n_active_  n_vmult           dRdW_form         dRdW_mult         dRdX_mult         d2R_mult          
  25    7.737298e-02   1.977692e-02   3.048583e-06   3.048583e-06   4.552293e-16   6.586184e-01   0.000000e+00   3.958476e-02   1          1          0          21         1.143535e-17   0          YES       3          53937             201               26705             3316              0                 
  iter  value          gnorm          cnorm          ecnorm         flowcnorm      identity       icnorm         snorm          #linesear  iterPDAS   flagPDAS   iterGMRES  resiGMRES      flagGMRES  feasible   n_active_  n_vmult           dRdW_form         dRdW_mult         dRdX_mult         d2R_mult          
  26    7.705880e-02   1.509115e-02   5.061050e-03   2.830855e-05   3.989784e-16   3.911266e-01   5.032742e-03   8.182690e-02   1          1          1          21         1.702042e-17   0          NO        4          56564             213               27979             3475              0                 
  iter  value          gnorm          cnorm          ecnorm         flowcnorm      identity       icnorm         snorm          #linesear  iterPDAS   flagPDAS   iterGMRES  resiGMRES      flagGMRES  feasible   n_active_  n_vmult           dRdW_form         dRdW_mult         dRdX_mult         d2R_mult          
  27    7.703100e-02   2.070517e-02   1.949913e-05   1.949913e-05   5.964146e-16   2.277430e-01   0.000000e+00   8.586775e-02   1          1          0          22         8.597895e-18   0          YES       3          58777             219               28917             3640              0                 
  iter  value          gnorm          cnorm          ecnorm         flowcnorm      identity       icnorm         snorm          #linesear  iterPDAS   flagPDAS   iterGMRES  resiGMRES      flagGMRES  feasible   n_active_  n_vmult           dRdW_form         dRdW_mult         dRdX_mult         d2R_mult          
  28    7.690358e-02   1.558583e-02   4.163593e-04   2.195841e-05   3.675645e-15   4.287039e-01   3.944009e-04   3.022764e-02   1          1          1          22         9.112317e-18   0          NO        4          61328             230               30093             3805              0                 
  iter  value          gnorm          cnorm          ecnorm         flowcnorm      identity       icnorm         snorm          #linesear  iterPDAS   flagPDAS   iterGMRES  resiGMRES      flagGMRES  feasible   n_active_  n_vmult           dRdW_form         dRdW_mult         dRdX_mult         d2R_mult          
  29    7.685518e-02   1.088274e-02   3.433286e-04   3.790364e-06   2.545886e-15   2.429180e-01   3.395383e-04   3.633862e-02   1          1          1          23         2.234340e-17   0          NO        5          63873             240               31241             3976              0                 
  iter  value          gnorm          cnorm          ecnorm         flowcnorm      identity       icnorm         snorm          #linesear  iterPDAS   flagPDAS   iterGMRES  resiGMRES      flagGMRES  feasible   n_active_  n_vmult           dRdW_form         dRdW_mult         dRdX_mult         d2R_mult          
  30    7.682170e-02   4.452838e-03   4.524302e-06   4.524302e-06   3.763656e-16   1.184340e-01   0.000000e+00   2.697875e-02   1          1          0          24         2.719323e-18   0          YES       5          66233             246               32242             4153              0                 
  iter  value          gnorm          cnorm          ecnorm         flowcnorm      identity       icnorm         snorm          #linesear  iterPDAS   flagPDAS   iterGMRES  resiGMRES      flagGMRES  feasible   n_active_  n_vmult           dRdW_form         dRdW_mult         dRdX_mult         d2R_mult          
  31    7.680776e-02   3.798475e-03   1.203972e-03   3.885347e-06   3.839671e-16   1.982776e-02   1.200087e-03   3.062591e-02   2          1          1          24         2.778573e-18   0          NO        6          69706             266               34076             4330              0                 
  iter  value          gnorm          cnorm          ecnorm         flowcnorm      identity       icnorm         snorm          #linesear  iterPDAS   flagPDAS   iterGMRES  resiGMRES      flagGMRES  feasible   n_active_  n_vmult           dRdW_form         dRdW_mult         dRdX_mult         d2R_mult          
  32    7.680430e-02   2.236436e-03   1.182184e-03   6.102793e-06   3.928492e-16   1.442841e-02   1.176081e-03   1.672283e-02   1          1          1          25         1.791708e-18   0          NO        7          72570             279               35399             4513              0                 
