Starting optimization with 10 control variables...

Primal Dual Active Set Method

 Full-Space Newton Method
  iter  value          gnorm          cnorm          ecnorm         flowcnorm      flow_cfl       identity       icnorm         snorm          #linesear  iterPDAS   flagPDAS   iterGMRES  resiGMRES      flagGMRES  feasible   n_active_  n_vmult           dRdW_form         dRdW_mult         dRdX_mult         d2R_mult          
  0     3.995257e-02   1.458427e-01   
  iter  value          gnorm          cnorm          ecnorm         flowcnorm      flow_cfl       identity       icnorm         snorm          #linesear  iterPDAS   flagPDAS   iterGMRES  resiGMRES      flagGMRES  feasible   n_active_  n_vmult           dRdW_form         dRdW_mult         dRdX_mult         d2R_mult          
  1     1.919045e-02   2.875529e-01   1.173100e-02   1.173100e-02   4.542687e-09   7.655426e+09   2.127010e+00   0.000000e+00   2.183496e+01   1          1          0          149        8.024420e-11   0          YES       2          14621             18                4725              608               600               
  iter  value          gnorm          cnorm          ecnorm         flowcnorm      flow_cfl       identity       icnorm         snorm          #linesear  iterPDAS   flagPDAS   iterGMRES  resiGMRES      flagGMRES  feasible   n_active_  n_vmult           dRdW_form         dRdW_mult         dRdX_mult         d2R_mult          
  2     2.337770e-02   7.911379e-02   3.715602e-03   3.715602e-03   9.343671e-10   1.352790e+11   8.268669e+00   0.000000e+00   1.445918e+01   1          1          0          151        7.576612e-11   0          YES       2          27263             21                8559              1224              1208              
  iter  value          gnorm          cnorm          ecnorm         flowcnorm      flow_cfl       identity       icnorm         snorm          #linesear  iterPDAS   flagPDAS   iterGMRES  resiGMRES      flagGMRES  feasible   n_active_  n_vmult           dRdW_form         dRdW_mult         dRdX_mult         d2R_mult          
  3     2.170902e-02   2.914717e-02   1.063018e-02   7.197759e-05   2.484981e-12   1.380641e+14   6.258991e-01   1.055821e-02   5.913440e+00   1          1          1          143        8.340096e-11   0          NO        4          39290             24                12226             1808              1784              
  iter  value          gnorm          cnorm          ecnorm         flowcnorm      flow_cfl       identity       icnorm         snorm          #linesear  iterPDAS   flagPDAS   iterGMRES  resiGMRES      flagGMRES  feasible   n_active_  n_vmult           dRdW_form         dRdW_mult         dRdX_mult         d2R_mult          
  4     2.119955e-02   2.133445e-02   5.702417e-03   4.859282e-05   1.849220e-12   2.534720e+14   8.495572e-02   5.653824e-03   1.040592e+00   2          1          1          153        9.894704e-11   0          NO        5          52091             27                16107             2432              2400              
  iter  value          gnorm          cnorm          ecnorm         flowcnorm      flow_cfl       identity       icnorm         snorm          #linesear  iterPDAS   flagPDAS   iterGMRES  resiGMRES      flagGMRES  feasible   n_active_  n_vmult           dRdW_form         dRdW_mult         dRdX_mult         d2R_mult          
  5     2.123030e-02   2.589748e-02   2.856471e-03   2.955865e-05   1.084629e-12   3.560091e+14   4.551586e-02   2.826912e-03   3.844101e+00   2          1          1          154        8.964848e-11   0          NO        5          64961             30                20001             3060              3020              
  iter  value          gnorm          cnorm          ecnorm         flowcnorm      flow_cfl       identity       icnorm         snorm          #linesear  iterPDAS   flagPDAS   iterGMRES  resiGMRES      flagGMRES  feasible   n_active_  n_vmult           dRdW_form         dRdW_mult         dRdX_mult         d2R_mult          
  6     2.125795e-02   1.795122e-02   2.389296e-03   2.237460e-05   8.293040e-13   6.717262e+14   6.706793e-02   2.366921e-03   2.452878e-01   3          1          1          147        9.966504e-11   0          NO        6          77285             33                23741             3660              3612              
  iter  value          gnorm          cnorm          ecnorm         flowcnorm      flow_cfl       identity       icnorm         snorm          #linesear  iterPDAS   flagPDAS   iterGMRES  resiGMRES      flagGMRES  feasible   n_active_  n_vmult           dRdW_form         dRdW_mult         dRdX_mult         d2R_mult          
  7     2.141332e-02   5.659719e-03   7.805100e-06   7.805100e-06   2.814294e-13   6.278208e+15   3.222463e-02   0.000000e+00   4.709820e-01   1          1          1          147        8.297454e-11   0          YES       5          89630             36                27502             4260              4204              
  iter  value          gnorm          cnorm          ecnorm         flowcnorm      flow_cfl       identity       icnorm         snorm          #linesear  iterPDAS   flagPDAS   iterGMRES  resiGMRES      flagGMRES  feasible   n_active_  n_vmult           dRdW_form         dRdW_mult         dRdX_mult         d2R_mult          
  8     2.139796e-02   2.771087e-04   9.727757e-06   9.727757e-06   4.890464e-14   7.379038e+17   3.203242e-03   0.000000e+00   1.082449e+00   1          1          0          143        9.802685e-11   0          YES       5          101650            39                31162             4844              4780              
  iter  value          gnorm          cnorm          ecnorm         flowcnorm      flow_cfl       identity       icnorm         snorm          #linesear  iterPDAS   flagPDAS   iterGMRES  resiGMRES      flagGMRES  feasible   n_active_  n_vmult           dRdW_form         dRdW_mult         dRdX_mult         d2R_mult          
  9     2.140243e-02   4.134381e-07   7.829021e-09   7.829021e-09   1.005232e-15   2.406154e+22   1.000000e-04   0.000000e+00   2.766529e-02   1          1          0          133        7.796831e-11   0          YES       5          112910            42                34622             5388              5316              
Optimization Terminated with Status: Converged
The process took 87.2499 seconds to run.
Total n_vmult for algorithm 112910
