Starting optimization with 10 control variables...

Primal Dual Active Set Method

 Full-Space Newton Method
  iter  value          gnorm          cnorm          ecnorm         flowcnorm      flow_cfl       identity       icnorm         snorm          #linesear  iterPDAS   flagPDAS   iterGMRES  resiGMRES      flagGMRES  feasible   n_active_  n_vmult           dRdW_form         dRdW_mult         dRdX_mult         d2R_mult          
  0     9.531779e-02   1.811535e-01   
  iter  value          gnorm          cnorm          ecnorm         flowcnorm      flow_cfl       identity       icnorm         snorm          #linesear  iterPDAS   flagPDAS   iterGMRES  resiGMRES      flagGMRES  feasible   n_active_  n_vmult           dRdW_form         dRdW_mult         dRdX_mult         d2R_mult          
  1     8.464018e-02   2.585733e+00   7.902196e-03   4.546130e-04   2.786394e-11   1.387950e+11   3.281659e+00   7.447583e-03   4.238988e+01   1          1          1          90         9.387655e-11   0          NO        2          7622              11                2250              372               364               
  iter  value          gnorm          cnorm          ecnorm         flowcnorm      flow_cfl       identity       icnorm         snorm          #linesear  iterPDAS   flagPDAS   iterGMRES  resiGMRES      flagGMRES  feasible   n_active_  n_vmult           dRdW_form         dRdW_mult         dRdX_mult         d2R_mult          
  2     8.498905e-02   5.055797e+00   1.881459e-03   1.989576e-05   3.845857e-13   5.143008e+12   6.686016e+02   1.861564e-03   4.542489e+01   1          1          1          106        6.431014e-11   0          NO        3          16111             14                4631              808               792               
  iter  value          gnorm          cnorm          ecnorm         flowcnorm      flow_cfl       identity       icnorm         snorm          #linesear  iterPDAS   flagPDAS   iterGMRES  resiGMRES      flagGMRES  feasible   n_active_  n_vmult           dRdW_form         dRdW_mult         dRdX_mult         d2R_mult          
  3     8.440213e-02   4.001637e+01   6.693965e-06   6.693965e-06   9.726231e-13   2.569317e+11   2.500000e+03   0.000000e+00   4.145162e+03   1          1          1          345        8.747701e-11   0          YES       2          42794             17                11780             2202              2180              
  iter  value          gnorm          cnorm          ecnorm         flowcnorm      flow_cfl       identity       icnorm         snorm          #linesear  iterPDAS   flagPDAS   iterGMRES  resiGMRES      flagGMRES  feasible   n_active_  n_vmult           dRdW_form         dRdW_mult         dRdX_mult         d2R_mult          
  4     8.438631e-02   6.517159e-01   8.913009e-09   8.913009e-09   1.087323e-15   1.411182e+16   2.500000e+03   0.000000e+00   4.078339e+03   1          1          0          362        7.890255e-11   0          YES       2          70769             20                19269             3664              3636              
  iter  value          gnorm          cnorm          ecnorm         flowcnorm      flow_cfl       identity       icnorm         snorm          #linesear  iterPDAS   flagPDAS   iterGMRES  resiGMRES      flagGMRES  feasible   n_active_  n_vmult           dRdW_form         dRdW_mult         dRdX_mult         d2R_mult          
  5     8.355027e-02   3.245459e-01   1.257362e-03   1.782454e-06   9.442636e-14   3.263102e+14   4.247336e+01   1.255579e-03   7.101900e+01   1          1          1          108        8.008974e-11   0          NO        2          79417             23                21697             4108              4072              
  iter  value          gnorm          cnorm          ecnorm         flowcnorm      flow_cfl       identity       icnorm         snorm          #linesear  iterPDAS   flagPDAS   iterGMRES  resiGMRES      flagGMRES  feasible   n_active_  n_vmult           dRdW_form         dRdW_mult         dRdX_mult         d2R_mult          
  6     8.157851e-02   1.399060e-01   1.906882e-05   1.906882e-05   6.908118e-13   1.034675e+14   1.053300e+01   0.000000e+00   4.505188e+00   1          1          0          79         8.754973e-11   0          YES       2          85840             26                23524             4436              4392              
  iter  value          gnorm          cnorm          ecnorm         flowcnorm      flow_cfl       identity       icnorm         snorm          #linesear  iterPDAS   flagPDAS   iterGMRES  resiGMRES      flagGMRES  feasible   n_active_  n_vmult           dRdW_form         dRdW_mult         dRdX_mult         d2R_mult          
  7     7.869490e-02   5.867186e-02   8.390072e-05   8.390072e-05   2.704352e-12   6.302413e+13   1.957370e+00   0.000000e+00   5.076916e-01   1          1          0          73         8.412534e-11   0          YES       2          91821             29                25245             4740              4688              
  iter  value          gnorm          cnorm          ecnorm         flowcnorm      flow_cfl       identity       icnorm         snorm          #linesear  iterPDAS   flagPDAS   iterGMRES  resiGMRES      flagGMRES  feasible   n_active_  n_vmult           dRdW_form         dRdW_mult         dRdX_mult         d2R_mult          
  8     7.762914e-02   3.021179e-02   5.777659e-05   5.777659e-05   1.509813e-12   2.192302e+14   3.442387e-01   0.000000e+00   2.873983e-01   2          1          1          70         8.336382e-11   0          YES       2          97574             32                26906             5032              4972              
  iter  value          gnorm          cnorm          ecnorm         flowcnorm      flow_cfl       identity       icnorm         snorm          #linesear  iterPDAS   flagPDAS   iterGMRES  resiGMRES      flagGMRES  feasible   n_active_  n_vmult           dRdW_form         dRdW_mult         dRdX_mult         d2R_mult          
  9     7.728384e-02   2.667041e-02   7.807727e-04   5.179518e-05   1.333322e-12   2.812129e+14   9.127521e-02   7.289776e-04   1.192072e-01   4          1          1          75         8.200876e-11   0          NO        3          103707            35                28667             5344              5276              
  iter  value          gnorm          cnorm          ecnorm         flowcnorm      flow_cfl       identity       icnorm         snorm          #linesear  iterPDAS   flagPDAS   iterGMRES  resiGMRES      flagGMRES  feasible   n_active_  n_vmult           dRdW_form         dRdW_mult         dRdX_mult         d2R_mult          
  10    7.725329e-02   2.646257e-02   9.371290e-04   5.100347e-05   1.312661e-12   2.878826e+14   7.113109e-02   8.861255e-04   1.304894e-01   10         1          1          77         9.272773e-11   0          NO        4          109992            38                30468             5664              5588              
  iter  value          gnorm          cnorm          ecnorm         flowcnorm      flow_cfl       identity       icnorm         snorm          #linesear  iterPDAS   flagPDAS   iterGMRES  resiGMRES      flagGMRES  feasible   n_active_  n_vmult           dRdW_form         dRdW_mult         dRdX_mult         d2R_mult          
  11    7.696272e-02   1.700157e-02   7.038520e-04   3.925790e-05   1.002704e-12   5.865950e+14   7.002677e-02   6.645942e-04   1.616154e-01   3          1          1          76         7.986327e-11   0          NO        4          116194            41                32242             5980              5896              
  iter  value          gnorm          cnorm          ecnorm         flowcnorm      flow_cfl       identity       icnorm         snorm          #linesear  iterPDAS   flagPDAS   iterGMRES  resiGMRES      flagGMRES  feasible   n_active_  n_vmult           dRdW_form         dRdW_mult         dRdX_mult         d2R_mult          
  12    7.692061e-02   2.037899e-02   6.818845e-04   3.805893e-05   9.718319e-13   5.049242e+14   2.890535e-02   6.438256e-04   5.922525e-02   6          1          1          77         5.621051e-11   0          NO        4          122472            44                34036             6300              6208              
  iter  value          gnorm          cnorm          ecnorm         flowcnorm      flow_cfl       identity       icnorm         snorm          #linesear  iterPDAS   flagPDAS   iterGMRES  resiGMRES      flagGMRES  feasible   n_active_  n_vmult           dRdW_form         dRdW_mult         dRdX_mult         d2R_mult          
  13    7.691172e-02   1.902760e-02   6.781864e-04   3.776280e-05   9.642636e-13   5.450299e+14   4.153032e-02   6.404236e-04   1.575174e-02   10         1          1          76         9.649351e-11   0          NO        5          128681            47                35817             6616              6516              
  iter  value          gnorm          cnorm          ecnorm         flowcnorm      flow_cfl       identity       icnorm         snorm          #linesear  iterPDAS   flagPDAS   iterGMRES  resiGMRES      flagGMRES  feasible   n_active_  n_vmult           dRdW_form         dRdW_mult         dRdX_mult         d2R_mult          
  14    7.686846e-02   1.422653e-02   6.068898e-04   3.299404e-05   8.465755e-13   8.303004e+14   3.620494e-02   5.738957e-04   1.335809e-01   4          1          1          76         6.868696e-11   0          NO        6          134890            50                37598             6932              6824              
  iter  value          gnorm          cnorm          ecnorm         flowcnorm      flow_cfl       identity       icnorm         snorm          #linesear  iterPDAS   flagPDAS   iterGMRES  resiGMRES      flagGMRES  feasible   n_active_  n_vmult           dRdW_form         dRdW_mult         dRdX_mult         d2R_mult          
  15    7.680001e-02   6.533530e-03   3.046845e-04   1.773661e-05   4.691981e-13   3.262090e+15   2.023942e-02   2.869479e-04   1.078696e-01   2          1          1          75         6.956793e-11   0          NO        6          141023            53                39359             7244              7128              
  iter  value          gnorm          cnorm          ecnorm         flowcnorm      flow_cfl       identity       icnorm         snorm          #linesear  iterPDAS   flagPDAS   iterGMRES  resiGMRES      flagGMRES  feasible   n_active_  n_vmult           dRdW_form         dRdW_mult         dRdX_mult         d2R_mult          
  16    7.679354e-02   6.727960e-03   2.666384e-04   1.555904e-05   4.117250e-13   3.610018e+15   4.268701e-03   2.510794e-04   1.751810e-02   4          1          1          74         7.814318e-11   0          NO        6          147073            56                41093             7552              7428              
  iter  value          gnorm          cnorm          ecnorm         flowcnorm      flow_cfl       identity       icnorm         snorm          #linesear  iterPDAS   flagPDAS   iterGMRES  resiGMRES      flagGMRES  feasible   n_active_  n_vmult           dRdW_form         dRdW_mult         dRdX_mult         d2R_mult          
  17    7.679229e-02   6.530611e-03   2.747886e-04   1.507473e-05   3.989145e-13   3.838543e+15   4.526544e-03   2.597139e-04   1.378257e-03   10         1          1          74         7.218263e-11   0          NO        7          153130            59                42834             7860              7728              
  iter  value          gnorm          cnorm          ecnorm         flowcnorm      flow_cfl       identity       icnorm         snorm          #linesear  iterPDAS   flagPDAS   iterGMRES  resiGMRES      flagGMRES  feasible   n_active_  n_vmult           dRdW_form         dRdW_mult         dRdX_mult         d2R_mult          
  18    7.679626e-02   1.933717e-03   1.374236e-04   7.566624e-06   2.055341e-13   2.516073e+16   4.264887e-03   1.298569e-04   6.160082e-02   2          1          1          73         6.635250e-11   0          NO        7          159125            62                44569             8164              8024              
  iter  value          gnorm          cnorm          ecnorm         flowcnorm      flow_cfl       identity       icnorm         snorm          #linesear  iterPDAS   flagPDAS   iterGMRES  resiGMRES      flagGMRES  feasible   n_active_  n_vmult           dRdW_form         dRdW_mult         dRdX_mult         d2R_mult          
  19    7.679785e-02   1.471435e-03   1.030697e-04   5.677023e-06   1.545491e-13   4.397366e+16   3.739262e-04   9.739269e-05   2.484173e-03   3          1          1          71         6.931542e-11   0          NO        7          164940            65                46236             8460              8312              
  iter  value          gnorm          cnorm          ecnorm         flowcnorm      flow_cfl       identity       icnorm         snorm          #linesear  iterPDAS   flagPDAS   iterGMRES  resiGMRES      flagGMRES  feasible   n_active_  n_vmult           dRdW_form         dRdW_mult         dRdX_mult         d2R_mult          
  20    7.679850e-02   1.288174e-03   9.018629e-05   4.967686e-06   1.352871e-13   5.738112e+16   2.165120e-04   8.521861e-05   8.778782e-04   4          1          1          70         9.652891e-11   0          NO        7          170679            68                47883             8752              8596              
  iter  value          gnorm          cnorm          ecnorm         flowcnorm      flow_cfl       identity       icnorm         snorm          #linesear  iterPDAS   flagPDAS   iterGMRES  resiGMRES      flagGMRES  feasible   n_active_  n_vmult           dRdW_form         dRdW_mult         dRdX_mult         d2R_mult          
  21    7.679880e-02   1.207847e-03   8.454971e-05   4.657261e-06   1.268411e-13   6.527218e+16   1.659393e-04   7.989244e-05   3.833540e-04   10         1          1          70         8.437631e-11   0          NO        7          176418            71                49530             9044              8880              
  iter  value          gnorm          cnorm          ecnorm         flowcnorm      flow_cfl       identity       icnorm         snorm          #linesear  iterPDAS   flagPDAS   iterGMRES  resiGMRES      flagGMRES  feasible   n_active_  n_vmult           dRdW_form         dRdW_mult         dRdX_mult         d2R_mult          
  22    7.679884e-02   1.198482e-03   8.393642e-05   4.620877e-06   1.258514e-13   6.629952e+16   1.458895e-04   7.931554e-05   4.524262e-05   10         1          1          70         7.908998e-11   0          NO        8          182171            74                51191             9336              9164              
  iter  value          gnorm          cnorm          ecnorm         flowcnorm      flow_cfl       identity       icnorm         snorm          #linesear  iterPDAS   flagPDAS   iterGMRES  resiGMRES      flagGMRES  feasible   n_active_  n_vmult           dRdW_form         dRdW_mult         dRdX_mult         d2R_mult          
  23    7.680150e-02   4.976335e-04   4.195801e-05   2.300242e-06   6.322332e-14   3.178434e+17   1.436360e-04   3.965777e-05   6.783474e-03   2          1          1          72         5.565323e-11   0          NO        8          188069            77                52885             9636              9456              
  iter  value          gnorm          cnorm          ecnorm         flowcnorm      flow_cfl       identity       icnorm         snorm          #linesear  iterPDAS   flagPDAS   iterGMRES  resiGMRES      flagGMRES  feasible   n_active_  n_vmult           dRdW_form         dRdW_mult         dRdX_mult         d2R_mult          
  24    7.680291e-02   2.489472e-04   2.097646e-05   1.147573e-06   3.169007e-14   1.267563e+18   1.000000e-04   1.982888e-05   1.030257e-03   2          1          1          70         5.993093e-11   0          NO        8          193815            80                54539             9928              9740              
  iter  value          gnorm          cnorm          ecnorm         flowcnorm      flow_cfl       identity       icnorm         snorm          #linesear  iterPDAS   flagPDAS   iterGMRES  resiGMRES      flagGMRES  feasible   n_active_  n_vmult           dRdW_form         dRdW_mult         dRdX_mult         d2R_mult          
  25    7.680327e-02   1.867467e-04   1.573218e-05   8.605204e-07   2.377479e-14   2.252321e+18   1.000000e-04   1.487166e-05   2.576057e-04   3          1          1          68         9.270566e-11   0          NO        8          199409            83                56153             10212             10016             
  iter  value          gnorm          cnorm          ecnorm         flowcnorm      flow_cfl       identity       icnorm         snorm          #linesear  iterPDAS   flagPDAS   iterGMRES  resiGMRES      flagGMRES  feasible   n_active_  n_vmult           dRdW_form         dRdW_mult         dRdX_mult         d2R_mult          
  26    7.680340e-02   1.636483e-04   1.644524e-05   7.529329e-07   2.080653e-14   2.936897e+18   1.000000e-04   1.569230e-05   9.653157e-05   10         1          1          68         6.952468e-11   0          NO        9          205010            86                57774             10496             10292             
  iter  value          gnorm          cnorm          ecnorm         flowcnorm      flow_cfl       identity       icnorm         snorm          #linesear  iterPDAS   flagPDAS   iterGMRES  resiGMRES      flagGMRES  feasible   n_active_  n_vmult           dRdW_form         dRdW_mult         dRdX_mult         d2R_mult          
  27    7.680438e-02   3.271511e-09   4.574673e-11   4.574673e-11   8.158677e-16   3.746553e+24   1.000000e-04   0.000000e+00   9.075937e-04   1          1          0          69         7.158632e-11   0          YES       7          210694            89                59422             10784             10572             
Optimization Terminated with Status: Converged
The process took 102.92 seconds to run.
Total n_vmult for algorithm 210694
