Starting optimization with 20 control variables...

Primal Dual Active Set Method

 Full-Space Newton Method
  iter  value          gnorm          cnorm          ecnorm         flowcnorm      flow_cfl       identity       icnorm         snorm          #linesear  iterPDAS   flagPDAS   iterGMRES  resiGMRES      flagGMRES  feasible   n_active_  n_vmult           dRdW_form         dRdW_mult         dRdX_mult         d2R_mult          
  0     3.995257e-02   2.026138e-01   
  iter  value          gnorm          cnorm          ecnorm         flowcnorm      flow_cfl       identity       icnorm         snorm          #linesear  iterPDAS   flagPDAS   iterGMRES  resiGMRES      flagGMRES  feasible   n_active_  n_vmult           dRdW_form         dRdW_mult         dRdX_mult         d2R_mult          
  1     2.112592e-02   3.321508e-01   9.597108e-03   9.597108e-03   3.059195e-09   9.841413e+09   4.105234e+00   0.000000e+00   2.153862e+01   1          1          0          160        9.561030e-11   0          YES       2          15457             18                4945              652               644               
  iter  value          gnorm          cnorm          ecnorm         flowcnorm      flow_cfl       identity       icnorm         snorm          #linesear  iterPDAS   flagPDAS   iterGMRES  resiGMRES      flagGMRES  feasible   n_active_  n_vmult           dRdW_form         dRdW_mult         dRdX_mult         d2R_mult          
  2     2.296214e-02   1.009251e-01   3.571443e-03   3.571443e-03   3.862686e-10   2.565141e+11   1.103242e+01   0.000000e+00   1.362635e+01   1          1          0          164        9.572681e-11   0          YES       2          29129             21                9081              1320              1304              
  iter  value          gnorm          cnorm          ecnorm         flowcnorm      flow_cfl       identity       icnorm         snorm          #linesear  iterPDAS   flagPDAS   iterGMRES  resiGMRES      flagGMRES  feasible   n_active_  n_vmult           dRdW_form         dRdW_mult         dRdX_mult         d2R_mult          
  3     2.038404e-02   3.847556e-02   4.865300e-04   4.865300e-04   1.509916e-11   1.721323e+13   1.018589e+00   0.000000e+00   5.327310e+00   1          1          0          150        7.717303e-11   0          YES       2          41688             24                12888             1932              1908              
  iter  value          gnorm          cnorm          ecnorm         flowcnorm      flow_cfl       identity       icnorm         snorm          #linesear  iterPDAS   flagPDAS   iterGMRES  resiGMRES      flagGMRES  feasible   n_active_  n_vmult           dRdW_form         dRdW_mult         dRdX_mult         d2R_mult          
  4     1.988617e-02   6.542524e-02   2.323725e-03   3.380380e-04   1.146731e-11   1.332887e+13   1.480369e-01   1.985687e-03   2.771988e+00   3          1          1          159        9.676282e-11   0          NO        4          54952             27                16896             2580              2548              
  iter  value          gnorm          cnorm          ecnorm         flowcnorm      flow_cfl       identity       icnorm         snorm          #linesear  iterPDAS   flagPDAS   iterGMRES  resiGMRES      flagGMRES  feasible   n_active_  n_vmult           dRdW_form         dRdW_mult         dRdX_mult         d2R_mult          
  5     1.971715e-02   1.066539e-02   1.576714e-04   1.576714e-04   9.369012e-13   1.000759e+15   4.280462e-01   0.000000e+00   2.034243e+00   1          1          0          159        9.184153e-11   0          YES       4          68209             30                20897             3228              3188              
  iter  value          gnorm          cnorm          ecnorm         flowcnorm      flow_cfl       identity       icnorm         snorm          #linesear  iterPDAS   flagPDAS   iterGMRES  resiGMRES      flagGMRES  feasible   n_active_  n_vmult           dRdW_form         dRdW_mult         dRdX_mult         d2R_mult          
  6     1.962546e-02   6.255267e-02   6.597571e-04   1.538120e-04   9.137744e-13   1.749505e+14   1.137506e-02   5.059451e-04   2.599115e+00   6          1          1          216        7.446007e-11   0          NO        5          85777             33                26017             4104              4056              
  iter  value          gnorm          cnorm          ecnorm         flowcnorm      flow_cfl       identity       icnorm         snorm          #linesear  iterPDAS   flagPDAS   iterGMRES  resiGMRES      flagGMRES  feasible   n_active_  n_vmult           dRdW_form         dRdW_mult         dRdX_mult         d2R_mult          
  7     1.957941e-02   9.069414e-03   1.072943e-03   8.013571e-05   4.700961e-13   2.345493e+15   3.912837e-01   9.928077e-04   2.587173e+00   2          1          1          163        9.306625e-11   0          NO        7          99338             36                30098             4768              4712              
  iter  value          gnorm          cnorm          ecnorm         flowcnorm      flow_cfl       identity       icnorm         snorm          #linesear  iterPDAS   flagPDAS   iterGMRES  resiGMRES      flagGMRES  feasible   n_active_  n_vmult           dRdW_form         dRdW_mult         dRdX_mult         d2R_mult          
  8     1.940455e-02   4.026395e-02   9.392563e-04   7.054953e-05   4.927941e-13   5.039856e+14   8.225426e-03   8.687068e-04   1.624317e+00   4          1          1          219        8.255876e-11   0          NO        7          117141            39                35285             5656              5592              
  iter  value          gnorm          cnorm          ecnorm         flowcnorm      flow_cfl       identity       icnorm         snorm          #linesear  iterPDAS   flagPDAS   iterGMRES  resiGMRES      flagGMRES  feasible   n_active_  n_vmult           dRdW_form         dRdW_mult         dRdX_mult         d2R_mult          
  9     1.939248e-02   9.061350e-03   9.940514e-04   6.185569e-05   4.315717e-13   2.557138e+15   1.621186e-01   9.321957e-04   1.296737e+00   4          1          1          165        9.522628e-11   0          NO        8          130896            42                39448             6328              6256              
  iter  value          gnorm          cnorm          ecnorm         flowcnorm      flow_cfl       identity       icnorm         snorm          #linesear  iterPDAS   flagPDAS   iterGMRES  resiGMRES      flagGMRES  feasible   n_active_  n_vmult           dRdW_form         dRdW_mult         dRdX_mult         d2R_mult          
  10    1.934341e-02   3.023437e-02   9.972183e-04   5.788077e-05   4.131755e-13   8.005058e+14   8.210807e-03   9.393375e-04   1.541580e+00   5          1          1          213        8.567081e-11   0          NO        9          148299            45                44571             7192              7112              
  iter  value          gnorm          cnorm          ecnorm         flowcnorm      flow_cfl       identity       icnorm         snorm          #linesear  iterPDAS   flagPDAS   iterGMRES  resiGMRES      flagGMRES  feasible   n_active_  n_vmult           dRdW_form         dRdW_mult         dRdX_mult         d2R_mult          
  11    1.933394e-02   1.325943e-03   1.028111e-05   1.028111e-05   1.786794e-14   4.220857e+17   9.141172e-02   0.000000e+00   1.505167e+00   1          1          0          175        9.737180e-11   0          YES       8          162779            48                48899             7904              7816              
  iter  value          gnorm          cnorm          ecnorm         flowcnorm      flow_cfl       identity       icnorm         snorm          #linesear  iterPDAS   flagPDAS   iterGMRES  resiGMRES      flagGMRES  feasible   n_active_  n_vmult           dRdW_form         dRdW_mult         dRdX_mult         d2R_mult          
  12    1.932590e-02   2.247172e-02   1.012796e-05   1.012796e-05   1.762677e-14   2.524591e+16   1.758124e-04   0.000000e+00   9.929327e-01   7          1          1          241        6.853565e-11   0          YES       8          182275            51                54547             8880              8784              
  iter  value          gnorm          cnorm          ecnorm         flowcnorm      flow_cfl       identity       icnorm         snorm          #linesear  iterPDAS   flagPDAS   iterGMRES  resiGMRES      flagGMRES  feasible   n_active_  n_vmult           dRdW_form         dRdW_mult         dRdX_mult         d2R_mult          
  13    1.932398e-02   3.524462e-03   1.837979e-04   8.906656e-06   1.548804e-14   1.831938e+17   5.049784e-02   1.748912e-04   9.848481e-01   4          1          1          190        7.850851e-11   0          NO        9          197888            54                59168             9652              9548              
  iter  value          gnorm          cnorm          ecnorm         flowcnorm      flow_cfl       identity       icnorm         snorm          #linesear  iterPDAS   flagPDAS   iterGMRES  resiGMRES      flagGMRES  feasible   n_active_  n_vmult           dRdW_form         dRdW_mult         dRdX_mult         d2R_mult          
  14    1.931683e-02   1.107140e-02   1.723669e-04   8.406354e-06   1.455516e-14   6.205551e+16   1.242183e-03   1.639605e-04   5.064736e-01   5          1          1          224        8.842688e-11   0          NO        9          216078            57                64462             10560             10448             
  iter  value          gnorm          cnorm          ecnorm         flowcnorm      flow_cfl       identity       icnorm         snorm          #linesear  iterPDAS   flagPDAS   iterGMRES  resiGMRES      flagGMRES  feasible   n_active_  n_vmult           dRdW_form         dRdW_mult         dRdX_mult         d2R_mult          
  15    1.931211e-02   3.214627e-03   1.292603e-04   6.289937e-06   1.095623e-14   2.839280e+17   1.225760e-02   1.229704e-04   4.131649e-01   3          1          1          210        8.420239e-11   0          NO        9          233204            60                69476             11412             11292             
  iter  value          gnorm          cnorm          ecnorm         flowcnorm      flow_cfl       identity       icnorm         snorm          #linesear  iterPDAS   flagPDAS   iterGMRES  resiGMRES      flagGMRES  feasible   n_active_  n_vmult           dRdW_form         dRdW_mult         dRdX_mult         d2R_mult          
  16    1.931115e-02   1.196395e-02   1.282515e-04   6.241832e-06   1.087139e-14   7.688472e+16   1.033382e-03   1.220097e-04   4.765849e-01   8          1          1          224        8.143513e-11   0          NO        9          251401            63                74777             12320             12192             
  iter  value          gnorm          cnorm          ecnorm         flowcnorm      flow_cfl       identity       icnorm         snorm          #linesear  iterPDAS   flagPDAS   iterGMRES  resiGMRES      flagGMRES  feasible   n_active_  n_vmult           dRdW_form         dRdW_mult         dRdX_mult         d2R_mult          
  17    1.931092e-02   3.238518e-03   1.652973e-04   6.144271e-06   1.070105e-14   2.885541e+17   1.431362e-02   1.591530e-04   4.621996e-01   7          1          1          208        9.106329e-11   0          NO        10         268382            66                79758             13164             13028             
  iter  value          gnorm          cnorm          ecnorm         flowcnorm      flow_cfl       identity       icnorm         snorm          #linesear  iterPDAS   flagPDAS   iterGMRES  resiGMRES      flagGMRES  feasible   n_active_  n_vmult           dRdW_form         dRdW_mult         dRdX_mult         d2R_mult          
  18    1.930528e-02   1.035601e-02   1.449020e-04   5.643086e-06   9.418446e-15   1.025246e+17   1.048800e-03   1.392589e-04   4.642906e-01   4          1          1          207        8.713195e-11   0          NO        10         285315            69                84747             14004             13860             
  iter  value          gnorm          cnorm          ecnorm         flowcnorm      flow_cfl       identity       icnorm         snorm          #linesear  iterPDAS   flagPDAS   iterGMRES  resiGMRES      flagGMRES  feasible   n_active_  n_vmult           dRdW_form         dRdW_mult         dRdX_mult         d2R_mult          
  19    1.930289e-02   2.456213e-03   1.086615e-04   4.217282e-06   7.100610e-15   5.733743e+17   1.072470e-02   1.044442e-04   3.832471e-01   3          1          1          201        8.881404e-11   0          NO        10         301778            72                89602             14820             14668             
  iter  value          gnorm          cnorm          ecnorm         flowcnorm      flow_cfl       identity       icnorm         snorm          #linesear  iterPDAS   flagPDAS   iterGMRES  resiGMRES      flagGMRES  feasible   n_active_  n_vmult           dRdW_form         dRdW_mult         dRdX_mult         d2R_mult          
  20    1.930221e-02   1.281195e-02   1.069693e-04   4.157091e-06   6.992829e-15   1.116174e+17   6.032984e-04   1.028122e-04   5.184561e-01   7          1          1          209        8.762868e-11   0          NO        10         318870            75                94638             15668             15508             
  iter  value          gnorm          cnorm          ecnorm         flowcnorm      flow_cfl       identity       icnorm         snorm          #linesear  iterPDAS   flagPDAS   iterGMRES  resiGMRES      flagGMRES  feasible   n_active_  n_vmult           dRdW_form         dRdW_mult         dRdX_mult         d2R_mult          
  21    1.930203e-02   2.239283e-03   1.058107e-04   4.027032e-06   6.774310e-15   6.592132e+17   1.641460e-02   1.017837e-04   5.161927e-01   6          1          1          199        8.071642e-11   0          NO        11         335237            78                99509             16476             16308             
  iter  value          gnorm          cnorm          ecnorm         flowcnorm      flow_cfl       identity       icnorm         snorm          #linesear  iterPDAS   flagPDAS   iterGMRES  resiGMRES      flagGMRES  feasible   n_active_  n_vmult           dRdW_form         dRdW_mult         dRdX_mult         d2R_mult          
  22    1.930090e-02   1.215782e-02   1.025182e-04   3.915231e-06   6.568580e-15   1.252198e+17   5.014390e-04   9.860295e-05   5.403727e-01   6          1          1          192        7.719389e-11   0          NO        11         351044            81                104212            17256             17080             
  iter  value          gnorm          cnorm          ecnorm         flowcnorm      flow_cfl       identity       icnorm         snorm          #linesear  iterPDAS   flagPDAS   iterGMRES  resiGMRES      flagGMRES  feasible   n_active_  n_vmult           dRdW_form         dRdW_mult         dRdX_mult         d2R_mult          
  23    1.930076e-02   2.074720e-03   1.742737e-04   3.792662e-06   6.363831e-15   7.573941e+17   1.478126e-02   1.704811e-04   5.271479e-01   6          1          1          189        8.945887e-11   0          NO        12         366609            84                108841            18024             17840             
  iter  value          gnorm          cnorm          ecnorm         flowcnorm      flow_cfl       identity       icnorm         snorm          #linesear  iterPDAS   flagPDAS   iterGMRES  resiGMRES      flagGMRES  feasible   n_active_  n_vmult           dRdW_form         dRdW_mult         dRdX_mult         d2R_mult          
  24    1.930067e-02   1.176507e-03   8.707983e-05   1.839291e-06   3.412164e-15   2.491012e+18   4.304462e-04   8.524054e-05   1.650065e-01   2          1          1          178        9.752470e-11   0          NO        12         381338            87                113250            18748             18556             
  iter  value          gnorm          cnorm          ecnorm         flowcnorm      flow_cfl       identity       icnorm         snorm          #linesear  iterPDAS   flagPDAS   iterGMRES  resiGMRES      flagGMRES  feasible   n_active_  n_vmult           dRdW_form         dRdW_mult         dRdX_mult         d2R_mult          
  25    1.930078e-02   5.956886e-04   5.104876e-05   9.049214e-07   1.794590e-15   9.354390e+18   1.384168e-04   5.014384e-05   4.491717e-03   2          1          1          178        7.929975e-11   0          NO        13         396165            90                117757            19472             19272             
  iter  value          gnorm          cnorm          ecnorm         flowcnorm      flow_cfl       identity       icnorm         snorm          #linesear  iterPDAS   flagPDAS   iterGMRES  resiGMRES      flagGMRES  feasible   n_active_  n_vmult           dRdW_form         dRdW_mult         dRdX_mult         d2R_mult          
  26    1.930102e-02   1.385574e-07   1.292588e-08   1.292588e-08   2.857390e-16   2.525810e+23   1.000000e-04   0.000000e+00   2.573791e-02   1          1          0          170        8.866273e-11   0          YES       12         410265            93                121985            20164             19956             
Optimization Terminated with Status: Converged
The process took 313.463 seconds to run.
Total n_vmult for algorithm 410265
