Starting optimization with 10...

Primal Dual Active Set Method

 Reduced-Space  Quasi-Newton
  iter  value          gnorm          cnorm          ecnorm         flowcnorm      identity       icnorm         snorm          #linesear  iterPDAS   flagPDAS   iterGMRES  resiGMRES      flagGMRES  feasible   n_active_  n_vmult           dRdW_form         dRdW_mult         dRdX_mult         d2R_mult          
  0     3.995257e-02   1.572190e-01   
  iter  value          gnorm          cnorm          ecnorm         flowcnorm      identity       icnorm         snorm          #linesear  iterPDAS   flagPDAS   iterGMRES  resiGMRES      flagGMRES  feasible   n_active_  n_vmult           dRdW_form         dRdW_mult         dRdX_mult         d2R_mult          
  1     2.934448e-02   3.763195e-01   1.013819e-02   1.013819e-02   1.791627e-16   2.471782e+01   0.000000e+00   1.856674e+00   1          1          1          13         3.114362e-11   0          YES       1          10257             38                6433              112               0                 
  iter  value          gnorm          cnorm          ecnorm         flowcnorm      identity       icnorm         snorm          #linesear  iterPDAS   flagPDAS   iterGMRES  resiGMRES      flagGMRES  feasible   n_active_  n_vmult           dRdW_form         dRdW_mult         dRdX_mult         d2R_mult          
  2     2.934448e-02   3.763195e-01   1.013819e-02   1.013819e-02   1.730492e-16   1.416164e+02   0.000000e+00   1.000000e+99   10         1          1          14         1.163217e-15   0          YES       1          33130             149               19607             229               0                 
  iter  value          gnorm          cnorm          ecnorm         flowcnorm      identity       icnorm         snorm          #linesear  iterPDAS   flagPDAS   iterGMRES  resiGMRES      flagGMRES  feasible   n_active_  n_vmult           dRdW_form         dRdW_mult         dRdX_mult         d2R_mult          
  3     2.914649e-02   5.278225e-01   1.264348e-02   1.209837e-05   1.592986e-16   1.416164e+03   1.263139e-02   4.707737e-01   10         1          1          14         2.912246e-13   0          NO        2          55800             260               32578             346               0                 
  iter  value          gnorm          cnorm          ecnorm         flowcnorm      identity       icnorm         snorm          #linesear  iterPDAS   flagPDAS   iterGMRES  resiGMRES      flagGMRES  feasible   n_active_  n_vmult           dRdW_form         dRdW_mult         dRdX_mult         d2R_mult          
  4     2.929309e-02   5.066276e-01   8.228275e-05   8.228275e-05   1.531891e-16   2.785966e+02   0.000000e+00   6.540297e-01   1          1          0          16         1.923030e-14   0          YES       2          61055             271               36050             475               0                 
  iter  value          gnorm          cnorm          ecnorm         flowcnorm      identity       icnorm         snorm          #linesear  iterPDAS   flagPDAS   iterGMRES  resiGMRES      flagGMRES  feasible   n_active_  n_vmult           dRdW_form         dRdW_mult         dRdX_mult         d2R_mult          
  5     2.886623e-02   3.250880e-01   4.124074e-05   4.124074e-05   1.424606e-16   2.566715e+02   0.000000e+00   3.331270e-01   1          1          0          17         2.185795e-14   0          YES       2          66205             282               39375             610               0                 
  iter  value          gnorm          cnorm          ecnorm         flowcnorm      identity       icnorm         snorm          #linesear  iterPDAS   flagPDAS   iterGMRES  resiGMRES      flagGMRES  feasible   n_active_  n_vmult           dRdW_form         dRdW_mult         dRdX_mult         d2R_mult          
  6     2.799661e-02   2.928662e-01   2.030438e-04   2.030438e-04   1.124232e-16   1.056822e+02   0.000000e+00   9.841602e-02   1          1          0          17         3.596699e-13   0          YES       2          71460             293               42805             745               0                 
  iter  value          gnorm          cnorm          ecnorm         flowcnorm      identity       icnorm         snorm          #linesear  iterPDAS   flagPDAS   iterGMRES  resiGMRES      flagGMRES  feasible   n_active_  n_vmult           dRdW_form         dRdW_mult         dRdX_mult         d2R_mult          
  7     2.716299e-02   2.563713e-01   2.427629e-04   2.427629e-04   1.292079e-16   8.577061e+01   0.000000e+00   9.827794e-02   1          1          0          17         4.054315e-13   0          YES       2          76687             304               46207             880               0                 
  iter  value          gnorm          cnorm          ecnorm         flowcnorm      identity       icnorm         snorm          #linesear  iterPDAS   flagPDAS   iterGMRES  resiGMRES      flagGMRES  feasible   n_active_  n_vmult           dRdW_form         dRdW_mult         dRdX_mult         d2R_mult          
  8     2.637497e-02   2.152940e-01   2.876804e-04   2.876804e-04   1.134129e-16   6.572626e+01   0.000000e+00   1.181741e-01   1          1          0          17         1.243778e-12   0          YES       2          81795             315               49490             1015              0                 
  iter  value          gnorm          cnorm          ecnorm         flowcnorm      identity       icnorm         snorm          #linesear  iterPDAS   flagPDAS   iterGMRES  resiGMRES      flagGMRES  feasible   n_active_  n_vmult           dRdW_form         dRdW_mult         dRdX_mult         d2R_mult          
  9     2.564874e-02   1.704446e-01   3.287766e-04   3.287766e-04   1.145539e-16   4.635152e+01   0.000000e+00   1.385582e-01   1          1          0          17         5.805639e-12   0          YES       2          87022             326               52892             1150              0                 
  iter  value          gnorm          cnorm          ecnorm         flowcnorm      identity       icnorm         snorm          #linesear  iterPDAS   flagPDAS   iterGMRES  resiGMRES      flagGMRES  feasible   n_active_  n_vmult           dRdW_form         dRdW_mult         dRdX_mult         d2R_mult          
  10    2.499454e-02   1.258363e-01   3.431610e-04   3.431610e-04   1.035921e-16   2.905135e+01   0.000000e+00   1.584423e-01   1          1          0          17         5.989726e-11   0          YES       2          92424             337               56469             1285              0                 
  iter  value          gnorm          cnorm          ecnorm         flowcnorm      identity       icnorm         snorm          #linesear  iterPDAS   flagPDAS   iterGMRES  resiGMRES      flagGMRES  feasible   n_active_  n_vmult           dRdW_form         dRdW_mult         dRdX_mult         d2R_mult          
  11    2.438676e-02   8.945759e-02   3.061110e-04   3.061110e-04   1.061673e-16   1.583479e+01   0.000000e+00   1.665867e-01   1          1          0          18         1.222385e-15   0          YES       2          97784             348               59962             1426              0                 
  iter  value          gnorm          cnorm          ecnorm         flowcnorm      identity       icnorm         snorm          #linesear  iterPDAS   flagPDAS   iterGMRES  resiGMRES      flagGMRES  feasible   n_active_  n_vmult           dRdW_form         dRdW_mult         dRdX_mult         d2R_mult          
  12    2.377978e-02   6.447616e-02   2.907248e-04   2.907248e-04   7.979489e-15   8.002660e+00   0.000000e+00   1.492968e-01   1          1          0          17         8.321985e-11   0          YES       2          102861            358               63294             1561              0                 
  iter  value          gnorm          cnorm          ecnorm         flowcnorm      identity       icnorm         snorm          #linesear  iterPDAS   flagPDAS   iterGMRES  resiGMRES      flagGMRES  feasible   n_active_  n_vmult           dRdW_form         dRdW_mult         dRdX_mult         d2R_mult          
  13    2.321132e-02   4.559039e-02   2.956131e-04   2.956131e-04   6.270329e-15   4.157176e+00   0.000000e+00   1.143172e-01   1          1          0          18         4.533364e-15   0          YES       2          107847            368               66493             1702              0                 
  iter  value          gnorm          cnorm          ecnorm         flowcnorm      identity       icnorm         snorm          #linesear  iterPDAS   flagPDAS   iterGMRES  resiGMRES      flagGMRES  feasible   n_active_  n_vmult           dRdW_form         dRdW_mult         dRdX_mult         d2R_mult          
  14    2.263540e-02   3.460847e-02   2.746574e-04   2.746574e-04   5.022482e-15   2.078483e+00   0.000000e+00   7.629184e-02   1          1          0          18         5.765855e-15   0          YES       2          112833            378               69692             1843              0                 
  iter  value          gnorm          cnorm          ecnorm         flowcnorm      identity       icnorm         snorm          #linesear  iterPDAS   flagPDAS   iterGMRES  resiGMRES      flagGMRES  feasible   n_active_  n_vmult           dRdW_form         dRdW_mult         dRdX_mult         d2R_mult          
  15    2.247345e-02   3.301393e-02   3.638948e-04   2.192614e-04   4.660950e-15   1.197746e+00   1.446335e-04   4.848680e-02   3          1          1          18         5.491584e-14   0          NO        3          122576            415               75488             1984              0                 
  iter  value          gnorm          cnorm          ecnorm         flowcnorm      identity       icnorm         snorm          #linesear  iterPDAS   flagPDAS   iterGMRES  resiGMRES      flagGMRES  feasible   n_active_  n_vmult           dRdW_form         dRdW_mult         dRdX_mult         d2R_mult          
  16    2.221307e-02   3.266409e-02   2.466660e-04   2.466660e-04   9.345961e-15   1.089919e+00   0.000000e+00   1.366764e-01   1          1          0          20         6.353537e-17   0          YES       3          127709            425               78750             2137              0                 
  iter  value          gnorm          cnorm          ecnorm         flowcnorm      identity       icnorm         snorm          #linesear  iterPDAS   flagPDAS   iterGMRES  resiGMRES      flagGMRES  feasible   n_active_  n_vmult           dRdW_form         dRdW_mult         dRdX_mult         d2R_mult          
  17    2.194004e-02   2.719026e-02   4.006459e-05   4.006459e-05   7.972776e-15   1.066943e+00   0.000000e+00   2.416699e-02   1          1          0          20         3.636545e-16   0          YES       3          132919            435               82089             2290              0                 
  iter  value          gnorm          cnorm          ecnorm         flowcnorm      identity       icnorm         snorm          #linesear  iterPDAS   flagPDAS   iterGMRES  resiGMRES      flagGMRES  feasible   n_active_  n_vmult           dRdW_form         dRdW_mult         dRdX_mult         d2R_mult          
  18    2.185141e-02   1.968136e-02   3.553532e-05   3.553532e-05   8.038213e-15   7.393104e-01   0.000000e+00   2.621458e-02   3          1          1          20         1.001822e-16   0          YES       3          142137            465               87836             2443              0                 
  iter  value          gnorm          cnorm          ecnorm         flowcnorm      identity       icnorm         snorm          #linesear  iterPDAS   flagPDAS   iterGMRES  resiGMRES      flagGMRES  feasible   n_active_  n_vmult           dRdW_form         dRdW_mult         dRdX_mult         d2R_mult          
  19    2.183287e-02   2.105506e-02   3.457936e-05   3.457936e-05   8.063264e-15   3.873559e-01   0.000000e+00   3.892618e-02   6          1          1          20         7.443157e-17   0          YES       3          156598            523               96586             2596              0                 
  iter  value          gnorm          cnorm          ecnorm         flowcnorm      identity       icnorm         snorm          #linesear  iterPDAS   flagPDAS   iterGMRES  resiGMRES      flagGMRES  feasible   n_active_  n_vmult           dRdW_form         dRdW_mult         dRdX_mult         d2R_mult          
  20    2.182865e-02   2.253603e-02   8.539559e-05   3.431878e-05   8.070316e-15   4.433157e-01   5.107681e-05   4.944931e-03   8          1          1          20         1.483645e-16   0          NO        4          175746            608               107863            2749              0                 
  iter  value          gnorm          cnorm          ecnorm         flowcnorm      identity       icnorm         snorm          #linesear  iterPDAS   flagPDAS   iterGMRES  resiGMRES      flagGMRES  feasible   n_active_  n_vmult           dRdW_form         dRdW_mult         dRdX_mult         d2R_mult          
  21    2.165184e-02   1.964252e-02   8.914497e-05   6.360657e-05   7.250760e-15   5.078727e-01   2.553841e-05   3.703700e-02   2          1          1          21         9.925196e-17   0          NO        4          184076            636               112840            2908              0                 
  iter  value          gnorm          cnorm          ecnorm         flowcnorm      identity       icnorm         snorm          #linesear  iterPDAS   flagPDAS   iterGMRES  resiGMRES      flagGMRES  feasible   n_active_  n_vmult           dRdW_form         dRdW_mult         dRdX_mult         d2R_mult          
  22    2.160437e-02   2.643719e-02   8.121162e-05   5.886552e-05   7.104254e-15   3.858285e-01   2.234611e-05   9.251688e-03   4          1          1          21         1.543283e-16   0          NO        4          195659            682               119630            3067              0                 
  iter  value          gnorm          cnorm          ecnorm         flowcnorm      identity       icnorm         snorm          #linesear  iterPDAS   flagPDAS   iterGMRES  resiGMRES      flagGMRES  feasible   n_active_  n_vmult           dRdW_form         dRdW_mult         dRdX_mult         d2R_mult          
  23    2.158963e-02   2.109660e-02   2.087834e-04   5.549307e-05   7.076384e-15   6.989249e-01   1.532903e-04   1.392188e-02   5          1          1          21         1.988788e-16   0          NO        5          208592            737               127050            3226              0                 
  iter  value          gnorm          cnorm          ecnorm         flowcnorm      identity       icnorm         snorm          #linesear  iterPDAS   flagPDAS   iterGMRES  resiGMRES      flagGMRES  feasible   n_active_  n_vmult           dRdW_form         dRdW_mult         dRdX_mult         d2R_mult          
  24    2.151690e-02   1.760176e-02   8.906957e-05   8.906957e-05   8.730692e-15   4.450666e-01   0.000000e+00   1.787280e-01   1          1          0          22         2.371044e-16   0          YES       5          213795            747               130298            3391              0                 
  iter  value          gnorm          cnorm          ecnorm         flowcnorm      identity       icnorm         snorm          #linesear  iterPDAS   flagPDAS   iterGMRES  resiGMRES      flagGMRES  feasible   n_active_  n_vmult           dRdW_form         dRdW_mult         dRdX_mult         d2R_mult          
  25    2.147763e-02   5.539382e-03   2.965883e-05   2.965883e-05   1.216920e-16   3.098220e-01   0.000000e+00   2.345652e-02   1          1          0          22         2.971673e-16   0          YES       5          219330            758               133798            3556              0                 
  iter  value          gnorm          cnorm          ecnorm         flowcnorm      identity       icnorm         snorm          #linesear  iterPDAS   flagPDAS   iterGMRES  resiGMRES      flagGMRES  feasible   n_active_  n_vmult           dRdW_form         dRdW_mult         dRdX_mult         d2R_mult          
  26    2.145016e-02   1.181533e-02   8.423498e-06   8.423498e-06   1.224275e-16   3.068475e-02   0.000000e+00   2.087800e-02   1          1          1          22         2.254902e-17   0          YES       4          224949            769               137382            3721              0                 
  iter  value          gnorm          cnorm          ecnorm         flowcnorm      identity       icnorm         snorm          #linesear  iterPDAS   flagPDAS   iterGMRES  resiGMRES      flagGMRES  feasible   n_active_  n_vmult           dRdW_form         dRdW_mult         dRdX_mult         d2R_mult          
  27    2.143964e-02   1.243488e-02   4.130042e-06   4.130042e-06   1.101797e-16   1.396021e-01   0.000000e+00   7.703810e-03   2          1          1          21         3.941937e-17   0          YES       4          232425            790               142065            3880              0                 
  iter  value          gnorm          cnorm          ecnorm         flowcnorm      identity       icnorm         snorm          #linesear  iterPDAS   flagPDAS   iterGMRES  resiGMRES      flagGMRES  feasible   n_active_  n_vmult           dRdW_form         dRdW_mult         dRdX_mult         d2R_mult          
  28    2.143389e-02   1.110980e-02   3.751188e-06   3.751188e-06   1.054385e-16   1.546262e-01   0.000000e+00   5.285434e-03   4          1          1          21         6.490706e-17   0          YES       4          243678            831               148925            4039              0                 
  iter  value          gnorm          cnorm          ecnorm         flowcnorm      identity       icnorm         snorm          #linesear  iterPDAS   flagPDAS   iterGMRES  resiGMRES      flagGMRES  feasible   n_active_  n_vmult           dRdW_form         dRdW_mult         dRdX_mult         d2R_mult          
  29    2.143185e-02   1.104993e-02   5.846681e-05   3.665488e-06   1.035715e-16   1.234277e-01   5.480132e-05   3.344476e-03   6          1          1          21         5.916936e-17   0          NO        5          260684            902               159138            4198              0                 
  iter  value          gnorm          cnorm          ecnorm         flowcnorm      identity       icnorm         snorm          #linesear  iterPDAS   flagPDAS   iterGMRES  resiGMRES      flagGMRES  feasible   n_active_  n_vmult           dRdW_form         dRdW_mult         dRdX_mult         d2R_mult          
  30    2.141330e-02   1.127126e-02   2.737738e-05   2.737738e-05   9.605778e-15   1.221009e-01   0.000000e+00   2.636198e-02   1          1          0          22         8.801308e-17   0          YES       5          265873            912               162372            4363              0                 
  iter  value          gnorm          cnorm          ecnorm         flowcnorm      identity       icnorm         snorm          #linesear  iterPDAS   flagPDAS   iterGMRES  resiGMRES      flagGMRES  feasible   n_active_  n_vmult           dRdW_form         dRdW_mult         dRdX_mult         d2R_mult          
  31    2.140863e-02   1.020039e-02   3.977201e-06   3.977201e-06   9.283521e-15   1.270412e-01   0.000000e+00   2.252397e-02   1          1          0          22         2.732643e-16   0          YES       5          270971            922               165515            4528              0                 
  iter  value          gnorm          cnorm          ecnorm         flowcnorm      identity       icnorm         snorm          #linesear  iterPDAS   flagPDAS   iterGMRES  resiGMRES      flagGMRES  feasible   n_active_  n_vmult           dRdW_form         dRdW_mult         dRdX_mult         d2R_mult          
  32    2.140456e-02   7.483018e-03   4.363321e-06   4.363321e-06   9.127679e-15   1.040481e-01   0.000000e+00   1.623894e-02   1          1          0          22         8.910844e-17   0          YES       5          276041            932               168630            4693              0                 
  iter  value          gnorm          cnorm          ecnorm         flowcnorm      identity       icnorm         snorm          #linesear  iterPDAS   flagPDAS   iterGMRES  resiGMRES      flagGMRES  feasible   n_active_  n_vmult           dRdW_form         dRdW_mult         dRdX_mult         d2R_mult          
  33    2.140248e-02   3.488072e-03   4.732626e-06   4.732626e-06   9.059972e-15   5.599555e-02   0.000000e+00   1.261304e-02   1          1          0          22         6.608713e-17   0          YES       5          281181            942               171815            4858              0                 
  iter  value          gnorm          cnorm          ecnorm         flowcnorm      identity       icnorm         snorm          #linesear  iterPDAS   flagPDAS   iterGMRES  resiGMRES      flagGMRES  feasible   n_active_  n_vmult           dRdW_form         dRdW_mult         dRdX_mult         d2R_mult          
  34    2.140227e-02   9.312076e-04   1.285207e-06   1.285207e-06   9.013597e-15   1.216665e-02   0.000000e+00   7.559371e-03   1          1          0          22         2.056430e-17   0          YES       5          286321            952               175000            5023              0                 
  iter  value          gnorm          cnorm          ecnorm         flowcnorm      identity       icnorm         snorm          #linesear  iterPDAS   flagPDAS   iterGMRES  resiGMRES      flagGMRES  feasible   n_active_  n_vmult           dRdW_form         dRdW_mult         dRdX_mult         d2R_mult          
  35    2.140229e-02   2.333984e-04   3.257848e-08   3.257848e-08   9.015361e-15   8.671475e-04   0.000000e+00   1.689021e-03   1          1          0          22         1.262366e-17   0          YES       5          291391            962               178115            5188              0                 
  iter  value          gnorm          cnorm          ecnorm         flowcnorm      identity       icnorm         snorm          #linesear  iterPDAS   flagPDAS   iterGMRES  resiGMRES      flagGMRES  feasible   n_active_  n_vmult           dRdW_form         dRdW_mult         dRdX_mult         d2R_mult          
  36    2.140229e-02   3.986327e-05   1.611514e-09   1.611514e-09   9.017394e-15   5.447482e-05   0.000000e+00   5.051730e-04   1          1          0          22         2.544328e-18   0          YES       5          296489            972               181258            5353              0                 
  iter  value          gnorm          cnorm          ecnorm         flowcnorm      identity       icnorm         snorm          #linesear  iterPDAS   flagPDAS   iterGMRES  resiGMRES      flagGMRES  feasible   n_active_  n_vmult           dRdW_form         dRdW_mult         dRdX_mult         d2R_mult          
  37    2.140229e-02   4.282846e-06   1.187707e-10   1.187707e-10   9.020590e-15   1.589081e-06   0.000000e+00   7.635891e-05   1          1          0          22         9.708278e-20   0          YES       5          301671            982               184485            5518              0                 
Optimization Terminated with Status: Converged
The process took 708.311 seconds to run.
Total n_vmult for algorithm 301671
