Starting optimization with 40...
Optimizing FFD points to obtain target Gaussian bump...

Quasi-Newton Method with Limited-Memory BFGS
Line Search: Backtracking satisfying Null Curvature Condition
  iter  value          gnorm          snorm          #fval     #grad     ls_#fval  ls_#grad  n_vmult   dRdW_form         dRdW_mult         dRdX_mult         d2R_mult          
  0     1.460802e-03   7.440529e-03   
  1     1.455273e-03   7.422925e-03   7.440529e-04   2         2         1         0         245217    408               114132            75                0                 
  2     1.229715e-03   6.689361e-03   3.222584e-02   3         3         1         0         249022    414               116010            76                0                 
  3     1.038612e-03   6.027382e-03   3.081839e-02   4         4         1         0         252830    420               117891            77                0                 
  4     8.757571e-04   5.425209e-03   2.981081e-02   5         5         1         0         256608    426               119742            78                0                 
  5     7.377585e-04   4.879172e-03   2.877196e-02   6         6         1         0         260416    432               121623            79                0                 
  6     6.213326e-04   4.385065e-03   2.769636e-02   7         7         1         0         264236    438               123516            80                0                 
  7     5.234494e-04   3.938574e-03   2.659043e-02   8         8         1         0         268065    444               125418            81                0                 
  8     4.413827e-04   3.535484e-03   2.546862e-02   9         9         1         0         271876    450               127302            82                0                 
  9     3.727257e-04   3.171788e-03   2.434773e-02   10        10        1         0         274776    455               128595            83                0                 
  10    3.153820e-04   2.843756e-03   2.324366e-02   11        11        1         0         277673    460               129885            84                0                 
  11    2.675454e-04   2.547952e-03   2.216991e-02   12        12        1         0         280570    465               131175            85                0                 
  12    2.276723e-04   2.281237e-03   2.113715e-02   13        13        1         0         283473    470               132471            86                0                 
  13    1.944518e-04   2.040761e-03   2.015328e-02   14        14        1         0         286391    475               133782            87                0                 
  14    1.667766e-04   1.823937e-03   1.922382e-02   15        15        1         0         289315    480               135099            88                0                 
  15    1.437153e-04   1.628429e-03   1.835239e-02   16        16        1         0         292242    485               136419            89                0                 
  16    1.244870e-04   1.452124e-03   1.754110e-02   17        17        1         0         295178    490               137748            90                0                 
  17    1.084390e-04   1.293118e-03   1.679099e-02   18        18        1         0         298123    495               139086            91                0                 
  18    9.502688e-05   1.149691e-03   1.610229e-02   19        19        1         0         301074    500               140430            92                0                 
  19    8.379784e-05   1.020294e-03   1.547475e-02   20        20        1         0         304034    505               141783            93                0                 
  20    7.437558e-05   9.035343e-04   1.490775e-02   21        21        1         0         307000    510               143142            94                0                 
  21    6.644802e-05   7.981583e-04   1.440054e-02   22        22        1         0         309969    515               144504            95                0                 
  22    5.975659e-05   7.030435e-04   1.395234e-02   23        23        1         0         312941    520               145869            96                0                 
  23    5.408731e-05   6.171863e-04   1.356244e-02   24        24        1         0         315919    525               147240            97                0                 
  24    4.926315e-05   5.396940e-04   1.323033e-02   25        25        1         0         318897    530               148611            98                0                 
  25    4.513777e-05   4.697783e-04   1.295576e-02   26        26        1         0         321857    535               149964            99                0                 
  26    4.159018e-05   4.067504e-04   1.273885e-02   27        27        1         0         324841    540               151341            100               0                 
  27    3.852031e-05   3.500193e-04   1.258014e-02   28        28        1         0         327807    545               152700            101               0                 
  28    3.584536e-05   2.990935e-04   1.248074e-02   29        29        1         0         330794    550               154080            102               0                 
  29    3.349670e-05   2.535877e-04   1.244238e-02   30        30        1         0         333784    555               155463            103               0                 
  30    3.141733e-05   2.132369e-04   1.246760e-02   31        31        1         0         336807    560               156879            104               0                 
  31    2.955977e-05   1.779212e-04   1.255988e-02   32        32        1         0         339809    565               158274            105               0                 
  32    2.788428e-05   1.477009e-04   1.272395e-02   33        33        1         0         342811    570               159669            106               0                 
  33    2.635738e-05   1.228509e-04   1.296622e-02   34        34        1         0         345804    575               161055            107               0                 
  34    2.495057e-05   1.038412e-04   1.329547e-02   35        35        1         0         348797    580               162441            108               0                 
  35    2.363921e-05   9.113370e-05   1.372405e-02   36        36        1         0         351817    585               163854            109               0                 
  36    2.240151e-05   8.469452e-05   1.426986e-02   37        37        1         0         354816    590               165246            110               0                 
  37    2.121747e-05   8.352516e-05   1.495962e-02   38        38        1         0         357830    595               166653            111               0                 
  38    2.006785e-05   8.582953e-05   1.583442e-02   39        39        1         0         360871    600               168087            112               0                 
  39    1.893294e-05   8.970148e-05   1.695835e-02   40        40        1         0         363876    605               169485            113               0                 
  40    1.779128e-05   9.360439e-05   1.843120e-02   41        41        1         0         366914    610               170916            114               0                 
  41    1.661865e-05   9.642767e-05   2.040133e-02   42        42        1         0         369925    615               172320            115               0                 
  42    1.538912e-05   9.735580e-05   2.306082e-02   43        43        1         0         372960    620               173748            116               0                 
  43    1.409643e-05   9.944809e-05   2.681453e-02   44        44        1         0         376013    625               175194            117               0                 
  44    1.233650e-05   9.393030e-05   4.017851e-02   45        45        1         0         379021    630               176595            118               0                 
  45    1.131899e-05   8.939262e-05   2.650138e-02   46        46        1         0         382083    635               178050            119               0                 
  46    1.047584e-05   8.661843e-05   2.436903e-02   47        47        1         0         385106    640               179466            120               0                 
  47    9.716955e-06   8.052121e-05   2.384811e-02   48        48        1         0         388171    645               180924            121               0                 
  48    9.017480e-06   8.248889e-05   2.581259e-02   49        49        1         0         391212    650               182358            122               0                 
  49    8.406965e-06   7.399020e-05   2.334762e-02   50        50        1         0         394289    655               183828            123               0                 
  50    7.957461e-06   6.927431e-05   1.939725e-02   51        51        1         0         397372    660               185304            124               0                 
  51    7.493741e-06   6.634174e-05   2.228345e-02   52        52        1         0         400425    665               186750            125               0                 
  52    7.102821e-06   5.873160e-05   1.988115e-02   53        53        1         0         403505    670               188223            126               0                 
  53    6.795643e-06   5.371558e-05   1.741235e-02   54        54        1         0         406633    675               189744            127               0                 
  54    6.473957e-06   4.917686e-05   1.952578e-02   55        55        1         0         409659    680               191163            128               0                 
  55    6.167912e-06   4.156803e-05   2.014469e-02   56        56        1         0         412775    685               192672            129               0                 
  56    5.928688e-06   3.709471e-05   1.749750e-02   57        57        1         0         415852    690               194142            130               0                 
  57    5.680722e-06   3.229750e-05   1.931865e-02   58        58        1         0         418944    695               195627            131               0                 
  58    5.456605e-06   2.650020e-05   1.880002e-02   59        59        1         0         422045    700               197121            132               0                 
  59    5.270522e-06   2.351514e-05   1.688875e-02   60        60        1         0         425164    705               198633            133               0                 
  60    5.080886e-06   1.946450e-05   1.746781e-02   61        61        1         0         428259    710               200121            134               0                 
  61    4.891960e-06   1.761362e-05   1.881282e-02   62        62        1         0         431369    715               201624            135               0                 
  62    4.702150e-06   1.677085e-05   1.926557e-02   63        63        1         0         434482    720               203130            136               0                 
  63    4.505553e-06   1.652431e-05   2.138736e-02   64        64        1         0         437616    725               204657            137               0                 
  64    4.301626e-06   1.828161e-05   2.398756e-02   65        65        1         0         440708    730               206142            138               0                 
  65    4.125640e-06   1.939307e-05   2.150660e-02   66        66        1         0         443839    735               207666            139               0                 
  66    3.978366e-06   2.054388e-05   1.906345e-02   67        67        1         0         446940    740               209160            140               0                 
  67    3.824002e-06   2.288313e-05   2.006580e-02   68        68        1         0         450089    745               210702            141               0                 
  68    3.657887e-06   2.352676e-05   2.287297e-02   69        69        1         0         453163    750               212169            142               0                 
  69    3.510158e-06   2.397711e-05   2.202223e-02   70        70        1         0         456267    755               213666            143               0                 
  70    3.385334e-06   2.449901e-05   1.891066e-02   71        71        1         0         459362    760               215154            144               0                 
  71    3.278194e-06   2.371078e-05   1.695708e-02   72        72        1         0         462481    765               216666            145               0                 
  72    3.174101e-06   2.401003e-05   1.639972e-02   73        73        1         0         465591    770               218169            146               0                 
  73    3.077892e-06   2.224876e-05   1.589214e-02   74        74        1         0         468710    775               219681            147               0                 
  74    2.990536e-06   2.211956e-05   1.494658e-02   75        75        1         0         471811    780               221175            148               0                 
  75    2.890314e-06   1.916255e-05   1.958002e-02   76        76        1         0         474924    785               222681            149               0                 
  76    2.826628e-06   1.784438e-05   1.251589e-02   77        77        1         0         478061    790               224211            150               0                 
  77    2.768152e-06   1.659899e-05   1.189841e-02   78        78        1         0         481189    795               225732            151               0                 
  78    2.693913e-06   1.537905e-05   1.631475e-02   79        79        1         0         484269    800               227205            152               0                 
  79    2.640258e-06   1.369153e-05   1.240757e-02   80        80        1         0         487433    805               228762            153               0                 
  80    2.594947e-06   1.240691e-05   1.106516e-02   81        81        1         0         490615    810               230337            154               0                 
  81    2.548366e-06   1.110543e-05   1.171467e-02   82        82        1         0         493695    815               231810            155               0                 
  82    2.499916e-06   9.521038e-06   1.294484e-02   83        83        1         0         496886    820               233394            156               0                 
Optimization Terminated with Status: Converged
 Done target optimization...
 Resetting problem to initial conditions and target previous FFD points 
 and aim for machine precision functional value....
The process took 1013.17 seconds to run.
Starting optimization with 40...

Newton-Krylov using GMRES with Limited-Memory BFGS preconditioning
Line Search: Backtracking satisfying Null Curvature Condition
-------------------------------------------------------------------------------------------------------------
Newton-Krylov status output definitions

  iter     - Number of iterates (steps taken) 
  value    - Objective function value 
  gnorm    - Norm of the gradient
  snorm    - Norm of the step (update to optimization vector)
  #fval    - Cumulative number of times the objective function was evaluated
  #grad    - Number of times the gradient was computed
  iterCG   - Number of Krylov iterations used to compute search direction
  flagCG   - Krylov solver flag
-------------------------------------------------------------------------------------------------------------
  iter  value          gnorm          snorm          #fval     #grad     iterCG    flagCG    ls_#fval  ls_#grad  n_vmult   dRdW_form         dRdW_mult         dRdX_mult         d2R_mult          
  0     1.456313e-03   7.432716e-03   
  1     1.744965e-05   7.918364e-04   3.357955e+01   2         2         25        0         1         0         29730     8                 26064             54                104               
  2     5.250363e-09   1.191714e-05   3.331413e+01   3         3         24        0         1         0         55318     14                48675             105               204               
  3     5.677535e-15   3.556305e-09   3.578095e-01   4         4         26        0         1         0         81645     19                72261             160               312               
  4     1.710905e-18   1.237784e-13   1.786869e-02   5         5         28        0         1         0         108423    23                96534             219               428               
Optimization Terminated with Status: Converged
The process took 981.705 seconds to run.
Total n_vmult for algorithm 108423
