Starting optimization with 80...
Optimizing FFD points to obtain target Gaussian bump...

Quasi-Newton Method with Limited-Memory BFGS
Line Search: Backtracking satisfying Null Curvature Condition
  iter  value          gnorm          snorm          #fval     #grad     ls_#fval  ls_#grad  n_vmult   dRdW_form         dRdW_mult         dRdX_mult         d2R_mult          
  0     1.460201e-03   6.441823e-03   
  1     1.456055e-03   6.431623e-03   6.441823e-04   2         2         1         0         126244    64                109215            267               520               
  2     1.205894e-03   5.795598e-03   4.106167e-02   3         3         1         0         128957    70                110841            268               520               
  3     9.981046e-04   5.225492e-03   3.809554e-02   4         4         1         0         131688    76                112485            269               520               
  4     8.242244e-04   4.709527e-03   3.566257e-02   5         5         1         0         134428    82                114138            270               520               
  5     6.793937e-04   4.243343e-03   3.324564e-02   6         6         1         0         137183    88                115806            271               520               
  6     5.591793e-04   3.822695e-03   3.088314e-02   7         7         1         0         139965    94                117501            272               520               
  7     4.596712e-04   3.443285e-03   2.859273e-02   8         8         1         0         142771    100               119220            273               520               
  8     3.774841e-04   3.101267e-03   2.640219e-02   9         9         1         0         145598    106               120960            274               520               
  9     3.097263e-04   2.792930e-03   2.432081e-02   10        10        1         0         148443    112               122718            275               520               
  10    2.539498e-04   2.515061e-03   2.236401e-02   11        11        1         0         151312    118               124500            276               520               
  11    2.080967e-04   2.264581e-03   2.053049e-02   12        12        1         0         153326    123               125607            277               520               
  12    1.704454e-04   2.038884e-03   1.882702e-02   13        13        1         0         155355    128               126729            278               520               
  13    1.395608e-04   1.835433e-03   1.724505e-02   14        14        1         0         157387    133               127854            279               520               
  14    1.142502e-04   1.652148e-03   1.578756e-02   15        15        1         0         159416    138               128976            280               520               
  15    9.352479e-05   1.486917e-03   1.444152e-02   16        16        1         0         161451    143               130104            281               520               
  16    7.656622e-05   1.338103e-03   1.320980e-02   17        17        1         0         163495    148               131241            282               520               
  17    6.269849e-05   1.203915e-03   1.207611e-02   18        18        1         0         165542    153               132381            283               520               
  18    5.136388e-05   1.083095e-03   1.104609e-02   19        19        1         0         167598    158               133530            284               520               
  19    4.210280e-05   9.740674e-04   1.010031e-02   20        20        1         0         169657    163               134682            285               520               
  20    3.453677e-05   8.759118e-04   9.249861e-03   21        21        1         0         171746    168               135864            286               520               
  21    2.835454e-05   7.871653e-04   8.471172e-03   22        22        1         0         173826    173               137037            287               520               
  22    2.330092e-05   7.072230e-04   7.781206e-03   23        23        1         0         175927    178               138231            288               520               
  23    1.916863e-05   6.347078e-04   7.146200e-03   24        24        1         0         178025    183               139422            289               520               
  24    1.579244e-05   5.694055e-04   6.577804e-03   25        25        1         0         180141    188               140631            290               520               
  25    1.304214e-05   5.102521e-04   6.028179e-03   26        26        1         0         182251    193               141834            291               520               
  26    1.081155e-05   4.573432e-04   5.514462e-03   27        27        1         0         184370    198               143046            292               520               
  27    9.008305e-06   4.098015e-04   5.021386e-03   28        28        1         0         186489    203               144258            293               520               
  28    7.550955e-06   3.674299e-04   4.582167e-03   29        29        1         0         188617    208               145479            294               520               
  29    6.371187e-06   3.293977e-04   4.186694e-03   30        30        1         0         190745    213               146700            295               520               
  30    5.413871e-06   2.953768e-04   3.842577e-03   31        31        1         0         192888    218               147936            296               520               
  31    4.635422e-06   2.647737e-04   3.535478e-03   32        32        1         0         195022    223               149163            297               520               
  32    4.001287e-06   2.373060e-04   3.264847e-03   33        33        1         0         197174    228               150408            298               520               
  33    3.483925e-06   2.125615e-04   3.022045e-03   34        34        1         0         199308    233               151635            299               520               
  34    3.061170e-06   1.903042e-04   2.806728e-03   35        35        1         0         201481    238               152901            300               520               
  35    2.714994e-06   1.702109e-04   2.615466e-03   36        36        1         0         203648    243               154161            301               520               
  36    2.430473e-06   1.520556e-04   2.451761e-03   37        37        1         0         205842    248               155448            302               520               
  37    2.195008e-06   1.354973e-04   2.319058e-03   38        38        1         0         208042    253               156741            303               520               
  38    1.998718e-06   1.203049e-04   2.214354e-03   39        39        1         0         210242    258               158034            304               520               
  39    1.836618e-06   1.064255e-04   2.093831e-03   40        40        1         0         212448    263               159333            305               520               
  40    1.706142e-06   9.412437e-05   1.931292e-03   41        41        1         0         214657    268               160635            306               520               
  41    1.601622e-06   8.330553e-05   1.774967e-03   42        42        1         0         216869    273               161940            307               520               
  42    1.516776e-06   7.371984e-05   1.654286e-03   43        43        1         0         219090    278               163254            308               520               
  43    1.447014e-06   6.514912e-05   1.562365e-03   44        44        1         0         221311    283               164568            309               520               
  44    1.389134e-06   5.744915e-05   1.489272e-03   45        45        1         0         223538    288               165888            310               520               
  45    1.340784e-06   5.051298e-05   1.429203e-03   46        46        1         0         225765    293               167208            311               520               
  46    1.300158e-06   4.425583e-05   1.379045e-03   47        47        1         0         227995    298               168531            312               520               
  47    1.265824e-06   3.860967e-05   1.337271e-03   48        48        1         0         230216    303               169845            313               520               
  48    1.236635e-06   3.351345e-05   1.302989e-03   49        49        1         0         232437    308               171159            314               520               
  49    1.211657e-06   2.891906e-05   1.275785e-03   50        50        1         0         234658    313               172473            315               520               
  50    1.190130e-06   2.478139e-05   1.255430e-03   51        51        1         0         236885    318               173793            316               520               
  51    1.171431e-06   2.106916e-05   1.241926e-03   52        52        1         0         239121    323               175122            317               520               
  52    1.155047e-06   1.775303e-05   1.235419e-03   53        53        1         0         241357    328               176451            318               520               
  53    1.140555e-06   1.482257e-05   1.236284e-03   54        54        1         0         243608    333               177795            319               520               
  54    1.127599e-06   1.227014e-05   1.245309e-03   55        55        1         0         245871    338               179151            320               520               
  55    1.115876e-06   1.012052e-05   1.264189e-03   56        56        1         0         248131    343               180504            321               520               
  56    1.105104e-06   8.404584e-06   1.297777e-03   57        57        1         0         250406    348               181872            322               520               
Optimization Terminated with Status: Converged
 Done target optimization...
 Resetting problem to initial conditions and target previous FFD points 
 and aim for machine precision functional value....
The process took 206.088 seconds to run.
********************************************************
Biros and Ghattas Full-space method...with P2 preconditioner
Using 9080 design variables: 9000 simulation variables and 80 control variables.
Line Search: Backtracking satisfying Null Curvature Condition
********************************************************
Iteration         Func. val.        ||Lagr. grad.||   ||Constraint||    ||Search dir||    search_ctl_norm   search_sim_norm   search_adj_norm   n_kkt_iter        n_linesearches    n_grad            n_vmult           dRdW_form         dRdW_mult         dRdX_mult         d2R_mult          
1                 6.60989e-06       0.00528587        0.0222541         20.5334           19.6969           3.51591           4.61392           61                1                 0                 51682             2                 47808             254               248               
2                 6.23689e-07       0.000216267       0.000515945       9.48404           9.45664           0.287533          0.660543          40                1                 0                 84330             3                 77945             423               412               
3                 4.87677e-10       3.26672e-05       4.45226e-05       10.3354           10.3333           0.0842683         0.18946           50                1                 0                 125178            4                 115722            632               616               
4                 1.46733e-13       4.96854e-08       2.58488e-08       0.139104          0.138506          0.0029203         0.0125512         52                1                 0                 167549            5                 154910            849               828               
5                 4.88857e-14       8.43102e-12       5.39579e-12       0.0112577         0.0112576         4.35419e-05       1.3831e-05        55                1                 0                 212320            6                 196330            1078              1052              
Optimization Terminated with Status: Converged
The process took 371.345 seconds to run.
Total n_vmult for algorithm 212320
