Starting optimization with 100...
Optimizing FFD points to obtain target Gaussian bump...

Quasi-Newton Method with Limited-Memory BFGS
Line Search: Backtracking satisfying Null Curvature Condition
  iter  value          gnorm          snorm          #fval     #grad     ls_#fval  ls_#grad  n_vmult   dRdW_form         dRdW_mult         dRdX_mult         d2R_mult          
  0     1.446428e-03   6.075515e-03   
  1     1.442739e-03   6.067075e-03   6.075515e-04   2         2         1         0         159973    522               117555            94                0                 
  2     1.184243e-03   5.482658e-03   4.572498e-02   3         3         1         0         161711    528               118806            95                0                 
  3     9.318772e-04   4.805199e-03   5.130556e-02   4         4         1         0         163485    534               120093            96                0                 
  4     7.456481e-04   4.260754e-03   4.129987e-02   5         5         1         0         165232    540               121353            97                0                 
  5     6.108985e-04   3.836491e-03   3.361079e-02   6         6         1         0         166985    546               122619            98                0                 
  6     5.008289e-04   3.454320e-03   3.052694e-02   7         7         1         0         168738    552               123885            99                0                 
  7     4.103079e-04   3.112247e-03   2.800413e-02   8         8         1         0         170482    558               125142            100               0                 
  8     3.352347e-04   2.800737e-03   2.596978e-02   9         9         1         0         172244    564               126417            101               0                 
  9     2.690852e-04   2.503215e-03   2.624989e-02   10        10        1         0         174024    570               127710            102               0                 
  10    2.108973e-04   2.200025e-03   2.551043e-02   11        11        1         0         175792    576               128991            103               0                 
  11    1.696943e-04   1.966066e-03   2.029419e-02   12        12        1         0         177569    582               130281            104               0                 
  12    1.379291e-04   1.764897e-03   1.741956e-02   13        13        1         0         179358    588               131583            105               0                 
  13    1.124160e-04   1.587707e-03   1.559467e-02   14        14        1         0         181144    594               132882            106               0                 
  14    9.172995e-05   1.428496e-03   1.405495e-02   15        15        1         0         182942    600               134193            107               0                 
  15    7.489728e-05   1.285993e-03   1.273177e-02   16        16        1         0         184743    606               135507            108               0                 
  16    6.118539e-05   1.157494e-03   1.153185e-02   17        17        1         0         186547    612               136824            109               0                 
  17    5.001205e-05   1.042079e-03   1.045948e-02   18        18        1         0         188366    618               138156            110               0                 
  18    4.090854e-05   9.379853e-04   9.479786e-03   19        19        1         0         190203    624               139506            111               0                 
  19    3.349322e-05   8.443887e-04   8.596915e-03   20        20        1         0         192046    630               140862            112               0                 
  20    2.745504e-05   7.599933e-04   7.791296e-03   21        21        1         0         193889    636               142218            113               0                 
  21    2.253981e-05   6.840773e-04   7.064052e-03   22        22        1         0         195738    642               143580            114               0                 
  22    1.853998e-05   6.156415e-04   6.401971e-03   23        23        1         0         197617    648               144972            115               0                 
  23    1.528598e-05   5.540702e-04   5.804429e-03   24        24        1         0         199505    654               146373            116               0                 
  24    1.263940e-05   4.985759e-04   5.261683e-03   25        25        1         0         201399    660               147780            117               0                 
  25    1.048730e-05   4.486431e-04   4.772317e-03   26        26        1         0         203269    666               149163            118               0                 
  26    8.737592e-06   4.036434e-04   4.328816e-03   27        27        1         0         205178    672               150585            119               0                 
  27    7.315188e-06   3.631500e-04   3.929496e-03   28        28        1         0         207096    678               152016            120               0                 
  28    6.158941e-06   3.266584e-04   3.568422e-03   29        29        1         0         209020    684               153453            121               0                 
  29    5.219049e-06   2.938178e-04   3.243909e-03   30        30        1         0         210324    689               154350            122               0                 
  30    4.454986e-06   2.642212e-04   2.951211e-03   31        31        1         0         211631    694               155250            123               0                 
  31    3.833775e-06   2.375815e-04   2.688764e-03   32        32        1         0         212944    699               156156            124               0                 
  32    3.328603e-06   2.135697e-04   2.452752e-03   33        33        1         0         214260    704               157065            125               0                 
  33    2.917668e-06   1.919517e-04   2.241782e-03   34        34        1         0         215582    709               157980            126               0                 
  34    2.583252e-06   1.724606e-04   2.052774e-03   35        35        1         0         216910    714               158901            127               0                 
  35    2.310959e-06   1.549063e-04   1.884517e-03   36        36        1         0         218238    719               159822            128               0                 
  36    2.089095e-06   1.390716e-04   1.734521e-03   37        37        1         0         219569    724               160746            129               0                 
  37    1.908163e-06   1.248023e-04   1.601744e-03   38        38        1         0         220903    729               161673            130               0                 
  38    1.760452e-06   1.119217e-04   1.484178e-03   39        39        1         0         222243    734               162606            131               0                 
  39    1.639702e-06   1.003048e-04   1.380925e-03   40        40        1         0         223586    739               163542            132               0                 
  40    1.540831e-06   8.980710e-05   1.290376e-03   41        41        1         0         224929    744               164478            133               0                 
  41    1.459713e-06   8.032772e-05   1.211762e-03   42        42        1         0         226278    749               165420            134               0                 
  42    1.393001e-06   7.174837e-05   1.143813e-03   43        43        1         0         227633    754               166368            135               0                 
  43    1.337977e-06   6.398754e-05   1.085883e-03   44        44        1         0         228988    759               167316            136               0                 
  44    1.292436e-06   5.694817e-05   1.037010e-03   45        45        1         0         230346    764               168267            137               0                 
  45    1.254585e-06   5.056473e-05   9.966870e-04   46        46        1         0         231707    769               169221            138               0                 
  46    1.222971e-06   4.475748e-05   9.642523e-04   47        47        1         0         233074    774               170181            139               0                 
  47    1.196411e-06   3.947425e-05   9.393744e-04   48        48        1         0         234444    779               171144            140               0                 
  48    1.173942e-06   3.464984e-05   9.217080e-04   49        49        1         0         235820    784               172113            141               0                 
  49    1.154782e-06   3.024400e-05   9.111517e-04   50        50        1         0         237199    789               173085            142               0                 
  50    1.138292e-06   2.620483e-05   9.077109e-04   51        51        1         0         238584    794               174063            143               0                 
  51    1.123948e-06   2.250463e-05   9.115847e-04   52        52        1         0         239972    799               175044            144               0                 
  52    1.111322e-06   1.910707e-05   9.231766e-04   53        53        1         0         241366    804               176031            145               0                 
  53    1.100056e-06   1.600373e-05   9.430714e-04   54        54        1         0         242763    809               177021            146               0                 
  54    1.089857e-06   1.318779e-05   9.721286e-04   55        55        1         0         244163    814               178014            147               0                 
  55    1.080476e-06   1.070025e-05   1.011416e-03   56        56        1         0         245563    819               179007            148               0                 
  56    1.071699e-06   8.625682e-06   1.062308e-03   57        57        1         0         246969    824               180006            149               0                 
Optimization Terminated with Status: Converged
 Done target optimization...
 Resetting problem to initial conditions and target previous FFD points 
 and aim for machine precision functional value....
The process took 47.9726 seconds to run.
Starting optimization with 100...

Newton-Krylov using GMRES with Limited-Memory BFGS preconditioning
Line Search: Backtracking satisfying Null Curvature Condition
-------------------------------------------------------------------------------------------------------------
Newton-Krylov status output definitions

  iter     - Number of iterates (steps taken) 
  value    - Objective function value 
  gnorm    - Norm of the gradient
  snorm    - Norm of the step (update to optimization vector)
  #fval    - Cumulative number of times the objective function was evaluated
  #grad    - Number of times the gradient was computed
  iterCG   - Number of Krylov iterations used to compute search direction
  flagCG   - Krylov solver flag
-------------------------------------------------------------------------------------------------------------
  iter  value          gnorm          snorm          #fval     #grad     iterCG    flagCG    ls_#fval  ls_#grad  n_vmult   dRdW_form         dRdW_mult         dRdX_mult         d2R_mult          
  0     1.441799e-03   6.067473e-03   
  1     1.507660e-05   5.370003e-04   1.108337e+01   2         2         39        0         1         0         30093     8                 27759             82                160               
  2     3.553415e-09   8.059856e-06   1.108259e+01   3         3         38        0         1         0         57001     14                52542             161               316               
  3     5.811281e-14   3.633007e-09   1.885172e-01   4         4         40        0         1         0         84684     19                78096             244               480               
  4     1.426691e-19   1.110940e-12   2.143940e-02   5         5         45        0         1         0         114843    23                105996            337               664               
Optimization Terminated with Status: Converged
The process took 25.5772 seconds to run.
Total n_vmult for algorithm 114843
