Starting optimization with 20...
Optimizing FFD points to obtain target Gaussian bump...

Quasi-Newton Method with Limited-Memory BFGS
Line Search: Backtracking satisfying Null Curvature Condition
  iter  value          gnorm          snorm          #fval     #grad     ls_#fval  ls_#grad  n_vmult   dRdW_form         dRdW_mult         dRdX_mult         d2R_mult          
  0     1.460802e-03   8.749957e-03   
  1     1.453161e-03   8.717155e-03   8.749957e-04   2         2         1         0         149340    58                123024            568               540               
  2     1.255654e-03   7.854818e-03   2.408510e-02   3         3         1         0         153190    64                124947            569               540               
  3     1.087020e-03   7.073396e-03   2.332103e-02   4         4         1         0         157049    70                126879            570               540               
  4     9.425620e-04   6.361593e-03   2.280633e-02   5         5         1         0         160899    76                128802            571               540               
  5     8.194160e-04   5.715171e-03   2.228605e-02   6         6         1         0         164755    82                130731            572               540               
  6     7.147857e-04   5.129216e-03   2.175817e-02   7         7         1         0         168620    88                132669            573               540               
  7     6.261009e-04   4.598742e-03   2.122241e-02   8         8         1         0         172494    94                134616            574               540               
  8     5.510603e-04   4.118912e-03   2.068238e-02   9         9         1         0         176344    100               136539            575               540               
  9     4.876368e-04   3.685145e-03   2.014399e-02   10        10        1         0         179271    105               137859            576               540               
  10    4.340653e-04   3.293166e-03   1.961398e-02   11        11        1         0         182204    110               139185            577               540               
  11    3.888219e-04   2.939032e-03   1.909900e-02   12        12        1         0         185146    115               140520            578               540               
  12    3.505999e-04   2.619129e-03   1.860519e-02   13        13        1         0         188094    120               141861            579               540               
  13    3.182840e-04   2.330165e-03   1.813813e-02   14        14        1         0         191045    125               143205            580               540               
  14    2.909267e-04   2.069142e-03   1.770302e-02   15        15        1         0         194005    130               144558            581               540               
  15    2.677248e-04   1.833345e-03   1.730487e-02   16        16        1         0         196968    135               145914            582               540               
  16    2.479996e-04   1.620308e-03   1.694871e-02   17        17        1         0         199943    140               147282            583               540               
  17    2.311786e-04   1.427808e-03   1.663969e-02   18        18        1         0         202921    145               148653            584               540               
  18    2.167799e-04   1.253839e-03   1.638317e-02   19        19        1         0         205905    150               150030            585               540               
  19    2.043981e-04   1.096606e-03   1.618474e-02   20        20        1         0         208889    155               151407            586               540               
  20    1.936933e-04   9.545153e-04   1.605018e-02   21        21        1         0         211873    160               152784            587               540               
  21    1.843805e-04   8.261785e-04   1.598544e-02   22        22        1         0         214863    165               154167            588               540               
  22    1.762210e-04   7.104150e-04   1.599657e-02   23        23        1         0         217865    170               155562            589               540               
  23    1.690151e-04   6.062726e-04   1.608969e-02   24        24        1         0         220873    175               156963            590               540               
  24    1.625959e-04   5.130598e-04   1.627089e-02   25        25        1         0         223881    180               158364            591               540               
  25    1.568240e-04   4.304042e-04   1.654611e-02   26        26        1         0         226895    185               159771            592               540               
  26    1.515827e-04   3.583424e-04   1.692104e-02   27        27        1         0         229903    190               161172            593               540               
  27    1.467746e-04   2.974392e-04   1.740102e-02   28        28        1         0         232875    195               162537            594               540               
  28    1.423182e-04   2.488708e-04   1.799092e-02   29        29        1         0         235835    200               163890            595               540               
  29    1.381448e-04   2.142215e-04   1.869552e-02   30        30        1         0         238792    205               165240            596               540               
  30    1.341966e-04   1.945449e-04   1.952050e-02   31        31        1         0         241749    210               166590            597               540               
  31    1.304236e-04   1.887971e-04   2.047534e-02   32        32        1         0         244715    215               167949            598               540               
  32    1.267805e-04   1.932829e-04   2.158012e-02   33        33        1         0         247684    220               169311            599               540               
  33    1.232224e-04   2.031182e-04   2.288135e-02   34        34        1         0         250674    225               170694            600               540               
  34    1.196961e-04   2.139675e-04   2.448916e-02   35        35        1         0         253658    230               172071            601               540               
  35    1.161250e-04   2.226571e-04   2.666807e-02   36        36        1         0         256681    235               173487            602               540               
  36    1.123760e-04   2.272504e-04   3.006501e-02   37        37        1         0         259662    240               174861            603               540               
  37    1.082115e-04   2.265519e-04   3.613824e-02   38        38        1         0         262652    245               176244            604               540               
  38    1.036211e-04   3.138905e-04   5.393656e-02   39        39        1         0         265570    250               177555            605               540               
  39    9.974748e-05   3.007060e-04   3.970336e-02   40        40        1         0         268599    255               178977            606               540               
  40    9.591246e-05   2.849684e-04   4.234836e-02   41        41        1         0         271628    260               180399            607               540               
  41    9.178601e-05   2.650519e-04   4.989653e-02   42        42        1         0         274645    265               181809            608               540               
  42    8.735764e-05   2.709556e-04   6.083632e-02   43        43        1         0         277608    270               183165            609               540               
  43    8.308910e-05   2.446693e-04   6.213161e-02   44        44        1         0         280640    275               184590            610               540               
  44    7.975529e-05   2.237885e-04   5.479135e-02   45        45        1         0         283648    280               185991            611               540               
  45    7.640490e-05   2.098171e-04   5.958230e-02   46        46        1         0         286626    285               187362            612               540               
  46    7.356278e-05   1.838242e-04   5.553424e-02   47        47        1         0         289640    290               188769            613               540               
  47    7.130084e-05   1.698515e-04   4.826335e-02   48        48        1         0         292684    295               190206            614               540               
  48    6.921396e-05   1.543211e-04   4.812894e-02   49        49        1         0         295668    300               191583            615               540               
  49    6.698082e-05   1.338109e-04   5.576698e-02   50        50        1         0         298685    305               192993            616               540               
  50    6.537348e-05   1.221160e-04   4.446722e-02   51        51        1         0         301720    310               194421            617               540               
  51    6.401406e-05   1.079456e-04   3.993983e-02   52        52        1         0         304761    315               195855            618               540               
  52    6.283550e-05   9.866376e-05   3.739574e-02   53        53        1         0         307808    320               197295            619               540               
  53    6.178096e-05   8.724009e-05   3.517426e-02   54        54        1         0         310861    325               198741            620               540               
  54    6.082798e-05   7.937788e-05   3.421932e-02   55        55        1         0         313914    330               200187            621               540               
  55    5.995383e-05   6.939891e-05   3.298250e-02   56        56        1         0         316967    335               201633            622               540               
  56    5.914594e-05   6.225240e-05   3.288740e-02   57        57        1         0         320020    340               203079            623               540               
  57    5.839023e-05   5.403478e-05   3.250782e-02   58        58        1         0         323073    345               204525            624               540               
  58    5.765379e-05   4.705064e-05   3.423048e-02   59        59        1         0         326150    350               205995            625               540               
  59    5.690633e-05   4.097819e-05   3.790726e-02   60        60        1         0         329191    355               207429            626               540               
  60    5.623347e-05   3.431979e-05   3.649116e-02   61        61        1         0         332262    360               208893            627               540               
  61    5.567851e-05   3.066954e-05   3.257634e-02   62        62        1         0         335318    365               210342            628               540               
  62    5.512449e-05   2.847818e-05   3.384775e-02   63        63        1         0         338389    370               211806            629               540               
  63    5.453768e-05   2.795394e-05   3.770091e-02   64        64        1         0         341415    375               213225            630               540               
  64    5.392753e-05   2.875808e-05   4.103323e-02   65        65        1         0         344480    380               214683            631               540               
  65    5.325320e-05   3.678939e-05   4.722793e-02   66        66        1         0         347521    385               216117            632               540               
  66    5.259885e-05   4.213170e-05   4.804728e-02   67        67        1         0         350556    390               217545            633               540               
  67    5.189391e-05   4.643938e-05   5.317085e-02   68        68        1         0         353627    395               219009            634               540               
  68    5.108837e-05   5.479047e-05   6.196138e-02   69        69        1         0         356653    400               220428            635               540               
  69    5.018318e-05   5.891582e-05   7.157429e-02   70        70        1         0         359700    405               221868            636               540               
  70    4.915365e-05   7.401380e-05   8.314022e-02   71        71        1         0         362783    410               223344            637               540               
  71    4.806931e-05   7.994446e-05   9.045003e-02   72        72        1         0         365839    415               224793            638               540               
  72    4.690107e-05   8.674339e-05   9.863153e-02   73        73        1         0         368871    420               226218            639               540               
  73    4.560191e-05   9.095488e-05   1.119434e-01   74        74        1         0         371876    425               227616            640               540               
  74    4.418620e-05   9.831927e-05   1.245643e-01   75        75        1         0         374914    430               229047            641               540               
  75    4.275360e-05   1.009788e-04   1.301520e-01   76        76        1         0         377955    435               230481            642               540               
  76    4.130549e-05   1.050414e-04   1.340685e-01   77        77        1         0         380975    440               231894            643               540               
  77    3.985595e-05   1.065414e-04   1.379800e-01   78        78        1         0         384013    445               233325            644               540               
  78    3.843550e-05   1.047813e-04   1.382095e-01   79        79        1         0         387057    450               234762            645               540               
  79    3.705982e-05   1.065619e-04   1.380649e-01   80        80        1         0         390098    455               236196            646               540               
  80    3.576297e-05   9.979878e-05   1.335891e-01   81        81        1         0         393151    460               237642            647               540               
  81    3.459373e-05   9.920621e-05   1.243010e-01   82        82        1         0         396222    465               239106            648               540               
  82    3.350150e-05   8.791741e-05   1.178829e-01   83        83        1         0         399260    470               240537            649               540               
  83    3.255267e-05   8.463645e-05   1.059756e-01   84        84        1         0         402358    475               242028            650               540               
  84    3.170199e-05   7.793377e-05   9.536706e-02   85        85        1         0         405402    480               243465            651               540               
  85    3.092965e-05   7.439371e-05   8.935307e-02   86        86        1         0         408497    485               244953            652               540               
  86    3.023956e-05   6.561934e-05   8.238181e-02   87        87        1         0         411547    490               246396            653               540               
  87    2.967159e-05   6.148620e-05   7.084859e-02   88        88        1         0         414639    495               247881            654               540               
  88    2.918956e-05   5.492339e-05   6.194536e-02   89        89        1         0         417725    500               249360            655               540               
  89    2.877312e-05   5.136999e-05   5.584361e-02   90        90        1         0         420814    505               250842            656               540               
  90    2.842110e-05   4.442968e-05   4.913697e-02   91        91        1         0         423897    510               252318            657               540               
  91    2.813635e-05   4.119452e-05   4.163837e-02   92        92        1         0         427010    515               253824            658               540               
  92    2.789894e-05   3.591788e-05   3.606870e-02   93        93        1         0         430096    520               255303            659               540               
  93    2.769866e-05   3.317837e-05   3.192456e-02   94        94        1         0         433209    525               256809            660               540               
  94    2.753063e-05   2.856988e-05   2.801793e-02   95        95        1         0         436307    530               258300            661               540               
  95    2.739051e-05   2.606237e-05   2.469220e-02   96        96        1         0         439432    535               259818            662               540               
  96    2.727406e-05   2.269042e-05   2.160634e-02   97        97        1         0         442545    540               261324            663               540               
  97    2.717611e-05   2.046550e-05   1.926934e-02   98        98        1         0         445682    545               262854            664               540               
  98    2.709356e-05   1.778197e-05   1.720402e-02   99        99        1         0         448801    550               264366            665               540               
  99    2.702332e-05   1.582102e-05   1.558656e-02   100       100       1         0         451950    555               265908            666               540               
  100   2.696317e-05   1.363270e-05   1.421119e-02   101       101       1         0         455072    560               267423            667               540               
  101   2.691105e-05   1.190545e-05   1.315920e-02   102       102       1         0         458233    565               268977            668               540               
  102   2.686544e-05   1.009461e-05   1.230190e-02   103       103       1         0         461355    570               270492            669               540               
  103   2.682493e-05   8.583208e-06   1.169865e-02   104       104       1         0         464528    575               272058            670               540               
Optimization Terminated with Status: Converged
 Done target optimization...
 Resetting problem to initial conditions and target previous FFD points 
 and aim for machine precision functional value....
The process took 1265.81 seconds to run.
********************************************************
Biros and Ghattas Full-space method...with P2A preconditioner
Using 16020 design variables: 16000 simulation variables and 20 control variables.
Line Search: Backtracking satisfying Null Curvature Condition
********************************************************
Iteration         Func. val.        ||Lagr. grad.||   ||Constraint||    ||Search dir||    search_ctl_norm   search_sim_norm   search_adj_norm   n_kkt_iter        n_linesearches    n_grad            n_vmult           dRdW_form         dRdW_mult         dRdX_mult         d2R_mult          
1                 7.1714e-06        0.0041809         0.0156453         8.41948           3.54887           4.57783           6.11037           289               1                 0                 19140             2                 2218              1166              1160              
2                 2.33718e-07       0.000208421       0.000394807       1.2192            0.772065          0.37002           0.868013          245               1                 0                 34750             3                 3697              2155              2144              
3                 2.78993e-10       2.755e-05         1.76179e-05       1.1355            1.09762           0.0880023         0.277236          268               1                 0                 51786             4                 5314              3236              3220              
4                 2.63754e-13       2.01063e-08       9.64556e-09       0.0549032         0.0538256         0.00265962        0.0104927         272               1                 0                 69070             5                 6955              4333              4312              
5                 3.71981e-14       6.32687e-12       6.29141e-12       0.0266938         0.0266938         5.23417e-05       1.20706e-05       296               1                 0                 87842             6                 8740              5526              5500              
Optimization Terminated with Status: Converged
The process took 764.701 seconds to run.
Total n_vmult for algorithm 87842
