Starting optimization with 40...
Optimizing FFD points to obtain target Gaussian bump...

Quasi-Newton Method with Limited-Memory BFGS
Line Search: Backtracking satisfying Null Curvature Condition
  iter  value          gnorm          snorm          #fval     #grad     ls_#fval  ls_#grad  n_vmult   dRdW_form         dRdW_mult         dRdX_mult         d2R_mult          
  0     1.460802e-03   7.440529e-03   
  1     1.455273e-03   7.422925e-03   7.440529e-04   2         2         1         0         101833    75                74886             145               276               
  2     1.229715e-03   6.689361e-03   3.222584e-02   3         3         1         0         105638    81                76764             146               276               
  3     1.038612e-03   6.027382e-03   3.081839e-02   4         4         1         0         109446    87                78645             147               276               
  4     8.757571e-04   5.425209e-03   2.981081e-02   5         5         1         0         113224    93                80496             148               276               
  5     7.377585e-04   4.879172e-03   2.877196e-02   6         6         1         0         117032    99                82377             149               276               
  6     6.213326e-04   4.385065e-03   2.769636e-02   7         7         1         0         120852    105               84270             150               276               
  7     5.234494e-04   3.938574e-03   2.659043e-02   8         8         1         0         124681    111               86172             151               276               
  8     4.413827e-04   3.535484e-03   2.546862e-02   9         9         1         0         128492    117               88056             152               276               
  9     3.727257e-04   3.171788e-03   2.434773e-02   10        10        1         0         131392    122               89349             153               276               
  10    3.153820e-04   2.843756e-03   2.324366e-02   11        11        1         0         134289    127               90639             154               276               
  11    2.675454e-04   2.547952e-03   2.216991e-02   12        12        1         0         137186    132               91929             155               276               
  12    2.276723e-04   2.281237e-03   2.113715e-02   13        13        1         0         140089    137               93225             156               276               
  13    1.944518e-04   2.040761e-03   2.015328e-02   14        14        1         0         143007    142               94536             157               276               
  14    1.667766e-04   1.823937e-03   1.922382e-02   15        15        1         0         145931    147               95853             158               276               
  15    1.437153e-04   1.628429e-03   1.835239e-02   16        16        1         0         148858    152               97173             159               276               
  16    1.244870e-04   1.452124e-03   1.754110e-02   17        17        1         0         151794    157               98502             160               276               
  17    1.084390e-04   1.293118e-03   1.679099e-02   18        18        1         0         154739    162               99840             161               276               
  18    9.502688e-05   1.149691e-03   1.610229e-02   19        19        1         0         157690    167               101184            162               276               
  19    8.379784e-05   1.020294e-03   1.547475e-02   20        20        1         0         160650    172               102537            163               276               
  20    7.437558e-05   9.035343e-04   1.490775e-02   21        21        1         0         163616    177               103896            164               276               
  21    6.644802e-05   7.981583e-04   1.440054e-02   22        22        1         0         166585    182               105258            165               276               
  22    5.975659e-05   7.030435e-04   1.395234e-02   23        23        1         0         169557    187               106623            166               276               
  23    5.408731e-05   6.171863e-04   1.356244e-02   24        24        1         0         172535    192               107994            167               276               
  24    4.926315e-05   5.396940e-04   1.323033e-02   25        25        1         0         175513    197               109365            168               276               
  25    4.513777e-05   4.697783e-04   1.295576e-02   26        26        1         0         178473    202               110718            169               276               
  26    4.159018e-05   4.067504e-04   1.273885e-02   27        27        1         0         181457    207               112095            170               276               
  27    3.852031e-05   3.500193e-04   1.258014e-02   28        28        1         0         184423    212               113454            171               276               
  28    3.584536e-05   2.990935e-04   1.248074e-02   29        29        1         0         187410    217               114834            172               276               
  29    3.349670e-05   2.535877e-04   1.244238e-02   30        30        1         0         190400    222               116217            173               276               
  30    3.141733e-05   2.132369e-04   1.246760e-02   31        31        1         0         193423    227               117633            174               276               
  31    2.955977e-05   1.779212e-04   1.255988e-02   32        32        1         0         196425    232               119028            175               276               
  32    2.788428e-05   1.477009e-04   1.272395e-02   33        33        1         0         199427    237               120423            176               276               
  33    2.635738e-05   1.228509e-04   1.296622e-02   34        34        1         0         202420    242               121809            177               276               
  34    2.495057e-05   1.038412e-04   1.329547e-02   35        35        1         0         205413    247               123195            178               276               
  35    2.363921e-05   9.113370e-05   1.372405e-02   36        36        1         0         208433    252               124608            179               276               
  36    2.240151e-05   8.469452e-05   1.426986e-02   37        37        1         0         211432    257               126000            180               276               
  37    2.121747e-05   8.352516e-05   1.495962e-02   38        38        1         0         214446    262               127407            181               276               
  38    2.006785e-05   8.582953e-05   1.583442e-02   39        39        1         0         217487    267               128841            182               276               
  39    1.893294e-05   8.970148e-05   1.695835e-02   40        40        1         0         220492    272               130239            183               276               
  40    1.779128e-05   9.360439e-05   1.843120e-02   41        41        1         0         223530    277               131670            184               276               
  41    1.661865e-05   9.642767e-05   2.040133e-02   42        42        1         0         226541    282               133074            185               276               
  42    1.538912e-05   9.735580e-05   2.306082e-02   43        43        1         0         229576    287               134502            186               276               
  43    1.409643e-05   9.944809e-05   2.681453e-02   44        44        1         0         232629    292               135948            187               276               
  44    1.233650e-05   9.393030e-05   4.017851e-02   45        45        1         0         235637    297               137349            188               276               
  45    1.131899e-05   8.939262e-05   2.650138e-02   46        46        1         0         238699    302               138804            189               276               
  46    1.047584e-05   8.661843e-05   2.436903e-02   47        47        1         0         241722    307               140220            190               276               
  47    9.716955e-06   8.052121e-05   2.384811e-02   48        48        1         0         244787    312               141678            191               276               
  48    9.017480e-06   8.248889e-05   2.581259e-02   49        49        1         0         247828    317               143112            192               276               
  49    8.406965e-06   7.399020e-05   2.334762e-02   50        50        1         0         250905    322               144582            193               276               
  50    7.957461e-06   6.927431e-05   1.939725e-02   51        51        1         0         253988    327               146058            194               276               
  51    7.493741e-06   6.634174e-05   2.228345e-02   52        52        1         0         257041    332               147504            195               276               
  52    7.102821e-06   5.873160e-05   1.988115e-02   53        53        1         0         260121    337               148977            196               276               
  53    6.795643e-06   5.371558e-05   1.741235e-02   54        54        1         0         263249    342               150498            197               276               
  54    6.473957e-06   4.917686e-05   1.952578e-02   55        55        1         0         266275    347               151917            198               276               
  55    6.167912e-06   4.156803e-05   2.014469e-02   56        56        1         0         269391    352               153426            199               276               
  56    5.928688e-06   3.709471e-05   1.749750e-02   57        57        1         0         272468    357               154896            200               276               
  57    5.680722e-06   3.229750e-05   1.931865e-02   58        58        1         0         275560    362               156381            201               276               
  58    5.456605e-06   2.650020e-05   1.880002e-02   59        59        1         0         278661    367               157875            202               276               
  59    5.270522e-06   2.351514e-05   1.688875e-02   60        60        1         0         281780    372               159387            203               276               
  60    5.080886e-06   1.946450e-05   1.746781e-02   61        61        1         0         284875    377               160875            204               276               
  61    4.891960e-06   1.761362e-05   1.881282e-02   62        62        1         0         287985    382               162378            205               276               
  62    4.702150e-06   1.677085e-05   1.926557e-02   63        63        1         0         291098    387               163884            206               276               
  63    4.505553e-06   1.652431e-05   2.138736e-02   64        64        1         0         294232    392               165411            207               276               
  64    4.301626e-06   1.828161e-05   2.398756e-02   65        65        1         0         297324    397               166896            208               276               
  65    4.125640e-06   1.939307e-05   2.150660e-02   66        66        1         0         300455    402               168420            209               276               
  66    3.978366e-06   2.054388e-05   1.906345e-02   67        67        1         0         303556    407               169914            210               276               
  67    3.824002e-06   2.288313e-05   2.006580e-02   68        68        1         0         306705    412               171456            211               276               
  68    3.657887e-06   2.352676e-05   2.287297e-02   69        69        1         0         309779    417               172923            212               276               
  69    3.510158e-06   2.397711e-05   2.202223e-02   70        70        1         0         312883    422               174420            213               276               
  70    3.385334e-06   2.449901e-05   1.891066e-02   71        71        1         0         315978    427               175908            214               276               
  71    3.278194e-06   2.371078e-05   1.695708e-02   72        72        1         0         319097    432               177420            215               276               
  72    3.174101e-06   2.401003e-05   1.639972e-02   73        73        1         0         322207    437               178923            216               276               
  73    3.077892e-06   2.224876e-05   1.589214e-02   74        74        1         0         325326    442               180435            217               276               
  74    2.990536e-06   2.211956e-05   1.494658e-02   75        75        1         0         328427    447               181929            218               276               
  75    2.890314e-06   1.916255e-05   1.958002e-02   76        76        1         0         331540    452               183435            219               276               
  76    2.826628e-06   1.784438e-05   1.251589e-02   77        77        1         0         334677    457               184965            220               276               
  77    2.768152e-06   1.659899e-05   1.189841e-02   78        78        1         0         337805    462               186486            221               276               
  78    2.693913e-06   1.537905e-05   1.631475e-02   79        79        1         0         340885    467               187959            222               276               
  79    2.640258e-06   1.369153e-05   1.240757e-02   80        80        1         0         344049    472               189516            223               276               
  80    2.594947e-06   1.240691e-05   1.106516e-02   81        81        1         0         347231    477               191091            224               276               
  81    2.548366e-06   1.110543e-05   1.171467e-02   82        82        1         0         350311    482               192564            225               276               
  82    2.499916e-06   9.521038e-06   1.294484e-02   83        83        1         0         353502    487               194148            226               276               
Optimization Terminated with Status: Converged
 Done target optimization...
 Resetting problem to initial conditions and target previous FFD points 
 and aim for machine precision functional value....
The process took 1009.95 seconds to run.
********************************************************
Biros and Ghattas Full-space method...with P2 preconditioner
Using 16040 design variables: 16000 simulation variables and 40 control variables.
Line Search: Backtracking satisfying Null Curvature Condition
********************************************************
Iteration         Func. val.        ||Lagr. grad.||   ||Constraint||    ||Search dir||    search_ctl_norm   search_sim_norm   search_adj_norm   n_kkt_iter        n_linesearches    n_grad            n_vmult           dRdW_form         dRdW_mult         dRdX_mult         d2R_mult          
1                 7.37001e-06       0.00475258        0.0181322         10.4856           7.16308           4.66549           6.07211           40                1                 0                 39398             2                 36420             170               164               
2                 4.61237e-07       0.000188721       0.000467258       3.28318           3.13936           0.39313           0.877018          32                1                 0                 68959             3                 63778             307               296               
3                 4.03593e-10       2.74218e-05       3.56534e-05       3.94765           3.9395            0.120402          0.223071          36                1                 0                 102097            4                 94489             460               444               
4                 1.58455e-12       2.66539e-08       1.33473e-08       0.054321          0.0524253         0.00329013        0.0138393         38                1                 0                 137139            5                 126992            621               600               
5                 5.32137e-15       1.94186e-11       5.19312e-11       0.1068            0.106799          0.000188746       0.000106172       42                1                 0                 175563            6                 162653            798               772               
Optimization Terminated with Status: Converged
The process took 1364.98 seconds to run.
Total n_vmult for algorithm 175563
