Starting optimization with 40...
Optimizing FFD points to obtain target Gaussian bump...

Quasi-Newton Method with Limited-Memory BFGS
Line Search: Backtracking satisfying Null Curvature Condition
  iter  value          gnorm          snorm          #fval     #grad     ls_#fval  ls_#grad  n_vmult   dRdW_form         dRdW_mult         dRdX_mult         d2R_mult          
  0     1.460802e-03   7.440529e-03   
  1     1.455273e-03   7.422925e-03   7.440529e-04   2         2         1         0         187467    58                27801             6908              13740             
  2     1.229715e-03   6.689361e-03   3.222584e-02   3         3         1         0         191272    64                29679             6909              13740             
  3     1.038612e-03   6.027382e-03   3.081839e-02   4         4         1         0         195080    70                31560             6910              13740             
  4     8.757571e-04   5.425209e-03   2.981081e-02   5         5         1         0         198858    76                33411             6911              13740             
  5     7.377585e-04   4.879172e-03   2.877196e-02   6         6         1         0         202666    82                35292             6912              13740             
  6     6.213326e-04   4.385065e-03   2.769636e-02   7         7         1         0         206486    88                37185             6913              13740             
  7     5.234494e-04   3.938574e-03   2.659043e-02   8         8         1         0         210315    94                39087             6914              13740             
  8     4.413827e-04   3.535484e-03   2.546862e-02   9         9         1         0         214126    100               40971             6915              13740             
  9     3.727257e-04   3.171788e-03   2.434773e-02   10        10        1         0         217026    105               42264             6916              13740             
  10    3.153820e-04   2.843756e-03   2.324366e-02   11        11        1         0         219923    110               43554             6917              13740             
  11    2.675454e-04   2.547952e-03   2.216991e-02   12        12        1         0         222820    115               44844             6918              13740             
  12    2.276723e-04   2.281237e-03   2.113715e-02   13        13        1         0         225723    120               46140             6919              13740             
  13    1.944518e-04   2.040761e-03   2.015328e-02   14        14        1         0         228641    125               47451             6920              13740             
  14    1.667766e-04   1.823937e-03   1.922382e-02   15        15        1         0         231565    130               48768             6921              13740             
  15    1.437153e-04   1.628429e-03   1.835239e-02   16        16        1         0         234492    135               50088             6922              13740             
  16    1.244870e-04   1.452124e-03   1.754110e-02   17        17        1         0         237428    140               51417             6923              13740             
  17    1.084390e-04   1.293118e-03   1.679099e-02   18        18        1         0         240373    145               52755             6924              13740             
  18    9.502688e-05   1.149691e-03   1.610229e-02   19        19        1         0         243324    150               54099             6925              13740             
  19    8.379784e-05   1.020294e-03   1.547475e-02   20        20        1         0         246284    155               55452             6926              13740             
  20    7.437558e-05   9.035343e-04   1.490775e-02   21        21        1         0         249250    160               56811             6927              13740             
  21    6.644802e-05   7.981583e-04   1.440054e-02   22        22        1         0         252219    165               58173             6928              13740             
  22    5.975659e-05   7.030435e-04   1.395234e-02   23        23        1         0         255191    170               59538             6929              13740             
  23    5.408731e-05   6.171863e-04   1.356244e-02   24        24        1         0         258169    175               60909             6930              13740             
  24    4.926315e-05   5.396940e-04   1.323033e-02   25        25        1         0         261147    180               62280             6931              13740             
  25    4.513777e-05   4.697783e-04   1.295576e-02   26        26        1         0         264107    185               63633             6932              13740             
  26    4.159018e-05   4.067504e-04   1.273885e-02   27        27        1         0         267091    190               65010             6933              13740             
  27    3.852031e-05   3.500193e-04   1.258014e-02   28        28        1         0         270057    195               66369             6934              13740             
  28    3.584536e-05   2.990935e-04   1.248074e-02   29        29        1         0         273044    200               67749             6935              13740             
  29    3.349670e-05   2.535877e-04   1.244238e-02   30        30        1         0         276034    205               69132             6936              13740             
  30    3.141733e-05   2.132369e-04   1.246760e-02   31        31        1         0         279057    210               70548             6937              13740             
  31    2.955977e-05   1.779212e-04   1.255988e-02   32        32        1         0         282059    215               71943             6938              13740             
  32    2.788428e-05   1.477009e-04   1.272395e-02   33        33        1         0         285061    220               73338             6939              13740             
  33    2.635738e-05   1.228509e-04   1.296622e-02   34        34        1         0         288054    225               74724             6940              13740             
  34    2.495057e-05   1.038412e-04   1.329547e-02   35        35        1         0         291047    230               76110             6941              13740             
  35    2.363921e-05   9.113370e-05   1.372405e-02   36        36        1         0         294067    235               77523             6942              13740             
  36    2.240151e-05   8.469452e-05   1.426986e-02   37        37        1         0         297066    240               78915             6943              13740             
  37    2.121747e-05   8.352516e-05   1.495962e-02   38        38        1         0         300080    245               80322             6944              13740             
  38    2.006785e-05   8.582953e-05   1.583442e-02   39        39        1         0         303121    250               81756             6945              13740             
  39    1.893294e-05   8.970148e-05   1.695835e-02   40        40        1         0         306126    255               83154             6946              13740             
  40    1.779128e-05   9.360439e-05   1.843120e-02   41        41        1         0         309164    260               84585             6947              13740             
  41    1.661865e-05   9.642767e-05   2.040133e-02   42        42        1         0         312175    265               85989             6948              13740             
  42    1.538912e-05   9.735580e-05   2.306082e-02   43        43        1         0         315210    270               87417             6949              13740             
  43    1.409643e-05   9.944809e-05   2.681453e-02   44        44        1         0         318263    275               88863             6950              13740             
  44    1.233650e-05   9.393030e-05   4.017851e-02   45        45        1         0         321271    280               90264             6951              13740             
  45    1.131899e-05   8.939262e-05   2.650138e-02   46        46        1         0         324333    285               91719             6952              13740             
  46    1.047584e-05   8.661843e-05   2.436903e-02   47        47        1         0         327356    290               93135             6953              13740             
  47    9.716955e-06   8.052121e-05   2.384811e-02   48        48        1         0         330421    295               94593             6954              13740             
  48    9.017480e-06   8.248889e-05   2.581259e-02   49        49        1         0         333462    300               96027             6955              13740             
  49    8.406965e-06   7.399020e-05   2.334762e-02   50        50        1         0         336539    305               97497             6956              13740             
  50    7.957461e-06   6.927431e-05   1.939725e-02   51        51        1         0         339622    310               98973             6957              13740             
  51    7.493741e-06   6.634174e-05   2.228345e-02   52        52        1         0         342675    315               100419            6958              13740             
  52    7.102821e-06   5.873160e-05   1.988115e-02   53        53        1         0         345755    320               101892            6959              13740             
  53    6.795643e-06   5.371558e-05   1.741235e-02   54        54        1         0         348883    325               103413            6960              13740             
  54    6.473957e-06   4.917686e-05   1.952578e-02   55        55        1         0         351909    330               104832            6961              13740             
  55    6.167912e-06   4.156803e-05   2.014469e-02   56        56        1         0         355025    335               106341            6962              13740             
  56    5.928688e-06   3.709471e-05   1.749750e-02   57        57        1         0         358102    340               107811            6963              13740             
  57    5.680722e-06   3.229750e-05   1.931865e-02   58        58        1         0         361194    345               109296            6964              13740             
  58    5.456605e-06   2.650020e-05   1.880002e-02   59        59        1         0         364295    350               110790            6965              13740             
  59    5.270522e-06   2.351514e-05   1.688875e-02   60        60        1         0         367414    355               112302            6966              13740             
  60    5.080886e-06   1.946450e-05   1.746781e-02   61        61        1         0         370509    360               113790            6967              13740             
  61    4.891960e-06   1.761362e-05   1.881282e-02   62        62        1         0         373619    365               115293            6968              13740             
  62    4.702150e-06   1.677085e-05   1.926557e-02   63        63        1         0         376732    370               116799            6969              13740             
  63    4.505553e-06   1.652431e-05   2.138736e-02   64        64        1         0         379866    375               118326            6970              13740             
  64    4.301626e-06   1.828161e-05   2.398756e-02   65        65        1         0         382958    380               119811            6971              13740             
  65    4.125640e-06   1.939307e-05   2.150660e-02   66        66        1         0         386089    385               121335            6972              13740             
  66    3.978366e-06   2.054388e-05   1.906345e-02   67        67        1         0         389190    390               122829            6973              13740             
  67    3.824002e-06   2.288313e-05   2.006580e-02   68        68        1         0         392339    395               124371            6974              13740             
  68    3.657887e-06   2.352676e-05   2.287297e-02   69        69        1         0         395413    400               125838            6975              13740             
  69    3.510158e-06   2.397711e-05   2.202223e-02   70        70        1         0         398517    405               127335            6976              13740             
  70    3.385334e-06   2.449901e-05   1.891066e-02   71        71        1         0         401612    410               128823            6977              13740             
  71    3.278194e-06   2.371078e-05   1.695708e-02   72        72        1         0         404731    415               130335            6978              13740             
  72    3.174101e-06   2.401003e-05   1.639972e-02   73        73        1         0         407841    420               131838            6979              13740             
  73    3.077892e-06   2.224876e-05   1.589214e-02   74        74        1         0         410960    425               133350            6980              13740             
  74    2.990536e-06   2.211956e-05   1.494658e-02   75        75        1         0         414061    430               134844            6981              13740             
  75    2.890314e-06   1.916255e-05   1.958002e-02   76        76        1         0         417174    435               136350            6982              13740             
  76    2.826628e-06   1.784438e-05   1.251589e-02   77        77        1         0         420311    440               137880            6983              13740             
  77    2.768152e-06   1.659899e-05   1.189841e-02   78        78        1         0         423439    445               139401            6984              13740             
  78    2.693913e-06   1.537905e-05   1.631475e-02   79        79        1         0         426519    450               140874            6985              13740             
  79    2.640258e-06   1.369153e-05   1.240757e-02   80        80        1         0         429683    455               142431            6986              13740             
  80    2.594947e-06   1.240691e-05   1.106516e-02   81        81        1         0         432865    460               144006            6987              13740             
  81    2.548366e-06   1.110543e-05   1.171467e-02   82        82        1         0         435945    465               145479            6988              13740             
  82    2.499916e-06   9.521038e-06   1.294484e-02   83        83        1         0         439136    470               147063            6989              13740             
Optimization Terminated with Status: Converged
 Done target optimization...
 Resetting problem to initial conditions and target previous FFD points 
 and aim for machine precision functional value....
The process took 1011.78 seconds to run.
Starting optimization with 40...

Quasi-Newton Method with Limited-Memory BFGS
Line Search: Backtracking satisfying Null Curvature Condition
-------------------------------------------------------------------------------------------------------------
Quasi-Newton Method status output definitions

  iter     - Number of iterates (steps taken) 
  value    - Objective function value 
  gnorm    - Norm of the gradient
  snorm    - Norm of the step (update to optimization vector)
  #fval    - Cumulative number of times the objective function was evaluated
  #grad    - Number of times the gradient was computed
-------------------------------------------------------------------------------------------------------------
  iter  value          gnorm          snorm          #fval     #grad     ls_#fval  ls_#grad  n_vmult   dRdW_form         dRdW_mult         dRdX_mult         d2R_mult          
  0     1.456313e-03   7.432716e-03   
  1     1.401720e-03   7.257314e-03   7.432716e-03   2         2         1         0         3818      6                 1884              2                 0                 
  2     1.691172e-04   1.048761e-03   3.160742e-01   3         3         1         0         7242      12                3381              3                 0                 
  3     1.212455e-04   6.534238e-04   6.340052e-02   4         4         1         0         10966     18                5178              4                 0                 
  4     8.341487e-05   5.402240e-04   8.850980e-02   5         5         1         0         14630     24                6915              5                 0                 
  5     5.536980e-05   3.719525e-04   1.015328e-01   6         6         1         0         18414     30                8772              6                 0                 
  6     3.639876e-05   2.798332e-04   1.212062e-01   7         7         1         0         22192     36                10623             7                 0                 
  7     3.132202e-05   3.211102e-04   6.749049e-02   9         8         2         0         29001     47                13905             8                 0                 
  8     2.639081e-05   1.720015e-04   4.035435e-02   10        9         1         0         31928     52                15225             9                 0                 
  9     2.281994e-05   1.534823e-04   4.323428e-02   11        10        1         0         34846     57                16536             10                0                 
  10    1.827597e-05   1.495707e-04   7.022711e-02   12        11        1         0         37758     62                17841             11                0                 
  11    1.448957e-05   2.011518e-04   1.003536e-01   13        12        1         0         40685     67                19161             12                0                 
  12    1.380056e-05   2.282601e-04   8.264770e-02   14        13        1         0         44466     73                21015             13                0                 
  13    1.180108e-05   8.064567e-05   3.642168e-02   15        14        1         0         47384     78                22326             14                0                 
  14    1.102176e-05   7.362924e-05   1.325069e-02   16        15        1         0         50380     83                23715             15                0                 
  15    8.584991e-06   1.278424e-04   6.240209e-02   17        16        1         0         53307     88                25035             16                0                 
  16    6.273695e-06   1.319850e-04   9.279391e-02   18        17        1         0         56282     93                26403             17                0                 
  17    5.015753e-06   1.260913e-04   1.113768e-01   19        18        1         0         59215     98                27729             18                0                 
  18    4.211248e-06   4.279382e-05   4.162416e-02   20        19        1         0         62211     103               29118             19                0                 
  19    4.002256e-06   3.649025e-05   1.361862e-02   21        20        1         0         65291     108               30591             20                0                 
  20    3.526689e-06   5.360644e-05   2.881221e-02   22        21        1         0         68287     113               31980             21                0                 
  21    2.637892e-06   8.360413e-05   7.148578e-02   23        22        1         0         71277     118               33363             22                0                 
  22    1.342495e-06   9.231201e-05   1.393232e-01   24        23        1         0         74261     123               34740             23                0                 
  23    3.470009e-07   4.635866e-05   1.477358e-01   25        24        1         0         77200     128               36072             24                0                 
  24    2.844667e-07   3.958298e-05   4.171470e-02   26        25        1         0         80175     133               37440             25                0                 
  25    1.872601e-07   2.683633e-06   1.038639e-02   27        26        1         0         83201     138               38859             26                0                 
  26    1.856364e-07   1.712778e-06   4.771829e-03   28        27        1         0         86413     143               40464             27                0                 
  27    1.840117e-07   1.877786e-06   1.831380e-03   29        28        1         0         89679     148               42123             28                0                 
  28    1.746859e-07   4.984113e-06   1.022119e-02   30        29        1         0         92840     153               43677             29                0                 
  29    1.592391e-07   8.714368e-06   1.724177e-02   31        30        1         0         96019     158               45249             30                0                 
  30    1.251023e-07   1.491386e-05   4.588019e-02   32        31        1         0         99126     163               46749             31                0                 
  31    7.684694e-08   1.612292e-05   6.931924e-02   33        32        1         0         102224    168               48240             32                0                 
  32    2.829266e-08   1.336740e-05   7.740243e-02   34        33        1         0         105325    173               49734             33                0                 
  33    6.049357e-09   6.047058e-06   3.107087e-02   35        34        1         0         108399    178               51201             34                0                 
  34    2.280170e-09   1.148328e-06   1.606293e-02   36        35        1         0         111608    183               52803             35                0                 
  35    2.023769e-09   9.634400e-07   2.882899e-03   37        36        1         0         114889    188               54477             36                0                 
  36    1.437513e-09   1.244854e-06   2.103924e-03   38        37        1         0         118086    193               56067             37                0                 
  37    1.168166e-09   1.401941e-06   2.526198e-03   39        38        1         0         121310    198               57684             38                0                 
  38    9.766323e-10   4.391429e-07   1.404841e-03   40        39        1         0         124573    203               59340             39                0                 
  39    9.286371e-10   3.112141e-07   9.848853e-04   41        40        1         0         127908    208               61068             40                0                 
  40    8.771894e-10   2.897871e-07   4.728483e-04   42        41        1         0         131156    213               62709             41                0                 
  41    7.966790e-10   3.275556e-07   5.760915e-04   43        42        1         0         133442    217               63708             42                0                 
  42    6.695812e-10   3.248134e-07   1.194221e-03   44        43        1         0         135749    221               64728             43                0                 
  43    6.682463e-10   4.977766e-07   4.154972e-04   47        44        3         0         143615    234               68427             44                0                 
  44    6.196553e-10   1.303223e-07   5.066359e-04   48        45        1         0         146908    239               70113             45                0                 
  45    6.136995e-10   5.704285e-08   2.188329e-04   49        46        1         0         149296    243               71214             46                0                 
  46    6.110145e-10   5.751495e-08   9.165449e-05   50        47        1         0         151702    247               72333             47                0                 
  47    6.051565e-10   9.549586e-08   1.848557e-04   51        48        1         0         154093    251               73437             48                0                 
  48    5.906136e-10   1.759770e-07   4.958897e-04   52        49        1         0         156472    255               74529             49                0                 
  49    5.628092e-10   2.432673e-07   1.092336e-03   53        50        1         0         158803    259               75573             50                0                 
  50    5.400812e-10   6.662610e-07   1.913170e-03   54        51        1         0         162060    264               77223             51                0                 
  51    5.118897e-10   2.583943e-07   5.286963e-04   55        52        1         0         165416    269               78972             52                0                 
  52    4.980645e-10   7.473689e-08   5.242723e-04   56        53        1         0         168760    274               80709             53                0                 
  53    4.966698e-10   4.490582e-08   9.827694e-05   57        54        1         0         171151    278               81813             54                0                 
  54    4.954643e-10   4.455196e-08   5.967864e-05   58        55        1         0         173572    282               82947             55                0                 
  55    4.902791e-10   1.393949e-07   2.738162e-04   59        56        1         0         175954    286               84042             56                0                 
  56    4.808295e-10   2.650935e-07   5.362635e-04   60        57        1         0         178339    290               85140             57                0                 
  57    4.537423e-10   4.880984e-07   1.637775e-03   61        58        1         0         180709    294               86223             58                0                 
  58    3.943471e-10   7.654510e-07   3.807519e-03   62        59        1         0         183067    298               87294             59                0                 
  59    2.779265e-10   1.005407e-06   7.991106e-03   63        60        1         0         185392    302               88332             60                0                 
  60    1.286553e-10   9.239250e-07   1.123201e-02   64        61        1         0         187657    306               89310             61                0                 
  61    3.173331e-11   4.378251e-07   7.640159e-03   65        62        1         0         190920    311               90966             62                0                 
  62    9.685055e-12   6.858624e-08   5.609865e-04   66        63        1         0         194219    316               92658             63                0                 
  63    8.072032e-12   7.481211e-09   1.027261e-03   67        64        1         0         196628    320               93780             64                0                 
  64    8.014705e-12   8.174563e-09   2.500213e-04   68        65        1         0         199043    324               94908             65                0                 
  65    7.860500e-12   9.559416e-09   1.167775e-04   69        66        1         0         201494    328               96072             66                0                 
  66    6.671665e-12   3.926176e-08   6.387251e-04   70        67        1         0         203858    332               97149             67                0                 
  67    4.716300e-12   6.084174e-08   7.035844e-04   71        68        1         0         206264    336               98268             68                0                 
  68    1.929132e-12   4.910424e-08   9.722933e-04   72        69        1         0         208673    340               99390             69                0                 
  69    7.436865e-13   8.135279e-08   1.382639e-03   73        70        1         0         211082    344               100512            70                0                 
  70    1.702234e-13   1.020366e-08   3.023924e-04   74        71        1         0         213503    348               101646            71                0                 
  71    9.245855e-14   1.003852e-09   2.235018e-04   75        72        1         0         215954    352               102810            72                0                 
  72    8.925956e-14   1.449557e-10   6.335825e-05   76        73        1         0         218432    356               104001            73                0                 
Optimization Terminated with Status: Converged
The process took 838.19 seconds to run.
Total n_vmult for algorithm 218432
