Starting optimization with 80...
Optimizing FFD points to obtain target Gaussian bump...

Quasi-Newton Method with Limited-Memory BFGS
Line Search: Backtracking satisfying Null Curvature Condition
  iter  value          gnorm          snorm          #fval     #grad     ls_#fval  ls_#grad  n_vmult   dRdW_form         dRdW_mult         dRdX_mult         d2R_mult          
  0     1.460201e-03   6.441823e-03   
  1     1.456055e-03   6.431623e-03   6.441823e-04   2         2         1         0         226524    47                203140            1080              1052              
  2     1.205894e-03   5.795598e-03   4.106167e-02   3         3         1         0         229237    53                204766            1081              1052              
  3     9.981046e-04   5.225492e-03   3.809554e-02   4         4         1         0         231968    59                206410            1082              1052              
  4     8.242244e-04   4.709527e-03   3.566257e-02   5         5         1         0         234708    65                208063            1083              1052              
  5     6.793937e-04   4.243343e-03   3.324564e-02   6         6         1         0         237463    71                209731            1084              1052              
  6     5.591793e-04   3.822695e-03   3.088314e-02   7         7         1         0         240245    77                211426            1085              1052              
  7     4.596712e-04   3.443285e-03   2.859273e-02   8         8         1         0         243051    83                213145            1086              1052              
  8     3.774841e-04   3.101267e-03   2.640219e-02   9         9         1         0         245878    89                214885            1087              1052              
  9     3.097263e-04   2.792930e-03   2.432081e-02   10        10        1         0         248723    95                216643            1088              1052              
  10    2.539498e-04   2.515061e-03   2.236401e-02   11        11        1         0         251592    101               218425            1089              1052              
  11    2.080967e-04   2.264581e-03   2.053049e-02   12        12        1         0         253606    106               219532            1090              1052              
  12    1.704454e-04   2.038884e-03   1.882702e-02   13        13        1         0         255635    111               220654            1091              1052              
  13    1.395608e-04   1.835433e-03   1.724505e-02   14        14        1         0         257667    116               221779            1092              1052              
  14    1.142502e-04   1.652148e-03   1.578756e-02   15        15        1         0         259696    121               222901            1093              1052              
  15    9.352479e-05   1.486917e-03   1.444152e-02   16        16        1         0         261731    126               224029            1094              1052              
  16    7.656622e-05   1.338103e-03   1.320980e-02   17        17        1         0         263775    131               225166            1095              1052              
  17    6.269849e-05   1.203915e-03   1.207611e-02   18        18        1         0         265822    136               226306            1096              1052              
  18    5.136388e-05   1.083095e-03   1.104609e-02   19        19        1         0         267878    141               227455            1097              1052              
  19    4.210280e-05   9.740674e-04   1.010031e-02   20        20        1         0         269937    146               228607            1098              1052              
  20    3.453677e-05   8.759118e-04   9.249861e-03   21        21        1         0         272026    151               229789            1099              1052              
  21    2.835454e-05   7.871653e-04   8.471172e-03   22        22        1         0         274106    156               230962            1100              1052              
  22    2.330092e-05   7.072230e-04   7.781206e-03   23        23        1         0         276207    161               232156            1101              1052              
  23    1.916863e-05   6.347078e-04   7.146200e-03   24        24        1         0         278305    166               233347            1102              1052              
  24    1.579244e-05   5.694055e-04   6.577804e-03   25        25        1         0         280421    171               234556            1103              1052              
  25    1.304214e-05   5.102521e-04   6.028179e-03   26        26        1         0         282531    176               235759            1104              1052              
  26    1.081155e-05   4.573432e-04   5.514462e-03   27        27        1         0         284650    181               236971            1105              1052              
  27    9.008305e-06   4.098015e-04   5.021386e-03   28        28        1         0         286769    186               238183            1106              1052              
  28    7.550955e-06   3.674299e-04   4.582167e-03   29        29        1         0         288897    191               239404            1107              1052              
  29    6.371187e-06   3.293977e-04   4.186694e-03   30        30        1         0         291025    196               240625            1108              1052              
  30    5.413871e-06   2.953768e-04   3.842577e-03   31        31        1         0         293168    201               241861            1109              1052              
  31    4.635422e-06   2.647737e-04   3.535478e-03   32        32        1         0         295302    206               243088            1110              1052              
  32    4.001287e-06   2.373060e-04   3.264847e-03   33        33        1         0         297454    211               244333            1111              1052              
  33    3.483925e-06   2.125615e-04   3.022045e-03   34        34        1         0         299588    216               245560            1112              1052              
  34    3.061170e-06   1.903042e-04   2.806728e-03   35        35        1         0         301761    221               246826            1113              1052              
  35    2.714994e-06   1.702109e-04   2.615466e-03   36        36        1         0         303928    226               248086            1114              1052              
  36    2.430473e-06   1.520556e-04   2.451761e-03   37        37        1         0         306122    231               249373            1115              1052              
  37    2.195008e-06   1.354973e-04   2.319058e-03   38        38        1         0         308322    236               250666            1116              1052              
  38    1.998718e-06   1.203049e-04   2.214354e-03   39        39        1         0         310522    241               251959            1117              1052              
  39    1.836618e-06   1.064255e-04   2.093831e-03   40        40        1         0         312728    246               253258            1118              1052              
  40    1.706142e-06   9.412437e-05   1.931292e-03   41        41        1         0         314937    251               254560            1119              1052              
  41    1.601622e-06   8.330553e-05   1.774967e-03   42        42        1         0         317149    256               255865            1120              1052              
  42    1.516776e-06   7.371984e-05   1.654286e-03   43        43        1         0         319370    261               257179            1121              1052              
  43    1.447014e-06   6.514912e-05   1.562365e-03   44        44        1         0         321591    266               258493            1122              1052              
  44    1.389134e-06   5.744915e-05   1.489272e-03   45        45        1         0         323818    271               259813            1123              1052              
  45    1.340784e-06   5.051298e-05   1.429203e-03   46        46        1         0         326045    276               261133            1124              1052              
  46    1.300158e-06   4.425583e-05   1.379045e-03   47        47        1         0         328275    281               262456            1125              1052              
  47    1.265824e-06   3.860967e-05   1.337271e-03   48        48        1         0         330496    286               263770            1126              1052              
  48    1.236635e-06   3.351345e-05   1.302989e-03   49        49        1         0         332717    291               265084            1127              1052              
  49    1.211657e-06   2.891906e-05   1.275785e-03   50        50        1         0         334938    296               266398            1128              1052              
  50    1.190130e-06   2.478139e-05   1.255430e-03   51        51        1         0         337165    301               267718            1129              1052              
  51    1.171431e-06   2.106916e-05   1.241926e-03   52        52        1         0         339401    306               269047            1130              1052              
  52    1.155047e-06   1.775303e-05   1.235419e-03   53        53        1         0         341637    311               270376            1131              1052              
  53    1.140555e-06   1.482257e-05   1.236284e-03   54        54        1         0         343888    316               271720            1132              1052              
  54    1.127599e-06   1.227014e-05   1.245309e-03   55        55        1         0         346151    321               273076            1133              1052              
  55    1.115876e-06   1.012052e-05   1.264189e-03   56        56        1         0         348411    326               274429            1134              1052              
  56    1.105104e-06   8.404584e-06   1.297777e-03   57        57        1         0         350686    331               275797            1135              1052              
Optimization Terminated with Status: Converged
 Done target optimization...
 Resetting problem to initial conditions and target previous FFD points 
 and aim for machine precision functional value....
The process took 210.844 seconds to run.
********************************************************
Biros and Ghattas Full-space method...with P2A preconditioner
Using 9080 design variables: 9000 simulation variables and 80 control variables.
Line Search: Backtracking satisfying Null Curvature Condition
********************************************************
Iteration         Func. val.        ||Lagr. grad.||   ||Constraint||    ||Search dir||    search_ctl_norm   search_sim_norm   search_adj_norm   n_kkt_iter        n_linesearches    n_grad            n_vmult           dRdW_form         dRdW_mult         dRdX_mult         d2R_mult          
1                 6.6061e-06        0.00528695        0.0222522         16.4586           15.4024           3.51584           4.61393           497               1                 0                 31684             2                 3394              1998              1992              
2                 6.15609e-07       0.000216187       0.000516842       7.35635           7.321             0.287519          0.660487          312               1                 0                 51308             3                 5275              3255              3244              
3                 4.90548e-10       3.24429e-05       4.39034e-05       8.11611           8.11348           0.0838815         0.188763          381               1                 0                 75210             4                 7570              4788              4772              
4                 4.18411e-13       5.09528e-08       2.73541e-08       0.103306          0.102499          0.00292806        0.0125519         411               1                 0                 100972            5                 10045             6441              6420              
5                 2.9588e-14        6.05976e-12       1.0426e-11        0.0380011         0.038001          8.45331e-05       1.29393e-05       425               1                 0                 127602            6                 12604             8150              8124              
Optimization Terminated with Status: Converged
The process took 192.515 seconds to run.
Total n_vmult for algorithm 127602
