Starting optimization with 80...
Optimizing FFD points to obtain target Gaussian bump...

Quasi-Newton Method with Limited-Memory BFGS
Line Search: Backtracking satisfying Null Curvature Condition
  iter  value          gnorm          snorm          #fval     #grad     ls_#fval  ls_#grad  n_vmult   dRdW_form         dRdW_mult         dRdX_mult         d2R_mult          
  0     1.460802e-03   6.444868e-03   
  1     1.456652e-03   6.434657e-03   6.444868e-04   2         2         1         0         450542    58                412974            952               1828              
  2     1.206427e-03   5.798343e-03   4.105102e-02   3         3         1         0         454305    64                414810            953               1828              
  3     9.985836e-04   5.228032e-03   3.808637e-02   4         4         1         0         458095    70                416673            954               1828              
  4     8.246509e-04   4.711837e-03   3.565320e-02   5         5         1         0         461879    76                418530            955               1828              
  5     6.797695e-04   4.245473e-03   3.323897e-02   6         6         1         0         465663    82                420387            956               1828              
  6     5.595073e-04   3.824624e-03   3.087674e-02   7         7         1         0         469474    88                422271            957               1828              
  7     4.599551e-04   3.445059e-03   2.858887e-02   8         8         1         0         472344    93                423534            958               1828              
  8     3.777282e-04   3.102866e-03   2.639841e-02   9         9         1         0         475220    98                424803            959               1828              
  9     3.099350e-04   2.794403e-03   2.431923e-02   10        10        1         0         478105    103               426081            960               1828              
  10    2.541276e-04   2.516384e-03   2.236203e-02   11        11        1         0         480993    108               427362            961               1828              
  11    2.082478e-04   2.265806e-03   2.053038e-02   12        12        1         0         483884    113               428646            962               1828              
  12    1.705738e-04   2.039982e-03   1.882585e-02   13        13        1         0         486790    118               429945            963               1828              
  13    1.396702e-04   1.836465e-03   1.724551e-02   14        14        1         0         489705    123               431253            964               1828              
  14    1.143441e-04   1.653074e-03   1.578601e-02   15        15        1         0         492626    128               432567            965               1828              
  15    9.360639e-05   1.487818e-03   1.444128e-02   16        16        1         0         495559    133               433893            966               1828              
  16    7.663878e-05   1.338924e-03   1.320587e-02   17        17        1         0         498498    138               435225            967               1828              
  17    6.276536e-05   1.204774e-03   1.207255e-02   18        18        1         0         501449    143               436569            968               1828              
  18    5.142879e-05   1.083925e-03   1.103530e-02   19        19        1         0         504409    148               437922            969               1828              
  19    4.217019e-05   9.750583e-04   1.008679e-02   20        20        1         0         507378    153               439284            970               1828              
  20    3.461223e-05   8.770024e-04   9.221197e-03   21        21        1         0         510359    158               440658            971               1828              
  21    2.844501e-05   7.886796e-04   8.431561e-03   22        22        1         0         513358    163               442050            972               1828              
  22    2.341431e-05   7.091397e-04   7.712652e-03   23        23        1         0         516366    168               443451            973               1828              
  23    1.931181e-05   6.375015e-04   7.058041e-03   24        24        1         0         519383    173               444861            974               1828              
  24    1.596691e-05   5.729960e-04   6.463265e-03   25        25        1         0         522406    178               446277            975               1828              
  25    1.324009e-05   5.149011e-04   5.922457e-03   26        26        1         0         525438    183               447702            976               1828              
  26    1.101728e-05   4.625969e-04   5.431997e-03   27        27        1         0         528473    188               449130            977               1828              
  27    9.205309e-06   4.154891e-04   4.986516e-03   28        28        1         0         531511    193               450561            978               1828              
  28    7.728115e-06   3.730816e-04   4.583281e-03   29        29        1         0         534555    198               451998            979               1828              
  29    6.523640e-06   3.348812e-04   4.217316e-03   30        30        1         0         537605    203               453441            980               1828              
  30    5.541271e-06   3.004956e-04   3.886832e-03   31        31        1         0         540667    208               454896            981               1828              
  31    4.739742e-06   2.695089e-04   3.587119e-03   32        32        1         0         543732    213               456354            982               1828              
  32    4.085416e-06   2.416172e-04   3.317459e-03   33        33        1         0         546800    218               457815            983               1828              
  33    3.550870e-06   2.164594e-04   3.073295e-03   34        34        1         0         549871    223               459279            984               1828              
  34    3.113752e-06   1.938081e-04   2.855182e-03   35        35        1         0         552948    228               460749            985               1828              
  35    2.755835e-06   1.733347e-04   2.658542e-03   36        36        1         0         556028    233               462222            986               1828              
  36    2.462301e-06   1.548813e-04   2.484851e-03   37        37        1         0         559117    238               463704            987               1828              
  37    2.221186e-06   1.381466e-04   2.328037e-03   38        38        1         0         562209    243               465189            988               1828              
  38    2.023012e-06   1.230577e-04   2.187137e-03   39        39        1         0         565307    248               466680            989               1828              
  39    1.860340e-06   1.093875e-04   2.052807e-03   40        40        1         0         568405    253               468171            990               1828              
  40    1.727157e-06   9.713677e-05   1.924907e-03   41        41        1         0         571506    258               469665            991               1828              
  41    1.618253e-06   8.612077e-05   1.803324e-03   42        42        1         0         574616    263               471168            992               1828              
  42    1.529030e-06   7.628339e-05   1.694684e-03   43        43        1         0         577726    268               472671            993               1828              
  43    1.455619e-06   6.744282e-05   1.599920e-03   44        44        1         0         580842    273               474180            994               1828              
  44    1.394892e-06   5.951798e-05   1.519436e-03   45        45        1         0         583955    278               475686            995               1828              
  45    1.344380e-06   5.237588e-05   1.450979e-03   46        46        1         0         587077    283               477201            996               1828              
  46    1.302128e-06   4.595050e-05   1.393175e-03   47        47        1         0         590196    288               478713            997               1828              
  47    1.266584e-06   4.015000e-05   1.344518e-03   48        48        1         0         593321    293               480231            998               1828              
  48    1.236504e-06   3.492359e-05   1.304182e-03   49        49        1         0         596440    298               481743            999               1828              
  49    1.210880e-06   3.020567e-05   1.271533e-03   50        50        1         0         599544    303               483240            1000              1828              
  50    1.188899e-06   2.595876e-05   1.246237e-03   51        51        1         0         602633    308               484722            1001              1828              
  51    1.169895e-06   2.213662e-05   1.228180e-03   52        52        1         0         605752    313               486234            1002              1828              
  52    1.153323e-06   1.871652e-05   1.217380e-03   53        53        1         0         608874    318               487749            1003              1828              
  53    1.138733e-06   1.567178e-05   1.214155e-03   54        54        1         0         611993    323               489261            1004              1828              
  54    1.125755e-06   1.300144e-05   1.219027e-03   55        55        1         0         615127    328               490788            1005              1828              
  55    1.114068e-06   1.070870e-05   1.233729e-03   56        56        1         0         618261    333               492315            1006              1828              
  56    1.103366e-06   8.835062e-06   1.265094e-03   57        57        1         0         621398    338               493845            1007              1828              
Optimization Terminated with Status: Converged
 Done target optimization...
 Resetting problem to initial conditions and target previous FFD points 
 and aim for machine precision functional value....
The process took 716.638 seconds to run.
********************************************************
Biros and Ghattas Full-space method...with P4A preconditioner
Using 16080 design variables: 16000 simulation variables and 80 control variables.
Line Search: Backtracking satisfying Null Curvature Condition
********************************************************
Iteration         Func. val.        ||Lagr. grad.||   ||Constraint||    ||Search dir||    search_ctl_norm   search_sim_norm   search_adj_norm   n_kkt_iter        n_linesearches    n_grad            n_vmult           dRdW_form         dRdW_mult         dRdX_mult         d2R_mult          
1                 6.65239e-06       0.00502265        0.0184324         16.3379           14.4304           4.66972           6.07318           504               1                 0                 47587             2                 5521              2026              4036              
2                 7.93134e-07       0.000236918       0.000454321       6.19549           6.11559           0.391248          0.91135           327               1                 0                 78091             3                 8800              3343              6656              
3                 7.46452e-10       4.45618e-05       6.56606e-05       8.39635           8.39142           0.136879          0.253073          389               1                 0                 114299            4                 12699             4908              9772              
4                 3.22316e-12       5.3232e-08        2.49804e-08       0.191135          0.190116          0.00455469        0.0191801         399               1                 0                 151427            5                 16698             6513              12968             
5                 1.41709e-13       8.43722e-11       3.17992e-10       0.157359          0.157359          0.000279981       0.000246229       458               1                 0                 193983            6                 21287             8354              16636             
Optimization Terminated with Status: Converged
The process took 848.704 seconds to run.
Total n_vmult for algorithm 193983
