Starting optimization with 320...
Optimizing FFD points to obtain target Gaussian bump...

Quasi-Newton Method with Limited-Memory BFGS
Line Search: Backtracking satisfying Null Curvature Condition
  iter  value          gnorm          snorm          #fval     #grad     ls_#fval  ls_#grad  n_vmult   dRdW_form         dRdW_mult         dRdX_mult         d2R_mult          
  0     1.460201e-03   4.701824e-03   
  1     1.457991e-03   4.697630e-03   4.701824e-04   2         2         1         0         186724    64                166503            419               824               
  2     1.213224e-03   4.231601e-03   5.573408e-02   3         3         1         0         189512    70                168204            420               824               
  3     1.003866e-03   3.808942e-03   5.428432e-02   4         4         1         0         192177    76                169782            421               824               
  4     8.240031e-04   3.435915e-03   5.376091e-02   5         5         1         0         194908    82                171426            422               824               
  5     6.328146e-04   2.980027e-03   6.575699e-02   6         6         1         0         197624    88                173055            423               824               
  6     5.086838e-04   2.636860e-03   4.736505e-02   7         7         1         0         200367    94                174711            424               824               
  7     4.169301e-04   2.373871e-03   3.996315e-02   8         8         1         0         203179    100               176436            425               824               
  8     3.417247e-04   2.132689e-03   3.669726e-02   9         9         1         0         206039    106               178209            426               824               
  9     2.796499e-04   1.920620e-03   3.413014e-02   10        10        1         0         208914    112               179997            427               824               
  10    2.262102e-04   1.724108e-03   3.365120e-02   11        11        1         0         210937    117               181113            428               824               
  11    1.744631e-04   1.499338e-03   3.637734e-02   12        12        1         0         213824    123               182913            429               824               
  12    1.390488e-04   1.330450e-03   2.814395e-02   13        13        1         0         215853    128               184035            430               824               
  13    1.124281e-04   1.191678e-03   2.392831e-02   14        14        1         0         217912    133               185187            431               824               
  14    9.050238e-05   1.064164e-03   2.220427e-02   15        15        1         0         219962    138               186330            432               824               
  15    7.225277e-05   9.476168e-04   2.087450e-02   16        16        1         0         222045    143               187506            433               824               
  16    5.779580e-05   8.437071e-04   1.852949e-02   17        17        1         0         224137    148               188691            434               824               
  17    4.657973e-05   7.551898e-04   1.614251e-02   18        18        1         0         226229    153               189876            435               824               
  18    3.770815e-05   6.772994e-04   1.428042e-02   19        19        1         0         228330    158               191070            436               824               
  19    3.057598e-05   6.083664e-04   1.284693e-02   20        20        1         0         230428    163               192261            437               824               
  20    2.478388e-05   5.463937e-04   1.167106e-02   21        21        1         0         232538    168               193464            438               824               
  21    2.000862e-05   4.898882e-04   1.080810e-02   22        22        1         0         234633    173               194652            439               824               
  22    1.597454e-05   4.368749e-04   1.030722e-02   23        23        1         0         236758    178               195870            440               824               
  23    1.267472e-05   3.880333e-04   9.445655e-03   24        24        1         0         238889    183               197094            441               824               
  24    1.015124e-05   3.465100e-04   8.096358e-03   25        25        1         0         241020    188               198318            442               824               
  25    8.190164e-06   3.105716e-04   7.032970e-03   26        26        1         0         243160    193               199551            443               824               
  26    6.627870e-06   2.787856e-04   6.256361e-03   27        27        1         0         245303    198               200787            444               824               
  27    5.369547e-06   2.504199e-04   5.623289e-03   28        28        1         0         247452    203               202029            445               824               
  28    4.351938e-06   2.248890e-04   5.071342e-03   29        29        1         0         249607    208               203277            446               824               
  29    3.528645e-06   2.020395e-04   4.577344e-03   30        30        1         0         251762    213               204525            447               824               
  30    2.863231e-06   1.814419e-04   4.122679e-03   31        31        1         0         253923    218               205779            448               824               
  31    2.325949e-06   1.630563e-04   3.711822e-03   32        32        1         0         256084    223               207033            449               824               
  32    1.892274e-06   1.464985e-04   3.336324e-03   33        33        1         0         258254    228               208296            450               824               
  33    1.542105e-06   1.317203e-04   3.001776e-03   34        34        1         0         260430    233               209565            451               824               
  34    1.259196e-06   1.184043e-04   2.699057e-03   35        35        1         0         262609    238               210837            452               824               
  35    1.030465e-06   1.065006e-04   2.430148e-03   36        36        1         0         264797    243               212118            453               824               
  36    8.454300e-07   9.576565e-05   2.187092e-03   37        37        1         0         266991    248               213405            454               824               
  37    6.956665e-07   8.615519e-05   1.970630e-03   38        38        1         0         269188    253               214695            455               824               
  38    5.744068e-07   7.748238e-05   1.774814e-03   39        39        1         0         271388    258               215988            456               824               
  39    4.761961e-07   6.971078e-05   1.600017e-03   40        40        1         0         273591    263               217284            457               824               
  40    3.966364e-07   6.269326e-05   1.441822e-03   41        41        1         0         275800    268               218586            458               824               
  41    3.321742e-07   5.640167e-05   1.300443e-03   42        42        1         0         278015    273               219894            459               824               
  42    2.799385e-07   5.071706e-05   1.172476e-03   43        43        1         0         280236    278               221208            460               824               
  43    2.376069e-07   4.561926e-05   1.058034e-03   44        44        1         0         282460    283               222525            461               824               
  44    2.033019e-07   4.101080e-05   9.543858e-04   45        45        1         0         284693    288               223851            462               824               
  45    1.755043e-07   3.687809e-05   8.615339e-04   46        46        1         0         286926    293               225177            463               824               
  46    1.529859e-07   3.314208e-05   7.772724e-04   47        47        1         0         289168    298               226512            464               824               
  47    1.347511e-07   2.979290e-05   7.015393e-04   48        48        1         0         291413    303               227850            465               824               
  48    1.199928e-07   2.676821e-05   6.327006e-04   49        49        1         0         293664    308               229194            466               824               
  49    1.080540e-07   2.405796e-05   5.707350e-04   50        50        1         0         295921    313               230544            467               824               
  50    9.839981e-08   2.161419e-05   5.145735e-04   51        51        1         0         298181    318               231897            468               824               
  51    9.059401e-08   1.942427e-05   4.641623e-04   52        52        1         0         300450    323               233259            469               824               
  52    8.428238e-08   1.745214e-05   4.187584e-04   53        53        1         0         302722    328               234624            470               824               
  53    7.917731e-08   1.568329e-05   3.781495e-04   54        54        1         0         305015    333               236010            471               824               
  54    7.504649e-08   1.409134e-05   3.417525e-04   55        55        1         0         307308    338               237396            472               824               
  55    7.170224e-08   1.266172e-05   3.092493e-04   56        56        1         0         309625    343               238806            473               824               
  56    6.899331e-08   1.137534e-05   2.801901e-04   57        57        1         0         311939    348               240213            474               824               
  57    6.679767e-08   1.021881e-05   2.542522e-04   58        58        1         0         314265    353               241632            475               824               
  58    6.501695e-08   9.178112e-06   2.311015e-04   59        59        1         0         316597    358               243057            476               824               
Optimization Terminated with Status: Converged
 Done target optimization...
 Resetting problem to initial conditions and target previous FFD points 
 and aim for machine precision functional value....
The process took 276.715 seconds to run.
********************************************************
Biros and Ghattas Full-space method...with P2A preconditioner
Using 9320 design variables: 9000 simulation variables and 320 control variables.
Line Search: Backtracking satisfying Null Curvature Condition
********************************************************
Iteration         Func. val.        ||Lagr. grad.||   ||Constraint||    ||Search dir||    search_ctl_norm   search_sim_norm   search_adj_norm   n_kkt_iter        n_linesearches    n_grad            n_vmult           dRdW_form         dRdW_mult         dRdX_mult         d2R_mult          
1                 6.52884e-06       0.00527338        0.0224023         5.83106           0.637784          3.51737           4.6068            565               1                 0                 35900             2                 3802              2270              2264              
2                 6.03284e-07       0.000209479       0.000495591       0.72492           0.174508          0.282288          0.644492          392               1                 0                 60484             3                 6163              3847              3836              
3                 6.12107e-10       3.18524e-05       4.49158e-05       0.214731          0.115602          0.0848464         0.159833          482               1                 0                 90648             4                 9064              5784              5768              
4                 2.06261e-12       1.38692e-07       5.33016e-08       0.259217          0.25876           0.0035033         0.0149874         568               1                 0                 126144            5                 12481             8065              8044              
5                 3.2668e-13        9.09191e-12       1.0781e-10        0.106239          0.106239          0.000216738       2.61264e-05       661               1                 0                 167406            6                 16456             10718             10692             
Optimization Terminated with Status: Converged
The process took 312.355 seconds to run.
Total n_vmult for algorithm 167406
