Starting optimization with 40...
Optimizing FFD points to obtain target Gaussian bump...

Quasi-Newton Method with Limited-Memory BFGS
Line Search: Backtracking satisfying Null Curvature Condition
  iter  value          gnorm          snorm          #fval     #grad     ls_#fval  ls_#grad  n_vmult   dRdW_form         dRdW_mult         dRdX_mult         d2R_mult          
  0     1.460802e-03   7.440529e-03   
  1     1.455273e-03   7.422925e-03   7.440529e-04   2         2         1         0         202348    58                172784            800               772               
  2     1.229715e-03   6.689361e-03   3.222584e-02   3         3         1         0         206153    64                174662            801               772               
  3     1.038612e-03   6.027382e-03   3.081839e-02   4         4         1         0         209961    70                176543            802               772               
  4     8.757571e-04   5.425209e-03   2.981081e-02   5         5         1         0         213739    76                178394            803               772               
  5     7.377585e-04   4.879172e-03   2.877196e-02   6         6         1         0         217547    82                180275            804               772               
  6     6.213326e-04   4.385065e-03   2.769636e-02   7         7         1         0         221367    88                182168            805               772               
  7     5.234494e-04   3.938574e-03   2.659043e-02   8         8         1         0         225196    94                184070            806               772               
  8     4.413827e-04   3.535484e-03   2.546862e-02   9         9         1         0         229007    100               185954            807               772               
  9     3.727257e-04   3.171788e-03   2.434773e-02   10        10        1         0         231907    105               187247            808               772               
  10    3.153820e-04   2.843756e-03   2.324366e-02   11        11        1         0         234804    110               188537            809               772               
  11    2.675454e-04   2.547952e-03   2.216991e-02   12        12        1         0         237701    115               189827            810               772               
  12    2.276723e-04   2.281237e-03   2.113715e-02   13        13        1         0         240604    120               191123            811               772               
  13    1.944518e-04   2.040761e-03   2.015328e-02   14        14        1         0         243522    125               192434            812               772               
  14    1.667766e-04   1.823937e-03   1.922382e-02   15        15        1         0         246446    130               193751            813               772               
  15    1.437153e-04   1.628429e-03   1.835239e-02   16        16        1         0         249373    135               195071            814               772               
  16    1.244870e-04   1.452124e-03   1.754110e-02   17        17        1         0         252309    140               196400            815               772               
  17    1.084390e-04   1.293118e-03   1.679099e-02   18        18        1         0         255254    145               197738            816               772               
  18    9.502688e-05   1.149691e-03   1.610229e-02   19        19        1         0         258205    150               199082            817               772               
  19    8.379784e-05   1.020294e-03   1.547475e-02   20        20        1         0         261165    155               200435            818               772               
  20    7.437558e-05   9.035343e-04   1.490775e-02   21        21        1         0         264131    160               201794            819               772               
  21    6.644802e-05   7.981583e-04   1.440054e-02   22        22        1         0         267100    165               203156            820               772               
  22    5.975659e-05   7.030435e-04   1.395234e-02   23        23        1         0         270072    170               204521            821               772               
  23    5.408731e-05   6.171863e-04   1.356244e-02   24        24        1         0         273050    175               205892            822               772               
  24    4.926315e-05   5.396940e-04   1.323033e-02   25        25        1         0         276028    180               207263            823               772               
  25    4.513777e-05   4.697783e-04   1.295576e-02   26        26        1         0         278988    185               208616            824               772               
  26    4.159018e-05   4.067504e-04   1.273885e-02   27        27        1         0         281972    190               209993            825               772               
  27    3.852031e-05   3.500193e-04   1.258014e-02   28        28        1         0         284938    195               211352            826               772               
  28    3.584536e-05   2.990935e-04   1.248074e-02   29        29        1         0         287925    200               212732            827               772               
  29    3.349670e-05   2.535877e-04   1.244238e-02   30        30        1         0         290915    205               214115            828               772               
  30    3.141733e-05   2.132369e-04   1.246760e-02   31        31        1         0         293938    210               215531            829               772               
  31    2.955977e-05   1.779212e-04   1.255988e-02   32        32        1         0         296940    215               216926            830               772               
  32    2.788428e-05   1.477009e-04   1.272395e-02   33        33        1         0         299942    220               218321            831               772               
  33    2.635738e-05   1.228509e-04   1.296622e-02   34        34        1         0         302935    225               219707            832               772               
  34    2.495057e-05   1.038412e-04   1.329547e-02   35        35        1         0         305928    230               221093            833               772               
  35    2.363921e-05   9.113370e-05   1.372405e-02   36        36        1         0         308948    235               222506            834               772               
  36    2.240151e-05   8.469452e-05   1.426986e-02   37        37        1         0         311947    240               223898            835               772               
  37    2.121747e-05   8.352516e-05   1.495962e-02   38        38        1         0         314961    245               225305            836               772               
  38    2.006785e-05   8.582953e-05   1.583442e-02   39        39        1         0         318002    250               226739            837               772               
  39    1.893294e-05   8.970148e-05   1.695835e-02   40        40        1         0         321007    255               228137            838               772               
  40    1.779128e-05   9.360439e-05   1.843120e-02   41        41        1         0         324045    260               229568            839               772               
  41    1.661865e-05   9.642767e-05   2.040133e-02   42        42        1         0         327056    265               230972            840               772               
  42    1.538912e-05   9.735580e-05   2.306082e-02   43        43        1         0         330091    270               232400            841               772               
  43    1.409643e-05   9.944809e-05   2.681453e-02   44        44        1         0         333144    275               233846            842               772               
  44    1.233650e-05   9.393030e-05   4.017851e-02   45        45        1         0         336152    280               235247            843               772               
  45    1.131899e-05   8.939262e-05   2.650138e-02   46        46        1         0         339214    285               236702            844               772               
  46    1.047584e-05   8.661843e-05   2.436903e-02   47        47        1         0         342237    290               238118            845               772               
  47    9.716955e-06   8.052121e-05   2.384811e-02   48        48        1         0         345302    295               239576            846               772               
  48    9.017480e-06   8.248889e-05   2.581259e-02   49        49        1         0         348343    300               241010            847               772               
  49    8.406965e-06   7.399020e-05   2.334762e-02   50        50        1         0         351420    305               242480            848               772               
  50    7.957461e-06   6.927431e-05   1.939725e-02   51        51        1         0         354503    310               243956            849               772               
  51    7.493741e-06   6.634174e-05   2.228345e-02   52        52        1         0         357556    315               245402            850               772               
  52    7.102821e-06   5.873160e-05   1.988115e-02   53        53        1         0         360636    320               246875            851               772               
  53    6.795643e-06   5.371558e-05   1.741235e-02   54        54        1         0         363764    325               248396            852               772               
  54    6.473957e-06   4.917686e-05   1.952578e-02   55        55        1         0         366790    330               249815            853               772               
  55    6.167912e-06   4.156803e-05   2.014469e-02   56        56        1         0         369906    335               251324            854               772               
  56    5.928688e-06   3.709471e-05   1.749750e-02   57        57        1         0         372983    340               252794            855               772               
  57    5.680722e-06   3.229750e-05   1.931865e-02   58        58        1         0         376075    345               254279            856               772               
  58    5.456605e-06   2.650020e-05   1.880002e-02   59        59        1         0         379176    350               255773            857               772               
  59    5.270522e-06   2.351514e-05   1.688875e-02   60        60        1         0         382295    355               257285            858               772               
  60    5.080886e-06   1.946450e-05   1.746781e-02   61        61        1         0         385390    360               258773            859               772               
  61    4.891960e-06   1.761362e-05   1.881282e-02   62        62        1         0         388500    365               260276            860               772               
  62    4.702150e-06   1.677085e-05   1.926557e-02   63        63        1         0         391613    370               261782            861               772               
  63    4.505553e-06   1.652431e-05   2.138736e-02   64        64        1         0         394747    375               263309            862               772               
  64    4.301626e-06   1.828161e-05   2.398756e-02   65        65        1         0         397839    380               264794            863               772               
  65    4.125640e-06   1.939307e-05   2.150660e-02   66        66        1         0         400970    385               266318            864               772               
  66    3.978366e-06   2.054388e-05   1.906345e-02   67        67        1         0         404071    390               267812            865               772               
  67    3.824002e-06   2.288313e-05   2.006580e-02   68        68        1         0         407220    395               269354            866               772               
  68    3.657887e-06   2.352676e-05   2.287297e-02   69        69        1         0         410294    400               270821            867               772               
  69    3.510158e-06   2.397711e-05   2.202223e-02   70        70        1         0         413398    405               272318            868               772               
  70    3.385334e-06   2.449901e-05   1.891066e-02   71        71        1         0         416493    410               273806            869               772               
  71    3.278194e-06   2.371078e-05   1.695708e-02   72        72        1         0         419612    415               275318            870               772               
  72    3.174101e-06   2.401003e-05   1.639972e-02   73        73        1         0         422722    420               276821            871               772               
  73    3.077892e-06   2.224876e-05   1.589214e-02   74        74        1         0         425841    425               278333            872               772               
  74    2.990536e-06   2.211956e-05   1.494658e-02   75        75        1         0         428942    430               279827            873               772               
  75    2.890314e-06   1.916255e-05   1.958002e-02   76        76        1         0         432055    435               281333            874               772               
  76    2.826628e-06   1.784438e-05   1.251589e-02   77        77        1         0         435192    440               282863            875               772               
  77    2.768152e-06   1.659899e-05   1.189841e-02   78        78        1         0         438320    445               284384            876               772               
  78    2.693913e-06   1.537905e-05   1.631475e-02   79        79        1         0         441400    450               285857            877               772               
  79    2.640258e-06   1.369153e-05   1.240757e-02   80        80        1         0         444564    455               287414            878               772               
  80    2.594947e-06   1.240691e-05   1.106516e-02   81        81        1         0         447746    460               288989            879               772               
  81    2.548366e-06   1.110543e-05   1.171467e-02   82        82        1         0         450826    465               290462            880               772               
  82    2.499916e-06   9.521038e-06   1.294484e-02   83        83        1         0         454017    470               292046            881               772               
Optimization Terminated with Status: Converged
 Done target optimization...
 Resetting problem to initial conditions and target previous FFD points 
 and aim for machine precision functional value....
The process took 1017.62 seconds to run.
********************************************************
Biros and Ghattas Full-space method...with P2A preconditioner
Using 16040 design variables: 16000 simulation variables and 40 control variables.
Line Search: Backtracking satisfying Null Curvature Condition
********************************************************
Iteration         Func. val.        ||Lagr. grad.||   ||Constraint||    ||Search dir||    search_ctl_norm   search_sim_norm   search_adj_norm   n_kkt_iter        n_linesearches    n_grad            n_vmult           dRdW_form         dRdW_mult         dRdX_mult         d2R_mult          
1                 7.31288e-06       0.0047203         0.0181403         22.539            21.1984           4.66628           6.07119           412               1                 0                 26766             2                 2956              1658              1652              
2                 4.6086e-07        0.000188084       0.000465108       9.39112           9.3419            0.394087          0.875637          288               1                 0                 45042             3                 4693              2819              2808              
3                 4.34182e-10       2.79683e-05       3.59276e-05       11.6707           11.6679           0.119128          0.22551           330               1                 0                 65922             4                 6682              4148              4132              
4                 3.23266e-13       2.8124e-08        1.59609e-08       0.200909          0.200396          0.00341656        0.0139324         365               1                 0                 88972             5                 8881              5617              5596              
5                 4.638e-15         8.00213e-12       1.88151e-11       0.0291635         0.0291634         7.7678e-05        4.77314e-05       381               1                 0                 113014            6                 11176             7150              7124              
Optimization Terminated with Status: Converged
The process took 786.545 seconds to run.
Total n_vmult for algorithm 113014
