Starting optimization with 80...
Optimizing FFD points to obtain target Gaussian bump...

Quasi-Newton Method with Limited-Memory BFGS
Line Search: Backtracking satisfying Null Curvature Condition
  iter  value          gnorm          snorm          #fval     #grad     ls_#fval  ls_#grad  n_vmult   dRdW_form         dRdW_mult         dRdX_mult         d2R_mult          
  0     1.446428e-03   6.352675e-03   
  1     1.442395e-03   6.342829e-03   6.352675e-04   2         2         1         0         99495     52                89742             271               528               
  2     1.191432e-03   5.717949e-03   4.204580e-02   3         3         1         0         101233    58                90993             272               528               
  3     9.740029e-04   5.115264e-03   4.121919e-02   4         4         1         0         102998    64                92271             273               528               
  4     7.764006e-04   4.534733e-03   4.258083e-02   5         5         1         0         104751    70                93537             274               528               
  5     6.262825e-04   4.030262e-03   3.592075e-02   6         6         1         0         106513    76                94812             275               528               
  6     5.112535e-04   3.618289e-03   3.107409e-02   7         7         1         0         108275    82                96087             276               528               
  7     4.188594e-04   3.251374e-03   2.790200e-02   8         8         1         0         110040    88                97365             277               528               
  8     3.433679e-04   2.926763e-03   2.559520e-02   9         9         1         0         111805    94                98643             278               528               
  9     2.814076e-04   2.633594e-03   2.350574e-02   10        10        1         0         113576    100               99927             279               528               
  10    2.304010e-04   2.369968e-03   2.169987e-02   11        11        1         0         115344    106               101208            280               528               
  11    1.878596e-04   2.129007e-03   2.041112e-02   12        12        1         0         117130    112               102507            281               528               
  12    1.505632e-04   1.895391e-03   2.039786e-02   13        13        1         0         118919    118               103809            282               528               
  13    1.195251e-04   1.676527e-03   1.894604e-02   14        14        1         0         120705    124               105108            283               528               
  14    9.662819e-05   1.498093e-03   1.571869e-02   15        15        1         0         122503    130               106419            284               528               
  15    7.878799e-05   1.344141e-03   1.372613e-02   16        16        1         0         124307    136               107736            285               528               
  16    6.445109e-05   1.207833e-03   1.236994e-02   17        17        1         0         126129    142               109071            286               528               
  17    5.281757e-05   1.085754e-03   1.124946e-02   18        18        1         0         127957    148               110412            287               528               
  18    4.334366e-05   9.761826e-04   1.027804e-02   19        19        1         0         129785    154               111753            288               528               
  19    3.561878e-05   8.775923e-04   9.404336e-03   20        20        1         0         131631    160               113112            289               528               
  20    2.931723e-05   7.888960e-04   8.617096e-03   21        21        1         0         133498    166               114492            290               528               
  21    2.417638e-05   7.090316e-04   7.900567e-03   22        22        1         0         135350    172               115857            291               528               
  22    1.998250e-05   6.371468e-04   7.250426e-03   23        23        1         0         137217    178               117237            292               528               
  23    1.656136e-05   5.724168e-04   6.658207e-03   24        24        1         0         139111    184               118644            293               528               
  24    1.377063e-05   5.141485e-04   6.120296e-03   25        25        1         0         141014    190               120060            294               528               
  25    1.149409e-05   4.616831e-04   5.630770e-03   26        26        1         0         142920    196               121479            295               528               
  26    9.636850e-06   4.144544e-04   5.186245e-03   27        27        1         0         144838    202               122910            296               528               
  27    8.121446e-06   3.719317e-04   4.782143e-03   28        28        1         0         146765    208               124350            297               528               
  28    6.884677e-06   3.336532e-04   4.415383e-03   29        29        1         0         148698    214               125796            298               528               
  29    5.874994e-06   2.991897e-04   4.082296e-03   30        30        1         0         150005    219               126696            299               528               
  30    5.050365e-06   2.681651e-04   3.780168e-03   31        31        1         0         151318    224               127602            300               528               
  31    4.376534e-06   2.402322e-04   3.506016e-03   32        32        1         0         152640    229               128517            301               528               
  32    3.825585e-06   2.150850e-04   3.257511e-03   33        33        1         0         153968    234               129438            302               528               
  33    3.374776e-06   1.924422e-04   3.032219e-03   34        34        1         0         155302    239               130365            303               528               
  34    3.005581e-06   1.720554e-04   2.828176e-03   35        35        1         0         156639    244               131295            304               528               
  35    2.702915e-06   1.536966e-04   2.643403e-03   36        36        1         0         157979    249               132228            305               528               
  36    2.454491e-06   1.371641e-04   2.476273e-03   37        37        1         0         159322    254               133164            306               528               
  37    2.250303e-06   1.222734e-04   2.325187e-03   38        38        1         0         160659    259               134094            307               528               
  38    2.082203e-06   1.088610e-04   2.188818e-03   39        39        1         0         162005    264               135033            308               528               
  39    1.943554e-06   9.677735e-05   2.065890e-03   40        40        1         0         163357    269               135978            309               528               
  40    1.828952e-06   8.589022e-05   1.955347e-03   41        41        1         0         164718    274               136932            310               528               
  41    1.733992e-06   7.607874e-05   1.856190e-03   42        42        1         0         166091    279               137898            311               528               
  42    1.655086e-06   6.723609e-05   1.767603e-03   43        43        1         0         167467    284               138867            312               528               
  43    1.589308e-06   5.926485e-05   1.688830e-03   44        44        1         0         168846    289               139839            313               528               
  44    1.534272e-06   5.207933e-05   1.619274e-03   45        45        1         0         170249    294               140835            314               528               
  45    1.488032e-06   4.560149e-05   1.558400e-03   46        46        1         0         171670    299               141849            315               528               
  46    1.448997e-06   3.976352e-05   1.505817e-03   47        47        1         0         173097    304               142869            316               528               
  47    1.415869e-06   3.450389e-05   1.461197e-03   48        48        1         0         174533    309               143898            317               528               
  48    1.387584e-06   2.977068e-05   1.424349e-03   49        49        1         0         175936    314               144894            318               528               
  49    1.363272e-06   2.551740e-05   1.395155e-03   50        50        1         0         177354    319               145905            319               528               
  50    1.342217e-06   2.170796e-05   1.373640e-03   51        51        1         0         178754    324               146898            320               528               
  51    1.323832e-06   1.831175e-05   1.359914e-03   52        52        1         0         180166    329               147903            321               528               
  52    1.307631e-06   1.531226e-05   1.354271e-03   53        53        1         0         181605    334               148935            322               528               
  53    1.293211e-06   1.270035e-05   1.357178e-03   54        54        1         0         183056    339               149979            323               528               
  54    1.280234e-06   1.049155e-05   1.369575e-03   55        55        1         0         184513    344               151029            324               528               
  55    1.268406e-06   8.713420e-06   1.393625e-03   56        56        1         0         185973    349               152082            325               528               
Optimization Terminated with Status: Converged
 Done target optimization...
 Resetting problem to initial conditions and target previous FFD points 
 and aim for machine precision functional value....
The process took 47.0199 seconds to run.
********************************************************
Biros and Ghattas Full-space method...with P2 preconditioner
Using 4080 design variables: 4000 simulation variables and 80 control variables.
Line Search: Backtracking satisfying Null Curvature Condition
********************************************************
Iteration         Func. val.        ||Lagr. grad.||   ||Constraint||    ||Search dir||    search_ctl_norm   search_sim_norm   search_adj_norm   n_kkt_iter        n_linesearches    n_grad            n_vmult           dRdW_form         dRdW_mult         dRdX_mult         d2R_mult          
1                 7.61205e-06       0.00332461        0.0239584         17.9421           17.5398           2.43477           2.88879           54                1                 0                 38104             2                 34822             226               220               
2                 8.81906e-08       6.40144e-05       0.000353229       16.1662           16.1615           0.188474          0.339467          41                1                 0                 65985             3                 60236             399               388               
3                 1.99142e-11       1.83071e-06       6.35564e-06       1.43649           1.4357            0.0225832         0.0418919         55                1                 0                 103552            4                 94552             628               612               
4                 3.95252e-13       2.01681e-10       1.75096e-09       0.082144          0.0821387         0.000320759       0.000877621       54                1                 0                 139468            5                 127273            853               832               
Optimization Terminated with Status: Converged
The process took 27.6996 seconds to run.
Total n_vmult for algorithm 139468
