Starting optimization with 60...
Optimizing FFD points to obtain target Gaussian bump...

Quasi-Newton Method with Limited-Memory BFGS
Line Search: Backtracking satisfying Null Curvature Condition
  iter  value          gnorm          snorm          #fval     #grad     ls_#fval  ls_#grad  n_vmult   dRdW_form         dRdW_mult         dRdX_mult         d2R_mult          
  0     1.446428e-03   6.731072e-03   
  1     1.441901e-03   6.718871e-03   6.731072e-04   2         2         1         0         91904     34                13087             5447              5424              
  2     1.201468e-03   6.054477e-03   3.791659e-02   3         3         1         0         93630     40                14326             5448              5424              
  3     9.993861e-04   5.453000e-03   3.579424e-02   4         4         1         0         95365     46                15574             5449              5424              
  4     8.281939e-04   4.908146e-03   3.434197e-02   5         5         1         0         97103     52                16825             5450              5424              
  5     6.829229e-04   4.403145e-03   3.297916e-02   6         6         1         0         98862     58                18097             5451              5424              
  6     5.593318e-04   3.943093e-03   3.202218e-02   7         7         1         0         100627    64                19375             5452              5424              
  7     4.561892e-04   3.516279e-03   3.016065e-02   8         8         1         0         102401    70                20662             5453              5424              
  8     3.731358e-04   3.145751e-03   2.753616e-02   9         9         1         0         104172    76                21946             5454              5424              
  9     3.066485e-04   2.818278e-03   2.486981e-02   10        10        1         0         105958    82                23245             5455              5424              
  10    2.526963e-04   2.530195e-03   2.285272e-02   11        11        1         0         107738    88                24538             5456              5424              
  11    2.085747e-04   2.271534e-03   2.111422e-02   12        12        1         0         109515    94                25828             5457              5424              
  12    1.723539e-04   2.040283e-03   1.961893e-02   13        13        1         0         111295    100               27121             5458              5424              
  13    1.425788e-04   1.831848e-03   1.824276e-02   14        14        1         0         113081    106               28420             5459              5424              
  14    1.180920e-04   1.644617e-03   1.699174e-02   15        15        1         0         114876    112               29728             5460              5424              
  15    9.795398e-05   1.475810e-03   1.583013e-02   16        16        1         0         116677    118               31042             5461              5424              
  16    8.139321e-05   1.323950e-03   1.476427e-02   17        17        1         0         118475    124               32353             5462              5424              
  17    6.777331e-05   1.187021e-03   1.378013e-02   18        18        1         0         120288    130               33679             5463              5424              
  18    5.656606e-05   1.063728e-03   1.288583e-02   19        19        1         0         122110    136               35014             5464              5424              
  19    4.732419e-05   9.522204e-04   1.209089e-02   20        20        1         0         123935    142               36352             5465              5424              
  20    3.964162e-05   8.509114e-04   1.147515e-02   21        21        1         0         125757    148               37687             5466              5424              
  21    3.311968e-05   7.561353e-04   1.116093e-02   22        22        1         0         127597    154               39040             5467              5424              
  22    2.760376e-05   6.675779e-04   1.078512e-02   23        23        1         0         129449    160               40405             5468              5424              
  23    2.326064e-05   5.902409e-04   9.701809e-03   24        24        1         0         131307    166               41776             5469              5424              
  24    1.986331e-05   5.240192e-04   8.692953e-03   25        25        1         0         133195    172               43177             5470              5424              
  25    1.712396e-05   4.656170e-04   8.030897e-03   26        26        1         0         135089    178               44584             5471              5424              
  26    1.487611e-05   4.135383e-04   7.556663e-03   27        27        1         0         136995    184               46003             5472              5424              
  27    1.301512e-05   3.667361e-04   7.177709e-03   28        28        1         0         138910    190               47431             5473              5424              
  28    1.146587e-05   3.246192e-04   6.858767e-03   29        29        1         0         140837    196               48871             5474              5424              
  29    1.017056e-05   2.866405e-04   6.583434e-03   30        30        1         0         142773    202               50320             5475              5424              
  30    9.083118e-06   2.523963e-04   6.344477e-03   31        31        1         0         144089    207               51229             5476              5424              
  31    8.166319e-06   2.215006e-04   6.137642e-03   32        32        1         0         145411    212               52144             5477              5424              
  32    7.389822e-06   1.936390e-04   5.960565e-03   33        33        1         0         146748    217               53074             5478              5424              
  33    6.728818e-06   1.685199e-04   5.811603e-03   34        34        1         0         148088    222               54007             5479              5424              
  34    6.162977e-06   1.458995e-04   5.689749e-03   35        35        1         0         149431    227               54943             5480              5424              
  35    5.675611e-06   1.255613e-04   5.594345e-03   36        36        1         0         150774    232               55879             5481              5424              
  36    5.253002e-06   1.073284e-04   5.525108e-03   37        37        1         0         152120    237               56818             5482              5424              
  37    4.883856e-06   9.105768e-05   5.482021e-03   38        38        1         0         153457    242               57748             5483              5424              
  38    4.558856e-06   7.664576e-05   5.465418e-03   39        39        1         0         154809    247               58693             5484              5424              
  39    4.270302e-06   6.403795e-05   5.475882e-03   40        40        1         0         156170    252               59647             5485              5424              
  40    4.011797e-06   5.322713e-05   5.514630e-03   41        41        1         0         157540    257               60610             5486              5424              
  41    3.777994e-06   4.428045e-05   5.583707e-03   42        42        1         0         158910    262               61573             5487              5424              
  42    3.564282e-06   3.730194e-05   5.689716e-03   43        43        1         0         160283    267               62539             5488              5424              
  43    3.366248e-06   3.247667e-05   5.855710e-03   44        44        1         0         161674    272               63523             5489              5424              
  44    3.178498e-06   2.994194e-05   6.158112e-03   45        45        1         0         163071    277               64513             5490              5424              
  45    3.002617e-06   2.881731e-05   6.383757e-03   46        46        1         0         164468    282               65503             5491              5424              
  46    2.849717e-06   2.962757e-05   6.147101e-03   47        47        1         0         165883    287               66511             5492              5424              
  47    2.713566e-06   3.112041e-05   6.008712e-03   48        48        1         0         167289    292               67510             5493              5424              
  48    2.585487e-06   3.325900e-05   6.189014e-03   49        49        1         0         168713    297               68527             5494              5424              
  49    2.467376e-06   3.470164e-05   6.236549e-03   50        50        1         0         170128    302               69535             5495              5424              
  50    2.363629e-06   3.635382e-05   5.978155e-03   51        51        1         0         171528    307               70528             5496              5424              
  51    2.269016e-06   3.723471e-05   5.863298e-03   52        52        1         0         172922    312               71515             5497              5424              
  52    2.180600e-06   3.784287e-05   5.864589e-03   53        53        1         0         174319    317               72505             5498              5424              
  53    2.095861e-06   3.780607e-05   5.964006e-03   54        54        1         0         175722    322               73501             5499              5424              
  54    2.014543e-06   3.729860e-05   6.081218e-03   55        55        1         0         177125    327               74497             5500              5424              
  55    1.936535e-06   3.641096e-05   6.198564e-03   56        56        1         0         178507    332               75472             5501              5424              
  56    1.859739e-06   3.496709e-05   6.592078e-03   57        57        1         0         179862    337               76420             5502              5424              
  57    1.779091e-06   3.313747e-05   7.543768e-03   58        58        1         0         181238    342               77389             5503              5424              
  58    1.717351e-06   3.109001e-05   6.320240e-03   59        59        1         0         182650    347               78394             5504              5424              
  59    1.666660e-06   2.933351e-05   5.633000e-03   60        60        1         0         184014    352               79351             5505              5424              
  60    1.614242e-06   2.704384e-05   6.401177e-03   61        61        1         0         185438    357               80368             5506              5424              
  61    1.573229e-06   2.472813e-05   5.372205e-03   62        62        1         0         186823    362               81346             5507              5424              
  62    1.541106e-06   2.288746e-05   4.560155e-03   63        63        1         0         188229    367               82345             5508              5424              
  63    1.511616e-06   2.089974e-05   4.393334e-03   64        64        1         0         189671    372               83380             5509              5424              
  64    1.484724e-06   1.899157e-05   4.287592e-03   65        65        1         0         191062    377               84364             5510              5424              
  65    1.460122e-06   1.708313e-05   4.173905e-03   66        66        1         0         192504    382               85399             5511              5424              
  66    1.437006e-06   1.519344e-05   4.213199e-03   67        67        1         0         193922    387               86410             5512              5424              
  67    1.414860e-06   1.329918e-05   4.367091e-03   68        68        1         0         195361    392               87442             5513              5424              
  68    1.395594e-06   1.145463e-05   4.104515e-03   69        69        1         0         196821    397               88495             5514              5424              
  69    1.379413e-06   9.970477e-06   3.725010e-03   70        70        1         0         198260    402               89527             5515              5424              
Optimization Terminated with Status: Converged
 Done target optimization...
 Resetting problem to initial conditions and target previous FFD points 
 and aim for machine precision functional value....
The process took 62.6976 seconds to run.
********************************************************
Biros and Ghattas Full-space method...with P4 preconditioner
Using 4060 design variables: 4000 simulation variables and 60 control variables.
Line Search: Backtracking satisfying Null Curvature Condition
********************************************************
Iteration         Func. val.        ||Lagr. grad.||   ||Constraint||    ||Search dir||    search_ctl_norm   search_sim_norm   search_adj_norm   n_kkt_iter        n_linesearches    n_grad            n_vmult           dRdW_form         dRdW_mult         dRdX_mult         d2R_mult          
1                 8.0988e-06        0.00334286        0.0241479         12.1661           11.5618           2.44191           2.89431           41                1                 0                 57484             2                 53864             174               332               
2                 7.07395e-08       6.65999e-05       0.000365592       11.4272           11.4205           0.195601          0.338167          33                1                 0                 103612            3                 97115             315               600               
3                 2.30726e-11       1.34112e-06       4.59945e-06       0.494111          0.492306          0.0209106         0.0366438         41                1                 0                 158803            4                 148773            488               932               
4                 1.36119e-13       3.22555e-10       3.72804e-10       0.106744          0.106739          0.000382439       0.000958923       43                1                 0                 216232            5                 202505            669               1280              
Optimization Terminated with Status: Converged
The process took 41.3456 seconds to run.
Total n_vmult for algorithm 216232
