Starting optimization with 60...
Optimizing FFD points to obtain target Gaussian bump...

Quasi-Newton Method with Limited-Memory BFGS
Line Search: Backtracking satisfying Null Curvature Condition
  iter  value          gnorm          snorm          #fval     #grad     ls_#fval  ls_#grad  n_vmult   dRdW_form         dRdW_mult         dRdX_mult         d2R_mult          
  0     1.460802e-03   6.829650e-03   
  1     1.456142e-03   6.816993e-03   6.829650e-04   2         2         1         0         257826    432               118998            84                0                 
  2     1.214745e-03   6.143220e-03   3.746437e-02   3         3         1         0         261616    438               120861            85                0                 
  3     1.012301e-03   5.537461e-03   3.527377e-02   4         4         1         0         265409    444               122727            86                0                 
  4     8.414144e-04   4.987893e-03   3.354646e-02   5         5         1         0         269196    450               124587            87                0                 
  5     6.979778e-04   4.490652e-03   3.178442e-02   6         6         1         0         272983    456               126447            88                0                 
  6     5.781062e-04   4.041527e-03   3.000363e-02   7         7         1         0         276779    462               128316            89                0                 
  7     4.782763e-04   3.636299e-03   2.822512e-02   8         8         1         0         280602    468               130212            90                0                 
  8     3.953686e-04   3.270921e-03   2.647292e-02   9         9         1         0         283478    473               131481            91                0                 
  9     3.266691e-04   2.941599e-03   2.476870e-02   10        10        1         0         286366    478               132762            92                0                 
  10    2.698465e-04   2.644839e-03   2.312973e-02   11        11        1         0         289257    483               134046            93                0                 
  11    2.229175e-04   2.377451e-03   2.156841e-02   12        12        1         0         292154    488               135336            94                0                 
  12    1.842067e-04   2.136543e-03   2.009272e-02   13        13        1         0         295060    493               136635            95                0                 
  13    1.523066e-04   1.919499e-03   1.870695e-02   14        14        1         0         297972    498               137940            96                0                 
  14    1.260401e-04   1.723960e-03   1.741252e-02   15        15        1         0         300893    503               139254            97                0                 
  15    1.044255e-04   1.547798e-03   1.620876e-02   16        16        1         0         303829    508               140583            98                0                 
  16    8.664709e-05   1.389095e-03   1.509345e-02   17        17        1         0         306777    513               141924            99                0                 
  17    7.202828e-05   1.246120e-03   1.406334e-02   18        18        1         0         309731    518               143271            100               0                 
  18    6.000911e-05   1.117316e-03   1.311451e-02   19        19        1         0         312691    523               144624            101               0                 
  19    5.012698e-05   1.001275e-03   1.224264e-02   20        20        1         0         315660    528               145986            102               0                 
  20    4.200030e-05   8.967322e-04   1.144321e-02   21        21        1         0         318641    533               147360            103               0                 
  21    3.531472e-05   8.025438e-04   1.071166e-02   22        22        1         0         321634    538               148746            104               0                 
  22    2.981158e-05   7.176801e-04   1.004352e-02   23        23        1         0         324639    543               150144            105               0                 
  23    2.527828e-05   6.412126e-04   9.434424e-03   24        24        1         0         327653    548               151551            106               0                 
  24    2.154021e-05   5.723043e-04   8.880256e-03   25        25        1         0         330676    553               152967            107               0                 
  25    1.845407e-05   5.102012e-04   8.377122e-03   26        26        1         0         333705    558               154389            108               0                 
  26    1.590238e-05   4.542238e-04   7.921402e-03   27        27        1         0         336737    563               155814            109               0                 
  27    1.378879e-05   4.037606e-04   7.509760e-03   28        28        1         0         339772    568               157242            110               0                 
  28    1.203439e-05   3.582610e-04   7.139153e-03   29        29        1         0         342813    573               158676            111               0                 
  29    1.057455e-05   3.172301e-04   6.806839e-03   30        30        1         0         345860    578               160116            112               0                 
  30    9.356333e-06   2.802235e-04   6.510371e-03   31        31        1         0         348907    583               161556            113               0                 
  31    8.336388e-06   2.468427e-04   6.247600e-03   32        32        1         0         351957    588               162999            114               0                 
  32    7.479225e-06   2.167314e-04   6.016673e-03   33        33        1         0         355007    593               164442            115               0                 
  33    6.755774e-06   1.895724e-04   5.816028e-03   34        34        1         0         358057    598               165885            116               0                 
  34    6.142220e-06   1.650846e-04   5.644389e-03   35        35        1         0         361068    603               167289            117               0                 
  35    5.619041e-06   1.430212e-04   5.500767e-03   36        36        1         0         364106    608               168720            118               0                 
  36    5.170225e-06   1.231689e-04   5.384451e-03   37        37        1         0         367144    613               170151            119               0                 
  37    4.782626e-06   1.053474e-04   5.295006e-03   38        38        1         0         370158    618               171558            120               0                 
  38    4.445438e-06   8.941161e-05   5.232267e-03   39        39        1         0         373223    623               173016            121               0                 
  39    4.149766e-06   7.525471e-05   5.196335e-03   40        40        1         0         376291    628               174477            122               0                 
  40    3.888271e-06   6.281528e-05   5.187573e-03   41        41        1         0         379365    633               175944            123               0                 
  41    3.654887e-06   5.208728e-05   5.206611e-03   42        42        1         0         382418    638               177390            124               0                 
  42    3.444580e-06   4.313149e-05   5.254372e-03   43        43        1         0         385498    643               178863            125               0                 
  43    3.253157e-06   3.607603e-05   5.332130e-03   44        44        1         0         388551    648               180309            126               0                 
  44    3.077100e-06   3.107157e-05   5.441675e-03   45        45        1         0         391637    653               181788            127               0                 
  45    2.913427e-06   2.815628e-05   5.585655e-03   46        46        1         0         394723    658               183267            128               0                 
  46    2.759562e-06   2.707724e-05   5.768320e-03   47        47        1         0         397809    663               184746            129               0                 
  47    2.613201e-06   2.727140e-05   5.997334e-03   48        48        1         0         400895    668               186225            130               0                 
  48    2.472040e-06   2.811553e-05   6.297679e-03   49        49        1         0         403972    673               187695            131               0                 
  49    2.324869e-06   3.588083e-05   7.710471e-03   50        50        1         0         407049    678               189165            132               0                 
  50    2.196843e-06   3.531568e-05   6.862065e-03   51        51        1         0         410132    683               190641            133               0                 
  51    2.094648e-06   3.574708e-05   6.018077e-03   52        52        1         0         413248    688               192150            134               0                 
  52    1.985320e-06   3.378836e-05   6.634663e-03   53        53        1         0         416352    693               193647            135               0                 
  53    1.875617e-06   3.344080e-05   7.427732e-03   54        54        1         0         419459    698               195147            136               0                 
  54    1.766219e-06   3.582128e-05   8.944874e-03   55        55        1         0         422566    703               196647            137               0                 
  55    1.677536e-06   3.349002e-05   7.071646e-03   56        56        1         0         425676    708               198150            138               0                 
  56    1.590364e-06   3.772743e-05   8.493373e-03   57        57        1         0         428777    713               199644            139               0                 
  57    1.522745e-06   3.438457e-05   6.452668e-03   58        58        1         0         431899    718               201159            140               0                 
  58    1.469059e-06   3.187362e-05   5.655984e-03   59        59        1         0         435039    723               202692            141               0                 
  59    1.419194e-06   2.889956e-05   5.572996e-03   60        60        1         0         438155    728               204201            142               0                 
  60    1.372694e-06   2.635540e-05   5.841310e-03   61        61        1         0         441328    733               205767            143               0                 
  61    1.325266e-06   2.345029e-05   6.625772e-03   62        62        1         0         444438    738               207270            144               0                 
  62    1.290624e-06   2.070060e-05   5.277003e-03   63        63        1         0         447581    743               208806            145               0                 
  63    1.264471e-06   1.864077e-05   4.484031e-03   64        64        1         0         450745    748               210363            146               0                 
  64    1.241023e-06   1.652626e-05   4.292987e-03   65        65        1         0         453864    753               211875            147               0                 
  65    1.219884e-06   1.447516e-05   4.330431e-03   66        66        1         0         457055    758               213459            148               0                 
  66    1.202293e-06   1.275562e-05   3.966416e-03   67        67        1         0         460198    763               214995            149               0                 
  67    1.187127e-06   1.103160e-05   3.696367e-03   68        68        1         0         463365    768               216555            150               0                 
  68    1.174339e-06   9.601299e-06   3.486974e-03   69        69        1         0         466550    773               218133            151               0                 
Optimization Terminated with Status: Converged
 Done target optimization...
 Resetting problem to initial conditions and target previous FFD points 
 and aim for machine precision functional value....
The process took 849.538 seconds to run.
Starting optimization with 60...

Newton-Krylov using GMRES with Limited-Memory BFGS preconditioning
Line Search: Backtracking satisfying Null Curvature Condition
-------------------------------------------------------------------------------------------------------------
Newton-Krylov status output definitions

  iter     - Number of iterates (steps taken) 
  value    - Objective function value 
  gnorm    - Norm of the gradient
  snorm    - Norm of the step (update to optimization vector)
  #fval    - Cumulative number of times the objective function was evaluated
  #grad    - Number of times the gradient was computed
  iterCG   - Number of Krylov iterations used to compute search direction
  flagCG   - Krylov solver flag
-------------------------------------------------------------------------------------------------------------
  iter  value          gnorm          snorm          #fval     #grad     iterCG    flagCG    ls_#fval  ls_#grad  n_vmult   dRdW_form         dRdW_mult         dRdX_mult         d2R_mult          
  0     1.462198e-03   6.834436e-03   
  1     1.775810e-05   7.048801e-04   2.171106e+01   2         2         31        0         1         0         35421     8                 31503             66                128               
  2     4.997646e-09   1.131379e-05   2.137857e+01   3         3         29        0         1         0         65269     14                58164             127               248               
  3     4.990944e-15   2.720002e-09   3.319988e-01   4         4         31        0         1         0         96072     19                86016             192               376               
  4     7.515157e-19   7.255400e-15   9.582055e-03   5         5         35        0         1         0         128838    23                115983            265               520               
Optimization Terminated with Status: Converged
The process took 1061.71 seconds to run.
Total n_vmult for algorithm 128838
