Starting optimization with 60...
Optimizing FFD points to obtain target Gaussian bump...

Quasi-Newton Method with Limited-Memory BFGS
Line Search: Backtracking satisfying Null Curvature Condition
  iter  value          gnorm          snorm          #fval     #grad     ls_#fval  ls_#grad  n_vmult   dRdW_form         dRdW_mult         dRdX_mult         d2R_mult          
  0     1.460201e-03   6.826447e-03   
  1     1.455545e-03   6.813803e-03   6.826447e-04   2         2         1         0         195028    47                173772            928               900               
  2     1.214223e-03   6.140337e-03   3.747184e-02   3         3         1         0         197774    53                175431            929               900               
  3     1.011843e-03   5.534821e-03   3.528034e-02   4         4         1         0         200529    59                177099            930               900               
  4     8.410135e-04   4.985491e-03   3.355362e-02   5         5         1         0         203299    65                178782            931               900               
  5     6.976284e-04   4.488463e-03   3.179094e-02   6         6         1         0         206087    71                180483            932               900               
  6     5.778031e-04   4.039537e-03   3.000962e-02   7         7         1         0         208893    77                182202            933               900               
  7     4.780149e-04   3.634492e-03   2.823021e-02   8         8         1         0         211714    83                183936            934               900               
  8     3.951444e-04   3.269282e-03   2.647718e-02   9         9         1         0         214544    89                185679            935               900               
  9     3.264777e-04   2.940114e-03   2.477208e-02   10        10        1         0         217386    95                187434            936               900               
  10    2.696839e-04   2.643495e-03   2.313234e-02   11        11        1         0         220240    101               189201            937               900               
  11    2.227799e-04   2.376235e-03   2.157032e-02   12        12        1         0         222248    106               190302            938               900               
  12    1.840906e-04   2.135444e-03   2.009403e-02   13        13        1         0         224265    111               191412            939               900               
  13    1.522091e-04   1.918508e-03   1.870774e-02   14        14        1         0         226294    116               192534            940               900               
  14    1.259583e-04   1.723066e-03   1.741289e-02   15        15        1         0         228335    121               193668            941               900               
  15    1.043572e-04   1.546992e-03   1.620879e-02   16        16        1         0         230388    126               194814            942               900               
  16    8.659007e-05   1.388368e-03   1.509322e-02   17        17        1         0         232453    131               195972            943               900               
  17    7.198075e-05   1.245465e-03   1.406293e-02   18        18        1         0         234521    136               197133            944               900               
  18    5.996953e-05   1.116726e-03   1.311398e-02   19        19        1         0         236598    141               198303            945               900               
  19    5.009403e-05   1.000744e-03   1.224204e-02   20        20        1         0         238678    146               199476            946               900               
  20    4.197286e-05   8.962534e-04   1.144258e-02   21        21        1         0         240764    151               200655            947               900               
  21    3.529187e-05   8.021125e-04   1.071102e-02   22        22        1         0         242853    156               201837            948               900               
  22    2.979255e-05   7.172917e-04   1.004285e-02   23        23        1         0         244951    161               203028            949               900               
  23    2.526244e-05   6.408630e-04   9.433729e-03   24        24        1         0         247049    166               204219            950               900               
  24    2.152704e-05   5.719902e-04   8.879500e-03   25        25        1         0         249156    171               205419            951               900               
  25    1.844317e-05   5.099196e-04   8.376266e-03   26        26        1         0         251266    176               206622            952               900               
  26    1.589339e-05   4.539723e-04   7.920402e-03   27        27        1         0         253382    181               207831            953               900               
  27    1.378145e-05   4.035370e-04   7.508571e-03   28        28        1         0         255501    186               209043            954               900               
  28    1.202848e-05   3.580634e-04   7.137741e-03   29        29        1         0         257620    191               210255            955               900               
  29    1.056987e-05   3.170568e-04   6.805177e-03   30        30        1         0         259745    196               211473            956               900               
  30    9.352730e-06   2.800729e-04   6.508454e-03   31        31        1         0         261873    201               212694            957               900               
  31    8.333725e-06   2.467131e-04   6.245443e-03   32        32        1         0         264010    206               213924            958               900               
  32    7.477380e-06   2.166214e-04   6.014321e-03   33        33        1         0         266147    211               215154            959               900               
  33    6.754637e-06   1.894799e-04   5.813555e-03   34        34        1         0         268293    216               216393            960               900               
  34    6.141686e-06   1.650077e-04   5.641907e-03   35        35        1         0         270445    221               217638            961               900               
  35    5.619011e-06   1.429574e-04   5.498420e-03   36        36        1         0         272606    226               218892            962               900               
  36    5.170602e-06   1.231158e-04   5.382425e-03   37        37        1         0         274767    231               220146            963               900               
  37    4.783314e-06   1.053019e-04   5.293518e-03   38        38        1         0         276910    236               221382            964               900               
  38    4.446343e-06   8.937155e-05   5.231575e-03   39        39        1         0         279053    241               222618            965               900               
  39    4.150795e-06   7.521559e-05   5.196723e-03   40        40        1         0         281196    246               223854            966               900               
  40    3.889331e-06   6.277842e-05   5.189413e-03   41        41        1         0         283351    251               225102            967               900               
  41    3.655864e-06   5.204337e-05   5.210817e-03   42        42        1         0         285509    256               226353            968               900               
  42    3.445204e-06   4.310251e-05   5.266566e-03   43        43        1         0         287670    261               227607            969               900               
  43    3.251562e-06   3.610086e-05   5.409378e-03   44        44        1         0         289858    266               228888            970               900               
  44    3.059167e-06   3.177269e-05   6.054354e-03   45        45        1         0         292052    271               230175            971               900               
  45    2.877921e-06   2.789712e-05   6.305316e-03   46        46        1         0         294192    276               231408            972               900               
  46    2.740602e-06   2.824686e-05   5.376766e-03   47        47        1         0         296386    281               232695            973               900               
  47    2.617219e-06   2.937601e-05   5.252520e-03   48        48        1         0         298580    286               233982            974               900               
  48    2.498889e-06   3.130920e-05   5.467292e-03   49        49        1         0         300771    291               235266            975               900               
  49    2.381904e-06   3.295106e-05   5.784284e-03   50        50        1         0         303016    296               236604            976               900               
  50    2.262653e-06   3.610147e-05   6.498517e-03   51        51        1         0         305192    301               237873            977               900               
  51    2.125910e-06   3.651948e-05   8.055640e-03   52        52        1         0         307413    306               239187            978               900               
  52    2.031632e-06   3.767175e-05   6.219938e-03   53        53        1         0         309628    311               240495            979               900               
  53    1.946801e-06   3.789719e-05   5.961858e-03   54        54        1         0         311840    316               241800            980               900               
  54    1.866652e-06   3.762999e-05   6.000409e-03   55        55        1         0         314064    321               243117            981               900               
  55    1.789578e-06   3.687169e-05   6.109446e-03   56        56        1         0         316270    326               244416            982               900               
  56    1.713725e-06   3.541571e-05   6.369819e-03   57        57        1         0         318512    331               245751            983               900               
  57    1.635352e-06   3.417296e-05   7.290052e-03   58        58        1         0         320751    336               247083            984               900               
  58    1.561569e-06   3.156716e-05   7.336920e-03   59        59        1         0         323002    341               248427            985               900               
  59    1.507408e-06   2.968376e-05   5.933681e-03   60        60        1         0         325244    346               249762            986               900               
  60    1.458287e-06   2.754874e-05   5.710598e-03   61        61        1         0         327522    351               251133            987               900               
  61    1.413082e-06   2.537870e-05   5.648732e-03   62        62        1         0         329773    356               252477            988               900               
  62    1.367898e-06   2.319402e-05   6.220795e-03   63        63        1         0         331985    361               253782            989               900               
  63    1.327310e-06   2.045922e-05   6.012194e-03   64        64        1         0         334218    366               255108            990               900               
  64    1.297860e-06   1.848054e-05   4.807465e-03   65        65        1         0         336514    371               256497            991               900               
  65    1.272253e-06   1.659854e-05   4.457209e-03   66        66        1         0         338810    376               257886            992               900               
  66    1.249189e-06   1.478056e-05   4.316477e-03   67        67        1         0         341091    381               259260            993               900               
  67    1.227953e-06   1.318471e-05   4.290293e-03   68        68        1         0         343363    386               260625            994               900               
  68    1.207527e-06   1.128885e-05   4.504035e-03   69        69        1         0         345641    391               261996            995               900               
  69    1.191080e-06   9.793642e-06   3.934031e-03   70        70        1         0         347901    396               263349            996               900               
Optimization Terminated with Status: Converged
 Done target optimization...
 Resetting problem to initial conditions and target previous FFD points 
 and aim for machine precision functional value....
The process took 249.836 seconds to run.
********************************************************
Biros and Ghattas Full-space method...with P2A preconditioner
Using 9060 design variables: 9000 simulation variables and 60 control variables.
Line Search: Backtracking satisfying Null Curvature Condition
********************************************************
Iteration         Func. val.        ||Lagr. grad.||   ||Constraint||    ||Search dir||    search_ctl_norm   search_sim_norm   search_adj_norm   n_kkt_iter        n_linesearches    n_grad            n_vmult           dRdW_form         dRdW_mult         dRdX_mult         d2R_mult          
1                 6.83044e-06       0.00526719        0.0223698         19.3956           18.5041           3.52431           4.62263           441               1                 0                 28212             2                 3058              1774              1768              
2                 5.50789e-07       0.000210823       0.000532314       8.44097           8.41008           0.291222          0.660092          296               1                 0                 46844             3                 4843              2967              2956              
3                 3.15342e-10       2.88315e-05       3.76045e-05       10.0178           10.0158           0.0802124         0.182993          335               1                 0                 67894             4                 6862              4316              4300              
4                 2.29388e-13       2.38094e-08       1.03736e-08       0.107301          0.106884          0.00210113        0.00921627        365               1                 0                 90804             5                 9061              5785              5764              
5                 3.79656e-14       9.04091e-12       6.59326e-12       0.0164011         0.016401          4.87373e-05       7.52428e-06       393               1                 0                 115450            6                 11428             7366              7340              
Optimization Terminated with Status: Converged
The process took 186.706 seconds to run.
Total n_vmult for algorithm 115450
