Starting optimization with 60...
Optimizing FFD points to obtain target Gaussian bump...

Quasi-Newton Method with Limited-Memory BFGS
Line Search: Backtracking satisfying Null Curvature Condition
  iter  value          gnorm          snorm          #fval     #grad     ls_#fval  ls_#grad  n_vmult   dRdW_form         dRdW_mult         dRdX_mult         d2R_mult          
  0     1.460201e-03   6.826447e-03   
  1     1.455545e-03   6.813803e-03   6.826447e-04   2         2         1         0         106291    64                90312             217               420               
  2     1.214223e-03   6.140337e-03   3.747184e-02   3         3         1         0         109037    70                91971             218               420               
  3     1.011843e-03   5.534821e-03   3.528034e-02   4         4         1         0         111792    76                93639             219               420               
  4     8.410135e-04   4.985491e-03   3.355362e-02   5         5         1         0         114562    82                95322             220               420               
  5     6.976284e-04   4.488463e-03   3.179094e-02   6         6         1         0         117350    88                97023             221               420               
  6     5.778031e-04   4.039537e-03   3.000962e-02   7         7         1         0         120156    94                98742             222               420               
  7     4.780149e-04   3.634492e-03   2.823021e-02   8         8         1         0         122977    100               100476            223               420               
  8     3.951444e-04   3.269282e-03   2.647718e-02   9         9         1         0         125807    106               102219            224               420               
  9     3.264777e-04   2.940114e-03   2.477208e-02   10        10        1         0         128649    112               103974            225               420               
  10    2.696839e-04   2.643495e-03   2.313234e-02   11        11        1         0         131503    118               105741            226               420               
  11    2.227799e-04   2.376235e-03   2.157032e-02   12        12        1         0         133511    123               106842            227               420               
  12    1.840906e-04   2.135444e-03   2.009403e-02   13        13        1         0         135528    128               107952            228               420               
  13    1.522091e-04   1.918508e-03   1.870774e-02   14        14        1         0         137557    133               109074            229               420               
  14    1.259583e-04   1.723066e-03   1.741289e-02   15        15        1         0         139598    138               110208            230               420               
  15    1.043572e-04   1.546992e-03   1.620879e-02   16        16        1         0         141651    143               111354            231               420               
  16    8.659007e-05   1.388368e-03   1.509322e-02   17        17        1         0         143716    148               112512            232               420               
  17    7.198075e-05   1.245465e-03   1.406293e-02   18        18        1         0         145784    153               113673            233               420               
  18    5.996953e-05   1.116726e-03   1.311398e-02   19        19        1         0         147861    158               114843            234               420               
  19    5.009403e-05   1.000744e-03   1.224204e-02   20        20        1         0         149941    163               116016            235               420               
  20    4.197286e-05   8.962534e-04   1.144258e-02   21        21        1         0         152027    168               117195            236               420               
  21    3.529187e-05   8.021125e-04   1.071102e-02   22        22        1         0         154116    173               118377            237               420               
  22    2.979255e-05   7.172917e-04   1.004285e-02   23        23        1         0         156214    178               119568            238               420               
  23    2.526244e-05   6.408630e-04   9.433729e-03   24        24        1         0         158312    183               120759            239               420               
  24    2.152704e-05   5.719902e-04   8.879500e-03   25        25        1         0         160419    188               121959            240               420               
  25    1.844317e-05   5.099196e-04   8.376266e-03   26        26        1         0         162529    193               123162            241               420               
  26    1.589339e-05   4.539723e-04   7.920402e-03   27        27        1         0         164645    198               124371            242               420               
  27    1.378145e-05   4.035370e-04   7.508571e-03   28        28        1         0         166764    203               125583            243               420               
  28    1.202848e-05   3.580634e-04   7.137741e-03   29        29        1         0         168883    208               126795            244               420               
  29    1.056987e-05   3.170568e-04   6.805177e-03   30        30        1         0         171008    213               128013            245               420               
  30    9.352730e-06   2.800729e-04   6.508454e-03   31        31        1         0         173136    218               129234            246               420               
  31    8.333725e-06   2.467131e-04   6.245443e-03   32        32        1         0         175273    223               130464            247               420               
  32    7.477380e-06   2.166214e-04   6.014321e-03   33        33        1         0         177410    228               131694            248               420               
  33    6.754637e-06   1.894799e-04   5.813555e-03   34        34        1         0         179556    233               132933            249               420               
  34    6.141686e-06   1.650077e-04   5.641907e-03   35        35        1         0         181708    238               134178            250               420               
  35    5.619011e-06   1.429574e-04   5.498420e-03   36        36        1         0         183869    243               135432            251               420               
  36    5.170602e-06   1.231158e-04   5.382425e-03   37        37        1         0         186030    248               136686            252               420               
  37    4.783314e-06   1.053019e-04   5.293518e-03   38        38        1         0         188173    253               137922            253               420               
  38    4.446343e-06   8.937155e-05   5.231575e-03   39        39        1         0         190316    258               139158            254               420               
  39    4.150795e-06   7.521559e-05   5.196723e-03   40        40        1         0         192459    263               140394            255               420               
  40    3.889331e-06   6.277842e-05   5.189413e-03   41        41        1         0         194614    268               141642            256               420               
  41    3.655864e-06   5.204337e-05   5.210817e-03   42        42        1         0         196772    273               142893            257               420               
  42    3.445204e-06   4.310251e-05   5.266566e-03   43        43        1         0         198933    278               144147            258               420               
  43    3.251562e-06   3.610086e-05   5.409378e-03   44        44        1         0         201121    283               145428            259               420               
  44    3.059167e-06   3.177269e-05   6.054354e-03   45        45        1         0         203315    288               146715            260               420               
  45    2.877921e-06   2.789712e-05   6.305316e-03   46        46        1         0         205455    293               147948            261               420               
  46    2.740602e-06   2.824686e-05   5.376766e-03   47        47        1         0         207649    298               149235            262               420               
  47    2.617219e-06   2.937601e-05   5.252520e-03   48        48        1         0         209843    303               150522            263               420               
  48    2.498889e-06   3.130920e-05   5.467292e-03   49        49        1         0         212034    308               151806            264               420               
  49    2.381904e-06   3.295106e-05   5.784284e-03   50        50        1         0         214279    313               153144            265               420               
  50    2.262653e-06   3.610147e-05   6.498517e-03   51        51        1         0         216455    318               154413            266               420               
  51    2.125910e-06   3.651948e-05   8.055640e-03   52        52        1         0         218676    323               155727            267               420               
  52    2.031632e-06   3.767175e-05   6.219938e-03   53        53        1         0         220891    328               157035            268               420               
  53    1.946801e-06   3.789719e-05   5.961858e-03   54        54        1         0         223103    333               158340            269               420               
  54    1.866652e-06   3.762999e-05   6.000409e-03   55        55        1         0         225327    338               159657            270               420               
  55    1.789578e-06   3.687169e-05   6.109446e-03   56        56        1         0         227533    343               160956            271               420               
  56    1.713725e-06   3.541571e-05   6.369819e-03   57        57        1         0         229775    348               162291            272               420               
  57    1.635352e-06   3.417296e-05   7.290052e-03   58        58        1         0         232014    353               163623            273               420               
  58    1.561569e-06   3.156716e-05   7.336920e-03   59        59        1         0         234265    358               164967            274               420               
  59    1.507408e-06   2.968376e-05   5.933681e-03   60        60        1         0         236507    363               166302            275               420               
  60    1.458287e-06   2.754874e-05   5.710598e-03   61        61        1         0         238785    368               167673            276               420               
  61    1.413082e-06   2.537870e-05   5.648732e-03   62        62        1         0         241036    373               169017            277               420               
  62    1.367898e-06   2.319402e-05   6.220795e-03   63        63        1         0         243248    378               170322            278               420               
  63    1.327310e-06   2.045922e-05   6.012194e-03   64        64        1         0         245481    383               171648            279               420               
  64    1.297860e-06   1.848054e-05   4.807465e-03   65        65        1         0         247777    388               173037            280               420               
  65    1.272253e-06   1.659854e-05   4.457209e-03   66        66        1         0         250073    393               174426            281               420               
  66    1.249189e-06   1.478056e-05   4.316477e-03   67        67        1         0         252354    398               175800            282               420               
  67    1.227953e-06   1.318471e-05   4.290293e-03   68        68        1         0         254626    403               177165            283               420               
  68    1.207527e-06   1.128885e-05   4.504035e-03   69        69        1         0         256904    408               178536            284               420               
  69    1.191080e-06   9.793642e-06   3.934031e-03   70        70        1         0         259164    413               179889            285               420               
Optimization Terminated with Status: Converged
 Done target optimization...
 Resetting problem to initial conditions and target previous FFD points 
 and aim for machine precision functional value....
The process took 240.832 seconds to run.
********************************************************
Biros and Ghattas Full-space method...with P2 preconditioner
Using 9060 design variables: 9000 simulation variables and 60 control variables.
Line Search: Backtracking satisfying Null Curvature Condition
********************************************************
Iteration         Func. val.        ||Lagr. grad.||   ||Constraint||    ||Search dir||    search_ctl_norm   search_sim_norm   search_adj_norm   n_kkt_iter        n_linesearches    n_grad            n_vmult           dRdW_form         dRdW_mult         dRdX_mult         d2R_mult          
1                 6.92314e-06       0.00516793        0.0223801         10.6098           8.87655           3.52435           4.62107           47                1                 0                 39944             2                 36854             198               192               
2                 4.88967e-07       0.000205668       0.000533715       4.99293           4.9413            0.290846          0.654417          37                1                 0                 70132             3                 64699             355               344               
3                 2.27459e-10       2.9288e-05        3.27993e-05       3.94357           3.93785           0.0756119         0.19839           41                1                 0                 103597            4                 95597             528               512               
4                 2.56054e-13       1.27121e-08       6.63378e-09       0.0688954         0.0686504         0.00172617        0.00554269        45                1                 0                 140312            5                 129521            717               696               
5                 1.57803e-14       1.41578e-12       6.53944e-12       0.0246133         0.0246133         6.0087e-05        1.07503e-05       50                1                 0                 180851            6                 166989            926               900               
Optimization Terminated with Status: Converged
The process took 324.575 seconds to run.
Total n_vmult for algorithm 180851
