Starting optimization with 160...
Optimizing FFD points to obtain target Gaussian bump...

Quasi-Newton Method with Limited-Memory BFGS
Line Search: Backtracking satisfying Null Curvature Condition
  iter  value          gnorm          snorm          #fval     #grad     ls_#fval  ls_#grad  n_vmult   dRdW_form         dRdW_mult         dRdX_mult         d2R_mult          
  0     1.460802e-03   5.584927e-03   
  1     1.457685e-03   5.578482e-03   5.584927e-04   2         2         1         0         192614    58                26410             10560             10532             
  2     1.201103e-03   5.025753e-03   4.842646e-02   3         3         1         0         196380    64                28249             10561             10532             
  3     9.904053e-04   4.531542e-03   4.417444e-02   4         4         1         0         200155    70                30097             10562             10532             
  4     8.155450e-04   4.085027e-03   4.076022e-02   5         5         1         0         203945    76                31960             10563             10532             
  5     6.699026e-04   3.679277e-03   3.786122e-02   6         6         1         0         207720    82                33808             10564             10532             
  6     5.455182e-04   3.302676e-03   3.654785e-02   7         7         1         0         211492    88                35653             10565             10532             
  7     4.347384e-04   2.928892e-03   3.673275e-02   8         8         1         0         214365    93                36919             10566             10532             
  8     3.485597e-04   2.606211e-03   3.172719e-02   9         9         1         0         217244    98                38191             10567             10532             
  9     2.835587e-04   2.339217e-03   2.674727e-02   10        10        1         0         220129    103               39469             10568             10532             
  10    2.315228e-04   2.103975e-03   2.386022e-02   11        11        1         0         223029    108               40762             10569             10532             
  11    1.891669e-04   1.893984e-03   2.165497e-02   12        12        1         0         225941    113               42067             10570             10532             
  12    1.544784e-04   1.704855e-03   1.977558e-02   13        13        1         0         228862    118               43381             10571             10532             
  13    1.257832e-04   1.533072e-03   1.833407e-02   14        14        1         0         231792    123               44704             10572             10532             
  14    1.011375e-04   1.370404e-03   1.787281e-02   15        15        1         0         234719    128               46024             10573             10532             
  15    8.001096e-05   1.213463e-03   1.714813e-02   16        16        1         0         237652    133               47350             10574             10532             
  16    6.415965e-05   1.082589e-03   1.437158e-02   17        17        1         0         240597    138               48688             10575             10532             
  17    5.200143e-05   9.713236e-04   1.231474e-02   18        18        1         0         243563    143               50047             10576             10532             
  18    4.229907e-05   8.731717e-04   1.096448e-02   19        19        1         0         246538    148               51415             10577             10532             
  19    3.445523e-05   7.854654e-04   9.885119e-03   20        20        1         0         249531    153               52801             10578             10532             
  20    2.808491e-05   7.067522e-04   8.953082e-03   21        21        1         0         252539    158               54202             10579             10532             
  21    2.290311e-05   6.359616e-04   8.122228e-03   22        22        1         0         255553    163               55609             10580             10532             
  22    1.868607e-05   5.722584e-04   7.374156e-03   23        23        1         0         258576    168               57025             10581             10532             
  23    1.525403e-05   5.149035e-04   6.697227e-03   24        24        1         0         261605    173               58447             10582             10532             
  24    1.246116e-05   4.632631e-04   6.084641e-03   25        25        1         0         264643    178               59878             10583             10532             
  25    1.018877e-05   4.167583e-04   5.529987e-03   26        26        1         0         267690    183               61318             10584             10532             
  26    8.340100e-06   3.748807e-04   5.028522e-03   27        27        1         0         270740    188               62761             10585             10532             
  27    6.836293e-06   3.371647e-04   4.575299e-03   28        28        1         0         273790    193               64204             10586             10532             
  28    5.613074e-06   3.031984e-04   4.166376e-03   29        29        1         0         276846    198               65653             10587             10532             
  29    4.618075e-06   2.726045e-04   3.797616e-03   30        30        1         0         279914    203               67114             10588             10532             
  30    3.808655e-06   2.450490e-04   3.465680e-03   31        31        1         0         282985    208               68578             10589             10532             
  31    3.150100e-06   2.202257e-04   3.167059e-03   32        32        1         0         286059    213               70045             10590             10532             
  32    2.614167e-06   1.978638e-04   2.898944e-03   33        33        1         0         289142    218               71521             10591             10532             
  33    2.177885e-06   1.777142e-04   2.658359e-03   34        34        1         0         292225    223               72997             10592             10532             
  34    1.822576e-06   1.595578e-04   2.442963e-03   35        35        1         0         295314    228               74479             10593             10532             
  35    1.533057e-06   1.431921e-04   2.250234e-03   36        36        1         0         298406    233               75964             10594             10532             
  36    1.296992e-06   1.284398e-04   2.078233e-03   37        37        1         0         301510    238               77461             10595             10532             
  37    1.104359e-06   1.151363e-04   1.924826e-03   38        38        1         0         304614    243               78958             10596             10532             
  38    9.470174e-07   1.031383e-04   1.788416e-03   39        39        1         0         307727    248               80464             10597             10532             
  39    8.183552e-07   9.231222e-05   1.667209e-03   40        40        1         0         310843    253               81973             10598             10532             
  40    7.130032e-07   8.254249e-05   1.559904e-03   41        41        1         0         313962    258               83485             10599             10532             
  41    6.266002e-07   7.372045e-05   1.465030e-03   42        42        1         0         317087    263               85003             10600             10532             
  42    5.556035e-07   6.575296e-05   1.381558e-03   43        43        1         0         320215    268               86524             10601             10532             
  43    4.971342e-07   5.855159e-05   1.308334e-03   44        44        1         0         323352    273               88054             10602             10532             
  44    4.488521e-07   5.204095e-05   1.244589e-03   45        45        1         0         326489    278               89584             10603             10532             
  45    4.088543e-07   4.614890e-05   1.189473e-03   46        46        1         0         329629    283               91117             10604             10532             
  46    3.755930e-07   4.081428e-05   1.142450e-03   47        47        1         0         332772    288               92653             10605             10532             
  47    3.478093e-07   3.597833e-05   1.102939e-03   48        48        1         0         335924    293               94198             10606             10532             
  48    3.244787e-07   3.159182e-05   1.070604e-03   49        49        1         0         339076    298               95743             10607             10532             
  49    3.047679e-07   2.760755e-05   1.045100e-03   50        50        1         0         342234    303               97294             10608             10532             
  50    2.879982e-07   2.398704e-05   1.026284e-03   51        51        1         0         345398    308               98851             10609             10532             
  51    2.736166e-07   2.069405e-05   1.014047e-03   52        52        1         0         348571    313               100417            10610             10532             
  52    2.611718e-07   1.770128e-05   1.008463e-03   53        53        1         0         351750    318               101989            10611             10532             
  53    2.502946e-07   1.498486e-05   1.009690e-03   54        54        1         0         354929    323               103561            10612             10532             
  54    2.406816e-07   1.253289e-05   1.018087e-03   55        55        1         0         358114    328               105139            10613             10532             
  55    2.320821e-07   1.034192e-05   1.034187e-03   56        56        1         0         361296    333               106714            10614             10532             
  56    2.242865e-07   8.432212e-06   1.058899e-03   57        57        1         0         364478    338               108289            10615             10532             
Optimization Terminated with Status: Converged
 Done target optimization...
 Resetting problem to initial conditions and target previous FFD points 
 and aim for machine precision functional value....
The process took 778.796 seconds to run.
Starting optimization with 160...

Newton-Krylov using GMRES with Limited-Memory BFGS preconditioning
Line Search: Backtracking satisfying Null Curvature Condition
-------------------------------------------------------------------------------------------------------------
Newton-Krylov status output definitions

  iter     - Number of iterates (steps taken) 
  value    - Objective function value 
  gnorm    - Norm of the gradient
  snorm    - Norm of the step (update to optimization vector)
  #fval    - Cumulative number of times the objective function was evaluated
  #grad    - Number of times the gradient was computed
  iterCG   - Number of Krylov iterations used to compute search direction
  flagCG   - Krylov solver flag
-------------------------------------------------------------------------------------------------------------
  iter  value          gnorm          snorm          #fval     #grad     iterCG    flagCG    ls_#fval  ls_#grad  n_vmult   dRdW_form         dRdW_mult         dRdX_mult         d2R_mult          
  0     1.456238e-03   5.576537e-03   
  1     1.780754e-05   5.167047e-04   2.021254e+00   2         2         48        0         1         0         51384     8                 46752             100               196               
  2     6.486831e-09   1.024807e-05   1.904737e+00   3         3         48        0         1         0         98308     14                89691             199               392               
  3     3.833313e-14   6.055225e-09   1.417942e-01   4         4         52        0         1         0         147489    19                135039            306               604               
  4     2.981336e-19   1.645333e-13   1.624249e-02   5         5         58        0         1         0         200355    23                184140            425               840               
Optimization Terminated with Status: Converged
The process took 1464.33 seconds to run.
Total n_vmult for algorithm 200355
