Starting optimization with 40...
Optimizing FFD points to obtain target Gaussian bump...

Quasi-Newton Method with Limited-Memory BFGS
Line Search: Backtracking satisfying Null Curvature Condition
  iter  value          gnorm          snorm          #fval     #grad     ls_#fval  ls_#grad  n_vmult   dRdW_form         dRdW_mult         dRdX_mult         d2R_mult          
  0     1.446428e-03   7.331623e-03   
  1     1.441059e-03   7.314634e-03   7.331623e-04   2         2         1         0         139814    35                19278             5768              11460             
  2     1.217252e-03   6.591384e-03   3.245899e-02   3         3         1         0         141534    41                20511             5769              11460             
  3     1.027427e-03   5.937952e-03   3.110680e-02   4         4         1         0         143260    47                21750             5770              11460             
  4     8.657045e-04   5.343532e-03   3.011529e-02   5         5         1         0         144989    53                22992             5771              11460             
  5     7.287593e-04   4.804629e-03   2.907258e-02   6         6         1         0         146730    59                24246             5772              11460             
  6     6.133285e-04   4.317116e-03   2.797945e-02   7         7         1         0         148474    65                25503             5773              11460             
  7     5.163820e-04   3.876721e-03   2.684799e-02   8         8         1         0         150224    71                26766             5774              11460             
  8     4.351878e-04   3.479255e-03   2.569689e-02   9         9         1         0         151974    77                28029             5775              11460             
  9     3.673331e-04   3.120737e-03   2.454586e-02   10        10        1         0         153733    83                29301             5776              11460             
  10    3.107180e-04   2.797458e-03   2.341265e-02   11        11        1         0         155495    89                30576             5777              11460             
  11    2.635357e-04   2.506008e-03   2.231185e-02   12        12        1         0         157260    95                31854             5778              11460             
  12    2.242440e-04   2.243276e-03   2.125467e-02   13        13        1         0         159028    101               33135             5779              11460             
  13    1.915357e-04   2.006433e-03   2.024925e-02   14        14        1         0         160799    107               34419             5780              11460             
  14    1.643082e-04   1.792922e-03   1.930120e-02   15        15        1         0         162573    113               35706             5781              11460             
  15    1.416356e-04   1.600426e-03   1.841409e-02   16        16        1         0         164359    119               37005             5782              11460             
  16    1.227426e-04   1.426858e-03   1.758993e-02   17        17        1         0         166145    125               38304             5783              11460             
  17    1.069822e-04   1.270332e-03   1.682961e-02   18        18        1         0         167928    131               39600             5784              11460             
  18    9.381570e-05   1.129148e-03   1.613317e-02   19        19        1         0         169720    137               40905             5785              11460             
  19    8.279546e-05   1.001779e-03   1.550009e-02   20        20        1         0         171524    143               42222             5786              11460             
  20    7.355010e-05   8.868479e-04   1.492949e-02   21        21        1         0         173334    149               43545             5787              11460             
  21    6.577198e-05   7.831211e-04   1.442028e-02   22        22        1         0         175153    155               44877             5788              11460             
  22    5.920659e-05   6.894933e-04   1.397135e-02   23        23        1         0         176978    161               46215             5789              11460             
  23    5.364349e-05   6.049785e-04   1.358167e-02   24        24        1         0         178812    167               47562             5790              11460             
  24    4.890881e-05   5.287011e-04   1.325042e-02   25        25        1         0         180664    173               48927             5791              11460             
  25    4.485893e-05   4.598890e-04   1.297711e-02   26        26        1         0         182537    179               50313             5792              11460             
  26    4.137517e-05   3.978694e-04   1.276166e-02   27        27        1         0         184419    185               51708             5793              11460             
  27    3.835942e-05   3.420665e-04   1.260455e-02   28        28        1         0         186310    191               53112             5794              11460             
  28    3.573049e-05   2.920035e-04   1.250693e-02   29        29        1         0         188201    197               54516             5795              11460             
  29    3.342106e-05   2.473100e-04   1.247073e-02   30        30        1         0         190089    203               55917             5796              11460             
  30    3.137517e-05   2.077368e-04   1.249889e-02   31        31        1         0         191965    209               57306             5797              11460             
  31    2.954613e-05   1.731822e-04   1.259552e-02   32        32        1         0         193874    215               58728             5798              11460             
  32    2.789473e-05   1.437285e-04   1.276632e-02   33        33        1         0         195792    221               60159             5799              11460             
  33    2.638786e-05   1.196753e-04   1.301900e-02   34        34        1         0         197716    227               61596             5800              11460             
  34    2.499712e-05   1.015107e-04   1.336432e-02   35        35        1         0         199652    233               63045             5801              11460             
  35    2.369756e-05   8.969481e-05   1.382094e-02   36        36        1         0         201555    239               64461             5802              11460             
  36    2.246119e-05   8.468092e-05   1.450681e-02   37        37        1         0         203470    245               65889             5803              11460             
  37    2.114274e-05   9.448226e-05   1.755496e-02   38        38        1         0         205448    251               67380             5804              11460             
  38    1.995671e-05   9.373160e-05   1.698525e-02   39        39        1         0         207396    257               68841             5805              11460             
  39    1.904925e-05   1.017325e-04   1.453911e-02   40        40        1         0         208724    262               69762             5806              11460             
  40    1.814107e-05   1.049967e-04   1.529164e-02   41        41        1         0         210049    267               70680             5807              11460             
  41    1.721834e-05   1.119114e-04   1.690250e-02   42        42        1         0         211383    272               71607             5808              11460             
  42    1.623602e-05   1.239083e-04   1.993161e-02   43        43        1         0         213340    278               73077             5809              11460             
  43    1.529499e-05   1.240428e-04   1.996169e-02   44        44        1         0         214683    283               74013             5810              11460             
  44    1.452583e-05   1.281611e-04   1.794753e-02   45        45        1         0         216047    288               74970             5811              11460             
  45    1.358139e-05   1.231471e-04   2.203831e-02   46        46        1         0         217381    293               75897             5812              11460             
  46    1.285218e-05   1.222137e-04   1.915271e-02   47        47        1         0         218766    298               76875             5813              11460             
  47    1.201151e-05   1.201016e-04   2.334385e-02   48        48        1         0         220720    304               78342             5814              11460             
  48    1.127929e-05   1.163240e-04   2.137969e-02   49        49        1         0         222081    309               79296             5815              11460             
  49    1.046249e-05   1.063209e-04   2.325298e-02   50        50        1         0         223436    314               80244             5816              11460             
  50    9.618578e-06   9.748723e-05   2.700958e-02   51        51        1         0         224836    319               81237             5817              11460             
  51    8.830905e-06   8.802957e-05   2.865854e-02   52        52        1         0         226167    324               82161             5818              11460             
  52    8.100533e-06   7.550017e-05   2.814563e-02   53        53        1         0         227579    329               83166             5819              11460             
  53    7.558021e-06   6.764025e-05   2.376536e-02   54        54        1         0         228940    334               84120             5820              11460             
  54    7.022525e-06   5.517722e-05   2.616143e-02   55        55        1         0         230283    339               85056             5821              11460             
  55    6.604309e-06   4.680539e-05   2.227808e-02   56        56        1         0         231656    344               86022             5822              11460             
  56    6.261173e-06   3.954379e-05   2.033752e-02   57        57        1         0         233047    349               87006             5823              11460             
  57    5.946250e-06   3.277392e-05   2.013054e-02   58        58        1         0         234447    354               87999             5824              11460             
  58    5.653511e-06   2.730977e-05   2.062099e-02   59        59        1         0         235826    359               88971             5825              11460             
  59    5.358338e-06   2.172578e-05   2.283767e-02   60        60        1         0         237223    364               89961             5826              11460             
  60    5.101754e-06   1.760758e-05   2.161381e-02   61        61        1         0         238593    369               90924             5827              11460             
  61    4.891336e-06   1.630705e-05   1.952399e-02   62        62        1         0         240005    374               91929             5828              11460             
  62    4.697521e-06   1.567083e-05   1.905578e-02   63        63        1         0         241405    379               92922             5829              11460             
  63    4.514653e-06   1.685586e-05   1.947695e-02   64        64        1         0         242814    384               93924             5830              11460             
  64    4.333190e-06   1.807448e-05   2.055349e-02   65        65        1         0         244232    389               94935             5831              11460             
  65    4.146151e-06   1.969953e-05   2.309733e-02   66        66        1         0         245596    394               95892             5832              11460             
  66    3.999373e-06   2.117963e-05   1.976484e-02   67        67        1         0         247026    399               96915             5833              11460             
  67    3.874094e-06   2.189121e-05   1.772340e-02   68        68        1         0         248438    404               97920             5834              11460             
  68    3.754295e-06   2.333477e-05   1.822847e-02   69        69        1         0         249889    409               98964             5835              11460             
  69    3.644393e-06   2.287892e-05   1.771709e-02   70        70        1         0         251286    414               99954             5836              11460             
  70    3.533326e-06   2.518428e-05   1.941282e-02   71        71        1         0         252719    419               100980            5837              11460             
  71    3.453395e-06   2.442008e-05   1.478151e-02   72        72        1         0         254170    424               102024            5838              11460             
  72    3.380264e-06   2.420460e-05   1.365924e-02   73        73        1         0         255627    429               103074            5839              11460             
  73    3.306193e-06   2.266198e-05   1.438611e-02   74        74        1         0         257054    434               104094            5840              11460             
  74    3.237399e-06   2.166502e-05   1.402707e-02   75        75        1         0         258481    439               105114            5841              11460             
  75    3.161204e-06   2.034372e-05   1.657537e-02   76        76        1         0         259869    444               106095            5842              11460             
  76    3.100872e-06   1.838378e-05   1.375079e-02   77        77        1         0         261296    449               107115            5843              11460             
  77    3.049877e-06   1.726917e-05   1.218349e-02   78        78        1         0         262732    454               108144            5844              11460             
  78    2.997522e-06   1.514682e-05   1.263957e-02   79        79        1         0         264213    459               109218            5845              11460             
  79    2.946020e-06   1.368663e-05   1.308147e-02   80        80        1         0         265619    464               110217            5846              11460             
  80    2.894918e-06   1.182793e-05   1.327311e-02   81        81        1         0         267100    469               111291            5847              11460             
  81    2.843096e-06   1.026099e-05   1.409170e-02   82        82        1         0         268527    474               112311            5848              11460             
  82    2.790880e-06   8.761328e-06   1.462970e-02   83        83        1         0         269999    479               113376            5849              11460             
Optimization Terminated with Status: Converged
 Done target optimization...
 Resetting problem to initial conditions and target previous FFD points 
 and aim for machine precision functional value....
The process took 63.3055 seconds to run.
Starting optimization with 40...

Quasi-Newton Method with Limited-Memory BFGS
Line Search: Backtracking satisfying Null Curvature Condition
-------------------------------------------------------------------------------------------------------------
Quasi-Newton Method status output definitions

  iter     - Number of iterates (steps taken) 
  value    - Objective function value 
  gnorm    - Norm of the gradient
  snorm    - Norm of the step (update to optimization vector)
  #fval    - Cumulative number of times the objective function was evaluated
  #grad    - Number of times the gradient was computed
-------------------------------------------------------------------------------------------------------------
  iter  value          gnorm          snorm          #fval     #grad     ls_#fval  ls_#grad  n_vmult   dRdW_form         dRdW_mult         dRdX_mult         d2R_mult          
  0     1.441041e-03   7.323468e-03   
  1     1.388029e-03   7.154181e-03   7.323468e-03   2         2         1         0         2245      7                 1671              2                 0                 
  2     1.671392e-04   1.022249e-03   3.184127e-01   3         3         1         0         4408      14                3267              3                 0                 
  3     1.204009e-04   6.508769e-04   6.306468e-02   4         4         1         0         6083      20                4455              4                 0                 
  4     8.201028e-05   5.336365e-04   9.104279e-02   5         5         1         0         7773      26                5658              5                 0                 
  5     5.459512e-05   3.845189e-04   1.022489e-01   6         6         1         0         9505      32                6903              6                 0                 
  6     5.361122e-05   1.010566e-03   1.373792e-01   7         7         1         0         11225     38                8136              7                 0                 
  7     3.527584e-05   2.398821e-04   3.405306e-02   8         8         1         0         13008     44                9432              8                 0                 
  8     3.229255e-05   1.832488e-04   1.736604e-02   9         9         1         0         14854     50                10791             9                 0                 
  9     2.658567e-05   2.128582e-04   6.485476e-02   10        10        1         0         16676     56                12126             10                0                 
  10    2.555229e-05   5.440989e-04   9.016385e-02   11        11        1         0         18468     62                13431             11                0                 
  11    2.042629e-05   1.862573e-04   1.560858e-02   12        12        1         0         20308     68                14784             12                0                 
  12    1.842034e-05   1.210505e-04   2.266519e-02   13        13        1         0         22208     74                16197             13                0                 
  13    1.636267e-05   1.332678e-04   4.227492e-02   14        14        1         0         24147     80                17649             14                0                 
  14    1.419977e-05   1.084462e-04   4.832645e-02   15        15        1         0         26065     86                19080             15                0                 
  15    1.125710e-05   9.299856e-05   7.753153e-02   16        16        1         0         27998     92                20526             16                0                 
  16    7.464136e-06   1.122971e-04   1.438045e-01   17        17        1         0         29946     98                21987             17                0                 
  17    6.325170e-06   1.035072e-04   6.102367e-02   19        18        2         0         33263     109               24417             18                0                 
  18    5.362249e-06   4.948305e-05   2.632231e-02   20        19        1         0         35229     115               25896             19                0                 
  19    5.053992e-06   2.657872e-05   1.585952e-02   21        20        1         0         36602     120               26862             20                0                 
  20    4.875174e-06   3.145275e-05   1.066168e-02   22        21        1         0         37993     125               27846             21                0                 
  21    4.253368e-06   6.787813e-05   4.376945e-02   23        22        1         0         40046     131               29412             22                0                 
  22    3.193530e-06   1.048635e-04   8.861104e-02   24        23        1         0         41395     136               30354             23                0                 
  23    1.673646e-06   1.084859e-04   1.487691e-01   25        24        1         0         42759     141               31311             24                0                 
  24    1.511237e-06   1.336775e-04   6.324136e-02   28        25        3         0         47442     157               34707             25                0                 
  25    4.793722e-07   5.294481e-05   8.406312e-02   29        26        1         0         49378     163               36156             26                0                 
  26    3.108826e-07   1.152558e-05   1.025539e-02   30        27        1         0         51410     169               37701             27                0                 
  27    2.960814e-07   3.004914e-06   8.435428e-03   31        28        1         0         52864     174               38748             28                0                 
  28    2.942735e-07   2.925146e-06   1.949538e-03   32        29        1         0         54351     179               39828             29                0                 
  29    2.858314e-07   4.613058e-06   6.090666e-03   33        30        1         0         55796     184               40866             30                0                 
  30    2.711508e-07   6.567571e-06   1.011844e-02   34        31        1         0         57256     189               41919             31                0                 
  31    2.532101e-07   1.384176e-05   2.034815e-02   35        32        1         0         58644     194               42900             32                0                 
  32    2.297011e-07   8.451253e-06   1.530730e-02   36        33        1         0         60050     199               43899             33                0                 
  33    2.058054e-07   6.184796e-06   2.068464e-02   37        34        1         0         61465     204               44907             34                0                 
  34    1.879329e-07   8.156406e-06   1.702644e-02   38        35        1         0         62874     209               45909             35                0                 
  35    1.593170e-07   1.096894e-05   2.718753e-02   39        36        1         0         64262     214               46890             36                0                 
  36    1.277062e-07   9.761636e-06   3.483142e-02   40        37        1         0         65629     219               47850             37                0                 
  37    1.108912e-07   7.621601e-06   2.267272e-02   41        38        1         0         67002     224               48816             38                0                 
  38    1.008195e-07   4.333780e-06   5.791961e-03   42        39        1         0         68375     229               49782             39                0                 
  39    9.245770e-08   4.862062e-06   4.792929e-03   43        40        1         0         69766     234               50766             40                0                 
  40    7.144439e-08   7.444691e-06   1.306036e-02   44        41        1         0         71211     239               51804             41                0                 
  41    3.807642e-08   8.760203e-06   3.258657e-02   45        42        1         0         72668     244               52854             42                0                 
  42    1.394217e-08   8.413270e-06   4.322137e-02   46        43        1         0         74110     249               53889             43                0                 
  43    1.008186e-08   4.774792e-06   1.385674e-02   47        44        1         0         75522     254               54894             44                0                 
  44    8.980782e-09   6.205598e-07   3.317274e-03   48        45        1         0         77012     259               55977             45                0                 
  45    8.908301e-09   6.308680e-07   6.888201e-04   49        46        1         0         78556     264               57114             46                0                 
  46    8.729857e-09   8.243224e-07   7.624915e-04   50        47        1         0         80091     269               58242             47                0                 
  47    7.943828e-09   1.586891e-06   2.561588e-03   51        48        1         0         81587     274               59331             48                0                 
  48    6.430895e-09   2.441802e-06   4.911311e-03   52        49        1         0         83050     279               60387             49                0                 
  49    3.910503e-09   2.868158e-06   9.569606e-03   53        50        1         0         84534     284               61464             50                0                 
  50    3.700185e-09   3.251813e-06   3.760285e-03   56        51        3         0         87837     297               63720             51                0                 
  51    1.703874e-09   1.681366e-06   7.475617e-03   57        52        1         0         89309     302               64785             52                0                 
  52    1.155204e-09   5.564787e-07   3.413286e-03   58        53        1         0         90841     307               65910             53                0                 
  53    1.093067e-09   9.869384e-08   1.005105e-03   59        54        1         0         92349     312               67011             54                0                 
  54    1.090211e-09   5.355680e-08   2.376627e-04   60        55        1         0         93929     317               68184             55                0                 
  55    1.088501e-09   6.539460e-08   1.123626e-04   61        56        1         0         95533     322               69381             56                0                 
  56    1.081498e-09   1.381701e-07   3.291687e-04   62        57        1         0         97119     327               70560             57                0                 
  57    1.065180e-09   2.600528e-07   6.278650e-04   63        58        1         0         98681     332               71715             58                0                 
  58    1.021514e-09   4.603526e-07   1.609383e-03   64        59        1         0         100231    337               72858             59                0                 
  59    9.196180e-10   7.370621e-07   3.825444e-03   65        60        1         0         101778    342               73998             60                0                 
  60    7.104110e-10   9.999358e-07   8.313103e-03   66        61        1         0         103310    347               75123             61                0                 
  61    4.137381e-10   1.114339e-06   1.327050e-02   67        62        1         0         104809    352               76215             62                0                 
  62    3.102456e-10   1.394506e-06   1.445217e-02   68        63        1         0         106272    357               77271             63                0                 
  63    1.272256e-10   3.417767e-07   1.865675e-03   69        64        1         0         107786    362               78378             64                0                 
  64    9.986444e-11   1.169469e-07   1.532908e-03   70        65        1         0         109330    367               79515             65                0                 
  65    9.760067e-11   2.970361e-08   4.000262e-04   71        66        1         0         110895    372               80673             66                0                 
  66    9.734774e-11   2.506614e-08   4.035196e-05   72        67        1         0         112499    377               81870             67                0                 
  67    9.660841e-11   6.423440e-08   8.057873e-05   73        68        1         0         114073    382               83037             68                0                 
  68    9.520034e-11   1.237972e-07   1.189568e-04   74        69        1         0         115644    387               84201             69                0                 
  69    9.121076e-11   2.304002e-07   3.252101e-04   75        70        1         0         117197    392               85347             70                0                 
  70    8.211254e-11   3.729289e-07   7.799186e-04   76        71        1         0         118744    397               86487             71                0                 
  71    6.287646e-11   5.245174e-07   1.783871e-03   77        72        1         0         120249    402               87585             72                0                 
  72    3.372775e-11   5.542022e-07   3.005013e-03   78        73        1         0         121772    407               88701             73                0                 
  73    8.262202e-12   3.223574e-07   2.916102e-03   79        74        1         0         123319    412               89841             74                0                 
  74    7.599452e-13   8.356758e-08   7.823319e-04   80        75        1         0         124881    417               90996             75                0                 
  75    6.454770e-14   4.906040e-09   2.887373e-04   81        76        1         0         126437    422               92145             76                0                 
  76    4.256979e-14   1.157113e-09   1.162013e-04   82        77        1         0         128047    427               93348             77                0                 
  77    4.248805e-14   1.172398e-09   9.596919e-06   83        78        1         0         129729    432               94623             78                0                 
  78    4.230727e-14   9.546659e-11   1.393913e-06   84        79        1         0         131474    437               95961             79                0                 
Optimization Terminated with Status: Converged
The process took 55.9544 seconds to run.
Total n_vmult for algorithm 131474
