Starting optimization with 320...
Optimizing FFD points to obtain target Gaussian bump...

Quasi-Newton Method with Limited-Memory BFGS
Line Search: Backtracking satisfying Null Curvature Condition
  iter  value          gnorm          snorm          #fval     #grad     ls_#fval  ls_#grad  n_vmult   dRdW_form         dRdW_mult         dRdX_mult         d2R_mult          
  0     1.460802e-03   4.704430e-03   
  1     1.458590e-03   4.700228e-03   4.704430e-04   2         2         1         0         212466    58                28342             11840             11812             
  2     1.213801e-03   4.234157e-03   5.571397e-02   3         3         1         0         216238    64                30187             11841             11812             
  3     1.003481e-03   3.814655e-03   5.476180e-02   4         4         1         0         220028    70                32050             11842             11812             
  4     7.998099e-04   4.307496e-03   6.655275e-02   5         5         1         0         223647    76                33742             11843             11812             
  5     6.253833e-04   3.315011e-03   5.623973e-02   6         6         1         0         227383    82                35551             11844             11812             
  6     5.062283e-04   3.254675e-03   4.629967e-02   7         7         1         0         231185    88                37426             11845             11812             
  7     4.124926e-04   2.726484e-03   3.919977e-02   8         8         1         0         234058    93                38692             11846             11812             
  8     3.388547e-04   2.514140e-03   3.549844e-02   9         9         1         0         236952    98                39979             11847             11812             
  9     2.784546e-04   2.231596e-03   3.270993e-02   10        10        1         0         239855    103               41275             11848             11812             
  10    2.285703e-04   2.019317e-03   3.044287e-02   11        11        1         0         242764    108               42577             11849             11812             
  11    1.873148e-04   1.813844e-03   2.831379e-02   12        12        1         0         245688    113               43894             11850             11812             
  12    1.518238e-04   1.635943e-03   2.780955e-02   13        13        1         0         248618    118               45217             11851             11812             
  13    1.162749e-04   1.418905e-03   3.118154e-02   14        14        1         0         251545    123               46537             11852             11812             
  14    9.288873e-05   1.260273e-03   2.326834e-02   15        15        1         0         254484    128               47869             11853             11812             
  15    7.552329e-05   1.132897e-03   1.951310e-02   16        16        1         0         257450    133               49228             11854             11812             
  16    6.149077e-05   1.018204e-03   1.766169e-02   17        17        1         0         260425    138               50596             11855             11812             
  17    5.004462e-05   9.150533e-04   1.614071e-02   18        18        1         0         263409    143               51973             11856             11812             
  18    4.067124e-05   8.239618e-04   1.484223e-02   19        19        1         0         266396    148               53353             11857             11812             
  19    3.296517e-05   7.376298e-04   1.364958e-02   20        20        1         0         269401    153               54751             11858             11812             
  20    2.665137e-05   6.645929e-04   1.259163e-02   21        21        1         0         272403    158               56146             11859             11812             
  21    2.152069e-05   5.930851e-04   1.143160e-02   22        22        1         0         275432    163               57568             11860             11812             
  22    1.739895e-05   5.348832e-04   1.031988e-02   23        23        1         0         278449    168               58978             11861             11812             
  23    1.409844e-05   4.788200e-04   9.218914e-03   24        24        1         0         281490    173               60412             11862             11812             
  24    1.143939e-05   4.323464e-04   8.324582e-03   25        25        1         0         284519    178               61834             11863             11812             
  25    9.289362e-06   3.879626e-04   7.501832e-03   26        26        1         0         287569    183               63277             11864             11812             
  26    7.540070e-06   3.501878e-04   6.835087e-03   27        27        1         0         290613    188               64714             11865             11812             
  27    6.111163e-06   3.141560e-04   6.231130e-03   28        28        1         0         293660    193               66154             11866             11812             
  28    4.939751e-06   2.827961e-04   5.723977e-03   29        29        1         0         296716    198               67603             11867             11812             
  29    3.987401e-06   2.533897e-04   5.203962e-03   30        30        1         0         299769    203               69049             11868             11812             
  30    3.221761e-06   2.276932e-04   4.677847e-03   31        31        1         0         302852    208               70525             11869             11812             
  31    2.611571e-06   2.046016e-04   4.165851e-03   32        32        1         0         305932    213               71998             11870             11812             
  32    2.123174e-06   1.841297e-04   3.718027e-03   33        33        1         0         309033    218               73492             11871             11812             
  33    1.730675e-06   1.658752e-04   3.333865e-03   34        34        1         0         312143    223               74995             11872             11812             
  34    1.413849e-06   1.494044e-04   2.995664e-03   35        35        1         0         315262    228               76507             11873             11812             
  35    1.157486e-06   1.347216e-04   2.702500e-03   36        36        1         0         318384    233               78022             11874             11812             
  36    9.497453e-07   1.213733e-04   2.436071e-03   37        37        1         0         321509    238               79540             11875             11812             
  37    7.812996e-07   1.094723e-04   2.201520e-03   38        38        1         0         324643    243               81067             11876             11812             
  38    6.446925e-07   9.863647e-05   1.985624e-03   39        39        1         0         327783    248               82600             11877             11812             
  39    5.339060e-07   8.896948e-05   1.794379e-03   40        40        1         0         330926    253               84136             11878             11812             
  40    4.440664e-07   8.017609e-05   1.618288e-03   41        41        1         0         334075    258               85678             11879             11812             
  41    3.712114e-07   7.232114e-05   1.462092e-03   42        42        1         0         337227    263               87223             11880             11812             
  42    3.121257e-07   6.518672e-05   1.318922e-03   43        43        1         0         340388    268               88777             11881             11812             
  43    2.641972e-07   5.880259e-05   1.191847e-03   44        44        1         0         343549    273               90331             11882             11812             
  44    2.253099e-07   5.301163e-05   1.075920e-03   45        45        1         0         346719    278               91894             11883             11812             
  45    1.937484e-07   4.782023e-05   9.728789e-04   46        46        1         0         349892    283               93460             11884             11812             
  46    1.681243e-07   4.311590e-05   8.792188e-04   47        47        1         0         353074    288               95035             11885             11812             
  47    1.473132e-07   3.889169e-05   7.958093e-04   48        48        1         0         356259    293               96613             11886             11812             
  48    1.304050e-07   3.506665e-05   7.202014e-04   49        49        1         0         359450    298               98197             11887             11812             
  49    1.166624e-07   3.162743e-05   6.527448e-04   50        50        1         0         362647    303               99787             11888             11812             
  50    1.054882e-07   2.851459e-05   5.917346e-04   51        51        1         0         365853    308               101386            11889             11812             
  51    9.639870e-08   2.571250e-05   5.372172e-04   52        52        1         0         369065    313               102991            11890             11812             
  52    8.900144e-08   2.317752e-05   4.880050e-04   53        53        1         0         372289    318               104608            11891             11812             
  53    8.297838e-08   2.089338e-05   4.439913e-04   54        54        1         0         375519    323               106231            11892             11812             
  54    7.807151e-08   1.882745e-05   4.043252e-04   55        55        1         0         378755    328               107860            11893             11812             
  55    7.407156e-08   1.696443e-05   3.688299e-04   56        56        1         0         382000    333               109498            11894             11812             
  56    7.080866e-08   1.527951e-05   3.368917e-04   57        57        1         0         385254    338               111145            11895             11812             
  57    6.814496e-08   1.375898e-05   3.083082e-04   58        58        1         0         388517    343               112801            11896             11812             
  58    6.596855e-08   1.238372e-05   2.826293e-04   59        59        1         0         391792    348               114469            11897             11812             
  59    6.418854e-08   1.114177e-05   2.596545e-04   60        60        1         0         395079    353               116149            11898             11812             
  60    6.273113e-08   1.001823e-05   2.390482e-04   61        61        1         0         398375    358               117838            11899             11812             
  61    6.153635e-08   9.002887e-06   2.206262e-04   62        62        1         0         401680    363               119536            11900             11812             
Optimization Terminated with Status: Converged
 Done target optimization...
 Resetting problem to initial conditions and target previous FFD points 
 and aim for machine precision functional value....
The process took 943.321 seconds to run.
Starting optimization with 320...

Newton-Krylov using GMRES with Limited-Memory BFGS preconditioning
Line Search: Backtracking satisfying Null Curvature Condition
-------------------------------------------------------------------------------------------------------------
Newton-Krylov status output definitions

  iter     - Number of iterates (steps taken) 
  value    - Objective function value 
  gnorm    - Norm of the gradient
  snorm    - Norm of the step (update to optimization vector)
  #fval    - Cumulative number of times the objective function was evaluated
  #grad    - Number of times the gradient was computed
  iterCG   - Number of Krylov iterations used to compute search direction
  flagCG   - Krylov solver flag
-------------------------------------------------------------------------------------------------------------
  iter  value          gnorm          snorm          #fval     #grad     iterCG    flagCG    ls_#fval  ls_#grad  n_vmult   dRdW_form         dRdW_mult         dRdX_mult         d2R_mult          
  0     1.455811e-03   4.696068e-03   
  1     1.757954e-05   4.141411e-04   6.409600e-01   2         2         58        0         1         0         60456     8                 55404             120               236               
  2     5.087465e-09   7.307470e-06   1.369456e-01   3         3         62        0         1         0         120367    14                110742            247               488               
  3     1.035152e-14   3.134649e-09   2.528672e-02   4         4         67        0         1         0         183519    19                169431            384               760               
  4     6.541972e-20   5.195201e-14   3.679695e-03   5         5         77        0         1         0         253914    23                235263            541               1072              
Optimization Terminated with Status: Converged
The process took 1748.57 seconds to run.
Total n_vmult for algorithm 253914
