Starting optimization with 80...
Optimizing FFD points to obtain target Gaussian bump...

Quasi-Newton Method with Limited-Memory BFGS
Line Search: Backtracking satisfying Null Curvature Condition
  iter  value          gnorm          snorm          #fval     #grad     ls_#fval  ls_#grad  n_vmult   dRdW_form         dRdW_mult         dRdX_mult         d2R_mult          
  0     1.446428e-03   6.352675e-03   
  1     1.442395e-03   6.342829e-03   6.352675e-04   2         2         1         0         146407    34                131878            855               832               
  2     1.191432e-03   5.717949e-03   4.204580e-02   3         3         1         0         148145    40                133129            856               832               
  3     9.740029e-04   5.115264e-03   4.121919e-02   4         4         1         0         149910    46                134407            857               832               
  4     7.764006e-04   4.534733e-03   4.258083e-02   5         5         1         0         151663    52                135673            858               832               
  5     6.262825e-04   4.030262e-03   3.592075e-02   6         6         1         0         153425    58                136948            859               832               
  6     5.112535e-04   3.618289e-03   3.107409e-02   7         7         1         0         155187    64                138223            860               832               
  7     4.188594e-04   3.251374e-03   2.790200e-02   8         8         1         0         156952    70                139501            861               832               
  8     3.433679e-04   2.926763e-03   2.559520e-02   9         9         1         0         158717    76                140779            862               832               
  9     2.814076e-04   2.633594e-03   2.350574e-02   10        10        1         0         160488    82                142063            863               832               
  10    2.304010e-04   2.369968e-03   2.169987e-02   11        11        1         0         162256    88                143344            864               832               
  11    1.878596e-04   2.129007e-03   2.041112e-02   12        12        1         0         164042    94                144643            865               832               
  12    1.505632e-04   1.895391e-03   2.039786e-02   13        13        1         0         165831    100               145945            866               832               
  13    1.195251e-04   1.676527e-03   1.894604e-02   14        14        1         0         167617    106               147244            867               832               
  14    9.662819e-05   1.498093e-03   1.571869e-02   15        15        1         0         169415    112               148555            868               832               
  15    7.878799e-05   1.344141e-03   1.372613e-02   16        16        1         0         171219    118               149872            869               832               
  16    6.445109e-05   1.207833e-03   1.236994e-02   17        17        1         0         173041    124               151207            870               832               
  17    5.281757e-05   1.085754e-03   1.124946e-02   18        18        1         0         174869    130               152548            871               832               
  18    4.334366e-05   9.761826e-04   1.027804e-02   19        19        1         0         176697    136               153889            872               832               
  19    3.561878e-05   8.775923e-04   9.404336e-03   20        20        1         0         178543    142               155248            873               832               
  20    2.931723e-05   7.888960e-04   8.617096e-03   21        21        1         0         180410    148               156628            874               832               
  21    2.417638e-05   7.090316e-04   7.900567e-03   22        22        1         0         182262    154               157993            875               832               
  22    1.998250e-05   6.371468e-04   7.250426e-03   23        23        1         0         184129    160               159373            876               832               
  23    1.656136e-05   5.724168e-04   6.658207e-03   24        24        1         0         186023    166               160780            877               832               
  24    1.377063e-05   5.141485e-04   6.120296e-03   25        25        1         0         187926    172               162196            878               832               
  25    1.149409e-05   4.616831e-04   5.630770e-03   26        26        1         0         189832    178               163615            879               832               
  26    9.636850e-06   4.144544e-04   5.186245e-03   27        27        1         0         191750    184               165046            880               832               
  27    8.121446e-06   3.719317e-04   4.782143e-03   28        28        1         0         193677    190               166486            881               832               
  28    6.884677e-06   3.336532e-04   4.415383e-03   29        29        1         0         195610    196               167932            882               832               
  29    5.874994e-06   2.991897e-04   4.082296e-03   30        30        1         0         196917    201               168832            883               832               
  30    5.050365e-06   2.681651e-04   3.780168e-03   31        31        1         0         198230    206               169738            884               832               
  31    4.376534e-06   2.402322e-04   3.506016e-03   32        32        1         0         199552    211               170653            885               832               
  32    3.825585e-06   2.150850e-04   3.257511e-03   33        33        1         0         200880    216               171574            886               832               
  33    3.374776e-06   1.924422e-04   3.032219e-03   34        34        1         0         202214    221               172501            887               832               
  34    3.005581e-06   1.720554e-04   2.828176e-03   35        35        1         0         203551    226               173431            888               832               
  35    2.702915e-06   1.536966e-04   2.643403e-03   36        36        1         0         204891    231               174364            889               832               
  36    2.454491e-06   1.371641e-04   2.476273e-03   37        37        1         0         206234    236               175300            890               832               
  37    2.250303e-06   1.222734e-04   2.325187e-03   38        38        1         0         207571    241               176230            891               832               
  38    2.082203e-06   1.088610e-04   2.188818e-03   39        39        1         0         208917    246               177169            892               832               
  39    1.943554e-06   9.677735e-05   2.065890e-03   40        40        1         0         210269    251               178114            893               832               
  40    1.828952e-06   8.589022e-05   1.955347e-03   41        41        1         0         211630    256               179068            894               832               
  41    1.733992e-06   7.607874e-05   1.856190e-03   42        42        1         0         213003    261               180034            895               832               
  42    1.655086e-06   6.723609e-05   1.767603e-03   43        43        1         0         214379    266               181003            896               832               
  43    1.589308e-06   5.926485e-05   1.688830e-03   44        44        1         0         215758    271               181975            897               832               
  44    1.534272e-06   5.207933e-05   1.619274e-03   45        45        1         0         217161    276               182971            898               832               
  45    1.488032e-06   4.560149e-05   1.558400e-03   46        46        1         0         218582    281               183985            899               832               
  46    1.448997e-06   3.976352e-05   1.505817e-03   47        47        1         0         220009    286               185005            900               832               
  47    1.415869e-06   3.450389e-05   1.461197e-03   48        48        1         0         221445    291               186034            901               832               
  48    1.387584e-06   2.977068e-05   1.424349e-03   49        49        1         0         222848    296               187030            902               832               
  49    1.363272e-06   2.551740e-05   1.395155e-03   50        50        1         0         224266    301               188041            903               832               
  50    1.342217e-06   2.170796e-05   1.373640e-03   51        51        1         0         225666    306               189034            904               832               
  51    1.323832e-06   1.831175e-05   1.359914e-03   52        52        1         0         227078    311               190039            905               832               
  52    1.307631e-06   1.531226e-05   1.354271e-03   53        53        1         0         228517    316               191071            906               832               
  53    1.293211e-06   1.270035e-05   1.357178e-03   54        54        1         0         229968    321               192115            907               832               
  54    1.280234e-06   1.049155e-05   1.369575e-03   55        55        1         0         231425    326               193165            908               832               
  55    1.268406e-06   8.713420e-06   1.393625e-03   56        56        1         0         232885    331               194218            909               832               
Optimization Terminated with Status: Converged
 Done target optimization...
 Resetting problem to initial conditions and target previous FFD points 
 and aim for machine precision functional value....
The process took 45.2107 seconds to run.
********************************************************
Biros and Ghattas Full-space method...with P2A preconditioner
Using 4080 design variables: 4000 simulation variables and 80 control variables.
Line Search: Backtracking satisfying Null Curvature Condition
********************************************************
Iteration         Func. val.        ||Lagr. grad.||   ||Constraint||    ||Search dir||    search_ctl_norm   search_sim_norm   search_adj_norm   n_kkt_iter        n_linesearches    n_grad            n_vmult           dRdW_form         dRdW_mult         dRdX_mult         d2R_mult          
1                 7.59747e-06       0.00332283        0.0239628         12.9323           12.3682           2.43471           2.88882           410               1                 0                 26024             2                 2806              1650              1644              
2                 8.68289e-08       6.38583e-05       0.000353812       11.1721           11.1654           0.188091          0.339063          283               1                 0                 43750             3                 4513              2791              2780              
3                 1.99099e-11       1.76085e-06       6.31827e-06       1.24008           1.2392            0.0224659         0.0408667         391               1                 0                 68172             4                 6868              4364              4348              
4                 3.1646e-13        2.11846e-10       6.86389e-10       0.0733313         0.0733252         0.00032811        0.000885665       369               1                 0                 91230             5                 9091              5849              5828              
Optimization Terminated with Status: Converged
The process took 32.3837 seconds to run.
Total n_vmult for algorithm 91230
