Starting optimization with 20...
Optimizing FFD points to obtain target Gaussian bump...

Quasi-Newton Method with Limited-Memory BFGS
Line Search: Backtracking satisfying Null Curvature Condition
  iter  value          gnorm          snorm          #fval     #grad     ls_#fval  ls_#grad  n_vmult   dRdW_form         dRdW_mult         dRdX_mult         d2R_mult          
  0     1.460802e-03   8.749957e-03   
  1     1.453161e-03   8.717155e-03   8.749957e-04   2         2         1         0         167889    75                140046            341               668               
  2     1.255654e-03   7.854818e-03   2.408510e-02   3         3         1         0         171739    81                141969            342               668               
  3     1.087020e-03   7.073396e-03   2.332103e-02   4         4         1         0         175598    87                143901            343               668               
  4     9.425620e-04   6.361593e-03   2.280633e-02   5         5         1         0         179448    93                145824            344               668               
  5     8.194160e-04   5.715171e-03   2.228605e-02   6         6         1         0         183304    99                147753            345               668               
  6     7.147857e-04   5.129216e-03   2.175817e-02   7         7         1         0         187169    105               149691            346               668               
  7     6.261009e-04   4.598742e-03   2.122241e-02   8         8         1         0         191043    111               151638            347               668               
  8     5.510603e-04   4.118912e-03   2.068238e-02   9         9         1         0         194893    117               153561            348               668               
  9     4.876368e-04   3.685145e-03   2.014399e-02   10        10        1         0         197820    122               154881            349               668               
  10    4.340653e-04   3.293166e-03   1.961398e-02   11        11        1         0         200753    127               156207            350               668               
  11    3.888219e-04   2.939032e-03   1.909900e-02   12        12        1         0         203695    132               157542            351               668               
  12    3.505999e-04   2.619129e-03   1.860519e-02   13        13        1         0         206643    137               158883            352               668               
  13    3.182840e-04   2.330165e-03   1.813813e-02   14        14        1         0         209594    142               160227            353               668               
  14    2.909267e-04   2.069142e-03   1.770302e-02   15        15        1         0         212554    147               161580            354               668               
  15    2.677248e-04   1.833345e-03   1.730487e-02   16        16        1         0         215517    152               162936            355               668               
  16    2.479996e-04   1.620308e-03   1.694871e-02   17        17        1         0         218492    157               164304            356               668               
  17    2.311786e-04   1.427808e-03   1.663969e-02   18        18        1         0         221470    162               165675            357               668               
  18    2.167799e-04   1.253839e-03   1.638317e-02   19        19        1         0         224454    167               167052            358               668               
  19    2.043981e-04   1.096606e-03   1.618474e-02   20        20        1         0         227438    172               168429            359               668               
  20    1.936933e-04   9.545153e-04   1.605018e-02   21        21        1         0         230422    177               169806            360               668               
  21    1.843805e-04   8.261785e-04   1.598544e-02   22        22        1         0         233412    182               171189            361               668               
  22    1.762210e-04   7.104150e-04   1.599657e-02   23        23        1         0         236414    187               172584            362               668               
  23    1.690151e-04   6.062726e-04   1.608969e-02   24        24        1         0         239422    192               173985            363               668               
  24    1.625959e-04   5.130598e-04   1.627089e-02   25        25        1         0         242430    197               175386            364               668               
  25    1.568240e-04   4.304042e-04   1.654611e-02   26        26        1         0         245444    202               176793            365               668               
  26    1.515827e-04   3.583424e-04   1.692104e-02   27        27        1         0         248452    207               178194            366               668               
  27    1.467746e-04   2.974392e-04   1.740102e-02   28        28        1         0         251424    212               179559            367               668               
  28    1.423182e-04   2.488708e-04   1.799092e-02   29        29        1         0         254384    217               180912            368               668               
  29    1.381448e-04   2.142215e-04   1.869552e-02   30        30        1         0         257341    222               182262            369               668               
  30    1.341966e-04   1.945449e-04   1.952050e-02   31        31        1         0         260298    227               183612            370               668               
  31    1.304236e-04   1.887971e-04   2.047534e-02   32        32        1         0         263264    232               184971            371               668               
  32    1.267805e-04   1.932829e-04   2.158012e-02   33        33        1         0         266233    237               186333            372               668               
  33    1.232224e-04   2.031182e-04   2.288135e-02   34        34        1         0         269223    242               187716            373               668               
  34    1.196961e-04   2.139675e-04   2.448916e-02   35        35        1         0         272207    247               189093            374               668               
  35    1.161250e-04   2.226571e-04   2.666807e-02   36        36        1         0         275230    252               190509            375               668               
  36    1.123760e-04   2.272504e-04   3.006501e-02   37        37        1         0         278211    257               191883            376               668               
  37    1.082115e-04   2.265519e-04   3.613824e-02   38        38        1         0         281201    262               193266            377               668               
  38    1.036211e-04   3.138905e-04   5.393656e-02   39        39        1         0         284119    267               194577            378               668               
  39    9.974748e-05   3.007060e-04   3.970336e-02   40        40        1         0         287148    272               195999            379               668               
  40    9.591246e-05   2.849684e-04   4.234836e-02   41        41        1         0         290177    277               197421            380               668               
  41    9.178601e-05   2.650519e-04   4.989653e-02   42        42        1         0         293194    282               198831            381               668               
  42    8.735764e-05   2.709556e-04   6.083632e-02   43        43        1         0         296157    287               200187            382               668               
  43    8.308910e-05   2.446693e-04   6.213161e-02   44        44        1         0         299189    292               201612            383               668               
  44    7.975529e-05   2.237885e-04   5.479135e-02   45        45        1         0         302197    297               203013            384               668               
  45    7.640490e-05   2.098171e-04   5.958230e-02   46        46        1         0         305175    302               204384            385               668               
  46    7.356278e-05   1.838242e-04   5.553424e-02   47        47        1         0         308189    307               205791            386               668               
  47    7.130084e-05   1.698515e-04   4.826335e-02   48        48        1         0         311233    312               207228            387               668               
  48    6.921396e-05   1.543211e-04   4.812894e-02   49        49        1         0         314217    317               208605            388               668               
  49    6.698082e-05   1.338109e-04   5.576698e-02   50        50        1         0         317234    322               210015            389               668               
  50    6.537348e-05   1.221160e-04   4.446722e-02   51        51        1         0         320269    327               211443            390               668               
  51    6.401406e-05   1.079456e-04   3.993983e-02   52        52        1         0         323310    332               212877            391               668               
  52    6.283550e-05   9.866376e-05   3.739574e-02   53        53        1         0         326357    337               214317            392               668               
  53    6.178096e-05   8.724009e-05   3.517426e-02   54        54        1         0         329410    342               215763            393               668               
  54    6.082798e-05   7.937788e-05   3.421932e-02   55        55        1         0         332463    347               217209            394               668               
  55    5.995383e-05   6.939891e-05   3.298250e-02   56        56        1         0         335516    352               218655            395               668               
  56    5.914594e-05   6.225240e-05   3.288740e-02   57        57        1         0         338569    357               220101            396               668               
  57    5.839023e-05   5.403478e-05   3.250782e-02   58        58        1         0         341622    362               221547            397               668               
  58    5.765379e-05   4.705064e-05   3.423048e-02   59        59        1         0         344699    367               223017            398               668               
  59    5.690633e-05   4.097819e-05   3.790726e-02   60        60        1         0         347740    372               224451            399               668               
  60    5.623347e-05   3.431979e-05   3.649116e-02   61        61        1         0         350811    377               225915            400               668               
  61    5.567851e-05   3.066954e-05   3.257634e-02   62        62        1         0         353867    382               227364            401               668               
  62    5.512449e-05   2.847818e-05   3.384775e-02   63        63        1         0         356938    387               228828            402               668               
  63    5.453768e-05   2.795394e-05   3.770091e-02   64        64        1         0         359964    392               230247            403               668               
  64    5.392753e-05   2.875808e-05   4.103323e-02   65        65        1         0         363029    397               231705            404               668               
  65    5.325320e-05   3.678939e-05   4.722793e-02   66        66        1         0         366070    402               233139            405               668               
  66    5.259885e-05   4.213170e-05   4.804728e-02   67        67        1         0         369105    407               234567            406               668               
  67    5.189391e-05   4.643938e-05   5.317085e-02   68        68        1         0         372176    412               236031            407               668               
  68    5.108837e-05   5.479047e-05   6.196138e-02   69        69        1         0         375202    417               237450            408               668               
  69    5.018318e-05   5.891582e-05   7.157429e-02   70        70        1         0         378249    422               238890            409               668               
  70    4.915365e-05   7.401380e-05   8.314022e-02   71        71        1         0         381332    427               240366            410               668               
  71    4.806931e-05   7.994446e-05   9.045003e-02   72        72        1         0         384388    432               241815            411               668               
  72    4.690107e-05   8.674339e-05   9.863153e-02   73        73        1         0         387420    437               243240            412               668               
  73    4.560191e-05   9.095488e-05   1.119434e-01   74        74        1         0         390425    442               244638            413               668               
  74    4.418620e-05   9.831927e-05   1.245643e-01   75        75        1         0         393463    447               246069            414               668               
  75    4.275360e-05   1.009788e-04   1.301520e-01   76        76        1         0         396504    452               247503            415               668               
  76    4.130549e-05   1.050414e-04   1.340685e-01   77        77        1         0         399524    457               248916            416               668               
  77    3.985595e-05   1.065414e-04   1.379800e-01   78        78        1         0         402562    462               250347            417               668               
  78    3.843550e-05   1.047813e-04   1.382095e-01   79        79        1         0         405606    467               251784            418               668               
  79    3.705982e-05   1.065619e-04   1.380649e-01   80        80        1         0         408647    472               253218            419               668               
  80    3.576297e-05   9.979878e-05   1.335891e-01   81        81        1         0         411700    477               254664            420               668               
  81    3.459373e-05   9.920621e-05   1.243010e-01   82        82        1         0         414771    482               256128            421               668               
  82    3.350150e-05   8.791741e-05   1.178829e-01   83        83        1         0         417809    487               257559            422               668               
  83    3.255267e-05   8.463645e-05   1.059756e-01   84        84        1         0         420907    492               259050            423               668               
  84    3.170199e-05   7.793377e-05   9.536706e-02   85        85        1         0         423951    497               260487            424               668               
  85    3.092965e-05   7.439371e-05   8.935307e-02   86        86        1         0         427046    502               261975            425               668               
  86    3.023956e-05   6.561934e-05   8.238181e-02   87        87        1         0         430096    507               263418            426               668               
  87    2.967159e-05   6.148620e-05   7.084859e-02   88        88        1         0         433188    512               264903            427               668               
  88    2.918956e-05   5.492339e-05   6.194536e-02   89        89        1         0         436274    517               266382            428               668               
  89    2.877312e-05   5.136999e-05   5.584361e-02   90        90        1         0         439363    522               267864            429               668               
  90    2.842110e-05   4.442968e-05   4.913697e-02   91        91        1         0         442446    527               269340            430               668               
  91    2.813635e-05   4.119452e-05   4.163837e-02   92        92        1         0         445559    532               270846            431               668               
  92    2.789894e-05   3.591788e-05   3.606870e-02   93        93        1         0         448645    537               272325            432               668               
  93    2.769866e-05   3.317837e-05   3.192456e-02   94        94        1         0         451758    542               273831            433               668               
  94    2.753063e-05   2.856988e-05   2.801793e-02   95        95        1         0         454856    547               275322            434               668               
  95    2.739051e-05   2.606237e-05   2.469220e-02   96        96        1         0         457981    552               276840            435               668               
  96    2.727406e-05   2.269042e-05   2.160634e-02   97        97        1         0         461094    557               278346            436               668               
  97    2.717611e-05   2.046550e-05   1.926934e-02   98        98        1         0         464231    562               279876            437               668               
  98    2.709356e-05   1.778197e-05   1.720402e-02   99        99        1         0         467350    567               281388            438               668               
  99    2.702332e-05   1.582102e-05   1.558656e-02   100       100       1         0         470499    572               282930            439               668               
  100   2.696317e-05   1.363270e-05   1.421119e-02   101       101       1         0         473621    577               284445            440               668               
  101   2.691105e-05   1.190545e-05   1.315920e-02   102       102       1         0         476782    582               285999            441               668               
  102   2.686544e-05   1.009461e-05   1.230190e-02   103       103       1         0         479904    587               287514            442               668               
  103   2.682493e-05   8.583208e-06   1.169865e-02   104       104       1         0         483077    592               289080            443               668               
Optimization Terminated with Status: Converged
 Done target optimization...
 Resetting problem to initial conditions and target previous FFD points 
 and aim for machine precision functional value....
The process took 1795.27 seconds to run.
********************************************************
Biros and Ghattas Full-space method...with P2 preconditioner
Using 16020 design variables: 16000 simulation variables and 20 control variables.
Line Search: Backtracking satisfying Null Curvature Condition
********************************************************
Iteration         Func. val.        ||Lagr. grad.||   ||Constraint||    ||Search dir||    search_ctl_norm   search_sim_norm   search_adj_norm   n_kkt_iter        n_linesearches    n_grad            n_vmult           dRdW_form         dRdW_mult         dRdX_mult         d2R_mult          
1                 7.1726e-06        0.00418098        0.0156454         8.42141           3.55348           4.57783           6.11036           27                1                 0                 26959             2                 24709             118               112               
2                 2.36205e-07       0.000207957       0.00039502        1.24477           0.812369          0.370098          0.867487          23                1                 0                 48300             3                 44351             219               208               
3                 2.84105e-10       2.7576e-05        1.78153e-05       1.19749           1.16183           0.0883164         0.27629           26                1                 0                 72482             4                 66666             332               316               
4                 3.31706e-13       2.03086e-08       1.01427e-08       0.073161          0.0723558         0.00267359        0.010489          26                1                 0                 96628             5                 88945             445               424               
5                 2.49386e-14       3.72261e-12       9.7669e-12        0.0383103         0.0383102         7.4815e-05        1.63227e-05       28                1                 0                 122549            6                 112887            566               540               
Optimization Terminated with Status: Converged
The process took 1399.04 seconds to run.
Total n_vmult for algorithm 122549
