Starting optimization with 40...
Optimizing FFD points to obtain target Gaussian bump...

Quasi-Newton Method with Limited-Memory BFGS
Line Search: Backtracking satisfying Null Curvature Condition
  iter  value          gnorm          snorm          #fval     #grad     ls_#fval  ls_#grad  n_vmult   dRdW_form         dRdW_mult         dRdX_mult         d2R_mult          
  0     1.460201e-03   7.437042e-03   
  1     1.454677e-03   7.419454e-03   7.437042e-04   2         2         1         0         163249    47                144177            772               744               
  2     1.229206e-03   6.686226e-03   3.222978e-02   3         3         1         0         166007    53                145848            773               744               
  3     1.038176e-03   6.024536e-03   3.082216e-02   4         4         1         0         168774    59                147528            774               744               
  4     8.753824e-04   5.422619e-03   2.981558e-02   5         5         1         0         171547    65                149214            775               744               
  5     7.374359e-04   4.876816e-03   2.877725e-02   6         6         1         0         174335    71                150915            776               744               
  6     6.210556e-04   4.382924e-03   2.770169e-02   7         7         1         0         177147    77                152640            777               744               
  7     5.232121e-04   3.936632e-03   2.659550e-02   8         8         1         0         179974    83                154380            778               744               
  8     4.411801e-04   3.533723e-03   2.547330e-02   9         9         1         0         182810    89                156129            779               744               
  9     3.725532e-04   3.170194e-03   2.435197e-02   10        10        1         0         185670    95                157902            780               744               
  10    3.152355e-04   2.842313e-03   2.324745e-02   11        11        1         0         188542    101               159687            781               744               
  11    2.674214e-04   2.546647e-03   2.217331e-02   12        12        1         0         190553    106               160791            782               744               
  12    2.275675e-04   2.280057e-03   2.114018e-02   13        13        1         0         192573    111               161904            783               744               
  13    1.943634e-04   2.039694e-03   2.015598e-02   14        14        1         0         194593    116               163017            784               744               
  14    1.667023e-04   1.822973e-03   1.922623e-02   15        15        1         0         196616    121               164133            785               744               
  15    1.436529e-04   1.627559e-03   1.835453e-02   16        16        1         0         198663    126               165273            786               744               
  16    1.244347e-04   1.451339e-03   1.754300e-02   17        17        1         0         200713    131               166416            787               744               
  17    1.083952e-04   1.292410e-03   1.679269e-02   18        18        1         0         202763    136               167559            788               744               
  18    9.499035e-05   1.149053e-03   1.610386e-02   19        19        1         0         204813    141               168702            789               744               
  19    8.376732e-05   1.019720e-03   1.547626e-02   20        20        1         0         206863    146               169845            790               744               
  20    7.435005e-05   9.030163e-04   1.490928e-02   21        21        1         0         208919    151               170994            791               744               
  21    6.642659e-05   7.976908e-04   1.440219e-02   22        22        1         0         210975    156               172143            792               744               
  22    5.973848e-05   7.026207e-04   1.395421e-02   23        23        1         0         213031    161               173292            793               744               
  23    5.407185e-05   6.168028e-04   1.356461e-02   24        24        1         0         215084    166               174438            794               744               
  24    4.924979e-05   5.393450e-04   1.323287e-02   25        25        1         0         217134    171               175581            795               744               
  25    4.512604e-05   4.694596e-04   1.295871e-02   26        26        1         0         219190    176               176730            796               744               
  26    4.157970e-05   4.064587e-04   1.274220e-02   27        27        1         0         221255    181               177888            797               744               
  27    3.851079e-05   3.497522e-04   1.258385e-02   28        28        1         0         223323    186               179049            798               744               
  28    3.583659e-05   2.988495e-04   1.248470e-02   29        29        1         0         225394    191               180213            799               744               
  29    3.348854e-05   2.533666e-04   1.244641e-02   30        30        1         0         227489    196               181401            800               744               
  30    3.140972e-05   2.130399e-04   1.247144e-02   31        31        1         0         229599    201               182604            801               744               
  31    2.955270e-05   1.777505e-04   1.256319e-02   32        32        1         0         231706    206               183804            802               744               
  32    2.787781e-05   1.475595e-04   1.272631e-02   33        33        1         0         233813    211               185004            803               744               
  33    2.635162e-05   1.227417e-04   1.296715e-02   34        34        1         0         235935    216               186219            804               744               
  34    2.494565e-05   1.037641e-04   1.329449e-02   35        35        1         0         238060    221               187437            805               744               
  35    2.363531e-05   9.108193e-05   1.372078e-02   36        36        1         0         240164    226               188634            806               744               
  36    2.239876e-05   8.465233e-05   1.426422e-02   37        37        1         0         242271    231               189834            807               744               
  37    2.121596e-05   8.347122e-05   1.495226e-02   38        38        1         0         244387    236               191043            808               744               
  38    2.006752e-05   8.574563e-05   1.582738e-02   39        39        1         0         246515    241               192264            809               744               
  39    1.893347e-05   8.957773e-05   1.695635e-02   40        40        1         0         248637    246               193479            810               744               
  40    1.779186e-05   9.345865e-05   1.844375e-02   41        41        1         0         250768    251               194703            811               744               
  41    1.661780e-05   9.632582e-05   2.046675e-02   42        42        1         0         252905    256               195933            812               744               
  42    1.535717e-05   1.472244e-04   2.959620e-02   43        43        1         0         255027    261               197148            813               744               
  43    1.438019e-05   1.416187e-04   2.014323e-02   44        44        1         0         257119    266               198333            814               744               
  44    1.348821e-05   1.354453e-04   1.969895e-02   45        45        1         0         259265    271               199572            815               744               
  45    1.259582e-05   1.287426e-04   2.120851e-02   46        46        1         0         261414    276               200814            816               744               
  46    1.158569e-05   1.351949e-04   2.945236e-02   47        47        1         0         263524    281               202017            817               744               
  47    1.086542e-05   1.258707e-04   2.060484e-02   48        48        1         0         265676    286               203262            818               744               
  48    1.025782e-05   1.177287e-04   1.877109e-02   49        49        1         0         267819    291               204498            819               744               
  49    9.680102e-06   1.088361e-04   1.907708e-02   50        50        1         0         270007    296               205779            820               744               
  50    9.104870e-06   1.010329e-04   2.087515e-02   51        51        1         0         272192    301               207057            821               744               
  51    8.521827e-06   8.920109e-05   2.291413e-02   52        52        1         0         274341    306               208299            822               744               
  52    8.109992e-06   8.145246e-05   1.793356e-02   53        53        1         0         276526    311               209577            823               744               
  53    7.753375e-06   7.333057e-05   1.663504e-02   54        54        1         0         278729    316               210873            824               744               
  54    7.422012e-06   6.670988e-05   1.664156e-02   55        55        1         0         280917    321               212154            825               744               
  55    7.090576e-06   5.766878e-05   1.817522e-02   56        56        1         0         283150    326               213480            826               744               
  56    6.801030e-06   5.052325e-05   1.707095e-02   57        57        1         0         285344    331               214767            827               744               
  57    6.559300e-06   4.451167e-05   1.549207e-02   58        58        1         0         287544    336               216060            828               744               
  58    6.326986e-06   3.807658e-05   1.588329e-02   59        59        1         0         289792    341               217401            829               744               
  59    6.108368e-06   3.297275e-05   1.604753e-02   60        60        1         0         291977    346               218679            830               744               
  60    5.908724e-06   2.798705e-05   1.569853e-02   61        61        1         0         294204    351               219999            831               744               
  61    5.725211e-06   2.443968e-05   1.523568e-02   62        62        1         0         296407    356               221295            832               744               
  62    5.548588e-06   2.188176e-05   1.544349e-02   63        63        1         0         298622    361               222603            833               744               
  63    5.370767e-06   2.046165e-05   1.623643e-02   64        64        1         0         300861    366               223935            834               744               
  64    5.184668e-06   2.067746e-05   1.795571e-02   65        65        1         0         303049    371               225216            835               744               
  65    4.984238e-06   2.212659e-05   2.052692e-02   66        66        1         0         305264    376               226524            836               744               
  66    4.814418e-06   2.399862e-05   1.835175e-02   67        67        1         0         307473    381               227826            837               744               
  67    4.652152e-06   2.660645e-05   1.812010e-02   68        68        1         0         309691    386               229137            838               744               
  68    4.484170e-06   2.869736e-05   1.913225e-02   69        69        1         0         311897    391               230436            839               744               
  69    4.307454e-06   3.143785e-05   2.062525e-02   70        70        1         0         314160    396               231792            840               744               
  70    4.117027e-06   3.294383e-05   2.296363e-02   71        71        1         0         316315    401               233040            841               744               
  71    3.898504e-06   3.524141e-05   2.822167e-02   72        72        1         0         318506    406               234324            842               744               
  72    3.732344e-06   3.648940e-05   2.258086e-02   73        73        1         0         320769    411               235680            843               744               
  73    3.582600e-06   3.625749e-05   2.092883e-02   74        74        1         0         323026    416               237030            844               744               
  74    3.431164e-06   3.738421e-05   2.196830e-02   75        75        1         0         325286    421               238383            845               744               
  75    3.292626e-06   3.560520e-05   2.101208e-02   76        76        1         0         327510    426               239700            846               744               
  76    3.160966e-06   3.543642e-05   2.105466e-02   77        77        1         0         329782    431               241065            847               744               
  77    3.055602e-06   3.372964e-05   1.757827e-02   78        78        1         0         332003    436               242379            848               744               
  78    2.967365e-06   3.220470e-05   1.506461e-02   79        79        1         0         334278    441               243747            849               744               
  79    2.886525e-06   3.027540e-05   1.414007e-02   80        80        1         0         336547    446               245109            850               744               
  80    2.813638e-06   2.818972e-05   1.311197e-02   81        81        1         0         338822    451               246477            851               744               
  81    2.748895e-06   2.597357e-05   1.210815e-02   82        82        1         0         341046    456               247794            852               744               
  82    2.691208e-06   2.377486e-05   1.121418e-02   83        83        1         0         343345    461               249186            853               744               
  83    2.639652e-06   2.148220e-05   1.051435e-02   84        84        1         0         345608    466               250542            854               744               
  84    2.593465e-06   1.926483e-05   9.912276e-03   85        85        1         0         347892    471               251919            855               744               
  85    2.551761e-06   1.702240e-05   9.482800e-03   86        86        1         0         350161    476               253281            856               744               
  86    2.514129e-06   1.484866e-05   9.094454e-03   87        87        1         0         352448    481               254661            857               744               
  87    2.480782e-06   1.278139e-05   8.578524e-03   88        88        1         0         354753    486               256059            858               744               
  88    2.451041e-06   1.084172e-05   8.133754e-03   89        89        1         0         357049    491               257448            859               744               
  89    2.423879e-06   9.037850e-06   7.881721e-03   90        90        1         0         359378    496               258870            860               744               
Optimization Terminated with Status: Converged
 Done target optimization...
 Resetting problem to initial conditions and target previous FFD points 
 and aim for machine precision functional value....
The process took 320.485 seconds to run.
********************************************************
Biros and Ghattas Full-space method...with P2A preconditioner
Using 9040 design variables: 9000 simulation variables and 40 control variables.
Line Search: Backtracking satisfying Null Curvature Condition
********************************************************
Iteration         Func. val.        ||Lagr. grad.||   ||Constraint||    ||Search dir||    search_ctl_norm   search_sim_norm   search_adj_norm   n_kkt_iter        n_linesearches    n_grad            n_vmult           dRdW_form         dRdW_mult         dRdX_mult         d2R_mult          
1                 7.28775e-06       0.00511846        0.0219233         17.596            16.6127           3.51189           4.61582           387               1                 0                 24864             2                 2734              1558              1552              
2                 3.67314e-07       0.000178193       0.000532347       7.36208           7.32899           0.294055          0.632139          273               1                 0                 42070             3                 4381              2659              2648              
3                 2.00337e-10       2.01468e-05       2.45035e-05       8.98334           8.98158           0.0692762         0.163432          311               1                 0                 61632             4                 6256              3912              3896              
4                 1.03262e-13       1.14369e-08       6.07869e-09       0.324574          0.324495          0.00165472        0.00694867        329               1                 0                 82310             5                 8239              5237              5216              
5                 2.30078e-14       7.25369e-12       2.51688e-12       0.00887736        0.00887734        2.17558e-05       4.3001e-06        330               1                 0                 103050            6                 10228             6566              6540              
Optimization Terminated with Status: Converged
The process took 184.241 seconds to run.
Total n_vmult for algorithm 103050
