Starting optimization with 160...
Optimizing FFD points to obtain target Gaussian bump...

Quasi-Newton Method with Limited-Memory BFGS
Line Search: Backtracking satisfying Null Curvature Condition
  iter  value          gnorm          snorm          #fval     #grad     ls_#fval  ls_#grad  n_vmult   dRdW_form         dRdW_mult         dRdX_mult         d2R_mult          
  0     1.460802e-03   5.584927e-03   
  1     1.457685e-03   5.578482e-03   5.584927e-04   2         2         1         0         323136    75                287061            733               1452              
  2     1.201103e-03   5.025753e-03   4.842646e-02   3         3         1         0         326902    81                288900            734               1452              
  3     9.904053e-04   4.531542e-03   4.417444e-02   4         4         1         0         330677    87                290748            735               1452              
  4     8.155450e-04   4.085027e-03   4.076022e-02   5         5         1         0         334467    93                292611            736               1452              
  5     6.699026e-04   3.679277e-03   3.786122e-02   6         6         1         0         338242    99                294459            737               1452              
  6     5.455182e-04   3.302676e-03   3.654785e-02   7         7         1         0         342014    105               296304            738               1452              
  7     4.347384e-04   2.928892e-03   3.673275e-02   8         8         1         0         344887    110               297570            739               1452              
  8     3.485597e-04   2.606211e-03   3.172719e-02   9         9         1         0         347766    115               298842            740               1452              
  9     2.835587e-04   2.339217e-03   2.674727e-02   10        10        1         0         350651    120               300120            741               1452              
  10    2.315228e-04   2.103975e-03   2.386022e-02   11        11        1         0         353551    125               301413            742               1452              
  11    1.891669e-04   1.893984e-03   2.165497e-02   12        12        1         0         356463    130               302718            743               1452              
  12    1.544784e-04   1.704855e-03   1.977558e-02   13        13        1         0         359384    135               304032            744               1452              
  13    1.257832e-04   1.533072e-03   1.833407e-02   14        14        1         0         362314    140               305355            745               1452              
  14    1.011375e-04   1.370404e-03   1.787281e-02   15        15        1         0         365241    145               306675            746               1452              
  15    8.001096e-05   1.213463e-03   1.714813e-02   16        16        1         0         368174    150               308001            747               1452              
  16    6.415965e-05   1.082589e-03   1.437158e-02   17        17        1         0         371119    155               309339            748               1452              
  17    5.200143e-05   9.713236e-04   1.231474e-02   18        18        1         0         374085    160               310698            749               1452              
  18    4.229907e-05   8.731717e-04   1.096448e-02   19        19        1         0         377060    165               312066            750               1452              
  19    3.445523e-05   7.854654e-04   9.885119e-03   20        20        1         0         380053    170               313452            751               1452              
  20    2.808491e-05   7.067522e-04   8.953082e-03   21        21        1         0         383061    175               314853            752               1452              
  21    2.290311e-05   6.359616e-04   8.122228e-03   22        22        1         0         386075    180               316260            753               1452              
  22    1.868607e-05   5.722584e-04   7.374156e-03   23        23        1         0         389098    185               317676            754               1452              
  23    1.525403e-05   5.149035e-04   6.697227e-03   24        24        1         0         392127    190               319098            755               1452              
  24    1.246116e-05   4.632631e-04   6.084641e-03   25        25        1         0         395165    195               320529            756               1452              
  25    1.018877e-05   4.167583e-04   5.529987e-03   26        26        1         0         398212    200               321969            757               1452              
  26    8.340100e-06   3.748807e-04   5.028522e-03   27        27        1         0         401262    205               323412            758               1452              
  27    6.836293e-06   3.371647e-04   4.575299e-03   28        28        1         0         404312    210               324855            759               1452              
  28    5.613074e-06   3.031984e-04   4.166376e-03   29        29        1         0         407368    215               326304            760               1452              
  29    4.618075e-06   2.726045e-04   3.797616e-03   30        30        1         0         410436    220               327765            761               1452              
  30    3.808655e-06   2.450490e-04   3.465680e-03   31        31        1         0         413507    225               329229            762               1452              
  31    3.150100e-06   2.202257e-04   3.167059e-03   32        32        1         0         416581    230               330696            763               1452              
  32    2.614167e-06   1.978638e-04   2.898944e-03   33        33        1         0         419664    235               332172            764               1452              
  33    2.177885e-06   1.777142e-04   2.658359e-03   34        34        1         0         422747    240               333648            765               1452              
  34    1.822576e-06   1.595578e-04   2.442963e-03   35        35        1         0         425836    245               335130            766               1452              
  35    1.533057e-06   1.431921e-04   2.250234e-03   36        36        1         0         428928    250               336615            767               1452              
  36    1.296992e-06   1.284398e-04   2.078233e-03   37        37        1         0         432032    255               338112            768               1452              
  37    1.104359e-06   1.151363e-04   1.924826e-03   38        38        1         0         435136    260               339609            769               1452              
  38    9.470174e-07   1.031383e-04   1.788416e-03   39        39        1         0         438249    265               341115            770               1452              
  39    8.183552e-07   9.231222e-05   1.667209e-03   40        40        1         0         441365    270               342624            771               1452              
  40    7.130032e-07   8.254249e-05   1.559904e-03   41        41        1         0         444484    275               344136            772               1452              
  41    6.266002e-07   7.372045e-05   1.465030e-03   42        42        1         0         447609    280               345654            773               1452              
  42    5.556035e-07   6.575296e-05   1.381558e-03   43        43        1         0         450737    285               347175            774               1452              
  43    4.971342e-07   5.855159e-05   1.308334e-03   44        44        1         0         453874    290               348705            775               1452              
  44    4.488521e-07   5.204095e-05   1.244589e-03   45        45        1         0         457011    295               350235            776               1452              
  45    4.088543e-07   4.614890e-05   1.189473e-03   46        46        1         0         460151    300               351768            777               1452              
  46    3.755930e-07   4.081428e-05   1.142450e-03   47        47        1         0         463294    305               353304            778               1452              
  47    3.478093e-07   3.597833e-05   1.102939e-03   48        48        1         0         466446    310               354849            779               1452              
  48    3.244787e-07   3.159182e-05   1.070604e-03   49        49        1         0         469598    315               356394            780               1452              
  49    3.047679e-07   2.760755e-05   1.045100e-03   50        50        1         0         472756    320               357945            781               1452              
  50    2.879982e-07   2.398704e-05   1.026284e-03   51        51        1         0         475920    325               359502            782               1452              
  51    2.736166e-07   2.069405e-05   1.014047e-03   52        52        1         0         479093    330               361068            783               1452              
  52    2.611718e-07   1.770128e-05   1.008463e-03   53        53        1         0         482272    335               362640            784               1452              
  53    2.502946e-07   1.498486e-05   1.009690e-03   54        54        1         0         485451    340               364212            785               1452              
  54    2.406816e-07   1.253289e-05   1.018087e-03   55        55        1         0         488636    345               365790            786               1452              
  55    2.320821e-07   1.034192e-05   1.034187e-03   56        56        1         0         491818    350               367365            787               1452              
  56    2.242865e-07   8.432212e-06   1.058899e-03   57        57        1         0         495000    355               368940            788               1452              
Optimization Terminated with Status: Converged
 Done target optimization...
 Resetting problem to initial conditions and target previous FFD points 
 and aim for machine precision functional value....
The process took 777.693 seconds to run.
********************************************************
Biros and Ghattas Full-space method...with P2A preconditioner
Using 16160 design variables: 16000 simulation variables and 160 control variables.
Line Search: Backtracking satisfying Null Curvature Condition
********************************************************
Iteration         Func. val.        ||Lagr. grad.||   ||Constraint||    ||Search dir||    search_ctl_norm   search_sim_norm   search_adj_norm   n_kkt_iter        n_linesearches    n_grad            n_vmult           dRdW_form         dRdW_mult         dRdX_mult         d2R_mult          
1                 6.63215e-06       0.00509026        0.0185606         7.91767           1.99977           4.67431           6.0697            595               1                 0                 38112             2                 4054              2390              2384              
2                 7.94568e-07       0.00023413        0.000444538       1.39206           0.98853           0.389923          0.899226          427               1                 0                 65006             3                 6625              4107              4096              
3                 9.34806e-10       4.46382e-05       7.02198e-05       1.1427            1.10888           0.139288          0.238217          486               1                 0                 95558             4                 9550              6060              6044              
4                 3.52528e-12       7.8046e-08        3.89003e-08       0.217192          0.215758          0.00545575        0.0243169         519               1                 0                 128156            5                 12673             8145              8124              
5                 3.92141e-13       2.60773e-11       1.61289e-10       0.153853          0.153852          0.000294338       8.74906e-05       601               1                 0                 165838            6                 16288             10558             10532             
Optimization Terminated with Status: Converged
The process took 1007.74 seconds to run.
Total n_vmult for algorithm 165838
