Starting optimization with 320...
Optimizing FFD points to obtain target Gaussian bump...

Quasi-Newton Method with Limited-Memory BFGS
Line Search: Backtracking satisfying Null Curvature Condition
  iter  value          gnorm          snorm          #fval     #grad     ls_#fval  ls_#grad  n_vmult   dRdW_form         dRdW_mult         dRdX_mult         d2R_mult          
  0     1.446428e-03   4.638756e-03   
  1     1.444277e-03   4.634548e-03   4.638756e-04   2         2         1         0         138558    34                17629             8455              8432              
  2     1.178076e-03   7.110187e-03   7.600766e-02   3         3         1         0         140335    40                18919             8456              8432              
  3     9.582052e-04   5.809907e-03   5.432420e-02   4         4         1         0         142097    46                20194             8457              8432              
  4     8.057194e-04   5.485588e-03   4.474649e-02   5         5         1         0         143823    52                21433             8458              8432              
  5     6.716623e-04   4.726116e-03   4.263081e-02   6         6         1         0         145600    58                22723             8459              8432              
  6     5.576947e-04   4.326303e-03   4.164923e-02   7         7         1         0         147350    64                23986             8460              8432              
  7     4.620337e-04   3.850308e-03   3.906465e-02   8         8         1         0         149124    70                25273             8461              8432              
  8     3.812743e-04   3.475085e-03   3.719267e-02   9         9         1         0         150910    76                26572             8462              8432              
  9     3.117084e-04   3.098184e-03   3.635515e-02   10        10        1         0         152672    82                27847             8463              8432              
  10    2.495599e-04   2.747086e-03   3.636460e-02   11        11        1         0         154473    88                29161             8464              8432              
  11    2.017260e-04   2.439169e-03   3.179109e-02   12        12        1         0         156265    94                30466             8465              8432              
  12    1.650468e-04   2.190767e-03   2.735657e-02   13        13        1         0         158069    100               31783             8466              8432              
  13    1.355105e-04   1.967245e-03   2.475892e-02   14        14        1         0         159861    106               33088             8467              8432              
  14    1.113091e-04   1.770847e-03   2.269589e-02   15        15        1         0         161704    112               34444             8468              8432              
  15    9.128139e-05   1.593436e-03   2.107508e-02   16        16        1         0         163565    118               35818             8469              8432              
  16    7.333997e-05   1.426939e-03   2.157416e-02   17        17        1         0         165489    124               37255             8470              8432              
  17    5.727777e-05   1.246500e-03   2.128942e-02   18        18        1         0         167374    130               38653             8471              8432              
  18    4.642397e-05   1.118118e-03   1.649409e-02   19        19        1         0         169244    136               40036             8472              8432              
  19    3.791908e-05   1.003329e-03   1.439669e-02   20        20        1         0         171120    142               41425             8473              8432              
  20    3.103240e-05   9.032604e-04   1.309776e-02   21        21        1         0         173014    148               42832             8474              8432              
  21    2.541452e-05   8.120577e-04   1.190585e-02   22        22        1         0         174917    154               44248             8475              8432              
  22    2.080272e-05   7.309503e-04   1.095651e-02   23        23        1         0         176823    160               45667             8476              8432              
  23    1.697424e-05   6.561594e-04   1.017642e-02   24        24        1         0         178738    166               47095             8477              8432              
  24    1.370571e-05   5.863443e-04   9.786584e-03   25        25        1         0         180656    172               48526             8478              8432              
  25    1.097560e-05   5.209838e-04   9.180768e-03   26        26        1         0         182577    178               49960             8479              8432              
  26    8.877486e-06   4.651337e-04   7.932933e-03   27        27        1         0         184510    184               51406             8480              8432              
  27    7.246775e-06   4.171643e-04   6.922838e-03   28        28        1         0         186452    190               52861             8481              8432              
  28    5.940177e-06   3.744796e-04   6.203373e-03   29        29        1         0         188403    196               54325             8482              8432              
  29    4.880244e-06   3.364523e-04   5.633607e-03   30        30        1         0         190366    202               55801             8483              8432              
  30    4.016380e-06   3.020929e-04   5.130006e-03   31        31        1         0         191670    207               56698             8484              8432              
  31    3.311179e-06   2.713383e-04   4.686735e-03   32        32        1         0         192980    212               57601             8485              8432              
  32    2.735303e-06   2.435033e-04   4.276365e-03   33        33        1         0         194296    217               58510             8486              8432              
  33    2.265092e-06   2.185937e-04   3.907918e-03   34        34        1         0         195621    222               59428             8487              8432              
  34    1.881288e-06   1.960532e-04   3.564558e-03   35        35        1         0         196952    227               60352             8488              8432              
  35    1.568132e-06   1.759035e-04   3.255384e-03   36        36        1         0         198286    232               61279             8489              8432              
  36    1.312725e-06   1.576753e-04   2.967201e-03   37        37        1         0         199623    237               62209             8490              8432              
  37    1.104495e-06   1.414037e-04   2.707934e-03   38        38        1         0         200966    242               63145             8491              8432              
  38    9.347928e-07   1.266833e-04   2.466313e-03   39        39        1         0         202318    247               64090             8492              8432              
  39    7.965365e-07   1.135654e-04   2.249376e-03   40        40        1         0         203676    252               65041             8493              8432              
  40    6.839362e-07   1.016927e-04   2.047127e-03   41        41        1         0         205043    257               66001             8494              8432              
  41    5.922577e-07   9.113384e-05   1.866054e-03   42        42        1         0         206416    262               66967             8495              8432              
  42    5.176348e-07   8.156801e-05   1.697046e-03   43        43        1         0         207801    267               67945             8496              8432              
  43    4.569100e-07   7.308036e-05   1.546245e-03   44        44        1         0         209192    272               68929             8497              8432              
  44    4.075075e-07   6.537962e-05   1.405222e-03   45        45        1         0         210592    277               69922             8498              8432              
  45    3.673260e-07   5.856446e-05   1.279849e-03   46        46        1         0         211998    282               70921             8499              8432              
  46    3.346528e-07   5.236991e-05   1.162312e-03   47        47        1         0         213413    287               71929             8500              8432              
  47    3.080920e-07   4.690224e-05   1.058152e-03   48        48        1         0         214831    292               72940             8501              8432              
  48    2.865069e-07   4.192423e-05   9.602587e-04   49        49        1         0         216255    297               73957             8502              8432              
  49    2.689710e-07   3.754080e-05   8.736889e-04   50        50        1         0         217682    302               74977             8503              8432              
  50    2.547298e-07   3.354641e-05   7.922382e-04   51        51        1         0         219112    307               76000             8504              8432              
  51    2.431680e-07   3.003473e-05   7.202808e-04   52        52        1         0         220548    312               77029             8505              8432              
  52    2.337842e-07   2.683533e-05   6.527039e-04   53        53        1         0         221984    317               78058             8506              8432              
  53    2.261694e-07   2.402388e-05   5.930262e-04   54        54        1         0         223429    322               79096             8507              8432              
  54    2.199909e-07   2.146515e-05   5.372475e-04   55        55        1         0         224874    327               80134             8508              8432              
  55    2.149773e-07   1.921512e-05   4.879749e-04   56        56        1         0         226331    332               81184             8509              8432              
  56    2.109085e-07   1.717011e-05   4.421837e-04   57        57        1         0         227788    337               82234             8510              8432              
  57    2.076056e-07   1.536919e-05   4.016865e-04   58        58        1         0         229251    342               83290             8511              8432              
  58    2.049235e-07   1.373440e-05   3.642493e-04   59        59        1         0         230714    347               84346             8512              8432              
  59    2.027444e-07   1.229214e-05   3.310890e-04   60        60        1         0         232183    352               85408             8513              8432              
  60    2.009732e-07   1.098412e-05   3.005774e-04   61        61        1         0         233658    357               86476             8514              8432              
  61    1.995326e-07   9.827989e-06   2.735222e-04   62        62        1         0         235136    362               87547             8515              8432              
Optimization Terminated with Status: Converged
 Done target optimization...
 Resetting problem to initial conditions and target previous FFD points 
 and aim for machine precision functional value....
The process took 65.3318 seconds to run.
Starting optimization with 320...

Newton-Krylov using GMRES with Limited-Memory BFGS preconditioning
Line Search: Backtracking satisfying Null Curvature Condition
-------------------------------------------------------------------------------------------------------------
Newton-Krylov status output definitions

  iter     - Number of iterates (steps taken) 
  value    - Objective function value 
  gnorm    - Norm of the gradient
  snorm    - Norm of the step (update to optimization vector)
  #fval    - Cumulative number of times the objective function was evaluated
  #grad    - Number of times the gradient was computed
  iterCG   - Number of Krylov iterations used to compute search direction
  flagCG   - Krylov solver flag
-------------------------------------------------------------------------------------------------------------
  iter  value          gnorm          snorm          #fval     #grad     iterCG    flagCG    ls_#fval  ls_#grad  n_vmult   dRdW_form         dRdW_mult         dRdX_mult         d2R_mult          
  0     1.441364e-03   4.629511e-03   
  1     1.492455e-05   3.546979e-04   6.474758e-01   2         2         54        0         1         0         40098     8                 37134             112               220               
  2     3.239730e-09   5.543136e-06   1.393277e-01   3         3         58        0         1         0         80812     14                74883             231               456               
  3     2.168235e-14   3.057591e-09   3.703468e-02   4         4         63        0         1         0         124110    19                115086            360               712               
  4     6.913679e-19   9.448606e-13   1.399851e-02   5         5         71        0         1         0         171867    23                159492            505               1000              
Optimization Terminated with Status: Converged
The process took 29.7653 seconds to run.
Total n_vmult for algorithm 171867
