Starting optimization with 20...
Optimizing FFD points to obtain target Gaussian bump...

Quasi-Newton Method with Limited-Memory BFGS
Line Search: Backtracking satisfying Null Curvature Condition
  iter  value          gnorm          snorm          #fval     #grad     ls_#fval  ls_#grad  n_vmult   dRdW_form         dRdW_mult         dRdX_mult         d2R_mult          
  0     1.460802e-03   8.749957e-03   
  1     1.453161e-03   8.717155e-03   8.749957e-04   2         2         1         0         151593    58                23907             5348              10620             
  2     1.255654e-03   7.854818e-03   2.408510e-02   3         3         1         0         155443    64                25830             5349              10620             
  3     1.087020e-03   7.073396e-03   2.332103e-02   4         4         1         0         159302    70                27762             5350              10620             
  4     9.425620e-04   6.361593e-03   2.280633e-02   5         5         1         0         163152    76                29685             5351              10620             
  5     8.194160e-04   5.715171e-03   2.228605e-02   6         6         1         0         167008    82                31614             5352              10620             
  6     7.147857e-04   5.129216e-03   2.175817e-02   7         7         1         0         170873    88                33552             5353              10620             
  7     6.261009e-04   4.598742e-03   2.122241e-02   8         8         1         0         174747    94                35499             5354              10620             
  8     5.510603e-04   4.118912e-03   2.068238e-02   9         9         1         0         178597    100               37422             5355              10620             
  9     4.876368e-04   3.685145e-03   2.014399e-02   10        10        1         0         181524    105               38742             5356              10620             
  10    4.340653e-04   3.293166e-03   1.961398e-02   11        11        1         0         184457    110               40068             5357              10620             
  11    3.888219e-04   2.939032e-03   1.909900e-02   12        12        1         0         187399    115               41403             5358              10620             
  12    3.505999e-04   2.619129e-03   1.860519e-02   13        13        1         0         190347    120               42744             5359              10620             
  13    3.182840e-04   2.330165e-03   1.813813e-02   14        14        1         0         193298    125               44088             5360              10620             
  14    2.909267e-04   2.069142e-03   1.770302e-02   15        15        1         0         196258    130               45441             5361              10620             
  15    2.677248e-04   1.833345e-03   1.730487e-02   16        16        1         0         199221    135               46797             5362              10620             
  16    2.479996e-04   1.620308e-03   1.694871e-02   17        17        1         0         202196    140               48165             5363              10620             
  17    2.311786e-04   1.427808e-03   1.663969e-02   18        18        1         0         205174    145               49536             5364              10620             
  18    2.167799e-04   1.253839e-03   1.638317e-02   19        19        1         0         208158    150               50913             5365              10620             
  19    2.043981e-04   1.096606e-03   1.618474e-02   20        20        1         0         211142    155               52290             5366              10620             
  20    1.936933e-04   9.545153e-04   1.605018e-02   21        21        1         0         214126    160               53667             5367              10620             
  21    1.843805e-04   8.261785e-04   1.598544e-02   22        22        1         0         217116    165               55050             5368              10620             
  22    1.762210e-04   7.104150e-04   1.599657e-02   23        23        1         0         220118    170               56445             5369              10620             
  23    1.690151e-04   6.062726e-04   1.608969e-02   24        24        1         0         223126    175               57846             5370              10620             
  24    1.625959e-04   5.130598e-04   1.627089e-02   25        25        1         0         226134    180               59247             5371              10620             
  25    1.568240e-04   4.304042e-04   1.654611e-02   26        26        1         0         229148    185               60654             5372              10620             
  26    1.515827e-04   3.583424e-04   1.692104e-02   27        27        1         0         232156    190               62055             5373              10620             
  27    1.467746e-04   2.974392e-04   1.740102e-02   28        28        1         0         235128    195               63420             5374              10620             
  28    1.423182e-04   2.488708e-04   1.799092e-02   29        29        1         0         238088    200               64773             5375              10620             
  29    1.381448e-04   2.142215e-04   1.869552e-02   30        30        1         0         241045    205               66123             5376              10620             
  30    1.341966e-04   1.945449e-04   1.952050e-02   31        31        1         0         244002    210               67473             5377              10620             
  31    1.304236e-04   1.887971e-04   2.047534e-02   32        32        1         0         246968    215               68832             5378              10620             
  32    1.267805e-04   1.932829e-04   2.158012e-02   33        33        1         0         249937    220               70194             5379              10620             
  33    1.232224e-04   2.031182e-04   2.288135e-02   34        34        1         0         252927    225               71577             5380              10620             
  34    1.196961e-04   2.139675e-04   2.448916e-02   35        35        1         0         255911    230               72954             5381              10620             
  35    1.161250e-04   2.226571e-04   2.666807e-02   36        36        1         0         258934    235               74370             5382              10620             
  36    1.123760e-04   2.272504e-04   3.006501e-02   37        37        1         0         261915    240               75744             5383              10620             
  37    1.082115e-04   2.265519e-04   3.613824e-02   38        38        1         0         264905    245               77127             5384              10620             
  38    1.036211e-04   3.138905e-04   5.393656e-02   39        39        1         0         267823    250               78438             5385              10620             
  39    9.974748e-05   3.007060e-04   3.970336e-02   40        40        1         0         270852    255               79860             5386              10620             
  40    9.591246e-05   2.849684e-04   4.234836e-02   41        41        1         0         273881    260               81282             5387              10620             
  41    9.178601e-05   2.650519e-04   4.989653e-02   42        42        1         0         276898    265               82692             5388              10620             
  42    8.735764e-05   2.709556e-04   6.083632e-02   43        43        1         0         279861    270               84048             5389              10620             
  43    8.308910e-05   2.446693e-04   6.213161e-02   44        44        1         0         282893    275               85473             5390              10620             
  44    7.975529e-05   2.237885e-04   5.479135e-02   45        45        1         0         285901    280               86874             5391              10620             
  45    7.640490e-05   2.098171e-04   5.958230e-02   46        46        1         0         288879    285               88245             5392              10620             
  46    7.356278e-05   1.838242e-04   5.553424e-02   47        47        1         0         291893    290               89652             5393              10620             
  47    7.130084e-05   1.698515e-04   4.826335e-02   48        48        1         0         294937    295               91089             5394              10620             
  48    6.921396e-05   1.543211e-04   4.812894e-02   49        49        1         0         297921    300               92466             5395              10620             
  49    6.698082e-05   1.338109e-04   5.576698e-02   50        50        1         0         300938    305               93876             5396              10620             
  50    6.537348e-05   1.221160e-04   4.446722e-02   51        51        1         0         303973    310               95304             5397              10620             
  51    6.401406e-05   1.079456e-04   3.993983e-02   52        52        1         0         307014    315               96738             5398              10620             
  52    6.283550e-05   9.866376e-05   3.739574e-02   53        53        1         0         310061    320               98178             5399              10620             
  53    6.178096e-05   8.724009e-05   3.517426e-02   54        54        1         0         313114    325               99624             5400              10620             
  54    6.082798e-05   7.937788e-05   3.421932e-02   55        55        1         0         316167    330               101070            5401              10620             
  55    5.995383e-05   6.939891e-05   3.298250e-02   56        56        1         0         319220    335               102516            5402              10620             
  56    5.914594e-05   6.225240e-05   3.288740e-02   57        57        1         0         322273    340               103962            5403              10620             
  57    5.839023e-05   5.403478e-05   3.250782e-02   58        58        1         0         325326    345               105408            5404              10620             
  58    5.765379e-05   4.705064e-05   3.423048e-02   59        59        1         0         328403    350               106878            5405              10620             
  59    5.690633e-05   4.097819e-05   3.790726e-02   60        60        1         0         331444    355               108312            5406              10620             
  60    5.623347e-05   3.431979e-05   3.649116e-02   61        61        1         0         334515    360               109776            5407              10620             
  61    5.567851e-05   3.066954e-05   3.257634e-02   62        62        1         0         337571    365               111225            5408              10620             
  62    5.512449e-05   2.847818e-05   3.384775e-02   63        63        1         0         340642    370               112689            5409              10620             
  63    5.453768e-05   2.795394e-05   3.770091e-02   64        64        1         0         343668    375               114108            5410              10620             
  64    5.392753e-05   2.875808e-05   4.103323e-02   65        65        1         0         346733    380               115566            5411              10620             
  65    5.325320e-05   3.678939e-05   4.722793e-02   66        66        1         0         349774    385               117000            5412              10620             
  66    5.259885e-05   4.213170e-05   4.804728e-02   67        67        1         0         352809    390               118428            5413              10620             
  67    5.189391e-05   4.643938e-05   5.317085e-02   68        68        1         0         355880    395               119892            5414              10620             
  68    5.108837e-05   5.479047e-05   6.196138e-02   69        69        1         0         358906    400               121311            5415              10620             
  69    5.018318e-05   5.891582e-05   7.157429e-02   70        70        1         0         361953    405               122751            5416              10620             
  70    4.915365e-05   7.401380e-05   8.314022e-02   71        71        1         0         365036    410               124227            5417              10620             
  71    4.806931e-05   7.994446e-05   9.045003e-02   72        72        1         0         368092    415               125676            5418              10620             
  72    4.690107e-05   8.674339e-05   9.863153e-02   73        73        1         0         371124    420               127101            5419              10620             
  73    4.560191e-05   9.095488e-05   1.119434e-01   74        74        1         0         374129    425               128499            5420              10620             
  74    4.418620e-05   9.831927e-05   1.245643e-01   75        75        1         0         377167    430               129930            5421              10620             
  75    4.275360e-05   1.009788e-04   1.301520e-01   76        76        1         0         380208    435               131364            5422              10620             
  76    4.130549e-05   1.050414e-04   1.340685e-01   77        77        1         0         383228    440               132777            5423              10620             
  77    3.985595e-05   1.065414e-04   1.379800e-01   78        78        1         0         386266    445               134208            5424              10620             
  78    3.843550e-05   1.047813e-04   1.382095e-01   79        79        1         0         389310    450               135645            5425              10620             
  79    3.705982e-05   1.065619e-04   1.380649e-01   80        80        1         0         392351    455               137079            5426              10620             
  80    3.576297e-05   9.979878e-05   1.335891e-01   81        81        1         0         395404    460               138525            5427              10620             
  81    3.459373e-05   9.920621e-05   1.243010e-01   82        82        1         0         398475    465               139989            5428              10620             
  82    3.350150e-05   8.791741e-05   1.178829e-01   83        83        1         0         401513    470               141420            5429              10620             
  83    3.255267e-05   8.463645e-05   1.059756e-01   84        84        1         0         404611    475               142911            5430              10620             
  84    3.170199e-05   7.793377e-05   9.536706e-02   85        85        1         0         407655    480               144348            5431              10620             
  85    3.092965e-05   7.439371e-05   8.935307e-02   86        86        1         0         410750    485               145836            5432              10620             
  86    3.023956e-05   6.561934e-05   8.238181e-02   87        87        1         0         413800    490               147279            5433              10620             
  87    2.967159e-05   6.148620e-05   7.084859e-02   88        88        1         0         416892    495               148764            5434              10620             
  88    2.918956e-05   5.492339e-05   6.194536e-02   89        89        1         0         419978    500               150243            5435              10620             
  89    2.877312e-05   5.136999e-05   5.584361e-02   90        90        1         0         423067    505               151725            5436              10620             
  90    2.842110e-05   4.442968e-05   4.913697e-02   91        91        1         0         426150    510               153201            5437              10620             
  91    2.813635e-05   4.119452e-05   4.163837e-02   92        92        1         0         429263    515               154707            5438              10620             
  92    2.789894e-05   3.591788e-05   3.606870e-02   93        93        1         0         432349    520               156186            5439              10620             
  93    2.769866e-05   3.317837e-05   3.192456e-02   94        94        1         0         435462    525               157692            5440              10620             
  94    2.753063e-05   2.856988e-05   2.801793e-02   95        95        1         0         438560    530               159183            5441              10620             
  95    2.739051e-05   2.606237e-05   2.469220e-02   96        96        1         0         441685    535               160701            5442              10620             
  96    2.727406e-05   2.269042e-05   2.160634e-02   97        97        1         0         444798    540               162207            5443              10620             
  97    2.717611e-05   2.046550e-05   1.926934e-02   98        98        1         0         447935    545               163737            5444              10620             
  98    2.709356e-05   1.778197e-05   1.720402e-02   99        99        1         0         451054    550               165249            5445              10620             
  99    2.702332e-05   1.582102e-05   1.558656e-02   100       100       1         0         454203    555               166791            5446              10620             
  100   2.696317e-05   1.363270e-05   1.421119e-02   101       101       1         0         457325    560               168306            5447              10620             
  101   2.691105e-05   1.190545e-05   1.315920e-02   102       102       1         0         460486    565               169860            5448              10620             
  102   2.686544e-05   1.009461e-05   1.230190e-02   103       103       1         0         463608    570               171375            5449              10620             
  103   2.682493e-05   8.583208e-06   1.169865e-02   104       104       1         0         466781    575               172941            5450              10620             
Optimization Terminated with Status: Converged
 Done target optimization...
 Resetting problem to initial conditions and target previous FFD points 
 and aim for machine precision functional value....
The process took 1246.74 seconds to run.
Starting optimization with 20...

Quasi-Newton Method with Limited-Memory BFGS
Line Search: Backtracking satisfying Null Curvature Condition
-------------------------------------------------------------------------------------------------------------
Quasi-Newton Method status output definitions

  iter     - Number of iterates (steps taken) 
  value    - Objective function value 
  gnorm    - Norm of the gradient
  snorm    - Norm of the step (update to optimization vector)
  #fval    - Cumulative number of times the objective function was evaluated
  #grad    - Number of times the gradient was computed
-------------------------------------------------------------------------------------------------------------
  iter  value          gnorm          snorm          #fval     #grad     ls_#fval  ls_#grad  n_vmult   dRdW_form         dRdW_mult         dRdX_mult         d2R_mult          
  0     1.433668e-03   8.752549e-03   
  1     1.358495e-03   8.425279e-03   8.752549e-03   2         2         1         0         3773      6                 1839              2                 0                 
  2     3.057822e-04   1.297450e-03   2.336584e-01   3         3         1         0         7293      12                3432              3                 0                 
  3     2.562881e-04   9.330236e-04   5.035262e-02   4         4         1         0         11038     18                5250              4                 0                 
  4     2.005061e-04   7.900535e-04   9.418760e-02   5         5         1         0         14750     24                7035              5                 0                 
  5     1.602333e-04   5.893639e-04   1.048246e-01   6         6         1         0         18507     30                8865              6                 0                 
  6     1.321246e-04   5.886041e-04   1.482105e-01   7         7         1         0         22273     36                10704             7                 0                 
  7     1.161819e-04   3.342590e-04   8.624225e-02   8         8         1         0         26078     42                12582             8                 0                 
  8     1.071818e-04   3.015735e-04   4.396681e-02   9         9         1         0         30006     48                14583             9                 0                 
  9     8.655857e-05   3.091519e-04   1.661222e-01   10        10        1         0         33775     54                16425             10                0                 
  10    8.136827e-05   2.981420e-04   7.674929e-02   12        11        2         0         39559     64                19002             11                0                 
  11    7.678175e-05   1.444279e-04   5.982061e-02   13        12        1         0         42477     69                20313             12                0                 
  12    7.408210e-05   1.238654e-04   3.982468e-02   14        13        1         0         45422     74                21651             13                0                 
  13    6.987315e-05   2.201213e-04   7.330778e-02   15        14        1         0         48355     79                22977             14                0                 
  14    6.149550e-05   3.613847e-04   1.645324e-01   16        15        1         0         51267     84                24282             15                0                 
  15    4.754475e-05   4.344562e-04   3.138345e-01   17        16        1         0         54146     89                25554             16                0                 
  16    3.471576e-05   2.353538e-04   3.290751e-01   18        17        1         0         57945     95                27426             17                0                 
  17    3.182321e-05   7.535577e-05   8.235254e-02   19        18        1         0         61789     101               29343             18                0                 
  18    3.147803e-05   2.639003e-05   2.278668e-02   20        19        1         0         64767     106               30714             19                0                 
  19    3.139853e-05   3.505100e-05   1.346309e-02   21        20        1         0         67850     111               32190             20                0                 
  20    3.117171e-05   5.703397e-05   2.541599e-02   22        21        1         0         70903     116               33636             21                0                 
  21    3.055445e-05   9.786855e-05   5.318891e-02   23        22        1         0         73926     121               35052             22                0                 
  22    2.901155e-05   1.615922e-04   1.247988e-01   24        23        1         0         76889     126               36408             23                0                 
  23    2.545550e-05   2.441984e-04   2.994343e-01   25        24        1         0         79846     131               37758             24                0                 
  24    1.850236e-05   3.160063e-04   6.334802e-01   26        25        1         0         82779     136               39084             25                0                 
  25    8.810273e-06   2.933376e-04   1.001423e+00   27        26        1         0         85646     141               40344             26                0                 
  26    8.007763e-06   3.629821e-04   2.091626e-01   31        27        4         0         97420     161               45711             27                0                 
  27    1.874676e-06   1.595078e-04   5.850057e-01   32        28        1         0         100299    166               46983             28                0                 
  28    3.160021e-07   3.390443e-05   1.238820e-01   33        29        1         0         103232    171               48309             29                0                 
  29    1.804535e-07   1.092894e-05   7.580145e-02   34        30        1         0         106288    176               49758             30                0                 
  30    1.527937e-07   8.463252e-06   2.279728e-02   35        31        1         0         109392    181               51255             31                0                 
  31    1.114488e-07   7.492883e-06   1.258760e-02   36        32        1         0         112487    186               52743             32                0                 
  32    7.658038e-08   5.920064e-06   1.024146e-02   37        33        1         0         115573    191               54222             33                0                 
  33    6.896804e-08   8.008351e-06   1.007681e-02   39        34        2         0         121037    200               56799             34                0                 
  34    6.191224e-08   7.939345e-07   1.256124e-02   40        35        1         0         124156    205               58311             35                0                 
  35    6.170863e-08   4.971988e-07   1.469110e-03   41        36        1         0         127422    210               59970             36                0                 
  36    6.153462e-08   5.294740e-07   7.590933e-04   42        37        1         0         130640    215               61581             37                0                 
  37    6.096704e-08   1.083446e-06   2.201019e-03   43        38        1         0         133870    220               63204             38                0                 
  38    6.003912e-08   1.551815e-06   3.852905e-03   44        39        1         0         137094    225               64821             39                0                 
  39    5.870438e-08   1.516328e-06   6.154960e-03   45        40        1         0         140309    230               66429             40                0                 
  40    5.773975e-08   2.353073e-06   6.433615e-03   46        41        1         0         143485    235               67998             41                0                 
  41    5.740316e-08   3.358994e-07   1.699795e-03   47        42        1         0         146679    240               69585             42                0                 
  42    5.736447e-08   2.168888e-07   8.881125e-04   48        43        1         0         149918    245               71217             43                0                 
  43    5.733943e-08   2.168726e-07   2.727311e-04   49        44        1         0         152303    249               72315             44                0                 
  44    5.702462e-08   5.947794e-07   2.706879e-03   50        45        1         0         155605    254               74010             45                0                 
  45    5.643273e-08   1.170021e-06   5.084176e-03   51        46        1         0         158901    259               75699             46                0                 
  46    5.470009e-08   2.232706e-06   1.603011e-02   52        47        1         0         162158    264               77349             47                0                 
  47    5.066605e-08   3.702219e-06   4.022139e-02   53        48        1         0         165367    269               78951             48                0                 
  48    4.158287e-08   5.483942e-06   9.721840e-02   54        49        1         0         168564    274               80541             49                0                 
  49    2.595920e-08   6.454834e-06   1.821105e-01   55        50        1         0         171725    279               82095             50                0                 
  50    9.264868e-09   4.848838e-06   2.159250e-01   56        51        1         0         174841    284               83604             51                0                 
  51    1.482607e-09   1.684968e-06   1.005979e-01   57        52        1         0         177975    289               85131             52                0                 
  52    1.668838e-10   2.934333e-07   1.204616e-02   58        53        1         0         181169    294               86718             53                0                 
  53    9.745870e-11   6.763836e-08   1.589072e-02   59        54        1         0         184462    299               88404             54                0                 
  54    9.555470e-11   2.139801e-08   2.561661e-03   60        55        1         0         186868    303               89523             55                0                 
  55    9.528698e-11   1.782674e-08   1.096930e-04   61        56        1         0         189295    307               90663             56                0                 
  56    9.356340e-11   3.531813e-08   4.527114e-04   62        57        1         0         191656    311               91737             57                0                 
  57    9.018436e-11   7.391583e-08   5.812661e-04   63        58        1         0         194011    315               92805             58                0                 
  58    8.119745e-11   1.378974e-07   1.177097e-03   64        59        1         0         196408    319               93915             59                0                 
  59    6.332003e-11   2.037304e-07   2.127738e-03   65        60        1         0         198796    323               95016             60                0                 
  60    3.597396e-11   2.207624e-07   3.496914e-03   66        61        1         0         201163    327               96096             61                0                 
  61    1.250727e-11   1.237699e-07   4.023820e-03   67        62        1         0         203491    331               97137             62                0                 
  62    6.611356e-12   2.808317e-08   9.353042e-04   68        63        1         0         205840    335               98199             63                0                 
  63    6.166123e-12   1.957036e-09   3.470928e-04   69        64        1         0         208195    339               99267             64                0                 
  64    6.153308e-12   4.605502e-10   1.103741e-04   70        65        1         0         210643    343               100428            65                0                 
Optimization Terminated with Status: Converged
The process took 788.541 seconds to run.
Total n_vmult for algorithm 210643
