Starting optimization with 20...
Optimizing FFD points to obtain target Gaussian bump...

Quasi-Newton Method with Limited-Memory BFGS
Line Search: Backtracking satisfying Null Curvature Condition
  iter  value          gnorm          snorm          #fval     #grad     ls_#fval  ls_#grad  n_vmult   dRdW_form         dRdW_mult         dRdX_mult         d2R_mult          
  0     1.460802e-03   8.749957e-03   
  1     1.453161e-03   8.717155e-03   8.749957e-04   2         2         1         0         237434    395               110565            67                0                 
  2     1.255654e-03   7.854818e-03   2.408510e-02   3         3         1         0         241284    401               112488            68                0                 
  3     1.087020e-03   7.073396e-03   2.332103e-02   4         4         1         0         245143    407               114420            69                0                 
  4     9.425620e-04   6.361593e-03   2.280633e-02   5         5         1         0         248993    413               116343            70                0                 
  5     8.194160e-04   5.715171e-03   2.228605e-02   6         6         1         0         252849    419               118272            71                0                 
  6     7.147857e-04   5.129216e-03   2.175817e-02   7         7         1         0         256714    425               120210            72                0                 
  7     6.261009e-04   4.598742e-03   2.122241e-02   8         8         1         0         260588    431               122157            73                0                 
  8     5.510603e-04   4.118912e-03   2.068238e-02   9         9         1         0         264438    437               124080            74                0                 
  9     4.876368e-04   3.685145e-03   2.014399e-02   10        10        1         0         267365    442               125400            75                0                 
  10    4.340653e-04   3.293166e-03   1.961398e-02   11        11        1         0         270298    447               126726            76                0                 
  11    3.888219e-04   2.939032e-03   1.909900e-02   12        12        1         0         273240    452               128061            77                0                 
  12    3.505999e-04   2.619129e-03   1.860519e-02   13        13        1         0         276188    457               129402            78                0                 
  13    3.182840e-04   2.330165e-03   1.813813e-02   14        14        1         0         279139    462               130746            79                0                 
  14    2.909267e-04   2.069142e-03   1.770302e-02   15        15        1         0         282099    467               132099            80                0                 
  15    2.677248e-04   1.833345e-03   1.730487e-02   16        16        1         0         285062    472               133455            81                0                 
  16    2.479996e-04   1.620308e-03   1.694871e-02   17        17        1         0         288037    477               134823            82                0                 
  17    2.311786e-04   1.427808e-03   1.663969e-02   18        18        1         0         291015    482               136194            83                0                 
  18    2.167799e-04   1.253839e-03   1.638317e-02   19        19        1         0         293999    487               137571            84                0                 
  19    2.043981e-04   1.096606e-03   1.618474e-02   20        20        1         0         296983    492               138948            85                0                 
  20    1.936933e-04   9.545153e-04   1.605018e-02   21        21        1         0         299967    497               140325            86                0                 
  21    1.843805e-04   8.261785e-04   1.598544e-02   22        22        1         0         302957    502               141708            87                0                 
  22    1.762210e-04   7.104150e-04   1.599657e-02   23        23        1         0         305959    507               143103            88                0                 
  23    1.690151e-04   6.062726e-04   1.608969e-02   24        24        1         0         308967    512               144504            89                0                 
  24    1.625959e-04   5.130598e-04   1.627089e-02   25        25        1         0         311975    517               145905            90                0                 
  25    1.568240e-04   4.304042e-04   1.654611e-02   26        26        1         0         314989    522               147312            91                0                 
  26    1.515827e-04   3.583424e-04   1.692104e-02   27        27        1         0         317997    527               148713            92                0                 
  27    1.467746e-04   2.974392e-04   1.740102e-02   28        28        1         0         320969    532               150078            93                0                 
  28    1.423182e-04   2.488708e-04   1.799092e-02   29        29        1         0         323929    537               151431            94                0                 
  29    1.381448e-04   2.142215e-04   1.869552e-02   30        30        1         0         326886    542               152781            95                0                 
  30    1.341966e-04   1.945449e-04   1.952050e-02   31        31        1         0         329843    547               154131            96                0                 
  31    1.304236e-04   1.887971e-04   2.047534e-02   32        32        1         0         332809    552               155490            97                0                 
  32    1.267805e-04   1.932829e-04   2.158012e-02   33        33        1         0         335778    557               156852            98                0                 
  33    1.232224e-04   2.031182e-04   2.288135e-02   34        34        1         0         338768    562               158235            99                0                 
  34    1.196961e-04   2.139675e-04   2.448916e-02   35        35        1         0         341752    567               159612            100               0                 
  35    1.161250e-04   2.226571e-04   2.666807e-02   36        36        1         0         344775    572               161028            101               0                 
  36    1.123760e-04   2.272504e-04   3.006501e-02   37        37        1         0         347756    577               162402            102               0                 
  37    1.082115e-04   2.265519e-04   3.613824e-02   38        38        1         0         350746    582               163785            103               0                 
  38    1.036211e-04   3.138905e-04   5.393656e-02   39        39        1         0         353664    587               165096            104               0                 
  39    9.974748e-05   3.007060e-04   3.970336e-02   40        40        1         0         356693    592               166518            105               0                 
  40    9.591246e-05   2.849684e-04   4.234836e-02   41        41        1         0         359722    597               167940            106               0                 
  41    9.178601e-05   2.650519e-04   4.989653e-02   42        42        1         0         362739    602               169350            107               0                 
  42    8.735764e-05   2.709556e-04   6.083632e-02   43        43        1         0         365702    607               170706            108               0                 
  43    8.308910e-05   2.446693e-04   6.213161e-02   44        44        1         0         368734    612               172131            109               0                 
  44    7.975529e-05   2.237885e-04   5.479135e-02   45        45        1         0         371742    617               173532            110               0                 
  45    7.640490e-05   2.098171e-04   5.958230e-02   46        46        1         0         374720    622               174903            111               0                 
  46    7.356278e-05   1.838242e-04   5.553424e-02   47        47        1         0         377734    627               176310            112               0                 
  47    7.130084e-05   1.698515e-04   4.826335e-02   48        48        1         0         380778    632               177747            113               0                 
  48    6.921396e-05   1.543211e-04   4.812894e-02   49        49        1         0         383762    637               179124            114               0                 
  49    6.698082e-05   1.338109e-04   5.576698e-02   50        50        1         0         386779    642               180534            115               0                 
  50    6.537348e-05   1.221160e-04   4.446722e-02   51        51        1         0         389814    647               181962            116               0                 
  51    6.401406e-05   1.079456e-04   3.993983e-02   52        52        1         0         392855    652               183396            117               0                 
  52    6.283550e-05   9.866376e-05   3.739574e-02   53        53        1         0         395902    657               184836            118               0                 
  53    6.178096e-05   8.724009e-05   3.517426e-02   54        54        1         0         398955    662               186282            119               0                 
  54    6.082798e-05   7.937788e-05   3.421932e-02   55        55        1         0         402008    667               187728            120               0                 
  55    5.995383e-05   6.939891e-05   3.298250e-02   56        56        1         0         405061    672               189174            121               0                 
  56    5.914594e-05   6.225240e-05   3.288740e-02   57        57        1         0         408114    677               190620            122               0                 
  57    5.839023e-05   5.403478e-05   3.250782e-02   58        58        1         0         411167    682               192066            123               0                 
  58    5.765379e-05   4.705064e-05   3.423048e-02   59        59        1         0         414244    687               193536            124               0                 
  59    5.690633e-05   4.097819e-05   3.790726e-02   60        60        1         0         417285    692               194970            125               0                 
  60    5.623347e-05   3.431979e-05   3.649116e-02   61        61        1         0         420356    697               196434            126               0                 
  61    5.567851e-05   3.066954e-05   3.257634e-02   62        62        1         0         423412    702               197883            127               0                 
  62    5.512449e-05   2.847818e-05   3.384775e-02   63        63        1         0         426483    707               199347            128               0                 
  63    5.453768e-05   2.795394e-05   3.770091e-02   64        64        1         0         429509    712               200766            129               0                 
  64    5.392753e-05   2.875808e-05   4.103323e-02   65        65        1         0         432574    717               202224            130               0                 
  65    5.325320e-05   3.678939e-05   4.722793e-02   66        66        1         0         435615    722               203658            131               0                 
  66    5.259885e-05   4.213170e-05   4.804728e-02   67        67        1         0         438650    727               205086            132               0                 
  67    5.189391e-05   4.643938e-05   5.317085e-02   68        68        1         0         441721    732               206550            133               0                 
  68    5.108837e-05   5.479047e-05   6.196138e-02   69        69        1         0         444747    737               207969            134               0                 
  69    5.018318e-05   5.891582e-05   7.157429e-02   70        70        1         0         447794    742               209409            135               0                 
  70    4.915365e-05   7.401380e-05   8.314022e-02   71        71        1         0         450877    747               210885            136               0                 
  71    4.806931e-05   7.994446e-05   9.045003e-02   72        72        1         0         453933    752               212334            137               0                 
  72    4.690107e-05   8.674339e-05   9.863153e-02   73        73        1         0         456965    757               213759            138               0                 
  73    4.560191e-05   9.095488e-05   1.119434e-01   74        74        1         0         459970    762               215157            139               0                 
  74    4.418620e-05   9.831927e-05   1.245643e-01   75        75        1         0         463008    767               216588            140               0                 
  75    4.275360e-05   1.009788e-04   1.301520e-01   76        76        1         0         466049    772               218022            141               0                 
  76    4.130549e-05   1.050414e-04   1.340685e-01   77        77        1         0         469069    777               219435            142               0                 
  77    3.985595e-05   1.065414e-04   1.379800e-01   78        78        1         0         472107    782               220866            143               0                 
  78    3.843550e-05   1.047813e-04   1.382095e-01   79        79        1         0         475151    787               222303            144               0                 
  79    3.705982e-05   1.065619e-04   1.380649e-01   80        80        1         0         478192    792               223737            145               0                 
  80    3.576297e-05   9.979878e-05   1.335891e-01   81        81        1         0         481245    797               225183            146               0                 
  81    3.459373e-05   9.920621e-05   1.243010e-01   82        82        1         0         484316    802               226647            147               0                 
  82    3.350150e-05   8.791741e-05   1.178829e-01   83        83        1         0         487354    807               228078            148               0                 
  83    3.255267e-05   8.463645e-05   1.059756e-01   84        84        1         0         490452    812               229569            149               0                 
  84    3.170199e-05   7.793377e-05   9.536706e-02   85        85        1         0         493496    817               231006            150               0                 
  85    3.092965e-05   7.439371e-05   8.935307e-02   86        86        1         0         496591    822               232494            151               0                 
  86    3.023956e-05   6.561934e-05   8.238181e-02   87        87        1         0         499641    827               233937            152               0                 
  87    2.967159e-05   6.148620e-05   7.084859e-02   88        88        1         0         502733    832               235422            153               0                 
  88    2.918956e-05   5.492339e-05   6.194536e-02   89        89        1         0         505819    837               236901            154               0                 
  89    2.877312e-05   5.136999e-05   5.584361e-02   90        90        1         0         508908    842               238383            155               0                 
  90    2.842110e-05   4.442968e-05   4.913697e-02   91        91        1         0         511991    847               239859            156               0                 
  91    2.813635e-05   4.119452e-05   4.163837e-02   92        92        1         0         515104    852               241365            157               0                 
  92    2.789894e-05   3.591788e-05   3.606870e-02   93        93        1         0         518190    857               242844            158               0                 
  93    2.769866e-05   3.317837e-05   3.192456e-02   94        94        1         0         521303    862               244350            159               0                 
  94    2.753063e-05   2.856988e-05   2.801793e-02   95        95        1         0         524401    867               245841            160               0                 
  95    2.739051e-05   2.606237e-05   2.469220e-02   96        96        1         0         527526    872               247359            161               0                 
  96    2.727406e-05   2.269042e-05   2.160634e-02   97        97        1         0         530639    877               248865            162               0                 
  97    2.717611e-05   2.046550e-05   1.926934e-02   98        98        1         0         533776    882               250395            163               0                 
  98    2.709356e-05   1.778197e-05   1.720402e-02   99        99        1         0         536895    887               251907            164               0                 
  99    2.702332e-05   1.582102e-05   1.558656e-02   100       100       1         0         540044    892               253449            165               0                 
  100   2.696317e-05   1.363270e-05   1.421119e-02   101       101       1         0         543166    897               254964            166               0                 
  101   2.691105e-05   1.190545e-05   1.315920e-02   102       102       1         0         546327    902               256518            167               0                 
  102   2.686544e-05   1.009461e-05   1.230190e-02   103       103       1         0         549449    907               258033            168               0                 
  103   2.682493e-05   8.583208e-06   1.169865e-02   104       104       1         0         552622    912               259599            169               0                 
Optimization Terminated with Status: Converged
 Done target optimization...
 Resetting problem to initial conditions and target previous FFD points 
 and aim for machine precision functional value....
The process took 1242.82 seconds to run.
Starting optimization with 20...

Newton-Krylov using GMRES with Limited-Memory BFGS preconditioning
Line Search: Backtracking satisfying Null Curvature Condition
-------------------------------------------------------------------------------------------------------------
Newton-Krylov status output definitions

  iter     - Number of iterates (steps taken) 
  value    - Objective function value 
  gnorm    - Norm of the gradient
  snorm    - Norm of the step (update to optimization vector)
  #fval    - Cumulative number of times the objective function was evaluated
  #grad    - Number of times the gradient was computed
  iterCG   - Number of Krylov iterations used to compute search direction
  flagCG   - Krylov solver flag
-------------------------------------------------------------------------------------------------------------
  iter  value          gnorm          snorm          #fval     #grad     iterCG    flagCG    ls_#fval  ls_#grad  n_vmult   dRdW_form         dRdW_mult         dRdX_mult         d2R_mult          
  0     1.433668e-03   8.752549e-03   
  1     1.719883e-05   9.656985e-04   3.553480e+00   2         2         15        0         1         0         20082     8                 16836             34                64                
  2     4.348143e-09   1.480228e-05   4.936382e-01   3         3         15        0         1         0         37768     14                31923             67                128               
  3     6.574120e-15   3.824531e-09   1.473606e-01   4         4         17        0         1         0         56637     19                48429             104               200               
  4     1.286574e-18   5.827912e-14   2.543535e-02   5         5         18        0         1         0         75048     23                64755             143               276               
Optimization Terminated with Status: Converged
The process took 841.43 seconds to run.
Total n_vmult for algorithm 75048
