Starting optimization with 20...
Optimizing FFD points to obtain target Gaussian bump...

Quasi-Newton Method with Limited-Memory BFGS
Line Search: Backtracking satisfying Null Curvature Condition
  iter  value          gnorm          snorm          #fval     #grad     ls_#fval  ls_#grad  n_vmult   dRdW_form         dRdW_mult         dRdX_mult         d2R_mult          
  0     1.460802e-03   8.749957e-03   
  1     1.453161e-03   8.717155e-03   8.749957e-04   2         2         1         0         238523    58                210467            488               900               
  2     1.255654e-03   7.854818e-03   2.408510e-02   3         3         1         0         242373    64                212390            489               900               
  3     1.087020e-03   7.073396e-03   2.332103e-02   4         4         1         0         246232    70                214322            490               900               
  4     9.425620e-04   6.361593e-03   2.280633e-02   5         5         1         0         250082    76                216245            491               900               
  5     8.194160e-04   5.715171e-03   2.228605e-02   6         6         1         0         253938    82                218174            492               900               
  6     7.147857e-04   5.129216e-03   2.175817e-02   7         7         1         0         257803    88                220112            493               900               
  7     6.261009e-04   4.598742e-03   2.122241e-02   8         8         1         0         261677    94                222059            494               900               
  8     5.510603e-04   4.118912e-03   2.068238e-02   9         9         1         0         265527    100               223982            495               900               
  9     4.876368e-04   3.685145e-03   2.014399e-02   10        10        1         0         268454    105               225302            496               900               
  10    4.340653e-04   3.293166e-03   1.961398e-02   11        11        1         0         271387    110               226628            497               900               
  11    3.888219e-04   2.939032e-03   1.909900e-02   12        12        1         0         274329    115               227963            498               900               
  12    3.505999e-04   2.619129e-03   1.860519e-02   13        13        1         0         277277    120               229304            499               900               
  13    3.182840e-04   2.330165e-03   1.813813e-02   14        14        1         0         280228    125               230648            500               900               
  14    2.909267e-04   2.069142e-03   1.770302e-02   15        15        1         0         283188    130               232001            501               900               
  15    2.677248e-04   1.833345e-03   1.730487e-02   16        16        1         0         286151    135               233357            502               900               
  16    2.479996e-04   1.620308e-03   1.694871e-02   17        17        1         0         289126    140               234725            503               900               
  17    2.311786e-04   1.427808e-03   1.663969e-02   18        18        1         0         292104    145               236096            504               900               
  18    2.167799e-04   1.253839e-03   1.638317e-02   19        19        1         0         295088    150               237473            505               900               
  19    2.043981e-04   1.096606e-03   1.618474e-02   20        20        1         0         298072    155               238850            506               900               
  20    1.936933e-04   9.545153e-04   1.605018e-02   21        21        1         0         301056    160               240227            507               900               
  21    1.843805e-04   8.261785e-04   1.598544e-02   22        22        1         0         304046    165               241610            508               900               
  22    1.762210e-04   7.104150e-04   1.599657e-02   23        23        1         0         307048    170               243005            509               900               
  23    1.690151e-04   6.062726e-04   1.608969e-02   24        24        1         0         310056    175               244406            510               900               
  24    1.625959e-04   5.130598e-04   1.627089e-02   25        25        1         0         313064    180               245807            511               900               
  25    1.568240e-04   4.304042e-04   1.654611e-02   26        26        1         0         316078    185               247214            512               900               
  26    1.515827e-04   3.583424e-04   1.692104e-02   27        27        1         0         319086    190               248615            513               900               
  27    1.467746e-04   2.974392e-04   1.740102e-02   28        28        1         0         322058    195               249980            514               900               
  28    1.423182e-04   2.488708e-04   1.799092e-02   29        29        1         0         325018    200               251333            515               900               
  29    1.381448e-04   2.142215e-04   1.869552e-02   30        30        1         0         327975    205               252683            516               900               
  30    1.341966e-04   1.945449e-04   1.952050e-02   31        31        1         0         330932    210               254033            517               900               
  31    1.304236e-04   1.887971e-04   2.047534e-02   32        32        1         0         333898    215               255392            518               900               
  32    1.267805e-04   1.932829e-04   2.158012e-02   33        33        1         0         336867    220               256754            519               900               
  33    1.232224e-04   2.031182e-04   2.288135e-02   34        34        1         0         339857    225               258137            520               900               
  34    1.196961e-04   2.139675e-04   2.448916e-02   35        35        1         0         342841    230               259514            521               900               
  35    1.161250e-04   2.226571e-04   2.666807e-02   36        36        1         0         345864    235               260930            522               900               
  36    1.123760e-04   2.272504e-04   3.006501e-02   37        37        1         0         348845    240               262304            523               900               
  37    1.082115e-04   2.265519e-04   3.613824e-02   38        38        1         0         351835    245               263687            524               900               
  38    1.036211e-04   3.138905e-04   5.393656e-02   39        39        1         0         354753    250               264998            525               900               
  39    9.974748e-05   3.007060e-04   3.970336e-02   40        40        1         0         357782    255               266420            526               900               
  40    9.591246e-05   2.849684e-04   4.234836e-02   41        41        1         0         360811    260               267842            527               900               
  41    9.178601e-05   2.650519e-04   4.989653e-02   42        42        1         0         363828    265               269252            528               900               
  42    8.735764e-05   2.709556e-04   6.083632e-02   43        43        1         0         366791    270               270608            529               900               
  43    8.308910e-05   2.446693e-04   6.213161e-02   44        44        1         0         369823    275               272033            530               900               
  44    7.975529e-05   2.237885e-04   5.479135e-02   45        45        1         0         372831    280               273434            531               900               
  45    7.640490e-05   2.098171e-04   5.958230e-02   46        46        1         0         375809    285               274805            532               900               
  46    7.356278e-05   1.838242e-04   5.553424e-02   47        47        1         0         378823    290               276212            533               900               
  47    7.130084e-05   1.698515e-04   4.826335e-02   48        48        1         0         381867    295               277649            534               900               
  48    6.921396e-05   1.543211e-04   4.812894e-02   49        49        1         0         384851    300               279026            535               900               
  49    6.698082e-05   1.338109e-04   5.576698e-02   50        50        1         0         387868    305               280436            536               900               
  50    6.537348e-05   1.221160e-04   4.446722e-02   51        51        1         0         390903    310               281864            537               900               
  51    6.401406e-05   1.079456e-04   3.993983e-02   52        52        1         0         393944    315               283298            538               900               
  52    6.283550e-05   9.866376e-05   3.739574e-02   53        53        1         0         396991    320               284738            539               900               
  53    6.178096e-05   8.724009e-05   3.517426e-02   54        54        1         0         400044    325               286184            540               900               
  54    6.082798e-05   7.937788e-05   3.421932e-02   55        55        1         0         403097    330               287630            541               900               
  55    5.995383e-05   6.939891e-05   3.298250e-02   56        56        1         0         406150    335               289076            542               900               
  56    5.914594e-05   6.225240e-05   3.288740e-02   57        57        1         0         409203    340               290522            543               900               
  57    5.839023e-05   5.403478e-05   3.250782e-02   58        58        1         0         412256    345               291968            544               900               
  58    5.765379e-05   4.705064e-05   3.423048e-02   59        59        1         0         415333    350               293438            545               900               
  59    5.690633e-05   4.097819e-05   3.790726e-02   60        60        1         0         418374    355               294872            546               900               
  60    5.623347e-05   3.431979e-05   3.649116e-02   61        61        1         0         421445    360               296336            547               900               
  61    5.567851e-05   3.066954e-05   3.257634e-02   62        62        1         0         424501    365               297785            548               900               
  62    5.512449e-05   2.847818e-05   3.384775e-02   63        63        1         0         427572    370               299249            549               900               
  63    5.453768e-05   2.795394e-05   3.770091e-02   64        64        1         0         430598    375               300668            550               900               
  64    5.392753e-05   2.875808e-05   4.103323e-02   65        65        1         0         433663    380               302126            551               900               
  65    5.325320e-05   3.678939e-05   4.722793e-02   66        66        1         0         436704    385               303560            552               900               
  66    5.259885e-05   4.213170e-05   4.804728e-02   67        67        1         0         439739    390               304988            553               900               
  67    5.189391e-05   4.643938e-05   5.317085e-02   68        68        1         0         442810    395               306452            554               900               
  68    5.108837e-05   5.479047e-05   6.196138e-02   69        69        1         0         445836    400               307871            555               900               
  69    5.018318e-05   5.891582e-05   7.157429e-02   70        70        1         0         448883    405               309311            556               900               
  70    4.915365e-05   7.401380e-05   8.314022e-02   71        71        1         0         451966    410               310787            557               900               
  71    4.806931e-05   7.994446e-05   9.045003e-02   72        72        1         0         455022    415               312236            558               900               
  72    4.690107e-05   8.674339e-05   9.863153e-02   73        73        1         0         458054    420               313661            559               900               
  73    4.560191e-05   9.095488e-05   1.119434e-01   74        74        1         0         461059    425               315059            560               900               
  74    4.418620e-05   9.831927e-05   1.245643e-01   75        75        1         0         464097    430               316490            561               900               
  75    4.275360e-05   1.009788e-04   1.301520e-01   76        76        1         0         467138    435               317924            562               900               
  76    4.130549e-05   1.050414e-04   1.340685e-01   77        77        1         0         470158    440               319337            563               900               
  77    3.985595e-05   1.065414e-04   1.379800e-01   78        78        1         0         473196    445               320768            564               900               
  78    3.843550e-05   1.047813e-04   1.382095e-01   79        79        1         0         476240    450               322205            565               900               
  79    3.705982e-05   1.065619e-04   1.380649e-01   80        80        1         0         479281    455               323639            566               900               
  80    3.576297e-05   9.979878e-05   1.335891e-01   81        81        1         0         482334    460               325085            567               900               
  81    3.459373e-05   9.920621e-05   1.243010e-01   82        82        1         0         485405    465               326549            568               900               
  82    3.350150e-05   8.791741e-05   1.178829e-01   83        83        1         0         488443    470               327980            569               900               
  83    3.255267e-05   8.463645e-05   1.059756e-01   84        84        1         0         491541    475               329471            570               900               
  84    3.170199e-05   7.793377e-05   9.536706e-02   85        85        1         0         494585    480               330908            571               900               
  85    3.092965e-05   7.439371e-05   8.935307e-02   86        86        1         0         497680    485               332396            572               900               
  86    3.023956e-05   6.561934e-05   8.238181e-02   87        87        1         0         500730    490               333839            573               900               
  87    2.967159e-05   6.148620e-05   7.084859e-02   88        88        1         0         503822    495               335324            574               900               
  88    2.918956e-05   5.492339e-05   6.194536e-02   89        89        1         0         506908    500               336803            575               900               
  89    2.877312e-05   5.136999e-05   5.584361e-02   90        90        1         0         509997    505               338285            576               900               
  90    2.842110e-05   4.442968e-05   4.913697e-02   91        91        1         0         513080    510               339761            577               900               
  91    2.813635e-05   4.119452e-05   4.163837e-02   92        92        1         0         516193    515               341267            578               900               
  92    2.789894e-05   3.591788e-05   3.606870e-02   93        93        1         0         519279    520               342746            579               900               
  93    2.769866e-05   3.317837e-05   3.192456e-02   94        94        1         0         522392    525               344252            580               900               
  94    2.753063e-05   2.856988e-05   2.801793e-02   95        95        1         0         525490    530               345743            581               900               
  95    2.739051e-05   2.606237e-05   2.469220e-02   96        96        1         0         528615    535               347261            582               900               
  96    2.727406e-05   2.269042e-05   2.160634e-02   97        97        1         0         531728    540               348767            583               900               
  97    2.717611e-05   2.046550e-05   1.926934e-02   98        98        1         0         534865    545               350297            584               900               
  98    2.709356e-05   1.778197e-05   1.720402e-02   99        99        1         0         537984    550               351809            585               900               
  99    2.702332e-05   1.582102e-05   1.558656e-02   100       100       1         0         541133    555               353351            586               900               
  100   2.696317e-05   1.363270e-05   1.421119e-02   101       101       1         0         544255    560               354866            587               900               
  101   2.691105e-05   1.190545e-05   1.315920e-02   102       102       1         0         547416    565               356420            588               900               
  102   2.686544e-05   1.009461e-05   1.230190e-02   103       103       1         0         550538    570               357935            589               900               
  103   2.682493e-05   8.583208e-06   1.169865e-02   104       104       1         0         553711    575               359501            590               900               
Optimization Terminated with Status: Converged
 Done target optimization...
 Resetting problem to initial conditions and target previous FFD points 
 and aim for machine precision functional value....
The process took 1251.65 seconds to run.
********************************************************
Biros and Ghattas Full-space method...with P4A preconditioner
Using 16020 design variables: 16000 simulation variables and 20 control variables.
Line Search: Backtracking satisfying Null Curvature Condition
********************************************************
Iteration         Func. val.        ||Lagr. grad.||   ||Constraint||    ||Search dir||    search_ctl_norm   search_sim_norm   search_adj_norm   n_kkt_iter        n_linesearches    n_grad            n_vmult           dRdW_form         dRdW_mult         dRdX_mult         d2R_mult          
1                 7.17198e-06       0.00418093        0.0156453         8.42041           3.5511            4.57783           6.11037           283               1                 0                 27258             2                 3314              1142              2268              
2                 2.32998e-07       0.0002088         0.000394594       1.20148           0.743232          0.369979          0.868488          237               1                 0                 49482             3                 5693              2099              4168              
3                 2.81314e-10       2.75788e-05       1.75606e-05       1.11838           1.07972           0.087884          0.277968          259               1                 0                 73730             4                 8292              3144              6244              
4                 2.18841e-13       2.02414e-08       9.84537e-09       0.0616744         0.0607145         0.00266758        0.0105056         262               1                 0                 98254             5                 10921             4201              8344              
5                 1.0102e-13        9.2299e-12        6.19124e-12       0.0118181         0.0118181         2.39417e-05       6.78707e-06       284               1                 0                 124802            6                 13770             5346              10620             
Optimization Terminated with Status: Converged
The process took 787.806 seconds to run.
Total n_vmult for algorithm 124802
