Starting optimization with 60...
Optimizing FFD points to obtain target Gaussian bump...

Quasi-Newton Method with Limited-Memory BFGS
Line Search: Backtracking satisfying Null Curvature Condition
  iter  value          gnorm          snorm          #fval     #grad     ls_#fval  ls_#grad  n_vmult   dRdW_form         dRdW_mult         dRdX_mult         d2R_mult          
  0     1.446428e-03   6.731072e-03   
  1     1.441901e-03   6.718871e-03   6.731072e-04   2         2         1         0         128416    34                18055             5271              10480             
  2     1.201468e-03   6.054477e-03   3.791659e-02   3         3         1         0         130142    40                19294             5272              10480             
  3     9.993861e-04   5.453000e-03   3.579424e-02   4         4         1         0         131877    46                20542             5273              10480             
  4     8.281939e-04   4.908146e-03   3.434197e-02   5         5         1         0         133615    52                21793             5274              10480             
  5     6.829229e-04   4.403145e-03   3.297916e-02   6         6         1         0         135374    58                23065             5275              10480             
  6     5.593318e-04   3.943093e-03   3.202218e-02   7         7         1         0         137139    64                24343             5276              10480             
  7     4.561892e-04   3.516279e-03   3.016065e-02   8         8         1         0         138913    70                25630             5277              10480             
  8     3.731358e-04   3.145751e-03   2.753616e-02   9         9         1         0         140684    76                26914             5278              10480             
  9     3.066485e-04   2.818278e-03   2.486981e-02   10        10        1         0         142470    82                28213             5279              10480             
  10    2.526963e-04   2.530195e-03   2.285272e-02   11        11        1         0         144250    88                29506             5280              10480             
  11    2.085747e-04   2.271534e-03   2.111422e-02   12        12        1         0         146027    94                30796             5281              10480             
  12    1.723539e-04   2.040283e-03   1.961893e-02   13        13        1         0         147807    100               32089             5282              10480             
  13    1.425788e-04   1.831848e-03   1.824276e-02   14        14        1         0         149593    106               33388             5283              10480             
  14    1.180920e-04   1.644617e-03   1.699174e-02   15        15        1         0         151388    112               34696             5284              10480             
  15    9.795398e-05   1.475810e-03   1.583013e-02   16        16        1         0         153189    118               36010             5285              10480             
  16    8.139321e-05   1.323950e-03   1.476427e-02   17        17        1         0         154987    124               37321             5286              10480             
  17    6.777331e-05   1.187021e-03   1.378013e-02   18        18        1         0         156800    130               38647             5287              10480             
  18    5.656606e-05   1.063728e-03   1.288583e-02   19        19        1         0         158622    136               39982             5288              10480             
  19    4.732419e-05   9.522204e-04   1.209089e-02   20        20        1         0         160447    142               41320             5289              10480             
  20    3.964162e-05   8.509114e-04   1.147515e-02   21        21        1         0         162269    148               42655             5290              10480             
  21    3.311968e-05   7.561353e-04   1.116093e-02   22        22        1         0         164109    154               44008             5291              10480             
  22    2.760376e-05   6.675779e-04   1.078512e-02   23        23        1         0         165961    160               45373             5292              10480             
  23    2.326064e-05   5.902409e-04   9.701809e-03   24        24        1         0         167819    166               46744             5293              10480             
  24    1.986331e-05   5.240192e-04   8.692953e-03   25        25        1         0         169707    172               48145             5294              10480             
  25    1.712396e-05   4.656170e-04   8.030897e-03   26        26        1         0         171601    178               49552             5295              10480             
  26    1.487611e-05   4.135383e-04   7.556663e-03   27        27        1         0         173507    184               50971             5296              10480             
  27    1.301512e-05   3.667361e-04   7.177709e-03   28        28        1         0         175422    190               52399             5297              10480             
  28    1.146587e-05   3.246192e-04   6.858767e-03   29        29        1         0         177349    196               53839             5298              10480             
  29    1.017056e-05   2.866405e-04   6.583434e-03   30        30        1         0         179285    202               55288             5299              10480             
  30    9.083118e-06   2.523963e-04   6.344477e-03   31        31        1         0         180601    207               56197             5300              10480             
  31    8.166319e-06   2.215006e-04   6.137642e-03   32        32        1         0         181923    212               57112             5301              10480             
  32    7.389822e-06   1.936390e-04   5.960565e-03   33        33        1         0         183260    217               58042             5302              10480             
  33    6.728818e-06   1.685199e-04   5.811603e-03   34        34        1         0         184600    222               58975             5303              10480             
  34    6.162977e-06   1.458995e-04   5.689749e-03   35        35        1         0         185943    227               59911             5304              10480             
  35    5.675611e-06   1.255613e-04   5.594345e-03   36        36        1         0         187286    232               60847             5305              10480             
  36    5.253002e-06   1.073284e-04   5.525108e-03   37        37        1         0         188632    237               61786             5306              10480             
  37    4.883856e-06   9.105768e-05   5.482021e-03   38        38        1         0         189969    242               62716             5307              10480             
  38    4.558856e-06   7.664576e-05   5.465418e-03   39        39        1         0         191321    247               63661             5308              10480             
  39    4.270302e-06   6.403795e-05   5.475882e-03   40        40        1         0         192682    252               64615             5309              10480             
  40    4.011797e-06   5.322713e-05   5.514630e-03   41        41        1         0         194052    257               65578             5310              10480             
  41    3.777994e-06   4.428045e-05   5.583707e-03   42        42        1         0         195422    262               66541             5311              10480             
  42    3.564282e-06   3.730194e-05   5.689716e-03   43        43        1         0         196795    267               67507             5312              10480             
  43    3.366248e-06   3.247667e-05   5.855710e-03   44        44        1         0         198186    272               68491             5313              10480             
  44    3.178498e-06   2.994194e-05   6.158112e-03   45        45        1         0         199583    277               69481             5314              10480             
  45    3.002617e-06   2.881731e-05   6.383757e-03   46        46        1         0         200980    282               70471             5315              10480             
  46    2.849717e-06   2.962757e-05   6.147101e-03   47        47        1         0         202395    287               71479             5316              10480             
  47    2.713566e-06   3.112041e-05   6.008712e-03   48        48        1         0         203801    292               72478             5317              10480             
  48    2.585487e-06   3.325900e-05   6.189014e-03   49        49        1         0         205225    297               73495             5318              10480             
  49    2.467376e-06   3.470164e-05   6.236549e-03   50        50        1         0         206640    302               74503             5319              10480             
  50    2.363629e-06   3.635382e-05   5.978155e-03   51        51        1         0         208040    307               75496             5320              10480             
  51    2.269016e-06   3.723471e-05   5.863298e-03   52        52        1         0         209434    312               76483             5321              10480             
  52    2.180600e-06   3.784287e-05   5.864589e-03   53        53        1         0         210831    317               77473             5322              10480             
  53    2.095861e-06   3.780607e-05   5.964006e-03   54        54        1         0         212234    322               78469             5323              10480             
  54    2.014543e-06   3.729860e-05   6.081218e-03   55        55        1         0         213637    327               79465             5324              10480             
  55    1.936535e-06   3.641096e-05   6.198564e-03   56        56        1         0         215019    332               80440             5325              10480             
  56    1.859739e-06   3.496709e-05   6.592078e-03   57        57        1         0         216374    337               81388             5326              10480             
  57    1.779091e-06   3.313747e-05   7.543768e-03   58        58        1         0         217750    342               82357             5327              10480             
  58    1.717351e-06   3.109001e-05   6.320240e-03   59        59        1         0         219162    347               83362             5328              10480             
  59    1.666660e-06   2.933351e-05   5.633000e-03   60        60        1         0         220526    352               84319             5329              10480             
  60    1.614242e-06   2.704384e-05   6.401177e-03   61        61        1         0         221950    357               85336             5330              10480             
  61    1.573229e-06   2.472813e-05   5.372205e-03   62        62        1         0         223335    362               86314             5331              10480             
  62    1.541106e-06   2.288746e-05   4.560155e-03   63        63        1         0         224741    367               87313             5332              10480             
  63    1.511616e-06   2.089974e-05   4.393334e-03   64        64        1         0         226183    372               88348             5333              10480             
  64    1.484724e-06   1.899157e-05   4.287592e-03   65        65        1         0         227574    377               89332             5334              10480             
  65    1.460122e-06   1.708313e-05   4.173905e-03   66        66        1         0         229016    382               90367             5335              10480             
  66    1.437006e-06   1.519344e-05   4.213199e-03   67        67        1         0         230434    387               91378             5336              10480             
  67    1.414860e-06   1.329918e-05   4.367091e-03   68        68        1         0         231873    392               92410             5337              10480             
  68    1.395594e-06   1.145463e-05   4.104515e-03   69        69        1         0         233333    397               93463             5338              10480             
  69    1.379413e-06   9.970477e-06   3.725010e-03   70        70        1         0         234772    402               94495             5339              10480             
Optimization Terminated with Status: Converged
 Done target optimization...
 Resetting problem to initial conditions and target previous FFD points 
 and aim for machine precision functional value....
The process took 57.9064 seconds to run.
Starting optimization with 60...

Quasi-Newton Method with Limited-Memory BFGS
Line Search: Backtracking satisfying Null Curvature Condition
-------------------------------------------------------------------------------------------------------------
Quasi-Newton Method status output definitions

  iter     - Number of iterates (steps taken) 
  value    - Objective function value 
  gnorm    - Norm of the gradient
  snorm    - Norm of the step (update to optimization vector)
  #fval    - Cumulative number of times the objective function was evaluated
  #grad    - Number of times the gradient was computed
-------------------------------------------------------------------------------------------------------------
  iter  value          gnorm          snorm          #fval     #grad     ls_#fval  ls_#grad  n_vmult   dRdW_form         dRdW_mult         dRdX_mult         d2R_mult          
  0     1.448668e-03   6.736517e-03   
  1     1.403698e-03   6.614684e-03   6.736517e-03   2         2         1         0         2272      7                 1698              2                 0                 
  2     8.436436e-05   9.306345e-04   3.742091e-01   3         3         1         0         4375      14                3234              3                 0                 
  3     5.268584e-05   7.685205e-04   6.844155e-02   4         4         1         0         6068      20                4440              4                 0                 
  4     3.668613e-05   4.470553e-04   4.469190e-02   5         5         1         0         7851      26                5736              5                 0                 
  5     2.579500e-05   3.587441e-04   4.066132e-02   6         6         1         0         9667      32                7065              6                 0                 
  6     1.387054e-05   2.167013e-04   7.365052e-02   7         7         1         0         11453     38                8364              7                 0                 
  7     1.286185e-05   5.822268e-04   5.509262e-02   8         8         1         0         13218     44                9642              8                 0                 
  8     8.428747e-06   1.873056e-04   1.395800e-02   9         9         1         0         14995     50                10932             9                 0                 
  9     6.836823e-06   1.144528e-04   1.560145e-02   10        10        1         0         16910     56                12360             10                0                 
  10    5.460689e-06   1.167481e-04   2.756409e-02   11        11        1         0         18738     62                13701             11                0                 
  11    3.890650e-06   9.974247e-05   3.033875e-02   12        12        1         0         20638     68                15114             12                0                 
  12    2.074225e-06   6.614696e-05   6.286810e-02   13        13        1         0         22514     74                16503             13                0                 
  13    1.555201e-06   8.267383e-05   3.552992e-02   14        14        1         0         24411     80                17913             14                0                 
  14    1.075272e-06   3.844519e-05   1.052591e-02   15        15        1         0         25757     85                18852             15                0                 
  15    8.100945e-07   3.183395e-05   1.322993e-02   16        16        1         0         27190     90                19878             16                0                 
  16    6.050859e-07   2.259647e-05   1.803696e-02   17        17        1         0         28554     95                20835             17                0                 
  17    4.234292e-07   2.096496e-05   2.044485e-02   18        18        1         0         29930     100               21804             18                0                 
  18    2.478242e-07   4.884589e-05   4.040298e-02   19        19        1         0         31818     106               23205             19                0                 
  19    1.153712e-07   1.898908e-05   1.035993e-02   20        20        1         0         33170     111               24150             20                0                 
  20    8.313431e-08   6.530055e-06   5.031373e-03   21        21        1         0         34606     116               25179             21                0                 
  21    7.613587e-08   4.222330e-06   2.970708e-03   22        22        1         0         36066     121               26232             22                0                 
  22    7.071208e-08   4.418490e-06   2.039715e-03   23        23        1         0         37538     126               27297             23                0                 
  23    5.899830e-08   5.352143e-06   6.136664e-03   24        24        1         0         39037     131               28389             24                0                 
  24    4.687503e-08   6.671190e-06   7.064442e-03   25        25        1         0         40500     136               29445             25                0                 
  25    2.921491e-08   5.990872e-06   1.459906e-02   26        26        1         0         41900     141               30438             26                0                 
  26    1.751528e-08   7.526827e-06   1.191427e-02   27        27        1         0         43345     146               31476             27                0                 
  27    9.312041e-09   4.309908e-06   3.984370e-03   28        28        1         0         44850     151               32574             28                0                 
  28    4.791116e-09   2.212329e-06   3.729758e-03   29        29        1         0         46301     156               33618             29                0                 
  29    3.363212e-09   2.165468e-06   2.114646e-03   30        30        1         0         47734     161               34644             30                0                 
  30    1.822945e-09   1.888555e-06   2.218954e-03   31        31        1         0         49188     166               35691             31                0                 
  31    4.188083e-10   1.196488e-06   2.632257e-03   32        32        1         0         50609     171               36705             32                0                 
  32    2.220712e-10   8.354594e-07   8.632112e-04   33        33        1         0         52069     176               37758             33                0                 
  33    1.610906e-10   2.298169e-07   2.300712e-04   34        34        1         0         53574     181               38856             34                0                 
  34    1.558289e-10   6.649096e-08   8.732315e-05   35        35        1         0         55094     186               39969             35                0                 
  35    1.548497e-10   6.310519e-08   2.196561e-05   36        36        1         0         56704     191               41172             36                0                 
  36    1.503343e-10   1.198858e-07   1.134821e-04   37        37        1         0         58275     196               42336             37                0                 
  37    1.444898e-10   1.692057e-07   1.731803e-04   38        38        1         0         59852     201               43506             38                0                 
  38    1.352516e-10   1.746850e-07   3.429250e-04   39        39        1         0         61411     206               44658             39                0                 
  39    1.345851e-10   1.930156e-07   1.139829e-04   42        40        3         0         64981     219               47181             40                0                 
  40    1.302691e-10   7.107997e-08   1.360751e-04   43        41        1         0         66519     224               48312             41                0                 
  41    1.290508e-10   3.919609e-08   5.039971e-05   44        42        1         0         68093     229               49479             42                0                 
  42    1.280395e-10   6.785146e-08   4.856020e-05   45        43        1         0         69661     234               50640             43                0                 
  43    1.259678e-10   1.229507e-07   1.081417e-04   46        44        1         0         71241     239               51813             44                0                 
  44    1.208923e-10   2.073167e-07   2.936419e-04   47        45        1         0         72800     244               52965             45                0                 
  45    1.104072e-10   2.960487e-07   6.745032e-04   48        46        1         0         74368     249               54126             46                0                 
  46    9.446551e-11   3.136977e-07   1.158002e-03   49        47        1         0         75987     254               55338             47                0                 
  47    8.645497e-11   4.952160e-07   1.500556e-03   50        48        1         0         77558     259               56502             48                0                 
  48    7.260186e-11   1.700386e-07   2.017739e-04   51        49        1         0         79114     264               57651             49                0                 
  49    6.785530e-11   5.220703e-08   1.681406e-04   52        50        1         0         80676     269               58806             50                0                 
  50    6.557791e-11   1.034019e-07   1.758570e-04   53        51        1         0         82265     274               59988             51                0                 
  51    6.133795e-11   1.861140e-07   3.919791e-04   54        52        1         0         83851     279               61167             52                0                 
  52    5.398222e-11   2.536783e-07   7.859878e-04   55        53        1         0         85434     284               62343             53                0                 
  53    4.445287e-11   2.320773e-07   1.209083e-03   56        54        1         0         87011     289               63513             54                0                 
  54    3.600495e-11   1.285699e-07   1.025181e-03   57        55        1         0         88573     294               64668             55                0                 
  55    3.083659e-11   1.054128e-07   5.354136e-04   58        56        1         0         90141     299               65829             56                0                 
  56    2.699587e-11   1.450327e-07   3.558462e-04   59        57        1         0         91718     304               66999             57                0                 
  57    2.358870e-11   1.771788e-07   3.310705e-04   60        58        1         0         93322     309               68196             58                0                 
  58    1.583555e-11   1.994822e-07   9.416120e-04   61        59        1         0         94869     314               69336             59                0                 
  59    8.550486e-12   1.499515e-07   1.185540e-03   62        60        1         0         96446     319               70506             60                0                 
  60    7.511449e-12   1.397493e-07   9.145114e-04   63        61        1         0         98014     324               71667             61                0                 
  61    4.619908e-12   2.272034e-08   9.840474e-05   64        62        1         0         99570     329               72816             62                0                 
  62    4.488440e-12   6.823761e-09   9.873041e-05   65        63        1         0         101189    334               74028             63                0                 
  63    4.472039e-12   3.722747e-09   2.002328e-05   66        64        1         0         102868    339               75300             64                0                 
  64    4.462693e-12   4.812700e-09   8.104688e-06   67        65        1         0         104634    344               76659             65                0                 
  65    4.417414e-12   1.126482e-08   2.807809e-05   68        66        1         0         106325    349               77943             66                0                 
  66    4.325634e-12   2.004558e-08   4.885553e-05   69        67        1         0         108037    354               79248             67                0                 
  67    4.099898e-12   3.237627e-08   1.213122e-04   70        68        1         0         109722    359               80526             68                0                 
  68    3.705457e-12   4.080265e-08   2.319038e-04   71        69        1         0         111404    364               81801             69                0                 
  69    3.243683e-12   3.353333e-08   3.125212e-04   72        70        1         0         113056    369               83046             70                0                 
  70    3.002622e-12   1.772411e-08   1.945622e-04   73        71        1         0         114678    374               84261             71                0                 
  71    2.952596e-12   4.998518e-09   3.888382e-05   74        72        1         0         116387    379               85563             72                0                 
  72    2.947891e-12   2.070751e-09   2.488508e-05   75        73        1         0         118141    384               86910             73                0                 
  73    2.946754e-12   2.298760e-09   9.493086e-06   76        74        1         0         119347    388               87789             74                0                 
  74    2.940080e-12   3.314326e-09   1.869345e-05   77        75        1         0         120505    392               88620             75                0                 
  75    2.910352e-12   6.181121e-09   5.738107e-05   78        76        1         0         122256    397               89964             76                0                 
  76    2.849924e-12   1.278804e-08   8.379287e-05   79        77        1         0         123965    402               91266             77                0                 
  77    2.682609e-12   1.984488e-08   2.195462e-04   80        78        1         0         125716    407               92610             78                0                 
  78    2.314326e-12   3.604538e-08   5.119053e-04   81        79        1         0         127428    412               93915             79                0                 
  79    1.614486e-12   3.886281e-08   1.078514e-03   82        80        1         0         129119    417               95199             80                0                 
  80    1.347607e-12   1.833193e-07   1.735386e-03   83        81        1         0         130753    422               96426             81                0                 
  81    4.997398e-13   5.589016e-08   2.927657e-04   84        82        1         0         132381    427               97647             82                0                 
  82    1.833479e-13   9.752873e-09   3.815251e-04   85        83        1         0         133997    432               98856             83                0                 
  83    1.303293e-13   7.029496e-09   1.759776e-04   86        84        1         0         135712    437               100164            84                0                 
  84    1.278027e-13   1.108708e-09   2.114029e-05   87        85        1         0         137520    442               101565            85                0                 
  85    1.277286e-13   4.341746e-10   3.055101e-06   88        86        1         0         138723    446               102441            86                0                 
Optimization Terminated with Status: Converged
The process took 62.2495 seconds to run.
Total n_vmult for algorithm 138723
