Starting optimization with 100...
Optimizing FFD points to obtain target Gaussian bump...

Quasi-Newton Method with Limited-Memory BFGS
Line Search: Backtracking satisfying Null Curvature Condition
  iter  value          gnorm          snorm          #fval     #grad     ls_#fval  ls_#grad  n_vmult   dRdW_form         dRdW_mult         dRdX_mult         d2R_mult          
  0     1.460201e-03   6.160113e-03   
  1     1.456409e-03   6.151386e-03   6.160113e-04   2         2         1         0         142207    64                124296            309               604               
  2     1.201686e-03   5.542712e-03   4.364043e-02   3         3         1         0         144914    70                125916            310               604               
  3     9.916050e-04   4.998243e-03   4.004585e-02   4         4         1         0         147636    76                127551            311               604               
  4     8.168373e-04   4.506230e-03   3.707607e-02   5         5         1         0         150355    82                129183            312               604               
  5     6.719206e-04   4.061868e-03   3.420563e-02   6         6         1         0         153104    88                130845            313               604               
  6     5.520407e-04   3.661019e-03   3.148229e-02   7         7         1         0         155865    94                132519            314               604               
  7     4.530564e-04   3.299156e-03   2.890007e-02   8         8         1         0         158659    100               134226            315               604               
  8     3.714417e-04   2.972881e-03   2.649949e-02   9         9         1         0         161489    106               135969            316               604               
  9     3.042168e-04   2.678060e-03   2.425526e-02   10        10        1         0         164346    112               137739            317               604               
  10    2.488671e-04   2.412101e-03   2.222253e-02   11        11        1         0         166366    117               138852            318               604               
  11    2.032754e-04   2.170866e-03   2.035727e-02   12        12        1         0         168377    122               139956            319               604               
  12    1.656734e-04   1.952550e-03   1.873539e-02   13        13        1         0         170409    127               141081            320               604               
  13    1.346571e-04   1.753219e-03   1.722082e-02   14        14        1         0         172441    132               142206            321               604               
  14    1.092170e-04   1.573335e-03   1.577947e-02   15        15        1         0         174482    137               143340            322               604               
  15    8.858592e-05   1.411282e-03   1.423289e-02   16        16        1         0         176535    142               144486            323               604               
  16    7.198078e-05   1.267519e-03   1.276412e-02   17        17        1         0         178603    147               145647            324               604               
  17    5.861190e-05   1.139142e-03   1.141918e-02   18        18        1         0         180674    152               146811            325               604               
  18    4.780831e-05   1.024701e-03   1.027232e-02   19        19        1         0         182733    157               147963            326               604               
  19    3.904988e-05   9.219529e-04   9.257471e-03   20        20        1         0         184816    162               149139            327               604               
  20    3.193519e-05   8.297815e-04   8.370023e-03   21        21        1         0         186884    167               150300            328               604               
  21    2.615004e-05   7.468093e-04   7.570622e-03   22        22        1         0         188979    172               151488            329               604               
  22    2.144404e-05   6.721948e-04   6.856377e-03   23        23        1         0         191077    177               152679            330               604               
  23    1.761560e-05   6.049848e-04   6.209024e-03   24        24        1         0         193187    182               153882            331               604               
  24    1.450132e-05   5.444941e-04   5.626366e-03   25        25        1         0         195300    187               155088            332               604               
  25    1.196826e-05   4.900001e-04   5.098465e-03   26        26        1         0         197422    192               156303            333               604               
  26    9.908061e-06   4.409344e-04   4.623416e-03   27        27        1         0         199544    197               157518            334               604               
  27    8.231930e-06   3.967032e-04   4.196110e-03   28        28        1         0         201675    202               158742            335               604               
  28    6.866179e-06   3.567942e-04   3.820681e-03   29        29        1         0         203806    207               159966            336               604               
  29    5.747256e-06   3.205275e-04   3.507959e-03   30        30        1         0         205946    212               161199            337               604               
  30    4.818615e-06   2.871405e-04   3.282424e-03   31        31        1         0         208077    217               162423            338               604               
  31    4.046023e-06   2.560833e-04   3.076330e-03   32        32        1         0         210223    222               163662            339               604               
  32    3.430744e-06   2.284648e-04   2.748554e-03   33        33        1         0         212378    227               164910            340               604               
  33    2.952032e-06   2.045142e-04   2.399592e-03   34        34        1         0         214542    232               166167            341               604               
  34    2.573223e-06   1.834718e-04   2.133208e-03   35        35        1         0         216718    237               167436            342               604               
  35    2.268904e-06   1.647259e-04   1.927785e-03   36        36        1         0         218897    242               168708            343               604               
  36    2.022519e-06   1.479195e-04   1.759044e-03   37        37        1         0         221085    247               169989            344               604               
  37    1.822254e-06   1.328009e-04   1.614743e-03   38        38        1         0         223282    252               171279            345               604               
  38    1.659103e-06   1.191808e-04   1.489233e-03   39        39        1         0         225485    257               172575            346               604               
  39    1.525959e-06   1.068980e-04   1.379406e-03   40        40        1         0         227694    262               173877            347               604               
  40    1.417126e-06   9.581363e-05   1.283332e-03   41        41        1         0         229909    267               175185            348               604               
  41    1.328008e-06   8.580366e-05   1.199584e-03   42        42        1         0         232133    272               176502            349               604               
  42    1.254882e-06   7.675725e-05   1.127005e-03   43        43        1         0         234357    277               177819            350               604               
  43    1.194731e-06   6.857454e-05   1.064614e-03   44        44        1         0         236572    282               179127            351               604               
  44    1.145106e-06   6.116559e-05   1.011552e-03   45        45        1         0         238754    287               180402            352               604               
  45    1.104021e-06   5.444930e-05   9.670809e-04   46        46        1         0         240987    292               181728            353               604               
  46    1.069862e-06   4.835250e-05   9.305667e-04   47        47        1         0         243229    297               183063            354               604               
  47    1.041318e-06   4.280929e-05   9.014943e-04   48        48        1         0         245480    302               184407            355               604               
  48    1.017326e-06   3.776040e-05   8.794663e-04   49        49        1         0         247734    307               185754            356               604               
  49    9.970179e-07   3.315280e-05   8.642181e-04   50        50        1         0         249994    312               187107            357               604               
  50    9.796891e-07   2.893941e-05   8.556261e-04   51        51        1         0         252257    317               188463            358               604               
  51    9.647634e-07   2.507923e-05   8.537237e-04   52        52        1         0         254523    322               189822            359               604               
  52    9.517692e-07   2.153776e-05   8.587152e-04   53        53        1         0         256792    327               191184            360               604               
  53    9.403192e-07   1.828849e-05   8.709934e-04   54        54        1         0         259064    332               192549            361               604               
  54    9.300928e-07   1.531583e-05   8.911570e-04   55        55        1         0         261336    337               193914            362               604               
  55    9.208231e-07   1.262163e-05   9.200318e-04   56        56        1         0         263608    342               195279            363               604               
  56    9.122850e-07   1.023856e-05   9.586898e-04   57        57        1         0         265877    347               196641            364               604               
  57    9.042858e-07   8.257030e-06   1.008470e-03   58        58        1         0         268143    352               198000            365               604               
Optimization Terminated with Status: Converged
 Done target optimization...
 Resetting problem to initial conditions and target previous FFD points 
 and aim for machine precision functional value....
The process took 314.079 seconds to run.
********************************************************
Biros and Ghattas Full-space method...with P2 preconditioner
Using 9100 design variables: 9000 simulation variables and 100 control variables.
Line Search: Backtracking satisfying Null Curvature Condition
********************************************************
Iteration         Func. val.        ||Lagr. grad.||   ||Constraint||    ||Search dir||    search_ctl_norm   search_sim_norm   search_adj_norm   n_kkt_iter        n_linesearches    n_grad            n_vmult           dRdW_form         dRdW_mult         dRdX_mult         d2R_mult          
1                 6.61266e-06       0.00531416        0.0223499         7.4018            4.59818           3.51692           4.61244           60                1                 0                 50586             2                 46768             250               244               
2                 6.35418e-07       0.000218762       0.000516336       2.36177           2.24923           0.287563          0.66049           46                1                 0                 88049             3                 81384             443               432               
3                 5.3214e-10        3.42656e-05       4.58543e-05       2.37169           2.36248           0.0851784         0.19069           55                1                 0                 132910            4                 122894            672               656               
4                 7.61918e-13       6.37566e-08       2.76289e-08       0.0810444         0.0799249         0.00303734        0.0130762         59                1                 0                 180874            5                 167283            917               896               
5                 3.73923e-12       4.73864e-11       1.28466e-10       0.194753          0.194753          0.000205479       4.6093e-05        61                1                 0                 230496            6                 213218            1170              1144              
Optimization Terminated with Status: Converged
The process took 513.116 seconds to run.
Total n_vmult for algorithm 230496
