Starting optimization with 10 control variables...

Primal Dual Active Set Method

 Full-Space Newton Method
  iter  value          gnorm          cnorm          ecnorm         flowcnorm      flow_cfl       identity       icnorm         snorm          #linesear  iterPDAS   flagPDAS   iterGMRES  resiGMRES      flagGMRES  feasible   n_active_  n_vmult           dRdW_form         dRdW_mult         dRdX_mult         d2R_mult          
  0     3.709617e-02   1.392210e-01   
  iter  value          gnorm          cnorm          ecnorm         flowcnorm      flow_cfl       identity       icnorm         snorm          #linesear  iterPDAS   flagPDAS   iterGMRES  resiGMRES      flagGMRES  feasible   n_active_  n_vmult           dRdW_form         dRdW_mult         dRdX_mult         d2R_mult          
  1     2.197632e-02   9.198672e-02   2.083356e-03   2.083356e-03   1.765104e-08   6.158920e+09   1.938247e+00   0.000000e+00   1.853387e+01   1          1          0          118        9.313284e-11   0          YES       2          11474             18                3314              484               476               
  iter  value          gnorm          cnorm          ecnorm         flowcnorm      flow_cfl       identity       icnorm         snorm          #linesear  iterPDAS   flagPDAS   iterGMRES  resiGMRES      flagGMRES  feasible   n_active_  n_vmult           dRdW_form         dRdW_mult         dRdX_mult         d2R_mult          
  2     2.205517e-02   2.876293e-02   2.547275e-04   2.547275e-04   2.071329e-09   1.678486e+11   8.461557e-01   0.000000e+00   5.641720e+00   1          1          0          124        7.100728e-11   0          YES       2          21833             21                6377              992               976               
  iter  value          gnorm          cnorm          ecnorm         flowcnorm      flow_cfl       identity       icnorm         snorm          #linesear  iterPDAS   flagPDAS   iterGMRES  resiGMRES      flagGMRES  feasible   n_active_  n_vmult           dRdW_form         dRdW_mult         dRdX_mult         d2R_mult          
  3     2.189434e-02   7.092330e-02   1.447135e-03   2.387774e-04   1.942402e-09   7.258918e+10   8.273060e-02   1.208357e-03   2.409021e+00   5          1          1          134        7.322330e-11   0          NO        3          32931             24                9619              1540              1516              
  iter  value          gnorm          cnorm          ecnorm         flowcnorm      flow_cfl       identity       icnorm         snorm          #linesear  iterPDAS   flagPDAS   iterGMRES  resiGMRES      flagGMRES  feasible   n_active_  n_vmult           dRdW_form         dRdW_mult         dRdX_mult         d2R_mult          
  4     2.128762e-02   1.221254e-02   1.812085e-03   1.021976e-05   8.343798e-12   9.813640e+13   5.030114e-01   1.801866e-03   2.840739e+00   1          1          1          123        8.780570e-11   0          NO        4          43200             27                12648             2044              2012              
  iter  value          gnorm          cnorm          ecnorm         flowcnorm      flow_cfl       identity       icnorm         snorm          #linesear  iterPDAS   flagPDAS   iterGMRES  resiGMRES      flagGMRES  feasible   n_active_  n_vmult           dRdW_form         dRdW_mult         dRdX_mult         d2R_mult          
  5     2.097130e-02   3.100843e-02   1.359147e-03   7.747363e-06   8.842556e-12   3.647056e+13   1.491462e-02   1.351399e-03   1.827357e+00   3          1          1          129        8.285984e-11   0          NO        4          53932             30                15804             2572              2532              
  iter  value          gnorm          cnorm          ecnorm         flowcnorm      flow_cfl       identity       icnorm         snorm          #linesear  iterPDAS   flagPDAS   iterGMRES  resiGMRES      flagGMRES  feasible   n_active_  n_vmult           dRdW_form         dRdW_mult         dRdX_mult         d2R_mult          
  6     2.085540e-02   1.205060e-02   1.019735e-03   6.185540e-06   6.941990e-12   1.195384e+14   9.615226e-02   1.013549e-03   7.598989e-01   3          1          1          128        7.294370e-11   0          NO        4          64588             33                18940             3096              3048              
  iter  value          gnorm          cnorm          ecnorm         flowcnorm      flow_cfl       identity       icnorm         snorm          #linesear  iterPDAS   flagPDAS   iterGMRES  resiGMRES      flagGMRES  feasible   n_active_  n_vmult           dRdW_form         dRdW_mult         dRdX_mult         d2R_mult          
  7     2.081557e-02   2.301815e-02   1.885866e-03   5.815620e-06   6.581611e-12   6.600812e+13   1.452169e-02   1.880050e-03   6.486125e-01   5          1          1          130        6.428692e-11   0          NO        5          75396             36                22116             3628              3572              
  iter  value          gnorm          cnorm          ecnorm         flowcnorm      flow_cfl       identity       icnorm         snorm          #linesear  iterPDAS   flagPDAS   iterGMRES  resiGMRES      flagGMRES  feasible   n_active_  n_vmult           dRdW_form         dRdW_mult         dRdX_mult         d2R_mult          
  8     2.075358e-02   6.871346e-03   1.760504e-03   2.270855e-06   3.190116e-12   4.561962e+14   5.298352e-02   1.758233e-03   2.906557e+00   2          1          1          129        7.543729e-11   0          NO        6          86135             39                25279             4156              4092              
  iter  value          gnorm          cnorm          ecnorm         flowcnorm      flow_cfl       identity       icnorm         snorm          #linesear  iterPDAS   flagPDAS   iterGMRES  resiGMRES      flagGMRES  feasible   n_active_  n_vmult           dRdW_form         dRdW_mult         dRdX_mult         d2R_mult          
  9     2.075182e-02   2.739452e-04   1.117239e-06   1.117239e-06   3.440741e-13   1.060924e+17   4.721539e-03   0.000000e+00   3.942056e-01   1          1          0          123        8.550614e-11   0          YES       6          96404             42                28308             4660              4588              
  iter  value          gnorm          cnorm          ecnorm         flowcnorm      flow_cfl       identity       icnorm         snorm          #linesear  iterPDAS   flagPDAS   iterGMRES  resiGMRES      flagGMRES  feasible   n_active_  n_vmult           dRdW_form         dRdW_mult         dRdX_mult         d2R_mult          
  10    2.075828e-02   4.251745e-05   8.379747e-08   8.379747e-08   8.038148e-14   2.926017e+18   1.000000e-04   0.000000e+00   3.730437e-02   1          1          0          115        7.432000e-11   0          YES       6          106072            45                31184             5132              5052              
  iter  value          gnorm          cnorm          ecnorm         flowcnorm      flow_cfl       identity       icnorm         snorm          #linesear  iterPDAS   flagPDAS   iterGMRES  resiGMRES      flagGMRES  feasible   n_active_  n_vmult           dRdW_form         dRdW_mult         dRdX_mult         d2R_mult          
  11    2.075664e-02   4.357614e-06   1.515767e-09   1.515767e-09   1.046793e-14   2.192251e+20   1.000000e-04   0.000000e+00   3.593097e-03   1          1          0          109        9.600346e-11   0          YES       6          115284            48                33940             5580              5492              
  iter  value          gnorm          cnorm          ecnorm         flowcnorm      flow_cfl       identity       icnorm         snorm          #linesear  iterPDAS   flagPDAS   iterGMRES  resiGMRES      flagGMRES  feasible   n_active_  n_vmult           dRdW_form         dRdW_mult         dRdX_mult         d2R_mult          
  12    2.075719e-02   6.033915e-07   2.692017e-11   2.692017e-11   1.211005e-15   1.368532e+22   1.000000e-04   0.000000e+00   5.229113e-04   1          1          0          106        8.270388e-11   0          YES       6          124282            51                36650             6016              5920              
  iter  value          gnorm          cnorm          ecnorm         flowcnorm      flow_cfl       identity       icnorm         snorm          #linesear  iterPDAS   flagPDAS   iterGMRES  resiGMRES      flagGMRES  feasible   n_active_  n_vmult           dRdW_form         dRdW_mult         dRdX_mult         d2R_mult          
  13    2.075712e-02   7.156367e-08   1.223411e-12   1.223411e-12   3.415204e-16   4.091577e+23   1.000000e-04   0.000000e+00   8.763823e-05   1          1          0          101        7.123032e-11   0          YES       6          132886            54                39246             6432              6328              
Optimization Terminated with Status: Converged
The process took 122.288 seconds to run.
Total n_vmult for algorithm 132886
