Starting optimization with 20 control variables...

Primal Dual Active Set Method

 Full-Space Newton Method
  iter  value          gnorm          cnorm          ecnorm         flowcnorm      flow_cfl       identity       icnorm         snorm          #linesear  iterPDAS   flagPDAS   iterGMRES  resiGMRES      flagGMRES  feasible   n_active_  n_vmult           dRdW_form         dRdW_mult         dRdX_mult         d2R_mult          
  0     9.531779e-02   2.155096e-01   
  iter  value          gnorm          cnorm          ecnorm         flowcnorm      flow_cfl       identity       icnorm         snorm          #linesear  iterPDAS   flagPDAS   iterGMRES  resiGMRES      flagGMRES  feasible   n_active_  n_vmult           dRdW_form         dRdW_mult         dRdX_mult         d2R_mult          
  1     8.331107e-02   1.591780e+00   2.993808e-04   2.993808e-04   1.957612e-11   3.209153e+11   4.644440e+00   0.000000e+00   2.704437e+01   1          1          1          93         6.393401e-11   0          YES       1          7751              12                2191              384               376               
  iter  value          gnorm          cnorm          ecnorm         flowcnorm      flow_cfl       identity       icnorm         snorm          #linesear  iterPDAS   flagPDAS   iterGMRES  resiGMRES      flagGMRES  feasible   n_active_  n_vmult           dRdW_form         dRdW_mult         dRdX_mult         d2R_mult          
  2     8.343356e-02   2.192054e-01   5.962876e-04   1.398125e-05   6.076298e-14   7.507749e+14   2.533764e+02   5.823063e-04   2.547914e+01   1          1          1          96         9.425587e-11   0          NO        2          15431             15                4323              780               764               
  iter  value          gnorm          cnorm          ecnorm         flowcnorm      flow_cfl       identity       icnorm         snorm          #linesear  iterPDAS   flagPDAS   iterGMRES  resiGMRES      flagGMRES  feasible   n_active_  n_vmult           dRdW_form         dRdW_mult         dRdX_mult         d2R_mult          
  3     7.879653e-02   1.916538e-01   7.416267e-05   7.416267e-05   2.548708e-12   2.047211e+13   4.805100e+00   0.000000e+00   2.653782e+00   1          1          1          91         7.928393e-11   0          YES       1          22731             18                6355              1156              1132              
  iter  value          gnorm          cnorm          ecnorm         flowcnorm      flow_cfl       identity       icnorm         snorm          #linesear  iterPDAS   flagPDAS   iterGMRES  resiGMRES      flagGMRES  feasible   n_active_  n_vmult           dRdW_form         dRdW_mult         dRdX_mult         d2R_mult          
  4     7.645938e-02   8.478339e-02   3.714445e-05   3.714445e-05   1.102252e-12   1.070060e+14   3.673116e+00   0.000000e+00   2.495070e+00   1          1          0          75         6.583936e-11   0          YES       1          28808             21                8060              1468              1436              
  iter  value          gnorm          cnorm          ecnorm         flowcnorm      flow_cfl       identity       icnorm         snorm          #linesear  iterPDAS   flagPDAS   iterGMRES  resiGMRES      flagGMRES  feasible   n_active_  n_vmult           dRdW_form         dRdW_mult         dRdX_mult         d2R_mult          
  5     7.597819e-02   6.265364e-02   2.408364e-03   3.342965e-05   9.974282e-13   1.600192e+14   7.188223e-01   2.374934e-03   3.355284e-01   4          1          1          68         5.688658e-11   0          NO        2          34360             24                9632              1752              1712              
  iter  value          gnorm          cnorm          ecnorm         flowcnorm      flow_cfl       identity       icnorm         snorm          #linesear  iterPDAS   flagPDAS   iterGMRES  resiGMRES      flagGMRES  feasible   n_active_  n_vmult           dRdW_form         dRdW_mult         dRdX_mult         d2R_mult          
  6     7.442246e-02   3.748793e-02   3.680972e-03   4.048442e-05   1.291601e-12   2.065285e+14   3.925479e-01   3.640488e-03   2.208221e-01   2          1          1          70         9.274335e-11   0          NO        4          40064             27                11244             2044              1996              
  iter  value          gnorm          cnorm          ecnorm         flowcnorm      flow_cfl       identity       icnorm         snorm          #linesear  iterPDAS   flagPDAS   iterGMRES  resiGMRES      flagGMRES  feasible   n_active_  n_vmult           dRdW_form         dRdW_mult         dRdX_mult         d2R_mult          
  7     7.403970e-02   2.439690e-02   3.246526e-03   3.520726e-05   1.038106e-12   3.948423e+14   1.405345e-01   3.211319e-03   1.522097e-01   3          1          1          78         7.751764e-11   0          NO        5          46362             30                13002             2368              2312              
  iter  value          gnorm          cnorm          ecnorm         flowcnorm      flow_cfl       identity       icnorm         snorm          #linesear  iterPDAS   flagPDAS   iterGMRES  resiGMRES      flagGMRES  feasible   n_active_  n_vmult           dRdW_form         dRdW_mult         dRdX_mult         d2R_mult          
  8     7.380763e-02   1.769399e-02   2.436937e-03   2.844809e-05   8.160928e-13   6.925236e+14   5.952089e-02   2.408489e-03   8.759448e-02   3          1          1          87         8.222268e-11   0          NO        5          53365             33                14961             2728              2664              
  iter  value          gnorm          cnorm          ecnorm         flowcnorm      flow_cfl       identity       icnorm         snorm          #linesear  iterPDAS   flagPDAS   iterGMRES  resiGMRES      flagGMRES  feasible   n_active_  n_vmult           dRdW_form         dRdW_mult         dRdX_mult         d2R_mult          
  9     7.375204e-02   1.758260e-02   3.074722e-03   2.678593e-05   7.667940e-13   7.417169e+14   3.130774e-02   3.047936e-03   3.510232e-02   5          1          1          96         7.896579e-11   0          NO        7          61045             36                17093             3124              3052              
  iter  value          gnorm          cnorm          ecnorm         flowcnorm      flow_cfl       identity       icnorm         snorm          #linesear  iterPDAS   flagPDAS   iterGMRES  resiGMRES      flagGMRES  feasible   n_active_  n_vmult           dRdW_form         dRdW_mult         dRdX_mult         d2R_mult          
  10    7.375119e-02   5.188984e-03   2.716575e-03   1.348620e-05   4.185536e-13   4.604331e+15   3.091479e-02   2.703089e-03   1.120960e-01   2          1          1          98         9.381016e-11   0          NO        8          68870             39                19258             3528              3448              
  iter  value          gnorm          cnorm          ecnorm         flowcnorm      flow_cfl       identity       icnorm         snorm          #linesear  iterPDAS   flagPDAS   iterGMRES  resiGMRES      flagGMRES  feasible   n_active_  n_vmult           dRdW_form         dRdW_mult         dRdX_mult         d2R_mult          
  11    7.373007e-02   3.732235e-03   2.037522e-03   1.020556e-05   3.152362e-13   8.499531e+15   2.692556e-03   2.027317e-03   7.816554e-02   3          1          1          119        6.285178e-11   0          NO        8          78291             42                21843             4016              3928              
  iter  value          gnorm          cnorm          ecnorm         flowcnorm      flow_cfl       identity       icnorm         snorm          #linesear  iterPDAS   flagPDAS   iterGMRES  resiGMRES      flagGMRES  feasible   n_active_  n_vmult           dRdW_form         dRdW_mult         dRdX_mult         d2R_mult          
  12    7.372160e-02   6.092371e-03   4.676243e-03   9.581932e-06   2.956543e-13   5.551745e+15   1.392958e-03   4.666661e-03   3.260922e-02   5          1          1          122        6.633904e-11   0          NO        9          87947             45                24495             4516              4420              
  iter  value          gnorm          cnorm          ecnorm         flowcnorm      flow_cfl       identity       icnorm         snorm          #linesear  iterPDAS   flagPDAS   iterGMRES  resiGMRES      flagGMRES  feasible   n_active_  n_vmult           dRdW_form         dRdW_mult         dRdX_mult         d2R_mult          
  13    7.374592e-02   1.726062e-04   1.697549e-07   1.697549e-07   1.590495e-14   3.642598e+18   3.711698e-03   0.000000e+00   8.973787e-02   1          1          0          113        6.351576e-11   0          YES       7          96919             48                26967             4980              4876              
  iter  value          gnorm          cnorm          ecnorm         flowcnorm      flow_cfl       identity       icnorm         snorm          #linesear  iterPDAS   flagPDAS   iterGMRES  resiGMRES      flagGMRES  feasible   n_active_  n_vmult           dRdW_form         dRdW_mult         dRdX_mult         d2R_mult          
  14    7.373657e-02   4.750800e-02   4.749720e-02   1.584316e-07   1.490615e-14   1.412108e+16   1.000000e-04   4.749704e-02   8.375459e-02   5          1          1          119        9.663099e-11   0          NO        12         106347            51                29559             5468              5356              
  iter  value          gnorm          cnorm          ecnorm         flowcnorm      flow_cfl       identity       icnorm         snorm          #linesear  iterPDAS   flagPDAS   iterGMRES  resiGMRES      flagGMRES  feasible   n_active_  n_vmult           dRdW_form         dRdW_mult         dRdX_mult         d2R_mult          
  15    7.378398e-02   1.258297e-02   2.605299e-06   2.605299e-06   1.568554e-13   5.066610e+15   2.257010e-01   0.000000e+00   1.007078e-01   1          1          1          83         9.678593e-11   0          YES       8          113046            54                31438             5812              5692              
  iter  value          gnorm          cnorm          ecnorm         flowcnorm      flow_cfl       identity       icnorm         snorm          #linesear  iterPDAS   flagPDAS   iterGMRES  resiGMRES      flagGMRES  feasible   n_active_  n_vmult           dRdW_form         dRdW_mult         dRdX_mult         d2R_mult          
  16    7.374469e-02   3.347968e-04   2.102438e-06   2.102438e-06   1.269059e-13   2.353624e+17   1.583311e-02   0.000000e+00   7.250754e-02   1          1          0          91         6.372522e-11   0          YES       8          120353            57                33477             6188              6060              
  iter  value          gnorm          cnorm          ecnorm         flowcnorm      flow_cfl       identity       icnorm         snorm          #linesear  iterPDAS   flagPDAS   iterGMRES  resiGMRES      flagGMRES  feasible   n_active_  n_vmult           dRdW_form         dRdW_mult         dRdX_mult         d2R_mult          
  17    7.374652e-02   2.820626e-04   6.606655e-08   6.606655e-08   1.946511e-14   1.821368e+18   1.000000e-04   0.000000e+00   2.894141e-02   1          1          0          91         7.489832e-11   0          YES       8          127660            60                35516             6564              6428              
  iter  value          gnorm          cnorm          ecnorm         flowcnorm      flow_cfl       identity       icnorm         snorm          #linesear  iterPDAS   flagPDAS   iterGMRES  resiGMRES      flagGMRES  feasible   n_active_  n_vmult           dRdW_form         dRdW_mult         dRdX_mult         d2R_mult          
  18    7.374669e-02   2.842152e-08   2.366132e-11   2.366132e-11   1.160788e-15   3.031098e+23   1.000000e-04   0.000000e+00   1.087819e-03   1          1          0          89         9.718057e-11   0          YES       8          134808            63                37508             6932              6788              
Optimization Terminated with Status: Converged
The process took 61.8995 seconds to run.
Total n_vmult for algorithm 134808
