Starting optimization with 10 control variables...

Primal Dual Active Set Method

 Full-Space Newton Method
  iter  value          gnorm          cnorm          ecnorm         flowcnorm      flow_cfl       identity       icnorm         snorm          #linesear  iterPDAS   flagPDAS   iterGMRES  resiGMRES      flagGMRES  feasible   n_active_  n_vmult           dRdW_form         dRdW_mult         dRdX_mult         d2R_mult          
  0     4.035302e-02   1.399136e-01   
  iter  value          gnorm          cnorm          ecnorm         flowcnorm      flow_cfl       identity       icnorm         snorm          #linesear  iterPDAS   flagPDAS   iterGMRES  resiGMRES      flagGMRES  feasible   n_active_  n_vmult           dRdW_form         dRdW_mult         dRdX_mult         d2R_mult          
  1     2.635534e-02   8.716812e-02   1.321155e-03   1.321155e-03   9.996368e-09   1.147625e+10   1.957581e+00   0.000000e+00   2.442169e+01   1          1          0          132        6.913420e-11   0          YES       2          15574             23                3930              540               532               
  iter  value          gnorm          cnorm          ecnorm         flowcnorm      flow_cfl       identity       icnorm         snorm          #linesear  iterPDAS   flagPDAS   iterGMRES  resiGMRES      flagGMRES  feasible   n_active_  n_vmult           dRdW_form         dRdW_mult         dRdX_mult         d2R_mult          
  2     2.576677e-02   3.264121e-02   6.483502e-03   6.456731e-05   8.246555e-10   3.715021e+11   7.598281e-01   6.418935e-03   6.347665e+00   1          1          1          137        8.240999e-11   0          NO        4          27270             26                7302              1100              1084              
  iter  value          gnorm          cnorm          ecnorm         flowcnorm      flow_cfl       identity       icnorm         snorm          #linesear  iterPDAS   flagPDAS   iterGMRES  resiGMRES      flagGMRES  feasible   n_active_  n_vmult           dRdW_form         dRdW_mult         dRdX_mult         d2R_mult          
  3     2.401945e-02   1.580103e-02   1.049794e-02   5.481539e-05   8.588526e-11   7.368788e+12   1.065448e-01   1.044312e-02   2.446313e+00   1          1          1          145        8.067609e-11   0          NO        7          39588             29                10848             1692              1668              
  iter  value          gnorm          cnorm          ecnorm         flowcnorm      flow_cfl       identity       icnorm         snorm          #linesear  iterPDAS   flagPDAS   iterGMRES  resiGMRES      flagGMRES  feasible   n_active_  n_vmult           dRdW_form         dRdW_mult         dRdX_mult         d2R_mult          
  4     2.395821e-02   1.341180e-01   3.913454e-04   3.913454e-04   1.837035e-11   4.058780e+12   2.496725e-02   0.000000e+00   1.778628e+01   1          1          1          156        8.166448e-11   0          YES       5          52756             32                14628             2328              2296              
  iter  value          gnorm          cnorm          ecnorm         flowcnorm      flow_cfl       identity       icnorm         snorm          #linesear  iterPDAS   flagPDAS   iterGMRES  resiGMRES      flagGMRES  feasible   n_active_  n_vmult           dRdW_form         dRdW_mult         dRdX_mult         d2R_mult          
  5     2.424090e-02   3.094369e-02   2.401528e-03   2.850931e-04   1.247725e-11   2.590055e+13   1.798763e+00   2.116435e-03   1.204782e+01   1          1          1          145        8.046757e-11   0          NO        6          65081             35                18181             2920              2880              
  iter  value          gnorm          cnorm          ecnorm         flowcnorm      flow_cfl       identity       icnorm         snorm          #linesear  iterPDAS   flagPDAS   iterGMRES  resiGMRES      flagGMRES  feasible   n_active_  n_vmult           dRdW_form         dRdW_mult         dRdX_mult         d2R_mult          
  6     2.408012e-02   1.163530e-02   2.229938e-03   4.174198e-05   3.203261e-11   2.683058e+13   9.575120e-02   2.188196e-03   1.916241e+00   1          1          1          148        7.322937e-11   0          NO        7          77655             38                21815             3524              3476              
  iter  value          gnorm          cnorm          ecnorm         flowcnorm      flow_cfl       identity       icnorm         snorm          #linesear  iterPDAS   flagPDAS   iterGMRES  resiGMRES      flagGMRES  feasible   n_active_  n_vmult           dRdW_form         dRdW_mult         dRdX_mult         d2R_mult          
  7     2.379061e-02   1.416590e-02   4.115438e-05   4.115438e-05   3.093118e-11   2.282230e+13   1.353803e-02   0.000000e+00   1.443847e+00   1          1          1          143        9.631114e-11   0          YES       5          89856             41                25356             4108              4052              
  iter  value          gnorm          cnorm          ecnorm         flowcnorm      flow_cfl       identity       icnorm         snorm          #linesear  iterPDAS   flagPDAS   iterGMRES  resiGMRES      flagGMRES  feasible   n_active_  n_vmult           dRdW_form         dRdW_mult         dRdX_mult         d2R_mult          
  8     2.403511e-02   6.489894e-03   1.464711e-03   2.736699e-05   1.097708e-11   1.403704e+14   2.006726e-02   1.437344e-03   9.253031e-01   1          1          1          138        8.246738e-11   0          NO        7          101649            44                28769             4672              4608              
  iter  value          gnorm          cnorm          ecnorm         flowcnorm      flow_cfl       identity       icnorm         snorm          #linesear  iterPDAS   flagPDAS   iterGMRES  resiGMRES      flagGMRES  feasible   n_active_  n_vmult           dRdW_form         dRdW_mult         dRdX_mult         d2R_mult          
  9     2.383217e-02   5.131685e-03   1.249309e-05   1.249309e-05   5.688283e-12   3.425775e+14   4.211873e-03   0.000000e+00   4.673938e-01   1          1          0          142        9.426523e-11   0          YES       7          113746            47                32262             5252              5180              
  iter  value          gnorm          cnorm          ecnorm         flowcnorm      flow_cfl       identity       icnorm         snorm          #linesear  iterPDAS   flagPDAS   iterGMRES  resiGMRES      flagGMRES  feasible   n_active_  n_vmult           dRdW_form         dRdW_mult         dRdX_mult         d2R_mult          
  10    2.396078e-02   2.444782e-03   5.452372e-06   5.452372e-06   2.155660e-12   1.897490e+15   2.633419e-03   0.000000e+00   4.715027e-01   1          1          0          140        8.054391e-11   0          YES       7          125691            50                35715             5824              5744              
  iter  value          gnorm          cnorm          ecnorm         flowcnorm      flow_cfl       identity       icnorm         snorm          #linesear  iterPDAS   flagPDAS   iterGMRES  resiGMRES      flagGMRES  feasible   n_active_  n_vmult           dRdW_form         dRdW_mult         dRdX_mult         d2R_mult          
  11    2.388292e-02   1.534052e-03   1.350369e-06   1.350369e-06   9.831152e-13   6.630639e+15   5.976957e-04   0.000000e+00   2.231418e-01   1          1          0          138        8.818704e-11   0          YES       7          137484            53                39128             6388              6300              
  iter  value          gnorm          cnorm          ecnorm         flowcnorm      flow_cfl       identity       icnorm         snorm          #linesear  iterPDAS   flagPDAS   iterGMRES  resiGMRES      flagGMRES  feasible   n_active_  n_vmult           dRdW_form         dRdW_mult         dRdX_mult         d2R_mult          
  12    2.392570e-02   8.585260e-04   4.445475e-07   4.445475e-07   5.220519e-13   2.231171e+16   2.353316e-04   0.000000e+00   1.337697e-01   1          1          0          137        6.972536e-11   0          YES       7          149201            56                42521             6948              6852              
  iter  value          gnorm          cnorm          ecnorm         flowcnorm      flow_cfl       identity       icnorm         snorm          #linesear  iterPDAS   flagPDAS   iterGMRES  resiGMRES      flagGMRES  feasible   n_active_  n_vmult           dRdW_form         dRdW_mult         dRdX_mult         d2R_mult          
  13    2.390200e-02   5.298603e-04   1.528943e-07   1.528943e-07   3.079922e-13   6.127719e+16   1.000000e-04   0.000000e+00   8.151814e-02   1          1          0          135        7.194227e-11   0          YES       7          160773            59                45881             7500              7396              
  iter  value          gnorm          cnorm          ecnorm         flowcnorm      flow_cfl       identity       icnorm         snorm          #linesear  iterPDAS   flagPDAS   iterGMRES  resiGMRES      flagGMRES  feasible   n_active_  n_vmult           dRdW_form         dRdW_mult         dRdX_mult         d2R_mult          
  14    2.391526e-02   3.203258e-04   5.601404e-08   5.601404e-08   1.875973e-13   1.664108e+17   1.000000e-04   0.000000e+00   5.106568e-02   1          1          0          133        7.797747e-11   0          YES       7          172193            62                49201             8044              7932              
  iter  value          gnorm          cnorm          ecnorm         flowcnorm      flow_cfl       identity       icnorm         snorm          #linesear  iterPDAS   flagPDAS   iterGMRES  resiGMRES      flagGMRES  feasible   n_active_  n_vmult           dRdW_form         dRdW_mult         dRdX_mult         d2R_mult          
  15    2.390751e-02   2.018270e-04   2.131403e-08   2.131403e-08   1.173339e-13   4.222767e+17   1.000000e-04   0.000000e+00   3.217605e-02   1          1          0          131        9.252792e-11   0          YES       7          183468            65                52488             8580              8460              
  iter  value          gnorm          cnorm          ecnorm         flowcnorm      flow_cfl       identity       icnorm         snorm          #linesear  iterPDAS   flagPDAS   iterGMRES  resiGMRES      flagGMRES  feasible   n_active_  n_vmult           dRdW_form         dRdW_mult         dRdX_mult         d2R_mult          
  16    2.391214e-02   1.264893e-04   8.367311e-09   8.367311e-09   7.402298e-14   1.068020e+18   1.000000e-04   0.000000e+00   2.050245e-02   1          1          0          130        8.197619e-11   0          YES       7          194660            68                55748             9112              8984              
  iter  value          gnorm          cnorm          ecnorm         flowcnorm      flow_cfl       identity       icnorm         snorm          #linesear  iterPDAS   flagPDAS   iterGMRES  resiGMRES      flagGMRES  feasible   n_active_  n_vmult           dRdW_form         dRdW_mult         dRdX_mult         d2R_mult          
  17    2.390930e-02   8.066751e-05   3.337446e-09   3.337446e-09   4.713045e-14   2.630266e+18   1.000000e-04   0.000000e+00   1.309137e-02   1          1          0          129        7.362458e-11   0          YES       7          205769            71                58981             9640              9504              
  iter  value          gnorm          cnorm          ecnorm         flowcnorm      flow_cfl       identity       icnorm         snorm          #linesear  iterPDAS   flagPDAS   iterGMRES  resiGMRES      flagGMRES  feasible   n_active_  n_vmult           dRdW_form         dRdW_mult         dRdX_mult         d2R_mult          
  18    2.391107e-02   5.136797e-05   1.357686e-09   1.357686e-09   3.011068e-14   6.465275e+18   1.000000e-04   0.000000e+00   8.398068e-03   1          1          0          127        9.543788e-11   0          YES       7          216719            74                62167             10160             10016             
  iter  value          gnorm          cnorm          ecnorm         flowcnorm      flow_cfl       identity       icnorm         snorm          #linesear  iterPDAS   flagPDAS   iterGMRES  resiGMRES      flagGMRES  feasible   n_active_  n_vmult           dRdW_form         dRdW_mult         dRdX_mult         d2R_mult          
  19    2.390995e-02   3.295288e-05   5.516123e-10   5.516123e-10   1.930871e-14   1.571641e+19   1.000000e-04   0.000000e+00   5.391781e-03   1          1          0          126        8.662849e-11   0          YES       7          227600            77                65340             10676             10524             
  iter  value          gnorm          cnorm          ecnorm         flowcnorm      flow_cfl       identity       icnorm         snorm          #linesear  iterPDAS   flagPDAS   iterGMRES  resiGMRES      flagGMRES  feasible   n_active_  n_vmult           dRdW_form         dRdW_mult         dRdX_mult         d2R_mult          
  20    2.391066e-02   2.113015e-05   2.306606e-10   2.306606e-10   1.240019e-14   3.816532e+19   1.000000e-04   0.000000e+00   3.468436e-03   1          1          0          125        7.993083e-11   0          YES       7          238398            80                68486             11188             11028             
  iter  value          gnorm          cnorm          ecnorm         flowcnorm      flow_cfl       identity       icnorm         snorm          #linesear  iterPDAS   flagPDAS   iterGMRES  resiGMRES      flagGMRES  feasible   n_active_  n_vmult           dRdW_form         dRdW_mult         dRdX_mult         d2R_mult          
  21    2.391021e-02   1.359159e-05   9.359900e-11   9.359900e-11   7.977392e-15   9.222924e+19   1.000000e-04   0.000000e+00   2.231958e-03   1          1          0          124        7.604494e-11   0          YES       7          249127            83                71619             11696             11528             
  iter  value          gnorm          cnorm          ecnorm         flowcnorm      flow_cfl       identity       icnorm         snorm          #linesear  iterPDAS   flagPDAS   iterGMRES  resiGMRES      flagGMRES  feasible   n_active_  n_vmult           dRdW_form         dRdW_mult         dRdX_mult         d2R_mult          
  22    2.391050e-02   8.741423e-06   3.536530e-11   3.536530e-11   5.137324e-15   2.226798e+20   1.000000e-04   0.000000e+00   1.437467e-03   1          1          0          122        9.371133e-11   0          YES       7          259725            86                74733             12196             12020             
  iter  value          gnorm          cnorm          ecnorm         flowcnorm      flow_cfl       identity       icnorm         snorm          #linesear  iterPDAS   flagPDAS   iterGMRES  resiGMRES      flagGMRES  feasible   n_active_  n_vmult           dRdW_form         dRdW_mult         dRdX_mult         d2R_mult          
  23    2.391031e-02   5.629492e-06   1.533648e-11   1.533648e-11   3.314384e-15   5.359546e+20   1.000000e-04   0.000000e+00   9.259267e-04   1          1          0          121        8.250021e-11   0          YES       7          270226            89                77806             12692             12508             
  iter  value          gnorm          cnorm          ecnorm         flowcnorm      flow_cfl       identity       icnorm         snorm          #linesear  iterPDAS   flagPDAS   iterGMRES  resiGMRES      flagGMRES  feasible   n_active_  n_vmult           dRdW_form         dRdW_mult         dRdX_mult         d2R_mult          
  24    2.391043e-02   3.625261e-06   1.366391e-11   1.366391e-11   2.156644e-15   1.279035e+21   1.000000e-04   0.000000e+00   5.966311e-04   1          1          0          119        9.784533e-11   0          YES       7          280575            92                80839             13180             12988             
  iter  value          gnorm          cnorm          ecnorm         flowcnorm      flow_cfl       identity       icnorm         snorm          #linesear  iterPDAS   flagPDAS   iterGMRES  resiGMRES      flagGMRES  feasible   n_active_  n_vmult           dRdW_form         dRdW_mult         dRdX_mult         d2R_mult          
  25    2.391036e-02   2.335875e-06   5.280965e-12   5.280965e-12   1.407343e-15   3.041939e+21   1.000000e-04   0.000000e+00   3.844669e-04   1          1          0          117        9.652664e-11   0          YES       7          290765            95                83825             13660             13460             
  iter  value          gnorm          cnorm          ecnorm         flowcnorm      flow_cfl       identity       icnorm         snorm          #linesear  iterPDAS   flagPDAS   iterGMRES  resiGMRES      flagGMRES  feasible   n_active_  n_vmult           dRdW_form         dRdW_mult         dRdX_mult         d2R_mult          
  26    2.391041e-02   1.505063e-06   4.304285e-12   4.304285e-12   9.245422e-16   7.186517e+21   1.000000e-04   0.000000e+00   2.477819e-04   1          1          0          116        7.752976e-11   0          YES       7          300872            98                86784             14136             13928             
  iter  value          gnorm          cnorm          ecnorm         flowcnorm      flow_cfl       identity       icnorm         snorm          #linesear  iterPDAS   flagPDAS   iterGMRES  resiGMRES      flagGMRES  feasible   n_active_  n_vmult           dRdW_form         dRdW_mult         dRdX_mult         d2R_mult          
  27    2.391037e-02   9.699666e-07   6.848897e-12   6.848897e-12   6.441037e-16   1.600617e+22   1.000000e-04   0.000000e+00   1.596924e-04   1          1          0          114        8.149010e-11   0          YES       7          310841            101               89717             14604             14388             
  iter  value          gnorm          cnorm          ecnorm         flowcnorm      flow_cfl       identity       icnorm         snorm          #linesear  iterPDAS   flagPDAS   iterGMRES  resiGMRES      flagGMRES  feasible   n_active_  n_vmult           dRdW_form         dRdW_mult         dRdX_mult         d2R_mult          
  28    2.391039e-02   6.250877e-07   7.780979e-12   7.780979e-12   4.776435e-16   3.349309e+22   1.000000e-04   0.000000e+00   1.029230e-04   1          1          0          112        8.414294e-11   0          YES       7          320651            104               92603             15064             14840             
  iter  value          gnorm          cnorm          ecnorm         flowcnorm      flow_cfl       identity       icnorm         snorm          #linesear  iterPDAS   flagPDAS   iterGMRES  resiGMRES      flagGMRES  feasible   n_active_  n_vmult           dRdW_form         dRdW_mult         dRdX_mult         d2R_mult          
  29    2.391038e-02   4.028477e-07   6.193035e-12   6.193035e-12   3.564732e-16   6.963575e+22   1.000000e-04   0.000000e+00   6.632875e-05   1          1          0          109        8.494558e-11   0          YES       7          330240            107               95436             15512             15280             
  iter  value          gnorm          cnorm          ecnorm         flowcnorm      flow_cfl       identity       icnorm         snorm          #linesear  iterPDAS   flagPDAS   iterGMRES  resiGMRES      flagGMRES  feasible   n_active_  n_vmult           dRdW_form         dRdW_mult         dRdX_mult         d2R_mult          
  30    2.391039e-02   2.596049e-07   9.847863e-12   9.847863e-12   3.224244e-16   1.194701e+23   1.000000e-04   0.000000e+00   4.274553e-05   1          1          0          107        9.390126e-11   0          YES       7          339670            110               98222             15952             15712             
  iter  value          gnorm          cnorm          ecnorm         flowcnorm      flow_cfl       identity       icnorm         snorm          #linesear  iterPDAS   flagPDAS   iterGMRES  resiGMRES      flagGMRES  feasible   n_active_  n_vmult           dRdW_form         dRdW_mult         dRdX_mult         d2R_mult          
  31    2.391038e-02   1.673054e-07   6.961463e-12   6.961463e-12   3.303783e-16   1.809166e+23   1.000000e-04   0.000000e+00   2.755021e-05   1          1          0          106        8.761100e-11   0          YES       7          349031            113               100995            16388             16140             
  iter  value          gnorm          cnorm          ecnorm         flowcnorm      flow_cfl       identity       icnorm         snorm          #linesear  iterPDAS   flagPDAS   iterGMRES  resiGMRES      flagGMRES  feasible   n_active_  n_vmult           dRdW_form         dRdW_mult         dRdX_mult         d2R_mult          
  32    2.391039e-02   1.078315e-07   9.799279e-12   9.799279e-12   3.643612e-16   2.545201e+23   1.000000e-04   0.000000e+00   1.775810e-05   1          1          0          104        9.396650e-11   0          YES       7          358233            116               103721            16816             16560             
  iter  value          gnorm          cnorm          ecnorm         flowcnorm      flow_cfl       identity       icnorm         snorm          #linesear  iterPDAS   flagPDAS   iterGMRES  resiGMRES      flagGMRES  feasible   n_active_  n_vmult           dRdW_form         dRdW_mult         dRdX_mult         d2R_mult          
  33    2.391039e-02   6.950202e-08   7.404595e-12   7.404595e-12   3.297445e-16   4.363399e+23   1.000000e-04   0.000000e+00   1.144698e-05   1          1          0          103        7.967758e-11   0          YES       7          367366            119               106434            17240             16976             
Optimization Terminated with Status: Converged
The process took 1025.26 seconds to run.
Total n_vmult for algorithm 367366
