Starting optimization with 10...

Primal Dual Active Set Method

 Reduced-Space  Quasi-Newton
  iter  value          gnorm          cnorm          ecnorm         flowcnorm      identity       icnorm         snorm          #linesear  iterPDAS   flagPDAS   iterGMRES  resiGMRES      flagGMRES  feasible   n_active_  n_vmult           dRdW_form         dRdW_mult         dRdX_mult         d2R_mult          
  0     3.709617e-02   1.543791e-01   
  iter  value          gnorm          cnorm          ecnorm         flowcnorm      identity       icnorm         snorm          #linesear  iterPDAS   flagPDAS   iterGMRES  resiGMRES      flagGMRES  feasible   n_active_  n_vmult           dRdW_form         dRdW_mult         dRdX_mult         d2R_mult          
  1     3.084736e-02   9.233829e-01   4.549003e-03   4.549003e-03   5.541791e-15   2.383291e+00   0.000000e+00   1.701201e+00   4          1          1          13         8.561275e-16   0          YES       0          11799             83                4375              112               0                 
  iter  value          gnorm          cnorm          ecnorm         flowcnorm      identity       icnorm         snorm          #linesear  iterPDAS   flagPDAS   iterGMRES  resiGMRES      flagGMRES  feasible   n_active_  n_vmult           dRdW_form         dRdW_mult         dRdX_mult         d2R_mult          
  2     2.843186e-02   3.975172e-01   1.542921e-02   2.892763e-03   3.584968e-15   8.526360e+01   1.253645e-02   1.711666e+00   1          1          1          12         1.781387e-14   0          NO        2          15315             93                6356              217               0                 
  iter  value          gnorm          cnorm          ecnorm         flowcnorm      identity       icnorm         snorm          #linesear  iterPDAS   flagPDAS   iterGMRES  resiGMRES      flagGMRES  feasible   n_active_  n_vmult           dRdW_form         dRdW_mult         dRdX_mult         d2R_mult          
  3     2.573909e-02   1.628520e-01   2.872131e-03   2.872131e-03   7.955570e-16   1.580199e+01   0.000000e+00   1.340567e+00   1          1          0          16         4.011558e-15   0          YES       2          19055             103               8393              346               0                 
  iter  value          gnorm          cnorm          ecnorm         flowcnorm      identity       icnorm         snorm          #linesear  iterPDAS   flagPDAS   iterGMRES  resiGMRES      flagGMRES  feasible   n_active_  n_vmult           dRdW_form         dRdW_mult         dRdX_mult         d2R_mult          
  4     2.463427e-02   1.128121e-01   6.181895e-03   6.181895e-03   3.242840e-16   2.652077e+00   0.000000e+00   4.265043e-01   3          1          0          17         7.218698e-15   0          YES       2          25082             131               11235             481               0                 
  iter  value          gnorm          cnorm          ecnorm         flowcnorm      identity       icnorm         snorm          #linesear  iterPDAS   flagPDAS   iterGMRES  resiGMRES      flagGMRES  feasible   n_active_  n_vmult           dRdW_form         dRdW_mult         dRdX_mult         d2R_mult          
  5     2.290010e-02   1.030077e-01   3.468023e-03   3.468023e-03   1.211064e-16   1.272656e+00   0.000000e+00   3.659901e-01   1          1          0          17         3.668173e-11   0          YES       2          28885             141               13293             616               0                 
  iter  value          gnorm          cnorm          ecnorm         flowcnorm      identity       icnorm         snorm          #linesear  iterPDAS   flagPDAS   iterGMRES  resiGMRES      flagGMRES  feasible   n_active_  n_vmult           dRdW_form         dRdW_mult         dRdX_mult         d2R_mult          
  6     2.208913e-02   6.792566e-02   1.110429e-03   1.110429e-03   1.129873e-16   1.061058e+00   0.000000e+00   3.222076e-02   1          1          0          18         1.177802e-13   0          YES       2          32716             151               15337             757               0                 
  iter  value          gnorm          cnorm          ecnorm         flowcnorm      identity       icnorm         snorm          #linesear  iterPDAS   flagPDAS   iterGMRES  resiGMRES      flagGMRES  feasible   n_active_  n_vmult           dRdW_form         dRdW_mult         dRdX_mult         d2R_mult          
  7     2.197156e-02   6.723594e-02   1.159191e-03   1.159191e-03   1.039428e-16   4.613895e-01   0.000000e+00   3.716910e-02   4          1          1          18         2.079730e-13   0          YES       2          39778             188               18452             898               0                 
  iter  value          gnorm          cnorm          ecnorm         flowcnorm      identity       icnorm         snorm          #linesear  iterPDAS   flagPDAS   iterGMRES  resiGMRES      flagGMRES  feasible   n_active_  n_vmult           dRdW_form         dRdW_mult         dRdX_mult         d2R_mult          
  8     2.166634e-02   3.990369e-02   5.026680e-03   8.999622e-04   1.007160e-16   4.520672e-01   4.126718e-03   1.124138e-01   3          1          1          18         9.637391e-12   0          NO        4          46847             225               21574             1039              0                 
  iter  value          gnorm          cnorm          ecnorm         flowcnorm      identity       icnorm         snorm          #linesear  iterPDAS   flagPDAS   iterGMRES  resiGMRES      flagGMRES  feasible   n_active_  n_vmult           dRdW_form         dRdW_mult         dRdX_mult         d2R_mult          
  9     2.141825e-02   2.168736e-02   2.516932e-04   2.516932e-04   1.043422e-16   1.592304e-01   0.000000e+00   1.381818e-01   1          1          0          21         7.927453e-17   0          YES       4          50797             235               23611             1198              0                 
  iter  value          gnorm          cnorm          ecnorm         flowcnorm      identity       icnorm         snorm          #linesear  iterPDAS   flagPDAS   iterGMRES  resiGMRES      flagGMRES  feasible   n_active_  n_vmult           dRdW_form         dRdW_mult         dRdX_mult         d2R_mult          
  10    2.116149e-02   1.988361e-02   1.990235e-04   1.990235e-04   1.189468e-16   4.703415e-02   0.000000e+00   4.533503e-02   1          1          0          21         4.265629e-17   0          YES       4          54782             245               25683             1357              0                 
  iter  value          gnorm          cnorm          ecnorm         flowcnorm      identity       icnorm         snorm          #linesear  iterPDAS   flagPDAS   iterGMRES  resiGMRES      flagGMRES  feasible   n_active_  n_vmult           dRdW_form         dRdW_mult         dRdX_mult         d2R_mult          
  11    2.094583e-02   3.956855e-02   2.581510e-04   2.581510e-04   1.131347e-16   3.953580e-02   0.000000e+00   1.978533e-01   3          1          1          21         4.065978e-17   0          YES       3          61299             273               28847             1516              0                 
  iter  value          gnorm          cnorm          ecnorm         flowcnorm      identity       icnorm         snorm          #linesear  iterPDAS   flagPDAS   iterGMRES  resiGMRES      flagGMRES  feasible   n_active_  n_vmult           dRdW_form         dRdW_mult         dRdX_mult         d2R_mult          
  12    2.089780e-02   2.302551e-02   2.629164e-04   2.629164e-04   9.877661e-17   1.565670e-01   0.000000e+00   6.218223e-02   4          1          1          20         2.517480e-16   0          YES       3          68690             310               32207             1669              0                 
  iter  value          gnorm          cnorm          ecnorm         flowcnorm      identity       icnorm         snorm          #linesear  iterPDAS   flagPDAS   iterGMRES  resiGMRES      flagGMRES  feasible   n_active_  n_vmult           dRdW_form         dRdW_mult         dRdX_mult         d2R_mult          
  13    2.089780e-02   2.302551e-02   2.629164e-04   2.629164e-04   1.017893e-16   5.301742e-02   0.000000e+00   1.000000e+99   5          1          1          20         1.278513e-16   0          YES       3          78263             365               36309             1822              0                 
  iter  value          gnorm          cnorm          ecnorm         flowcnorm      identity       icnorm         snorm          #linesear  iterPDAS   flagPDAS   iterGMRES  resiGMRES      flagGMRES  feasible   n_active_  n_vmult           dRdW_form         dRdW_mult         dRdX_mult         d2R_mult          
  14    2.087887e-02   1.784253e-02   3.418726e-04   2.448201e-04   1.032502e-16   5.301742e-01   9.705251e-05   2.078597e-02   4          1          1          20         1.120029e-16   0          NO        4          86668             411               39963             1975              0                 
  iter  value          gnorm          cnorm          ecnorm         flowcnorm      identity       icnorm         snorm          #linesear  iterPDAS   flagPDAS   iterGMRES  resiGMRES      flagGMRES  feasible   n_active_  n_vmult           dRdW_form         dRdW_mult         dRdX_mult         d2R_mult          
  15    2.087887e-02   1.784253e-02   3.418726e-04   2.448201e-04   1.105516e-16   3.183559e-02   9.705251e-05   1.000000e+99   5          1          1          21         2.615596e-17   0          NO        4          96206             466               43988             2134              0                 
  iter  value          gnorm          cnorm          ecnorm         flowcnorm      identity       icnorm         snorm          #linesear  iterPDAS   flagPDAS   iterGMRES  resiGMRES      flagGMRES  feasible   n_active_  n_vmult           dRdW_form         dRdW_mult         dRdX_mult         d2R_mult          
  16    2.079585e-02   7.847835e-03   2.516953e-03   4.811669e-04   1.025525e-16   3.183559e-01   2.035786e-03   2.865162e-02   5          1          1          21         1.400362e-16   0          NO        5          105786            521               48055             2293              0                 
  iter  value          gnorm          cnorm          ecnorm         flowcnorm      identity       icnorm         snorm          #linesear  iterPDAS   flagPDAS   iterGMRES  resiGMRES      flagGMRES  feasible   n_active_  n_vmult           dRdW_form         dRdW_mult         dRdX_mult         d2R_mult          
  17    2.081757e-02   1.199628e-02   5.329546e-04   5.329546e-04   1.080686e-16   6.158852e-03   0.000000e+00   1.492495e-01   1          1          0          22         3.822907e-17   0          YES       5          109876            531               50190             2458              0                 
  iter  value          gnorm          cnorm          ecnorm         flowcnorm      identity       icnorm         snorm          #linesear  iterPDAS   flagPDAS   iterGMRES  resiGMRES      flagGMRES  feasible   n_active_  n_vmult           dRdW_form         dRdW_mult         dRdX_mult         d2R_mult          
  18    2.080262e-02   8.305973e-03   3.562820e-04   3.562820e-04   1.030300e-16   1.439107e-02   0.000000e+00   7.265476e-02   2          1          1          22         1.172380e-17   0          YES       5          115099            550               52738             2623              0                 
  iter  value          gnorm          cnorm          ecnorm         flowcnorm      identity       icnorm         snorm          #linesear  iterPDAS   flagPDAS   iterGMRES  resiGMRES      flagGMRES  feasible   n_active_  n_vmult           dRdW_form         dRdW_mult         dRdX_mult         d2R_mult          
  19    2.079328e-02   5.983235e-03   7.614496e-04   3.501633e-04   1.083113e-16   6.898919e-03   4.112863e-04   9.466933e-03   4          1          1          22         2.618279e-17   0          NO        6          123588            596               56392             2788              0                 
  iter  value          gnorm          cnorm          ecnorm         flowcnorm      identity       icnorm         snorm          #linesear  iterPDAS   flagPDAS   iterGMRES  resiGMRES      flagGMRES  feasible   n_active_  n_vmult           dRdW_form         dRdW_mult         dRdX_mult         d2R_mult          
  20    2.080659e-02   1.782143e-03   7.014636e-05   7.014636e-05   1.279250e-16   3.579910e-03   0.000000e+00   1.364074e-02   1          1          0          23         3.738948e-17   0          YES       6          127755            606               58562             2959              0                 
  iter  value          gnorm          cnorm          ecnorm         flowcnorm      identity       icnorm         snorm          #linesear  iterPDAS   flagPDAS   iterGMRES  resiGMRES      flagGMRES  feasible   n_active_  n_vmult           dRdW_form         dRdW_mult         dRdX_mult         d2R_mult          
  21    2.081003e-02   3.641320e-04   7.120282e-06   7.120282e-06   1.149002e-16   3.176033e-04   0.000000e+00   4.998156e-03   1          1          0          23         1.666259e-18   0          YES       6          131887            616               60697             3130              0                 
  iter  value          gnorm          cnorm          ecnorm         flowcnorm      identity       icnorm         snorm          #linesear  iterPDAS   flagPDAS   iterGMRES  resiGMRES      flagGMRES  feasible   n_active_  n_vmult           dRdW_form         dRdW_mult         dRdX_mult         d2R_mult          
  22    2.081015e-02   3.999270e-05   4.528752e-07   4.528752e-07   1.042286e-16   1.000000e-04   0.000000e+00   4.637327e-04   1          1          0          23         5.373131e-19   0          YES       6          136019            626               62832             3301              0                 
  iter  value          gnorm          cnorm          ecnorm         flowcnorm      identity       icnorm         snorm          #linesear  iterPDAS   flagPDAS   iterGMRES  resiGMRES      flagGMRES  feasible   n_active_  n_vmult           dRdW_form         dRdW_mult         dRdX_mult         d2R_mult          
  23    2.081012e-02   2.413794e-05   4.327553e-07   4.327553e-07   1.063984e-16   1.000000e-04   0.000000e+00   2.727762e-05   2          1          0          23         1.222228e-19   0          YES       6          141193            645               65289             3472              0                 
  iter  value          gnorm          cnorm          ecnorm         flowcnorm      identity       icnorm         snorm          #linesear  iterPDAS   flagPDAS   iterGMRES  resiGMRES      flagGMRES  feasible   n_active_  n_vmult           dRdW_form         dRdW_mult         dRdX_mult         d2R_mult          
  24    2.081011e-02   1.214752e-05   4.999998e-07   4.999998e-07   1.042206e-16   1.000000e-04   0.000000e+00   1.000672e-05   2          1          0          23         5.809770e-20   0          YES       6          146381            664               67760             3643              0                 
  iter  value          gnorm          cnorm          ecnorm         flowcnorm      identity       icnorm         snorm          #linesear  iterPDAS   flagPDAS   iterGMRES  resiGMRES      flagGMRES  feasible   n_active_  n_vmult           dRdW_form         dRdW_mult         dRdX_mult         d2R_mult          
  25    2.081009e-02   4.270233e-07   3.201160e-07   3.201160e-07   1.076091e-16   1.000000e-04   0.000000e+00   3.791167e-06   1          1          0          23         1.766481e-20   0          YES       6          150485            674               69867             3814              0                 
  iter  value          gnorm          cnorm          ecnorm         flowcnorm      identity       icnorm         snorm          #linesear  iterPDAS   flagPDAS   iterGMRES  resiGMRES      flagGMRES  feasible   n_active_  n_vmult           dRdW_form         dRdW_mult         dRdX_mult         d2R_mult          
  26    2.081010e-02   7.963943e-08   9.743574e-09   9.743574e-09   1.114008e-16   1.000000e-04   0.000000e+00   1.200526e-06   1          1          0          23         1.854642e-21   0          YES       6          154568            684               71953             3985              0                 
Optimization Terminated with Status: Converged
The process took 500.291 seconds to run.
Total n_vmult for algorithm 154568
